PRT1
16
24
4 0 2 (1987 1024 739 ) (1024 1024 739 ) (1024 1024 -180 ) (1987 1024 -180 ) 
4 0 1 (1024 1024 -180 ) (1024 1024 739 ) (1024 1784 739 ) (1024 1784 -180 ) 
4 1 4 (0 1024 -180 ) (0 1024 739 ) (0 1784 739 ) (0 1784 -180 ) 
4 1 3 (1024 1024 -180 ) (1024 1024 739 ) (0 1024 739 ) (0 1024 -180 ) 
4 2 8 (1987 0 739 ) (1024 0 739 ) (1024 0 -180 ) (1987 0 -180 ) 
4 2 3 (1024 1024 739 ) (1024 1024 -180 ) (1024 0 -180 ) (1024 0 739 ) 
4 3 9 (1024 0 -180 ) (1024 0 739 ) (0 0 739 ) (0 0 -180 ) 
4 3 5 (0 0 -180 ) (0 0 739 ) (0 1024 739 ) (0 1024 -180 ) 
4 4 6 (-1024 1024 -180 ) (-1024 1024 739 ) (-1024 1784 739 ) (-1024 1784 -180 ) 
4 4 5 (0 1024 -180 ) (0 1024 739 ) (-1024 1024 739 ) (-1024 1024 -180 ) 
4 5 12 (0 0 -180 ) (0 0 739 ) (-1024 0 739 ) (-1024 0 -180 ) 
4 5 7 (-1024 0 -180 ) (-1024 0 739 ) (-1024 1024 739 ) (-1024 1024 -180 ) 
4 6 7 (-1024 1024 -180 ) (-1024 1024 739 ) (-1030 1024 739 ) (-1030 1024 -180 ) 
4 7 13 (-1024 0 -180 ) (-1024 0 739 ) (-1030 0 739 ) (-1030 0 -180 ) 
4 8 10 (1987 -1024 739 ) (1024 -1024 739 ) (1024 -1024 -180 ) (1987 -1024 -180 ) 
4 8 9 (1024 -1024 -180 ) (1024 -1024 739 ) (1024 0 739 ) (1024 0 -180 ) 
4 9 12 (0 0 739 ) (0 0 -180 ) (0 -1024 -180 ) (0 -1024 739 ) 
4 9 11 (1024 -1024 -180 ) (1024 -1024 739 ) (0 -1024 739 ) (0 -1024 -180 ) 
4 10 11 (1024 -1024 739 ) (1024 -1024 -180 ) (1024 -1680 -180 ) (1024 -1680 739 ) 
4 11 14 (0 -1680 739 ) (0 -1024 739 ) (0 -1024 -180 ) (0 -1680 -180 ) 
4 12 14 (0 -1024 -180 ) (0 -1024 739 ) (-1024 -1024 739 ) (-1024 -1024 -180 ) 
4 12 13 (-1024 0 739 ) (-1024 0 -180 ) (-1024 -1024 -180 ) (-1024 -1024 739 ) 
4 13 15 (-1024 -1024 -180 ) (-1024 -1024 739 ) (-1030 -1024 739 ) (-1030 -1024 -180 ) 
4 14 15 (-1024 -1024 739 ) (-1024 -1024 -180 ) (-1024 -1680 -180 ) (-1024 -1680 739 ) 
