


materialPath: c:\program files\steam\steamapps\dimas_dsf\half-life 2 episode one\episodic\materials
Loading c:\program files\steam\steamapps\dimas_dsf\sourcesdk_content\hl2\mapsrc\alley_of_horror_2.vmf
Could not locate 'GameData' key in c:\program files\steam\steamapps\dimas_dsf\half-life 2 episode one\episodic\gameinfo.txt
fixing up env_cubemap materials on brush sides...
0...1...2...3...4...5...6...7...8...9...100...1...2...3...4...5...6...7...8...9...10Processing areas...done (0)
Building Faces...done (0)
FixTjuncs...
PruneNodes...
WriteBSP...
done (0)
writing c:\program files\steam\steamapps\dimas_dsf\sourcesdk_content\hl2\mapsrc\alley_of_horror_2.prt...Building visibility clusters...
done (0)
Creating default LDR cubemaps for env_cubemap using skybox materials:
   skybox/sky_day01_01*.vmt
 ! Run buildcubemaps in the engine to get the correct cube maps.
Creating default HDR cubemaps for env_cubemap using skybox materials:
   skybox/sky_day01_01*.vmt
 ! Run buildcubemaps in the engine to get the correct cube maps.
Finding displacement neighbors...
Finding lightmap sample positions...
Displacement Alpha : 0...1...2...3...4...5...6...7...8...9...10
Building Physics collision data...
done (0) (7480 bytes)
Placing detail props : 0...1...2...3...4...5...6...7...8...9...10
Compacting texture/material tables...
Reduced 18 texinfos to 13
Reduced 5 texdatas to 5 (127 bytes to 127)
Writing c:\program files\steam\steamapps\dimas_dsf\sourcesdk_content\hl2\mapsrc\alley_of_horror_2.bsp
0 seconds elapsed



2 threads
reading c:\program files\steam\steamapps\dimas_dsf\sourcesdk_content\hl2\mapsrc\alley_of_horror_2.bsp
reading c:\program files\steam\steamapps\dimas_dsf\sourcesdk_content\hl2\mapsrc\alley_of_horror_2.prt
  93 portalclusters
 194 numportals
0...1...2...3...4...5...6...7...8...9...100...1...2...3...4...5...6...7...8...9...10Optimized: 0 visible clusters (0.00%)
Total clusters visible: 8333
Average clusters visible: 89
Building PAS...
Average clusters audible: 93
visdatasize:2978  compressed from 2976
writing c:\program files\steam\steamapps\dimas_dsf\sourcesdk_content\hl2\mapsrc\alley_of_horror_2.bsp
0 seconds elapsed



materialPath: c:\program files\steam\steamapps\dimas_dsf\half-life 2 episode one\episodic\materials
Loading c:\program files\steam\steamapps\dimas_dsf\sourcesdk_content\hl2\mapsrc\alley_of_horror_2.vmf
Could not locate 'GameData' key in c:\program files\steam\steamapps\dimas_dsf\half-life 2 episode one\episodic\gameinfo.txt
fixing up env_cubemap materials on brush sides...
0...1...2...3...4...5...6...7...8...9...100...1...2...3...4...5...6...7...8...9...10Processing areas...done (0)
Building Faces...done (0)
FixTjuncs...
PruneNodes...
WriteBSP...
done (0)
writing c:\program files\steam\steamapps\dimas_dsf\sourcesdk_content\hl2\mapsrc\alley_of_horror_2.prt...Building visibility clusters...
done (0)
Creating default LDR cubemaps for env_cubemap using skybox materials:
   skybox/sky_day01_01*.vmt
 ! Run buildcubemaps in the engine to get the correct cube maps.
Creating default HDR cubemaps for env_cubemap using skybox materials:
   skybox/sky_day01_01*.vmt
 ! Run buildcubemaps in the engine to get the correct cube maps.
Finding displacement neighbors...
Finding lightmap sample positions...
Displacement Alpha : 0...1...2...3...4...5...6...7...8...9...10
Building Physics collision data...
done (0) (9692 bytes)
Placing detail props : 0...1...2...3...4...5...6...7...8...9...10
Compacting texture/material tables...
Reduced 33 texinfos to 25
Reduced 6 texdatas to 6 (146 bytes to 146)
Writing c:\program files\steam\steamapps\dimas_dsf\sourcesdk_content\hl2\mapsrc\alley_of_horror_2.bsp
1 second elapsed



2 threads
reading c:\program files\steam\steamapps\dimas_dsf\sourcesdk_content\hl2\mapsrc\alley_of_horror_2.bsp
reading c:\program files\steam\steamapps\dimas_dsf\sourcesdk_content\hl2\mapsrc\alley_of_horror_2.prt
  93 portalclusters
 187 numportals
0...1...2...3...4...5...6...7...8...9...100...1...2...3...4...5...6...7...8...9...10Optimized: 0 visible clusters (0.00%)
Total clusters visible: 8405
Average clusters visible: 90
Building PAS...
Average clusters audible: 93
visdatasize:2978  compressed from 2976
writing c:\program files\steam\steamapps\dimas_dsf\sourcesdk_content\hl2\mapsrc\alley_of_horror_2.bsp
0 seconds elapsed



materialPath: c:\program files\steam\steamapps\dimas_dsf\half-life 2 episode one\episodic\materials
Loading c:\program files\steam\steamapps\dimas_dsf\sourcesdk_content\hl2\mapsrc\alley_of_horror_2.vmf
Could not locate 'GameData' key in c:\program files\steam\steamapps\dimas_dsf\half-life 2 episode one\episodic\gameinfo.txt
fixing up env_cubemap materials on brush sides...
0...1...2...3...4...5...6...7...8...9...100...1...2...3...4...5...6...7...8...9...10Processing areas...done (0)
Building Faces...done (0)
FixTjuncs...
PruneNodes...
WriteBSP...
done (0)
writing c:\program files\steam\steamapps\dimas_dsf\sourcesdk_content\hl2\mapsrc\alley_of_horror_2.prt...Building visibility clusters...
done (0)
Creating default LDR cubemaps for env_cubemap using skybox materials:
   skybox/sky_day01_01*.vmt
 ! Run buildcubemaps in the engine to get the correct cube maps.
Creating default HDR cubemaps for env_cubemap using skybox materials:
   skybox/sky_day01_01*.vmt
 ! Run buildcubemaps in the engine to get the correct cube maps.
Finding displacement neighbors...
Finding lightmap sample positions...
Displacement Alpha : 0...1...2...3...4...5...6...7...8...9...10
Building Physics collision data...
done (0) (9692 bytes)
Placing detail props : 0...1...2...3...4...5...6...7...8...9...10
Compacting texture/material tables...
Reduced 33 texinfos to 25
Reduced 6 texdatas to 6 (146 bytes to 146)
Writing c:\program files\steam\steamapps\dimas_dsf\sourcesdk_content\hl2\mapsrc\alley_of_horror_2.bsp
0 seconds elapsed



2 threads
reading c:\program files\steam\steamapps\dimas_dsf\sourcesdk_content\hl2\mapsrc\alley_of_horror_2.bsp
reading c:\program files\steam\steamapps\dimas_dsf\sourcesdk_content\hl2\mapsrc\alley_of_horror_2.prt
  93 portalclusters
 187 numportals
0...1...2...3...4...5...6...7...8...9...100...1...2...3...4...5...6...7...8...9...10Optimized: 0 visible clusters (0.00%)
Total clusters visible: 8405
Average clusters visible: 90
Building PAS...
Average clusters audible: 93
visdatasize:2978  compressed from 2976
writing c:\program files\steam\steamapps\dimas_dsf\sourcesdk_content\hl2\mapsrc\alley_of_horror_2.bsp
0 seconds elapsed



materialPath: c:\program files\steam\steamapps\dimas_dsf\half-life 2 episode one\episodic\materials
Loading c:\program files\steam\steamapps\dimas_dsf\sourcesdk_content\hl2\mapsrc\alley_of_horror_2.vmf
Could not locate 'GameData' key in c:\program files\steam\steamapps\dimas_dsf\half-life 2 episode one\episodic\gameinfo.txt
fixing up env_cubemap materials on brush sides...
0...1...2...3...4...5...6...7...8...9...100...1...2...3...4...5...6...7...8...9...10Processing areas...done (0)
Building Faces...done (0)
FixTjuncs...
PruneNodes...
WriteBSP...
done (0)
writing c:\program files\steam\steamapps\dimas_dsf\sourcesdk_content\hl2\mapsrc\alley_of_horror_2.prt...Building visibility clusters...
done (0)
Creating default LDR cubemaps for env_cubemap using skybox materials:
   skybox/sky_day01_01*.vmt
 ! Run buildcubemaps in the engine to get the correct cube maps.
Creating default HDR cubemaps for env_cubemap using skybox materials:
   skybox/sky_day01_01*.vmt
 ! Run buildcubemaps in the engine to get the correct cube maps.
Finding displacement neighbors...
Finding lightmap sample positions...
Displacement Alpha : 0...1...2...3...4...5...6...7...8...9...10
Building Physics collision data...
done (0) (9692 bytes)
Placing detail props : 0...1...2...3...4...5...6...7...8...9...10
Compacting texture/material tables...
Reduced 33 texinfos to 25
Reduced 6 texdatas to 6 (146 bytes to 146)
Writing c:\program files\steam\steamapps\dimas_dsf\sourcesdk_content\hl2\mapsrc\alley_of_horror_2.bsp
0 seconds elapsed



2 threads
reading c:\program files\steam\steamapps\dimas_dsf\sourcesdk_content\hl2\mapsrc\alley_of_horror_2.bsp
reading c:\program files\steam\steamapps\dimas_dsf\sourcesdk_content\hl2\mapsrc\alley_of_horror_2.prt
  93 portalclusters
 187 numportals
0...1...2...3...4...5...6...7...8...9...100...1...2...3...4...5...6...7...8...9...10Optimized: 0 visible clusters (0.00%)
Total clusters visible: 8405
Average clusters visible: 90
Building PAS...
Average clusters audible: 93
visdatasize:2978  compressed from 2976
writing c:\program files\steam\steamapps\dimas_dsf\sourcesdk_content\hl2\mapsrc\alley_of_horror_2.bsp
0 seconds elapsed



materialPath: c:\program files\steam\steamapps\dimas_dsf\half-life 2 episode one\episodic\materials
Loading c:\program files\steam\steamapps\dimas_dsf\sourcesdk_content\hl2\mapsrc\alley_of_horror_2.vmf
Could not locate 'GameData' key in c:\program files\steam\steamapps\dimas_dsf\half-life 2 episode one\episodic\gameinfo.txt
fixing up env_cubemap materials on brush sides...
0...1...2...3...4...5...6...7...8...9...100...1...2...3...4...5...6...7...8...9...10Processing areas...done (0)
Building Faces...done (0)
FixTjuncs...
PruneNodes...
WriteBSP...
done (0)
writing c:\program files\steam\steamapps\dimas_dsf\sourcesdk_content\hl2\mapsrc\alley_of_horror_2.prt...Building visibility clusters...
done (0)
Creating default LDR cubemaps for env_cubemap using skybox materials:
   skybox/sky_day01_01*.vmt
 ! Run buildcubemaps in the engine to get the correct cube maps.
Creating default HDR cubemaps for env_cubemap using skybox materials:
   skybox/sky_day01_01*.vmt
 ! Run buildcubemaps in the engine to get the correct cube maps.
Finding displacement neighbors...
Finding lightmap sample positions...
Displacement Alpha : 0...1...2...3...4...5...6...7...8...9...10
Building Physics collision data...
done (0) (9692 bytes)
Placing detail props : 0...1...2...3...4...5...6...7...8...9...10
Compacting texture/material tables...
Reduced 33 texinfos to 25
Reduced 6 texdatas to 6 (146 bytes to 146)
Writing c:\program files\steam\steamapps\dimas_dsf\sourcesdk_content\hl2\mapsrc\alley_of_horror_2.bsp
0 seconds elapsed



2 threads
reading c:\program files\steam\steamapps\dimas_dsf\sourcesdk_content\hl2\mapsrc\alley_of_horror_2.bsp
reading c:\program files\steam\steamapps\dimas_dsf\sourcesdk_content\hl2\mapsrc\alley_of_horror_2.prt
  93 portalclusters
 187 numportals
0...1...2...3...4...5...6...7...8...9...100...1...2...3...4...5...6...7...8...9...10Optimized: 0 visible clusters (0.00%)
Total clusters visible: 8405
Average clusters visible: 90
Building PAS...
Average clusters audible: 93
visdatasize:2978  compressed from 2976
writing c:\program files\steam\steamapps\dimas_dsf\sourcesdk_content\hl2\mapsrc\alley_of_horror_2.bsp
0 seconds elapsed



materialPath: c:\program files\steam\steamapps\dimas_dsf\half-life 2 episode one\episodic\materials
Loading c:\program files\steam\steamapps\dimas_dsf\sourcesdk_content\hl2\mapsrc\alley_of_horror_2.vmf
Could not locate 'GameData' key in c:\program files\steam\steamapps\dimas_dsf\half-life 2 episode one\episodic\gameinfo.txt
fixing up env_cubemap materials on brush sides...
0...1...2...3...4...5...6...7...8...9...100...1...2...3...4...5...6...7...8...9...10Processing areas...done (0)
Building Faces...done (0)
FixTjuncs...
PruneNodes...
WriteBSP...
done (0)
writing c:\program files\steam\steamapps\dimas_dsf\sourcesdk_content\hl2\mapsrc\alley_of_horror_2.prt...Building visibility clusters...
done (0)
Creating default LDR cubemaps for env_cubemap using skybox materials:
   skybox/sky_day01_01*.vmt
 ! Run buildcubemaps in the engine to get the correct cube maps.
Creating default HDR cubemaps for env_cubemap using skybox materials:
   skybox/sky_day01_01*.vmt
 ! Run buildcubemaps in the engine to get the correct cube maps.
Finding displacement neighbors...
Finding lightmap sample positions...
Displacement Alpha : 0...1...2...3...4...5...6...7...8...9...10
Building Physics collision data...
done (0) (9692 bytes)
Placing detail props : 0...1...2...3...4...5...6...7...8...9...10
Compacting texture/material tables...
Reduced 33 texinfos to 25
Reduced 6 texdatas to 6 (146 bytes to 146)
Writing c:\program files\steam\steamapps\dimas_dsf\sourcesdk_content\hl2\mapsrc\alley_of_horror_2.bsp
0 seconds elapsed



2 threads
reading c:\program files\steam\steamapps\dimas_dsf\sourcesdk_content\hl2\mapsrc\alley_of_horror_2.bsp
reading c:\program files\steam\steamapps\dimas_dsf\sourcesdk_content\hl2\mapsrc\alley_of_horror_2.prt
  93 portalclusters
 187 numportals
0...1...2...3...4...5...6...7...8...9...100...1...2...3...4...5...6...7...8...9...10Optimized: 0 visible clusters (0.00%)
Total clusters visible: 8405
Average clusters visible: 90
Building PAS...
Average clusters audible: 93
visdatasize:2978  compressed from 2976
writing c:\program files\steam\steamapps\dimas_dsf\sourcesdk_content\hl2\mapsrc\alley_of_horror_2.bsp
0 seconds elapsed



materialPath: c:\program files\steam\steamapps\dimas_dsf\half-life 2 episode one\episodic\materials
Loading c:\program files\steam\steamapps\dimas_dsf\sourcesdk_content\hl2\mapsrc\alley_of_horror_2.vmf
Could not locate 'GameData' key in c:\program files\steam\steamapps\dimas_dsf\half-life 2 episode one\episodic\gameinfo.txt
fixing up env_cubemap materials on brush sides...
0...1...2...3...4...5...6...7...8...9...100...1...2...3...4...5...6...7...8...9...10Processing areas...done (0)
Building Faces...done (0)
FixTjuncs...
PruneNodes...
WriteBSP...
done (0)
writing c:\program files\steam\steamapps\dimas_dsf\sourcesdk_content\hl2\mapsrc\alley_of_horror_2.prt...Building visibility clusters...
done (0)
Creating default LDR cubemaps for env_cubemap using skybox materials:
   skybox/sky_day01_01*.vmt
 ! Run buildcubemaps in the engine to get the correct cube maps.
Creating default HDR cubemaps for env_cubemap using skybox materials:
   skybox/sky_day01_01*.vmt
 ! Run buildcubemaps in the engine to get the correct cube maps.
Finding displacement neighbors...
Finding lightmap sample positions...
Displacement Alpha : 0...1...2...3...4...5...6...7...8...9...10
Building Physics collision data...
done (0) (9137 bytes)
Placing detail props : 0...1...2...3...4...5...6...7...8...9...10
Compacting texture/material tables...
Reduced 30 texinfos to 22
Reduced 6 texdatas to 6 (146 bytes to 146)
Writing c:\program files\steam\steamapps\dimas_dsf\sourcesdk_content\hl2\mapsrc\alley_of_horror_2.bsp
0 seconds elapsed



2 threads
reading c:\program files\steam\steamapps\dimas_dsf\sourcesdk_content\hl2\mapsrc\alley_of_horror_2.bsp
reading c:\program files\steam\steamapps\dimas_dsf\sourcesdk_content\hl2\mapsrc\alley_of_horror_2.prt
  93 portalclusters
 187 numportals
0...1...2...3...4...5...6...7...8...9...100...1...2...3...4...5...6...7...8...9...10Optimized: 0 visible clusters (0.00%)
Total clusters visible: 8405
Average clusters visible: 90
Building PAS...
Average clusters audible: 93
visdatasize:2978  compressed from 2976
writing c:\program files\steam\steamapps\dimas_dsf\sourcesdk_content\hl2\mapsrc\alley_of_horror_2.bsp
0 seconds elapsed



materialPath: c:\program files\steam\steamapps\dimas_dsf\half-life 2 episode one\episodic\materials
Loading c:\program files\steam\steamapps\dimas_dsf\sourcesdk_content\hl2\mapsrc\alley_of_horror_2.vmf
Could not locate 'GameData' key in c:\program files\steam\steamapps\dimas_dsf\half-life 2 episode one\episodic\gameinfo.txt
fixing up env_cubemap materials on brush sides...
0...1...2...3...4...5...6...7...8...9...100...1...2...3...4...5...6...7...8...9...10Processing areas...done (0)
Building Faces...done (0)
FixTjuncs...
PruneNodes...
WriteBSP...
done (0)
writing c:\program files\steam\steamapps\dimas_dsf\sourcesdk_content\hl2\mapsrc\alley_of_horror_2.prt...Building visibility clusters...
done (0)
Creating default LDR cubemaps for env_cubemap using skybox materials:
   skybox/sky_day01_01*.vmt
 ! Run buildcubemaps in the engine to get the correct cube maps.
Creating default HDR cubemaps for env_cubemap using skybox materials:
   skybox/sky_day01_01*.vmt
 ! Run buildcubemaps in the engine to get the correct cube maps.
Finding displacement neighbors...
Finding lightmap sample positions...
Displacement Alpha : 0...1...2...3...4...5...6...7...8...9...10
Building Physics collision data...
done (0) (9137 bytes)
Placing detail props : 0...1...2...3...4...5...6...7...8...9...10
Compacting texture/material tables...
Reduced 30 texinfos to 22
Reduced 6 texdatas to 6 (146 bytes to 146)
Writing c:\program files\steam\steamapps\dimas_dsf\sourcesdk_content\hl2\mapsrc\alley_of_horror_2.bsp
0 seconds elapsed



2 threads
reading c:\program files\steam\steamapps\dimas_dsf\sourcesdk_content\hl2\mapsrc\alley_of_horror_2.bsp
reading c:\program files\steam\steamapps\dimas_dsf\sourcesdk_content\hl2\mapsrc\alley_of_horror_2.prt
  93 portalclusters
 187 numportals
0...1...2...3...4...5...6...7...8...9...100...1...2...3...4...5...6...7...8...9...10Optimized: 0 visible clusters (0.00%)
Total clusters visible: 8405
Average clusters visible: 90
Building PAS...
Average clusters audible: 93
visdatasize:2978  compressed from 2976
writing c:\program files\steam\steamapps\dimas_dsf\sourcesdk_content\hl2\mapsrc\alley_of_horror_2.bsp
0 seconds elapsed



materialPath: c:\program files\steam\steamapps\dimas_dsf\half-life 2 episode one\episodic\materials
Loading c:\program files\steam\steamapps\dimas_dsf\sourcesdk_content\hl2\mapsrc\alley_of_horror_2.vmf
Could not locate 'GameData' key in c:\program files\steam\steamapps\dimas_dsf\half-life 2 episode one\episodic\gameinfo.txt
fixing up env_cubemap materials on brush sides...
0...1...2...3...4...5...6...7...8...9...10**** leaked ****
Entity prop_dynamic (4636.00 1237.00 -2567.00) leaked!
Processing areas...done (0)
Building Faces...done (0)
FixTjuncs...
PruneNodes...
WriteBSP...
done (0)
Creating default LDR cubemaps for env_cubemap using skybox materials:
   skybox/sky_day01_01*.vmt
 ! Run buildcubemaps in the engine to get the correct cube maps.
Creating default HDR cubemaps for env_cubemap using skybox materials:
   skybox/sky_day01_01*.vmt
 ! Run buildcubemaps in the engine to get the correct cube maps.
Finding displacement neighbors...
Finding lightmap sample positions...
Displacement Alpha : 0...1...2...3...4...5...6...7...8...9...10
Building Physics collision data...
done (0) (9527 bytes)
Placing detail props : 0...1...2...3...4...5...6...7...8...9...10
Compacting texture/material tables...
Reduced 32 texinfos to 23
Reduced 6 texdatas to 6 (146 bytes to 146)
Writing c:\program files\steam\steamapps\dimas_dsf\sourcesdk_content\hl2\mapsrc\alley_of_horror_2.bsp
0 seconds elapsed



2 threads
reading c:\program files\steam\steamapps\dimas_dsf\sourcesdk_content\hl2\mapsrc\alley_of_horror_2.bsp
reading c:\program files\steam\steamapps\dimas_dsf\sourcesdk_content\hl2\mapsrc\alley_of_horror_2.prt
LoadPortals: couldn't read c:\program files\steam\steamapps\dimas_dsf\sourcesdk_content\hl2\mapsrc\alley_of_horror_2.prt



materialPath: c:\program files\steam\steamapps\dimas_dsf\half-life 2 episode one\episodic\materials
Loading c:\program files\steam\steamapps\dimas_dsf\sourcesdk_content\hl2\mapsrc\alley_of_horror_2.vmf
Could not locate 'GameData' key in c:\program files\steam\steamapps\dimas_dsf\half-life 2 episode one\episodic\gameinfo.txt
fixing up env_cubemap materials on brush sides...
0...1...2...3...4...5...6...7...8...9...10**** leaked ****
Entity prop_dynamic (4636.00 1237.00 -2567.00) leaked!
Processing areas...done (0)
Building Faces...done (0)
FixTjuncs...
PruneNodes...
WriteBSP...
done (0)
Creating default LDR cubemaps for env_cubemap using skybox materials:
   skybox/sky_day01_01*.vmt
 ! Run buildcubemaps in the engine to get the correct cube maps.
Creating default HDR cubemaps for env_cubemap using skybox materials:
   skybox/sky_day01_01*.vmt
 ! Run buildcubemaps in the engine to get the correct cube maps.
Finding displacement neighbors...
Finding lightmap sample positions...
Displacement Alpha : 0...1...2...3...4...5...6...7...8...9...10
Building Physics collision data...
done (0) (17947 bytes)
Placing detail props : 0...1...2...3...4...5...6...7...8...9...10
Compacting texture/material tables...
Reduced 57 texinfos to 47
Reduced 8 texdatas to 8 (213 bytes to 213)
Writing c:\program files\steam\steamapps\dimas_dsf\sourcesdk_content\hl2\mapsrc\alley_of_horror_2.bsp
0 seconds elapsed



2 threads
reading c:\program files\steam\steamapps\dimas_dsf\sourcesdk_content\hl2\mapsrc\alley_of_horror_2.bsp
reading c:\program files\steam\steamapps\dimas_dsf\sourcesdk_content\hl2\mapsrc\alley_of_horror_2.prt
LoadPortals: couldn't read c:\program files\steam\steamapps\dimas_dsf\sourcesdk_content\hl2\mapsrc\alley_of_horror_2.prt



materialPath: c:\program files\steam\steamapps\dimas_dsf\half-life 2 episode one\episodic\materials
Loading c:\program files\steam\steamapps\dimas_dsf\sourcesdk_content\hl2\mapsrc\alley_of_horror_2.vmf
Could not locate 'GameData' key in c:\program files\steam\steamapps\dimas_dsf\half-life 2 episode one\episodic\gameinfo.txt
fixing up env_cubemap materials on brush sides...
0...1...2...3...4...5...6...7...8...9...10**** leaked ****
Entity prop_dynamic (4636.00 1237.00 -2567.00) leaked!
Processing areas...done (0)
Building Faces...done (0)
FixTjuncs...
PruneNodes...
WriteBSP...
done (0)
Creating default LDR cubemaps for env_cubemap using skybox materials:
   skybox/sky_day01_01*.vmt
 ! Run buildcubemaps in the engine to get the correct cube maps.
Creating default HDR cubemaps for env_cubemap using skybox materials:
   skybox/sky_day01_01*.vmt
 ! Run buildcubemaps in the engine to get the correct cube maps.
Finding displacement neighbors...
Finding lightmap sample positions...
Displacement Alpha : 0...1...2...3...4...5...6...7...8...9...10
Building Physics collision data...
done (0) (16847 bytes)
Placing detail props : 0...1...2...3...4...5...6...7...8...9...10
Compacting texture/material tables...
Reduced 51 texinfos to 41
Reduced 8 texdatas to 8 (213 bytes to 213)
Writing c:\program files\steam\steamapps\dimas_dsf\sourcesdk_content\hl2\mapsrc\alley_of_horror_2.bsp
0 seconds elapsed



2 threads
reading c:\program files\steam\steamapps\dimas_dsf\sourcesdk_content\hl2\mapsrc\alley_of_horror_2.bsp
reading c:\program files\steam\steamapps\dimas_dsf\sourcesdk_content\hl2\mapsrc\alley_of_horror_2.prt
LoadPortals: couldn't read c:\program files\steam\steamapps\dimas_dsf\sourcesdk_content\hl2\mapsrc\alley_of_horror_2.prt



materialPath: c:\program files\steam\steamapps\dimas_dsf\half-life 2 episode one\episodic\materials
Loading c:\program files\steam\steamapps\dimas_dsf\sourcesdk_content\hl2\mapsrc\alley_of_horror_2.vmf
Could not locate 'GameData' key in c:\program files\steam\steamapps\dimas_dsf\half-life 2 episode one\episodic\gameinfo.txt
fixing up env_cubemap materials on brush sides...
0...1...2...3...4...5...6...7...8...9...10**** leaked ****
Entity prop_dynamic (4636.00 1237.00 -2567.00) leaked!
Processing areas...done (0)
Building Faces...done (0)
FixTjuncs...
PruneNodes...
WriteBSP...
done (0)
Creating default LDR cubemaps for env_cubemap using skybox materials:
   skybox/sky_day01_01*.vmt
 ! Run buildcubemaps in the engine to get the correct cube maps.
Creating default HDR cubemaps for env_cubemap using skybox materials:
   skybox/sky_day01_01*.vmt
 ! Run buildcubemaps in the engine to get the correct cube maps.
Finding displacement neighbors...
Finding lightmap sample positions...
Displacement Alpha : 0...1...2...3...4...5...6...7...8...9...10
Building Physics collision data...
done (0) (16847 bytes)
Placing detail props : 0...1...2...3...4...5...6...7...8...9...10
Compacting texture/material tables...
Reduced 51 texinfos to 41
Reduced 8 texdatas to 8 (213 bytes to 213)
Writing c:\program files\steam\steamapps\dimas_dsf\sourcesdk_content\hl2\mapsrc\alley_of_horror_2.bsp
0 seconds elapsed



2 threads
reading c:\program files\steam\steamapps\dimas_dsf\sourcesdk_content\hl2\mapsrc\alley_of_horror_2.bsp
reading c:\program files\steam\steamapps\dimas_dsf\sourcesdk_content\hl2\mapsrc\alley_of_horror_2.prt
LoadPortals: couldn't read c:\program files\steam\steamapps\dimas_dsf\sourcesdk_content\hl2\mapsrc\alley_of_horror_2.prt



materialPath: c:\program files\steam\steamapps\dimas_dsf\half-life 2 episode one\episodic\materials
Loading c:\program files\steam\steamapps\dimas_dsf\sourcesdk_content\hl2\mapsrc\alley_of_horror_2.vmf
Could not locate 'GameData' key in c:\program files\steam\steamapps\dimas_dsf\half-life 2 episode one\episodic\gameinfo.txt
fixing up env_cubemap materials on brush sides...
0...1...2...3...4...5...6...7...8...9...10**** leaked ****
Entity prop_dynamic (4636.00 1237.00 -2567.00) leaked!
Processing areas...done (0)
Building Faces...done (0)
FixTjuncs...
PruneNodes...
WriteBSP...
done (0)
Creating default LDR cubemaps for env_cubemap using skybox materials:
   skybox/sky_day01_01*.vmt
 ! Run buildcubemaps in the engine to get the correct cube maps.
Creating default HDR cubemaps for env_cubemap using skybox materials:
   skybox/sky_day01_01*.vmt
 ! Run buildcubemaps in the engine to get the correct cube maps.
Finding displacement neighbors...
Finding lightmap sample positions...
Displacement Alpha : 0...1...2...3...4...5...6...7...8...9...10
Building Physics collision data...
done (0) (17097 bytes)
Placing detail props : 0...1...2...3...4...5...6...7...8...9...10
Compacting texture/material tables...
Reduced 46 texinfos to 36
Reduced 8 texdatas to 8 (213 bytes to 213)
Writing c:\program files\steam\steamapps\dimas_dsf\sourcesdk_content\hl2\mapsrc\alley_of_horror_2.bsp
2 seconds elapsed



2 threads
reading c:\program files\steam\steamapps\dimas_dsf\sourcesdk_content\hl2\mapsrc\alley_of_horror_2.bsp
reading c:\program files\steam\steamapps\dimas_dsf\sourcesdk_content\hl2\mapsrc\alley_of_horror_2.prt
LoadPortals: couldn't read c:\program files\steam\steamapps\dimas_dsf\sourcesdk_content\hl2\mapsrc\alley_of_horror_2.prt



materialPath: c:\program files\steam\steamapps\dimas_dsf\half-life 2 episode one\episodic\materials
Loading c:\program files\steam\steamapps\dimas_dsf\sourcesdk_content\hl2\mapsrc\alley_of_horror_2.vmf
Could not locate 'GameData' key in c:\program files\steam\steamapps\dimas_dsf\half-life 2 episode one\episodic\gameinfo.txt
fixing up env_cubemap materials on brush sides...
0...1...2...3...4...5...6...7...8...9...10**** leaked ****
Entity prop_dynamic (4636.00 1237.00 -2567.00) leaked!
Processing areas...done (0)
Building Faces...done (0)
FixTjuncs...
PruneNodes...
WriteBSP...
done (0)
Creating default LDR cubemaps for env_cubemap using skybox materials:
   skybox/sky_day01_01*.vmt
 ! Run buildcubemaps in the engine to get the correct cube maps.
Creating default HDR cubemaps for env_cubemap using skybox materials:
   skybox/sky_day01_01*.vmt
 ! Run buildcubemaps in the engine to get the correct cube maps.
Finding displacement neighbors...
Finding lightmap sample positions...
Displacement Alpha : 0...1...2...3...4...5...6...7...8...9...10
Building Physics collision data...
done (0) (17097 bytes)
Placing detail props : 0...1...2...3...4...5...6...7...8...9...10
Compacting texture/material tables...
Reduced 46 texinfos to 36
Reduced 8 texdatas to 8 (213 bytes to 213)
Writing c:\program files\steam\steamapps\dimas_dsf\sourcesdk_content\hl2\mapsrc\alley_of_horror_2.bsp
0 seconds elapsed



2 threads
reading c:\program files\steam\steamapps\dimas_dsf\sourcesdk_content\hl2\mapsrc\alley_of_horror_2.bsp
reading c:\program files\steam\steamapps\dimas_dsf\sourcesdk_content\hl2\mapsrc\alley_of_horror_2.prt
LoadPortals: couldn't read c:\program files\steam\steamapps\dimas_dsf\sourcesdk_content\hl2\mapsrc\alley_of_horror_2.prt



materialPath: c:\program files\steam\steamapps\dimas_dsf\half-life 2 episode one\episodic\materials
Loading c:\program files\steam\steamapps\dimas_dsf\sourcesdk_content\hl2\mapsrc\alley_of_horror_2.vmf
Could not locate 'GameData' key in c:\program files\steam\steamapps\dimas_dsf\half-life 2 episode one\episodic\gameinfo.txt
fixing up env_cubemap materials on brush sides...
0...1...2...3...4...5...6...7...8...9...10**** leaked ****
Entity prop_dynamic (4636.00 1237.00 -2567.00) leaked!
Processing areas...done (0)
Building Faces...done (0)
FixTjuncs...
PruneNodes...
WriteBSP...
done (0)
Creating default LDR cubemaps for env_cubemap using skybox materials:
   skybox/sky_day01_01*.vmt
 ! Run buildcubemaps in the engine to get the correct cube maps.
Creating default HDR cubemaps for env_cubemap using skybox materials:
   skybox/sky_day01_01*.vmt
 ! Run buildcubemaps in the engine to get the correct cube maps.
Finding displacement neighbors...
Finding lightmap sample positions...
Displacement Alpha : 0...1...2...3...4...5...6...7...8...9...10
Building Physics collision data...
done (0) (17097 bytes)
Placing detail props : 0...1...2...3...4...5...6...7...8...9...10
Compacting texture/material tables...
Reduced 46 texinfos to 36
Reduced 8 texdatas to 8 (213 bytes to 213)
Writing c:\program files\steam\steamapps\dimas_dsf\sourcesdk_content\hl2\mapsrc\alley_of_horror_2.bsp
0 seconds elapsed



2 threads
reading c:\program files\steam\steamapps\dimas_dsf\sourcesdk_content\hl2\mapsrc\alley_of_horror_2.bsp
reading c:\program files\steam\steamapps\dimas_dsf\sourcesdk_content\hl2\mapsrc\alley_of_horror_2.prt
LoadPortals: couldn't read c:\program files\steam\steamapps\dimas_dsf\sourcesdk_content\hl2\mapsrc\alley_of_horror_2.prt



materialPath: c:\program files\steam\steamapps\dimas_dsf\half-life 2 episode one\episodic\materials
Loading c:\program files\steam\steamapps\dimas_dsf\sourcesdk_content\hl2\mapsrc\alley_of_horror_2.vmf
Could not locate 'GameData' key in c:\program files\steam\steamapps\dimas_dsf\half-life 2 episode one\episodic\gameinfo.txt
fixing up env_cubemap materials on brush sides...
0...1...2...3...4...5...6...7...8...9...10**** leaked ****
Entity prop_dynamic (4636.00 1237.00 -2567.00) leaked!
Processing areas...done (0)
Building Faces...done (0)
FixTjuncs...
PruneNodes...
WriteBSP...
done (0)
Creating default LDR cubemaps for env_cubemap using skybox materials:
   skybox/sky_day01_01*.vmt
 ! Run buildcubemaps in the engine to get the correct cube maps.
Creating default HDR cubemaps for env_cubemap using skybox materials:
   skybox/sky_day01_01*.vmt
 ! Run buildcubemaps in the engine to get the correct cube maps.
Finding displacement neighbors...
Finding lightmap sample positions...
Displacement Alpha : 0...1...2...3...4...5...6...7...8...9...10
Building Physics collision data...
done (0) (17097 bytes)
Placing detail props : 0...1...2...3...4...5...6...7...8...9...10
Compacting texture/material tables...
Reduced 46 texinfos to 36
Reduced 8 texdatas to 8 (213 bytes to 213)
Writing c:\program files\steam\steamapps\dimas_dsf\sourcesdk_content\hl2\mapsrc\alley_of_horror_2.bsp
0 seconds elapsed



2 threads
reading c:\program files\steam\steamapps\dimas_dsf\sourcesdk_content\hl2\mapsrc\alley_of_horror_2.bsp
reading c:\program files\steam\steamapps\dimas_dsf\sourcesdk_content\hl2\mapsrc\alley_of_horror_2.prt
LoadPortals: couldn't read c:\program files\steam\steamapps\dimas_dsf\sourcesdk_content\hl2\mapsrc\alley_of_horror_2.prt



materialPath: c:\program files\steam\steamapps\dimas_dsf\half-life 2 episode one\episodic\materials
Loading c:\program files\steam\steamapps\dimas_dsf\sourcesdk_content\hl2\mapsrc\alley_of_horror_2.vmf
Could not locate 'GameData' key in c:\program files\steam\steamapps\dimas_dsf\half-life 2 episode one\episodic\gameinfo.txt
fixing up env_cubemap materials on brush sides...
0...1...2...3...4...5...6...7...8...9...10**** leaked ****
Entity prop_dynamic (4636.00 1237.00 -2567.00) leaked!
Processing areas...done (0)
Building Faces...done (0)
FixTjuncs...
PruneNodes...
WriteBSP...
done (0)
Creating default LDR cubemaps for env_cubemap using skybox materials:
   skybox/sky_day01_01*.vmt
 ! Run buildcubemaps in the engine to get the correct cube maps.
Creating default HDR cubemaps for env_cubemap using skybox materials:
   skybox/sky_day01_01*.vmt
 ! Run buildcubemaps in the engine to get the correct cube maps.
Finding displacement neighbors...
Finding lightmap sample positions...
Displacement Alpha : 0...1...2...3...4...5...6...7...8...9...10
Building Physics collision data...
done (0) (17097 bytes)
Placing detail props : 0...1...2...3...4...5...6...7...8...9...10
Compacting texture/material tables...
Reduced 46 texinfos to 36
Reduced 8 texdatas to 8 (213 bytes to 213)
Writing c:\program files\steam\steamapps\dimas_dsf\sourcesdk_content\hl2\mapsrc\alley_of_horror_2.bsp
0 seconds elapsed



2 threads
reading c:\program files\steam\steamapps\dimas_dsf\sourcesdk_content\hl2\mapsrc\alley_of_horror_2.bsp
reading c:\program files\steam\steamapps\dimas_dsf\sourcesdk_content\hl2\mapsrc\alley_of_horror_2.prt
LoadPortals: couldn't read c:\program files\steam\steamapps\dimas_dsf\sourcesdk_content\hl2\mapsrc\alley_of_horror_2.prt



materialPath: c:\program files\steam\steamapps\dimas_dsf\half-life 2 episode one\episodic\materials
Loading c:\program files\steam\steamapps\dimas_dsf\sourcesdk_content\hl2\mapsrc\alley_of_horror_2.vmf
Could not locate 'GameData' key in c:\program files\steam\steamapps\dimas_dsf\half-life 2 episode one\episodic\gameinfo.txt
fixing up env_cubemap materials on brush sides...
0...1...2...3...4...5...6...7...8...9...10**** leaked ****
Entity prop_dynamic (4636.00 1237.00 -2567.00) leaked!
Processing areas...done (0)
Building Faces...done (0)
FixTjuncs...
PruneNodes...
WriteBSP...
done (0)
Creating default LDR cubemaps for env_cubemap using skybox materials:
   skybox/sky_day01_01*.vmt
 ! Run buildcubemaps in the engine to get the correct cube maps.
Creating default HDR cubemaps for env_cubemap using skybox materials:
   skybox/sky_day01_01*.vmt
 ! Run buildcubemaps in the engine to get the correct cube maps.
Finding displacement neighbors...
Finding lightmap sample positions...
Displacement Alpha : 0...1...2...3...4...5...6...7...8...9...10
Building Physics collision data...
done (0) (17097 bytes)
Placing detail props : 0...1...2...3...4...5...6...7...8...9...10
Compacting texture/material tables...
Reduced 46 texinfos to 36
Reduced 8 texdatas to 8 (213 bytes to 213)
Writing c:\program files\steam\steamapps\dimas_dsf\sourcesdk_content\hl2\mapsrc\alley_of_horror_2.bsp
0 seconds elapsed



2 threads
reading c:\program files\steam\steamapps\dimas_dsf\sourcesdk_content\hl2\mapsrc\alley_of_horror_2.bsp
reading c:\program files\steam\steamapps\dimas_dsf\sourcesdk_content\hl2\mapsrc\alley_of_horror_2.prt
LoadPortals: couldn't read c:\program files\steam\steamapps\dimas_dsf\sourcesdk_content\hl2\mapsrc\alley_of_horror_2.prt



materialPath: c:\program files\steam\steamapps\dimas_dsf\half-life 2 episode one\episodic\materials
Loading c:\program files\steam\steamapps\dimas_dsf\sourcesdk_content\hl2\mapsrc\alley_of_horror_2.vmf
Could not locate 'GameData' key in c:\program files\steam\steamapps\dimas_dsf\half-life 2 episode one\episodic\gameinfo.txt
fixing up env_cubemap materials on brush sides...
0...1...2...3...4...5...6...7...8...9...10**** leaked ****
Entity prop_dynamic (4636.00 1237.00 -2567.00) leaked!
Processing areas...done (0)
Building Faces...done (0)
FixTjuncs...
PruneNodes...
WriteBSP...
done (0)
Creating default LDR cubemaps for env_cubemap using skybox materials:
   skybox/sky_day01_01*.vmt
 ! Run buildcubemaps in the engine to get the correct cube maps.
Creating default HDR cubemaps for env_cubemap using skybox materials:
   skybox/sky_day01_01*.vmt
 ! Run buildcubemaps in the engine to get the correct cube maps.
Finding displacement neighbors...
Finding lightmap sample positions...
Displacement Alpha : 0...1...2...3...4...5...6...7...8...9...10
Building Physics collision data...
done (0) (17097 bytes)
Placing detail props : 0...1...2...3...4...5...6...7...8...9...10
Compacting texture/material tables...
Reduced 46 texinfos to 36
Reduced 8 texdatas to 8 (213 bytes to 213)
Writing c:\program files\steam\steamapps\dimas_dsf\sourcesdk_content\hl2\mapsrc\alley_of_horror_2.bsp
0 seconds elapsed



2 threads
reading c:\program files\steam\steamapps\dimas_dsf\sourcesdk_content\hl2\mapsrc\alley_of_horror_2.bsp
reading c:\program files\steam\steamapps\dimas_dsf\sourcesdk_content\hl2\mapsrc\alley_of_horror_2.prt
LoadPortals: couldn't read c:\program files\steam\steamapps\dimas_dsf\sourcesdk_content\hl2\mapsrc\alley_of_horror_2.prt



materialPath: c:\program files\steam\steamapps\dimas_dsf\half-life 2 episode one\episodic\materials
Loading c:\program files\steam\steamapps\dimas_dsf\sourcesdk_content\hl2\mapsrc\alley_of_horror_2.vmf
ConVarRef mat_reduceparticles doesn't point to an existing ConVar
Could not locate 'GameData' key in c:\program files\steam\steamapps\dimas_dsf\half-life 2 episode one\episodic\gameinfo.txt
fixing up env_cubemap materials on brush sides...
0...1...2...3...4...5...6...7...8...9...10**** leaked ****
Entity prop_dynamic (4636.00 1237.00 -2567.00) leaked!
Processing areas...done (0)
Building Faces...done (0)
Chop Details...done (0)
Find Visible Detail Sides...done (0)
Merging details...done (0)
FixTjuncs...
PruneNodes...
WriteBSP...
done (0)
Creating default LDR cubemaps for env_cubemap using skybox materials:
   skybox/sky_day01_01*.vmt
 ! Run buildcubemaps in the engine to get the correct cube maps.
Creating default HDR cubemaps for env_cubemap using skybox materials:
   skybox/sky_day01_01*.vmt
 ! Run buildcubemaps in the engine to get the correct cube maps.
Finding displacement neighbors...
Finding lightmap sample positions...
Displacement Alpha : 0...1...2...3...4...5...6...7...8...9...10
Building Physics collision data...
done (0) (24873 bytes)
Placing detail props : 0...1...2...3...4...5...6...7...8...9...10
Compacting texture/material tables...
Reduced 61 texinfos to 49
Reduced 11 texdatas to 11 (266 bytes to 266)
Writing c:\program files\steam\steamapps\dimas_dsf\sourcesdk_content\hl2\mapsrc\alley_of_horror_2.bsp
0 seconds elapsed



2 threads
reading c:\program files\steam\steamapps\dimas_dsf\sourcesdk_content\hl2\mapsrc\alley_of_horror_2.bsp
reading c:\program files\steam\steamapps\dimas_dsf\sourcesdk_content\hl2\mapsrc\alley_of_horror_2.prt
LoadPortals: couldn't read c:\program files\steam\steamapps\dimas_dsf\sourcesdk_content\hl2\mapsrc\alley_of_horror_2.prt



materialPath: c:\program files\steam\steamapps\dimas_dsf\half-life 2 episode one\episodic\materials
Loading c:\program files\steam\steamapps\dimas_dsf\sourcesdk_content\hl2\mapsrc\alley_of_horror_2.vmf
ConVarRef mat_reduceparticles doesn't point to an existing ConVar
Could not locate 'GameData' key in c:\program files\steam\steamapps\dimas_dsf\half-life 2 episode one\episodic\gameinfo.txt
fixing up env_cubemap materials on brush sides...
0...1...2...3...4...5...6...7...8...9...10**** leaked ****
Entity prop_dynamic (4636.00 1237.00 -2567.00) leaked!
Processing areas...done (0)
Building Faces...done (0)
Chop Details...done (0)
Find Visible Detail Sides...done (0)
Merging details...done (0)
FixTjuncs...
PruneNodes...
WriteBSP...
done (0)
Creating default LDR cubemaps for env_cubemap using skybox materials:
   skybox/sky_day01_01*.vmt
 ! Run buildcubemaps in the engine to get the correct cube maps.
Creating default HDR cubemaps for env_cubemap using skybox materials:
   skybox/sky_day01_01*.vmt
 ! Run buildcubemaps in the engine to get the correct cube maps.
Finding displacement neighbors...
Finding lightmap sample positions...
Displacement Alpha : 0...1...2...3...4...5...6...7...8...9...10
Building Physics collision data...
done (0) (24873 bytes)
Placing detail props : 0...1...2...3...4...5...6...7...8...9...10
Compacting texture/material tables...
Reduced 61 texinfos to 49
Reduced 11 texdatas to 11 (266 bytes to 266)
Writing c:\program files\steam\steamapps\dimas_dsf\sourcesdk_content\hl2\mapsrc\alley_of_horror_2.bsp
0 seconds elapsed



2 threads
reading c:\program files\steam\steamapps\dimas_dsf\sourcesdk_content\hl2\mapsrc\alley_of_horror_2.bsp
reading c:\program files\steam\steamapps\dimas_dsf\sourcesdk_content\hl2\mapsrc\alley_of_horror_2.prt
LoadPortals: couldn't read c:\program files\steam\steamapps\dimas_dsf\sourcesdk_content\hl2\mapsrc\alley_of_horror_2.prt



[Reading texlights from 'lights.rad']
[48 texlights parsed from 'lights.rad']

Loading c:\program files\steam\steamapps\dimas_dsf\sourcesdk_content\hl2\mapsrc\alley_of_horror_2.bsp
No vis information, direct lighting only.
1634 faces
2171386 square feet [312679680.00 square inches]
0 Displacements
0 Square Feet [0.00 Square Inches]
can't solve quadratic for light 94.000000 94.000000
36 direct lights
0...1...2...3...4...5...6...7...8...9...10Build Patch/Sample Hash Table(s).....Done<0.0650 sec>
0...1...2...3...4...5...6...7...8...9...10FinalLightFace Done
3 of 31 (9% of) surface lights went in leaf ambient cubes.
0...1...2...3...4...5...6...7...8...9...10Writing leaf ambient...done
Ready to Finish

Object names       Objects/Maxobjs  Memory / Maxmem  Fullness 
------------       ---------------  ---------------  -------- 
models                  10/1024          480/49152    ( 1.0%) 
brushes                 70/8192          840/98304    ( 0.9%) 
brushsides             425/65536        3400/524288   ( 0.6%) 
planes                 394/65536        7880/1310720  ( 0.6%) 
vertexes              2066/65536       24792/786432   ( 3.2%) 
nodes                  726/65536       23232/2097152  ( 1.1%) 
texinfos                49/12288        3528/884736   ( 0.4%) 
texdata                 11/2048          352/65536    ( 0.5%) 
dispinfos                0/0               0/0        ( 0.0%) 
disp_verts               0/0               0/0        ( 0.0%) 
disp_tris                0/0               0/0        ( 0.0%) 
disp_lmsamples           0/0               0/0        ( 0.0%) 
faces                 1634/65536       91504/3670016  ( 2.5%) 
hdr faces                0/65536           0/3670016  ( 0.0%) 
origfaces              224/65536       12544/3670016  ( 0.3%) 
leaves                 737/65536       23584/2097152  ( 1.1%) 
leaffaces             1714/65536        3428/131072   ( 2.6%) 
leafbrushes            361/65536         722/131072   ( 0.6%) 
areas                    3/256            24/2048     ( 1.2%) 
surfedges             7970/512000      31880/2048000  ( 1.6%) 
edges                 4105/256000      16420/1024000  ( 1.6%) 
LDR worldlights         36/8192         3168/720896   ( 0.4%) 
HDR worldlights          0/8192            0/720896   ( 0.0%) 
leafwaterdata            0/32768           0/393216   ( 0.0%) 
waterstrips             42/32768         420/327680   ( 0.1%) 
waterverts               0/65536           0/786432   ( 0.0%) 
waterindices           591/65536        1182/131072   ( 0.9%) 
cubemapsamples           0/1024            0/16384    ( 0.0%) 
overlays                 0/512             0/180224   ( 0.0%) 
LDR lightdata         [variable]     2254420/0        ( 0.0%) 
HDR lightdata         [variable]           0/0        ( 0.0%) 
visdata               [variable]           0/16777216 ( 0.0%) 
entdata               [variable]       18157/393216   ( 4.6%) 
LDR ambient table      737/65536        2948/262144   ( 1.1%) 
HDR ambient table      737/65536        2948/262144   ( 1.1%) 
LDR leaf ambient      2148/65536       60144/1835008  ( 3.3%) 
HDR leaf ambient       737/65536       20636/1835008  ( 1.1%) 
occluders                0/0               0/0        ( 0.0%) 
occluder polygons        0/0               0/0        ( 0.0%) 
occluder vert ind        0/0               0/0        ( 0.0%) 
detail props          [variable]           1/12       ( 8.3%) 
static props          [variable]           1/12       ( 8.3%) 
pakfile               [variable]      105699/0        ( 0.0%) 
physics               [variable]       24873/4194304  ( 0.6%) 
physics terrain       [variable]           2/1048576  ( 0.0%) 

Level flags = 0

Total triangle count: 3806
Writing c:\program files\steam\steamapps\dimas_dsf\sourcesdk_content\hl2\mapsrc\alley_of_horror_2.bsp
16 seconds elapsed



materialPath: c:\program files\steam\steamapps\dimas_dsf\half-life 2 episode one\episodic\materials
Loading c:\program files\steam\steamapps\dimas_dsf\sourcesdk_content\hl2\mapsrc\alley_of_horror_2.vmf
ConVarRef mat_reduceparticles doesn't point to an existing ConVar
Could not locate 'GameData' key in c:\program files\steam\steamapps\dimas_dsf\half-life 2 episode one\episodic\gameinfo.txt
fixing up env_cubemap materials on brush sides...
0...1...2...3...4...5...6...7...8...9...10**** leaked ****
Entity prop_dynamic (4636.00 1237.00 -2567.00) leaked!
Processing areas...done (0)
Building Faces...done (0)
Chop Details...done (0)
Find Visible Detail Sides...done (0)
Merging details...done (0)
FixTjuncs...
PruneNodes...
WriteBSP...
done (0)
Creating default LDR cubemaps for env_cubemap using skybox materials:
   skybox/sky_day01_01*.vmt
 ! Run buildcubemaps in the engine to get the correct cube maps.
Creating default HDR cubemaps for env_cubemap using skybox materials:
   skybox/sky_day01_01*.vmt
 ! Run buildcubemaps in the engine to get the correct cube maps.
Finding displacement neighbors...
Finding lightmap sample positions...
Displacement Alpha : 0...1...2...3...4...5...6...7...8...9...10
Building Physics collision data...
done (0) (24873 bytes)
Placing detail props : 0...1...2...3...4...5...6...7...8...9...10
Compacting texture/material tables...
Reduced 61 texinfos to 49
Reduced 11 texdatas to 11 (266 bytes to 266)
Writing c:\program files\steam\steamapps\dimas_dsf\sourcesdk_content\hl2\mapsrc\alley_of_horror_2.bsp
0 seconds elapsed



2 threads
reading c:\program files\steam\steamapps\dimas_dsf\sourcesdk_content\hl2\mapsrc\alley_of_horror_2.bsp
reading c:\program files\steam\steamapps\dimas_dsf\sourcesdk_content\hl2\mapsrc\alley_of_horror_2.prt
LoadPortals: couldn't read c:\program files\steam\steamapps\dimas_dsf\sourcesdk_content\hl2\mapsrc\alley_of_horror_2.prt



[Reading texlights from 'lights.rad']
[48 texlights parsed from 'lights.rad']

Loading c:\program files\steam\steamapps\dimas_dsf\sourcesdk_content\hl2\mapsrc\alley_of_horror_2.bsp
No vis information, direct lighting only.
1634 faces
2171386 square feet [312679680.00 square inches]
0 Displacements
0 Square Feet [0.00 Square Inches]
can't solve quadratic for light 94.000000 94.000000
can't solve quadratic for light 30.000000 30.000000
38 direct lights
0...1...2...3...4...5...6...7...8...9...10Build Patch/Sample Hash Table(s).....Done<0.0676 sec>
0...1...2...3...4...5...6...7...8...9...10FinalLightFace Done
3 of 31 (9% of) surface lights went in leaf ambient cubes.
0...1...2...3...4...5...6...7...8...9...10Writing leaf ambient...done
Ready to Finish

Object names       Objects/Maxobjs  Memory / Maxmem  Fullness 
------------       ---------------  ---------------  -------- 
models                  10/1024          480/49152    ( 1.0%) 
brushes                 70/8192          840/98304    ( 0.9%) 
brushsides             425/65536        3400/524288   ( 0.6%) 
planes                 394/65536        7880/1310720  ( 0.6%) 
vertexes              2066/65536       24792/786432   ( 3.2%) 
nodes                  726/65536       23232/2097152  ( 1.1%) 
texinfos                49/12288        3528/884736   ( 0.4%) 
texdata                 11/2048          352/65536    ( 0.5%) 
dispinfos                0/0               0/0        ( 0.0%) 
disp_verts               0/0               0/0        ( 0.0%) 
disp_tris                0/0               0/0        ( 0.0%) 
disp_lmsamples           0/0               0/0        ( 0.0%) 
faces                 1634/65536       91504/3670016  ( 2.5%) 
hdr faces                0/65536           0/3670016  ( 0.0%) 
origfaces              224/65536       12544/3670016  ( 0.3%) 
leaves                 737/65536       23584/2097152  ( 1.1%) 
leaffaces             1714/65536        3428/131072   ( 2.6%) 
leafbrushes            361/65536         722/131072   ( 0.6%) 
areas                    3/256            24/2048     ( 1.2%) 
surfedges             7970/512000      31880/2048000  ( 1.6%) 
edges                 4105/256000      16420/1024000  ( 1.6%) 
LDR worldlights         38/8192         3344/720896   ( 0.5%) 
HDR worldlights          0/8192            0/720896   ( 0.0%) 
leafwaterdata            0/32768           0/393216   ( 0.0%) 
waterstrips             42/32768         420/327680   ( 0.1%) 
waterverts               0/65536           0/786432   ( 0.0%) 
waterindices           591/65536        1182/131072   ( 0.9%) 
cubemapsamples           0/1024            0/16384    ( 0.0%) 
overlays                 0/512             0/180224   ( 0.0%) 
LDR lightdata         [variable]     2254420/0        ( 0.0%) 
HDR lightdata         [variable]           0/0        ( 0.0%) 
visdata               [variable]           0/16777216 ( 0.0%) 
entdata               [variable]       19553/393216   ( 5.0%) 
LDR ambient table      737/65536        2948/262144   ( 1.1%) 
HDR ambient table      737/65536        2948/262144   ( 1.1%) 
LDR leaf ambient      2148/65536       60144/1835008  ( 3.3%) 
HDR leaf ambient       737/65536       20636/1835008  ( 1.1%) 
occluders                0/0               0/0        ( 0.0%) 
occluder polygons        0/0               0/0        ( 0.0%) 
occluder vert ind        0/0               0/0        ( 0.0%) 
detail props          [variable]           1/12       ( 8.3%) 
static props          [variable]           1/12       ( 8.3%) 
pakfile               [variable]      105699/0        ( 0.0%) 
physics               [variable]       24873/4194304  ( 0.6%) 
physics terrain       [variable]           2/1048576  ( 0.0%) 

Level flags = 0

Total triangle count: 3806
Writing c:\program files\steam\steamapps\dimas_dsf\sourcesdk_content\hl2\mapsrc\alley_of_horror_2.bsp
16 seconds elapsed



materialPath: c:\program files\steam\steamapps\dimas_dsf\half-life 2 episode one\episodic\materials
Loading c:\program files\steam\steamapps\dimas_dsf\sourcesdk_content\hl2\mapsrc\alley_of_horror_2.vmf
ConVarRef mat_reduceparticles doesn't point to an existing ConVar
Could not locate 'GameData' key in c:\program files\steam\steamapps\dimas_dsf\half-life 2 episode one\episodic\gameinfo.txt
fixing up env_cubemap materials on brush sides...
0...1...2...3...4...5...6...7...8...9...10**** leaked ****
Entity prop_dynamic (4636.00 1237.00 -2567.00) leaked!
Processing areas...done (0)
Building Faces...done (0)
Chop Details...done (0)
Find Visible Detail Sides...done (0)
Merging details...done (0)
FixTjuncs...
PruneNodes...
WriteBSP...
done (0)
Creating default LDR cubemaps for env_cubemap using skybox materials:
   skybox/sky_day01_01*.vmt
 ! Run buildcubemaps in the engine to get the correct cube maps.
Creating default HDR cubemaps for env_cubemap using skybox materials:
   skybox/sky_day01_01*.vmt
 ! Run buildcubemaps in the engine to get the correct cube maps.
Finding displacement neighbors...
Finding lightmap sample positions...
Displacement Alpha : 0...1...2...3...4...5...6...7...8...9...10
Building Physics collision data...
done (0) (24873 bytes)
Placing detail props : 0...1...2...3...4...5...6...7...8...9...10
Compacting texture/material tables...
Reduced 61 texinfos to 49
Reduced 11 texdatas to 11 (266 bytes to 266)
Writing c:\program files\steam\steamapps\dimas_dsf\sourcesdk_content\hl2\mapsrc\alley_of_horror_2.bsp
0 seconds elapsed



2 threads
reading c:\program files\steam\steamapps\dimas_dsf\sourcesdk_content\hl2\mapsrc\alley_of_horror_2.bsp
reading c:\program files\steam\steamapps\dimas_dsf\sourcesdk_content\hl2\mapsrc\alley_of_horror_2.prt
LoadPortals: couldn't read c:\program files\steam\steamapps\dimas_dsf\sourcesdk_content\hl2\mapsrc\alley_of_horror_2.prt



[Reading texlights from 'lights.rad']
[48 texlights parsed from 'lights.rad']

Loading c:\program files\steam\steamapps\dimas_dsf\sourcesdk_content\hl2\mapsrc\alley_of_horror_2.bsp
No vis information, direct lighting only.
1634 faces
2171386 square feet [312679680.00 square inches]
0 Displacements
0 Square Feet [0.00 Square Inches]
can't solve quadratic for light 94.000000 94.000000
can't solve quadratic for light 30.000000 30.000000
38 direct lights
0...1...2...3...4...5...6...7...8...9...10Build Patch/Sample Hash Table(s).....Done<0.0658 sec>
0...1...2...3...4...5...6...7...8...9...10FinalLightFace Done
3 of 31 (9% of) surface lights went in leaf ambient cubes.
0...1...2...3...4...5...6...7...8...9...10Writing leaf ambient...done
Ready to Finish

Object names       Objects/Maxobjs  Memory / Maxmem  Fullness 
------------       ---------------  ---------------  -------- 
models                  10/1024          480/49152    ( 1.0%) 
brushes                 70/8192          840/98304    ( 0.9%) 
brushsides             425/65536        3400/524288   ( 0.6%) 
planes                 394/65536        7880/1310720  ( 0.6%) 
vertexes              2066/65536       24792/786432   ( 3.2%) 
nodes                  726/65536       23232/2097152  ( 1.1%) 
texinfos                49/12288        3528/884736   ( 0.4%) 
texdata                 11/2048          352/65536    ( 0.5%) 
dispinfos                0/0               0/0        ( 0.0%) 
disp_verts               0/0               0/0        ( 0.0%) 
disp_tris                0/0               0/0        ( 0.0%) 
disp_lmsamples           0/0               0/0        ( 0.0%) 
faces                 1634/65536       91504/3670016  ( 2.5%) 
hdr faces                0/65536           0/3670016  ( 0.0%) 
origfaces              224/65536       12544/3670016  ( 0.3%) 
leaves                 737/65536       23584/2097152  ( 1.1%) 
leaffaces             1714/65536        3428/131072   ( 2.6%) 
leafbrushes            361/65536         722/131072   ( 0.6%) 
areas                    3/256            24/2048     ( 1.2%) 
surfedges             7970/512000      31880/2048000  ( 1.6%) 
edges                 4105/256000      16420/1024000  ( 1.6%) 
LDR worldlights         38/8192         3344/720896   ( 0.5%) 
HDR worldlights          0/8192            0/720896   ( 0.0%) 
leafwaterdata            0/32768           0/393216   ( 0.0%) 
waterstrips             42/32768         420/327680   ( 0.1%) 
waterverts               0/65536           0/786432   ( 0.0%) 
waterindices           591/65536        1182/131072   ( 0.9%) 
cubemapsamples           0/1024            0/16384    ( 0.0%) 
overlays                 0/512             0/180224   ( 0.0%) 
LDR lightdata         [variable]     2254420/0        ( 0.0%) 
HDR lightdata         [variable]           0/0        ( 0.0%) 
visdata               [variable]           0/16777216 ( 0.0%) 
entdata               [variable]       19567/393216   ( 5.0%) 
LDR ambient table      737/65536        2948/262144   ( 1.1%) 
HDR ambient table      737/65536        2948/262144   ( 1.1%) 
LDR leaf ambient      2148/65536       60144/1835008  ( 3.3%) 
HDR leaf ambient       737/65536       20636/1835008  ( 1.1%) 
occluders                0/0               0/0        ( 0.0%) 
occluder polygons        0/0               0/0        ( 0.0%) 
occluder vert ind        0/0               0/0        ( 0.0%) 
detail props          [variable]           1/12       ( 8.3%) 
static props          [variable]           1/12       ( 8.3%) 
pakfile               [variable]      105699/0        ( 0.0%) 
physics               [variable]       24873/4194304  ( 0.6%) 
physics terrain       [variable]           2/1048576  ( 0.0%) 

Level flags = 0

Total triangle count: 3806
Writing c:\program files\steam\steamapps\dimas_dsf\sourcesdk_content\hl2\mapsrc\alley_of_horror_2.bsp
16 seconds elapsed



materialPath: c:\program files\steam\steamapps\dimas_dsf\half-life 2 episode one\episodic\materials
Loading c:\program files\steam\steamapps\dimas_dsf\sourcesdk_content\hl2\mapsrc\alley_of_horror_2.vmf
ConVarRef mat_reduceparticles doesn't point to an existing ConVar
Could not locate 'GameData' key in c:\program files\steam\steamapps\dimas_dsf\half-life 2 episode one\episodic\gameinfo.txt
fixing up env_cubemap materials on brush sides...
0...1...2...3...4...5...6...7...8...9...10**** leaked ****
Entity prop_dynamic (4636.00 1237.00 -2567.00) leaked!
Processing areas...done (0)
Building Faces...done (0)
Chop Details...done (0)
Find Visible Detail Sides...done (0)
Merging details...done (0)
FixTjuncs...
PruneNodes...
WriteBSP...
done (0)
Creating default LDR cubemaps for env_cubemap using skybox materials:
   skybox/sky_day01_01*.vmt
 ! Run buildcubemaps in the engine to get the correct cube maps.
Creating default HDR cubemaps for env_cubemap using skybox materials:
   skybox/sky_day01_01*.vmt
 ! Run buildcubemaps in the engine to get the correct cube maps.
Finding displacement neighbors...
Finding lightmap sample positions...
Displacement Alpha : 0...1...2...3...4...5...6...7...8...9...10
Building Physics collision data...
done (0) (25424 bytes)
Placing detail props : 0...1...2...3...4...5...6...7...8...9...10
Compacting texture/material tables...
Reduced 67 texinfos to 52
Reduced 12 texdatas to 12 (287 bytes to 287)
Writing c:\program files\steam\steamapps\dimas_dsf\sourcesdk_content\hl2\mapsrc\alley_of_horror_2.bsp
0 seconds elapsed



2 threads
reading c:\program files\steam\steamapps\dimas_dsf\sourcesdk_content\hl2\mapsrc\alley_of_horror_2.bsp
reading c:\program files\steam\steamapps\dimas_dsf\sourcesdk_content\hl2\mapsrc\alley_of_horror_2.prt
LoadPortals: couldn't read c:\program files\steam\steamapps\dimas_dsf\sourcesdk_content\hl2\mapsrc\alley_of_horror_2.prt



[Reading texlights from 'lights.rad']
[48 texlights parsed from 'lights.rad']

Loading c:\program files\steam\steamapps\dimas_dsf\sourcesdk_content\hl2\mapsrc\alley_of_horror_2.bsp
No vis information, direct lighting only.
1640 faces
2171392 square feet [312680576.00 square inches]
0 Displacements
0 Square Feet [0.00 Square Inches]
can't solve quadratic for light 94.000000 94.000000
can't solve quadratic for light 30.000000 30.000000
can't solve quadratic for light 48.000000 48.000000
38 direct lights
0...1...2...3...4...5...6...7...8...9...10Build Patch/Sample Hash Table(s).....Done<0.0685 sec>
0...1...2...3...4...5...6...7...8...9...10FinalLightFace Done
3 of 31 (9% of) surface lights went in leaf ambient cubes.
0...1...2...3...4...5...6...7...8...9...10Writing leaf ambient...done
Ready to Finish

Object names       Objects/Maxobjs  Memory / Maxmem  Fullness 
------------       ---------------  ---------------  -------- 
models                  11/1024          528/49152    ( 1.1%) 
brushes                 71/8192          852/98304    ( 0.9%) 
brushsides             431/65536        3448/524288   ( 0.7%) 
planes                 416/65536        8320/1310720  ( 0.6%) 
vertexes              2074/65536       24888/786432   ( 3.2%) 
nodes                  732/65536       23424/2097152  ( 1.1%) 
texinfos                52/12288        3744/884736   ( 0.4%) 
texdata                 12/2048          384/65536    ( 0.6%) 
dispinfos                0/0               0/0        ( 0.0%) 
disp_verts               0/0               0/0        ( 0.0%) 
disp_tris                0/0               0/0        ( 0.0%) 
disp_lmsamples           0/0               0/0        ( 0.0%) 
faces                 1640/65536       91840/3670016  ( 2.5%) 
hdr faces                0/65536           0/3670016  ( 0.0%) 
origfaces              230/65536       12880/3670016  ( 0.4%) 
leaves                 744/65536       23808/2097152  ( 1.1%) 
leaffaces             1720/65536        3440/131072   ( 2.6%) 
leafbrushes            362/65536         724/131072   ( 0.6%) 
areas                    3/256            24/2048     ( 1.2%) 
surfedges             8018/512000      32072/2048000  ( 1.6%) 
edges                 4129/256000      16516/1024000  ( 1.6%) 
LDR worldlights         38/8192         3344/720896   ( 0.5%) 
HDR worldlights          0/8192            0/720896   ( 0.0%) 
leafwaterdata            0/32768           0/393216   ( 0.0%) 
waterstrips             42/32768         420/327680   ( 0.1%) 
waterverts               0/65536           0/786432   ( 0.0%) 
waterindices           591/65536        1182/131072   ( 0.9%) 
cubemapsamples           0/1024            0/16384    ( 0.0%) 
overlays                 0/512             0/180224   ( 0.0%) 
LDR lightdata         [variable]     2631208/0        ( 0.0%) 
HDR lightdata         [variable]           0/0        ( 0.0%) 
visdata               [variable]           0/16777216 ( 0.0%) 
entdata               [variable]       21038/393216   ( 5.4%) 
LDR ambient table      744/65536        2976/262144   ( 1.1%) 
HDR ambient table      744/65536        2976/262144   ( 1.1%) 
LDR leaf ambient      2288/65536       64064/1835008  ( 3.5%) 
HDR leaf ambient       744/65536       20832/1835008  ( 1.1%) 
occluders                0/0               0/0        ( 0.0%) 
occluder polygons        0/0               0/0        ( 0.0%) 
occluder vert ind        0/0               0/0        ( 0.0%) 
detail props          [variable]           1/12       ( 8.3%) 
static props          [variable]           1/12       ( 8.3%) 
pakfile               [variable]      105699/0        ( 0.0%) 
physics               [variable]       25424/4194304  ( 0.6%) 
physics terrain       [variable]           2/1048576  ( 0.0%) 

Level flags = 0

Total triangle count: 3818
Writing c:\program files\steam\steamapps\dimas_dsf\sourcesdk_content\hl2\mapsrc\alley_of_horror_2.bsp
16 seconds elapsed



materialPath: c:\program files\steam\steamapps\dimas_dsf\half-life 2 episode one\episodic\materials
Loading c:\program files\steam\steamapps\dimas_dsf\sourcesdk_content\hl2\mapsrc\alley_of_horror_2.vmf
ConVarRef mat_reduceparticles doesn't point to an existing ConVar
Could not locate 'GameData' key in c:\program files\steam\steamapps\dimas_dsf\half-life 2 episode one\episodic\gameinfo.txt
fixing up env_cubemap materials on brush sides...
0...1...2...3...4...5...6...7...8...9...10**** leaked ****
Entity prop_dynamic (4636.00 1237.00 -2567.00) leaked!
Processing areas...done (0)
Building Faces...done (0)
Chop Details...done (0)
Find Visible Detail Sides...done (0)
Merging details...done (0)
FixTjuncs...
PruneNodes...
WriteBSP...
done (0)
Creating default LDR cubemaps for env_cubemap using skybox materials:
   skybox/sky_day01_01*.vmt
 ! Run buildcubemaps in the engine to get the correct cube maps.
Creating default HDR cubemaps for env_cubemap using skybox materials:
   skybox/sky_day01_01*.vmt
 ! Run buildcubemaps in the engine to get the correct cube maps.
Finding displacement neighbors...
Finding lightmap sample positions...
Displacement Alpha : 0...1...2...3...4...5...6...7...8...9...10
Building Physics collision data...
done (0) (25424 bytes)
Placing detail props : 0...1...2...3...4...5...6...7...8...9...10
Compacting texture/material tables...
Reduced 67 texinfos to 52
Reduced 12 texdatas to 12 (287 bytes to 287)
Writing c:\program files\steam\steamapps\dimas_dsf\sourcesdk_content\hl2\mapsrc\alley_of_horror_2.bsp
0 seconds elapsed



2 threads
reading c:\program files\steam\steamapps\dimas_dsf\sourcesdk_content\hl2\mapsrc\alley_of_horror_2.bsp
reading c:\program files\steam\steamapps\dimas_dsf\sourcesdk_content\hl2\mapsrc\alley_of_horror_2.prt
LoadPortals: couldn't read c:\program files\steam\steamapps\dimas_dsf\sourcesdk_content\hl2\mapsrc\alley_of_horror_2.prt



[Reading texlights from 'lights.rad']
[48 texlights parsed from 'lights.rad']

Loading c:\program files\steam\steamapps\dimas_dsf\sourcesdk_content\hl2\mapsrc\alley_of_horror_2.bsp
No vis information, direct lighting only.
1640 faces
2171392 square feet [312680576.00 square inches]
0 Displacements
0 Square Feet [0.00 Square Inches]
can't solve quadratic for light 94.000000 94.000000
can't solve quadratic for light 30.000000 30.000000
can't solve quadratic for light 48.000000 48.000000
38 direct lights
0...1...2...3...4...5...6...7...8...9...10Build Patch/Sample Hash Table(s).....Done<0.0640 sec>
0...1...2...3...4...5...6...7...8...9...10FinalLightFace Done
3 of 31 (9% of) surface lights went in leaf ambient cubes.
0...1...2...3...4...5...6...7...8...9...10Writing leaf ambient...done
Ready to Finish

Object names       Objects/Maxobjs  Memory / Maxmem  Fullness 
------------       ---------------  ---------------  -------- 
models                  11/1024          528/49152    ( 1.1%) 
brushes                 71/8192          852/98304    ( 0.9%) 
brushsides             431/65536        3448/524288   ( 0.7%) 
planes                 416/65536        8320/1310720  ( 0.6%) 
vertexes              2074/65536       24888/786432   ( 3.2%) 
nodes                  732/65536       23424/2097152  ( 1.1%) 
texinfos                52/12288        3744/884736   ( 0.4%) 
texdata                 12/2048          384/65536    ( 0.6%) 
dispinfos                0/0               0/0        ( 0.0%) 
disp_verts               0/0               0/0        ( 0.0%) 
disp_tris                0/0               0/0        ( 0.0%) 
disp_lmsamples           0/0               0/0        ( 0.0%) 
faces                 1640/65536       91840/3670016  ( 2.5%) 
hdr faces                0/65536           0/3670016  ( 0.0%) 
origfaces              230/65536       12880/3670016  ( 0.4%) 
leaves                 744/65536       23808/2097152  ( 1.1%) 
leaffaces             1720/65536        3440/131072   ( 2.6%) 
leafbrushes            362/65536         724/131072   ( 0.6%) 
areas                    3/256            24/2048     ( 1.2%) 
surfedges             8018/512000      32072/2048000  ( 1.6%) 
edges                 4129/256000      16516/1024000  ( 1.6%) 
LDR worldlights         38/8192         3344/720896   ( 0.5%) 
HDR worldlights          0/8192            0/720896   ( 0.0%) 
leafwaterdata            0/32768           0/393216   ( 0.0%) 
waterstrips             42/32768         420/327680   ( 0.1%) 
waterverts               0/65536           0/786432   ( 0.0%) 
waterindices           591/65536        1182/131072   ( 0.9%) 
cubemapsamples           0/1024            0/16384    ( 0.0%) 
overlays                 0/512             0/180224   ( 0.0%) 
LDR lightdata         [variable]     2631208/0        ( 0.0%) 
HDR lightdata         [variable]           0/0        ( 0.0%) 
visdata               [variable]           0/16777216 ( 0.0%) 
entdata               [variable]       21093/393216   ( 5.4%) 
LDR ambient table      744/65536        2976/262144   ( 1.1%) 
HDR ambient table      744/65536        2976/262144   ( 1.1%) 
LDR leaf ambient      2288/65536       64064/1835008  ( 3.5%) 
HDR leaf ambient       744/65536       20832/1835008  ( 1.1%) 
occluders                0/0               0/0        ( 0.0%) 
occluder polygons        0/0               0/0        ( 0.0%) 
occluder vert ind        0/0               0/0        ( 0.0%) 
detail props          [variable]           1/12       ( 8.3%) 
static props          [variable]           1/12       ( 8.3%) 
pakfile               [variable]      105699/0        ( 0.0%) 
physics               [variable]       25424/4194304  ( 0.6%) 
physics terrain       [variable]           2/1048576  ( 0.0%) 

Level flags = 0

Total triangle count: 3818
Writing c:\program files\steam\steamapps\dimas_dsf\sourcesdk_content\hl2\mapsrc\alley_of_horror_2.bsp
16 seconds elapsed



materialPath: c:\program files\steam\steamapps\dimas_dsf\half-life 2 episode one\episodic\materials
Loading c:\program files\steam\steamapps\dimas_dsf\sourcesdk_content\hl2\mapsrc\alley_of_horror_2.vmf
ConVarRef mat_reduceparticles doesn't point to an existing ConVar
Could not locate 'GameData' key in c:\program files\steam\steamapps\dimas_dsf\half-life 2 episode one\episodic\gameinfo.txt
fixing up env_cubemap materials on brush sides...
0...1...2...3...4...5...6...7...8...9...10**** leaked ****
Entity prop_dynamic (4636.00 1237.00 -2567.00) leaked!
Processing areas...done (0)
Building Faces...done (0)
Chop Details...done (0)
Find Visible Detail Sides...done (0)
Merging details...done (0)
FixTjuncs...
PruneNodes...
WriteBSP...
done (0)
Creating default LDR cubemaps for env_cubemap using skybox materials:
   skybox/sky_day01_01*.vmt
 ! Run buildcubemaps in the engine to get the correct cube maps.
Creating default HDR cubemaps for env_cubemap using skybox materials:
   skybox/sky_day01_01*.vmt
 ! Run buildcubemaps in the engine to get the correct cube maps.
Finding displacement neighbors...
Finding lightmap sample positions...
Displacement Alpha : 0...1...2...3...4...5...6...7...8...9...10
Building Physics collision data...
done (0) (25424 bytes)
Placing detail props : 0...1...2...3...4...5...6...7...8...9...10
Compacting texture/material tables...
Reduced 67 texinfos to 52
Reduced 12 texdatas to 12 (287 bytes to 287)
Writing c:\program files\steam\steamapps\dimas_dsf\sourcesdk_content\hl2\mapsrc\alley_of_horror_2.bsp
0 seconds elapsed



2 threads
reading c:\program files\steam\steamapps\dimas_dsf\sourcesdk_content\hl2\mapsrc\alley_of_horror_2.bsp
reading c:\program files\steam\steamapps\dimas_dsf\sourcesdk_content\hl2\mapsrc\alley_of_horror_2.prt
LoadPortals: couldn't read c:\program files\steam\steamapps\dimas_dsf\sourcesdk_content\hl2\mapsrc\alley_of_horror_2.prt



[Reading texlights from 'lights.rad']
[48 texlights parsed from 'lights.rad']

Loading c:\program files\steam\steamapps\dimas_dsf\sourcesdk_content\hl2\mapsrc\alley_of_horror_2.bsp
No vis information, direct lighting only.
1640 faces
2171392 square feet [312680576.00 square inches]
0 Displacements
0 Square Feet [0.00 Square Inches]
can't solve quadratic for light 94.000000 94.000000
can't solve quadratic for light 30.000000 30.000000
can't solve quadratic for light 48.000000 48.000000
38 direct lights
0...1...2...3...4...5...6...7...8...9...10Build Patch/Sample Hash Table(s).....Done<0.0715 sec>
0...1...2...3...4...5...6...7...8...9...10FinalLightFace Done
3 of 31 (9% of) surface lights went in leaf ambient cubes.
0...1...2...3...4...5...6...7...8...9...10Writing leaf ambient...done
Ready to Finish

Object names       Objects/Maxobjs  Memory / Maxmem  Fullness 
------------       ---------------  ---------------  -------- 
models                  11/1024          528/49152    ( 1.1%) 
brushes                 71/8192          852/98304    ( 0.9%) 
brushsides             431/65536        3448/524288   ( 0.7%) 
planes                 416/65536        8320/1310720  ( 0.6%) 
vertexes              2074/65536       24888/786432   ( 3.2%) 
nodes                  732/65536       23424/2097152  ( 1.1%) 
texinfos                52/12288        3744/884736   ( 0.4%) 
texdata                 12/2048          384/65536    ( 0.6%) 
dispinfos                0/0               0/0        ( 0.0%) 
disp_verts               0/0               0/0        ( 0.0%) 
disp_tris                0/0               0/0        ( 0.0%) 
disp_lmsamples           0/0               0/0        ( 0.0%) 
faces                 1640/65536       91840/3670016  ( 2.5%) 
hdr faces                0/65536           0/3670016  ( 0.0%) 
origfaces              230/65536       12880/3670016  ( 0.4%) 
leaves                 744/65536       23808/2097152  ( 1.1%) 
leaffaces             1720/65536        3440/131072   ( 2.6%) 
leafbrushes            362/65536         724/131072   ( 0.6%) 
areas                    3/256            24/2048     ( 1.2%) 
surfedges             8018/512000      32072/2048000  ( 1.6%) 
edges                 4129/256000      16516/1024000  ( 1.6%) 
LDR worldlights         38/8192         3344/720896   ( 0.5%) 
HDR worldlights          0/8192            0/720896   ( 0.0%) 
leafwaterdata            0/32768           0/393216   ( 0.0%) 
waterstrips             42/32768         420/327680   ( 0.1%) 
waterverts               0/65536           0/786432   ( 0.0%) 
waterindices           591/65536        1182/131072   ( 0.9%) 
cubemapsamples           0/1024            0/16384    ( 0.0%) 
overlays                 0/512             0/180224   ( 0.0%) 
LDR lightdata         [variable]     2631208/0        ( 0.0%) 
HDR lightdata         [variable]           0/0        ( 0.0%) 
visdata               [variable]           0/16777216 ( 0.0%) 
entdata               [variable]       20826/393216   ( 5.3%) 
LDR ambient table      744/65536        2976/262144   ( 1.1%) 
HDR ambient table      744/65536        2976/262144   ( 1.1%) 
LDR leaf ambient      2288/65536       64064/1835008  ( 3.5%) 
HDR leaf ambient       744/65536       20832/1835008  ( 1.1%) 
occluders                0/0               0/0        ( 0.0%) 
occluder polygons        0/0               0/0        ( 0.0%) 
occluder vert ind        0/0               0/0        ( 0.0%) 
detail props          [variable]           1/12       ( 8.3%) 
static props          [variable]           1/12       ( 8.3%) 
pakfile               [variable]      105699/0        ( 0.0%) 
physics               [variable]       25424/4194304  ( 0.6%) 
physics terrain       [variable]           2/1048576  ( 0.0%) 

Level flags = 0

Total triangle count: 3818
Writing c:\program files\steam\steamapps\dimas_dsf\sourcesdk_content\hl2\mapsrc\alley_of_horror_2.bsp
17 seconds elapsed



materialPath: c:\program files\steam\steamapps\dimas_dsf\half-life 2 episode one\episodic\materials
Loading c:\program files\steam\steamapps\dimas_dsf\sourcesdk_content\hl2\mapsrc\alley_of_horror_2.vmf
ConVarRef mat_reduceparticles doesn't point to an existing ConVar
Could not locate 'GameData' key in c:\program files\steam\steamapps\dimas_dsf\half-life 2 episode one\episodic\gameinfo.txt
fixing up env_cubemap materials on brush sides...
0...1...2...3...4...5...6...7...8...9...10**** leaked ****
Entity prop_dynamic (4636.00 1237.00 -2567.00) leaked!
Processing areas...done (0)
Building Faces...done (0)
Chop Details...done (0)
Find Visible Detail Sides...done (0)
Merging details...done (0)
FixTjuncs...
PruneNodes...
WriteBSP...
done (0)
Creating default LDR cubemaps for env_cubemap using skybox materials:
   skybox/sky_day01_01*.vmt
 ! Run buildcubemaps in the engine to get the correct cube maps.
Creating default HDR cubemaps for env_cubemap using skybox materials:
   skybox/sky_day01_01*.vmt
 ! Run buildcubemaps in the engine to get the correct cube maps.
Finding displacement neighbors...
Finding lightmap sample positions...
Displacement Alpha : 0...1...2...3...4...5...6...7...8...9...10
Building Physics collision data...
done (0) (25421 bytes)
Placing detail props : 0...1...2...3...4...5...6...7...8...9...10
Compacting texture/material tables...
Reduced 68 texinfos to 51
Reduced 12 texdatas to 12 (287 bytes to 287)
Writing c:\program files\steam\steamapps\dimas_dsf\sourcesdk_content\hl2\mapsrc\alley_of_horror_2.bsp
0 seconds elapsed



2 threads
reading c:\program files\steam\steamapps\dimas_dsf\sourcesdk_content\hl2\mapsrc\alley_of_horror_2.bsp
reading c:\program files\steam\steamapps\dimas_dsf\sourcesdk_content\hl2\mapsrc\alley_of_horror_2.prt
LoadPortals: couldn't read c:\program files\steam\steamapps\dimas_dsf\sourcesdk_content\hl2\mapsrc\alley_of_horror_2.prt



[Reading texlights from 'lights.rad']
[48 texlights parsed from 'lights.rad']

Loading c:\program files\steam\steamapps\dimas_dsf\sourcesdk_content\hl2\mapsrc\alley_of_horror_2.bsp
No vis information, direct lighting only.
2853 faces
2171391 square feet [312680320.00 square inches]
0 Displacements
0 Square Feet [0.00 Square Inches]
can't solve quadratic for light 94.000000 94.000000
can't solve quadratic for light 30.000000 30.000000
can't solve quadratic for light 48.000000 48.000000
38 direct lights
0...1...2...3...4...5...6...7...8...9...10Build Patch/Sample Hash Table(s).....Done<0.1834 sec>
0...1...2...3...4...5...6...7...8...9...10FinalLightFace Done
3 of 31 (9% of) surface lights went in leaf ambient cubes.
0...1...2...3...4...5...6...7...8...9...10Writing leaf ambient...done
Ready to Finish

Object names       Objects/Maxobjs  Memory / Maxmem  Fullness 
------------       ---------------  ---------------  -------- 
models                  11/1024          528/49152    ( 1.1%) 
brushes                 71/8192          852/98304    ( 0.9%) 
brushsides             431/65536        3448/524288   ( 0.7%) 
planes                 416/65536        8320/1310720  ( 0.6%) 
vertexes              3348/65536       40176/786432   ( 5.1%) 
nodes                  732/65536       23424/2097152  ( 1.1%) 
texinfos                51/12288        3672/884736   ( 0.4%) 
texdata                 12/2048          384/65536    ( 0.6%) 
dispinfos                0/0               0/0        ( 0.0%) 
disp_verts               0/0               0/0        ( 0.0%) 
disp_tris                0/0               0/0        ( 0.0%) 
disp_lmsamples           0/0               0/0        ( 0.0%) 
faces                 2853/65536      159768/3670016  ( 4.4%) 
hdr faces                0/65536           0/3670016  ( 0.0%) 
origfaces              231/65536       12936/3670016  ( 0.4%) 
leaves                 744/65536       23808/2097152  ( 1.1%) 
leaffaces             3032/65536        6064/131072   ( 4.6%) 
leafbrushes            362/65536         724/131072   ( 0.6%) 
areas                    3/256            24/2048     ( 1.2%) 
surfedges            12998/512000      51992/2048000  ( 2.5%) 
edges                 6619/256000      26476/1024000  ( 2.6%) 
LDR worldlights         38/8192         3344/720896   ( 0.5%) 
HDR worldlights          0/8192            0/720896   ( 0.0%) 
leafwaterdata            0/32768           0/393216   ( 0.0%) 
waterstrips             52/32768         520/327680   ( 0.2%) 
waterverts               0/65536           0/786432   ( 0.0%) 
waterindices           756/65536        1512/131072   ( 1.2%) 
cubemapsamples           0/1024            0/16384    ( 0.0%) 
overlays                 0/512             0/180224   ( 0.0%) 
LDR lightdata         [variable]     6077988/0        ( 0.0%) 
HDR lightdata         [variable]           0/0        ( 0.0%) 
visdata               [variable]           0/16777216 ( 0.0%) 
entdata               [variable]       20853/393216   ( 5.3%) 
LDR ambient table      744/65536        2976/262144   ( 1.1%) 
HDR ambient table      744/65536        2976/262144   ( 1.1%) 
LDR leaf ambient      2287/65536       64036/1835008  ( 3.5%) 
HDR leaf ambient       744/65536       20832/1835008  ( 1.1%) 
occluders                0/0               0/0        ( 0.0%) 
occluder polygons        0/0               0/0        ( 0.0%) 
occluder vert ind        0/0               0/0        ( 0.0%) 
detail props          [variable]           1/12       ( 8.3%) 
static props          [variable]           1/12       ( 8.3%) 
pakfile               [variable]      105699/0        ( 0.0%) 
physics               [variable]       25421/4194304  ( 0.6%) 
physics terrain       [variable]           2/1048576  ( 0.0%) 

Level flags = 0

Total triangle count: 6368
Writing c:\program files\steam\steamapps\dimas_dsf\sourcesdk_content\hl2\mapsrc\alley_of_horror_2.bsp
24 seconds elapsed
