PRT1
20
43
4 0 4 (0 320 1150 ) (0 574 1150 ) (0 574 384 ) (0 320 384 ) 
4 0 1 (894 320 384 ) (894 320 1150 ) (0 320 1150 ) (0 320 384 ) 
4 1 11 (62 0 382 ) (192 0 382 ) (192 0 1150 ) (62 0 1150 ) 
4 1 10 (192 0 382 ) (894 0 382 ) (894 0 1150 ) (192 0 1150 ) 
4 1 15 (0 0 1150 ) (0 0 382 ) (62 0 382 ) (62 0 1150 ) 
4 1 5 (0 0 382 ) (0 0 1150 ) (0 320 1150 ) (0 320 382 ) 
4 1 3 (894 320 382 ) (894 0 382 ) (0 0 382 ) (0 320 382 ) 
4 2 7 (0 322 382 ) (0 574 382 ) (0 574 2 ) (0 322 2 ) 
4 3 12 (192 0 37 ) (192 0 41 ) (112 0 41 ) (112 0 37 ) 
4 3 13 (192 0 7 ) (192 0 13 ) (112 0 13 ) (112 0 7 ) 
4 3 11 (192 0 47 ) (192 0 382 ) (62 0 382 ) (62 0 47 ) 
4 3 10 (192 0 2 ) (894 0 2 ) (894 0 382 ) (192 0 382 ) 
4 3 15 (0 0 382 ) (0 0 2 ) (62 0 2 ) (62 0 382 ) 
4 3 8 (0 0 2 ) (0 0 382 ) (0 320 382 ) (0 320 2 ) 
4 4 5 (-128 320 1150 ) (-128 320 384 ) (0 320 384 ) (0 320 1150 ) 
4 4 6 (-128 574 1150 ) (-128 574 384 ) (-128 320 384 ) (-128 320 1150 ) 
4 5 19 (0 0 382 ) (0 0 1150 ) (-128 0 1150 ) (-128 0 382 ) 
4 5 8 (0 320 382 ) (0 0 382 ) (-126 0 382 ) (-126 320 382 ) 
4 5 9 (-126 0 382 ) (-128 0 382 ) (-128 320 382 ) (-126 320 382 ) 
4 5 6 (-128 320 382 ) (-128 0 382 ) (-128 0 1150 ) (-128 320 1150 ) 
4 6 19 (-128 0 1150 ) (-702 0 1150 ) (-702 0 382 ) (-128 0 382 ) 
4 6 9 (-702 0 382 ) (-702 574 382 ) (-128 574 382 ) (-128 0 382 ) 
4 7 9 (-126 322 382 ) (-126 574 382 ) (-126 574 2 ) (-126 322 2 ) 
4 8 19 (0 0 2 ) (0 0 382 ) (-126 0 382 ) (-126 0 2 ) 
4 8 9 (-126 0 382 ) (-126 320 382 ) (-126 320 2 ) (-126 0 2 ) 
4 9 19 (-126 0 382 ) (-702 0 382 ) (-702 0 2 ) (-126 0 2 ) 
4 10 16 (192 -123 2 ) (894 -123 2 ) (894 -123 1150 ) (192 -123 1150 ) 
4 10 12 (192 -123 37 ) (192 -123 41 ) (192 0 41 ) (192 0 37 ) 
4 10 13 (192 -123 7 ) (192 -123 13 ) (192 0 13 ) (192 0 7 ) 
4 10 11 (192 -123 47 ) (192 -123 1150 ) (192 0 1150 ) (192 0 47 ) 
4 11 16 (192 -123 47 ) (192 -123 1150 ) (62 -123 1150 ) (62 -123 47 ) 
4 11 15 (62 -123 47 ) (62 -123 1150 ) (62 0 1150 ) (62 0 47 ) 
4 12 16 (192 -123 37 ) (192 -123 41 ) (112 -123 41 ) (112 -123 37 ) 
4 12 14 (112 -91 41 ) (112 -44 41 ) (112 -44 37 ) (112 -91 37 ) 
4 13 16 (192 -123 7 ) (192 -123 13 ) (112 -123 13 ) (112 -123 7 ) 
4 13 14 (112 -44 7 ) (112 -91 7 ) (112 -91 13 ) (112 -44 13 ) 
4 14 15 (62 -91 41 ) (62 -44 41 ) (62 -44 7 ) (62 -91 7 ) 
4 15 19 (0 0 1150 ) (0 0 2 ) (0 -123 2 ) (0 -123 1150 ) 
4 15 16 (0 -123 2 ) (62 -123 2 ) (62 -123 1150 ) (0 -123 1150 ) 
4 16 19 (0 -123 2 ) (0 -574 2 ) (0 -574 1150 ) (0 -123 1150 ) 
4 16 18 (64 -123 2 ) (65 -123 2 ) (65 -126 2 ) (64 -126 2 ) 
4 16 17 (65 -123 2 ) (189 -123 2 ) (189 -126 2 ) (65 -126 2 ) 
4 17 18 (65 -123 2 ) (65 -123 1 ) (65 -126 1 ) (65 -126 2 ) 
