PRT1
45
143
4 0 7 (0 132 -642.791016 ) (0 132 -704 ) (0 128 -704 ) (0 128 -642.791016 ) 
4 0 6 (0 128 62 ) (0 132 62 ) (0 132 -642.791016 ) (0 128 -642.791016 ) 
4 0 5 (0 132 62 ) (0 574 62 ) (0 574 -704 ) (0 132 -704 ) 
4 0 1 (958 128 -704 ) (958 128 62 ) (0 128 62 ) (0 128 -704 ) 
4 1 35 (0 0 62 ) (0 0 -706 ) (958 0 -706 ) (958 0 62 ) 
4 1 7 (0 0 -706 ) (0 0 -642.791016 ) (0 128 -642.791016 ) (0 128 -706 ) 
4 1 6 (0 0 -642.791016 ) (0 0 62 ) (0 128 62 ) (0 128 -642.791016 ) 
4 1 3 (958 128 -706 ) (958 0 -706 ) (2 0 -706 ) (2 128 -706 ) 
4 1 4 (2 0 -706 ) (0 0 -706 ) (0 128 -706 ) (2 128 -706 ) 
4 2 4 (2 130 -706 ) (2 574 -706 ) (2 574 -958 ) (2 130 -958 ) 
4 3 35 (2 0 -958 ) (958 0 -958 ) (958 0 -706 ) (2 0 -706 ) 
4 3 4 (2 0 -706 ) (2 128 -706 ) (2 128 -958 ) (2 0 -958 ) 
4 4 35 (0 0 -706 ) (0 0 -958 ) (2 0 -958 ) (2 0 -706 ) 
4 4 18 (0 0 -958 ) (0 0 -707.791016 ) (0 132 -707.791016 ) (0 132 -958 ) 
4 4 11 (0 0 -707.791016 ) (0 0 -706 ) (0 132 -706 ) (0 132 -707.791016 ) 
4 4 5 (0 132 -706 ) (0 574 -706 ) (0 574 -958 ) (0 132 -958 ) 
4 5 27 (-702 132 -645 ) (-702 132 -710 ) (-640 132 -710 ) (-640 132 -645 ) 
4 5 26 (-702 132 -642.791016 ) (-702 132 -645 ) (-640 132 -645 ) (-640 132 -642.791016 ) 
4 5 34 (-702 132 -710 ) (-702 132 -958 ) (-640 132 -958 ) (-640 132 -710 ) 
4 5 22 (-640 132 -958 ) (-374 132 -958 ) (-374 132 -642.791016 ) (-640 132 -642.791016 ) 
4 5 19 (-322 132 -958 ) (-320 132 -958 ) (-320 132 -707.791016 ) (-322 132 -707.791016 ) 
4 5 18 (-320 132 -958 ) (0 132 -958 ) (0 132 -707.791016 ) (-320 132 -707.791016 ) 
4 5 21 (-374 132 -958 ) (-322 132 -958 ) (-322 132 -707.791016 ) (-374 132 -707.791016 ) 
4 5 12 (-320 132 -706 ) (-321 132 -706 ) (-321 132 -707.791016 ) (-320 132 -707.791016 ) 
4 5 11 (0 132 -707.791016 ) (0 132 -706 ) (-320 132 -706 ) (-320 132 -707.791016 ) 
4 5 8 (-320 132 -642.791016 ) (-321 132 -642.791016 ) (-321 132 -706 ) (-320 132 -706 ) 
4 5 7 (0 132 -706 ) (0 132 -642.791016 ) (-320 132 -642.791016 ) (-320 132 -706 ) 
4 5 6 (0 132 62 ) (-702 132 62 ) (-702 132 -642.791016 ) (0 132 -642.791016 ) 
4 6 36 (0 0 -642.791016 ) (0 0 62 ) (-702 0 62 ) (-702 0 -642.791016 ) 
4 6 26 (-702 0 -642.791016 ) (-702 132 -642.791016 ) (-640 132 -642.791016 ) (-640 0 -642.791016 ) 
4 6 23 (-374 128 -642.791016 ) (-374 0 -642.791016 ) (-640 0 -642.791016 ) (-640 128 -642.791016 ) 
4 6 22 (-640 132 -642.791016 ) (-374 132 -642.791016 ) (-374 128 -642.791016 ) (-640 128 -642.791016 ) 
4 6 14 (-321 83 -642.791016 ) (-321 0 -642.791016 ) (-374 0 -642.791016 ) (-374 83 -642.791016 ) 
4 6 9 (-320 128 -642.791016 ) (-320 0 -642.791016 ) (-321 0 -642.791016 ) (-321 128 -642.791016 ) 
4 6 8 (-321 132 -642.791016 ) (-320 132 -642.791016 ) (-320 128 -642.791016 ) (-321 128 -642.791016 ) 
4 6 7 (-320 132 -642.791016 ) (0 132 -642.791016 ) (0 0 -642.791016 ) (-320 0 -642.791016 ) 
4 7 39 (0 0 -706 ) (0 0 -700 ) (-320 0 -700 ) (-320 0 -706 ) 
4 7 36 (0 0 -700 ) (0 0 -642.791016 ) (-320 0 -642.791016 ) (-320 0 -700 ) 
4 7 11 (0 0 -706 ) (-320 0 -706 ) (-320 132 -706 ) (0 132 -706 ) 
4 7 10 (-320 128 -706 ) (-320 0 -706 ) (-320 0 -704 ) (-320 128 -704 ) 
4 7 9 (-320 0 -704 ) (-320 0 -642.791016 ) (-320 128 -642.791016 ) (-320 128 -704 ) 
4 7 8 (-320 132 -706 ) (-320 128 -706 ) (-320 128 -642.791016 ) (-320 132 -642.791016 ) 
4 8 12 (-321 128 -706 ) (-321 132 -706 ) (-320 132 -706 ) (-320 128 -706 ) 
4 8 10 (-321 128 -704 ) (-321 128 -706 ) (-320 128 -706 ) (-320 128 -704 ) 
4 8 9 (-321 128 -642.791016 ) (-321 128 -704 ) (-320 128 -704 ) (-320 128 -642.791016 ) 
4 9 40 (-321 0 -700 ) (-321 0 -704 ) (-320 0 -704 ) (-320 0 -700 ) 
4 9 36 (-320 0 -642.791016 ) (-321 0 -642.791016 ) (-321 0 -700 ) (-320 0 -700 ) 
4 9 14 (-321 0 -704 ) (-321 0 -642.791016 ) (-321 83 -642.791016 ) (-321 83 -704 ) 
4 9 10 (-321 0 -704 ) (-321 128 -704 ) (-320 128 -704 ) (-320 0 -704 ) 
4 10 41 (-321 0 -704 ) (-321 0 -706 ) (-320 0 -706 ) (-320 0 -704 ) 
4 10 15 (-321 0 -706 ) (-321 0 -704 ) (-321 83 -704 ) (-321 83 -706 ) 
4 10 13 (-320 0 -706 ) (-321 0 -706 ) (-321 128 -706 ) (-320 128 -706 ) 
4 11 42 (0 0 -707.791016 ) (0 0 -706 ) (-320 0 -706 ) (-320 0 -707.791016 ) 
4 11 18 (0 0 -707.791016 ) (-320 0 -707.791016 ) (-320 132 -707.791016 ) (0 132 -707.791016 ) 
4 11 13 (-320 128 -707.791016 ) (-320 0 -707.791016 ) (-320 0 -706 ) (-320 128 -706 ) 
4 11 12 (-320 132 -707.791016 ) (-320 128 -707.791016 ) (-320 128 -706 ) (-320 132 -706 ) 
4 12 19 (-321 128 -707.791016 ) (-321 132 -707.791016 ) (-320 132 -707.791016 ) (-320 128 -707.791016 ) 
4 12 13 (-320 128 -707.791016 ) (-320 128 -706 ) (-321 128 -706 ) (-321 128 -707.791016 ) 
4 13 43 (-320 0 -706 ) (-321 0 -706 ) (-321 0 -707.791016 ) (-320 0 -707.791016 ) 
4 13 20 (-320 0 -707.791016 ) (-321 0 -707.791016 ) (-321 128 -707.791016 ) (-320 128 -707.791016 ) 
4 13 16 (-321 83 -707.791016 ) (-321 0 -707.791016 ) (-321 0 -706 ) (-321 83 -706 ) 
4 14 40 (-374 0 -700 ) (-374 0 -704 ) (-321 0 -704 ) (-321 0 -700 ) 
4 14 36 (-321 0 -642.791016 ) (-374 0 -642.791016 ) (-374 0 -700 ) (-321 0 -700 ) 
4 14 23 (-374 0 -642.791016 ) (-374 83 -642.791016 ) (-374 83 -704 ) (-374 0 -704 ) 
4 14 15 (-374 0 -704 ) (-374 83 -704 ) (-321 83 -704 ) (-321 0 -704 ) 
4 15 41 (-374 0 -704 ) (-374 0 -706 ) (-321 0 -706 ) (-321 0 -704 ) 
4 15 24 (-374 83 -704 ) (-374 83 -706 ) (-374 0 -706 ) (-374 0 -704 ) 
4 15 17 (-374 0 -706 ) (-374 83 -706 ) (-322 83 -706 ) (-322 0 -706 ) 
4 15 16 (-322 83 -706 ) (-321 83 -706 ) (-321 0 -706 ) (-322 0 -706 ) 
4 16 43 (-322 0 -707.791016 ) (-321 0 -707.791016 ) (-321 0 -706 ) (-322 0 -706 ) 
4 16 20 (-321 0 -707.791016 ) (-322 0 -707.791016 ) (-322 83 -707.791016 ) (-321 83 -707.791016 ) 
4 16 17 (-322 0 -706 ) (-322 83 -706 ) (-322 83 -707.791016 ) (-322 0 -707.791016 ) 
4 17 44 (-374 0 -706 ) (-374 0 -707.791016 ) (-322 0 -707.791016 ) (-322 0 -706 ) 
4 17 25 (-374 83 -706 ) (-374 83 -707.791016 ) (-374 0 -707.791016 ) (-374 0 -706 ) 
4 17 21 (-322 0 -707.791016 ) (-374 0 -707.791016 ) (-374 83 -707.791016 ) (-322 83 -707.791016 ) 
4 18 42 (0 0 -958 ) (0 0 -707.791016 ) (-320 0 -707.791016 ) (-320 0 -958 ) 
4 18 20 (-320 0 -707.791016 ) (-320 128 -707.791016 ) (-320 128 -958 ) (-320 0 -958 ) 
4 18 19 (-320 128 -707.791016 ) (-320 132 -707.791016 ) (-320 132 -958 ) (-320 128 -958 ) 
4 19 21 (-322 128 -707.791016 ) (-322 132 -707.791016 ) (-322 132 -958 ) (-322 128 -958 ) 
4 19 20 (-322 128 -707.791016 ) (-322 128 -958 ) (-320 128 -958 ) (-320 128 -707.791016 ) 
4 20 43 (-320 0 -707.791016 ) (-322 0 -707.791016 ) (-322 0 -958 ) (-320 0 -958 ) 
4 20 21 (-322 0 -707.791016 ) (-322 128 -707.791016 ) (-322 128 -958 ) (-322 0 -958 ) 
4 21 44 (-322 0 -707.791016 ) (-374 0 -707.791016 ) (-374 0 -958 ) (-322 0 -958 ) 
4 21 25 (-374 128 -958 ) (-374 0 -958 ) (-374 0 -707.791016 ) (-374 128 -707.791016 ) 
4 21 22 (-374 132 -707.791016 ) (-374 132 -958 ) (-374 128 -958 ) (-374 128 -707.791016 ) 
4 22 27 (-640 132 -645 ) (-640 132 -710 ) (-640 128 -710 ) (-640 128 -645 ) 
4 22 26 (-640 128 -642.791016 ) (-640 132 -642.791016 ) (-640 132 -645 ) (-640 128 -645 ) 
4 22 34 (-640 132 -710 ) (-640 132 -958 ) (-640 128 -958 ) (-640 128 -710 ) 
4 22 24 (-640 128 -704 ) (-640 128 -706 ) (-374 128 -706 ) (-374 128 -704 ) 
4 22 23 (-640 128 -642.791016 ) (-640 128 -704 ) (-374 128 -704 ) (-374 128 -642.791016 ) 
4 22 25 (-640 128 -706 ) (-640 128 -958 ) (-374 128 -958 ) (-374 128 -706 ) 
4 23 40 (-640 0 -700 ) (-640 0 -704 ) (-374 0 -704 ) (-374 0 -700 ) 
4 23 36 (-374 0 -642.791016 ) (-640 0 -642.791016 ) (-640 0 -700 ) (-374 0 -700 ) 
4 23 31 (-640 60 -704 ) (-640 0 -704 ) (-640 0 -645 ) (-640 60 -645 ) 
4 23 28 (-640 128 -645 ) (-640 128 -704 ) (-640 125 -704 ) (-640 125 -645 ) 
4 23 26 (-640 0 -642.791016 ) (-640 128 -642.791016 ) (-640 128 -645 ) (-640 0 -645 ) 
4 23 24 (-640 0 -704 ) (-640 128 -704 ) (-374 128 -704 ) (-374 0 -704 ) 
4 24 41 (-640 0 -704 ) (-640 0 -706 ) (-374 0 -706 ) (-374 0 -704 ) 
4 24 32 (-640 60 -706 ) (-640 0 -706 ) (-640 0 -704 ) (-640 60 -704 ) 
4 24 29 (-640 128 -704 ) (-640 128 -706 ) (-640 125 -706 ) (-640 125 -704 ) 
4 24 25 (-640 0 -706 ) (-640 128 -706 ) (-374 128 -706 ) (-374 0 -706 ) 
4 25 44 (-640 0 -706 ) (-640 0 -958 ) (-374 0 -958 ) (-374 0 -706 ) 
4 25 33 (-640 60 -710 ) (-640 0 -710 ) (-640 0 -706 ) (-640 60 -706 ) 
4 25 30 (-640 128 -706 ) (-640 128 -710 ) (-640 125 -710 ) (-640 125 -706 ) 
4 25 34 (-640 128 -710 ) (-640 128 -958 ) (-640 0 -958 ) (-640 0 -710 ) 
4 26 36 (-640 0 -642.791016 ) (-702 0 -642.791016 ) (-702 0 -645 ) (-640 0 -645 ) 
4 26 31 (-702 0 -645 ) (-702 60 -645 ) (-640 60 -645 ) (-640 0 -645 ) 
4 26 28 (-702 125 -645 ) (-702 128 -645 ) (-640 128 -645 ) (-640 125 -645 ) 
4 26 27 (-702 128 -645 ) (-702 132 -645 ) (-640 132 -645 ) (-640 128 -645 ) 
4 27 29 (-640 128 -706 ) (-640 128 -704 ) (-702 128 -704 ) (-702 128 -706 ) 
4 27 28 (-640 128 -704 ) (-640 128 -645 ) (-702 128 -645 ) (-702 128 -704 ) 
4 27 30 (-702 128 -710 ) (-640 128 -710 ) (-640 128 -706 ) (-702 128 -706 ) 
4 27 34 (-702 128 -710 ) (-702 132 -710 ) (-640 132 -710 ) (-640 128 -710 ) 
4 28 29 (-640 125 -704 ) (-702 125 -704 ) (-702 128 -704 ) (-640 128 -704 ) 
4 29 30 (-640 125 -706 ) (-702 125 -706 ) (-702 128 -706 ) (-640 128 -706 ) 
4 30 34 (-702 125 -710 ) (-702 128 -710 ) (-640 128 -710 ) (-640 125 -710 ) 
4 31 40 (-702 0 -700 ) (-702 0 -704 ) (-640 0 -704 ) (-640 0 -700 ) 
4 31 36 (-702 0 -645 ) (-702 0 -700 ) (-640 0 -700 ) (-640 0 -645 ) 
4 31 32 (-702 0 -704 ) (-702 60 -704 ) (-640 60 -704 ) (-640 0 -704 ) 
4 32 41 (-702 0 -704 ) (-702 0 -706 ) (-640 0 -706 ) (-640 0 -704 ) 
4 32 33 (-702 0 -706 ) (-702 60 -706 ) (-640 60 -706 ) (-640 0 -706 ) 
4 33 44 (-702 0 -706 ) (-702 0 -710 ) (-640 0 -710 ) (-640 0 -706 ) 
4 33 34 (-702 0 -710 ) (-702 60 -710 ) (-640 60 -710 ) (-640 0 -710 ) 
4 34 44 (-702 0 -710 ) (-702 0 -958 ) (-640 0 -958 ) (-640 0 -710 ) 
4 35 42 (0 0 -706 ) (0 0 -958 ) (0 -574 -958 ) (0 -574 -706 ) 
4 35 39 (0 0 -700 ) (0 0 -706 ) (0 -574 -706 ) (0 -574 -700 ) 
4 35 37 (0 -539 -700 ) (0 -574 -700 ) (0 -574 62 ) (0 -539 62 ) 
4 35 36 (0 0 62 ) (0 0 -700 ) (0 -539 -700 ) (0 -539 62 ) 
4 36 40 (-702 -539 -700 ) (-702 0 -700 ) (-320 0 -700 ) (-320 -539 -700 ) 
4 36 39 (-320 0 -700 ) (0 0 -700 ) (0 -539 -700 ) (-320 -539 -700 ) 
4 36 38 (-702 -539 62 ) (-702 -539 -645 ) (-657 -539 -645 ) (-657 -539 62 ) 
4 36 37 (-657 -539 -700 ) (0 -539 -700 ) (0 -539 62 ) (-657 -539 62 ) 
4 37 40 (-657 -539 -700 ) (-320 -539 -700 ) (-320 -574 -700 ) (-657 -574 -700 ) 
4 37 39 (-320 -539 -700 ) (0 -539 -700 ) (0 -574 -700 ) (-320 -574 -700 ) 
4 37 38 (-657 -539 62 ) (-657 -539 -645 ) (-657 -574 -645 ) (-657 -574 62 ) 
4 39 42 (0 -574 -706 ) (-320 -574 -706 ) (-320 0 -706 ) (0 0 -706 ) 
4 39 41 (-320 0 -706 ) (-320 -574 -706 ) (-320 -574 -704 ) (-320 0 -704 ) 
4 39 40 (-320 -574 -704 ) (-320 -574 -700 ) (-320 0 -700 ) (-320 0 -704 ) 
4 40 41 (-320 0 -704 ) (-320 -574 -704 ) (-702 -574 -704 ) (-702 0 -704 ) 
4 41 43 (-320 -574 -706 ) (-322 -574 -706 ) (-322 0 -706 ) (-320 0 -706 ) 
4 41 44 (-322 -574 -706 ) (-702 -574 -706 ) (-702 0 -706 ) (-322 0 -706 ) 
4 42 43 (-320 0 -958 ) (-320 -574 -958 ) (-320 -574 -706 ) (-320 0 -706 ) 
4 43 44 (-322 0 -958 ) (-322 -574 -958 ) (-322 -574 -706 ) (-322 0 -706 ) 
