


materialPath: c:\program files\steam\steamapps\dimas_dsf\half-life 2 episode one\episodic\materials
Loading c:\program files\steam\steamapps\dimas_dsf\sourcesdk_content\hl2\mapsrc\racetrack.vmf
Could not locate 'GameData' key in c:\program files\steam\steamapps\dimas_dsf\half-life 2 episode one\episodic\gameinfo.txt
Patching WVT material: maps/racetrack/nature/blenddirtgrass001a_wvt_patch
fixing up env_cubemap materials on brush sides...
0...1...2...3...4...5...6...7...8...9...100...1...2...3...4...5...6...7...8...9...10Processing areas...done (0)
Building Faces...done (0)
FixTjuncs...
PruneNodes...
WriteBSP...
done (0)
writing c:\program files\steam\steamapps\dimas_dsf\sourcesdk_content\hl2\mapsrc\racetrack.prt...Building visibility clusters...
done (0)
Creating default LDR cubemaps for env_cubemap using skybox materials:
   skybox/sky_day01_01*.vmt
 ! Run buildcubemaps in the engine to get the correct cube maps.
Creating default HDR cubemaps for env_cubemap using skybox materials:
   skybox/sky_day01_01*.vmt
 ! Run buildcubemaps in the engine to get the correct cube maps.
Finding displacement neighbors...
Finding lightmap sample positions...
Displacement Alpha : 0...1...2...3...4...5...6...7...8...9...10
Building Physics collision data...
done (0) (14589 bytes)
Placing detail props : 0...1...2...3...4...5...6...7...8...9...10
Compacting texture/material tables...
Reduced 21 texinfos to 13
Reduced 6 texdatas to 5 (164 bytes to 138)
Writing c:\program files\steam\steamapps\dimas_dsf\sourcesdk_content\hl2\mapsrc\racetrack.bsp
1 second elapsed



[Reading texlights from 'lights.rad']
[48 texlights parsed from 'lights.rad']

Loading c:\program files\steam\steamapps\dimas_dsf\sourcesdk_content\hl2\mapsrc\racetrack.bsp
No vis information, direct lighting only.
2286 faces
2346346 square feet [337873920.00 square inches]
0 Displacements
0 Square Feet [0.00 Square Inches]
0 direct lights
0...1...2...3...4...5...6...7...8...9...10Build Patch/Sample Hash Table(s).....Done<0.1049 sec>
0...1...2...3...4...5...6...7...8...9...10FinalLightFace Done
0 of 0 (0% of) surface lights went in leaf ambient cubes.
0...1...2...3...4...5...6...7...8...9...10Writing leaf ambient...done
Ready to Finish

Object names       Objects/Maxobjs  Memory / Maxmem  Fullness 
------------       ---------------  ---------------  -------- 
models                   2/1024           96/49152    ( 0.2%) 
brushes                 36/8192          432/98304    ( 0.4%) 
brushsides             369/65536        2952/524288   ( 0.6%) 
planes                 408/65536        8160/1310720  ( 0.6%) 
vertexes              2703/65536       32436/786432   ( 4.1%) 
nodes                  740/65536       23680/2097152  ( 1.1%) 
texinfos                13/12288         936/884736   ( 0.1%) 
texdata                  5/2048          160/65536    ( 0.2%) 
dispinfos                0/0               0/0        ( 0.0%) 
disp_verts               0/0               0/0        ( 0.0%) 
disp_tris                0/0               0/0        ( 0.0%) 
disp_lmsamples           0/0               0/0        ( 0.0%) 
faces                 2286/65536      128016/3670016  ( 3.5%) 
hdr faces                0/65536           0/3670016  ( 0.0%) 
origfaces              137/65536        7672/3670016  ( 0.2%) 
leaves                 743/65536       23776/2097152  ( 1.1%) 
leaffaces             2594/65536        5188/131072   ( 4.0%) 
leafbrushes            491/65536         982/131072   ( 0.7%) 
areas                    2/256            16/2048     ( 0.8%) 
surfedges            10751/512000      43004/2048000  ( 2.1%) 
edges                 5662/256000      22648/1024000  ( 2.2%) 
LDR worldlights          0/8192            0/720896   ( 0.0%) 
HDR worldlights          0/8192            0/720896   ( 0.0%) 
leafwaterdata            0/32768           0/393216   ( 0.0%) 
waterstrips            142/32768        1420/327680   ( 0.4%) 
waterverts               0/65536           0/786432   ( 0.0%) 
waterindices          1908/65536        3816/131072   ( 2.9%) 
cubemapsamples           0/1024            0/16384    ( 0.0%) 
overlays                 0/512             0/180224   ( 0.0%) 
LDR lightdata         [variable]     4108176/0        ( 0.0%) 
HDR lightdata         [variable]           0/0        ( 0.0%) 
visdata               [variable]           0/16777216 ( 0.0%) 
entdata               [variable]        3029/393216   ( 0.8%) 
LDR ambient table      743/65536        2972/262144   ( 1.1%) 
HDR ambient table      743/65536        2972/262144   ( 1.1%) 
LDR leaf ambient       515/65536       14420/1835008  ( 0.8%) 
HDR leaf ambient       743/65536       20804/1835008  ( 1.1%) 
occluders                0/0               0/0        ( 0.0%) 
occluder polygons        0/0               0/0        ( 0.0%) 
occluder vert ind        0/0               0/0        ( 0.0%) 
detail props          [variable]           1/12       ( 8.3%) 
static props          [variable]           1/12       ( 8.3%) 
pakfile               [variable]      106177/0        ( 0.0%) 
physics               [variable]       14589/4194304  ( 0.3%) 
physics terrain       [variable]           2/1048576  ( 0.0%) 

Level flags = 0

Total triangle count: 5607
Writing c:\program files\steam\steamapps\dimas_dsf\sourcesdk_content\hl2\mapsrc\racetrack.bsp
14 seconds elapsed



materialPath: c:\program files\steam\steamapps\dimas_dsf\half-life 2 episode one\episodic\materials
Loading c:\program files\steam\steamapps\dimas_dsf\sourcesdk_content\hl2\mapsrc\racetrack.vmf
Could not locate 'GameData' key in c:\program files\steam\steamapps\dimas_dsf\half-life 2 episode one\episodic\gameinfo.txt
Patching WVT material: maps/racetrack/nature/blenddirtgrass001a_wvt_patch
fixing up env_cubemap materials on brush sides...
0...1...2...3...4...5...6...7...8...9...100...1...2...3...4...5...6...7...8...9...10Processing areas...done (0)
Building Faces...done (0)
FixTjuncs...
PruneNodes...
WriteBSP...
done (0)
writing c:\program files\steam\steamapps\dimas_dsf\sourcesdk_content\hl2\mapsrc\racetrack.prt...Building visibility clusters...
done (0)
Creating default LDR cubemaps for env_cubemap using skybox materials:
   skybox/sky_day01_01*.vmt
 ! Run buildcubemaps in the engine to get the correct cube maps.
Creating default HDR cubemaps for env_cubemap using skybox materials:
   skybox/sky_day01_01*.vmt
 ! Run buildcubemaps in the engine to get the correct cube maps.
Finding displacement neighbors...
Finding lightmap sample positions...
Displacement Alpha : 0...1...2...3...4...5...6...7...8...9...10
Building Physics collision data...
done (0) (14589 bytes)
Placing detail props : 0...1...2...3...4...5...6...7...8...9...10
Compacting texture/material tables...
Reduced 21 texinfos to 13
Reduced 6 texdatas to 5 (164 bytes to 138)
Writing c:\program files\steam\steamapps\dimas_dsf\sourcesdk_content\hl2\mapsrc\racetrack.bsp
1 second elapsed



[Reading texlights from 'lights.rad']
[48 texlights parsed from 'lights.rad']

Loading c:\program files\steam\steamapps\dimas_dsf\sourcesdk_content\hl2\mapsrc\racetrack.bsp
No vis information, direct lighting only.
2286 faces
2346346 square feet [337873920.00 square inches]
0 Displacements
0 Square Feet [0.00 Square Inches]
0 direct lights
0...1...2...3...4...5...6...7...8...9...10Build Patch/Sample Hash Table(s).....Done<0.1028 sec>
0...1...2...3...4...5...6...7...8...9...10FinalLightFace Done
0 of 0 (0% of) surface lights went in leaf ambient cubes.
0...1...2...3...4...5...6...7...8...9...10Writing leaf ambient...done
Ready to Finish

Object names       Objects/Maxobjs  Memory / Maxmem  Fullness 
------------       ---------------  ---------------  -------- 
models                   2/1024           96/49152    ( 0.2%) 
brushes                 36/8192          432/98304    ( 0.4%) 
brushsides             369/65536        2952/524288   ( 0.6%) 
planes                 408/65536        8160/1310720  ( 0.6%) 
vertexes              2703/65536       32436/786432   ( 4.1%) 
nodes                  740/65536       23680/2097152  ( 1.1%) 
texinfos                13/12288         936/884736   ( 0.1%) 
texdata                  5/2048          160/65536    ( 0.2%) 
dispinfos                0/0               0/0        ( 0.0%) 
disp_verts               0/0               0/0        ( 0.0%) 
disp_tris                0/0               0/0        ( 0.0%) 
disp_lmsamples           0/0               0/0        ( 0.0%) 
faces                 2286/65536      128016/3670016  ( 3.5%) 
hdr faces                0/65536           0/3670016  ( 0.0%) 
origfaces              137/65536        7672/3670016  ( 0.2%) 
leaves                 743/65536       23776/2097152  ( 1.1%) 
leaffaces             2594/65536        5188/131072   ( 4.0%) 
leafbrushes            491/65536         982/131072   ( 0.7%) 
areas                    2/256            16/2048     ( 0.8%) 
surfedges            10751/512000      43004/2048000  ( 2.1%) 
edges                 5662/256000      22648/1024000  ( 2.2%) 
LDR worldlights          0/8192            0/720896   ( 0.0%) 
HDR worldlights          0/8192            0/720896   ( 0.0%) 
leafwaterdata            0/32768           0/393216   ( 0.0%) 
waterstrips            142/32768        1420/327680   ( 0.4%) 
waterverts               0/65536           0/786432   ( 0.0%) 
waterindices          1908/65536        3816/131072   ( 2.9%) 
cubemapsamples           0/1024            0/16384    ( 0.0%) 
overlays                 0/512             0/180224   ( 0.0%) 
LDR lightdata         [variable]     4108176/0        ( 0.0%) 
HDR lightdata         [variable]           0/0        ( 0.0%) 
visdata               [variable]           0/16777216 ( 0.0%) 
entdata               [variable]        3029/393216   ( 0.8%) 
LDR ambient table      743/65536        2972/262144   ( 1.1%) 
HDR ambient table      743/65536        2972/262144   ( 1.1%) 
LDR leaf ambient       515/65536       14420/1835008  ( 0.8%) 
HDR leaf ambient       743/65536       20804/1835008  ( 1.1%) 
occluders                0/0               0/0        ( 0.0%) 
occluder polygons        0/0               0/0        ( 0.0%) 
occluder vert ind        0/0               0/0        ( 0.0%) 
detail props          [variable]           1/12       ( 8.3%) 
static props          [variable]           1/12       ( 8.3%) 
pakfile               [variable]      106177/0        ( 0.0%) 
physics               [variable]       14589/4194304  ( 0.3%) 
physics terrain       [variable]           2/1048576  ( 0.0%) 

Level flags = 0

Total triangle count: 5607
Writing c:\program files\steam\steamapps\dimas_dsf\sourcesdk_content\hl2\mapsrc\racetrack.bsp
15 seconds elapsed



materialPath: c:\program files\steam\steamapps\dimas_dsf\half-life 2 episode one\episodic\materials
Loading c:\program files\steam\steamapps\dimas_dsf\sourcesdk_content\hl2\mapsrc\racetrack.vmf
Could not locate 'GameData' key in c:\program files\steam\steamapps\dimas_dsf\half-life 2 episode one\episodic\gameinfo.txt
Patching WVT material: maps/racetrack/nature/blenddirtgrass001a_wvt_patch
fixing up env_cubemap materials on brush sides...
0...1...2...3...4...5...6...7...8...9...100...1...2...3...4...5...6...7...8...9...10Processing areas...done (0)
Building Faces...done (0)
FixTjuncs...
PruneNodes...
WriteBSP...
done (0)
writing c:\program files\steam\steamapps\dimas_dsf\sourcesdk_content\hl2\mapsrc\racetrack.prt...Building visibility clusters...
done (0)
Creating default LDR cubemaps for env_cubemap using skybox materials:
   skybox/sky_day01_01*.vmt
 ! Run buildcubemaps in the engine to get the correct cube maps.
Creating default HDR cubemaps for env_cubemap using skybox materials:
   skybox/sky_day01_01*.vmt
 ! Run buildcubemaps in the engine to get the correct cube maps.
Finding displacement neighbors...
Finding lightmap sample positions...
Displacement Alpha : 0...1...2...3...4...5...6...7...8...9...10
Building Physics collision data...
done (0) (14589 bytes)
Placing detail props : 0...1...2...3...4...5...6...7...8...9...10
Compacting texture/material tables...
Reduced 21 texinfos to 13
Reduced 6 texdatas to 5 (164 bytes to 138)
Writing c:\program files\steam\steamapps\dimas_dsf\sourcesdk_content\hl2\mapsrc\racetrack.bsp
1 second elapsed



[Reading texlights from 'lights.rad']
[48 texlights parsed from 'lights.rad']

Loading c:\program files\steam\steamapps\dimas_dsf\sourcesdk_content\hl2\mapsrc\racetrack.bsp
No vis information, direct lighting only.
2286 faces
2346346 square feet [337873920.00 square inches]
0 Displacements
0 Square Feet [0.00 Square Inches]
0 direct lights
0...1...2...3...4...5...6...7...8...9...10Build Patch/Sample Hash Table(s).....Done<0.1018 sec>
0...1...2...3...4...5...6...7...8...9...10FinalLightFace Done
0 of 0 (0% of) surface lights went in leaf ambient cubes.
0...1...2...3...4...5...6...7...8...9...10Writing leaf ambient...done
Ready to Finish

Object names       Objects/Maxobjs  Memory / Maxmem  Fullness 
------------       ---------------  ---------------  -------- 
models                   2/1024           96/49152    ( 0.2%) 
brushes                 36/8192          432/98304    ( 0.4%) 
brushsides             369/65536        2952/524288   ( 0.6%) 
planes                 408/65536        8160/1310720  ( 0.6%) 
vertexes              2703/65536       32436/786432   ( 4.1%) 
nodes                  740/65536       23680/2097152  ( 1.1%) 
texinfos                13/12288         936/884736   ( 0.1%) 
texdata                  5/2048          160/65536    ( 0.2%) 
dispinfos                0/0               0/0        ( 0.0%) 
disp_verts               0/0               0/0        ( 0.0%) 
disp_tris                0/0               0/0        ( 0.0%) 
disp_lmsamples           0/0               0/0        ( 0.0%) 
faces                 2286/65536      128016/3670016  ( 3.5%) 
hdr faces                0/65536           0/3670016  ( 0.0%) 
origfaces              137/65536        7672/3670016  ( 0.2%) 
leaves                 743/65536       23776/2097152  ( 1.1%) 
leaffaces             2594/65536        5188/131072   ( 4.0%) 
leafbrushes            491/65536         982/131072   ( 0.7%) 
areas                    2/256            16/2048     ( 0.8%) 
surfedges            10751/512000      43004/2048000  ( 2.1%) 
edges                 5662/256000      22648/1024000  ( 2.2%) 
LDR worldlights          0/8192            0/720896   ( 0.0%) 
HDR worldlights          0/8192            0/720896   ( 0.0%) 
leafwaterdata            0/32768           0/393216   ( 0.0%) 
waterstrips            142/32768        1420/327680   ( 0.4%) 
waterverts               0/65536           0/786432   ( 0.0%) 
waterindices          1908/65536        3816/131072   ( 2.9%) 
cubemapsamples           0/1024            0/16384    ( 0.0%) 
overlays                 0/512             0/180224   ( 0.0%) 
LDR lightdata         [variable]     4108176/0        ( 0.0%) 
HDR lightdata         [variable]           0/0        ( 0.0%) 
visdata               [variable]           0/16777216 ( 0.0%) 
entdata               [variable]        3250/393216   ( 0.8%) 
LDR ambient table      743/65536        2972/262144   ( 1.1%) 
HDR ambient table      743/65536        2972/262144   ( 1.1%) 
LDR leaf ambient       515/65536       14420/1835008  ( 0.8%) 
HDR leaf ambient       743/65536       20804/1835008  ( 1.1%) 
occluders                0/0               0/0        ( 0.0%) 
occluder polygons        0/0               0/0        ( 0.0%) 
occluder vert ind        0/0               0/0        ( 0.0%) 
detail props          [variable]           1/12       ( 8.3%) 
static props          [variable]           1/12       ( 8.3%) 
pakfile               [variable]      106177/0        ( 0.0%) 
physics               [variable]       14589/4194304  ( 0.3%) 
physics terrain       [variable]           2/1048576  ( 0.0%) 

Level flags = 0

Total triangle count: 5607
Writing c:\program files\steam\steamapps\dimas_dsf\sourcesdk_content\hl2\mapsrc\racetrack.bsp
15 seconds elapsed



materialPath: c:\program files\steam\steamapps\dimas_dsf\half-life 2 episode one\episodic\materials
Loading c:\program files\steam\steamapps\dimas_dsf\sourcesdk_content\hl2\mapsrc\racetrack.vmf
Could not locate 'GameData' key in c:\program files\steam\steamapps\dimas_dsf\half-life 2 episode one\episodic\gameinfo.txt
Patching WVT material: maps/racetrack/nature/blenddirtgrass001a_wvt_patch
fixing up env_cubemap materials on brush sides...
0...1...2...3...4...5...6...7...8...9...100...1...2...3...4...5...6...7...8...9...10Processing areas...done (0)
Building Faces...done (0)
FixTjuncs...
PruneNodes...
WriteBSP...
done (0)
writing c:\program files\steam\steamapps\dimas_dsf\sourcesdk_content\hl2\mapsrc\racetrack.prt...Building visibility clusters...
done (0)
Creating default LDR cubemaps for env_cubemap using skybox materials:
   skybox/sky_day01_01*.vmt
 ! Run buildcubemaps in the engine to get the correct cube maps.
Creating default HDR cubemaps for env_cubemap using skybox materials:
   skybox/sky_day01_01*.vmt
 ! Run buildcubemaps in the engine to get the correct cube maps.
Finding displacement neighbors...
Finding lightmap sample positions...
Displacement Alpha : 0...1...2...3...4...5...6...7...8...9...10
Building Physics collision data...
done (0) (14589 bytes)
Placing detail props : 0...1...2...3...4...5...6...7...8...9...10
Compacting texture/material tables...
Reduced 21 texinfos to 13
Reduced 6 texdatas to 5 (164 bytes to 138)
Writing c:\program files\steam\steamapps\dimas_dsf\sourcesdk_content\hl2\mapsrc\racetrack.bsp
1 second elapsed



[Reading texlights from 'lights.rad']
[48 texlights parsed from 'lights.rad']

Loading c:\program files\steam\steamapps\dimas_dsf\sourcesdk_content\hl2\mapsrc\racetrack.bsp
No vis information, direct lighting only.
2286 faces
2346346 square feet [337873920.00 square inches]
0 Displacements
0 Square Feet [0.00 Square Inches]
0 direct lights
0...1...2...3...4...5...6...7...8...9...10Build Patch/Sample Hash Table(s).....Done<0.1019 sec>
0...1...2...3...4...5...6...7...8...9...10FinalLightFace Done
0 of 0 (0% of) surface lights went in leaf ambient cubes.
0...1...2...3...4...5...6...7...8...9...10Writing leaf ambient...done
Ready to Finish

Object names       Objects/Maxobjs  Memory / Maxmem  Fullness 
------------       ---------------  ---------------  -------- 
models                   2/1024           96/49152    ( 0.2%) 
brushes                 36/8192          432/98304    ( 0.4%) 
brushsides             369/65536        2952/524288   ( 0.6%) 
planes                 408/65536        8160/1310720  ( 0.6%) 
vertexes              2703/65536       32436/786432   ( 4.1%) 
nodes                  740/65536       23680/2097152  ( 1.1%) 
texinfos                13/12288         936/884736   ( 0.1%) 
texdata                  5/2048          160/65536    ( 0.2%) 
dispinfos                0/0               0/0        ( 0.0%) 
disp_verts               0/0               0/0        ( 0.0%) 
disp_tris                0/0               0/0        ( 0.0%) 
disp_lmsamples           0/0               0/0        ( 0.0%) 
faces                 2286/65536      128016/3670016  ( 3.5%) 
hdr faces                0/65536           0/3670016  ( 0.0%) 
origfaces              137/65536        7672/3670016  ( 0.2%) 
leaves                 743/65536       23776/2097152  ( 1.1%) 
leaffaces             2594/65536        5188/131072   ( 4.0%) 
leafbrushes            491/65536         982/131072   ( 0.7%) 
areas                    2/256            16/2048     ( 0.8%) 
surfedges            10751/512000      43004/2048000  ( 2.1%) 
edges                 5662/256000      22648/1024000  ( 2.2%) 
LDR worldlights          0/8192            0/720896   ( 0.0%) 
HDR worldlights          0/8192            0/720896   ( 0.0%) 
leafwaterdata            0/32768           0/393216   ( 0.0%) 
waterstrips            142/32768        1420/327680   ( 0.4%) 
waterverts               0/65536           0/786432   ( 0.0%) 
waterindices          1908/65536        3816/131072   ( 2.9%) 
cubemapsamples           0/1024            0/16384    ( 0.0%) 
overlays                 0/512             0/180224   ( 0.0%) 
LDR lightdata         [variable]     4108176/0        ( 0.0%) 
HDR lightdata         [variable]           0/0        ( 0.0%) 
visdata               [variable]           0/16777216 ( 0.0%) 
entdata               [variable]        3258/393216   ( 0.8%) 
LDR ambient table      743/65536        2972/262144   ( 1.1%) 
HDR ambient table      743/65536        2972/262144   ( 1.1%) 
LDR leaf ambient       515/65536       14420/1835008  ( 0.8%) 
HDR leaf ambient       743/65536       20804/1835008  ( 1.1%) 
occluders                0/0               0/0        ( 0.0%) 
occluder polygons        0/0               0/0        ( 0.0%) 
occluder vert ind        0/0               0/0        ( 0.0%) 
detail props          [variable]           1/12       ( 8.3%) 
static props          [variable]           1/12       ( 8.3%) 
pakfile               [variable]      106177/0        ( 0.0%) 
physics               [variable]       14589/4194304  ( 0.3%) 
physics terrain       [variable]           2/1048576  ( 0.0%) 

Level flags = 0

Total triangle count: 5607
Writing c:\program files\steam\steamapps\dimas_dsf\sourcesdk_content\hl2\mapsrc\racetrack.bsp
15 seconds elapsed



materialPath: c:\program files\steam\steamapps\dimas_dsf\half-life 2 episode one\episodic\materials
Loading c:\program files\steam\steamapps\dimas_dsf\sourcesdk_content\hl2\mapsrc\racetrack.vmf
Could not locate 'GameData' key in c:\program files\steam\steamapps\dimas_dsf\half-life 2 episode one\episodic\gameinfo.txt
Patching WVT material: maps/racetrack/nature/blenddirtgrass001a_wvt_patch
fixing up env_cubemap materials on brush sides...
0...1...2...3...4...5...6...7...8...9...100...1...2...3...4...5...6...7...8...9...10Processing areas...done (0)
Building Faces...done (0)
FixTjuncs...
PruneNodes...
WriteBSP...
done (0)
writing c:\program files\steam\steamapps\dimas_dsf\sourcesdk_content\hl2\mapsrc\racetrack.prt...Building visibility clusters...
done (0)
Creating default LDR cubemaps for env_cubemap using skybox materials:
   skybox/sky_day01_01*.vmt
 ! Run buildcubemaps in the engine to get the correct cube maps.
Creating default HDR cubemaps for env_cubemap using skybox materials:
   skybox/sky_day01_01*.vmt
 ! Run buildcubemaps in the engine to get the correct cube maps.
Finding displacement neighbors...
Finding lightmap sample positions...
Displacement Alpha : 0...1...2...3...4...5...6...7...8...9...10
Building Physics collision data...
done (0) (14589 bytes)
Placing detail props : 0...1...2...3...4...5...6...7...8...9...10
Compacting texture/material tables...
Reduced 21 texinfos to 13
Reduced 6 texdatas to 5 (164 bytes to 138)
Writing c:\program files\steam\steamapps\dimas_dsf\sourcesdk_content\hl2\mapsrc\racetrack.bsp
1 second elapsed



[Reading texlights from 'lights.rad']
[48 texlights parsed from 'lights.rad']

Loading c:\program files\steam\steamapps\dimas_dsf\sourcesdk_content\hl2\mapsrc\racetrack.bsp
No vis information, direct lighting only.
2286 faces
2346346 square feet [337873920.00 square inches]
0 Displacements
0 Square Feet [0.00 Square Inches]
0 direct lights
0...1...2...3...4...5...6...7...8...9...10Build Patch/Sample Hash Table(s).....Done<0.1022 sec>
0...1...2...3...4...5...6...7...8...9...10FinalLightFace Done
0 of 0 (0% of) surface lights went in leaf ambient cubes.
0...1...2...3...4...5...6...7...8...9...10Writing leaf ambient...done
Ready to Finish

Object names       Objects/Maxobjs  Memory / Maxmem  Fullness 
------------       ---------------  ---------------  -------- 
models                   2/1024           96/49152    ( 0.2%) 
brushes                 36/8192          432/98304    ( 0.4%) 
brushsides             369/65536        2952/524288   ( 0.6%) 
planes                 408/65536        8160/1310720  ( 0.6%) 
vertexes              2703/65536       32436/786432   ( 4.1%) 
nodes                  740/65536       23680/2097152  ( 1.1%) 
texinfos                13/12288         936/884736   ( 0.1%) 
texdata                  5/2048          160/65536    ( 0.2%) 
dispinfos                0/0               0/0        ( 0.0%) 
disp_verts               0/0               0/0        ( 0.0%) 
disp_tris                0/0               0/0        ( 0.0%) 
disp_lmsamples           0/0               0/0        ( 0.0%) 
faces                 2286/65536      128016/3670016  ( 3.5%) 
hdr faces                0/65536           0/3670016  ( 0.0%) 
origfaces              137/65536        7672/3670016  ( 0.2%) 
leaves                 743/65536       23776/2097152  ( 1.1%) 
leaffaces             2594/65536        5188/131072   ( 4.0%) 
leafbrushes            491/65536         982/131072   ( 0.7%) 
areas                    2/256            16/2048     ( 0.8%) 
surfedges            10751/512000      43004/2048000  ( 2.1%) 
edges                 5662/256000      22648/1024000  ( 2.2%) 
LDR worldlights          0/8192            0/720896   ( 0.0%) 
HDR worldlights          0/8192            0/720896   ( 0.0%) 
leafwaterdata            0/32768           0/393216   ( 0.0%) 
waterstrips            142/32768        1420/327680   ( 0.4%) 
waterverts               0/65536           0/786432   ( 0.0%) 
waterindices          1908/65536        3816/131072   ( 2.9%) 
cubemapsamples           0/1024            0/16384    ( 0.0%) 
overlays                 0/512             0/180224   ( 0.0%) 
LDR lightdata         [variable]     4108176/0        ( 0.0%) 
HDR lightdata         [variable]           0/0        ( 0.0%) 
visdata               [variable]           0/16777216 ( 0.0%) 
entdata               [variable]        3215/393216   ( 0.8%) 
LDR ambient table      743/65536        2972/262144   ( 1.1%) 
HDR ambient table      743/65536        2972/262144   ( 1.1%) 
LDR leaf ambient       515/65536       14420/1835008  ( 0.8%) 
HDR leaf ambient       743/65536       20804/1835008  ( 1.1%) 
occluders                0/0               0/0        ( 0.0%) 
occluder polygons        0/0               0/0        ( 0.0%) 
occluder vert ind        0/0               0/0        ( 0.0%) 
detail props          [variable]           1/12       ( 8.3%) 
static props          [variable]           1/12       ( 8.3%) 
pakfile               [variable]      106177/0        ( 0.0%) 
physics               [variable]       14589/4194304  ( 0.3%) 
physics terrain       [variable]           2/1048576  ( 0.0%) 

Level flags = 0

Total triangle count: 5607
Writing c:\program files\steam\steamapps\dimas_dsf\sourcesdk_content\hl2\mapsrc\racetrack.bsp
15 seconds elapsed



materialPath: c:\program files\steam\steamapps\dimas_dsf\half-life 2 episode one\episodic\materials
Loading c:\program files\steam\steamapps\dimas_dsf\sourcesdk_content\hl2\mapsrc\racetrack.vmf
Could not locate 'GameData' key in c:\program files\steam\steamapps\dimas_dsf\half-life 2 episode one\episodic\gameinfo.txt
Patching WVT material: maps/racetrack/nature/blenddirtgrass001a_wvt_patch
fixing up env_cubemap materials on brush sides...
0...1...2...3...4...5...6...7...8...9...100...1...2...3...4...5...6...7...8...9...10Processing areas...done (0)
Building Faces...done (0)
FixTjuncs...
PruneNodes...
WriteBSP...
done (0)
writing c:\program files\steam\steamapps\dimas_dsf\sourcesdk_content\hl2\mapsrc\racetrack.prt...Building visibility clusters...
done (0)
Creating default LDR cubemaps for env_cubemap using skybox materials:
   skybox/sky_day01_01*.vmt
 ! Run buildcubemaps in the engine to get the correct cube maps.
Creating default HDR cubemaps for env_cubemap using skybox materials:
   skybox/sky_day01_01*.vmt
 ! Run buildcubemaps in the engine to get the correct cube maps.
Finding displacement neighbors...
Finding lightmap sample positions...
Displacement Alpha : 0...1...2...3...4...5...6...7...8...9...10
Building Physics collision data...
done (0) (14589 bytes)
Placing detail props : 0...1...2...3...4...5...6...7...8...9...10
Compacting texture/material tables...
Reduced 21 texinfos to 13
Reduced 6 texdatas to 5 (164 bytes to 138)
Writing c:\program files\steam\steamapps\dimas_dsf\sourcesdk_content\hl2\mapsrc\racetrack.bsp
1 second elapsed



[Reading texlights from 'lights.rad']
[48 texlights parsed from 'lights.rad']

Loading c:\program files\steam\steamapps\dimas_dsf\sourcesdk_content\hl2\mapsrc\racetrack.bsp
No vis information, direct lighting only.
2286 faces
2346346 square feet [337873920.00 square inches]
0 Displacements
0 Square Feet [0.00 Square Inches]
0 direct lights
0...1...2...3...4...5...6...7...8...9...10Build Patch/Sample Hash Table(s).....Done<0.1022 sec>
0...1...2...3...4...5...6...7...8...9...10FinalLightFace Done
0 of 0 (0% of) surface lights went in leaf ambient cubes.
0...1...2...3...4...5...6...7...8...9...10Writing leaf ambient...done
Ready to Finish

Object names       Objects/Maxobjs  Memory / Maxmem  Fullness 
------------       ---------------  ---------------  -------- 
models                   2/1024           96/49152    ( 0.2%) 
brushes                 36/8192          432/98304    ( 0.4%) 
brushsides             369/65536        2952/524288   ( 0.6%) 
planes                 408/65536        8160/1310720  ( 0.6%) 
vertexes              2703/65536       32436/786432   ( 4.1%) 
nodes                  740/65536       23680/2097152  ( 1.1%) 
texinfos                13/12288         936/884736   ( 0.1%) 
texdata                  5/2048          160/65536    ( 0.2%) 
dispinfos                0/0               0/0        ( 0.0%) 
disp_verts               0/0               0/0        ( 0.0%) 
disp_tris                0/0               0/0        ( 0.0%) 
disp_lmsamples           0/0               0/0        ( 0.0%) 
faces                 2286/65536      128016/3670016  ( 3.5%) 
hdr faces                0/65536           0/3670016  ( 0.0%) 
origfaces              137/65536        7672/3670016  ( 0.2%) 
leaves                 743/65536       23776/2097152  ( 1.1%) 
leaffaces             2594/65536        5188/131072   ( 4.0%) 
leafbrushes            491/65536         982/131072   ( 0.7%) 
areas                    2/256            16/2048     ( 0.8%) 
surfedges            10751/512000      43004/2048000  ( 2.1%) 
edges                 5662/256000      22648/1024000  ( 2.2%) 
LDR worldlights          0/8192            0/720896   ( 0.0%) 
HDR worldlights          0/8192            0/720896   ( 0.0%) 
leafwaterdata            0/32768           0/393216   ( 0.0%) 
waterstrips            142/32768        1420/327680   ( 0.4%) 
waterverts               0/65536           0/786432   ( 0.0%) 
waterindices          1908/65536        3816/131072   ( 2.9%) 
cubemapsamples           0/1024            0/16384    ( 0.0%) 
overlays                 0/512             0/180224   ( 0.0%) 
LDR lightdata         [variable]     4108176/0        ( 0.0%) 
HDR lightdata         [variable]           0/0        ( 0.0%) 
visdata               [variable]           0/16777216 ( 0.0%) 
entdata               [variable]        3027/393216   ( 0.8%) 
LDR ambient table      743/65536        2972/262144   ( 1.1%) 
HDR ambient table      743/65536        2972/262144   ( 1.1%) 
LDR leaf ambient       515/65536       14420/1835008  ( 0.8%) 
HDR leaf ambient       743/65536       20804/1835008  ( 1.1%) 
occluders                0/0               0/0        ( 0.0%) 
occluder polygons        0/0               0/0        ( 0.0%) 
occluder vert ind        0/0               0/0        ( 0.0%) 
detail props          [variable]           1/12       ( 8.3%) 
static props          [variable]           1/12       ( 8.3%) 
pakfile               [variable]      106177/0        ( 0.0%) 
physics               [variable]       14589/4194304  ( 0.3%) 
physics terrain       [variable]           2/1048576  ( 0.0%) 

Level flags = 0

Total triangle count: 5607
Writing c:\program files\steam\steamapps\dimas_dsf\sourcesdk_content\hl2\mapsrc\racetrack.bsp
15 seconds elapsed



materialPath: c:\program files\steam\steamapps\dimas_dsf\half-life 2 episode one\episodic\materials
Loading c:\program files\steam\steamapps\dimas_dsf\sourcesdk_content\hl2\mapsrc\racetrack.vmf
Could not locate 'GameData' key in c:\program files\steam\steamapps\dimas_dsf\half-life 2 episode one\episodic\gameinfo.txt
Patching WVT material: maps/racetrack/nature/blenddirtgrass001a_wvt_patch
fixing up env_cubemap materials on brush sides...
0...1...2...3...4...5...6...7...8...9...100...1...2...3...4...5...6...7...8...9...10Processing areas...done (0)
Building Faces...done (0)
FixTjuncs...
PruneNodes...
WriteBSP...
done (0)
writing c:\program files\steam\steamapps\dimas_dsf\sourcesdk_content\hl2\mapsrc\racetrack.prt...Building visibility clusters...
done (0)
Creating default LDR cubemaps for env_cubemap using skybox materials:
   skybox/sky_day01_01*.vmt
 ! Run buildcubemaps in the engine to get the correct cube maps.
Creating default HDR cubemaps for env_cubemap using skybox materials:
   skybox/sky_day01_01*.vmt
 ! Run buildcubemaps in the engine to get the correct cube maps.
Finding displacement neighbors...
Finding lightmap sample positions...
Displacement Alpha : 0...1...2...3...4...5...6...7...8...9...10
Building Physics collision data...
done (0) (15213 bytes)
Placing detail props : 0...1...2...3...4...5...6...7...8...9...10
Compacting texture/material tables...
Reduced 21 texinfos to 13
Reduced 6 texdatas to 5 (164 bytes to 138)
Writing c:\program files\steam\steamapps\dimas_dsf\sourcesdk_content\hl2\mapsrc\racetrack.bsp
1 second elapsed



[Reading texlights from 'lights.rad']
[48 texlights parsed from 'lights.rad']

Loading c:\program files\steam\steamapps\dimas_dsf\sourcesdk_content\hl2\mapsrc\racetrack.bsp
No vis information, direct lighting only.
2603 faces
1 degenerate faces
4064031 square feet [585220480.00 square inches]
0 Displacements
0 Square Feet [0.00 Square Inches]
0 direct lights
0...1...2...3...4...5...6...7...8...9...10Build Patch/Sample Hash Table(s).....Done<0.0949 sec>
0...1...2...3...4...5...6...7...8...9...10FinalLightFace Done
0 of 0 (0% of) surface lights went in leaf ambient cubes.
0...1...2...3...4...5...6...7...8...9...10Writing leaf ambient...done
Ready to Finish

Object names       Objects/Maxobjs  Memory / Maxmem  Fullness 
------------       ---------------  ---------------  -------- 
models                   2/1024           96/49152    ( 0.2%) 
brushes                 36/8192          432/98304    ( 0.4%) 
brushsides             372/65536        2976/524288   ( 0.6%) 
planes                 504/65536       10080/1310720  ( 0.8%) 
vertexes              3046/65536       36552/786432   ( 4.6%) 
nodes                 1114/65536       35648/2097152  ( 1.7%) 
texinfos                13/12288         936/884736   ( 0.1%) 
texdata                  5/2048          160/65536    ( 0.2%) 
dispinfos                0/0               0/0        ( 0.0%) 
disp_verts               0/0               0/0        ( 0.0%) 
disp_tris                0/0               0/0        ( 0.0%) 
disp_lmsamples           0/0               0/0        ( 0.0%) 
faces                 2603/65536      145768/3670016  ( 4.0%) 
hdr faces                0/65536           0/3670016  ( 0.0%) 
origfaces              145/65536        8120/3670016  ( 0.2%) 
leaves                1117/65536       35744/2097152  ( 1.7%) 
leaffaces             2877/65536        5754/131072   ( 4.4%) 
leafbrushes            765/65536        1530/131072   ( 1.2%) 
areas                    2/256            16/2048     ( 0.8%) 
surfedges            12233/512000      48932/2048000  ( 2.4%) 
edges                 6418/256000      25672/1024000  ( 2.5%) 
LDR worldlights          0/8192            0/720896   ( 0.0%) 
HDR worldlights          0/8192            0/720896   ( 0.0%) 
leafwaterdata            0/32768           0/393216   ( 0.0%) 
waterstrips            176/32768        1760/327680   ( 0.5%) 
waterverts               0/65536           0/786432   ( 0.0%) 
waterindices          2487/65536        4974/131072   ( 3.8%) 
cubemapsamples           0/1024            0/16384    ( 0.0%) 
overlays                 0/512             0/180224   ( 0.0%) 
LDR lightdata         [variable]     3936484/0        ( 0.0%) 
HDR lightdata         [variable]           0/0        ( 0.0%) 
visdata               [variable]           0/16777216 ( 0.0%) 
entdata               [variable]        3029/393216   ( 0.8%) 
LDR ambient table     1117/65536        4468/262144   ( 1.7%) 
HDR ambient table     1117/65536        4468/262144   ( 1.7%) 
LDR leaf ambient       632/65536       17696/1835008  ( 1.0%) 
HDR leaf ambient      1117/65536       31276/1835008  ( 1.7%) 
occluders                0/0               0/0        ( 0.0%) 
occluder polygons        0/0               0/0        ( 0.0%) 
occluder vert ind        0/0               0/0        ( 0.0%) 
detail props          [variable]           1/12       ( 8.3%) 
static props          [variable]           1/12       ( 8.3%) 
pakfile               [variable]      106177/0        ( 0.0%) 
physics               [variable]       15213/4194304  ( 0.4%) 
physics terrain       [variable]           2/1048576  ( 0.0%) 

Level flags = 0

Total triangle count: 6423
Writing c:\program files\steam\steamapps\dimas_dsf\sourcesdk_content\hl2\mapsrc\racetrack.bsp
19 seconds elapsed



materialPath: c:\program files\steam\steamapps\dimas_dsf\half-life 2 episode one\episodic\materials
Loading c:\program files\steam\steamapps\dimas_dsf\sourcesdk_content\hl2\mapsrc\racetrack.vmf
Could not locate 'GameData' key in c:\program files\steam\steamapps\dimas_dsf\half-life 2 episode one\episodic\gameinfo.txt
Patching WVT material: maps/racetrack/nature/blenddirtgrass001a_wvt_patch
fixing up env_cubemap materials on brush sides...
0...1...2...3...4...5...6...7...8...9...100...1...2...3...4...5...6...7...8...9...10Processing areas...done (0)
Building Faces...done (0)
FixTjuncs...
PruneNodes...
WriteBSP...
done (0)
writing c:\program files\steam\steamapps\dimas_dsf\sourcesdk_content\hl2\mapsrc\racetrack.prt...Building visibility clusters...
done (0)
Creating default LDR cubemaps for env_cubemap using skybox materials:
   skybox/sky_day01_01*.vmt
 ! Run buildcubemaps in the engine to get the correct cube maps.
Creating default HDR cubemaps for env_cubemap using skybox materials:
   skybox/sky_day01_01*.vmt
 ! Run buildcubemaps in the engine to get the correct cube maps.
Finding displacement neighbors...
Finding lightmap sample positions...
Displacement Alpha : 0...1...2...3...4...5...6...7...8...9...10
Building Physics collision data...
done (0) (15741 bytes)
Placing detail props : 0...1...2...3...4...5...6...7...8...9...10
Compacting texture/material tables...
Reduced 21 texinfos to 13
Reduced 6 texdatas to 5 (164 bytes to 138)
Writing c:\program files\steam\steamapps\dimas_dsf\sourcesdk_content\hl2\mapsrc\racetrack.bsp
1 second elapsed



[Reading texlights from 'lights.rad']
[48 texlights parsed from 'lights.rad']

Loading c:\program files\steam\steamapps\dimas_dsf\sourcesdk_content\hl2\mapsrc\racetrack.bsp
No vis information, direct lighting only.
2421 faces
3682297 square feet [530250880.00 square inches]
0 Displacements
0 Square Feet [0.00 Square Inches]
0 direct lights
0...1...2...3...4...5...6...7...8...9...10Build Patch/Sample Hash Table(s).....Done<0.0728 sec>
0...1...2...3...4...5...6...7...8...9...10FinalLightFace Done
0 of 0 (0% of) surface lights went in leaf ambient cubes.
0...1...2...3...4...5...6...7...8...9...10Writing leaf ambient...done
Ready to Finish

Object names       Objects/Maxobjs  Memory / Maxmem  Fullness 
------------       ---------------  ---------------  -------- 
models                   2/1024           96/49152    ( 0.2%) 
brushes                 36/8192          432/98304    ( 0.4%) 
brushsides             378/65536        3024/524288   ( 0.6%) 
planes                 610/65536       12200/1310720  ( 0.9%) 
vertexes              2874/65536       34488/786432   ( 4.4%) 
nodes                 1099/65536       35168/2097152  ( 1.7%) 
texinfos                13/12288         936/884736   ( 0.1%) 
texdata                  5/2048          160/65536    ( 0.2%) 
dispinfos                0/0               0/0        ( 0.0%) 
disp_verts               0/0               0/0        ( 0.0%) 
disp_tris                0/0               0/0        ( 0.0%) 
disp_lmsamples           0/0               0/0        ( 0.0%) 
faces                 2421/65536      135576/3670016  ( 3.7%) 
hdr faces                0/65536           0/3670016  ( 0.0%) 
origfaces              155/65536        8680/3670016  ( 0.2%) 
leaves                1102/65536       35264/2097152  ( 1.7%) 
leaffaces             2556/65536        5112/131072   ( 3.9%) 
leafbrushes            709/65536        1418/131072   ( 1.1%) 
areas                    2/256            16/2048     ( 0.8%) 
surfedges            11642/512000      46568/2048000  ( 2.3%) 
edges                 6220/256000      24880/1024000  ( 2.4%) 
LDR worldlights          0/8192            0/720896   ( 0.0%) 
HDR worldlights          0/8192            0/720896   ( 0.0%) 
leafwaterdata            0/32768           0/393216   ( 0.0%) 
waterstrips            194/32768        1940/327680   ( 0.6%) 
waterverts               0/65536           0/786432   ( 0.0%) 
waterindices          2925/65536        5850/131072   ( 4.5%) 
cubemapsamples           0/1024            0/16384    ( 0.0%) 
overlays                 0/512             0/180224   ( 0.0%) 
LDR lightdata         [variable]     3100984/0        ( 0.0%) 
HDR lightdata         [variable]           0/0        ( 0.0%) 
visdata               [variable]           0/16777216 ( 0.0%) 
entdata               [variable]        3719/393216   ( 0.9%) 
LDR ambient table     1102/65536        4408/262144   ( 1.7%) 
HDR ambient table     1102/65536        4408/262144   ( 1.7%) 
LDR leaf ambient       583/65536       16324/1835008  ( 0.9%) 
HDR leaf ambient      1102/65536       30856/1835008  ( 1.7%) 
occluders                0/0               0/0        ( 0.0%) 
occluder polygons        0/0               0/0        ( 0.0%) 
occluder vert ind        0/0               0/0        ( 0.0%) 
detail props          [variable]           1/12       ( 8.3%) 
static props          [variable]           1/12       ( 8.3%) 
pakfile               [variable]      106177/0        ( 0.0%) 
physics               [variable]       15741/4194304  ( 0.4%) 
physics terrain       [variable]           2/1048576  ( 0.0%) 

Level flags = 0

Total triangle count: 6152
Writing c:\program files\steam\steamapps\dimas_dsf\sourcesdk_content\hl2\mapsrc\racetrack.bsp
16 seconds elapsed



materialPath: c:\program files\steam\steamapps\dimas_dsf\half-life 2 episode one\episodic\materials
Loading c:\program files\steam\steamapps\dimas_dsf\sourcesdk_content\hl2\mapsrc\racetrack.vmf
Could not locate 'GameData' key in c:\program files\steam\steamapps\dimas_dsf\half-life 2 episode one\episodic\gameinfo.txt
Patching WVT material: maps/racetrack/nature/blenddirtgrass001a_wvt_patch
fixing up env_cubemap materials on brush sides...
0...1...2...3...4...5...6...7...8...9...100...1...2...3...4...5...6...7...8...9...10Processing areas...done (0)
Building Faces...done (0)
FixTjuncs...
PruneNodes...
WriteBSP...
done (0)
writing c:\program files\steam\steamapps\dimas_dsf\sourcesdk_content\hl2\mapsrc\racetrack.prt...Building visibility clusters...
done (0)
Creating default LDR cubemaps for env_cubemap using skybox materials:
   skybox/sky_day01_01*.vmt
 ! Run buildcubemaps in the engine to get the correct cube maps.
Creating default HDR cubemaps for env_cubemap using skybox materials:
   skybox/sky_day01_01*.vmt
 ! Run buildcubemaps in the engine to get the correct cube maps.
Finding displacement neighbors...
Finding lightmap sample positions...
Displacement Alpha : 0...1...2...3...4...5...6...7...8...9...10
Building Physics collision data...
done (0) (15741 bytes)
Placing detail props : 0...1...2...3...4...5...6...7...8...9...10
Compacting texture/material tables...
Reduced 21 texinfos to 13
Reduced 6 texdatas to 5 (164 bytes to 138)
Writing c:\program files\steam\steamapps\dimas_dsf\sourcesdk_content\hl2\mapsrc\racetrack.bsp
1 second elapsed



[Reading texlights from 'lights.rad']
[48 texlights parsed from 'lights.rad']

Loading c:\program files\steam\steamapps\dimas_dsf\sourcesdk_content\hl2\mapsrc\racetrack.bsp
No vis information, direct lighting only.
2318 faces
3652666 square feet [525983968.00 square inches]
0 Displacements
0 Square Feet [0.00 Square Inches]
0 direct lights
0...1...2...3...4...5...6...7...8...9...10Build Patch/Sample Hash Table(s).....Done<0.0707 sec>
0...1...2...3...4...5...6...7...8...9...10FinalLightFace Done
0 of 0 (0% of) surface lights went in leaf ambient cubes.
0...1...2...3...4...5...6...7...8...9...10Writing leaf ambient...done
Ready to Finish

Object names       Objects/Maxobjs  Memory / Maxmem  Fullness 
------------       ---------------  ---------------  -------- 
models                   2/1024           96/49152    ( 0.2%) 
brushes                 36/8192          432/98304    ( 0.4%) 
brushsides             378/65536        3024/524288   ( 0.6%) 
planes                 610/65536       12200/1310720  ( 0.9%) 
vertexes              2766/65536       33192/786432   ( 4.2%) 
nodes                 1068/65536       34176/2097152  ( 1.6%) 
texinfos                13/12288         936/884736   ( 0.1%) 
texdata                  5/2048          160/65536    ( 0.2%) 
dispinfos                0/0               0/0        ( 0.0%) 
disp_verts               0/0               0/0        ( 0.0%) 
disp_tris                0/0               0/0        ( 0.0%) 
disp_lmsamples           0/0               0/0        ( 0.0%) 
faces                 2318/65536      129808/3670016  ( 3.5%) 
hdr faces                0/65536           0/3670016  ( 0.0%) 
origfaces              152/65536        8512/3670016  ( 0.2%) 
leaves                1071/65536       34272/2097152  ( 1.6%) 
leaffaces             2425/65536        4850/131072   ( 3.7%) 
leafbrushes            697/65536        1394/131072   ( 1.1%) 
areas                    2/256            16/2048     ( 0.8%) 
surfedges            11182/512000      44728/2048000  ( 2.2%) 
edges                 5981/256000      23924/1024000  ( 2.3%) 
LDR worldlights          0/8192            0/720896   ( 0.0%) 
HDR worldlights          0/8192            0/720896   ( 0.0%) 
leafwaterdata            0/32768           0/393216   ( 0.0%) 
waterstrips            190/32768        1900/327680   ( 0.6%) 
waterverts               0/65536           0/786432   ( 0.0%) 
waterindices          2898/65536        5796/131072   ( 4.4%) 
cubemapsamples           0/1024            0/16384    ( 0.0%) 
overlays                 0/512             0/180224   ( 0.0%) 
LDR lightdata         [variable]     3017948/0        ( 0.0%) 
HDR lightdata         [variable]           0/0        ( 0.0%) 
visdata               [variable]           0/16777216 ( 0.0%) 
entdata               [variable]        6269/393216   ( 1.6%) 
LDR ambient table     1071/65536        4284/262144   ( 1.6%) 
HDR ambient table     1071/65536        4284/262144   ( 1.6%) 
LDR leaf ambient       550/65536       15400/1835008  ( 0.8%) 
HDR leaf ambient      1071/65536       29988/1835008  ( 1.6%) 
occluders                0/0               0/0        ( 0.0%) 
occluder polygons        0/0               0/0        ( 0.0%) 
occluder vert ind        0/0               0/0        ( 0.0%) 
detail props          [variable]           1/12       ( 8.3%) 
static props          [variable]           1/12       ( 8.3%) 
pakfile               [variable]      106177/0        ( 0.0%) 
physics               [variable]       15741/4194304  ( 0.4%) 
physics terrain       [variable]           2/1048576  ( 0.0%) 

Level flags = 0

Total triangle count: 5910
Writing c:\program files\steam\steamapps\dimas_dsf\sourcesdk_content\hl2\mapsrc\racetrack.bsp
16 seconds elapsed



materialPath: c:\program files\steam\steamapps\dimas_dsf\half-life 2 episode one\episodic\materials
Loading c:\program files\steam\steamapps\dimas_dsf\sourcesdk_content\hl2\mapsrc\racetrack.vmf
Could not locate 'GameData' key in c:\program files\steam\steamapps\dimas_dsf\half-life 2 episode one\episodic\gameinfo.txt
Patching WVT material: maps/racetrack/nature/blenddirtgrass001a_wvt_patch
fixing up env_cubemap materials on brush sides...
0...1...2...3...4...5...6...7...8...9...100...1...2...3...4...5...6...7...8...9...10Processing areas...done (0)
Building Faces...done (0)
FixTjuncs...
PruneNodes...
WriteBSP...
done (0)
writing c:\program files\steam\steamapps\dimas_dsf\sourcesdk_content\hl2\mapsrc\racetrack.prt...Building visibility clusters...
done (0)
Creating default LDR cubemaps for env_cubemap using skybox materials:
   skybox/sky_day01_01*.vmt
 ! Run buildcubemaps in the engine to get the correct cube maps.
Creating default HDR cubemaps for env_cubemap using skybox materials:
   skybox/sky_day01_01*.vmt
 ! Run buildcubemaps in the engine to get the correct cube maps.
Finding displacement neighbors...
Finding lightmap sample positions...
Displacement Alpha : 0...1...2...3...4...5...6...7...8...9...10
Building Physics collision data...
done (0) (15741 bytes)
Placing detail props : 0...1...2...3...4...5...6...7...8...9...10
Compacting texture/material tables...
Reduced 21 texinfos to 13
Reduced 6 texdatas to 5 (164 bytes to 138)
Writing c:\program files\steam\steamapps\dimas_dsf\sourcesdk_content\hl2\mapsrc\racetrack.bsp
1 second elapsed



[Reading texlights from 'lights.rad']
[48 texlights parsed from 'lights.rad']

Loading c:\program files\steam\steamapps\dimas_dsf\sourcesdk_content\hl2\mapsrc\racetrack.bsp
No vis information, direct lighting only.
2318 faces
3652666 square feet [525983968.00 square inches]
0 Displacements
0 Square Feet [0.00 Square Inches]
0 direct lights
0...1...2...3...4...5...6...7...8...9...10Build Patch/Sample Hash Table(s).....Done<0.0710 sec>
0...1...2...3...4...5...6...7...8...9...10FinalLightFace Done
0 of 0 (0% of) surface lights went in leaf ambient cubes.
0...1...2...3...4...5...6...7...8...9...10Writing leaf ambient...done
Ready to Finish

Object names       Objects/Maxobjs  Memory / Maxmem  Fullness 
------------       ---------------  ---------------  -------- 
models                   2/1024           96/49152    ( 0.2%) 
brushes                 36/8192          432/98304    ( 0.4%) 
brushsides             378/65536        3024/524288   ( 0.6%) 
planes                 610/65536       12200/1310720  ( 0.9%) 
vertexes              2766/65536       33192/786432   ( 4.2%) 
nodes                 1068/65536       34176/2097152  ( 1.6%) 
texinfos                13/12288         936/884736   ( 0.1%) 
texdata                  5/2048          160/65536    ( 0.2%) 
dispinfos                0/0               0/0        ( 0.0%) 
disp_verts               0/0               0/0        ( 0.0%) 
disp_tris                0/0               0/0        ( 0.0%) 
disp_lmsamples           0/0               0/0        ( 0.0%) 
faces                 2318/65536      129808/3670016  ( 3.5%) 
hdr faces                0/65536           0/3670016  ( 0.0%) 
origfaces              152/65536        8512/3670016  ( 0.2%) 
leaves                1071/65536       34272/2097152  ( 1.6%) 
leaffaces             2425/65536        4850/131072   ( 3.7%) 
leafbrushes            697/65536        1394/131072   ( 1.1%) 
areas                    2/256            16/2048     ( 0.8%) 
surfedges            11182/512000      44728/2048000  ( 2.2%) 
edges                 5981/256000      23924/1024000  ( 2.3%) 
LDR worldlights          0/8192            0/720896   ( 0.0%) 
HDR worldlights          0/8192            0/720896   ( 0.0%) 
leafwaterdata            0/32768           0/393216   ( 0.0%) 
waterstrips            190/32768        1900/327680   ( 0.6%) 
waterverts               0/65536           0/786432   ( 0.0%) 
waterindices          2898/65536        5796/131072   ( 4.4%) 
cubemapsamples           0/1024            0/16384    ( 0.0%) 
overlays                 0/512             0/180224   ( 0.0%) 
LDR lightdata         [variable]     3017948/0        ( 0.0%) 
HDR lightdata         [variable]           0/0        ( 0.0%) 
visdata               [variable]           0/16777216 ( 0.0%) 
entdata               [variable]        6281/393216   ( 1.6%) 
LDR ambient table     1071/65536        4284/262144   ( 1.6%) 
HDR ambient table     1071/65536        4284/262144   ( 1.6%) 
LDR leaf ambient       550/65536       15400/1835008  ( 0.8%) 
HDR leaf ambient      1071/65536       29988/1835008  ( 1.6%) 
occluders                0/0               0/0        ( 0.0%) 
occluder polygons        0/0               0/0        ( 0.0%) 
occluder vert ind        0/0               0/0        ( 0.0%) 
detail props          [variable]           1/12       ( 8.3%) 
static props          [variable]           1/12       ( 8.3%) 
pakfile               [variable]      106177/0        ( 0.0%) 
physics               [variable]       15741/4194304  ( 0.4%) 
physics terrain       [variable]           2/1048576  ( 0.0%) 

Level flags = 0

Total triangle count: 5910
Writing c:\program files\steam\steamapps\dimas_dsf\sourcesdk_content\hl2\mapsrc\racetrack.bsp
16 seconds elapsed



materialPath: c:\program files\steam\steamapps\dimas_dsf\half-life 2 episode one\episodic\materials
Loading c:\program files\steam\steamapps\dimas_dsf\sourcesdk_content\hl2\mapsrc\racetrack.vmf
Could not locate 'GameData' key in c:\program files\steam\steamapps\dimas_dsf\half-life 2 episode one\episodic\gameinfo.txt
Patching WVT material: maps/racetrack/nature/blenddirtgrass001a_wvt_patch
fixing up env_cubemap materials on brush sides...
0...1...2...3...4...5...6...7...8...9...100...1...2...3...4...5...6...7...8...9...10Processing areas...done (0)
Building Faces...done (0)
FixTjuncs...
PruneNodes...
WriteBSP...
done (0)
writing c:\program files\steam\steamapps\dimas_dsf\sourcesdk_content\hl2\mapsrc\racetrack.prt...Building visibility clusters...
done (0)
Creating default LDR cubemaps for env_cubemap using skybox materials:
   skybox/sky_day01_01*.vmt
 ! Run buildcubemaps in the engine to get the correct cube maps.
Creating default HDR cubemaps for env_cubemap using skybox materials:
   skybox/sky_day01_01*.vmt
 ! Run buildcubemaps in the engine to get the correct cube maps.
Finding displacement neighbors...
Finding lightmap sample positions...
Displacement Alpha : 0...1...2...3...4...5...6...7...8...9...10
Building Physics collision data...
done (0) (16298 bytes)
Placing detail props : 0...1...2...3...4...5...6...7...8...9...10
Compacting texture/material tables...
Reduced 27 texinfos to 16
Reduced 7 texdatas to 6 (183 bytes to 157)
Writing c:\program files\steam\steamapps\dimas_dsf\sourcesdk_content\hl2\mapsrc\racetrack.bsp
1 second elapsed



[Reading texlights from 'lights.rad']
[48 texlights parsed from 'lights.rad']

Loading c:\program files\steam\steamapps\dimas_dsf\sourcesdk_content\hl2\mapsrc\racetrack.bsp
No vis information, direct lighting only.
2407 faces
3697120 square feet [532385280.00 square inches]
0 Displacements
0 Square Feet [0.00 Square Inches]
0 direct lights
0...1...2...3...4...5...6...7...8...9...10Build Patch/Sample Hash Table(s).....Done<0.0721 sec>
0...1...2...3...4...5...6...7...8...9...10FinalLightFace Done
0 of 0 (0% of) surface lights went in leaf ambient cubes.
0...1...2...3...4...5...6...7...8...9...10Writing leaf ambient...done
Ready to Finish

Object names       Objects/Maxobjs  Memory / Maxmem  Fullness 
------------       ---------------  ---------------  -------- 
models                   3/1024          144/49152    ( 0.3%) 
brushes                 37/8192          444/98304    ( 0.5%) 
brushsides             384/65536        3072/524288   ( 0.6%) 
planes                 636/65536       12720/1310720  ( 1.0%) 
vertexes              2851/65536       34212/786432   ( 4.4%) 
nodes                 1100/65536       35200/2097152  ( 1.7%) 
texinfos                16/12288        1152/884736   ( 0.1%) 
texdata                  6/2048          192/65536    ( 0.3%) 
dispinfos                0/0               0/0        ( 0.0%) 
disp_verts               0/0               0/0        ( 0.0%) 
disp_tris                0/0               0/0        ( 0.0%) 
disp_lmsamples           0/0               0/0        ( 0.0%) 
faces                 2407/65536      134792/3670016  ( 3.7%) 
hdr faces                0/65536           0/3670016  ( 0.0%) 
origfaces              160/65536        8960/3670016  ( 0.2%) 
leaves                1104/65536       35328/2097152  ( 1.7%) 
leaffaces             2527/65536        5054/131072   ( 3.9%) 
leafbrushes            709/65536        1418/131072   ( 1.1%) 
areas                    2/256            16/2048     ( 0.8%) 
surfedges            11592/512000      46368/2048000  ( 2.3%) 
edges                 6204/256000      24816/1024000  ( 2.4%) 
LDR worldlights          0/8192            0/720896   ( 0.0%) 
HDR worldlights          0/8192            0/720896   ( 0.0%) 
leafwaterdata            0/32768           0/393216   ( 0.0%) 
waterstrips            196/32768        1960/327680   ( 0.6%) 
waterverts               0/65536           0/786432   ( 0.0%) 
waterindices          2976/65536        5952/131072   ( 4.5%) 
cubemapsamples           0/1024            0/16384    ( 0.0%) 
overlays                 0/512             0/180224   ( 0.0%) 
LDR lightdata         [variable]     3089544/0        ( 0.0%) 
HDR lightdata         [variable]           0/0        ( 0.0%) 
visdata               [variable]           0/16777216 ( 0.0%) 
entdata               [variable]        7126/393216   ( 1.8%) 
LDR ambient table     1104/65536        4416/262144   ( 1.7%) 
HDR ambient table     1104/65536        4416/262144   ( 1.7%) 
LDR leaf ambient       583/65536       16324/1835008  ( 0.9%) 
HDR leaf ambient      1104/65536       30912/1835008  ( 1.7%) 
occluders                0/0               0/0        ( 0.0%) 
occluder polygons        0/0               0/0        ( 0.0%) 
occluder vert ind        0/0               0/0        ( 0.0%) 
detail props          [variable]           1/12       ( 8.3%) 
static props          [variable]           1/12       ( 8.3%) 
pakfile               [variable]      106177/0        ( 0.0%) 
physics               [variable]       16298/4194304  ( 0.4%) 
physics terrain       [variable]           2/1048576  ( 0.0%) 

Level flags = 0

Total triangle count: 6110
Writing c:\program files\steam\steamapps\dimas_dsf\sourcesdk_content\hl2\mapsrc\racetrack.bsp
17 seconds elapsed



materialPath: c:\program files\steam\steamapps\dimas_dsf\half-life 2 episode two\ep2\materials
Loading c:\program files\steam\steamapps\dimas_dsf\sourcesdk_content\hl2\mapsrc\racetrack.vmf
Could not locate 'GameData' key in c:\program files\steam\steamapps\dimas_dsf\half-life 2 episode two\ep2\gameinfo.txt
Patching WVT material: maps/racetrack/nature/blenddirtgrass001a_wvt_patch
fixing up env_cubemap materials on brush sides...
0...1...2...3...4...5...6...7...8...9...100...1...2...3...4...5...6...7...8...9...10Processing areas...done (0)
Building Faces...done (0)
FixTjuncs...
PruneNodes...
WriteBSP...
done (0)
writing c:\program files\steam\steamapps\dimas_dsf\sourcesdk_content\hl2\mapsrc\racetrack.prt...Building visibility clusters...
done (0)
Creating default LDR cubemaps for env_cubemap using skybox materials:
   skybox/sky_day01_01*.vmt
 ! Run buildcubemaps in the engine to get the correct cube maps.
Creating default HDR cubemaps for env_cubemap using skybox materials:
   skybox/sky_day01_01*.vmt
 ! Run buildcubemaps in the engine to get the correct cube maps.
Finding displacement neighbors...
Finding lightmap sample positions...
Displacement Alpha : 0...1...2...3...4...5...6...7...8...9...10
Building Physics collision data...
done (0) (16296 bytes)
Placing detail props : 0...1...2...3...4...5...6...7...8...9...10
Compacting texture/material tables...
Reduced 27 texinfos to 16
Reduced 7 texdatas to 6 (183 bytes to 157)
Writing c:\program files\steam\steamapps\dimas_dsf\sourcesdk_content\hl2\mapsrc\racetrack.bsp
1 second elapsed
