


2 threads
reading c:\program files\steam\steamapps\dimas_dsf\sourcesdk_content\hl2\mapsrc\rp_cscdesert_v2-1_d.bsp
Error opening c:\program files\steam\steamapps\dimas_dsf\sourcesdk_content\hl2\mapsrc\rp_cscdesert_v2-1_d.bsp


[Reading texlights from 'lights.rad']
[45 texlights parsed from 'lights.rad']

Loading c:\program files\steam\steamapps\dimas_dsf\sourcesdk_content\hl2\mapsrc\rp_cscdesert_v2-1_d.bsp
Error opening c:\program files\steam\steamapps\dimas_dsf\sourcesdk_content\hl2\mapsrc\rp_cscdesert_v2-1_d.bsp


materialPath: c:\program files\steam\steamapps\dimas_dsf\half-life 2\hl2\materials
Loading c:\program files\steam\steamapps\dimas_dsf\sourcesdk_content\hl2\mapsrc\rp_cscdesert_v2-1_d.vmf
ConVarRef mat_reduceparticles doesn't point to an existing ConVar
***need to set $abovewater for material dev/dev_water2_cheap
***need to set $abovewater for material dev/dev_water2_cheap
Brush 11805: MAX_MAP_BRUSHSIDES
Side 5
Texture: MODELS/PROPS_COMBINE/COMBINE_MONITORBAY_DISP



2 threads
reading c:\program files\steam\steamapps\dimas_dsf\sourcesdk_content\hl2\mapsrc\rp_cscdesert_v2-1_d.bsp
Error opening c:\program files\steam\steamapps\dimas_dsf\sourcesdk_content\hl2\mapsrc\rp_cscdesert_v2-1_d.bsp


[Reading texlights from 'lights.rad']
[45 texlights parsed from 'lights.rad']

Loading c:\program files\steam\steamapps\dimas_dsf\sourcesdk_content\hl2\mapsrc\rp_cscdesert_v2-1_d.bsp
Error opening c:\program files\steam\steamapps\dimas_dsf\sourcesdk_content\hl2\mapsrc\rp_cscdesert_v2-1_d.bsp


materialPath: c:\program files\steam\steamapps\dimas_dsf\half-life 2\hl2\materials
Loading c:\program files\steam\steamapps\dimas_dsf\sourcesdk_content\hl2\mapsrc\rp_cscdesert_v2-1_d.vmf
ConVarRef mat_reduceparticles doesn't point to an existing ConVar
***need to set $abovewater for material dev/dev_water2_cheap
***need to set $abovewater for material dev/dev_water2_cheap
Brush 11805: MAX_MAP_BRUSHSIDES
Side 5
Texture: MODELS/PROPS_COMBINE/COMBINE_MONITORBAY_DISP



2 threads
reading c:\program files\steam\steamapps\dimas_dsf\sourcesdk_content\hl2\mapsrc\rp_cscdesert_v2-1_d.bsp
reading c:\program files\steam\steamapps\dimas_dsf\sourcesdk_content\hl2\mapsrc\rp_cscdesert_v2-1_d.prt
LoadPortals: couldn't read c:\program files\steam\steamapps\dimas_dsf\sourcesdk_content\hl2\mapsrc\rp_cscdesert_v2-1_d.prt



[Reading texlights from 'lights.rad']
[45 texlights parsed from 'lights.rad']

Loading c:\program files\steam\steamapps\dimas_dsf\sourcesdk_content\hl2\mapsrc\rp_cscdesert_v2-1_d.bsp
Cannot load the static props... encountered a stale map version. Re-vbsp the map.


materialPath: c:\program files\steam\steamapps\dimas_dsf\half-life 2\hl2\materials
Loading c:\program files\steam\steamapps\dimas_dsf\sourcesdk_content\hl2\mapsrc\rp_cscdesert_v2-1_d.vmf
ConVarRef mat_reduceparticles doesn't point to an existing ConVar
***need to set $abovewater for material dev/dev_water2_cheap
***need to set $abovewater for material dev/dev_water2_cheap
Brush 11805: MAX_MAP_BRUSHSIDES
Side 5
Texture: MODELS/PROPS_COMBINE/COMBINE_MONITORBAY_DISP



2 threads
reading c:\program files\steam\steamapps\dimas_dsf\sourcesdk_content\hl2\mapsrc\rp_cscdesert_v2-1_d.bsp
reading c:\program files\steam\steamapps\dimas_dsf\sourcesdk_content\hl2\mapsrc\rp_cscdesert_v2-1_d.prt
LoadPortals: couldn't read c:\program files\steam\steamapps\dimas_dsf\sourcesdk_content\hl2\mapsrc\rp_cscdesert_v2-1_d.prt



[Reading texlights from 'lights.rad']
[45 texlights parsed from 'lights.rad']

Loading c:\program files\steam\steamapps\dimas_dsf\sourcesdk_content\hl2\mapsrc\rp_cscdesert_v2-1_d.bsp
Cannot load the static props... encountered a stale map version. Re-vbsp the map.


materialPath: c:\program files\steam\steamapps\dimas_dsf\half-life 2\hl2\materials
Loading c:\program files\steam\steamapps\dimas_dsf\sourcesdk_content\hl2\mapsrc\rp_cscdesert_v2-1_d.vmf
ConVarRef mat_reduceparticles doesn't point to an existing ConVar
***need to set $abovewater for material dev/dev_water2_cheap
***need to set $abovewater for material dev/dev_water2_cheap
Brush 11805: MAX_MAP_BRUSHSIDES
Side 5
Texture: MODELS/PROPS_COMBINE/COMBINE_MONITORBAY_DISP



2 threads
reading c:\program files\steam\steamapps\dimas_dsf\sourcesdk_content\hl2\mapsrc\rp_cscdesert_v2-1_d.bsp
reading c:\program files\steam\steamapps\dimas_dsf\sourcesdk_content\hl2\mapsrc\rp_cscdesert_v2-1_d.prt
LoadPortals: couldn't read c:\program files\steam\steamapps\dimas_dsf\sourcesdk_content\hl2\mapsrc\rp_cscdesert_v2-1_d.prt



[Reading texlights from 'lights.rad']
[45 texlights parsed from 'lights.rad']

Loading c:\program files\steam\steamapps\dimas_dsf\sourcesdk_content\hl2\mapsrc\rp_cscdesert_v2-1_d.bsp
Cannot load the static props... encountered a stale map version. Re-vbsp the map.


2 threads
reading c:\program files\steam\steamapps\dimas_dsf\sourcesdk_content\hl2\mapsrc\rp_cscdesert_v2-1_d.bsp
reading c:\program files\steam\steamapps\dimas_dsf\sourcesdk_content\hl2\mapsrc\rp_cscdesert_v2-1_d.prt
LoadPortals: couldn't read c:\program files\steam\steamapps\dimas_dsf\sourcesdk_content\hl2\mapsrc\rp_cscdesert_v2-1_d.prt



[Reading texlights from 'lights.rad']
[45 texlights parsed from 'lights.rad']

Loading c:\program files\steam\steamapps\dimas_dsf\sourcesdk_content\hl2\mapsrc\rp_cscdesert_v2-1_d.bsp
Cannot load the static props... encountered a stale map version. Re-vbsp the map.


materialPath: c:\program files\steam\steamapps\dimas_dsf\half-life 2\hl2\materials
Loading c:\program files\steam\steamapps\dimas_dsf\sourcesdk_content\hl2\mapsrc\rp_cscdesert_v2-1_d.vmf
ConVarRef mat_reduceparticles doesn't point to an existing ConVar
***need to set $abovewater for material dev/dev_water2_cheap
***need to set $abovewater for material dev/dev_water2_cheap
Brush 11805: MAX_MAP_BRUSHSIDES
Side 5
Texture: MODELS/PROPS_COMBINE/COMBINE_MONITORBAY_DISP



2 threads
reading c:\program files\steam\steamapps\dimas_dsf\sourcesdk_content\hl2\mapsrc\rp_cscdesert_v2-1_d.bsp
reading c:\program files\steam\steamapps\dimas_dsf\sourcesdk_content\hl2\mapsrc\rp_cscdesert_v2-1_d.prt
LoadPortals: couldn't read c:\program files\steam\steamapps\dimas_dsf\sourcesdk_content\hl2\mapsrc\rp_cscdesert_v2-1_d.prt



[Reading texlights from 'lights.rad']
[45 texlights parsed from 'lights.rad']

Loading c:\program files\steam\steamapps\dimas_dsf\sourcesdk_content\hl2\mapsrc\rp_cscdesert_v2-1_d.bsp
Cannot load the static props... encountered a stale map version. Re-vbsp the map.


materialPath: c:\program files\steam\steamapps\dimas_dsf\half-life 2\hl2\materials
Loading c:\program files\steam\steamapps\dimas_dsf\sourcesdk_content\hl2\mapsrc\rp_cscdesert_v2-1_d.vmf
ConVarRef mat_reduceparticles doesn't point to an existing ConVar
***need to set $abovewater for material dev/dev_water2_cheap
***need to set $abovewater for material dev/dev_water2_cheap
Could not locate 'GameData' key in c:\program files\steam\steamapps\dimas_dsf\half-life 2\hl2\gameinfo.txt
Patching WVT material: maps/rp_cscdesert_v2-1_d/nature/blendrocksand008c_wvt_patch
Patching WVT material: maps/rp_cscdesert_v2-1_d/nature/blendsandrock004a_wvt_patch
Patching WVT material: maps/rp_cscdesert_v2-1_d/nature/blendrockdirt002a_wvt_patch
Patching WVT material: maps/rp_cscdesert_v2-1_d/nature/blendgrassgravel002a_wvt_patch
Patching WVT material: maps/rp_cscdesert_v2-1_d/nature/blendrockgravel001a_wvt_patch
fixing up env_cubemap materials on brush sides...
env_cubemap pointing at deleted brushside near (-4200, 5280, -128)
env_cubemap pointing at deleted brushside near (-4072, 5408, -512)
env_cubemap pointing at deleted brushside near (-4072, 5408, -512)
env_cubemap pointing at deleted brushside near (-4072, 5408, -512)
0...1...2...3...4...5...6...7...8...9...10**** leaked ****
Entity prop_static (7186.97 4261.01 186.04) leaked!

FindPortalSide: Couldn't find a good match for which brush to assign to a portal near (14336.0 15872.0 944.0)
Leaf 0 contents: 
Leaf 1 contents: CONTENTS_SOLID 
viscontents (node 0 contents ^ node 1 contents): CONTENTS_SOLID 
This means that none of the brushes in leaf 0 or 1 that touches the portal has CONTENTS_SOLID 
Check for a huge brush enclosing the coordinates above that has contents CONTENTS_SOLID 
Candidate brush IDs: 


FindPortalSide: Couldn't find a good match for which brush to assign to a portal near (13824.0 16384.0 944.0)
Leaf 0 contents: 
Leaf 1 contents: CONTENTS_SOLID 
viscontents (node 0 contents ^ node 1 contents): CONTENTS_SOLID 
This means that none of the brushes in leaf 0 or 1 that touches the portal has CONTENTS_SOLID 
Check for a huge brush enclosing the coordinates above that has contents CONTENTS_SOLID 
Candidate brush IDs: 


FindPortalSide: Couldn't find a good match for which brush to assign to a portal near (12800.0 16384.0 944.0)
Leaf 0 contents: 
Leaf 1 contents: CONTENTS_SOLID 
viscontents (node 0 contents ^ node 1 contents): CONTENTS_SOLID 
This means that none of the brushes in leaf 0 or 1 that touches the portal has CONTENTS_SOLID 
Check for a huge brush enclosing the coordinates above that has contents CONTENTS_SOLID 
Candidate brush IDs: 


FindPortalSide: Couldn't find a good match for which brush to assign to a portal near (14336.0 14848.0 944.0)
Leaf 0 contents: 
Leaf 1 contents: CONTENTS_SOLID 
viscontents (node 0 contents ^ node 1 contents): CONTENTS_SOLID 
This means that none of the brushes in leaf 0 or 1 that touches the portal has CONTENTS_SOLID 
Check for a huge brush enclosing the coordinates above that has contents CONTENTS_SOLID 
Candidate brush IDs: 


FindPortalSide: Couldn't find a good match for which brush to assign to a portal near (14336.0 13824.0 944.0)
Leaf 0 contents: 
Leaf 1 contents: CONTENTS_SOLID 
viscontents (node 0 contents ^ node 1 contents): CONTENTS_SOLID 
This means that none of the brushes in leaf 0 or 1 that touches the portal has CONTENTS_SOLID 
Check for a huge brush enclosing the coordinates above that has contents CONTENTS_SOLID 
Candidate brush IDs: 


FindPortalSide: Couldn't find a good match for which brush to assign to a portal near (12800.0 13312.0 1400.0)
Leaf 0 contents: CONTENTS_SOLID 
Leaf 1 contents: 
viscontents (node 0 contents ^ node 1 contents): CONTENTS_SOLID 
This means that none of the brushes in leaf 0 or 1 that touches the portal has CONTENTS_SOLID 
Check for a huge brush enclosing the coordinates above that has contents CONTENTS_SOLID 
Candidate brush IDs: 


FindPortalSide: Couldn't find a good match for which brush to assign to a portal near (12800.0 13312.0 2952.0)
Leaf 0 contents: CONTENTS_SOLID 
Leaf 1 contents: 
viscontents (node 0 contents ^ node 1 contents): CONTENTS_SOLID 
This means that none of the brushes in leaf 0 or 1 that touches the portal has CONTENTS_SOLID 
Check for a huge brush enclosing the coordinates above that has contents CONTENTS_SOLID 
Candidate brush IDs: 


FindPortalSide: Couldn't find a good match for which brush to assign to a portal near (12800.0 13312.0 -608.0)
Leaf 0 contents: CONTENTS_SOLID 
Leaf 1 contents: 
viscontents (node 0 contents ^ node 1 contents): CONTENTS_SOLID 
This means that none of the brushes in leaf 0 or 1 that touches the portal has CONTENTS_SOLID 
Check for a huge brush enclosing the coordinates above that has contents CONTENTS_SOLID 
Candidate brush IDs: 

*** Suppressing further FindPortalSide errors.... ***
Processing areas...done (0)
Building Faces...done (0)
Chop Details...done (0)
Find Visible Detail Sides...
Merged 578 detail faces...done (0)
Merging details...done (1)
FixTjuncs...
PruneNodes...
WriteBSP...
done (2)
WARNING: node without a volume
WARNING: node without a volume
WARNING: node without a volume
Creating default LDR cubemaps for env_cubemap using skybox materials:
   skybox/sky_day02_02*.vmt
 ! Run buildcubemaps in the engine to get the correct cube maps.
Creating default HDR cubemaps for env_cubemap using skybox materials:
   skybox/sky_day02_02*.vmt
 ! Run buildcubemaps in the engine to get the correct cube maps.
Finding displacement neighbors...
Finding lightmap sample positions...
Displacement Alpha : 0...1...2...3...4...5...6...7...8...9...10
Building Physics collision data...
done (3) (2707628 bytes)
Static prop models/props_wasteland/prison_lamp001c.mdl outside the map (7914.97, 4301.01, 170.04)
Static prop models/props_wasteland/prison_lamp001c.mdl outside the map (7498.97, 4635.06, 165.01)
Static prop models/props_wasteland/prison_lamp001c.mdl outside the map (7186.97, 4261.01, 186.04)
Placing detail props : 0...1...2...3...4...5...6...7...8...9...10
Compacting texture/material tables...
Reduced 5422 texinfos to 2815
Reduced 643 texdatas to 548 (32514 bytes to 27947)
Writing c:\program files\steam\steamapps\dimas_dsf\sourcesdk_content\hl2\mapsrc\rp_cscdesert_v2-1_d.bsp
22 seconds elapsed



[Reading texlights from 'lights.rad']
[45 texlights parsed from 'lights.rad']

Loading c:\program files\steam\steamapps\dimas_dsf\sourcesdk_content\hl2\mapsrc\rp_cscdesert_v2-1_d.bsp
No vis information, direct lighting only.
23653 faces
1 degenerate faces
18169475 square feet [2616404480.00 square inches]
176 Displacements
3789554 Square Feet [545695872.00 Square Inches]
337 direct lights
0...1...2...3...4...5.
WARNING: Too many light styles on a face at (-6072.000000, 6712.000000, -255.000000)

WARNING: Too many light styles on a face at (-6040.000000, 6696.000000, -255.000000)

WARNING: Too many light styles on a face at (-5921.000000, 6776.000000, -216.000000)

WARNING: Too many light styles on a face at (-6392.000000, 6696.000000, -255.000000)

WARNING: Too many light styles on a face at (-6431.000000, 6776.000000, -216.000000)
..6...7...8...9...10Build Patch/Sample Hash Table(s).....Done<0.1939 sec>
0...1...2...3...4...5...6...7...8...9...10FinalLightFace Done
Computing detail prop lighting : 0...1...2...3...4...5...6...7...8...9...10
1 of 10 (10% of) surface lights went in leaf ambient cubes.
0...1...2...3...4...5...6...7...8...9...10Writing leaf ambient...done
Ready to Finish

Object names       Objects/Maxobjs  Memory / Maxmem  Fullness 
------------       ---------------  ---------------  -------- 
models                 361/1024        17328/49152    (35.3%) 
brushes               7363/8192        88356/98304    (89.9%) VERY FULL!
brushsides           60113/65536      480904/524288   (91.7%) VERY FULL!
planes               34256/65536      685120/1310720  (52.3%) 
vertexes             40627/65536      487524/786432   (62.0%) 
nodes                24558/65536      785856/2097152  (37.5%) 
texinfos              2815/12288      202680/884736   (22.9%) 
texdata                548/2048        17536/65536    (26.8%) 
dispinfos              176/0           30976/0        ( 0.0%) 
disp_verts           10656/0          213120/0        ( 0.0%) 
disp_tris            16384/0           32768/0        ( 0.0%) 
disp_lmsamples      731683/0          731683/0        ( 0.0%) 
faces                23653/65536     1324568/3670016  (36.1%) 
hdr faces                0/65536           0/3670016  ( 0.0%) 
origfaces            16660/65536      932960/3670016  (25.4%) 
leaves               24920/65536      797440/2097152  (38.0%) 
leaffaces            27217/65536       54434/131072   (41.5%) 
leafbrushes          12657/65536       25314/131072   (19.3%) 
areas                    4/256            32/2048     ( 1.6%) 
surfedges           174448/512000     697792/2048000  (34.1%) 
edges               104141/256000     416564/1024000  (40.7%) 
LDR worldlights        336/8192        29568/720896   ( 4.1%) 
HDR worldlights          0/8192            0/720896   ( 0.0%) 
leafwaterdata            2/32768          24/393216   ( 0.0%) 
waterstrips           1927/32768       19270/327680   ( 5.9%) 
waterverts               0/65536           0/786432   ( 0.0%) 
waterindices         35922/65536       71844/131072   (54.8%) 
cubemapsamples         243/1024         3888/16384    (23.7%) 
overlays                 0/512             0/180224   ( 0.0%) 
LDR lightdata         [variable]    10452316/0        ( 0.0%) 
HDR lightdata         [variable]           0/0        ( 0.0%) 
visdata               [variable]           0/16777216 ( 0.0%) 
entdata               [variable]      634999/393216   (161.5%) VERY FULL!
LDR ambient table    24920/65536       99680/262144   (38.0%) 
HDR ambient table    24920/65536       99680/262144   (38.0%) 
LDR leaf ambient     88596/65536     2480688/1835008  (135.2%) VERY FULL!
HDR leaf ambient     24920/65536      697760/1835008  (38.0%) 
occluders                0/0               0/0        ( 0.0%) 
occluder polygons        0/0               0/0        ( 0.0%) 
occluder vert ind        0/0               0/0        ( 0.0%) 
detail props          [variable]           1/56892    ( 0.0%) 
dtl prp lght          [variable]           1/4        (25.0%) 
HDR dtl prp lght      [variable]           1/4        (25.0%) 
static props          [variable]           1/60196    ( 0.0%) 
pakfile               [variable]    25957670/0        ( 0.0%) 
physics               [variable]     2707628/4194304  (64.6%) 
physics terrain       [variable]       48745/1048576  ( 4.6%) 

Level flags = 0

Total triangle count: 60765
Writing c:\program files\steam\steamapps\dimas_dsf\sourcesdk_content\hl2\mapsrc\rp_cscdesert_v2-1_d.bsp
8 minutes, 13 seconds elapsed
