


materialPath: C:\Users\Viper\Documents\GitHub\SMI\sp\game\mod_episodic\materials
Loading c:\program files (x86)\steam\steamapps\common\source_sdk_maps\hl2\mapsrc\sdk_occluders.vmf
Could not locate 'GameData' key in c:\users\viper\documents\github\smi\sp\game\mod_episodic\gameinfo.txt
fixing up env_cubemap materials on brush sides...
0...1...2...3...4...5...6...7...8...9...100...1...2...3...4...5...6...7...8...9...10Processing areas...done (0)
Building Faces...done (0)
Chop Details...done (0)
Find Visible Detail Sides...done (0)
Merging details...done (0)
FixTjuncs...
PruneNodes...
WriteBSP...
done (0)
writing c:\program files (x86)\steam\steamapps\common\source_sdk_maps\hl2\mapsrc\sdk_occluders.prt...Building visibility clusters...
done (0)
Creating default LDR cubemaps for env_cubemap using skybox materials:
   skybox/sky_wasteland02*.vmt
 ! Run buildcubemaps in the engine to get the correct cube maps.
Creating default HDR cubemaps for env_cubemap using skybox materials:
   skybox/sky_wasteland02*.vmt
 ! Run buildcubemaps in the engine to get the correct cube maps.
Finding displacement neighbors...
Finding lightmap sample positions...
Displacement Alpha : 0...1...2...3...4...5...6...7...8...9...10
Building Physics collision data...
done (0) (7617 bytes)
Placing detail props : 0...1...2...3...4...5...6...7...8...9...10
Compacting texture/material tables...
Reduced 60 texinfos to 34
Reduced 12 texdatas to 12 (257 bytes to 257)
Writing c:\program files (x86)\steam\steamapps\common\source_sdk_maps\hl2\mapsrc\sdk_occluders.bsp
0 seconds elapsed



4 threads
reading c:\program files (x86)\steam\steamapps\common\source_sdk_maps\hl2\mapsrc\sdk_occluders.bsp
reading c:\program files (x86)\steam\steamapps\common\source_sdk_maps\hl2\mapsrc\sdk_occluders.prt
   1 portalclusters
   0 numportals
0...1...2...3...4...5...6...7...8...9...10Optimized: 0 visible clusters (0.00%)
Total clusters visible: 1
Average clusters visible: 1
Building PAS...
Average clusters audible: 1
visdatasize:14  compressed from 16
writing c:\program files (x86)\steam\steamapps\common\source_sdk_maps\hl2\mapsrc\sdk_occluders.bsp
0 seconds elapsed



[Reading texlights from 'lights.rad']
[48 texlights parsed from 'lights.rad']

Loading c:\program files (x86)\steam\steamapps\common\source_sdk_maps\hl2\mapsrc\sdk_occluders.bsp
61 faces
20381 square feet [2935002.00 square inches]
0 Displacements
0 Square Feet [0.00 Square Inches]
61 patches before subdivision
1361 patches after subdivision
2 direct lights
0...1...2...3...4...5...6...7...8...9...100...1...2...3...4...5...6...7...8...9...10transfers 60800, max 186
transfer lists:   0.5 megs
0...1...2...3...4...5...6...7...8...9...10	Bounce #1 added RGB(9371, 6475, 5432)
0...1...2...3...4...5...6...7...8...9...10	Bounce #2 added RGB(3006, 715, 120)
0...1...2...3...4...5...6...7...8...9...10	Bounce #3 added RGB(731, 64, 5)
0...1...2...3...4...5...6...7...8...9...10	Bounce #4 added RGB(228, 7, 0)
0...1...2...3...4...5...6...7...8...9...10	Bounce #5 added RGB(73, 1, 0)
0...1...2...3...4...5...6...7...8...9...10	Bounce #6 added RGB(27, 0, 0)
0...1...2...3...4...5...6...7...8...9...10	Bounce #7 added RGB(10, 0, 0)
0...1...2...3...4...5...6...7...8...9...10	Bounce #8 added RGB(4, 0, 0)
0...1...2...3...4...5...6...7...8...9...10	Bounce #9 added RGB(2, 0, 0)
0...1...2...3...4...5...6...7...8...9...10	Bounce #10 added RGB(1, 0, 0)
Build Patch/Sample Hash Table(s).....Done<0.0002 sec>
0...1...2...3...4...5...6...7...8...9...10FinalLightFace Done
0 of 0 (0% of) surface lights went in leaf ambient cubes.
0...1...2...3...4...5...6...7...8...9...10Writing leaf ambient...done
Ready to Finish

Object names       Objects/Maxobjs  Memory / Maxmem  Fullness 
------------       ---------------  ---------------  -------- 
models                   2/1024           96/49152    ( 0.2%) 
brushes                 22/8192          264/98304    ( 0.3%) 
brushsides             132/65536        1056/524288   ( 0.2%) 
planes                 140/65536        2800/1310720  ( 0.2%) 
vertexes               122/65536        1464/786432   ( 0.2%) 
nodes                   14/65536         448/2097152  ( 0.0%) 
texinfos                34/12288        2448/884736   ( 0.3%) 
texdata                 12/2048          384/65536    ( 0.6%) 
dispinfos                0/0               0/0        ( 0.0%) 
disp_verts               0/0               0/0        ( 0.0%) 
disp_tris                0/0               0/0        ( 0.0%) 
disp_lmsamples           0/0               0/0        ( 0.0%) 
faces                   61/65536        3416/3670016  ( 0.1%) 
hdr faces                0/65536           0/3670016  ( 0.0%) 
origfaces               58/65536        3248/3670016  ( 0.1%) 
leaves                  17/65536         544/2097152  ( 0.0%) 
leaffaces               61/65536         122/131072   ( 0.1%) 
leafbrushes             28/65536          56/131072   ( 0.0%) 
areas                    2/256            16/2048     ( 0.8%) 
surfedges              488/512000       1952/2048000  ( 0.1%) 
edges                  295/256000       1180/1024000  ( 0.1%) 
LDR worldlights          2/8192          176/720896   ( 0.0%) 
HDR worldlights          0/8192            0/720896   ( 0.0%) 
leafwaterdata            0/32768           0/393216   ( 0.0%) 
waterstrips              0/32768           0/327680   ( 0.0%) 
waterverts               0/65536           0/786432   ( 0.0%) 
waterindices             0/65536           0/131072   ( 0.0%) 
cubemapsamples           0/1024            0/16384    ( 0.0%) 
overlays                 0/512             0/180224   ( 0.0%) 
LDR lightdata         [variable]       19700/0        ( 0.0%) 
HDR lightdata         [variable]           0/0        ( 0.0%) 
visdata               [variable]          14/16777216 ( 0.0%) 
entdata               [variable]        7492/393216   ( 1.9%) 
LDR ambient table       17/65536          68/262144   ( 0.0%) 
HDR ambient table       17/65536          68/262144   ( 0.0%) 
LDR leaf ambient        22/65536         616/1835008  ( 0.0%) 
HDR leaf ambient        17/65536         476/1835008  ( 0.0%) 
occluders                2/0              80/0        ( 0.0%) 
occluder polygons        5/0              60/0        ( 0.0%) 
occluder vert ind       20/0              80/0        ( 0.0%) 
detail props          [variable]           1/12       ( 8.3%) 
static props          [variable]           1/466      ( 0.2%) 
pakfile               [variable]       86762/0        ( 0.0%) 
physics               [variable]        7617/4194304  ( 0.2%) 
physics terrain       [variable]           2/1048576  ( 0.0%) 

Level flags = 0

Total triangle count: 134
Writing c:\program files (x86)\steam\steamapps\common\source_sdk_maps\hl2\mapsrc\sdk_occluders.bsp
0 seconds elapsed



[Reading texlights from 'lights.rad']
[48 texlights parsed from 'lights.rad']

Loading c:\program files (x86)\steam\steamapps\common\source_sdk_maps\hl2\mapsrc\sdk_occluders.bsp
61 faces
20381 square feet [2935002.00 square inches]
0 Displacements
0 Square Feet [0.00 Square Inches]
61 patches before subdivision
1361 patches after subdivision
2 direct lights
0...1...2...3...4...5...6...7...8...9...100...1...2...3...4...5...6...7...8...9...10transfers 60800, max 186
transfer lists:   0.5 megs
0...1...2...3...4...5...6...7...8...9...10	Bounce #1 added RGB(9371, 6475, 5432)
0...1...2...3...4...5...6...7...8...9...10	Bounce #2 added RGB(3006, 715, 120)
0...1...2...3...4...5...6...7...8...9...10	Bounce #3 added RGB(731, 64, 5)
0...1...2...3...4...5...6...7...8...9...10	Bounce #4 added RGB(228, 7, 0)
0...1...2...3...4...5...6...7...8...9...10	Bounce #5 added RGB(73, 1, 0)
0...1...2...3...4...5...6...7...8...9...10	Bounce #6 added RGB(27, 0, 0)
0...1...2...3...4...5...6...7...8...9...10	Bounce #7 added RGB(10, 0, 0)
0...1...2...3...4...5...6...7...8...9...10	Bounce #8 added RGB(4, 0, 0)
0...1...2...3...4...5...6...7...8...9...10	Bounce #9 added RGB(2, 0, 0)
0...1...2...3...4...5...6...7...8...9...10	Bounce #10 added RGB(1, 0, 0)
Build Patch/Sample Hash Table(s).....Done<0.0002 sec>
0...1...2...3...4...5...6...7...8...9...10FinalLightFace Done
0 of 0 (0% of) surface lights went in leaf ambient cubes.
0...1...2...3...4...5...6...7...8...9...10Writing leaf ambient...done
Ready to Finish

Object names       Objects/Maxobjs  Memory / Maxmem  Fullness 
------------       ---------------  ---------------  -------- 
models                   2/1024           96/49152    ( 0.2%) 
brushes                 22/8192          264/98304    ( 0.3%) 
brushsides             132/65536        1056/524288   ( 0.2%) 
planes                 140/65536        2800/1310720  ( 0.2%) 
vertexes               122/65536        1464/786432   ( 0.2%) 
nodes                   14/65536         448/2097152  ( 0.0%) 
texinfos                34/12288        2448/884736   ( 0.3%) 
texdata                 12/2048          384/65536    ( 0.6%) 
dispinfos                0/0               0/0        ( 0.0%) 
disp_verts               0/0               0/0        ( 0.0%) 
disp_tris                0/0               0/0        ( 0.0%) 
disp_lmsamples           0/0               0/0        ( 0.0%) 
faces                   61/65536        3416/3670016  ( 0.1%) 
hdr faces               61/65536        3416/3670016  ( 0.1%) 
origfaces               58/65536        3248/3670016  ( 0.1%) 
leaves                  17/65536         544/2097152  ( 0.0%) 
leaffaces               61/65536         122/131072   ( 0.1%) 
leafbrushes             28/65536          56/131072   ( 0.0%) 
areas                    2/256            16/2048     ( 0.8%) 
surfedges              488/512000       1952/2048000  ( 0.1%) 
edges                  295/256000       1180/1024000  ( 0.1%) 
LDR worldlights          2/8192          176/720896   ( 0.0%) 
HDR worldlights          2/8192          176/720896   ( 0.0%) 
leafwaterdata            0/32768           0/393216   ( 0.0%) 
waterstrips              0/32768           0/327680   ( 0.0%) 
waterverts               0/65536           0/786432   ( 0.0%) 
waterindices             0/65536           0/131072   ( 0.0%) 
cubemapsamples           0/1024            0/16384    ( 0.0%) 
overlays                 0/512             0/180224   ( 0.0%) 
LDR lightdata         [variable]       19700/0        ( 0.0%) 
HDR lightdata         [variable]       19700/0        ( 0.0%) 
visdata               [variable]          14/16777216 ( 0.0%) 
entdata               [variable]        7492/393216   ( 1.9%) 
LDR ambient table       17/65536          68/262144   ( 0.0%) 
HDR ambient table       17/65536          68/262144   ( 0.0%) 
LDR leaf ambient        22/65536         616/1835008  ( 0.0%) 
HDR leaf ambient        22/65536         616/1835008  ( 0.0%) 
occluders                2/0              80/0        ( 0.0%) 
occluder polygons        5/0              60/0        ( 0.0%) 
occluder vert ind       20/0              80/0        ( 0.0%) 
detail props          [variable]           1/12       ( 8.3%) 
static props          [variable]           1/466      ( 0.2%) 
pakfile               [variable]       86762/0        ( 0.0%) 
physics               [variable]        7617/4194304  ( 0.2%) 
physics terrain       [variable]           2/1048576  ( 0.0%) 

Level flags = 0

Total triangle count: 134
Writing c:\program files (x86)\steam\steamapps\common\source_sdk_maps\hl2\mapsrc\sdk_occluders.bsp
0 seconds elapsed
