


materialPath: c:\program files\steam\steamapps\dimas_dsf\half-life 2 episode two\ep2\materials
Loading c:\program files\steam\steamapps\dimas_dsf\sourcesdk_content\ep2\mapsrc\bank.vmf
Could not locate 'GameData' key in c:\program files\steam\steamapps\dimas_dsf\half-life 2 episode two\ep2\gameinfo.txt
fixing up env_cubemap materials on brush sides...
0...1...2...3...4...5...6...7...8...9...100...1...2...3...4...5...6...7...8...9...10
FindPortalSide: Couldn't find a good match for which brush to assign to a portal near (131.0 161.5 319.0)
Leaf 0 contents: CONTENTS_WINDOW CONTENTS_TRANSLUCENT 
Leaf 1 contents: CONTENTS_SOLID 
viscontents (node 0 contents ^ node 1 contents): CONTENTS_SOLID 
This means that none of the brushes in leaf 0 or 1 that touches the portal has CONTENTS_SOLID 
Check for a huge brush enclosing the coordinates above that has contents CONTENTS_SOLID 
Candidate brush IDs: Brush 5518: 


FindPortalSide: Couldn't find a good match for which brush to assign to a portal near (0.0 442.5 318.0)
Leaf 0 contents: CONTENTS_SOLID 
Leaf 1 contents: 
viscontents (node 0 contents ^ node 1 contents): CONTENTS_SOLID 
This means that none of the brushes in leaf 0 or 1 that touches the portal has CONTENTS_SOLID 
Check for a huge brush enclosing the coordinates above that has contents CONTENTS_SOLID 
Candidate brush IDs: Brush 5518: 


FindPortalSide: Couldn't find a good match for which brush to assign to a portal near (63.0 383.0 318.0)
Leaf 0 contents: CONTENTS_SOLID 
Leaf 1 contents: 
viscontents (node 0 contents ^ node 1 contents): CONTENTS_SOLID 
This means that none of the brushes in leaf 0 or 1 that touches the portal has CONTENTS_SOLID 
Check for a huge brush enclosing the coordinates above that has contents CONTENTS_SOLID 
Candidate brush IDs: Brush 5518: 


FindPortalSide: Couldn't find a good match for which brush to assign to a portal near (192.5 442.5 317.0)
Leaf 0 contents: CONTENTS_SOLID 
Leaf 1 contents: 
viscontents (node 0 contents ^ node 1 contents): CONTENTS_SOLID 
This means that none of the brushes in leaf 0 or 1 that touches the portal has CONTENTS_SOLID 
Check for a huge brush enclosing the coordinates above that has contents CONTENTS_SOLID 
Candidate brush IDs: Brush 5518: 


FindPortalSide: Couldn't find a good match for which brush to assign to a portal near (255.9 442.5 319.0)
Leaf 0 contents: 
Leaf 1 contents: CONTENTS_SOLID 
viscontents (node 0 contents ^ node 1 contents): CONTENTS_SOLID 
This means that none of the brushes in leaf 0 or 1 that touches the portal has CONTENTS_SOLID 
Check for a huge brush enclosing the coordinates above that has contents CONTENTS_SOLID 
Candidate brush IDs: Brush 5518: 


FindPortalSide: Couldn't find a good match for which brush to assign to a portal near (0.0 161.5 133.5)
Leaf 0 contents: CONTENTS_SOLID 
Leaf 1 contents: 
viscontents (node 0 contents ^ node 1 contents): CONTENTS_SOLID 
This means that none of the brushes in leaf 0 or 1 that touches the portal has CONTENTS_SOLID 
Check for a huge brush enclosing the coordinates above that has contents CONTENTS_SOLID 
Candidate brush IDs: Brush 5518: 


FindPortalSide: Couldn't find a good match for which brush to assign to a portal near (0.0 161.5 255.5)
Leaf 0 contents: CONTENTS_SOLID 
Leaf 1 contents: 
viscontents (node 0 contents ^ node 1 contents): CONTENTS_SOLID 
This means that none of the brushes in leaf 0 or 1 that touches the portal has CONTENTS_SOLID 
Check for a huge brush enclosing the coordinates above that has contents CONTENTS_SOLID 
Candidate brush IDs: Brush 5518: 


FindPortalSide: Couldn't find a good match for which brush to assign to a portal near (63.0 162.0 197.0)
Leaf 0 contents: 
Leaf 1 contents: CONTENTS_SOLID 
viscontents (node 0 contents ^ node 1 contents): CONTENTS_SOLID 
This means that none of the brushes in leaf 0 or 1 that touches the portal has CONTENTS_SOLID 
Check for a huge brush enclosing the coordinates above that has contents CONTENTS_SOLID 
Candidate brush IDs: Brush 5518: 

*** Suppressing further FindPortalSide errors.... ***
Processing areas...done (0)
Building Faces...done (0)
FixTjuncs...
PruneNodes...
WriteBSP...
done (1)
writing c:\program files\steam\steamapps\dimas_dsf\sourcesdk_content\ep2\mapsrc\bank.prt...Building visibility clusters...
done (0)
Creating default LDR cubemaps for env_cubemap using skybox materials:
   skybox/sky_day01_01*.vmt
 ! Run buildcubemaps in the engine to get the correct cube maps.
Creating default HDR cubemaps for env_cubemap using skybox materials:
   skybox/sky_day01_01*.vmt
 ! Run buildcubemaps in the engine to get the correct cube maps.
Finding displacement neighbors...
Finding lightmap sample positions...
Displacement Alpha : 0...1...2...3...4...5...6...7...8...9...10
Building Physics collision data...
done (0) (52102 bytes)
Placing detail props : 0...1...2...3...4...5...6...7...8...9...10
Compacting texture/material tables...
Reduced 98 texinfos to 58
Reduced 9 texdatas to 9 (237 bytes to 237)
Writing c:\program files\steam\steamapps\dimas_dsf\sourcesdk_content\ep2\mapsrc\bank.bsp
1 second elapsed



materialPath: c:\program files\steam\steamapps\dimas_dsf\half-life 2 episode two\ep2\materials
Loading c:\program files\steam\steamapps\dimas_dsf\sourcesdk_content\ep2\mapsrc\bank.vmf
Could not locate 'GameData' key in c:\program files\steam\steamapps\dimas_dsf\half-life 2 episode two\ep2\gameinfo.txt
fixing up env_cubemap materials on brush sides...
0...1...2...3...4...5...6...7...8...9...100...1...2...3...4...5...6...7...8...9...10Processing areas...done (0)
Building Faces...done (0)
FixTjuncs...
PruneNodes...
WriteBSP...
done (0)
writing c:\program files\steam\steamapps\dimas_dsf\sourcesdk_content\ep2\mapsrc\bank.prt...Building visibility clusters...
done (0)
Creating default LDR cubemaps for env_cubemap using skybox materials:
   skybox/sky_day01_01*.vmt
 ! Run buildcubemaps in the engine to get the correct cube maps.
Creating default HDR cubemaps for env_cubemap using skybox materials:
   skybox/sky_day01_01*.vmt
 ! Run buildcubemaps in the engine to get the correct cube maps.
Finding displacement neighbors...
Finding lightmap sample positions...
Displacement Alpha : 0...1...2...3...4...5...6...7...8...9...10
Building Physics collision data...
done (0) (51758 bytes)
Placing detail props : 0...1...2...3...4...5...6...7...8...9...10
Compacting texture/material tables...
Reduced 98 texinfos to 64
Reduced 9 texdatas to 9 (237 bytes to 237)
Writing c:\program files\steam\steamapps\dimas_dsf\sourcesdk_content\ep2\mapsrc\bank.bsp
0 seconds elapsed



materialPath: c:\program files\steam\steamapps\dimas_dsf\half-life 2 episode two\ep2\materials
Loading c:\program files\steam\steamapps\dimas_dsf\sourcesdk_content\ep2\mapsrc\bank.vmf
Could not locate 'GameData' key in c:\program files\steam\steamapps\dimas_dsf\half-life 2 episode two\ep2\gameinfo.txt
fixing up env_cubemap materials on brush sides...
0...1...2...3...4...5...6...7...8...9...100...1...2...3...4...5...6...7...8...9...10Processing areas...done (0)
Building Faces...done (0)
FixTjuncs...
PruneNodes...
WriteBSP...
done (0)
writing c:\program files\steam\steamapps\dimas_dsf\sourcesdk_content\ep2\mapsrc\bank.prt...Building visibility clusters...
done (0)
Creating default LDR cubemaps for env_cubemap using skybox materials:
   skybox/sky_day01_01*.vmt
 ! Run buildcubemaps in the engine to get the correct cube maps.
Creating default HDR cubemaps for env_cubemap using skybox materials:
   skybox/sky_day01_01*.vmt
 ! Run buildcubemaps in the engine to get the correct cube maps.
Finding displacement neighbors...
Finding lightmap sample positions...
Displacement Alpha : 0...1...2...3...4...5...6...7...8...9...10
Building Physics collision data...
done (0) (52070 bytes)
Placing detail props : 0...1...2...3...4...5...6...7...8...9...10
Compacting texture/material tables...
Reduced 98 texinfos to 58
Reduced 9 texdatas to 9 (237 bytes to 237)
Writing c:\program files\steam\steamapps\dimas_dsf\sourcesdk_content\ep2\mapsrc\bank.bsp
0 seconds elapsed



materialPath: c:\program files\steam\steamapps\dimas_dsf\half-life 2 episode two\ep2\materials
Loading c:\program files\steam\steamapps\dimas_dsf\sourcesdk_content\ep2\mapsrc\bank.vmf
Could not locate 'GameData' key in c:\program files\steam\steamapps\dimas_dsf\half-life 2 episode two\ep2\gameinfo.txt
fixing up env_cubemap materials on brush sides...
0...1...2...3...4...5...6...7...8...9...10
FindPortalSide: Couldn't find a good match for which brush to assign to a portal near (453.4 0.0 364.5)
Leaf 0 contents: CONTENTS_SOLID 
Leaf 1 contents: 
viscontents (node 0 contents ^ node 1 contents): CONTENTS_SOLID 
This means that none of the brushes in leaf 0 or 1 that touches the portal has CONTENTS_SOLID 
Check for a huge brush enclosing the coordinates above that has contents CONTENTS_SOLID 
Candidate brush IDs: Brush 5518: 

0...1...2...3...4...5...6...7...8...9...10
FindPortalSide: Couldn't find a good match for which brush to assign to a portal near (453.4 0.0 364.5)
Leaf 0 contents: CONTENTS_SOLID 
Leaf 1 contents: 
viscontents (node 0 contents ^ node 1 contents): CONTENTS_SOLID 
This means that none of the brushes in leaf 0 or 1 that touches the portal has CONTENTS_SOLID 
Check for a huge brush enclosing the coordinates above that has contents CONTENTS_SOLID 
Candidate brush IDs: Brush 5518: 


FindPortalSide: Couldn't find a good match for which brush to assign to a portal near (0.0 442.5 318.0)
Leaf 0 contents: CONTENTS_SOLID 
Leaf 1 contents: 
viscontents (node 0 contents ^ node 1 contents): CONTENTS_SOLID 
This means that none of the brushes in leaf 0 or 1 that touches the portal has CONTENTS_SOLID 
Check for a huge brush enclosing the coordinates above that has contents CONTENTS_SOLID 
Candidate brush IDs: Brush 5518: 


FindPortalSide: Couldn't find a good match for which brush to assign to a portal near (63.0 383.0 318.0)
Leaf 0 contents: CONTENTS_SOLID 
Leaf 1 contents: 
viscontents (node 0 contents ^ node 1 contents): CONTENTS_SOLID 
This means that none of the brushes in leaf 0 or 1 that touches the portal has CONTENTS_SOLID 
Check for a huge brush enclosing the coordinates above that has contents CONTENTS_SOLID 
Candidate brush IDs: Brush 5518: 


FindPortalSide: Couldn't find a good match for which brush to assign to a portal near (192.5 442.5 317.0)
Leaf 0 contents: CONTENTS_SOLID 
Leaf 1 contents: 
viscontents (node 0 contents ^ node 1 contents): CONTENTS_SOLID 
This means that none of the brushes in leaf 0 or 1 that touches the portal has CONTENTS_SOLID 
Check for a huge brush enclosing the coordinates above that has contents CONTENTS_SOLID 
Candidate brush IDs: Brush 5518: 


FindPortalSide: Couldn't find a good match for which brush to assign to a portal near (63.0 442.5 319.0)
Leaf 0 contents: 
Leaf 1 contents: CONTENTS_SOLID 
viscontents (node 0 contents ^ node 1 contents): CONTENTS_SOLID 
This means that none of the brushes in leaf 0 or 1 that touches the portal has CONTENTS_SOLID 
Check for a huge brush enclosing the coordinates above that has contents CONTENTS_SOLID 
Candidate brush IDs: Brush 5518: 


FindPortalSide: Couldn't find a good match for which brush to assign to a portal near (447.9 442.5 319.0)
Leaf 0 contents: 
Leaf 1 contents: CONTENTS_SOLID 
viscontents (node 0 contents ^ node 1 contents): CONTENTS_SOLID 
This means that none of the brushes in leaf 0 or 1 that touches the portal has CONTENTS_SOLID 
Check for a huge brush enclosing the coordinates above that has contents CONTENTS_SOLID 
Candidate brush IDs: Brush 5518: 


FindPortalSide: Couldn't find a good match for which brush to assign to a portal near (255.0 442.5 319.0)
Leaf 0 contents: 
Leaf 1 contents: CONTENTS_SOLID 
viscontents (node 0 contents ^ node 1 contents): CONTENTS_SOLID 
This means that none of the brushes in leaf 0 or 1 that touches the portal has CONTENTS_SOLID 
Check for a huge brush enclosing the coordinates above that has contents CONTENTS_SOLID 
Candidate brush IDs: Brush 5518: 

*** Suppressing further FindPortalSide errors.... ***
Processing areas...done (0)
Building Faces...done (0)
FixTjuncs...
PruneNodes...
WriteBSP...
done (0)
writing c:\program files\steam\steamapps\dimas_dsf\sourcesdk_content\ep2\mapsrc\bank.prt...Building visibility clusters...
done (0)
Creating default LDR cubemaps for env_cubemap using skybox materials:
   skybox/sky_day01_01*.vmt
 ! Run buildcubemaps in the engine to get the correct cube maps.
Creating default HDR cubemaps for env_cubemap using skybox materials:
   skybox/sky_day01_01*.vmt
 ! Run buildcubemaps in the engine to get the correct cube maps.
Finding displacement neighbors...
Finding lightmap sample positions...
Displacement Alpha : 0...1...2...3...4...5...6...7...8...9...10
Building Physics collision data...
done (1) (55394 bytes)
Placing detail props : 0...1...2...3...4...5...6...7...8...9...10
Compacting texture/material tables...
Reduced 146 texinfos to 88
Reduced 8 texdatas to 8 (222 bytes to 222)
Writing c:\program files\steam\steamapps\dimas_dsf\sourcesdk_content\ep2\mapsrc\bank.bsp
1 second elapsed



materialPath: c:\program files\steam\steamapps\dimas_dsf\half-life 2 episode two\ep2\materials
Loading c:\program files\steam\steamapps\dimas_dsf\sourcesdk_content\ep2\mapsrc\bank.vmf
Could not locate 'GameData' key in c:\program files\steam\steamapps\dimas_dsf\half-life 2 episode two\ep2\gameinfo.txt
fixing up env_cubemap materials on brush sides...
0...1...2...3...4...5...6...7...8...9...100...1...2...3...4...5...6...7...8...9...10Processing areas...done (0)
Building Faces...done (0)
FixTjuncs...
PruneNodes...
WriteBSP...
done (0)
writing c:\program files\steam\steamapps\dimas_dsf\sourcesdk_content\ep2\mapsrc\bank.prt...Building visibility clusters...
done (0)
Creating default LDR cubemaps for env_cubemap using skybox materials:
   skybox/sky_day01_01*.vmt
 ! Run buildcubemaps in the engine to get the correct cube maps.
Creating default HDR cubemaps for env_cubemap using skybox materials:
   skybox/sky_day01_01*.vmt
 ! Run buildcubemaps in the engine to get the correct cube maps.
Finding displacement neighbors...
Finding lightmap sample positions...
Displacement Alpha : 0...1...2...3...4...5...6...7...8...9...10
Building Physics collision data...
done (0) (55394 bytes)
Placing detail props : 0...1...2...3...4...5...6...7...8...9...10
Compacting texture/material tables...
Reduced 146 texinfos to 88
Reduced 8 texdatas to 8 (222 bytes to 222)
Writing c:\program files\steam\steamapps\dimas_dsf\sourcesdk_content\ep2\mapsrc\bank.bsp
1 second elapsed



materialPath: c:\program files\steam\steamapps\dimas_dsf\half-life 2 episode two\ep2\materials
Loading c:\program files\steam\steamapps\dimas_dsf\sourcesdk_content\ep2\mapsrc\bank.vmf
Could not locate 'GameData' key in c:\program files\steam\steamapps\dimas_dsf\half-life 2 episode two\ep2\gameinfo.txt
fixing up env_cubemap materials on brush sides...
0...1...2...3...4...5...6...7...8...9...100...1...2...3...4...5...6...7...8...9...10Processing areas...done (0)
Building Faces...done (0)
FixTjuncs...
PruneNodes...
WriteBSP...
done (0)
writing c:\program files\steam\steamapps\dimas_dsf\sourcesdk_content\ep2\mapsrc\bank.prt...Building visibility clusters...
done (0)
Creating default LDR cubemaps for env_cubemap using skybox materials:
   skybox/sky_day01_01*.vmt
 ! Run buildcubemaps in the engine to get the correct cube maps.
Creating default HDR cubemaps for env_cubemap using skybox materials:
   skybox/sky_day01_01*.vmt
 ! Run buildcubemaps in the engine to get the correct cube maps.
Finding displacement neighbors...
Finding lightmap sample positions...
Displacement Alpha : 0...1...2...3...4...5...6...7...8...9...10
Building Physics collision data...
done (0) (55394 bytes)
Placing detail props : 0...1...2...3...4...5...6...7...8...9...10
Compacting texture/material tables...
Reduced 155 texinfos to 88
Reduced 8 texdatas to 8 (222 bytes to 222)
Writing c:\program files\steam\steamapps\dimas_dsf\sourcesdk_content\ep2\mapsrc\bank.bsp
1 second elapsed



materialPath: c:\program files\steam\steamapps\dimas_dsf\half-life 2 episode two\ep2\materials
Loading c:\program files\steam\steamapps\dimas_dsf\sourcesdk_content\ep2\mapsrc\bank.vmf
Could not locate 'GameData' key in c:\program files\steam\steamapps\dimas_dsf\half-life 2 episode two\ep2\gameinfo.txt
fixing up env_cubemap materials on brush sides...
0...1...2...3...4...5...6...7...8...9...100...1...2...3...4...5...6...7...8...9...10Processing areas...done (0)
Building Faces...done (0)
FixTjuncs...
PruneNodes...
WriteBSP...
done (0)
writing c:\program files\steam\steamapps\dimas_dsf\sourcesdk_content\ep2\mapsrc\bank.prt...Building visibility clusters...
done (0)
Creating default LDR cubemaps for env_cubemap using skybox materials:
   skybox/sky_day01_01*.vmt
 ! Run buildcubemaps in the engine to get the correct cube maps.
Creating default HDR cubemaps for env_cubemap using skybox materials:
   skybox/sky_day01_01*.vmt
 ! Run buildcubemaps in the engine to get the correct cube maps.
Finding displacement neighbors...
Finding lightmap sample positions...
Displacement Alpha : 0...1...2...3...4...5...6...7...8...9...10
Building Physics collision data...
done (0) (55394 bytes)
Placing detail props : 0...1...2...3...4...5...6...7...8...9...10
Compacting texture/material tables...
Reduced 155 texinfos to 88
Reduced 8 texdatas to 8 (222 bytes to 222)
Writing c:\program files\steam\steamapps\dimas_dsf\sourcesdk_content\ep2\mapsrc\bank.bsp
1 second elapsed



materialPath: c:\program files\steam\steamapps\dimas_dsf\half-life 2 episode two\ep2\materials
Loading c:\program files\steam\steamapps\dimas_dsf\sourcesdk_content\ep2\mapsrc\bank.vmf
Could not locate 'GameData' key in c:\program files\steam\steamapps\dimas_dsf\half-life 2 episode two\ep2\gameinfo.txt
fixing up env_cubemap materials on brush sides...
0...1...2...3...4...5...6...7...8...9...100...1...2...3...4...5...6...7...8...9...10Processing areas...done (0)
Building Faces...done (0)
FixTjuncs...
PruneNodes...
WriteBSP...
done (0)
writing c:\program files\steam\steamapps\dimas_dsf\sourcesdk_content\ep2\mapsrc\bank.prt...Building visibility clusters...
done (0)
Creating default LDR cubemaps for env_cubemap using skybox materials:
   skybox/sky_day01_01*.vmt
 ! Run buildcubemaps in the engine to get the correct cube maps.
Creating default HDR cubemaps for env_cubemap using skybox materials:
   skybox/sky_day01_01*.vmt
 ! Run buildcubemaps in the engine to get the correct cube maps.
Finding displacement neighbors...
Finding lightmap sample positions...
Displacement Alpha : 0...1...2...3...4...5...6...7...8...9...10
Building Physics collision data...
done (0) (55394 bytes)
Placing detail props : 0...1...2...3...4...5...6...7...8...9...10
Compacting texture/material tables...
Reduced 155 texinfos to 88
Reduced 8 texdatas to 8 (222 bytes to 222)
Writing c:\program files\steam\steamapps\dimas_dsf\sourcesdk_content\ep2\mapsrc\bank.bsp
1 second elapsed



materialPath: c:\program files\steam\steamapps\dimas_dsf\half-life 2 episode two\ep2\materials
Loading c:\program files\steam\steamapps\dimas_dsf\sourcesdk_content\ep2\mapsrc\bank.vmf
Could not locate 'GameData' key in c:\program files\steam\steamapps\dimas_dsf\half-life 2 episode two\ep2\gameinfo.txt
fixing up env_cubemap materials on brush sides...
0...1...2...3...4...5...6...7...8...9...100...1...2...3...4...5...6...7...8...9...10Processing areas...done (0)
Building Faces...done (0)
FixTjuncs...
PruneNodes...
WriteBSP...
done (0)
writing c:\program files\steam\steamapps\dimas_dsf\sourcesdk_content\ep2\mapsrc\bank.prt...Building visibility clusters...
done (0)
Creating default LDR cubemaps for env_cubemap using skybox materials:
   skybox/sky_day01_01*.vmt
 ! Run buildcubemaps in the engine to get the correct cube maps.
Creating default HDR cubemaps for env_cubemap using skybox materials:
   skybox/sky_day01_01*.vmt
 ! Run buildcubemaps in the engine to get the correct cube maps.
Finding displacement neighbors...
Finding lightmap sample positions...
Displacement Alpha : 0...1...2...3...4...5...6...7...8...9...10
Building Physics collision data...
done (1) (55618 bytes)
Placing detail props : 0...1...2...3...4...5...6...7...8...9...10
Compacting texture/material tables...
Reduced 158 texinfos to 89
Reduced 8 texdatas to 8 (222 bytes to 222)
Writing c:\program files\steam\steamapps\dimas_dsf\sourcesdk_content\ep2\mapsrc\bank.bsp
1 second elapsed



materialPath: c:\program files\steam\steamapps\dimas_dsf\half-life 2 episode two\ep2\materials
Loading c:\program files\steam\steamapps\dimas_dsf\sourcesdk_content\ep2\mapsrc\bank.vmf
ConVarRef mat_reduceparticles doesn't point to an existing ConVar
Could not locate 'GameData' key in c:\program files\steam\steamapps\dimas_dsf\half-life 2 episode two\ep2\gameinfo.txt
fixing up env_cubemap materials on brush sides...
0...1...2...3...4...5...6...7...8...9...100...1...2...3...4...5...6...7...8...9...10Processing areas...done (0)
Building Faces...done (0)
Chop Details...done (0)
Find Visible Detail Sides...done (0)
Merging details...done (0)
FixTjuncs...
PruneNodes...
WriteBSP...
done (0)
writing c:\program files\steam\steamapps\dimas_dsf\sourcesdk_content\ep2\mapsrc\bank.prt...Building visibility clusters...
done (1)
Creating default LDR cubemaps for env_cubemap using skybox materials:
   skybox/sky_day01_01*.vmt
 ! Run buildcubemaps in the engine to get the correct cube maps.
Creating default HDR cubemaps for env_cubemap using skybox materials:
   skybox/sky_day01_01*.vmt
 ! Run buildcubemaps in the engine to get the correct cube maps.
Finding displacement neighbors...
Finding lightmap sample positions...
Displacement Alpha : 0...1...2...3...4...5...6...7...8...9...10
Building Physics collision data...
done (0) (91070 bytes)
Placing detail props : 0...1...2...3...4...5...6...7...8...9...10
Compacting texture/material tables...
Reduced 270 texinfos to 150
Reduced 25 texdatas to 22 (630 bytes to 539)
Writing c:\program files\steam\steamapps\dimas_dsf\sourcesdk_content\ep2\mapsrc\bank.bsp
3 seconds elapsed



materialPath: c:\program files\steam\steamapps\dimas_dsf\half-life 2 episode two\ep2\materials
Loading c:\program files\steam\steamapps\dimas_dsf\sourcesdk_content\ep2\mapsrc\bank.vmf
ConVarRef mat_reduceparticles doesn't point to an existing ConVar
Could not locate 'GameData' key in c:\program files\steam\steamapps\dimas_dsf\half-life 2 episode two\ep2\gameinfo.txt
fixing up env_cubemap materials on brush sides...
0...1...2...3...4...5...6...7...8...9...100...1...2...3...4...5...6...7...8...9...10Processing areas...done (0)
Building Faces...done (0)
Chop Details...done (0)
Find Visible Detail Sides...done (0)
Merging details...done (0)
FixTjuncs...
PruneNodes...
WriteBSP...
done (0)
writing c:\program files\steam\steamapps\dimas_dsf\sourcesdk_content\ep2\mapsrc\bank.prt...Building visibility clusters...
done (1)
Creating default LDR cubemaps for env_cubemap using skybox materials:
   skybox/sky_day01_01*.vmt
 ! Run buildcubemaps in the engine to get the correct cube maps.
Creating default HDR cubemaps for env_cubemap using skybox materials:
   skybox/sky_day01_01*.vmt
 ! Run buildcubemaps in the engine to get the correct cube maps.
Finding displacement neighbors...
Finding lightmap sample positions...
Displacement Alpha : 0...1...2...3...4...5...6...7...8...9...10
Building Physics collision data...
done (0) (91070 bytes)
Placing detail props : 0...1...2...3...4...5...6...7...8...9...10
Compacting texture/material tables...
Reduced 270 texinfos to 150
Reduced 25 texdatas to 22 (630 bytes to 539)
Writing c:\program files\steam\steamapps\dimas_dsf\sourcesdk_content\ep2\mapsrc\bank.bsp
1 second elapsed



materialPath: c:\program files\steam\steamapps\dimas_dsf\half-life 2 episode two\ep2\materials
Loading c:\program files\steam\steamapps\dimas_dsf\sourcesdk_content\ep2\mapsrc\bank.vmf
ConVarRef mat_reduceparticles doesn't point to an existing ConVar
Could not locate 'GameData' key in c:\program files\steam\steamapps\dimas_dsf\half-life 2 episode two\ep2\gameinfo.txt
fixing up env_cubemap materials on brush sides...
0...1...2...3...4...5...6...7...8...9...100...1...2...3...4...5...6...7...8...9...10Processing areas...done (0)
Building Faces...done (0)
Chop Details...done (0)
Find Visible Detail Sides...done (0)
Merging details...done (0)
FixTjuncs...
PruneNodes...
WriteBSP...
done (0)
writing c:\program files\steam\steamapps\dimas_dsf\sourcesdk_content\ep2\mapsrc\bank.prt...Building visibility clusters...
done (0)
Creating default LDR cubemaps for env_cubemap using skybox materials:
   skybox/sky_day01_01*.vmt
 ! Run buildcubemaps in the engine to get the correct cube maps.
Creating default HDR cubemaps for env_cubemap using skybox materials:
   skybox/sky_day01_01*.vmt
 ! Run buildcubemaps in the engine to get the correct cube maps.
Finding displacement neighbors...
Finding lightmap sample positions...
Displacement Alpha : 0...1...2...3...4...5...6...7...8...9...10
Building Physics collision data...
done (0) (91462 bytes)
Placing detail props : 0...1...2...3...4...5...6...7...8...9...10
Compacting texture/material tables...
Reduced 270 texinfos to 150
Reduced 25 texdatas to 22 (630 bytes to 539)
Writing c:\program files\steam\steamapps\dimas_dsf\sourcesdk_content\ep2\mapsrc\bank.bsp
1 second elapsed



materialPath: c:\program files\steam\steamapps\dimas_dsf\half-life 2 episode two\ep2\materials
Loading c:\program files\steam\steamapps\dimas_dsf\sourcesdk_content\ep2\mapsrc\bank.vmf
ConVarRef mat_reduceparticles doesn't point to an existing ConVar
Could not locate 'GameData' key in c:\program files\steam\steamapps\dimas_dsf\half-life 2 episode two\ep2\gameinfo.txt
fixing up env_cubemap materials on brush sides...
0...1...2...3...4...5...6...7...8...9...100...1...2...3...4...5...6...7...8...9...10Processing areas...done (0)
Building Faces...done (0)
Chop Details...done (0)
Find Visible Detail Sides...done (0)
Merging details...done (0)
FixTjuncs...
PruneNodes...
WriteBSP...
done (0)
writing c:\program files\steam\steamapps\dimas_dsf\sourcesdk_content\ep2\mapsrc\bank.prt...Building visibility clusters...
done (0)
Creating default LDR cubemaps for env_cubemap using skybox materials:
   skybox/sky_day01_01*.vmt
 ! Run buildcubemaps in the engine to get the correct cube maps.
Creating default HDR cubemaps for env_cubemap using skybox materials:
   skybox/sky_day01_01*.vmt
 ! Run buildcubemaps in the engine to get the correct cube maps.
Finding displacement neighbors...
Finding lightmap sample positions...
Displacement Alpha : 0...1...2...3...4...5...6...7...8...9...10
Building Physics collision data...
done (0) (97222 bytes)
Placing detail props : 0...1...2...3...4...5...6...7...8...9...10
Compacting texture/material tables...
Reduced 286 texinfos to 165
Reduced 28 texdatas to 25 (741 bytes to 650)
Writing c:\program files\steam\steamapps\dimas_dsf\sourcesdk_content\ep2\mapsrc\bank.bsp
1 second elapsed



materialPath: c:\program files\steam\steamapps\dimas_dsf\half-life 2 episode two\ep2\materials
Loading c:\program files\steam\steamapps\dimas_dsf\sourcesdk_content\ep2\mapsrc\bank.vmf
ConVarRef mat_reduceparticles doesn't point to an existing ConVar
Could not locate 'GameData' key in c:\program files\steam\steamapps\dimas_dsf\half-life 2 episode two\ep2\gameinfo.txt
fixing up env_cubemap materials on brush sides...
0...1...2...3...4...5...6...7...8...9...10**** leaked ****
Entity info_node (453.83 -927.40 981.00) leaked!
Processing areas...done (0)
Building Faces...done (0)
Chop Details...done (0)
Find Visible Detail Sides...done (0)
Merging details...done (0)
FixTjuncs...
PruneNodes...
WriteBSP...
done (0)
Creating default LDR cubemaps for env_cubemap using skybox materials:
   skybox/sky_day01_01*.vmt
 ! Run buildcubemaps in the engine to get the correct cube maps.
Creating default HDR cubemaps for env_cubemap using skybox materials:
   skybox/sky_day01_01*.vmt
 ! Run buildcubemaps in the engine to get the correct cube maps.
Finding displacement neighbors...
Finding lightmap sample positions...
Displacement Alpha : 0...1...2...3...4...5...6...7...8...9...10
Building Physics collision data...
done (0) (97350 bytes)
Placing detail props : 0...1...2...3...4...5...6...7...8...9...10
Compacting texture/material tables...
Reduced 286 texinfos to 167
Reduced 28 texdatas to 25 (741 bytes to 650)
Writing c:\program files\steam\steamapps\dimas_dsf\sourcesdk_content\ep2\mapsrc\bank.bsp
1 second elapsed



materialPath: c:\program files\steam\steamapps\dimas_dsf\half-life 2 episode two\ep2\materials
Loading c:\program files\steam\steamapps\dimas_dsf\sourcesdk_content\ep2\mapsrc\bank.vmf
ConVarRef mat_reduceparticles doesn't point to an existing ConVar
Could not locate 'GameData' key in c:\program files\steam\steamapps\dimas_dsf\half-life 2 episode two\ep2\gameinfo.txt
fixing up env_cubemap materials on brush sides...
0...1...2...3...4...5...6...7...8...9...10**** leaked ****
Entity info_node (453.83 -927.40 981.00) leaked!
Processing areas...done (0)
Building Faces...done (0)
Chop Details...done (0)
Find Visible Detail Sides...done (0)
Merging details...done (0)
FixTjuncs...
PruneNodes...
WriteBSP...
done (0)
Creating default LDR cubemaps for env_cubemap using skybox materials:
   skybox/sky_day01_01*.vmt
 ! Run buildcubemaps in the engine to get the correct cube maps.
Creating default HDR cubemaps for env_cubemap using skybox materials:
   skybox/sky_day01_01*.vmt
 ! Run buildcubemaps in the engine to get the correct cube maps.
Finding displacement neighbors...
Finding lightmap sample positions...
Displacement Alpha : 0...1...2...3...4...5...6...7...8...9...10
Building Physics collision data...
done (0) (97350 bytes)
Placing detail props : 0...1...2...3...4...5...6...7...8...9...10
Compacting texture/material tables...
Reduced 286 texinfos to 167
Reduced 28 texdatas to 25 (741 bytes to 650)
Writing c:\program files\steam\steamapps\dimas_dsf\sourcesdk_content\ep2\mapsrc\bank.bsp
1 second elapsed



materialPath: c:\program files\steam\steamapps\dimas_dsf\half-life 2 episode two\ep2\materials
Loading c:\program files\steam\steamapps\dimas_dsf\sourcesdk_content\ep2\mapsrc\bank.vmf
ConVarRef mat_reduceparticles doesn't point to an existing ConVar
Could not locate 'GameData' key in c:\program files\steam\steamapps\dimas_dsf\half-life 2 episode two\ep2\gameinfo.txt
fixing up env_cubemap materials on brush sides...
0...1...2...3...4...5...6...7...8...9...10**** leaked ****
Entity info_node (453.83 -927.40 835.00) leaked!
Processing areas...done (0)
Building Faces...done (0)
Chop Details...done (0)
Find Visible Detail Sides...done (0)
Merging details...done (0)
FixTjuncs...
PruneNodes...
WriteBSP...
done (0)
Creating default LDR cubemaps for env_cubemap using skybox materials:
   skybox/sky_day01_01*.vmt
 ! Run buildcubemaps in the engine to get the correct cube maps.
Creating default HDR cubemaps for env_cubemap using skybox materials:
   skybox/sky_day01_01*.vmt
 ! Run buildcubemaps in the engine to get the correct cube maps.
Finding displacement neighbors...
Finding lightmap sample positions...
Displacement Alpha : 0...1...2...3...4...5...6...7...8...9...10
Building Physics collision data...
done (0) (97350 bytes)
Placing detail props : 0...1...2...3...4...5...6...7...8...9...10
Compacting texture/material tables...
Reduced 286 texinfos to 167
Reduced 28 texdatas to 25 (741 bytes to 650)
Writing c:\program files\steam\steamapps\dimas_dsf\sourcesdk_content\ep2\mapsrc\bank.bsp
1 second elapsed



materialPath: c:\program files\steam\steamapps\dimas_dsf\half-life 2 episode two\ep2\materials
Loading c:\program files\steam\steamapps\dimas_dsf\sourcesdk_content\ep2\mapsrc\bank.vmf
ConVarRef mat_reduceparticles doesn't point to an existing ConVar
Could not locate 'GameData' key in c:\program files\steam\steamapps\dimas_dsf\half-life 2 episode two\ep2\gameinfo.txt
fixing up env_cubemap materials on brush sides...
0...1...2...3...4...5...6...7...8...9...10**** leaked ****
Entity info_node (443.83 -927.40 769.00) leaked!
Processing areas...done (0)
Building Faces...done (0)
Chop Details...done (0)
Find Visible Detail Sides...done (0)
Merging details...done (0)
FixTjuncs...
PruneNodes...
WriteBSP...
done (0)
Creating default LDR cubemaps for env_cubemap using skybox materials:
   skybox/sky_day01_01*.vmt
 ! Run buildcubemaps in the engine to get the correct cube maps.
Creating default HDR cubemaps for env_cubemap using skybox materials:
   skybox/sky_day01_01*.vmt
 ! Run buildcubemaps in the engine to get the correct cube maps.
Finding displacement neighbors...
Finding lightmap sample positions...
Displacement Alpha : 0...1...2...3...4...5...6...7...8...9...10
Building Physics collision data...
done (0) (97350 bytes)
Placing detail props : 0...1...2...3...4...5...6...7...8...9...10
Compacting texture/material tables...
Reduced 286 texinfos to 167
Reduced 28 texdatas to 25 (741 bytes to 650)
Writing c:\program files\steam\steamapps\dimas_dsf\sourcesdk_content\ep2\mapsrc\bank.bsp
1 second elapsed



materialPath: c:\program files\steam\steamapps\dimas_dsf\half-life 2 episode two\ep2\materials
Loading c:\program files\steam\steamapps\dimas_dsf\sourcesdk_content\ep2\mapsrc\bank.vmf
ConVarRef mat_reduceparticles doesn't point to an existing ConVar
Could not locate 'GameData' key in c:\program files\steam\steamapps\dimas_dsf\half-life 2 episode two\ep2\gameinfo.txt
fixing up env_cubemap materials on brush sides...
0...1...2...3...4...5...6...7...8...9...10**** leaked ****
Entity info_node (443.83 -927.40 769.00) leaked!
Processing areas...done (0)
Building Faces...done (0)
Chop Details...done (0)
Find Visible Detail Sides...done (0)
Merging details...done (0)
FixTjuncs...
PruneNodes...
WriteBSP...
done (0)
Creating default LDR cubemaps for env_cubemap using skybox materials:
   skybox/sky_day01_01*.vmt
 ! Run buildcubemaps in the engine to get the correct cube maps.
Creating default HDR cubemaps for env_cubemap using skybox materials:
   skybox/sky_day01_01*.vmt
 ! Run buildcubemaps in the engine to get the correct cube maps.
Finding displacement neighbors...
Finding lightmap sample positions...
Displacement Alpha : 0...1...2...3...4...5...6...7...8...9...10
Building Physics collision data...
done (0) (97350 bytes)
Placing detail props : 0...1...2...3...4...5...6...7...8...9...10
Compacting texture/material tables...
Reduced 286 texinfos to 167
Reduced 28 texdatas to 25 (741 bytes to 650)
Writing c:\program files\steam\steamapps\dimas_dsf\sourcesdk_content\ep2\mapsrc\bank.bsp
1 second elapsed



materialPath: c:\program files\steam\steamapps\dimas_dsf\half-life 2 episode two\ep2\materials
Loading c:\program files\steam\steamapps\dimas_dsf\sourcesdk_content\ep2\mapsrc\bank.vmf
ConVarRef mat_reduceparticles doesn't point to an existing ConVar
Could not locate 'GameData' key in c:\program files\steam\steamapps\dimas_dsf\half-life 2 episode two\ep2\gameinfo.txt
fixing up env_cubemap materials on brush sides...
0...1...2...3...4...5...6...7...8...9...10**** leaked ****
Entity info_node (443.83 -927.40 769.00) leaked!
Processing areas...done (0)
Building Faces...done (0)
Chop Details...done (0)
Find Visible Detail Sides...done (0)
Merging details...done (0)
FixTjuncs...
PruneNodes...
WriteBSP...
done (0)
Creating default LDR cubemaps for env_cubemap using skybox materials:
   skybox/sky_day01_01*.vmt
 ! Run buildcubemaps in the engine to get the correct cube maps.
Creating default HDR cubemaps for env_cubemap using skybox materials:
   skybox/sky_day01_01*.vmt
 ! Run buildcubemaps in the engine to get the correct cube maps.
Finding displacement neighbors...
Finding lightmap sample positions...
Displacement Alpha : 0...1...2...3...4...5...6...7...8...9...10
Building Physics collision data...
done (0) (97350 bytes)
Placing detail props : 0...1...2...3...4...5...6...7...8...9...10
Compacting texture/material tables...
Reduced 286 texinfos to 167
Reduced 28 texdatas to 25 (741 bytes to 650)
Writing c:\program files\steam\steamapps\dimas_dsf\sourcesdk_content\ep2\mapsrc\bank.bsp
1 second elapsed



materialPath: c:\program files\steam\steamapps\dimas_dsf\half-life 2 episode two\ep2\materials
Loading c:\program files\steam\steamapps\dimas_dsf\sourcesdk_content\ep2\mapsrc\bank.vmf
ConVarRef mat_reduceparticles doesn't point to an existing ConVar
Could not locate 'GameData' key in c:\program files\steam\steamapps\dimas_dsf\half-life 2 episode two\ep2\gameinfo.txt
fixing up env_cubemap materials on brush sides...
0...1...2...3...4...5...6...7...8...9...10**** leaked ****
Entity info_node (443.83 -927.40 769.00) leaked!
Processing areas...done (0)
Building Faces...done (0)
Chop Details...done (0)
Find Visible Detail Sides...done (0)
Merging details...done (0)
FixTjuncs...
PruneNodes...
WriteBSP...
done (0)
Creating default LDR cubemaps for env_cubemap using skybox materials:
   skybox/sky_day01_01*.vmt
 ! Run buildcubemaps in the engine to get the correct cube maps.
Creating default HDR cubemaps for env_cubemap using skybox materials:
   skybox/sky_day01_01*.vmt
 ! Run buildcubemaps in the engine to get the correct cube maps.
Finding displacement neighbors...
Finding lightmap sample positions...
Displacement Alpha : 0...1...2...3...4...5...6...7...8...9...10
Building Physics collision data...
done (0) (97350 bytes)
Placing detail props : 0...1...2...3...4...5...6...7...8...9...10
Compacting texture/material tables...
Reduced 286 texinfos to 167
Reduced 28 texdatas to 25 (741 bytes to 650)
Writing c:\program files\steam\steamapps\dimas_dsf\sourcesdk_content\ep2\mapsrc\bank.bsp
1 second elapsed



materialPath: c:\program files\steam\steamapps\dimas_dsf\half-life 2 episode two\ep2\materials
Loading c:\program files\steam\steamapps\dimas_dsf\sourcesdk_content\ep2\mapsrc\bank.vmf
ConVarRef mat_reduceparticles doesn't point to an existing ConVar
Could not locate 'GameData' key in c:\program files\steam\steamapps\dimas_dsf\half-life 2 episode two\ep2\gameinfo.txt
fixing up env_cubemap materials on brush sides...
0...1...2...3...4...5...6...7...8...9...100...1...2...3...4...5...6...7...8...9...10Processing areas...done (0)
Building Faces...done (0)
Chop Details...done (0)
Find Visible Detail Sides...done (0)
Merging details...done (0)
FixTjuncs...
PruneNodes...
WriteBSP...
done (0)
writing c:\program files\steam\steamapps\dimas_dsf\sourcesdk_content\ep2\mapsrc\bank.prt...Building visibility clusters...
done (1)
Creating default LDR cubemaps for env_cubemap using skybox materials:
   skybox/sky_day01_01*.vmt
 ! Run buildcubemaps in the engine to get the correct cube maps.
Creating default HDR cubemaps for env_cubemap using skybox materials:
   skybox/sky_day01_01*.vmt
 ! Run buildcubemaps in the engine to get the correct cube maps.
Finding displacement neighbors...
Finding lightmap sample positions...
Displacement Alpha : 0...1...2...3...4...5...6...7...8...9...10
Building Physics collision data...
done (0) (97382 bytes)
Placing detail props : 0...1...2...3...4...5...6...7...8...9...10
Compacting texture/material tables...
Reduced 286 texinfos to 165
Reduced 28 texdatas to 25 (741 bytes to 650)
Writing c:\program files\steam\steamapps\dimas_dsf\sourcesdk_content\ep2\mapsrc\bank.bsp
1 second elapsed



materialPath: C:\Program Files\Steam\steamapps\sourcemods\mod_episodic\materials
Loading c:\program files\steam\steamapps\dimas_dsf\sourcesdk_content\ep2\mapsrc\bank.vmf
ConVarRef mat_reduceparticles doesn't point to an existing ConVar
Could not locate 'GameData' key in c:\program files\steam\steamapps\sourcemods\mod_episodic\gameinfo.txt
fixing up env_cubemap materials on brush sides...
0...1...2...3...4...5...6...7...8...9...100...1...2...3...4...5...6...7...8...9...10Processing areas...done (0)
Building Faces...done (0)
Chop Details...done (0)
Find Visible Detail Sides...done (0)
Merging details...done (0)
FixTjuncs...
PruneNodes...
WriteBSP...
done (0)
writing c:\program files\steam\steamapps\dimas_dsf\sourcesdk_content\ep2\mapsrc\bank.prt...Building visibility clusters...
done (0)
Creating default LDR cubemaps for env_cubemap using skybox materials:
   skybox/sky_day01_01*.vmt
 ! Run buildcubemaps in the engine to get the correct cube maps.
Creating default HDR cubemaps for env_cubemap using skybox materials:
   skybox/sky_day01_01*.vmt
 ! Run buildcubemaps in the engine to get the correct cube maps.
Finding displacement neighbors...
Finding lightmap sample positions...
Displacement Alpha : 0...1...2...3...4...5...6...7...8...9...10
Building Physics collision data...
done (0) (97940 bytes)
Placing detail props : 0...1...2...3...4...5...6...7...8...9...10
Compacting texture/material tables...
Reduced 292 texinfos to 168
Reduced 29 texdatas to 26 (757 bytes to 666)
Writing c:\program files\steam\steamapps\dimas_dsf\sourcesdk_content\ep2\mapsrc\bank.bsp
1 second elapsed



2 threads
reading c:\program files\steam\steamapps\dimas_dsf\sourcesdk_content\ep2\mapsrc\bank.bsp
reading c:\program files\steam\steamapps\dimas_dsf\sourcesdk_content\ep2\mapsrc\bank.prt
 349 portalclusters
 877 numportals
0...1...2...3...4...5...6...7...8...9...10Optimized: 5715 visible clusters (7.35%)
Total clusters visible: 77760
Average clusters visible: 222
Building PAS...
Average clusters audible: 345
visdatasize:32810  compressed from 33504
writing c:\program files\steam\steamapps\dimas_dsf\sourcesdk_content\ep2\mapsrc\bank.bsp
0 seconds elapsed



materialPath: C:\Program Files\Steam\steamapps\sourcemods\mod_episodic\materials
Loading c:\program files\steam\steamapps\dimas_dsf\sourcesdk_content\ep2\mapsrc\bank.vmf
ConVarRef mat_reduceparticles doesn't point to an existing ConVar
Could not locate 'GameData' key in c:\program files\steam\steamapps\sourcemods\mod_episodic\gameinfo.txt
fixing up env_cubemap materials on brush sides...
0...1...2...3...4...5...6...7...8...9...100...1...2...3...4...5...6...7...8...9...10Processing areas...done (0)
Building Faces...done (0)
Chop Details...done (0)
Find Visible Detail Sides...done (0)
Merging details...done (0)
FixTjuncs...
PruneNodes...
WriteBSP...
done (0)
writing c:\program files\steam\steamapps\dimas_dsf\sourcesdk_content\ep2\mapsrc\bank.prt...Building visibility clusters...
done (0)
Creating default LDR cubemaps for env_cubemap using skybox materials:
   skybox/sky_day01_01*.vmt
 ! Run buildcubemaps in the engine to get the correct cube maps.
Creating default HDR cubemaps for env_cubemap using skybox materials:
   skybox/sky_day01_01*.vmt
 ! Run buildcubemaps in the engine to get the correct cube maps.
Finding displacement neighbors...
Finding lightmap sample positions...
Displacement Alpha : 0...1...2...3...4...5...6...7...8...9...10
Building Physics collision data...
done (0) (97940 bytes)
Placing detail props : 0...1...2...3...4...5...6...7...8...9...10
Compacting texture/material tables...
Reduced 292 texinfos to 168
Reduced 28 texdatas to 25 (693 bytes to 602)
Writing c:\program files\steam\steamapps\dimas_dsf\sourcesdk_content\ep2\mapsrc\bank.bsp
1 second elapsed



2 threads
reading c:\program files\steam\steamapps\dimas_dsf\sourcesdk_content\ep2\mapsrc\bank.bsp
reading c:\program files\steam\steamapps\dimas_dsf\sourcesdk_content\ep2\mapsrc\bank.prt
 349 portalclusters
 877 numportals
0...1...2...3...4...5...6...7...8...9...10Optimized: 5715 visible clusters (7.35%)
Total clusters visible: 77760
Average clusters visible: 222
Building PAS...
Average clusters audible: 345
visdatasize:32810  compressed from 33504
writing c:\program files\steam\steamapps\dimas_dsf\sourcesdk_content\ep2\mapsrc\bank.bsp
0 seconds elapsed



materialPath: C:\Users\Viper\Documents\GitHub\SMI\sp\game\mod_episodic\materials
Loading c:\program files (x86)\steam\steamapps\common\source_sdk_maps\ep2\mapsrc\bank.vmf
ConVarRef mat_reduceparticles doesn't point to an existing ConVar
Could not locate 'GameData' key in c:\users\viper\documents\github\smi\sp\game\mod_episodic\gameinfo.txt
fixing up env_cubemap materials on brush sides...
0...1...2...3...4...5...6...7...8...9...100...1...2...3...4...5...6...7...8...9...10Processing areas...done (0)
Building Faces...done (0)
Chop Details...done (0)
Find Visible Detail Sides...done (0)
Merging details...done (0)
FixTjuncs...
PruneNodes...
WriteBSP...
done (0)
writing c:\program files (x86)\steam\steamapps\common\source_sdk_maps\ep2\mapsrc\bank.prt...Building visibility clusters...
done (0)
Creating default LDR cubemaps for env_cubemap using skybox materials:
   skybox/sky_day01_01*.vmt
 ! Run buildcubemaps in the engine to get the correct cube maps.
Creating default HDR cubemaps for env_cubemap using skybox materials:
   skybox/sky_day01_01*.vmt
 ! Run buildcubemaps in the engine to get the correct cube maps.
Finding displacement neighbors...
Finding lightmap sample positions...
Displacement Alpha : 0...1...2...3...4...5...6...7...8...9...10
Building Physics collision data...
done (0) (98689 bytes)
Placing detail props : 0...1...2...3...4...5...6...7...8...9...10
Compacting texture/material tables...
Reduced 292 texinfos to 168
Reduced 28 texdatas to 25 (693 bytes to 602)
Writing c:\program files (x86)\steam\steamapps\common\source_sdk_maps\ep2\mapsrc\bank.bsp
0 seconds elapsed



4 threads
reading c:\program files (x86)\steam\steamapps\common\source_sdk_maps\ep2\mapsrc\bank.bsp
reading c:\program files (x86)\steam\steamapps\common\source_sdk_maps\ep2\mapsrc\bank.prt
 357 portalclusters
 900 numportals
0...1...2...3...4...5...6...7...8...9...10Optimized: 6143 visible clusters (7.53%)
Total clusters visible: 81620
Average clusters visible: 228
Building PAS...
Average clusters audible: 353
visdatasize:34193  compressed from 34272
writing c:\program files (x86)\steam\steamapps\common\source_sdk_maps\ep2\mapsrc\bank.bsp
0 seconds elapsed



materialPath: C:\Users\Viper\Documents\GitHub\SMI\sp\game\mod_episodic\materials
Loading c:\program files (x86)\steam\steamapps\common\source_sdk_maps\ep2\mapsrc\bank.vmf
ConVarRef mat_reduceparticles doesn't point to an existing ConVar
Could not locate 'GameData' key in c:\users\viper\documents\github\smi\sp\game\mod_episodic\gameinfo.txt
fixing up env_cubemap materials on brush sides...
0...1...2...3...4...5...6...7...8...9...100...1...2...3...4...5...6...7...8...9...10Processing areas...done (0)
Building Faces...done (0)
Chop Details...done (0)
Find Visible Detail Sides...done (0)
Merging details...done (0)
FixTjuncs...
PruneNodes...
WriteBSP...
done (0)
writing c:\program files (x86)\steam\steamapps\common\source_sdk_maps\ep2\mapsrc\bank.prt...Building visibility clusters...
done (0)
Creating default LDR cubemaps for env_cubemap using skybox materials:
   skybox/sky_day01_01*.vmt
 ! Run buildcubemaps in the engine to get the correct cube maps.
Creating default HDR cubemaps for env_cubemap using skybox materials:
   skybox/sky_day01_01*.vmt
 ! Run buildcubemaps in the engine to get the correct cube maps.
Finding displacement neighbors...
Finding lightmap sample positions...
Displacement Alpha : 0...1...2...3...4...5...6...7...8...9...10
Building Physics collision data...
done (0) (98689 bytes)
Placing detail props : 0...1...2...3...4...5...6...7...8...9...10
Compacting texture/material tables...
Reduced 292 texinfos to 168
Reduced 28 texdatas to 25 (693 bytes to 602)
Writing c:\program files (x86)\steam\steamapps\common\source_sdk_maps\ep2\mapsrc\bank.bsp
0 seconds elapsed



4 threads
reading c:\program files (x86)\steam\steamapps\common\source_sdk_maps\ep2\mapsrc\bank.bsp
reading c:\program files (x86)\steam\steamapps\common\source_sdk_maps\ep2\mapsrc\bank.prt
 357 portalclusters
 900 numportals
0...1...2...3...4...5...6...7...8...9...10Optimized: 6143 visible clusters (7.53%)
Total clusters visible: 81620
Average clusters visible: 228
Building PAS...
Average clusters audible: 353
visdatasize:34193  compressed from 34272
writing c:\program files (x86)\steam\steamapps\common\source_sdk_maps\ep2\mapsrc\bank.bsp
0 seconds elapsed
