PRT1
357
900
4 0 82 (0 1024 258 ) (0 1024 1405.360107 ) (0 1142.670166 1405.360107 ) (0 1142.670166 258 ) 
4 0 6 (1023 1024 1405.360107 ) (0 1024 1405.360107 ) (0 1024 258 ) (1023 1024 258 ) 
4 0 1 (1023 1024 258 ) (0 1024 258 ) (0 1142.670166 258 ) (1023 1142.670166 258 ) 
4 1 86 (0 1024 2 ) (0 1024 63 ) (0 1142.670166 63 ) (0 1142.670166 2 ) 
4 1 82 (0 1024 63 ) (0 1024 258 ) (0 1142.670166 258 ) (0 1142.670166 63 ) 
4 1 80 (0 1024 73.166702 ) (0 1024 2 ) (517 1024 2 ) (517 1024 73.166702 ) 
4 1 79 (517 1024 2 ) (1023.260010 1024 2 ) (1023.260010 1024 73.166702 ) (517 1024 73.166702 ) 
4 1 78 (0 1024 75 ) (0 1024 73.166702 ) (256 1024 73.166702 ) (256 1024 75 ) 
4 1 77 (256 1024 73.166702 ) (517 1024 73.166702 ) (517 1024 75 ) (256 1024 75 ) 
4 1 76 (517 1024 73.166702 ) (1023.260010 1024 73.166702 ) (1023.260010 1024 75 ) (517 1024 75 ) 
4 1 11 (1023.260010 1024 258 ) (0 1024 258 ) (0 1024 75 ) (1023.260010 1024 75 ) 
4 2 132 (1342 0 257 ) (1088 0 257 ) (1088 0 222 ) (1342 0 222 ) 
4 2 3 (1088 318 222 ) (1342 318 222 ) (1342 0 222 ) (1088 0 222 ) 
4 3 133 (1088 0 77 ) (1342 0 77 ) (1342 0 222 ) (1088 0 222 ) 
4 3 5 (1088 192 78 ) (1088 192 77 ) (1088 0 77 ) (1088 0 78 ) 
4 3 4 (1088 192 222 ) (1088 318 222 ) (1088 318 77 ) (1088 192 77 ) 
4 4 20 (1024 192 222 ) (1024 318 222 ) (1024 318 77 ) (1024 192 77 ) 
4 4 5 (1024 192 77 ) (1088 192 77 ) (1088 192 78 ) (1024 192 78 ) 
4 5 134 (1024 0 78 ) (1024 0 77 ) (1088 0 77 ) (1088 0 78 ) 
4 5 21 (1024 0 77 ) (1024 0 78 ) (1024 192 78 ) (1024 192 77 ) 
4 6 89 (0 1024 278 ) (0 1024 258 ) (0 546 258 ) (0 546 278 ) 
4 6 87 (0 1024 1405.360107 ) (0 1024 278 ) (0 546 278 ) (0 546 1405.360107 ) 
4 6 11 (0 546 258 ) (0 1024 258 ) (1023 1024 258 ) (1023 546 258 ) 
3 6 9 (0 546 549 ) (0 546 317.771851 ) (279.002441 546 549 ) 
4 6 8 (449 546 1405.360107 ) (0 546 1405.360107 ) (0 546 549 ) (449 546 549 ) 
4 6 7 (1023 546 276 ) (1023 546 1405.360107 ) (449 546 1405.360107 ) (449 546 276 ) 
4 6 10 (0 546 258 ) (1023 546 258 ) (1023 546 276 ) (0 546 276 ) 
4 7 17 (517 512 276 ) (776 512 276 ) (776 512 309 ) (517 512 309 ) 
4 7 16 (776 512 459 ) (776 512 542.684998 ) (517 512 542.684998 ) (517 512 459 ) 
4 7 15 (776 512 276 ) (1023 512 276 ) (1023 512 542.684998 ) (776 512 542.684998 ) 
4 7 13 (517 512 1405.360107 ) (449 512 1405.360107 ) (449 512 549 ) (517 512 549 ) 
4 7 12 (1023 512 542.684998 ) (1023 512 1405.360107 ) (517 512 1405.360107 ) (517 512 542.684998 ) 
4 7 8 (449 546 1405.360107 ) (449 546 549 ) (449 512 549 ) (449 512 1405.360107 ) 
4 7 10 (449 546 276 ) (1023 546 276 ) (1023 512 276 ) (449 512 276 ) 
4 8 88 (0 512 549 ) (0 512 1405.360107 ) (0 546 1405.360107 ) (0 546 549 ) 
4 8 13 (0 512 1405.360107 ) (0 512 549 ) (449 512 549 ) (449 512 1405.360107 ) 
4 8 9 (0 546 549 ) (279.002411 546 549 ) (279.002441 512 549 ) (0 512 549 ) 
4 9 88 (0 512 317.771851 ) (0 512 549 ) (0 546 549 ) (0 546 317.771851 ) 
4 10 90 (0 546 258 ) (0 512 258 ) (0 512 276 ) (0 546 276 ) 
4 10 18 (517 512 258 ) (1023 512 258 ) (1023 512 259 ) (517 512 259 ) 
4 10 17 (776 512 276 ) (517 512 276 ) (517 512 259 ) (776 512 259 ) 
4 10 15 (1023 512 259 ) (1023 512 276 ) (776 512 276 ) (776 512 259 ) 
4 10 11 (1023 512 258 ) (0 512 258 ) (0 546 258 ) (1023 546 258 ) 
4 11 90 (0 546 75 ) (0 512 75 ) (0 512 258 ) (0 546 258 ) 
4 11 89 (0 1024 258 ) (0 1024 75 ) (0 546 75 ) (0 546 258 ) 
4 11 78 (256 512 75 ) (0 512 75 ) (0 1024 75 ) (256 1024 75 ) 
4 11 77 (517 512 75 ) (256 512 75 ) (256 1024 75 ) (517 1024 75 ) 
4 11 76 (1023.260010 512 75 ) (517 512 75 ) (517 1024 75 ) (1023.260010 1024 75 ) 
4 11 19 (517 512 75 ) (1023.260010 512 75 ) (1023.260010 512 258 ) (517 512 258 ) 
4 12 136 (1023 0 1405.360107 ) (517 0 1405.360107 ) (517 0 542.684998 ) (1023 0 542.684998 ) 
4 12 16 (517 512 542.684998 ) (776 512 542.684998 ) (776 0 542.684998 ) (517 0 542.684998 ) 
4 12 15 (776 512 542.684998 ) (1023 512 542.684998 ) (1023 0 542.684998 ) (776 0 542.684998 ) 
4 12 14 (517 0 549 ) (517 0 1405.360107 ) (517 422 1405.360107 ) (517 422 549 ) 
4 12 13 (517 422 549 ) (517 422 1405.360107 ) (517 512 1405.360107 ) (517 512 549 ) 
4 13 97 (0 422 1405.360107 ) (0 512 1405.360107 ) (0 512 549 ) (0 422 549 ) 
4 13 14 (517 422 549 ) (517 422 1405.360107 ) (0 422 1405.360107 ) (0 422 549 ) 
4 14 137 (517 0 1405.360107 ) (0 0 1405.360107 ) (0 0 549 ) (517 0 549 ) 
4 14 97 (0 0 549 ) (0 0 1405.360107 ) (0 422 1405.360107 ) (0 422 549 ) 
4 15 204 (776 0 319 ) (776 0 259 ) (1023 0 259 ) (1023 0 319 ) 
4 15 139 (1023 0 542.684998 ) (776 0 542.684998 ) (776 0 319 ) (1023 0 319 ) 
4 15 18 (776 512 259 ) (1023 512 259 ) (1023 320 259 ) (776 320 259 ) 
4 15 17 (776 512 259 ) (776 0 259 ) (776 0 309 ) (776 512 309 ) 
4 15 16 (776 0 459 ) (776 0 542.684998 ) (776 512 542.684998 ) (776 512 459 ) 
4 16 140 (776 0 542.684998 ) (517 0 542.684998 ) (517 0 459 ) (776 0 459 ) 
4 17 205 (517 0 309 ) (517 0 259 ) (776 0 259 ) (776 0 309 ) 
4 17 18 (517 512 259 ) (776 512 259 ) (776 320 259 ) (517 320 259 ) 
4 18 19 (1023 320 258 ) (517 320 258 ) (517 512 258 ) (1023 512 258 ) 
4 19 76 (1023.260010 320 75 ) (517 320 75 ) (517 512 75 ) (1023.260010 512 75 ) 
4 20 22 (955 318 222 ) (955 318 77 ) (955 192 77 ) (955 192 222 ) 
4 20 21 (955 192 78 ) (955 192 77 ) (1024 192 77 ) (1024 192 78 ) 
4 21 206 (1024 0 77 ) (1024 0 78 ) (955 0 78 ) (955 0 77 ) 
4 21 22 (955 192 77 ) (955 0 77 ) (955 0 78 ) (955 192 78 ) 
4 22 208 (955 0 257 ) (896 0 257 ) (896 0 77 ) (955 0 77 ) 
4 22 24 (896 150 134 ) (896 150 257 ) (896 194 257 ) (896 194 134 ) 
4 22 23 (896 318 257 ) (896 318 77 ) (896 194 77 ) (896 194 257 ) 
4 22 25 (896 150 77 ) (896 0 77 ) (896 0 257 ) (896 150 257 ) 
4 23 26 (840 318 257 ) (840 318 77 ) (840 194 77 ) (840 194 257 ) 
4 23 24 (840 194 257 ) (840 194 134 ) (896 194 134 ) (896 194 257 ) 
4 24 27 (840 150 134 ) (840 150 257 ) (840 194 257 ) (840 194 134 ) 
4 24 25 (840 150 257 ) (840 150 134 ) (896 150 134 ) (896 150 257 ) 
4 25 208 (896 0 257 ) (840 0 257 ) (840 0 77 ) (896 0 77 ) 
4 25 27 (840 0 134 ) (840 0 257 ) (840 150 257 ) (840 150 134 ) 
4 26 27 (812 194 257 ) (812 194 134 ) (840 194 134 ) (840 194 257 ) 
4 26 28 (812 318 257 ) (812 318 77 ) (812 194 77 ) (812 194 257 ) 
4 27 209 (840 0 257 ) (812 0 257 ) (812 0 134 ) (840 0 134 ) 
4 27 28 (812 0 134 ) (812 0 257 ) (812 194 257 ) (812 194 134 ) 
4 28 210 (812 0 257 ) (513 0 257 ) (513 0 77 ) (812 0 77 ) 
4 28 56 (513 0 78 ) (513 0 216 ) (513 129 216 ) (513 129 78 ) 
4 29 101 (0 383 542.684998 ) (0 502 542.684998 ) (0 502 317 ) (0 383 317 ) 
4 29 31 (511.825043 383 319 ) (511.825043 383 542.684998 ) (384 383 542.684998 ) (384 383 319 ) 
4 29 34 (126 383 542.684998 ) (0 383 542.684998 ) (0 383 317 ) (126 383 317 ) 
4 29 30 (0 502 317 ) (385 502 317 ) (385 383 317 ) (0 383 317 ) 
4 30 101 (0 502 317 ) (0 502 259 ) (0 383 259 ) (0 383 317 ) 
4 30 36 (0 383 259 ) (0 502 259 ) (300.636353 502 259 ) (300.636353 383 259 ) 
4 30 34 (0 383 259 ) (126 383 259 ) (126 383 317 ) (0 383 317 ) 
4 31 33 (511.825043 161 319 ) (384 161 319 ) (384 162 319 ) (511.825043 162 319 ) 
4 31 32 (384 373 319 ) (384 161 319 ) (384 161 542.684998 ) (384 373 542.684998 ) 
4 32 35 (384 161 542.684998 ) (256 161 542.684998 ) (256 161 321 ) (384 161 321 ) 
4 32 33 (384 161 319 ) (126 161 319 ) (126 162 319 ) (384 162 319 ) 
4 32 34 (126 373 319 ) (126 161 319 ) (126 161 542.684998 ) (126 373 542.684998 ) 
4 33 38 (511 161 259 ) (126 161 259 ) (126 162 259 ) (511 162 259 ) 
4 33 34 (126 162 259 ) (126 161 259 ) (126 161 319 ) (126 162 319 ) 
4 34 105 (0 161 542.684998 ) (0 346.950043 542.684998 ) (0 346.950043 259 ) (0 161 259 ) 
4 34 101 (0 346.950043 542.684998 ) (0 383 542.684998 ) (0 383 259 ) (0 346.950043 259 ) 
4 34 38 (0 161 259 ) (0 162 259 ) (126 162 259 ) (126 161 259 ) 
4 34 37 (0 162 259 ) (0 383 259 ) (126 383 259 ) (126 162 259 ) 
4 35 43 (384 151 542.684998 ) (256 151 542.684998 ) (256 151 321 ) (384 151 321 ) 
4 36 101 (0 502 218 ) (0 383 218 ) (0 383 259 ) (0 502 259 ) 
4 36 52 (241 383 218 ) (0 383 218 ) (0 502 218 ) (241 502 218 ) 
4 36 37 (0 383 218 ) (126 383 218 ) (126 383 259 ) (0 383 259 ) 
4 37 105 (0 346.950043 218 ) (0 162 218 ) (0 162 259 ) (0 346.950043 259 ) 
4 37 101 (0 383 218 ) (0 346.950043 218 ) (0 346.950043 259 ) (0 383 259 ) 
4 37 68 (0 162 218 ) (0 178 218 ) (126 178 218 ) (126 162 218 ) 
4 37 63 (0 178 218 ) (0 354 218 ) (126 354 218 ) (126 178 218 ) 
4 37 53 (0 354 218 ) (0 383 218 ) (126 383 218 ) (126 354 218 ) 
4 37 38 (0 162 218 ) (126 162 218 ) (126 162 259 ) (0 162 259 ) 
4 38 105 (0 162 218 ) (0 161 218 ) (0 161 259 ) (0 162 259 ) 
4 38 67 (126 162 218 ) (295 162 218 ) (295 161 218 ) (126 161 218 ) 
4 38 68 (0 161 218 ) (0 162 218 ) (126 162 218 ) (126 161 218 ) 
4 38 54 (432 162 218 ) (511 162 218 ) (511 161 218 ) (432 161 218 ) 
4 39 178 (511.825043 0 542.684998 ) (395 0 542.684998 ) (395 0 319 ) (511.825043 0 319 ) 
4 40 220 (395 0 309 ) (395 0 259 ) (511.825043 0 259 ) (511.825043 0 309 ) 
4 40 44 (395 151 309 ) (395 151 259 ) (395 0 259 ) (395 0 309 ) 
4 40 41 (395 0 259 ) (395 151 259 ) (511 151 259 ) (511 0 259 ) 
4 41 221 (395 0 259 ) (395 0 257 ) (511 0 257 ) (511 0 259 ) 
4 41 44 (395 151 259 ) (395 151 257 ) (395 0 257 ) (395 0 259 ) 
4 41 42 (395 0 257 ) (395 151 257 ) (511 151 257 ) (511 0 257 ) 
4 42 222 (395 0 257 ) (395 0 218 ) (511 0 218 ) (511 0 257 ) 
4 42 55 (432 129 218 ) (432 151 218 ) (511 151 218 ) (511 129 218 ) 
4 42 44 (395 151 257 ) (395 151 218 ) (395 0 218 ) (395 0 257 ) 
4 43 179 (385 0 542.684998 ) (256 0 542.684998 ) (256 0 319 ) (385 0 319 ) 
4 43 45 (256 64 319 ) (256 0 319 ) (256 0 405 ) (256 64 405 ) 
4 44 222 (256 0 257 ) (256 0 218 ) (395 0 218 ) (395 0 257 ) 
4 44 221 (256 0 259 ) (256 0 257 ) (395 0 257 ) (395 0 259 ) 
4 44 220 (256 0 309 ) (256 0 259 ) (395 0 259 ) (395 0 309 ) 
4 44 70 (295 0 218 ) (256 0 218 ) (256 64 218 ) (295 64 218 ) 
4 44 69 (256 64 218 ) (256 151 218 ) (295 151 218 ) (295 64 218 ) 
4 45 180 (246 0 405 ) (246 0 319 ) (256 0 319 ) (256 0 405 ) 
4 45 47 (246 0 319 ) (246 0 405 ) (246 64 405 ) (246 64 319 ) 
4 46 50 (128 151 309 ) (137 151 309 ) (137 64 309 ) (128 64 309 ) 
4 46 49 (137 151 309 ) (246 151 309 ) (246 64 309 ) (137 64 309 ) 
4 46 47 (128 64 542.684998 ) (128 64 319 ) (246 64 319 ) (246 64 542.684998 ) 
4 46 48 (128 151 542.684998 ) (128 151 309 ) (128 64 309 ) (128 64 542.684998 ) 
4 47 184 (246 0 542.684998 ) (128 0 542.684998 ) (128 0 319 ) (246 0 319 ) 
4 47 48 (128 0 319 ) (128 0 542.684998 ) (128 64 542.684998 ) (128 64 319 ) 
4 48 239 (0 0 319 ) (0 0 309 ) (1 0 309 ) (1 0 319 ) 
4 48 238 (1 0 309 ) (128 0 309 ) (128 0 319 ) (1 0 319 ) 
4 48 184 (128 0 542.684998 ) (0 0 542.684998 ) (0 0 319 ) (128 0 319 ) 
4 48 111 (0 0 309 ) (0 0 542.684998 ) (0 65 542.684998 ) (0 65 309 ) 
4 48 110 (0 65 542.684998 ) (0 151 542.684998 ) (0 151 309 ) (0 65 309 ) 
4 48 51 (0 0 309 ) (0 151 309 ) (128 151 309 ) (128 0 309 ) 
4 49 236 (137 0 218 ) (246 0 218 ) (246 0 309 ) (137 0 309 ) 
4 49 71 (246 0 218 ) (137 0 218 ) (137 151 218 ) (246 151 218 ) 
4 49 50 (137 64 309 ) (137 151 309 ) (137 151 218 ) (137 64 218 ) 
4 50 72 (128 64 218 ) (128 151 218 ) (137 151 218 ) (137 64 218 ) 
4 50 51 (128 64 309 ) (128 151 309 ) (128 151 218 ) (128 64 218 ) 
4 51 239 (0 0 309 ) (0 0 218 ) (1 0 218 ) (1 0 309 ) 
4 51 238 (1 0 218 ) (128 0 218 ) (128 0 309 ) (1 0 309 ) 
4 51 111 (0 0 218 ) (0 0 309 ) (0 65 309 ) (0 65 218 ) 
4 51 110 (0 65 309 ) (0 151 309 ) (0 151 218 ) (0 65 218 ) 
4 51 75 (1 0 218 ) (0 0 218 ) (0 65 218 ) (1 65 218 ) 
4 51 74 (0 65 218 ) (0 151 218 ) (1 151 218 ) (1 65 218 ) 
4 51 73 (128 0 218 ) (1 0 218 ) (1 151 218 ) (128 151 218 ) 
4 52 101 (0 383 218 ) (0 502 218 ) (0 502 75 ) (0 383 75 ) 
5 52 53 (0 383 75 ) (33 383 75 ) (126 383 138.937500 ) (126 383 218 ) (0 383 218 ) 
4 53 101 (0 354 218 ) (0 383 218 ) (0 383 75 ) (0 354 75 ) 
4 53 66 (0 354 75 ) (126 354 75 ) (126 354 78 ) (0 354 78 ) 
4 53 65 (126 354 78 ) (126 354 217 ) (0 354 217 ) (0 354 78 ) 
4 53 63 (126 354 217 ) (126 354 218 ) (0 354 218 ) (0 354 217 ) 
4 54 61 (511 162 76 ) (511 161 76 ) (432 161 76 ) (432 162 76 ) 
4 55 62 (511 151 76 ) (511 129 76 ) (432 129 76 ) (432 151 76 ) 
4 56 225 (513 0 78 ) (513 0 216 ) (511 0 216 ) (511 0 78 ) 
4 56 57 (511 127 78 ) (511 0 78 ) (511 0 216 ) (511 127 216 ) 
4 57 226 (511 0 216 ) (432 0 216 ) (432 0 78 ) (511 0 78 ) 
4 57 59 (432 0 78 ) (432 0 216 ) (432 127 216 ) (432 127 78 ) 
4 58 64 (295 352 78 ) (295 180 78 ) (295 180 217 ) (295 352 217 ) 
4 58 60 (297 180 78 ) (430 180 78 ) (430 180 216 ) (297 180 216 ) 
4 59 227 (430 0 216 ) (430 0 78 ) (432 0 78 ) (432 0 216 ) 
4 59 60 (430 0 78 ) (430 0 216 ) (430 129 216 ) (430 129 78 ) 
4 60 228 (297 0 78 ) (430 0 78 ) (430 0 216 ) (297 0 216 ) 
4 61 67 (295 162 75 ) (295 161 75 ) (295 161 76 ) (295 162 76 ) 
4 62 231 (295 0 75 ) (511 0 75 ) (511 0 76 ) (295 0 76 ) 
4 62 70 (295 64 75 ) (295 0 75 ) (295 0 76 ) (295 64 76 ) 
4 62 69 (295 151 75 ) (295 64 75 ) (295 64 76 ) (295 151 76 ) 
4 63 105 (0 178 218 ) (0 346.950043 218 ) (0 346.950043 217 ) (0 178 217 ) 
4 63 101 (0 346.950043 218 ) (0 354 218 ) (0 354 217 ) (0 346.950043 217 ) 
4 63 68 (126 178 218 ) (0 178 218 ) (0 178 217 ) (126 178 217 ) 
4 63 65 (126 178 217 ) (0 178 217 ) (0 354 217 ) (126 354 217 ) 
4 64 65 (128 352 78 ) (128 180 78 ) (128 180 217 ) (128 352 217 ) 
4 65 105 (0 346.950043 78 ) (0 178 78 ) (0 178 217 ) (0 346.950043 217 ) 
4 65 101 (0 354 217 ) (0 354 78 ) (0 346.950043 78 ) (0 346.950043 217 ) 
4 65 68 (126 178 217 ) (0 178 217 ) (0 178 78 ) (126 178 78 ) 
4 65 66 (126 178 78 ) (0 178 78 ) (0 354 78 ) (126 354 78 ) 
4 66 105 (0 346.950043 75 ) (0 178 75 ) (0 178 78 ) (0 346.950043 78 ) 
4 66 101 (0 354 78 ) (0 354 75 ) (0 346.950043 75 ) (0 346.950043 78 ) 
4 66 68 (0 178 75 ) (126 178 75 ) (126 178 78 ) (0 178 78 ) 
4 67 68 (126 162 75 ) (126 161 75 ) (126 161 218 ) (126 162 218 ) 
4 68 105 (0 161 218 ) (0 178 218 ) (0 178 75 ) (0 161 75 ) 
4 69 70 (256 64 75 ) (295 64 75 ) (295 64 218 ) (256 64 218 ) 
4 70 231 (256 0 75 ) (295 0 75 ) (295 0 76 ) (256 0 76 ) 
4 70 230 (295 0 76 ) (295 0 78 ) (256 0 78 ) (256 0 76 ) 
4 70 229 (295 0 78 ) (295 0 216 ) (256 0 216 ) (256 0 78 ) 
4 70 224 (295 0 216 ) (295 0 218 ) (256 0 218 ) (256 0 216 ) 
4 71 236 (137 0 75 ) (246 0 75 ) (246 0 218 ) (137 0 218 ) 
4 71 72 (137 151 218 ) (137 151 75 ) (137 64 75 ) (137 64 218 ) 
4 72 73 (128 151 218 ) (128 151 75 ) (128 64 75 ) (128 64 218 ) 
4 73 238 (1 0 75 ) (128 0 75 ) (128 0 218 ) (1 0 218 ) 
4 73 75 (1 0 117 ) (1 0 218 ) (1 65 218 ) (1 65 117 ) 
4 73 74 (1 151 218 ) (1 151 75 ) (1 65 75 ) (1 65 218 ) 
4 74 110 (0 65 218 ) (0 151 218 ) (0 151 75 ) (0 65 75 ) 
4 74 75 (1 65 117 ) (1 65 218 ) (0 65 218 ) (0 65 117 ) 
4 75 239 (0 0 218 ) (0 0 117 ) (1 0 117 ) (1 0 218 ) 
4 75 111 (0 0 117 ) (0 0 218 ) (0 65 218 ) (0 65 117 ) 
4 76 218 (1023.260010 0 75 ) (517 0 75 ) (517 0 73.166702 ) (1023.260010 0 73.166702 ) 
4 76 79 (1023.260010 0 73.166702 ) (517 0 73.166702 ) (517 1024 73.166702 ) (1023.260010 1024 73.166702 ) 
4 76 77 (517 1024 73.166702 ) (517 512 73.166702 ) (517 512 75 ) (517 1024 75 ) 
4 77 80 (256 512 73.166702 ) (256 1024 73.166702 ) (517 1024 73.166702 ) (517 512 73.166702 ) 
4 77 78 (256 1024 73.166702 ) (256 512 73.166702 ) (256 512 75 ) (256 1024 75 ) 
4 78 90 (0 512 75 ) (0 546 75 ) (0 546 73.166702 ) (0 512 73.166702 ) 
4 78 89 (0 546 75 ) (0 1024 75 ) (0 1024 73.166702 ) (0 546 73.166702 ) 
4 78 80 (0 512 73.166702 ) (0 1024 73.166702 ) (256 1024 73.166702 ) (256 512 73.166702 ) 
4 79 253 (1023.260010 0 73.166702 ) (517 0 73.166702 ) (517 0 2 ) (1023.260010 0 2 ) 
4 79 81 (517 512 2 ) (517 0 2 ) (517 0 64 ) (517 512 64 ) 
4 79 80 (517 1024 2 ) (517 512 2 ) (517 512 73.166702 ) (517 1024 73.166702 ) 
4 80 90 (0 512 73.166702 ) (0 546 73.166702 ) (0 546 2 ) (0 512 2 ) 
4 80 89 (0 546 73.166702 ) (0 1024 73.166702 ) (0 1024 2 ) (0 546 2 ) 
4 80 81 (0 512 2 ) (517 512 2 ) (517 512 64 ) (0 512 64 ) 
4 81 254 (0 0 64 ) (0 0 2 ) (517 0 2 ) (517 0 64 ) 
4 81 123 (0 0 2 ) (0 0 64 ) (0 512 64 ) (0 512 2 ) 
4 82 91 (-48 1024 278 ) (-567 1024 278 ) (-567 1024 63 ) (-48 1024 63 ) 
4 82 89 (0 1024 63 ) (0 1024 278 ) (-48 1024 278 ) (-48 1024 63 ) 
4 82 87 (0 1024 278 ) (0 1024 1405.360107 ) (-567 1024 1405.360107 ) (-567 1024 278 ) 
4 82 86 (-512 1142.670166 63 ) (0 1142.670166 63 ) (0 1024 63 ) (-512 1024 63 ) 
4 82 84 (-567 1024 278 ) (-567 1024 1405.360107 ) (-567 1142 1405.360107 ) (-567 1142 278 ) 
4 82 83 (-567 1142.670166 1405.360107 ) (-567 1142.670166 63 ) (-567 1142 63 ) (-567 1142 1405.360107 ) 
4 83 84 (-573 1142 1405.360107 ) (-573 1142 278 ) (-567 1142 278 ) (-567 1142 1405.360107 ) 
4 83 85 (-573 1142.670166 1405.360107 ) (-573 1142.670166 63 ) (-573 1142 63 ) (-573 1142 1405.360107 ) 
4 84 87 (-567 1024 1405.360107 ) (-573 1024 1405.360107 ) (-573 1024 278 ) (-567 1024 278 ) 
4 84 85 (-573 1024 278 ) (-573 1024 1405.360107 ) (-573 1142 1405.360107 ) (-573 1142 278 ) 
4 85 129 (-1024 1024 63 ) (-1024 1024 1405.360107 ) (-1024 1142.670166 1405.360107 ) (-1024 1142.670166 63 ) 
4 85 92 (-1024 1024 278 ) (-1024 1024 63 ) (-573 1024 63 ) (-573 1024 278 ) 
4 85 87 (-573 1024 1405.360107 ) (-1024 1024 1405.360107 ) (-1024 1024 278 ) (-573 1024 278 ) 
4 86 93 (-48 1024 63 ) (-512 1024 63 ) (-512 1024 2 ) (-48 1024 2 ) 
4 86 89 (0 1024 2 ) (0 1024 63 ) (-48 1024 63 ) (-48 1024 2 ) 
4 87 131 (-1024 1024 804 ) (-1024 1024 278 ) (-1024 546 278 ) (-1024 546 804 ) 
4 87 130 (-1024 546 1405.360107 ) (-1024 1024 1405.360107 ) (-1024 1024 804 ) (-1024 546 804 ) 
4 87 91 (-567 1024 278 ) (-48 1024 278 ) (-48 546 278 ) (-567 546 278 ) 
4 87 92 (-1024 546 278 ) (-1024 1024 278 ) (-573 1024 278 ) (-573 546 278 ) 
4 87 89 (-48 1024 278 ) (0 1024 278 ) (0 546 278 ) (-48 546 278 ) 
5 87 88 (-1024 546 278 ) (-47.989075 546 278 ) (0 546 317.771851 ) (0 546 1405.360107 ) (-1024 546 1405.360107 ) 
4 88 131 (-1024 512 278 ) (-1024 512 804 ) (-1024 546 804 ) (-1024 546 278 ) 
4 88 130 (-1024 512 804 ) (-1024 512 1405.360107 ) (-1024 546 1405.360107 ) (-1024 546 804 ) 
4 88 125 (-651 512 278 ) (-576 512 278 ) (-576 512 1405.360107 ) (-651 512 1405.360107 ) 
4 88 127 (-1024 512 1405.360107 ) (-1024 512 278 ) (-651 512 278 ) (-651 512 1405.360107 ) 
4 88 113 (-566 512 549 ) (-566 512 1405.360107 ) (-576 512 1405.360107 ) (-576 512 549 ) 
4 88 99 (-89 512 296 ) (-89 512 491 ) (-207 512 491 ) (-207 512 296 ) 
4 88 100 (-218 512 491 ) (-326 512 491 ) (-326 512 296 ) (-218 512 296 ) 
4 88 97 (0 512 549 ) (0 512 1405.360107 ) (-566 512 1405.360107 ) (-566 512 549 ) 
4 88 96 (-632 512 278 ) (-1024 512 278 ) (-1024 546 278 ) (-632 546 278 ) 
4 88 95 (-512 512 278 ) (-632 512 278 ) (-632 515 278 ) (-512 515 278 ) 
4 88 94 (-47.989143 512 278 ) (-512 512 278 ) (-512 515 278 ) (-47.989136 515 278 ) 
4 89 93 (-48 1024 2 ) (-48 546 2 ) (-48 546 63 ) (-48 1024 63 ) 
4 89 91 (-48 546 63 ) (-48 546 278 ) (-48 1024 278 ) (-48 1024 63 ) 
4 89 90 (-48 546 276 ) (-48 546 2 ) (0 546 2 ) (0 546 276 ) 
4 90 123 (-48 512 2 ) (0 512 2 ) (0 512 64 ) (-48 512 64 ) 
4 90 94 (-48 515 2 ) (-48 512 2 ) (-48 512 276 ) (-48 515 276 ) 
4 91 93 (-48 546 63 ) (-512 546 63 ) (-512 1024 63 ) (-48 1024 63 ) 
4 92 131 (-1024 546 278 ) (-1024 1024 278 ) (-1024 1024 63 ) (-1024 546 63 ) 
4 92 96 (-632 546 278 ) (-1024 546 278 ) (-1024 546 63 ) (-632 546 63 ) 
4 94 123 (-512 512 2 ) (-48 512 2 ) (-48 512 64 ) (-512 512 64 ) 
4 94 95 (-512 512 63 ) (-512 512 278 ) (-512 515 278 ) (-512 515 63 ) 
4 95 128 (-632 512 269 ) (-632 512 63 ) (-576 512 63 ) (-576 512 269 ) 
4 95 125 (-576 512 278 ) (-632 512 278 ) (-632 512 269 ) (-576 512 269 ) 
4 95 124 (-512 512 63 ) (-512 512 64 ) (-576 512 64 ) (-576 512 63 ) 
4 95 96 (-632 512 63 ) (-632 512 278 ) (-632 515 278 ) (-632 515 63 ) 
4 96 131 (-1024 512 63 ) (-1024 512 278 ) (-1024 546 278 ) (-1024 546 63 ) 
4 96 128 (-1024 512 269 ) (-1024 512 63 ) (-632 512 63 ) (-632 512 269 ) 
4 96 125 (-651 512 269 ) (-632 512 269 ) (-632 512 278 ) (-651 512 278 ) 
4 96 127 (-1024 512 278 ) (-1024 512 269 ) (-651 512 269 ) (-651 512 278 ) 
4 97 261 (0 0 549 ) (0 0 768 ) (-566 0 768 ) (-566 0 549 ) 
4 97 258 (0 0 768 ) (0 0 845 ) (-566 0 845 ) (-566 0 768 ) 
4 97 257 (0 0 845 ) (0 0 1405.360107 ) (-566 0 1405.360107 ) (-566 0 845 ) 
4 97 113 (-566 512 1405.360107 ) (-566 512 549 ) (-566 0 549 ) (-566 0 1405.360107 ) 
4 97 98 (-444 422 549 ) (-150 422 549 ) (-150 225 549 ) (-444 225 549 ) 
4 98 108 (-150 346.950043 542.684998 ) (-150 225 542.684998 ) (-444 225 542.684998 ) (-444 346.950043 542.684998 ) 
4 98 104 (-444 422 542.684998 ) (-150 422 542.684998 ) (-150 346.950043 542.684998 ) (-444 346.950043 542.684998 ) 
4 99 102 (-128 502 296 ) (-89 502 296 ) (-89 502 491 ) (-128 502 491 ) 
4 99 104 (-207 502 296 ) (-128 502 296 ) (-128 502 491 ) (-207 502 491 ) 
4 100 104 (-326 502 491 ) (-326 502 296 ) (-218 502 296 ) (-218 502 491 ) 
4 101 105 (-41 346.950043 75 ) (0 346.950043 75 ) (0 346.950043 542.684998 ) (-41 346.950043 542.684998 ) 
4 101 103 (-41 346.950043 119 ) (-41 346.950043 542.684998 ) (-41 384 542.684998 ) (-41 384 119 ) 
4 101 102 (-41 502 542.684998 ) (-41 502 75 ) (-41 384 75 ) (-41 384 542.684998 ) 
4 102 103 (-128 384 542.684998 ) (-128 384 119 ) (-41 384 119 ) (-41 384 542.684998 ) 
4 102 104 (-128 502 542.684998 ) (-128 502 75 ) (-128 384 75 ) (-128 384 542.684998 ) 
4 103 106 (-98.093803 346.950043 542.684998 ) (-128 346.950043 542.684998 ) (-128 346.950043 119 ) (-98.093803 346.950043 119 ) 
4 103 105 (-41 346.950043 119 ) (-41 346.950043 542.684998 ) (-98.093803 346.950043 542.684998 ) (-98.093803 346.950043 119 ) 
4 103 104 (-128 346.950043 119 ) (-128 346.950043 542.684998 ) (-128 384 542.684998 ) (-128 384 119 ) 
4 104 119 (-566 489 75 ) (-566 422 75 ) (-566 422 192 ) (-566 489 192 ) 
4 104 115 (-566 502 364 ) (-566 502 277 ) (-566 406 277 ) (-566 406 364 ) 
4 104 116 (-566 398 277 ) (-566 346.950043 277 ) (-566 346.950043 364 ) (-566 398 364 ) 
4 104 108 (-566 346.950043 75 ) (-128 346.950043 75 ) (-128 346.950043 542.684998 ) (-566 346.950043 542.684998 ) 
4 105 106 (-98.093803 346.950043 542.684998 ) (-98.093803 346.950043 119 ) (-98.093803 209 119 ) (-98.093803 209 542.684998 ) 
4 105 107 (-98.093803 209 75 ) (-98.093803 161 75 ) (-98.093803 161 542.684998 ) (-98.093803 209 542.684998 ) 
4 106 107 (-128 209 542.684998 ) (-128 209 119 ) (-98.093803 209 119 ) (-98.093803 209 542.684998 ) 
4 106 108 (-128 346.950043 542.684998 ) (-128 346.950043 119 ) (-128 209 119 ) (-128 209 542.684998 ) 
4 107 108 (-128 209 75 ) (-128 161 75 ) (-128 161 542.684998 ) (-128 209 542.684998 ) 
4 108 120 (-566 226 192 ) (-566 297 192 ) (-566 297 75 ) (-566 226 75 ) 
4 108 117 (-566 161 277 ) (-566 161 364 ) (-566 268 364 ) (-566 268 277 ) 
4 108 116 (-566 276 364 ) (-566 346.950043 364 ) (-566 346.950043 277 ) (-566 276 277 ) 
4 108 109 (-448 161 192 ) (-448 161 75 ) (-254 161 75 ) (-254 161 192 ) 
4 109 112 (-448 151 192 ) (-448 151 75 ) (-254 151 75 ) (-254 151 192 ) 
4 110 111 (-36 65 542.684998 ) (-36 65 117 ) (0 65 117 ) (0 65 542.684998 ) 
4 110 112 (-36 151 542.684998 ) (-36 151 75 ) (-36 65 75 ) (-36 65 542.684998 ) 
4 111 265 (0 0 117 ) (0 0 192 ) (-36 0 192 ) (-36 0 117 ) 
4 111 264 (0 0 192 ) (0 0 321 ) (-36 0 321 ) (-36 0 192 ) 
4 111 262 (0 0 321 ) (0 0 542.684998 ) (-36 0 542.684998 ) (-36 0 321 ) 
4 111 112 (-36 0 117 ) (-36 0 542.684998 ) (-36 65 542.684998 ) (-36 65 117 ) 
4 112 311 (-566 0 192 ) (-566 0 75 ) (-268 0 75 ) (-268 0 192 ) 
4 112 284 (-268 0 542.684998 ) (-566 0 542.684998 ) (-566 0 192 ) (-268 0 192 ) 
4 112 269 (-190 0 542.684998 ) (-268 0 542.684998 ) (-268 0 75 ) (-190 0 75 ) 
4 112 266 (-190 0 192 ) (-190 0 75 ) (-36 0 75 ) (-36 0 192 ) 
4 112 264 (-190 0 321 ) (-190 0 192 ) (-36 0 192 ) (-36 0 321 ) 
4 112 263 (-150 0 542.684998 ) (-190 0 542.684998 ) (-190 0 321 ) (-150 0 321 ) 
4 112 262 (-36 0 542.684998 ) (-150 0 542.684998 ) (-150 0 321 ) (-36 0 321 ) 
4 112 118 (-566 0 277 ) (-566 0 364 ) (-566 151 364 ) (-566 151 277 ) 
4 112 114 (-566 0 364 ) (-566 0 542 ) (-566 151 542 ) (-566 151 364 ) 
4 113 261 (-576 0 768 ) (-576 0 549 ) (-566 0 549 ) (-566 0 768 ) 
4 113 258 (-576 0 845 ) (-576 0 768 ) (-566 0 768 ) (-566 0 845 ) 
4 113 257 (-576 0 1405.360107 ) (-576 0 845 ) (-566 0 845 ) (-566 0 1405.360107 ) 
4 113 126 (-576 509 549 ) (-576 0 549 ) (-576 0 1405.360107 ) (-576 509 1405.360107 ) 
4 113 125 (-576 512 1405.360107 ) (-576 512 549 ) (-576 509 549 ) (-576 509 1405.360107 ) 
4 114 285 (-576 0 542 ) (-576 0 364 ) (-566 0 364 ) (-566 0 542 ) 
4 114 126 (-576 151 364 ) (-576 0 364 ) (-576 0 542 ) (-576 151 542 ) 
4 114 118 (-576 0 364 ) (-576 151 364 ) (-566 151 364 ) (-566 0 364 ) 
4 115 126 (-576 406 279 ) (-576 406 364 ) (-576 502 364 ) (-576 502 279 ) 
4 116 126 (-576 276 279 ) (-576 276 364 ) (-576 398 364 ) (-576 398 279 ) 
4 117 126 (-576 161 279 ) (-576 161 364 ) (-576 268 364 ) (-576 268 279 ) 
4 118 285 (-576 0 364 ) (-576 0 277 ) (-566 0 277 ) (-566 0 364 ) 
4 118 126 (-576 0 279 ) (-576 0 364 ) (-576 151 364 ) (-576 151 279 ) 
4 119 121 (-570.825073 489 192 ) (-570.825073 489 75 ) (-570.825073 422 75 ) (-570.825073 422 192 ) 
4 120 122 (-570.825073 226 75 ) (-570.825073 226 192 ) (-570.825073 297 192 ) (-570.825073 297 75 ) 
4 121 128 (-576 489 73.166702 ) (-576 422 73.166702 ) (-576 422 192 ) (-576 489 192 ) 
4 122 128 (-576 297 73.166702 ) (-576 226 73.166702 ) (-576 226 192 ) (-576 297 192 ) 
4 123 338 (0 0 2 ) (0 0 63 ) (-512 0 63 ) (-512 0 2 ) 
4 123 335 (0 0 63 ) (0 0 64 ) (-512 0 64 ) (-512 0 63 ) 
4 123 124 (-512 0 63 ) (-512 0 64 ) (-512 512 64 ) (-512 512 63 ) 
4 124 336 (-561 0 64 ) (-576 0 64 ) (-576 0 63 ) (-561 0 63 ) 
4 124 335 (-512 0 63 ) (-512 0 64 ) (-561 0 64 ) (-561 0 63 ) 
4 124 128 (-576 512 64 ) (-576 512 63 ) (-576 0 63 ) (-576 0 64 ) 
4 125 128 (-651 512 269 ) (-576 512 269 ) (-576 509 269 ) (-651 509 269 ) 
4 125 126 (-651 509 1405.360107 ) (-651 509 279 ) (-576 509 279 ) (-576 509 1405.360107 ) 
4 125 127 (-651 512 269 ) (-651 509 269 ) (-651 509 1405.360107 ) (-651 512 1405.360107 ) 
4 126 331 (-576 0 279 ) (-576 0 322 ) (-651 0 322 ) (-651 0 279 ) 
4 126 327 (-576 0 322 ) (-576 0 549 ) (-577 0 549 ) (-577 0 322 ) 
4 126 330 (-577 0 549 ) (-651 0 549 ) (-651 0 322 ) (-577 0 322 ) 
4 126 325 (-576 0 549 ) (-576 0 768 ) (-577 0 768 ) (-577 0 549 ) 
4 126 326 (-577 0 768 ) (-651 0 768 ) (-651 0 549 ) (-577 0 549 ) 
4 126 321 (-576 0 768 ) (-576 0 1405.360107 ) (-587 0 1405.360107 ) (-587 0 768 ) 
4 126 324 (-587 0 1405.360107 ) (-651 0 1405.360107 ) (-651 0 768 ) (-587 0 768 ) 
4 126 127 (-651 0 279 ) (-651 0 1405.360107 ) (-651 509 1405.360107 ) (-651 509 279 ) 
4 127 334 (-1024 0 322 ) (-1024 0 269 ) (-651 0 269 ) (-651 0 322 ) 
4 127 330 (-1024 0 549 ) (-1024 0 322 ) (-651 0 322 ) (-651 0 549 ) 
4 127 326 (-1024 0 768 ) (-1024 0 549 ) (-651 0 549 ) (-651 0 768 ) 
4 127 324 (-651 0 1405.360107 ) (-1024 0 1405.360107 ) (-1024 0 768 ) (-651 0 768 ) 
4 127 131 (-1024 0 269 ) (-1024 0 804 ) (-1024 512 804 ) (-1024 512 269 ) 
4 127 130 (-1024 0 804 ) (-1024 0 1405.360107 ) (-1024 512 1405.360107 ) (-1024 512 804 ) 
4 127 128 (-1024 0 269 ) (-1024 512 269 ) (-651 512 269 ) (-651 0 269 ) 
4 128 337 (-576 0 63 ) (-576 0 73.166702 ) (-1024 0 73.166702 ) (-1024 0 63 ) 
4 128 332 (-576 0 73.166702 ) (-576 0 269 ) (-651 0 269 ) (-651 0 73.166702 ) 
4 128 334 (-651 0 269 ) (-1024 0 269 ) (-1024 0 73.166702 ) (-651 0 73.166702 ) 
4 128 131 (-1024 0 63 ) (-1024 0 269 ) (-1024 512 269 ) (-1024 512 63 ) 
4 129 131 (-1024 1024 63 ) (-1024 1024 804 ) (-1855.260132 1024 804 ) (-1855.260132 1024 63 ) 
4 129 130 (-1024 1024 804 ) (-1024 1024 1405.360107 ) (-1855.260132 1024 1405.360107 ) (-1855.260132 1024 804 ) 
4 130 339 (-1024 0 804 ) (-1024 0 1405.360107 ) (-1855.260132 0 1405.360107 ) (-1855.260132 0 804 ) 
4 130 131 (-1855.260132 1024 804 ) (-1024 1024 804 ) (-1024 0 804 ) (-1855.260132 0 804 ) 
4 131 340 (-1024 0 63 ) (-1024 0 804 ) (-1855.260132 0 804 ) (-1855.260132 0 63 ) 
4 132 133 (1342 -190 222 ) (1088 -190 222 ) (1088 0 222 ) (1342 0 222 ) 
4 133 134 (1088 0 77 ) (1088 -64 77 ) (1088 -64 78 ) (1088 0 78 ) 
4 133 135 (1088 -64 77 ) (1088 -190 77 ) (1088 -190 222 ) (1088 -64 222 ) 
4 134 206 (1024 0 78 ) (1024 0 77 ) (1024 -64 77 ) (1024 -64 78 ) 
4 134 135 (1024 -64 77 ) (1088 -64 77 ) (1088 -64 78 ) (1024 -64 78 ) 
4 135 207 (1024 -64 77 ) (1024 -190 77 ) (1024 -190 222 ) (1024 -64 222 ) 
4 136 255 (1023 -1024 1405.360107 ) (517 -1024 1405.360107 ) (517 -1024 542.684998 ) (1023 -1024 542.684998 ) 
4 136 140 (517 0 542.684998 ) (776 0 542.684998 ) (776 -1024 542.684998 ) (517 -1024 542.684998 ) 
4 136 139 (776 0 542.684998 ) (1023 0 542.684998 ) (1023 -1024 542.684998 ) (776 -1024 542.684998 ) 
4 136 138 (517 -1024 768 ) (517 -1024 1405.360107 ) (517 -637 1405.360107 ) (517 -637 768 ) 
4 136 137 (517 -637 1405.360107 ) (517 0 1405.360107 ) (517 0 549 ) (517 -637 549 ) 
4 137 261 (0 0 768 ) (0 0 549 ) (0 -637 549 ) (0 -637 768 ) 
4 137 258 (0 0 845 ) (0 0 768 ) (0 -637 768 ) (0 -637 845 ) 
4 137 257 (0 0 1405.360107 ) (0 0 845 ) (0 -637 845 ) (0 -637 1405.360107 ) 
4 137 138 (517 -637 768 ) (517 -637 1405.360107 ) (0 -637 1405.360107 ) (0 -637 768 ) 
4 138 259 (0 -1006 845 ) (0 -915 845 ) (0 -915 768 ) (0 -1006 768 ) 
4 138 258 (0 -915 845 ) (0 -637 845 ) (0 -637 768 ) (0 -915 768 ) 
4 138 260 (0 -1024 768 ) (0 -1024 845 ) (0 -1006 845 ) (0 -1006 768 ) 
4 138 257 (0 -1024 845 ) (0 -1024 1405.360107 ) (0 -637 1405.360107 ) (0 -637 845 ) 
4 138 255 (517 -1024 1405.360107 ) (0 -1024 1405.360107 ) (0 -1024 768 ) (517 -1024 768 ) 
4 139 255 (1023 -1024 542.684998 ) (776 -1024 542.684998 ) (776 -1024 319 ) (1023 -1024 319 ) 
4 139 215 (1023 -1024 319 ) (776 -1024 319 ) (776 -192 319 ) (1023 -192 319 ) 
4 139 204 (776 -192 319 ) (776 0 319 ) (1023 0 319 ) (1023 -192 319 ) 
4 139 155 (776 -792 435 ) (776 -643 435 ) (776 -643 343 ) (776 -792 343 ) 
4 139 144 (776 -643 343 ) (776 -643 435 ) (776 -576 435 ) (776 -576 343 ) 
4 139 140 (776 -1024 459 ) (776 -1024 542.684998 ) (776 0 542.684998 ) (776 0 459 ) 
4 140 255 (776 -1024 542.684998 ) (517 -1024 542.684998 ) (517 -1024 459 ) (776 -1024 459 ) 
4 141 152 (517 -569 321 ) (517 -569 319 ) (568 -569 319 ) (568 -569 321 ) 
4 141 151 (517 -569 359 ) (517 -569 321 ) (568 -569 321 ) (568 -569 359 ) 
4 141 149 (681 -569 321 ) (707 -569 321 ) (707 -569 359 ) (681 -569 359 ) 
4 141 147 (709 -569 449 ) (568 -569 449 ) (568 -569 361 ) (709 -569 361 ) 
4 141 148 (568 -569 449 ) (517 -569 449 ) (517 -569 359 ) (568 -569 359 ) 
4 141 142 (765.807007 -569 449 ) (709 -569 449 ) (709 -569 319 ) (765.807007 -569 319 ) 
4 142 147 (709 -569 449 ) (709 -569 361 ) (709 -576 361 ) (709 -576 449 ) 
4 142 146 (709 -576 343 ) (709 -576 319 ) (765.807007 -576 319 ) (765.807007 -576 343 ) 
4 142 145 (709 -576 435 ) (709 -576 343 ) (765.807007 -576 343 ) (765.807007 -576 435 ) 
4 142 143 (709 -576 449 ) (709 -576 435 ) (765.807007 -576 435 ) (765.807007 -576 449 ) 
4 143 166 (758 -643 449 ) (709 -643 449 ) (709 -643 435 ) (758 -643 435 ) 
4 143 153 (765.807007 -643 449 ) (758 -643 449 ) (758 -643 435 ) (765.807007 -643 435 ) 
4 143 147 (709 -643 435 ) (709 -643 449 ) (709 -576 449 ) (709 -576 435 ) 
4 143 145 (765.807007 -643 435 ) (709 -643 435 ) (709 -576 435 ) (765.807007 -576 435 ) 
4 144 155 (776 -643 343 ) (776 -643 435 ) (765.807007 -643 435 ) (765.807007 -643 343 ) 
4 144 145 (765.807007 -576 343 ) (765.807007 -643 343 ) (765.807007 -643 435 ) (765.807007 -576 435 ) 
4 145 166 (758 -643 435 ) (709 -643 435 ) (709 -643 343 ) (758 -643 343 ) 
4 145 156 (765.807007 -643 435 ) (758 -643 435 ) (758 -643 343 ) (765.807007 -643 343 ) 
4 145 147 (709 -643 361 ) (709 -643 435 ) (709 -576 435 ) (709 -576 361 ) 
4 145 146 (765.807007 -643 343 ) (709 -643 343 ) (709 -576 343 ) (765.807007 -576 343 ) 
4 146 173 (709 -643 326 ) (709 -643 319 ) (765.807007 -643 319 ) (765.807007 -643 326 ) 
4 146 166 (758 -643 343 ) (709 -643 343 ) (709 -643 326 ) (758 -643 326 ) 
4 146 157 (765.807007 -643 343 ) (758 -643 343 ) (758 -643 326 ) (765.807007 -643 326 ) 
4 147 166 (709 -643 449 ) (568 -643 449 ) (568 -643 361 ) (709 -643 361 ) 
4 147 148 (568 -569 449 ) (568 -569 361 ) (568 -643 361 ) (568 -643 449 ) 
4 148 166 (568 -643 449 ) (517 -643 449 ) (517 -643 359 ) (568 -643 359 ) 
4 148 151 (517 -569 359 ) (568 -569 359 ) (568 -643 359 ) (517 -643 359 ) 
4 149 150 (681 -571 321 ) (681 -641 321 ) (681 -641 359 ) (681 -571 359 ) 
4 151 173 (517 -643 326 ) (517 -643 321 ) (568 -643 321 ) (568 -643 326 ) 
4 151 166 (517 -643 359 ) (517 -643 326 ) (568 -643 326 ) (568 -643 359 ) 
4 151 152 (517 -569 321 ) (568 -569 321 ) (568 -643 321 ) (517 -643 321 ) 
4 152 173 (517 -643 321 ) (517 -643 319 ) (568 -643 319 ) (568 -643 321 ) 
4 153 166 (758 -643 449 ) (758 -643 435 ) (758 -827 435 ) (758 -827 449 ) 
4 153 162 (758 -827 435 ) (758 -792 435 ) (765 -792 435 ) (765 -827 435 ) 
4 153 158 (765 -792 435 ) (765.807007 -792 435 ) (765.807007 -827 435 ) (765 -827 435 ) 
4 153 156 (758 -792 435 ) (758 -643 435 ) (765.807007 -643 435 ) (765.807007 -792 435 ) 
4 154 172 (758 -887 435 ) (758 -1013.930054 435 ) (758 -1013.930054 449 ) (758 -887 449 ) 
4 154 168 (758 -839 435 ) (758 -887 435 ) (758 -887 449 ) (758 -839 449 ) 
4 154 167 (758 -838 435 ) (758 -839 435 ) (758 -839 449 ) (758 -838 449 ) 
4 154 165 (758 -1013.930054 435 ) (758 -887 435 ) (765.807007 -887 435 ) (765.807007 -1013.930054 435 ) 
4 154 164 (758 -887 435 ) (758 -839 435 ) (765 -839 435 ) (765 -887 435 ) 
4 154 163 (758 -839 435 ) (758 -838 435 ) (765 -838 435 ) (765 -839 435 ) 
4 154 159 (765 -838 435 ) (765.807007 -838 435 ) (765.807007 -887 435 ) (765 -887 435 ) 
4 155 156 (765.807007 -643 343 ) (765.807007 -792 343 ) (765.807007 -792 435 ) (765.807007 -643 435 ) 
4 156 166 (758 -643 435 ) (758 -643 343 ) (758 -792 343 ) (758 -792 435 ) 
4 156 162 (765 -792 435 ) (758 -792 435 ) (758 -792 343 ) (765 -792 343 ) 
4 156 158 (765.807007 -792 435 ) (765 -792 435 ) (765 -792 343 ) (765.807007 -792 343 ) 
4 156 157 (765.807007 -792 343 ) (758 -792 343 ) (758 -643 343 ) (765.807007 -643 343 ) 
4 157 173 (758 -643 326 ) (765.807007 -643 326 ) (765.807007 -792 326 ) (758 -792 326 ) 
4 157 166 (758 -643 343 ) (758 -643 326 ) (758 -792 326 ) (758 -792 343 ) 
4 157 162 (758 -792 343 ) (758 -792 326 ) (765 -792 326 ) (765 -792 343 ) 
4 157 160 (765 -792 326 ) (765.807007 -792 326 ) (765.807007 -792 343 ) (765 -792 343 ) 
4 158 162 (765 -792 435 ) (765 -792 343 ) (765 -827 343 ) (765 -827 435 ) 
4 158 160 (765 -827 343 ) (765 -792 343 ) (765.807007 -792 343 ) (765.807007 -827 343 ) 
4 159 165 (765.807007 -887 435 ) (765 -887 435 ) (765 -887 343 ) (765.807007 -887 343 ) 
4 159 164 (765 -887 368 ) (765 -887 435 ) (765 -839 435 ) (765 -839 368 ) 
4 159 163 (765 -838 343 ) (765 -839 343 ) (765 -839 435 ) (765 -838 435 ) 
4 159 161 (765.807007 -887 343 ) (765 -887 343 ) (765 -838 343 ) (765.807007 -838 343 ) 
4 160 173 (765.807007 -827 326 ) (765 -827 326 ) (765 -792 326 ) (765.807007 -792 326 ) 
4 160 162 (765 -792 343 ) (765 -792 326 ) (765 -827 326 ) (765 -827 343 ) 
4 161 174 (765.807007 -887 326 ) (765 -887 326 ) (765 -838 326 ) (765.807007 -838 326 ) 
4 161 165 (765 -887 343 ) (765 -887 326 ) (765.807007 -887 326 ) (765.807007 -887 343 ) 
4 161 163 (765 -838 326 ) (765 -839 326 ) (765 -839 343 ) (765 -838 343 ) 
4 162 173 (758 -827 326 ) (758 -792 326 ) (765 -792 326 ) (765 -827 326 ) 
4 162 166 (758 -792 326 ) (758 -827 326 ) (758 -827 435 ) (758 -792 435 ) 
4 163 175 (758 -839 326 ) (758 -838 326 ) (765 -838 326 ) (765 -839 326 ) 
4 163 167 (758 -838 326 ) (758 -839 326 ) (758 -839 435 ) (758 -838 435 ) 
4 163 164 (765 -839 368 ) (765 -839 435 ) (758 -839 435 ) (758 -839 368 ) 
4 164 168 (758 -887 368 ) (758 -887 435 ) (758 -839 435 ) (758 -839 368 ) 
4 164 165 (765 -887 435 ) (758 -887 435 ) (758 -887 368 ) (765 -887 368 ) 
4 165 176 (758 -1013.930054 326 ) (758 -887 326 ) (765 -887 326 ) (765 -1013.930054 326 ) 
4 165 174 (765 -887 326 ) (765.807007 -887 326 ) (765.807007 -1013.930054 326 ) (765 -1013.930054 326 ) 
4 165 172 (758 -887 326 ) (758 -1013.930054 326 ) (758 -1013.930054 435 ) (758 -887 435 ) 
4 166 188 (517 -753 326 ) (517 -801 326 ) (517 -801 429 ) (517 -753 429 ) 
4 166 173 (517 -827 326 ) (517 -643 326 ) (758 -643 326 ) (758 -827 326 ) 
4 167 175 (678 -838 326 ) (758 -838 326 ) (758 -839 326 ) (678 -839 326 ) 
4 167 177 (517 -839 326 ) (517 -838 326 ) (678 -838 326 ) (678 -839 326 ) 
4 167 170 (685 -839 368 ) (685 -839 449 ) (678 -839 449 ) (678 -839 368 ) 
4 167 171 (517 -839 326 ) (678 -839 326 ) (678 -839 449 ) (517 -839 449 ) 
4 167 168 (758 -839 368 ) (758 -839 449 ) (685 -839 449 ) (685 -839 368 ) 
4 168 172 (758 -887 368 ) (758 -887 449 ) (685 -887 449 ) (685 -887 368 ) 
4 168 170 (685 -839 449 ) (685 -839 368 ) (685 -887 368 ) (685 -887 449 ) 
4 168 169 (685 -880 368 ) (685 -846 368 ) (758 -846 368 ) (758 -880 368 ) 
4 170 172 (685 -887 368 ) (685 -887 449 ) (678 -887 449 ) (678 -887 368 ) 
4 170 171 (678 -839 449 ) (678 -839 368 ) (678 -887 368 ) (678 -887 449 ) 
4 171 193 (517 -868 429 ) (517 -868 326 ) (517 -887 326 ) (517 -887 429 ) 
4 171 177 (517 -887 326 ) (517 -839 326 ) (678 -839 326 ) (678 -887 326 ) 
4 171 172 (517 -887 326 ) (678 -887 326 ) (678 -887 449 ) (517 -887 449 ) 
4 172 193 (517 -887 429 ) (517 -887 326 ) (517 -916 326 ) (517 -916 429 ) 
4 172 176 (678 -887 326 ) (758 -887 326 ) (758 -1013.930054 326 ) (678 -1013.930054 326 ) 
4 172 177 (517 -1013.930054 326 ) (517 -887 326 ) (678 -887 326 ) (678 -1013.930054 326 ) 
4 173 188 (517 -753 319 ) (517 -801 319 ) (517 -801 326 ) (517 -753 326 ) 
4 174 175 (765 -838 326 ) (765 -838 319 ) (765 -839 319 ) (765 -839 326 ) 
4 174 176 (765 -887 319 ) (765 -1013.930054 319 ) (765 -1013.930054 326 ) (765 -887 326 ) 
4 175 177 (678 -838 326 ) (678 -838 319 ) (678 -839 319 ) (678 -839 326 ) 
4 176 177 (678 -887 319 ) (678 -1013.930054 319 ) (678 -1013.930054 326 ) (678 -887 326 ) 
4 177 196 (517 -868 319 ) (517 -916 319 ) (517 -916 321 ) (517 -868 321 ) 
4 177 193 (517 -916 326 ) (517 -868 326 ) (517 -868 321 ) (517 -916 321 ) 
4 178 219 (471 -367 319 ) (395 -367 319 ) (395 -138 319 ) (471 -138 319 ) 
4 179 185 (385 -640 321 ) (385 -640 542.684998 ) (256 -640 542.684998 ) (256 -640 321 ) 
4 179 182 (256 -448 319 ) (256 -544 319 ) (256 -544 405 ) (256 -448 405 ) 
4 179 183 (256 -639 319 ) (256 -640 319 ) (256 -640 405 ) (256 -639 405 ) 
4 179 181 (256 -640 405 ) (256 -640 542.684998 ) (256 -639 542.684998 ) (256 -639 405 ) 
4 179 180 (256 0 319 ) (256 -22 319 ) (256 -22 405 ) (256 0 405 ) 
4 180 184 (246 0 319 ) (246 -22 319 ) (246 -22 405 ) (246 0 405 ) 
4 181 183 (246 -640 405 ) (246 -639 405 ) (256 -639 405 ) (256 -640 405 ) 
4 181 184 (246 -640 405 ) (246 -640 542.684998 ) (246 -639 542.684998 ) (246 -639 405 ) 
4 182 184 (246 -448 319 ) (246 -544 319 ) (246 -544 405 ) (246 -448 405 ) 
4 183 234 (256 -639 319 ) (256 -640 319 ) (246 -640 319 ) (246 -639 319 ) 
4 183 184 (246 -639 319 ) (246 -640 319 ) (246 -640 405 ) (246 -639 405 ) 
4 184 264 (0 0 321 ) (0 0 319 ) (0 -640 319 ) (0 -640 321 ) 
4 184 262 (0 0 542.684998 ) (0 0 321 ) (0 -640 321 ) (0 -640 542.684998 ) 
4 184 239 (0 -546 319 ) (0 0 319 ) (1 0 319 ) (1 -546 319 ) 
4 184 240 (0 -640 319 ) (0 -546 319 ) (1 -546 319 ) (1 -640 319 ) 
4 184 238 (1 0 319 ) (128 0 319 ) (128 -640 319 ) (1 -640 319 ) 
4 184 235 (246 -544 319 ) (246 -640 319 ) (128 -640 319 ) (128 -544 319 ) 
4 185 197 (384 -650 542.684998 ) (256 -650 542.684998 ) (256 -650 321 ) (384 -650 321 ) 
4 185 187 (384 -650 429 ) (384 -650 321 ) (385 -650 321 ) (385 -650 429 ) 
4 185 186 (385 -650 542.684998 ) (384 -650 542.684998 ) (384 -650 429 ) (385 -650 429 ) 
4 186 197 (384 -650 542.684998 ) (384 -650 429 ) (384 -801 429 ) (384 -801 542.684998 ) 
4 186 192 (384 -801 542.684998 ) (384 -801 429 ) (394 -801 429 ) (394 -801 542.684998 ) 
4 186 191 (394 -801 429 ) (511.825043 -801 429 ) (511.825043 -801 449 ) (394 -801 449 ) 
4 186 190 (511.825043 -801 449 ) (511.825043 -801 542.684998 ) (394 -801 542.684998 ) (394 -801 449 ) 
4 186 189 (511.825043 -801 429 ) (384 -801 429 ) (384 -753 429 ) (511.825043 -753 429 ) 
4 186 187 (384 -753 429 ) (384 -650 429 ) (511.825043 -650 429 ) (511.825043 -753 429 ) 
4 187 197 (384 -650 429 ) (384 -650 321 ) (384 -753 321 ) (384 -753 429 ) 
4 187 189 (511.825043 -753 429 ) (384 -753 429 ) (384 -753 321 ) (511.825043 -753 321 ) 
4 188 189 (512 -753 429 ) (512 -753 321 ) (512 -801 321 ) (512 -801 429 ) 
4 189 197 (384 -801 321 ) (384 -801 429 ) (384 -753 429 ) (384 -753 321 ) 
4 189 192 (384 -801 429 ) (384 -801 321 ) (394 -801 321 ) (394 -801 429 ) 
4 189 191 (394 -801 321 ) (512 -801 321 ) (512 -801 429 ) (394 -801 429 ) 
4 190 194 (511.825043 -868 542.684998 ) (394 -868 542.684998 ) (394 -868 449 ) (511.825043 -868 449 ) 
4 190 192 (394 -801 542.684998 ) (394 -801 449 ) (394 -832 449 ) (394 -832 542.684998 ) 
4 190 191 (511.825043 -868 449 ) (394 -868 449 ) (394 -801 449 ) (511.825043 -801 449 ) 
4 191 194 (511.825043 -868 449 ) (394 -868 449 ) (394 -868 321 ) (511.825043 -868 321 ) 
4 191 192 (394 -801 449 ) (394 -801 321 ) (394 -832 321 ) (394 -832 449 ) 
4 192 197 (384 -832 542.684998 ) (384 -801 542.684998 ) (384 -801 321 ) (384 -832 321 ) 
4 193 196 (511.825043 -868 321 ) (517 -868 321 ) (517 -916 321 ) (511.825043 -916 321 ) 
4 193 194 (511.825043 -868 429 ) (511.825043 -868 321 ) (511.825043 -916 321 ) (511.825043 -916 429 ) 
4 194 195 (394 -927 321 ) (511.825043 -927 321 ) (511.825043 -927 542.684998 ) (394 -927 542.684998 ) 
4 195 198 (384 -1014 542.684998 ) (384 -927 542.684998 ) (384 -927 321 ) (384 -1014 321 ) 
4 197 200 (255 -832 321 ) (255 -917 321 ) (255 -917 542.684998 ) (255 -832 542.684998 ) 
4 197 199 (255 -650 542.684998 ) (255 -650 321 ) (255 -832 321 ) (255 -832 542.684998 ) 
4 198 201 (255 -1014 321 ) (255 -1014 542.684998 ) (255 -927 542.684998 ) (255 -927 321 ) 
4 199 275 (0 -650 319 ) (0 -832 319 ) (0 -832 321 ) (0 -650 321 ) 
4 199 270 (0 -832 321 ) (0 -832 542.684998 ) (0 -650 542.684998 ) (0 -650 321 ) 
4 199 250 (0 -832 319 ) (0 -753 319 ) (255 -753 319 ) (255 -832 319 ) 
4 199 243 (0 -753 319 ) (0 -650 319 ) (255 -650 319 ) (255 -753 319 ) 
4 199 203 (10 -832 321 ) (10 -832 542.684998 ) (0 -832 542.684998 ) (0 -832 321 ) 
4 199 202 (128 -832 321 ) (128 -832 542.684998 ) (10 -832 542.684998 ) (10 -832 321 ) 
4 199 200 (255 -832 321 ) (255 -832 542.684998 ) (128 -832 542.684998 ) (128 -832 321 ) 
4 200 202 (128 -832 542.684998 ) (128 -832 321 ) (128 -917 321 ) (128 -917 542.684998 ) 
4 201 202 (128 -1014 321 ) (128 -1014 542.684998 ) (128 -927 542.684998 ) (128 -927 321 ) 
4 202 203 (10 -832 542.684998 ) (10 -832 321 ) (10 -920 321 ) (10 -920 542.684998 ) 
4 203 270 (0 -920 321 ) (0 -920 542.684998 ) (0 -832 542.684998 ) (0 -832 321 ) 
4 204 215 (776 -192 259 ) (1023 -192 259 ) (1023 -192 319 ) (776 -192 319 ) 
4 204 205 (776 0 259 ) (776 -192 259 ) (776 -192 309 ) (776 0 309 ) 
4 205 216 (517 -192 259 ) (776 -192 259 ) (776 -192 309 ) (517 -192 309 ) 
4 206 211 (955 -21 77 ) (955 -64 77 ) (955 -64 78 ) (955 -21 78 ) 
4 206 208 (955 0 77 ) (955 -21 77 ) (955 -21 78 ) (955 0 78 ) 
4 206 207 (955 -64 78 ) (955 -64 77 ) (1024 -64 77 ) (1024 -64 78 ) 
4 207 211 (955 -64 77 ) (955 -190 77 ) (955 -190 222 ) (955 -64 222 ) 
4 208 212 (896 -21 134 ) (896 -21 257 ) (840 -21 257 ) (840 -21 134 ) 
4 208 211 (896 -21 77 ) (955 -21 77 ) (955 -21 257 ) (896 -21 257 ) 
4 208 209 (840 -21 134 ) (840 -21 257 ) (840 0 257 ) (840 0 134 ) 
4 209 212 (840 -21 134 ) (840 -21 257 ) (812 -21 257 ) (812 -21 134 ) 
4 209 210 (812 -21 134 ) (812 -21 257 ) (812 0 257 ) (812 0 134 ) 
4 210 225 (513 0 216 ) (513 0 78 ) (513 -21 78 ) (513 -21 216 ) 
4 210 214 (513 -21 77 ) (812 -21 77 ) (812 -21 257 ) (513 -21 257 ) 
4 211 212 (896 -21 257 ) (896 -21 134 ) (896 -62 134 ) (896 -62 257 ) 
4 211 213 (896 -62 77 ) (896 -190 77 ) (896 -190 257 ) (896 -62 257 ) 
4 212 213 (812 -62 257 ) (812 -62 134 ) (896 -62 134 ) (896 -62 257 ) 
4 212 214 (812 -21 257 ) (812 -21 134 ) (812 -62 134 ) (812 -62 257 ) 
4 213 214 (812 -62 77 ) (812 -190 77 ) (812 -190 257 ) (812 -62 257 ) 
4 214 225 (513 -28 78 ) (513 -28 216 ) (513 -21 216 ) (513 -21 78 ) 
4 215 255 (1023 -1024 319 ) (776 -1024 319 ) (776 -1024 258 ) (1023 -1024 258 ) 
4 215 217 (1023 -1024 258 ) (776 -1024 258 ) (776 -192 258 ) (1023 -192 258 ) 
4 215 216 (776 -192 309 ) (776 -192 258 ) (776 -1024 258 ) (776 -1024 309 ) 
4 216 255 (517 -1024 309 ) (517 -1024 258 ) (776 -1024 258 ) (776 -1024 309 ) 
4 216 217 (776 -1024 258 ) (517 -1024 258 ) (517 -192 258 ) (776 -192 258 ) 
4 217 256 (1023.260010 -1024 258 ) (517 -1024 258 ) (517 -1024 75 ) (1023.260010 -1024 75 ) 
4 217 218 (517 -192 75 ) (1023.260010 -192 75 ) (1023.260010 -1024 75 ) (517 -1024 75 ) 
4 218 256 (1023.260010 -1024 75 ) (517 -1024 75 ) (517 -1024 73.166702 ) (1023.260010 -1024 73.166702 ) 
4 218 253 (517 0 73.166702 ) (1023.260010 0 73.166702 ) (1023.260010 -1024 73.166702 ) (517 -1024 73.166702 ) 
4 219 220 (395 -367 309 ) (395 -138 309 ) (471 -138 309 ) (471 -367 309 ) 
4 220 234 (256 -640 259 ) (256 -640 309 ) (256 -639 309 ) (256 -639 259 ) 
4 220 223 (511.825043 -640 259 ) (256 -640 259 ) (256 -192 259 ) (511.825043 -192 259 ) 
4 220 221 (256 -192 259 ) (256 0 259 ) (511 0 259 ) (511 -192 259 ) 
4 221 223 (511 -192 259 ) (256 -192 259 ) (256 -192 257 ) (511 -192 257 ) 
4 221 222 (511 -192 257 ) (256 -192 257 ) (256 0 257 ) (511 0 257 ) 
4 222 232 (256 -192 218 ) (256 -28 218 ) (511 -28 218 ) (511 -192 218 ) 
4 222 224 (256 -28 218 ) (256 0 218 ) (295 0 218 ) (295 -28 218 ) 
4 222 223 (256 -192 218 ) (511 -192 218 ) (511 -192 257 ) (256 -192 257 ) 
4 223 234 (256 -640 218 ) (256 -640 259 ) (256 -639 259 ) (256 -639 218 ) 
4 223 233 (511.825043 -640 218 ) (256 -640 218 ) (256 -192 218 ) (511.825043 -192 218 ) 
4 224 232 (295 -28 218 ) (256 -28 218 ) (256 -28 216 ) (295 -28 216 ) 
4 224 229 (295 -28 216 ) (256 -28 216 ) (256 0 216 ) (295 0 216 ) 
4 225 226 (511 0 78 ) (511 -26 78 ) (511 -26 216 ) (511 0 216 ) 
4 226 227 (432 0 78 ) (432 -26 78 ) (432 -26 216 ) (432 0 216 ) 
4 227 232 (432 -28 216 ) (430 -28 216 ) (430 -28 78 ) (432 -28 78 ) 
4 227 228 (430 0 78 ) (430 -25.111099 78 ) (430 -25.111099 216 ) (430 0 216 ) 
4 229 232 (295 -28 216 ) (256 -28 216 ) (256 -28 78 ) (295 -28 78 ) 
4 229 230 (295 -28 78 ) (256 -28 78 ) (256 0 78 ) (295 0 78 ) 
4 230 232 (295 -28 78 ) (256 -28 78 ) (256 -28 76 ) (295 -28 76 ) 
4 230 231 (295 -28 76 ) (256 -28 76 ) (256 0 76 ) (295 0 76 ) 
4 231 232 (511 -28 76 ) (256 -28 76 ) (256 -28 75 ) (511 -28 75 ) 
4 232 233 (256 -192 75 ) (511 -192 75 ) (511 -192 218 ) (256 -192 218 ) 
4 233 234 (256 -640 75 ) (256 -640 218 ) (256 -639 218 ) (256 -639 75 ) 
4 234 236 (246 -640 75 ) (246 -640 309 ) (246 -639 309 ) (246 -639 75 ) 
4 234 235 (246 -640 309 ) (246 -640 319 ) (246 -639 319 ) (246 -639 309 ) 
4 235 238 (128 -640 309 ) (128 -640 319 ) (128 -544 319 ) (128 -544 309 ) 
4 235 237 (128 -640 309 ) (128 -544 309 ) (137 -544 309 ) (137 -640 309 ) 
4 235 236 (137 -544 309 ) (246 -544 309 ) (246 -640 309 ) (137 -640 309 ) 
4 236 237 (137 -544 75 ) (137 -640 75 ) (137 -640 309 ) (137 -544 309 ) 
4 237 238 (128 -544 75 ) (128 -640 75 ) (128 -640 309 ) (128 -544 309 ) 
4 238 239 (1 -546 117 ) (1 -546 319 ) (1 0 319 ) (1 0 117 ) 
4 238 240 (1 -546 75 ) (1 -640 75 ) (1 -640 319 ) (1 -546 319 ) 
4 239 265 (0 0 192 ) (0 0 117 ) (0 -546 117 ) (0 -546 192 ) 
4 239 264 (0 0 319 ) (0 0 192 ) (0 -546 192 ) (0 -546 319 ) 
4 239 240 (1 -546 117 ) (1 -546 319 ) (0 -546 319 ) (0 -546 117 ) 
4 240 267 (0 -546 75 ) (0 -640 75 ) (0 -640 192 ) (0 -546 192 ) 
4 240 264 (0 -640 192 ) (0 -640 319 ) (0 -546 319 ) (0 -546 192 ) 
4 241 245 (511.825043 -753 311 ) (255 -753 311 ) (255 -753 309 ) (511.825043 -753 309 ) 
4 241 243 (255 -650 309 ) (255 -753 309 ) (255 -753 311 ) (255 -650 311 ) 
4 241 242 (511.825043 -753 309 ) (255 -753 309 ) (255 -650 309 ) (511.825043 -650 309 ) 
4 242 246 (511.825043 -753 309 ) (255 -753 309 ) (255 -753 192 ) (511.825043 -753 192 ) 
4 242 244 (511.825043 -753 192 ) (255 -753 192 ) (255 -650 192 ) (511.825043 -650 192 ) 
4 242 243 (255 -650 192 ) (255 -753 192 ) (255 -753 309 ) (255 -650 309 ) 
4 243 280 (0 -753 192 ) (0 -753 242 ) (0 -650 242 ) (0 -650 192 ) 
4 243 275 (0 -753 242 ) (0 -753 319 ) (0 -650 319 ) (0 -650 242 ) 
4 243 251 (0 -753 311 ) (0 -753 192 ) (255 -753 192 ) (255 -753 311 ) 
4 243 250 (255 -753 319 ) (0 -753 319 ) (0 -753 311 ) (255 -753 311 ) 
4 243 244 (255 -753 192 ) (0 -753 192 ) (0 -650 192 ) (255 -650 192 ) 
4 244 280 (0 -753 75 ) (0 -753 192 ) (0 -650 192 ) (0 -650 75 ) 
4 244 251 (255 -753 192 ) (0 -753 192 ) (0 -753 75 ) (255 -753 75 ) 
4 244 246 (511.825043 -753 192 ) (255 -753 192 ) (255 -753 75 ) (511.825043 -753 75 ) 
4 245 251 (255 -753 311 ) (255 -753 309 ) (255 -916 309 ) (255 -916 311 ) 
4 245 247 (511.825043 -916 311 ) (255 -916 311 ) (255 -916 309 ) (511.825043 -916 309 ) 
4 245 246 (511.825043 -916 309 ) (255 -916 309 ) (255 -753 309 ) (511.825043 -753 309 ) 
4 246 251 (255 -753 309 ) (255 -753 75 ) (255 -916 75 ) (255 -916 309 ) 
4 246 248 (511.825043 -916 309 ) (255 -916 309 ) (255 -916 75 ) (511.825043 -916 75 ) 
4 247 251 (255 -1013 311 ) (255 -916 311 ) (255 -916 309 ) (255 -1013 309 ) 
4 247 252 (255 -1014 309 ) (255 -1014 311 ) (255 -1013 311 ) (255 -1013 309 ) 
4 247 249 (511.825043 -1014 309 ) (255 -1014 309 ) (255 -1013 309 ) (511.825043 -1013 309 ) 
4 247 248 (255 -1013 309 ) (255 -916 309 ) (511.825043 -916 309 ) (511.825043 -1013 309 ) 
4 248 251 (255 -1013 75 ) (255 -1013 309 ) (255 -916 309 ) (255 -916 75 ) 
4 248 249 (511.825043 -1013 309 ) (255 -1013 309 ) (255 -1013 75 ) (511.825043 -1013 75 ) 
4 249 252 (255 -1013 73.166702 ) (255 -1014 73.166702 ) (255 -1014 309 ) (255 -1013 309 ) 
4 250 275 (0 -832 319 ) (0 -753 319 ) (0 -753 311 ) (0 -832 311 ) 
4 250 251 (0 -753 311 ) (255 -753 311 ) (255 -832 311 ) (0 -832 311 ) 
4 251 280 (0 -1013 75 ) (0 -1013 242 ) (0 -753 242 ) (0 -753 75 ) 
4 251 276 (0 -1013 242 ) (0 -1013 311 ) (0 -832 311 ) (0 -832 242 ) 
4 251 275 (0 -832 311 ) (0 -753 311 ) (0 -753 242 ) (0 -832 242 ) 
4 251 252 (255 -1013 75 ) (255 -1013 311 ) (0 -1013 311 ) (0 -1013 75 ) 
4 252 283 (0 -1013 73.166702 ) (0 -1014 73.166702 ) (0 -1014 242 ) (0 -1013 242 ) 
4 252 276 (0 -1014 242 ) (0 -1014 311 ) (0 -1013 311 ) (0 -1013 242 ) 
4 253 256 (1023.260010 -1024 73.166702 ) (517 -1024 73.166702 ) (517 -1024 2 ) (1023.260010 -1024 2 ) 
4 253 254 (517 0 2 ) (517 -1024 2 ) (517 -1024 64 ) (517 0 64 ) 
4 254 338 (0 0 63 ) (0 0 2 ) (0 -1024 2 ) (0 -1024 63 ) 
4 254 335 (0 0 64 ) (0 0 63 ) (0 -1024 63 ) (0 -1024 64 ) 
4 254 256 (0 -1024 64 ) (0 -1024 2 ) (517 -1024 2 ) (517 -1024 64 ) 
4 255 350 (0 -1410.670166 1405.360107 ) (0 -1024 1405.360107 ) (0 -1024 258 ) (0 -1410.670166 258 ) 
4 255 256 (0 -1410.670166 258 ) (0 -1024 258 ) (1023 -1024 258 ) (1023 -1410.670166 258 ) 
4 256 353 (0 -1024 63 ) (0 -1024 2 ) (0 -1410.670166 2 ) (0 -1410.670166 63 ) 
4 256 350 (0 -1410.670166 258 ) (0 -1024 258 ) (0 -1024 63 ) (0 -1410.670166 63 ) 
4 257 351 (-561 -1024 1405.360107 ) (-576 -1024 1405.360107 ) (-576 -1024 845 ) (-561 -1024 845 ) 
4 257 350 (0 -1024 845 ) (0 -1024 1405.360107 ) (-561 -1024 1405.360107 ) (-561 -1024 845 ) 
4 257 322 (-576 -915 845 ) (-576 -1006 845 ) (-576 -1006 1405.360107 ) (-576 -915 1405.360107 ) 
4 257 321 (-576 0 1405.360107 ) (-576 0 845 ) (-576 -915 845 ) (-576 -915 1405.360107 ) 
4 257 323 (-576 -1006 845 ) (-576 -1024 845 ) (-576 -1024 1405.360107 ) (-576 -1006 1405.360107 ) 
4 257 259 (-523 -915 845 ) (0 -915 845 ) (0 -1006 845 ) (-523 -1006 845 ) 
4 257 258 (-576 -915 845 ) (-576 0 845 ) (0 0 845 ) (0 -915 845 ) 
4 257 260 (0 -1024 845 ) (-576 -1024 845 ) (-576 -1006 845 ) (0 -1006 845 ) 
4 258 321 (-576 0 845 ) (-576 0 768 ) (-576 -915 768 ) (-576 -915 845 ) 
4 258 261 (-576 -637 768 ) (-576 0 768 ) (0 0 768 ) (0 -637 768 ) 
4 258 259 (-394 -915 768 ) (0 -915 768 ) (0 -915 845 ) (-523 -915 845 ) 
4 259 260 (-394 -1006 768 ) (0 -1006 768 ) (0 -1006 845 ) (-523 -1006 845 ) 
4 260 351 (-561 -1024 845 ) (-576 -1024 845 ) (-576 -1024 768 ) (-561 -1024 768 ) 
4 260 350 (0 -1024 768 ) (0 -1024 845 ) (-561 -1024 845 ) (-561 -1024 768 ) 
4 260 323 (-576 -1006 768 ) (-576 -1024 768 ) (-576 -1024 845 ) (-576 -1006 845 ) 
4 261 325 (-576 0 768 ) (-576 0 549 ) (-576 -637 549 ) (-576 -637 768 ) 
4 262 264 (-150 -640 321 ) (-150 0 321 ) (0 0 321 ) (0 -640 321 ) 
4 262 263 (-150 0 321 ) (-150 -640 321 ) (-150 -640 542.684998 ) (-150 0 542.684998 ) 
4 263 269 (-190 0 542.684998 ) (-190 0 321 ) (-190 -639 321 ) (-190 -639 542.684998 ) 
4 263 264 (-190 -640 321 ) (-190 0 321 ) (-150 0 321 ) (-150 -640 321 ) 
4 264 269 (-190 -639 321 ) (-190 0 321 ) (-190 0 192 ) (-190 -639 192 ) 
4 264 267 (-63 -546 192 ) (0 -546 192 ) (0 -640 192 ) (-63 -640 192 ) 
4 264 268 (-190 -640 192 ) (-190 -546 192 ) (-63 -546 192 ) (-63 -640 192 ) 
4 264 265 (-36 0 192 ) (0 0 192 ) (0 -546 192 ) (-36 -546 192 ) 
4 264 266 (-190 -546 192 ) (-190 0 192 ) (-36 0 192 ) (-36 -546 192 ) 
4 265 267 (0 -546 117 ) (0 -546 192 ) (-36 -546 192 ) (-36 -546 117 ) 
4 265 266 (-36 -546 117 ) (-36 -546 192 ) (-36 0 192 ) (-36 0 117 ) 
4 266 269 (-190 -546 192 ) (-190 0 192 ) (-190 0 75 ) (-190 -546 75 ) 
4 266 267 (-63 -546 75 ) (-36 -546 75 ) (-36 -546 192 ) (-63 -546 192 ) 
4 266 268 (-190 -546 75 ) (-63 -546 75 ) (-63 -546 192 ) (-190 -546 192 ) 
4 267 268 (-63 -546 192 ) (-63 -546 75 ) (-63 -640 75 ) (-63 -640 192 ) 
4 268 280 (-63 -650 192 ) (-190 -650 192 ) (-190 -650 75 ) (-63 -650 75 ) 
4 268 269 (-190 -639 192 ) (-190 -546 192 ) (-190 -546 75 ) (-190 -639 75 ) 
4 269 311 (-268 0 192 ) (-268 0 75 ) (-268 -639 75 ) (-268 -639 192 ) 
4 269 284 (-268 -639 542.684998 ) (-268 0 542.684998 ) (-268 0 192 ) (-268 -639 192 ) 
4 270 275 (-1 -832 321 ) (-1 -650 321 ) (0 -650 321 ) (0 -832 321 ) 
4 270 272 (-1 -952 361 ) (-1 -952 542.684998 ) (-1 -920 542.684998 ) (-1 -920 361 ) 
4 270 271 (-1 -650 321 ) (-1 -920 321 ) (-1 -920 542.684998 ) (-1 -650 542.684998 ) 
4 270 273 (-1 -952 321 ) (-1 -1014 321 ) (-1 -1014 542.684998 ) (-1 -952 542.684998 ) 
4 271 275 (-129 -832 321 ) (-129 -650 321 ) (-1 -650 321 ) (-1 -832 321 ) 
4 271 272 (-129 -920 542.684998 ) (-129 -920 361 ) (-1 -920 361 ) (-1 -920 542.684998 ) 
4 271 274 (-129 -650 321 ) (-129 -920 321 ) (-129 -920 542.684998 ) (-129 -650 542.684998 ) 
4 272 274 (-129 -952 361 ) (-129 -952 542.684998 ) (-129 -920 542.684998 ) (-129 -920 361 ) 
4 272 273 (-129 -952 542.684998 ) (-129 -952 361 ) (-1 -952 361 ) (-1 -952 542.684998 ) 
4 273 274 (-129 -952 321 ) (-129 -1014 321 ) (-129 -1014 542.684998 ) (-129 -952 542.684998 ) 
4 274 278 (-189 -960 323 ) (-189 -650 323 ) (-189 -650 321 ) (-189 -955.185181 321 ) 
4 274 277 (-189 -1014 323 ) (-189 -1014 542.684998 ) (-189 -650 542.684998 ) (-189 -650 323 ) 
4 274 275 (-189 -832 321 ) (-189 -650 321 ) (-129 -650 321 ) (-129 -832 321 ) 
4 275 280 (-189 -832 242 ) (-189 -650 242 ) (0 -650 242 ) (0 -832 242 ) 
5 275 278 (-189 -650 242 ) (-189 -765 242 ) (-189 -832 269.830780 ) (-189 -832 321 ) (-189 -650 321 ) 
4 275 276 (-189 -832 311 ) (-189 -832 242 ) (0 -832 242 ) (0 -832 311 ) 
4 276 280 (-189 -1013 242 ) (-189 -832 242 ) (0 -832 242 ) (0 -1013 242 ) 
4 276 283 (0 -1014 242 ) (-189 -1014 242 ) (-189 -1013 242 ) (0 -1013 242 ) 
3 276 278 (-189 -931.111145 311 ) (-189 -832 311 ) (-189 -832 269.830780 ) 
4 277 278 (-267 -960 323 ) (-267 -650 323 ) (-189 -650 323 ) (-189 -960 323 ) 
4 277 279 (-267 -1014 323 ) (-267 -1014 542.684998 ) (-267 -650 542.684998 ) (-267 -650 323 ) 
4 278 280 (-190 -650 242 ) (-189 -650 242 ) (-189 -765 242 ) (-190 -765 242 ) 
4 278 279 (-267 -650 242 ) (-267 -765 242 ) (-267 -960 323 ) (-267 -650 323 ) 
4 279 310 (-268 -1014 242 ) (-268 -1014 542.684998 ) (-268 -1012 542.684998 ) (-268 -1012 242 ) 
4 279 309 (-268 -960 322 ) (-268 -960 242 ) (-268 -1012 242 ) (-268 -1012 322 ) 
4 279 307 (-268 -960 421 ) (-268 -960 324 ) (-268 -1012 324 ) (-268 -1012 421 ) 
4 279 306 (-268 -947 242 ) (-268 -960 242 ) (-268 -960 322 ) (-268 -947 322 ) 
4 279 304 (-268 -650 277 ) (-268 -650 242 ) (-268 -767 242 ) (-268 -767 277 ) 
4 279 305 (-268 -767 242 ) (-268 -947 242 ) (-268 -947 277 ) (-268 -767 277 ) 
4 279 303 (-268 -650 322 ) (-268 -650 277 ) (-268 -947 277 ) (-268 -947 322 ) 
4 279 289 (-268 -717 341 ) (-268 -889 341 ) (-268 -889 408 ) (-268 -717 408 ) 
4 279 288 (-268 -650 534 ) (-268 -650 408 ) (-268 -651 408 ) (-268 -651 534 ) 
4 279 287 (-268 -651 542.684998 ) (-268 -650 542.684998 ) (-268 -650 534 ) (-268 -651 534 ) 
4 279 282 (-268 -1013 242 ) (-268 -767 242 ) (-267 -767 242 ) (-267 -1013 242 ) 
4 279 281 (-268 -767 242 ) (-268 -650 242 ) (-267 -650 242 ) (-267 -767 242 ) 
4 279 283 (-267 -1014 242 ) (-268 -1014 242 ) (-268 -1013 242 ) (-267 -1013 242 ) 
4 280 282 (-190 -1013 75 ) (-190 -1013 242 ) (-190 -767 242 ) (-190 -767 75 ) 
4 280 283 (0 -1013 242 ) (-190 -1013 242 ) (-190 -1013 75 ) (0 -1013 75 ) 
4 281 304 (-268 -767 241.212021 ) (-268 -767 242 ) (-268 -650 242 ) (-268 -650 241.212006 ) 
3 281 282 (-267.003967 -767 242 ) (-268 -767 242 ) (-268 -767 241.212006 ) 
4 282 313 (-268 -1013 75 ) (-268 -1013 192 ) (-268 -767 192 ) (-268 -767 75 ) 
4 282 310 (-268 -1013 192 ) (-268 -1013 242 ) (-268 -1012 242 ) (-268 -1012 192 ) 
4 282 309 (-268 -1012 242 ) (-268 -960 242 ) (-268 -960 192 ) (-268 -1012 192 ) 
4 282 306 (-268 -960 242 ) (-268 -947 242 ) (-268 -947 192 ) (-268 -960 192 ) 
4 282 305 (-268 -947 242 ) (-268 -767 242 ) (-268 -767 192 ) (-268 -947 192 ) 
4 282 283 (-190 -1013 242 ) (-268 -1013 242 ) (-268 -1013 75 ) (-190 -1013 75 ) 
4 283 320 (-268 -1013 73.166702 ) (-268 -1014 73.166702 ) (-268 -1014 192 ) (-268 -1013 192 ) 
4 283 310 (-268 -1014 192 ) (-268 -1014 242 ) (-268 -1013 242 ) (-268 -1013 192 ) 
4 284 311 (-566 0 192 ) (-268 0 192 ) (-268 -639 192 ) (-566 -639 192 ) 
4 284 285 (-566 -639 277 ) (-566 -639 542 ) (-566 0 542 ) (-566 0 277 ) 
4 285 331 (-576 0 322 ) (-576 0 279 ) (-576 -639 279 ) (-576 -639 322 ) 
4 285 327 (-576 0 542 ) (-576 0 322 ) (-576 -639 322 ) (-576 -639 542 ) 
4 285 286 (-576 -639 277 ) (-571 -639 277 ) (-571 -639 542 ) (-576 -639 542 ) 
4 286 331 (-576 -640 279 ) (-576 -640 322 ) (-576 -639 322 ) (-576 -639 279 ) 
4 286 327 (-576 -640 322 ) (-576 -640 542 ) (-576 -639 542 ) (-576 -639 322 ) 
4 287 290 (-278 -651 542.684998 ) (-278 -650 542.684998 ) (-278 -650 534 ) (-278 -651 534 ) 
4 287 288 (-278 -651 534 ) (-278 -650 534 ) (-268 -650 534 ) (-268 -651 534 ) 
4 288 292 (-278 -650 448 ) (-278 -650 408 ) (-278 -651 408 ) (-278 -651 448 ) 
4 288 291 (-278 -651 534 ) (-278 -650 534 ) (-278 -650 448 ) (-278 -651 448 ) 
4 289 298 (-278 -717 356 ) (-278 -717 341 ) (-278 -889 341 ) (-278 -889 356 ) 
4 289 296 (-278 -889 408 ) (-278 -717 408 ) (-278 -717 356 ) (-278 -889 356 ) 
4 290 291 (-566 -650 534 ) (-278 -650 534 ) (-278 -651 534 ) (-566 -651 534 ) 
4 291 293 (-278.299988 -651 448 ) (-278 -651 448 ) (-278 -651 534 ) (-278.299988 -651 534 ) 
4 291 292 (-278 -651 448 ) (-566 -651 448 ) (-566 -650 448 ) (-278 -650 448 ) 
4 292 299 (-278.299988 -651 356 ) (-566 -651 356 ) (-566 -650 356 ) (-278.299988 -650 356 ) 
4 292 298 (-278 -650 356 ) (-278 -651 356 ) (-278.299988 -651 356 ) (-278.299988 -650 356 ) 
4 292 293 (-278.299988 -651 356 ) (-278 -651 356 ) (-278 -651 448 ) (-278.299988 -651 448 ) 
4 293 298 (-278.299988 -651 356 ) (-278 -651 356 ) (-278 -707 356 ) (-278.299988 -707 356 ) 
4 293 296 (-278.299988 -707 356 ) (-278 -707 356 ) (-278 -707 534 ) (-278.299988 -707 534 ) 
4 293 295 (-278.299988 -661 356 ) (-278.299988 -707 356 ) (-278.299988 -707 448 ) (-278.299988 -661 448 ) 
4 293 294 (-278.299988 -661 448 ) (-278.299988 -707 448 ) (-278.299988 -707 534 ) (-278.299988 -661 534 ) 
4 294 296 (-566 -707 448 ) (-278.299988 -707 448 ) (-278.299988 -707 534 ) (-566 -707 534 ) 
4 294 295 (-278.299988 -661 448 ) (-278.299988 -707 448 ) (-566 -707 448 ) (-566 -661 448 ) 
4 295 300 (-566 -661 356 ) (-278.299988 -661 356 ) (-278.299988 -707 356 ) (-566 -707 356 ) 
4 295 296 (-566 -707 356 ) (-278.299988 -707 356 ) (-278.299988 -707 448 ) (-566 -707 448 ) 
4 296 302 (-278 -947 356 ) (-278 -947 534 ) (-566 -947 534 ) (-566 -947 356 ) 
4 296 300 (-278.299988 -947 356 ) (-566 -947 356 ) (-566 -707 356 ) (-278.299988 -707 356 ) 
4 296 298 (-278 -947 356 ) (-278.299988 -947 356 ) (-278.299988 -707 356 ) (-278 -707 356 ) 
4 296 297 (-566 -707 448 ) (-566 -707 356 ) (-566 -947 356 ) (-566 -947 448 ) 
4 297 301 (-571 -947 356 ) (-571 -947 448 ) (-571 -707 448 ) (-571 -707 356 ) 
4 298 302 (-278.299988 -947 324 ) (-278 -947 324 ) (-278 -947 356 ) (-278.299988 -947 356 ) 
4 298 300 (-278.299988 -661 324 ) (-278.299988 -947 324 ) (-278.299988 -947 356 ) (-278.299988 -661 356 ) 
4 298 299 (-278.299988 -650 356 ) (-278.299988 -650 324 ) (-278.299988 -651 324 ) (-278.299988 -651 356 ) 
4 300 302 (-566 -947 324 ) (-278.299988 -947 324 ) (-278.299988 -947 356 ) (-566 -947 356 ) 
4 301 328 (-576 -707 356 ) (-576 -947 356 ) (-576 -947 448 ) (-576 -707 448 ) 
4 302 308 (-566 -960 534 ) (-566 -960 324 ) (-278 -960 324 ) (-278 -960 534 ) 
4 303 306 (-268 -947 277 ) (-268 -947 322 ) (-566 -947 322 ) (-566 -947 277 ) 
4 303 304 (-566 -767 277 ) (-566 -650 277 ) (-268 -650 277 ) (-268 -767 277 ) 
4 303 305 (-268 -947 277 ) (-566 -947 277 ) (-566 -767 277 ) (-268 -767 277 ) 
4 304 312 (-566 -650 192 ) (-330.205139 -650 192 ) (-330.205139 -767 192 ) (-566 -767 192 ) 
5 304 305 (-566 -767 277 ) (-566 -767 192 ) (-330.205139 -767 192 ) (-268 -767 241.212036 ) (-268 -767 277 ) 
4 305 313 (-268 -767 192 ) (-268 -947 192 ) (-566 -947 192 ) (-566 -767 192 ) 
4 305 306 (-566 -947 192 ) (-268 -947 192 ) (-268 -947 277 ) (-566 -947 277 ) 
4 306 313 (-566 -947 192 ) (-268 -947 192 ) (-268 -960 192 ) (-566 -960 192 ) 
4 306 309 (-566 -960 192 ) (-268 -960 192 ) (-268 -960 322 ) (-566 -960 322 ) 
4 307 310 (-268 -1012 324 ) (-268 -1012 421 ) (-278 -1012 421 ) (-278 -1012 324 ) 
4 307 308 (-278 -960 324 ) (-278 -1012 324 ) (-278 -1012 421 ) (-278 -960 421 ) 
4 308 310 (-278 -1012 534 ) (-566 -1012 534 ) (-566 -1012 324 ) (-278 -1012 324 ) 
4 309 313 (-566 -960 192 ) (-268 -960 192 ) (-268 -1012 192 ) (-566 -1012 192 ) 
4 309 310 (-566 -1012 192 ) (-268 -1012 192 ) (-268 -1012 322 ) (-566 -1012 322 ) 
4 310 320 (-268 -1013 192 ) (-268 -1014 192 ) (-566 -1014 192 ) (-566 -1013 192 ) 
4 310 313 (-566 -1012 192 ) (-268 -1012 192 ) (-268 -1013 192 ) (-566 -1013 192 ) 
4 311 314 (-566 -514 192 ) (-566 -1 192 ) (-566 -1 75 ) (-566 -514 75 ) 
4 312 316 (-566 -767 75 ) (-566 -767 192 ) (-566 -692 192 ) (-566 -692 75 ) 
4 312 313 (-566 -767 192 ) (-566 -767 75 ) (-478.095764 -767 75 ) (-330.205139 -767 192 ) 
4 313 320 (-268 -1013 75 ) (-268 -1013 192 ) (-566 -1013 192 ) (-566 -1013 75 ) 
4 313 318 (-566 -950 192 ) (-566 -859 192 ) (-566 -859 75 ) (-566 -950 75 ) 
4 313 316 (-566 -786 192 ) (-566 -767 192 ) (-566 -767 75 ) (-566 -786 75 ) 
4 314 315 (-570.825073 -1 192 ) (-570.825073 -1 75 ) (-570.825073 -514 75 ) (-570.825073 -514 192 ) 
4 315 332 (-576 -1 73.166702 ) (-576 -514 73.166702 ) (-576 -514 192 ) (-576 -1 192 ) 
4 316 317 (-570.825073 -692 192 ) (-570.825073 -692 75 ) (-570.825073 -786 75 ) (-570.825073 -786 192 ) 
4 317 332 (-576 -692 73.166702 ) (-576 -786 73.166702 ) (-576 -786 192 ) (-576 -692 192 ) 
4 318 319 (-570.825073 -859 192 ) (-570.825073 -859 75 ) (-570.825073 -950 75 ) (-570.825073 -950 192 ) 
4 319 332 (-576 -859 73.166702 ) (-576 -950 73.166702 ) (-576 -950 192 ) (-576 -859 192 ) 
4 321 325 (-577 0 768 ) (-576 0 768 ) (-576 -637 768 ) (-577 -637 768 ) 
4 321 326 (-587 0 768 ) (-577 0 768 ) (-577 -915 768 ) (-587 -915 768 ) 
4 321 322 (-587 -915 1405.360107 ) (-587 -915 845 ) (-576 -915 845 ) (-576 -915 1405.360107 ) 
4 321 324 (-587 0 768 ) (-587 -915 768 ) (-587 -915 1405.360107 ) (-587 0 1405.360107 ) 
4 322 324 (-587 -1006 845 ) (-587 -1006 1405.360107 ) (-587 -915 1405.360107 ) (-587 -915 845 ) 
4 322 323 (-587 -1006 1405.360107 ) (-587 -1006 845 ) (-576 -1006 845 ) (-576 -1006 1405.360107 ) 
4 323 352 (-587 -1024 768 ) (-576 -1024 768 ) (-576 -1024 1405.360107 ) (-587 -1024 1405.360107 ) 
4 323 326 (-577 -1024 768 ) (-587 -1024 768 ) (-587 -1006 768 ) (-577 -1006 768 ) 
4 323 324 (-587 -1006 768 ) (-587 -1024 768 ) (-587 -1024 1405.360107 ) (-587 -1006 1405.360107 ) 
4 324 352 (-1024 -1024 1405.360107 ) (-1024 -1024 768 ) (-587 -1024 768 ) (-587 -1024 1405.360107 ) 
4 324 340 (-1024 0 804 ) (-1024 0 768 ) (-1024 -1024 768 ) (-1024 -1024 804 ) 
4 324 339 (-1024 0 1405.360107 ) (-1024 0 804 ) (-1024 -1024 804 ) (-1024 -1024 1405.360107 ) 
4 324 326 (-1024 0 768 ) (-587 0 768 ) (-587 -1024 768 ) (-1024 -1024 768 ) 
4 325 327 (-577 0 549 ) (-576 0 549 ) (-576 -637 549 ) (-577 -637 549 ) 
4 325 326 (-577 0 549 ) (-577 -637 549 ) (-577 -637 768 ) (-577 0 768 ) 
4 326 352 (-1024 -1024 768 ) (-1024 -1024 549 ) (-577 -1024 549 ) (-577 -1024 768 ) 
4 326 340 (-1024 0 768 ) (-1024 0 549 ) (-1024 -1024 549 ) (-1024 -1024 768 ) 
4 326 330 (-1024 -1024 549 ) (-1024 0 549 ) (-577 0 549 ) (-577 -1024 549 ) 
4 327 331 (-577 0 322 ) (-576 0 322 ) (-576 -650 322 ) (-577 -650 322 ) 
4 327 328 (-577 -650 549 ) (-577 -650 324 ) (-576 -650 324 ) (-576 -650 549 ) 
4 327 330 (-577 0 322 ) (-577 -650 322 ) (-577 -650 549 ) (-577 0 549 ) 
4 328 330 (-577 -1012 324 ) (-577 -1012 549 ) (-577 -650 549 ) (-577 -650 324 ) 
4 328 329 (-577 -1012 549 ) (-577 -1012 324 ) (-576 -1012 324 ) (-576 -1012 549 ) 
4 329 352 (-577 -1024 322 ) (-576 -1024 322 ) (-576 -1024 549 ) (-577 -1024 549 ) 
4 329 331 (-576 -1012 322 ) (-576 -1016 322 ) (-577 -1016 322 ) (-577 -1012 322 ) 
4 329 333 (-576 -1016 322 ) (-576 -1024 322 ) (-577 -1024 322 ) (-577 -1016 322 ) 
4 329 330 (-577 -1012 322 ) (-577 -1024 322 ) (-577 -1024 549 ) (-577 -1012 549 ) 
4 330 352 (-1024 -1024 549 ) (-1024 -1024 322 ) (-577 -1024 322 ) (-577 -1024 549 ) 
4 330 340 (-1024 0 549 ) (-1024 0 322 ) (-1024 -1024 322 ) (-1024 -1024 549 ) 
4 330 331 (-651 0 322 ) (-577 0 322 ) (-577 -1016 322 ) (-651 -1016 322 ) 
4 330 333 (-577 -1016 322 ) (-577 -1024 322 ) (-651 -1024 322 ) (-651 -1016 322 ) 
4 330 334 (-1024 0 322 ) (-651 0 322 ) (-651 -1024 322 ) (-1024 -1024 322 ) 
4 331 334 (-651 -1016 279 ) (-651 -1016 322 ) (-651 0 322 ) (-651 0 279 ) 
4 331 333 (-651 -1016 322 ) (-651 -1016 279 ) (-576 -1016 279 ) (-576 -1016 322 ) 
4 332 337 (-651 -1016 73.166702 ) (-651 0 73.166702 ) (-576 0 73.166702 ) (-576 -1016 73.166702 ) 
4 332 333 (-651 -1016 269 ) (-651 -1016 73.166702 ) (-576 -1016 73.166702 ) (-576 -1016 269 ) 
4 332 334 (-651 0 73.166702 ) (-651 -1016 73.166702 ) (-651 -1016 269 ) (-651 0 269 ) 
4 333 352 (-651 -1024 73.166702 ) (-576 -1024 73.166702 ) (-576 -1024 322 ) (-651 -1024 322 ) 
4 333 337 (-576 -1024 73.166702 ) (-651 -1024 73.166702 ) (-651 -1016 73.166702 ) (-576 -1016 73.166702 ) 
4 333 334 (-651 -1016 73.166702 ) (-651 -1024 73.166702 ) (-651 -1024 322 ) (-651 -1016 322 ) 
4 334 352 (-1024 -1024 322 ) (-1024 -1024 73.166702 ) (-651 -1024 73.166702 ) (-651 -1024 322 ) 
4 334 340 (-1024 0 322 ) (-1024 0 73.166702 ) (-1024 -1024 73.166702 ) (-1024 -1024 322 ) 
4 334 337 (-651 -1024 73.166702 ) (-1024 -1024 73.166702 ) (-1024 0 73.166702 ) (-651 0 73.166702 ) 
4 335 350 (0 -1024 63 ) (0 -1024 64 ) (-561 -1024 64 ) (-561 -1024 63 ) 
4 335 338 (-512 0 63 ) (0 0 63 ) (0 -1024 63 ) (-512 -1024 63 ) 
4 335 336 (-561 0 63 ) (-561 -1022 63 ) (-561 -1022 64 ) (-561 0 64 ) 
4 336 337 (-576 0 63 ) (-576 -1022 63 ) (-576 -1022 64 ) (-576 0 64 ) 
4 337 352 (-576 -1024 73.166702 ) (-1024 -1024 73.166702 ) (-1024 -1024 63 ) (-576 -1024 63 ) 
4 337 340 (-1024 0 73.166702 ) (-1024 0 63 ) (-1024 -1024 63 ) (-1024 -1024 73.166702 ) 
4 338 353 (0 -1024 2 ) (0 -1024 63 ) (-512 -1024 63 ) (-512 -1024 2 ) 
4 339 355 (-1024 -1024 804 ) (-1024 -1024 1405.360107 ) (-1855.260132 -1024 1405.360107 ) (-1855.260132 -1024 804 ) 
4 339 340 (-1024 -1024 804 ) (-1855.260132 -1024 804 ) (-1855.260132 0 804 ) (-1024 0 804 ) 
4 340 355 (-1024 -1024 63 ) (-1024 -1024 804 ) (-1855.260132 -1024 804 ) (-1855.260132 -1024 63 ) 
4 340 344 (-1855.260132 -275 781 ) (-1855.260132 -275 710 ) (-1855.260132 -313 710 ) (-1855.260132 -313 781 ) 
4 340 345 (-1855.260132 -326 710 ) (-1855.260132 -364 710 ) (-1855.260132 -364 781 ) (-1855.260132 -326 781 ) 
4 341 347 (-1858 -275 701 ) (-1856 -275 701 ) (-1856 -275 710 ) (-1858 -275 710 ) 
4 341 346 (-1856 -275 710 ) (-1856 -275 781 ) (-1858 -275 781 ) (-1858 -275 710 ) 
4 341 343 (-1856 -275 781 ) (-1856 -275 804 ) (-1858 -275 804 ) (-1858 -275 781 ) 
4 341 342 (-1858 -224 701 ) (-1858 -275 701 ) (-1858 -275 804 ) (-1858 -224 804 ) 
4 342 347 (-1931 -275 710 ) (-1931 -275 701 ) (-1858 -275 701 ) (-1858 -275 710 ) 
4 342 346 (-1931 -275 781 ) (-1931 -275 710 ) (-1858 -275 710 ) (-1858 -275 781 ) 
4 342 343 (-1931 -275 804 ) (-1931 -275 781 ) (-1858 -275 781 ) (-1858 -275 804 ) 
4 343 349 (-1931 -364 804 ) (-1931 -364 781 ) (-1858 -364 781 ) (-1858 -364 804 ) 
4 343 348 (-1858 -364 781 ) (-1856 -364 781 ) (-1856 -364 804 ) (-1858 -364 804 ) 
4 343 346 (-1856 -364 781 ) (-1931 -364 781 ) (-1931 -275 781 ) (-1856 -275 781 ) 
4 344 346 (-1856 -275 710 ) (-1856 -313 710 ) (-1856 -313 781 ) (-1856 -275 781 ) 
4 345 346 (-1856 -326 710 ) (-1856 -364 710 ) (-1856 -364 781 ) (-1856 -326 781 ) 
4 346 349 (-1931 -364 781 ) (-1931 -364 710 ) (-1858 -364 710 ) (-1858 -364 781 ) 
4 346 348 (-1858 -364 710 ) (-1856 -364 710 ) (-1856 -364 781 ) (-1858 -364 781 ) 
4 346 347 (-1856 -364 710 ) (-1931 -364 710 ) (-1931 -275 710 ) (-1856 -275 710 ) 
4 347 349 (-1931 -364 710 ) (-1931 -364 701 ) (-1858 -364 701 ) (-1858 -364 710 ) 
4 347 348 (-1858 -364 701 ) (-1856 -364 701 ) (-1856 -364 710 ) (-1858 -364 710 ) 
4 348 349 (-1858 -364 804 ) (-1858 -364 701 ) (-1858 -394 701 ) (-1858 -394 804 ) 
4 350 354 (-512 -1410.670166 63 ) (-561 -1410.670166 63 ) (-561 -1408 63 ) (-512 -1408 63 ) 
4 350 353 (0 -1410.670166 63 ) (-512 -1410.670166 63 ) (-512 -1024 63 ) (0 -1024 63 ) 
4 350 351 (-561 -1410.670166 455 ) (-561 -1410.670166 1405.360107 ) (-561 -1024 1405.360107 ) (-561 -1024 455 ) 
4 351 352 (-576 -1410.670166 455 ) (-576 -1410.670166 1405.360107 ) (-576 -1024 1405.360107 ) (-576 -1024 455 ) 
4 352 356 (-1024 -1408 63 ) (-1024 -1410.670166 63 ) (-1024 -1410.670166 1405.360107 ) (-1024 -1408 1405.360107 ) 
4 352 355 (-1024 -1024 1405.360107 ) (-1024 -1024 63 ) (-1024 -1408 63 ) (-1024 -1408 1405.360107 ) 
4 352 354 (-576 -1410.670166 63 ) (-1024 -1410.670166 63 ) (-1024 -1408 63 ) (-576 -1408 63 ) 
4 353 354 (-512 -1408 2 ) (-512 -1410.670166 2 ) (-512 -1410.670166 63 ) (-512 -1408 63 ) 
4 354 356 (-1024 -1408 2 ) (-1024 -1410.670166 2 ) (-1024 -1410.670166 63 ) (-1024 -1408 63 ) 
4 355 356 (-1855.260132 -1408 1405.360107 ) (-1855.260132 -1408 63 ) (-1024 -1408 63 ) (-1024 -1408 1405.360107 ) 
