PRT1
371
1007
4 0 26 (1024 -766 53 ) (1024 -762 53 ) (1024 -762 -191 ) (1024 -766 -191 ) 
4 0 25 (1024 -762 53 ) (1024 -761 53 ) (1024 -761 -191 ) (1024 -762 -191 ) 
4 0 24 (1024 -761 53 ) (1024 -251 53 ) (1024 -251 -191 ) (1024 -761 -191 ) 
4 1 11 (59 -243.264999 361 ) (61 -243.264999 361 ) (61 -246 361 ) (59 -246 361 ) 
4 1 7 (127.362946 -243.264999 361 ) (731 -243.264999 361 ) (731 -249 361 ) (127.362976 -249 361 ) 
4 1 6 (731 -243.264999 361 ) (748.687012 -243.264999 361 ) (748.687012 -249 361 ) (731 -249 361 ) 
4 1 3 (126.489807 -249 361 ) (748.687012 -249 361 ) (748.687012 -249 363 ) (122.368896 -249 363 ) 
4 1 2 (59 -249 2558 ) (59 -249 363 ) (748.687012 -249 363 ) (748.687012 -249 2558 ) 
4 1 5 (59 -243.264999 2558 ) (59 -243.264999 361 ) (59 -249 361 ) (59 -249 2558 ) 
4 2 3 (748.687012 -763 363 ) (122.368896 -763 363 ) (122.368912 -249 363 ) (748.687012 -249 363 ) 
4 2 5 (59 -763 363 ) (59 -763 2558 ) (59 -249 2558 ) (59 -249 363 ) 
4 2 4 (59 -763 2558 ) (59 -763 363 ) (748.687012 -763 363 ) (748.687012 -763 2558 ) 
4 3 20 (748.687012 -762 361 ) (748.687012 -763 361 ) (126.489807 -763 361 ) (126.489807 -762 361 ) 
4 3 18 (731 -762 361 ) (126.489807 -762 361 ) (126.489807 -761 361 ) (731 -761 361 ) 
4 3 17 (748.687012 -761 361 ) (748.687012 -762 361 ) (731 -762 361 ) (731 -761 361 ) 
4 3 8 (748.687012 -251 361 ) (748.687012 -761 361 ) (128.623047 -761 361 ) (128.623062 -251 361 ) 
4 3 7 (731 -251 361 ) (127.362915 -251 361 ) (127.362938 -249 361 ) (731 -249 361 ) 
4 3 6 (748.687012 -249 361 ) (748.687012 -251 361 ) (731 -251 361 ) (731 -249 361 ) 
4 3 4 (126.489807 -763 361 ) (748.687012 -763 361 ) (748.687012 -763 363 ) (122.368896 -763 363 ) 
4 4 29 (59 -1024 361 ) (748.687012 -1024 361 ) (748.687012 -1024 2558 ) (59 -1024 2558 ) 
4 4 23 (61 -1024 361 ) (59 -1024 361 ) (59 -763 361 ) (61 -763 361 ) 
4 4 21 (126.489868 -1024 361 ) (61 -1024 361 ) (61 -763 361 ) (126.489845 -763 361 ) 
4 4 20 (748.687012 -763 361 ) (748.687012 -1024 361 ) (126.489868 -1024 361 ) (126.489845 -763 361 ) 
4 4 5 (59 -763 361 ) (59 -1024 361 ) (59 -1024 2558 ) (59 -763 2558 ) 
4 5 34 (0 -1024 2558 ) (0 -1024 361 ) (10 -1024 361 ) (10 -1024 2558 ) 
4 5 30 (10 -1024 361 ) (28 -1024 361 ) (28 -1024 2558 ) (10 -1024 2558 ) 
4 5 29 (28 -1024 361 ) (59 -1024 361 ) (59 -1024 2558 ) (28 -1024 2558 ) 
4 5 28 (0 -243.264999 361 ) (0 -1024 361 ) (0 -1024 2558 ) (0 -243.264999 2558 ) 
4 5 23 (0 -1024 361 ) (0 -762 361 ) (59 -762 361 ) (59 -1024 361 ) 
4 5 22 (0 -762 361 ) (0 -761 361 ) (59 -761 361 ) (59 -762 361 ) 
4 5 16 (0 -761 361 ) (0 -243.264999 361 ) (58 -243.264999 361 ) (58 -761 361 ) 
4 5 11 (58 -243.264999 361 ) (59 -243.264999 361 ) (59 -246 361 ) (58 -246 361 ) 
5 6 8 (748.687012 -251 64 ) (748.687012 -251 361 ) (731 -251 361 ) (731 -251 68.041138 ) (739.326660 -251 64 ) 
4 6 7 (731 -251 68.041130 ) (731 -251 361 ) (731 -243.264999 361 ) (731 -243.264999 68.041130 ) 
4 7 8 (731 -251 68.041107 ) (731 -251 361 ) (128.623047 -251 361 ) (497.417938 -251 181.403839 ) 
3 8 18 (731 -761 361 ) (128.622986 -761 361 ) (731 -761 67.653748 ) 
5 8 17 (748.687012 -761 361 ) (731 -761 361 ) (731 -761 67.653748 ) (738.502869 -761 64 ) (748.687012 -761 64 ) 
4 8 9 (738.505554 -761 64 ) (731 -761 67.655052 ) (731 -251 67.653900 ) (738.503174 -251 64 ) 
4 9 10 (731 -761 67.652344 ) (731 -251 67.652344 ) (731 -251 64 ) (731 -761 64 ) 
4 10 24 (731 -761 53 ) (77.196899 -761 53 ) (77.196953 -251 53 ) (731 -251 53 ) 
4 10 19 (77.196983 -761 53 ) (731 -761 53 ) (731 -761 57 ) (70.098129 -761 57 ) 
4 10 14 (65 -600 62 ) (65 -432 62 ) (65 -432 59.872665 ) (65 -600 59.872673 ) 
4 10 13 (65 -600 186 ) (65 -432 186 ) (65 -432 62 ) (65 -600 62 ) 
4 11 16 (58 -246 361 ) (58 -243.264999 361 ) (58 -243.264999 186 ) (58 -246 186 ) 
4 11 12 (58 -246 186 ) (58 -243.264999 186 ) (61 -243.264999 186 ) (61 -246 186 ) 
4 12 16 (58 -246 64 ) (58 -246 186 ) (58 -243.264999 186 ) (58 -243.264999 64 ) 
4 13 15 (61 -600 186 ) (61 -432 186 ) (61 -432 64 ) (61 -600 64 ) 
4 13 14 (61.224606 -432 62 ) (65 -432 62 ) (65 -600 62 ) (61.224606 -600 62 ) 
4 15 16 (58 -600 64 ) (58 -600 186 ) (58 -432 186 ) (58 -432 64 ) 
4 16 28 (0 -243.264999 64 ) (0 -761 64 ) (0 -761 361 ) (0 -243.264999 361 ) 
4 16 22 (58 -761 64 ) (58 -761 361 ) (0 -761 361 ) (0 -761 64 ) 
5 17 20 (748.687012 -762 361 ) (731 -762 361 ) (731 -762 67.612762 ) (738.443909 -762 64 ) (748.687012 -762 64 ) 
4 17 18 (731 -761 361 ) (731 -761 67.612762 ) (731 -762 67.612755 ) (731 -762 361 ) 
3 18 20 (731 -762 67.612755 ) (731 -762 361 ) (126.489807 -762 361 ) 
4 19 25 (61.477104 -761 53 ) (731 -761 53 ) (731 -762 53 ) (61.477104 -762 53 ) 
4 20 57 (730.202148 -1024 68 ) (738.443970 -1024 64 ) (748.687012 -1024 64 ) (748.687012 -1024 68 ) 
3 20 42 (301.628235 -1024 276 ) (343 -1024 255.921021 ) (343 -1024 276 ) 
4 20 40 (343 -1024 255.921021 ) (348 -1024 253.494370 ) (348 -1024 276 ) (343 -1024 276 ) 
5 20 39 (348 -1024 253.494370 ) (730.202148 -1024 68 ) (748.687012 -1024 68 ) (748.687012 -1024 276 ) (348 -1024 276 ) 
4 20 36 (291.325989 -1024 281 ) (301.628235 -1024 276 ) (348 -1024 276 ) (348 -1024 281 ) 
4 20 35 (348 -1024 276 ) (748.687012 -1024 276 ) (748.687012 -1024 281 ) (348 -1024 281 ) 
4 20 29 (748.687012 -1024 361 ) (126.489868 -1024 361 ) (291.325989 -1024 281 ) (748.687012 -1024 281 ) 
4 20 21 (126.491791 -1024 361 ) (126.491798 -763 361 ) (738.446167 -763 64 ) (738.446167 -1024 64 ) 
4 21 58 (61 -1024 68 ) (61 -1024 64 ) (348 -1024 64 ) (348 -1024 68 ) 
4 21 57 (348 -1024 64 ) (738.443909 -1024 64 ) (730.202087 -1024 68 ) (348 -1024 68 ) 
5 21 42 (61 -1024 276 ) (61 -1024 68 ) (343 -1024 68 ) (343 -1024 255.921005 ) (301.628235 -1024 276 ) 
4 21 41 (343 -1024 68 ) (348 -1024 68 ) (348 -1024 177 ) (343 -1024 177 ) 
4 21 40 (348 -1024 177 ) (348 -1024 253.494354 ) (343 -1024 255.921005 ) (343 -1024 177 ) 
3 21 39 (348 -1024 68 ) (730.202087 -1024 68 ) (348 -1024 253.494354 ) 
4 21 37 (61 -1024 281 ) (61 -1024 276 ) (195 -1024 276 ) (195 -1024 281 ) 
4 21 36 (195 -1024 276 ) (301.628235 -1024 276 ) (291.325989 -1024 281 ) (195 -1024 281 ) 
4 21 29 (126.489868 -1024 361 ) (61 -1024 361 ) (61 -1024 281 ) (291.325989 -1024 281 ) 
4 21 23 (61 -1024 64 ) (61 -1024 361 ) (61 -763 361 ) (61 -763 64 ) 
4 22 28 (0 -762 64 ) (0 -762 361 ) (0 -761 361 ) (0 -761 64 ) 
4 22 23 (61 -762 64 ) (61 -762 361 ) (0 -762 361 ) (0 -762 64 ) 
4 23 58 (7 -1024 64 ) (61 -1024 64 ) (61 -1024 68 ) (7 -1024 68 ) 
4 23 59 (0 -1024 68 ) (0 -1024 64 ) (7 -1024 64 ) (7 -1024 68 ) 
4 23 53 (7 -1024 68 ) (12 -1024 68 ) (12 -1024 276 ) (7 -1024 276 ) 
4 23 56 (0 -1024 276 ) (0 -1024 68 ) (7 -1024 68 ) (7 -1024 276 ) 
4 23 42 (12 -1024 68 ) (61 -1024 68 ) (61 -1024 276 ) (12 -1024 276 ) 
4 23 37 (7 -1024 276 ) (61 -1024 276 ) (61 -1024 281 ) (7 -1024 281 ) 
4 23 38 (0 -1024 281 ) (0 -1024 276 ) (7 -1024 276 ) (7 -1024 281 ) 
4 23 34 (10 -1024 361 ) (0 -1024 361 ) (0 -1024 281 ) (10 -1024 281 ) 
4 23 31 (10 -1024 324 ) (10 -1024 281 ) (28 -1024 281 ) (28 -1024 324 ) 
4 23 30 (28 -1024 361 ) (10 -1024 361 ) (10 -1024 324 ) (28 -1024 324 ) 
4 23 29 (61 -1024 361 ) (28 -1024 361 ) (28 -1024 281 ) (61 -1024 281 ) 
4 23 28 (0 -1024 64 ) (0 -1024 361 ) (0 -762 361 ) (0 -762 64 ) 
4 24 25 (510.225311 -761 -191 ) (1024 -761 -191 ) (1024 -761 53 ) (77.196899 -761 53 ) 
4 25 27 (61.477104 -762 -191 ) (750 -762 -191 ) (750 -762 0 ) (61.477104 -762 0 ) 
4 25 26 (750 -762 -191 ) (1024 -762 -191 ) (1024 -762 53 ) (750 -762 53 ) 
4 26 27 (750 -762 0 ) (750 -762 -191 ) (750 -766 -191 ) (750 -766 0 ) 
4 28 143 (-1024 -1024 64 ) (-1024 -1024 2558 ) (-1024 -243.264999 2558 ) (-1024 -243.264999 64 ) 
4 28 60 (-1024 -1024 2558 ) (-1024 -1024 64 ) (0 -1024 64 ) (0 -1024 2558 ) 
4 29 61 (748.687012 -2048 2558 ) (28 -2048 2558 ) (28 -2048 281 ) (748.687012 -2048 281 ) 
4 29 37 (28 -1024 281 ) (195 -1024 281 ) (195 -1727 281 ) (28 -1727 281 ) 
4 29 36 (195 -1024 281 ) (348 -1024 281 ) (348 -1853 281 ) (195 -1853 281 ) 
4 29 35 (348 -1024 281 ) (748.687012 -1024 281 ) (748.687012 -2048 281 ) (348 -2048 281 ) 
4 29 33 (28 -2048 298 ) (28 -2048 324 ) (28 -1998 324 ) (28 -1998 298 ) 
4 29 32 (28 -1856 301 ) (28 -1856 324 ) (28 -1793 324 ) (28 -1793 301 ) 
4 29 31 (28 -1024 281 ) (28 -1734 281 ) (28 -1734 324 ) (28 -1024 324 ) 
4 29 30 (28 -2048 324 ) (28 -2048 2558 ) (28 -1024 2558 ) (28 -1024 324 ) 
4 30 62 (10 -2048 2558 ) (10 -2048 324 ) (28 -2048 324 ) (28 -2048 2558 ) 
4 30 34 (10 -1024 2558 ) (10 -1024 324 ) (10 -2048 324 ) (10 -2048 2558 ) 
4 30 33 (10 -2048 324 ) (10 -1998 324 ) (28 -1998 324 ) (28 -2048 324 ) 
4 30 32 (10 -1856 324 ) (10 -1793 324 ) (28 -1793 324 ) (28 -1856 324 ) 
4 30 31 (10 -1734 324 ) (10 -1024 324 ) (28 -1024 324 ) (28 -1734 324 ) 
4 31 37 (10 -1024 281 ) (28 -1024 281 ) (28 -1727 281 ) (10 -1727 281 ) 
4 31 34 (10 -1024 324 ) (10 -1024 281 ) (10 -1734 281 ) (10 -1734 324 ) 
4 32 34 (10 -1856 301 ) (10 -1856 324 ) (10 -1793 324 ) (10 -1793 301 ) 
4 33 62 (10 -2048 324 ) (10 -2048 298 ) (28 -2048 298 ) (28 -2048 324 ) 
4 33 34 (10 -2048 298 ) (10 -2048 324 ) (10 -1998 324 ) (10 -1998 298 ) 
4 34 63 (0 -2048 2558 ) (0 -2048 281 ) (10 -2048 281 ) (10 -2048 2558 ) 
4 34 60 (0 -1024 2558 ) (0 -1024 281 ) (0 -2048 281 ) (0 -2048 2558 ) 
4 34 37 (7 -1024 281 ) (10 -1024 281 ) (10 -1727 281 ) (7 -1727 281 ) 
4 34 38 (0 -2048 281 ) (0 -1024 281 ) (7 -1024 281 ) (7 -2048 281 ) 
4 35 67 (748.687012 -2048 281 ) (348 -2048 281 ) (348 -2048 276 ) (748.687012 -2048 276 ) 
4 35 39 (748.687012 -2048 276 ) (348 -2048 276 ) (348 -1024 276 ) (748.687012 -1024 276 ) 
4 35 36 (348 -1024 276 ) (348 -1853 276 ) (348 -1853 281 ) (348 -1024 281 ) 
4 36 43 (195 -1853 276 ) (195 -1732 276 ) (343 -1732 276 ) (343 -1853 276 ) 
4 36 42 (195 -1727 276 ) (195 -1024 276 ) (343 -1024 276 ) (343 -1727 276 ) 
4 36 40 (343 -1024 276 ) (348 -1024 276 ) (348 -1727 276 ) (343 -1727 276 ) 
4 36 37 (195 -1024 276 ) (195 -1727 276 ) (195 -1727 281 ) (195 -1024 281 ) 
4 37 53 (7 -1727 276 ) (7 -1024 276 ) (12 -1024 276 ) (12 -1727 276 ) 
4 37 42 (12 -1024 276 ) (195 -1024 276 ) (195 -1727 276 ) (12 -1727 276 ) 
4 37 38 (7 -1024 276 ) (7 -1727 276 ) (7 -1727 281 ) (7 -1024 281 ) 
4 38 70 (7 -2048 281 ) (0 -2048 281 ) (0 -2048 276 ) (7 -2048 276 ) 
4 38 60 (0 -1024 281 ) (0 -1024 276 ) (0 -2048 276 ) (0 -2048 281 ) 
4 38 56 (7 -2048 276 ) (0 -2048 276 ) (0 -1024 276 ) (7 -1024 276 ) 
4 39 71 (748.687012 -2048 276 ) (348 -2048 276 ) (348 -2048 68 ) (748.687012 -2048 68 ) 
4 39 57 (348 -1024 68 ) (748.687012 -1024 68 ) (748.687012 -2048 68 ) (348 -2048 68 ) 
4 39 41 (348 -1024 68 ) (348 -1727 68 ) (348 -1727 177 ) (348 -1024 177 ) 
4 39 40 (348 -1727 276 ) (348 -1024 276 ) (348 -1024 177 ) (348 -1727 177 ) 
4 40 42 (343 -1727 276 ) (343 -1024 276 ) (343 -1024 177 ) (343 -1727 177 ) 
4 40 41 (343 -1727 177 ) (343 -1024 177 ) (348 -1024 177 ) (348 -1727 177 ) 
4 41 58 (343 -1024 68 ) (348 -1024 68 ) (348 -1727 68 ) (343 -1727 68 ) 
4 41 42 (343 -1024 68 ) (343 -1727 68 ) (343 -1727 177 ) (343 -1024 177 ) 
4 42 58 (12 -1024 68 ) (343 -1024 68 ) (343 -1727 68 ) (12 -1727 68 ) 
4 42 53 (12 -1024 68 ) (12 -1727 68 ) (12 -1727 276 ) (12 -1024 276 ) 
4 43 46 (342 -1854 276 ) (256 -1854 276 ) (256 -1854 183 ) (342 -1854 183 ) 
4 43 45 (343 -1854 183 ) (343 -1854 276 ) (342 -1854 276 ) (342 -1854 183 ) 
4 43 48 (256 -1854 276 ) (194 -1854 276 ) (194 -1854 183 ) (256 -1854 183 ) 
4 43 44 (194 -1732 276 ) (194 -1732 183 ) (194 -1854 183 ) (194 -1854 276 ) 
4 44 54 (12 -1841 104 ) (12 -1841 192 ) (12 -1732 192 ) (12 -1732 104 ) 
4 44 48 (12 -1854 276 ) (12 -1854 68 ) (194 -1854 68 ) (194 -1854 276 ) 
4 45 49 (342 -1947 68 ) (343 -1947 68 ) (343 -1947 276 ) (342 -1947 276 ) 
4 45 47 (342 -1947 139 ) (342 -1947 276 ) (342 -1857 276 ) (342 -1857 139 ) 
4 45 46 (342 -1854 276 ) (342 -1854 68 ) (342 -1857 68 ) (342 -1857 276 ) 
4 46 47 (256 -1857 276 ) (256 -1857 139 ) (342 -1857 139 ) (342 -1857 276 ) 
4 46 48 (256 -1854 276 ) (256 -1854 68 ) (256 -1857 68 ) (256 -1857 276 ) 
4 47 50 (342 -1947 139 ) (342 -1947 276 ) (279 -1947 276 ) (279 -1947 139 ) 
4 47 52 (279 -1947 276 ) (256 -1947 276 ) (256 -1947 139 ) (279 -1947 139 ) 
4 47 48 (256 -1947 139 ) (256 -1947 276 ) (256 -1857 276 ) (256 -1857 139 ) 
4 48 52 (12 -1947 276 ) (12 -1947 68 ) (256 -1947 68 ) (256 -1947 276 ) 
4 49 74 (343 -2048 276 ) (342 -2048 276 ) (342 -2048 68 ) (343 -2048 68 ) 
4 49 51 (342 -2048 104 ) (342 -2048 276 ) (342 -1949 276 ) (342 -1949 104 ) 
4 49 50 (342 -1947 276 ) (342 -1947 68 ) (342 -1949 68 ) (342 -1949 276 ) 
4 50 51 (279 -1949 276 ) (279 -1949 104 ) (342 -1949 104 ) (342 -1949 276 ) 
4 50 52 (279 -1947 276 ) (279 -1947 68 ) (279 -1949 68 ) (279 -1949 276 ) 
4 51 74 (342 -2048 276 ) (279 -2048 276 ) (279 -2048 104 ) (342 -2048 104 ) 
4 51 52 (279 -2048 104 ) (279 -2048 276 ) (279 -1949 276 ) (279 -1949 104 ) 
4 52 74 (279 -2048 276 ) (12 -2048 276 ) (12 -2048 68 ) (279 -2048 68 ) 
4 52 55 (12 -2048 104 ) (12 -2048 193 ) (12 -1999 193 ) (12 -1999 104 ) 
4 53 58 (7 -1024 68 ) (12 -1024 68 ) (12 -1727 68 ) (7 -1727 68 ) 
4 53 54 (7 -1727 192 ) (7 -1727 104 ) (12 -1727 104 ) (12 -1727 192 ) 
4 53 56 (7 -1024 68 ) (7 -1727 68 ) (7 -1727 276 ) (7 -1024 276 ) 
4 54 56 (7 -1841 104 ) (7 -1841 192 ) (7 -1727 192 ) (7 -1727 104 ) 
4 55 76 (7 -2048 193 ) (7 -2048 104 ) (12 -2048 104 ) (12 -2048 193 ) 
4 55 56 (7 -2048 104 ) (7 -2048 193 ) (7 -1999 193 ) (7 -1999 104 ) 
4 56 78 (7 -2048 276 ) (0 -2048 276 ) (0 -2048 68 ) (7 -2048 68 ) 
4 56 60 (0 -1024 276 ) (0 -1024 68 ) (0 -2048 68 ) (0 -2048 276 ) 
4 56 59 (0 -2048 68 ) (0 -1024 68 ) (7 -1024 68 ) (7 -2048 68 ) 
4 57 79 (748.687012 -2048 68 ) (348 -2048 68 ) (348 -2048 64 ) (748.687012 -2048 64 ) 
4 57 58 (348 -1024 64 ) (348 -1727 64 ) (348 -1727 68 ) (348 -1024 68 ) 
4 58 59 (7 -1024 64 ) (7 -1727 64 ) (7 -1727 68 ) (7 -1024 68 ) 
4 59 81 (7 -2048 68 ) (0 -2048 68 ) (0 -2048 64 ) (7 -2048 64 ) 
4 59 60 (0 -1024 68 ) (0 -1024 64 ) (0 -2048 64 ) (0 -2048 68 ) 
4 60 175 (-1024 -2048 64 ) (-1024 -2048 77 ) (-1024 -1794 77 ) (-1024 -1794 64 ) 
4 60 164 (-1024 -2048 77 ) (-1024 -2048 293 ) (-1024 -1921 293 ) (-1024 -1921 77 ) 
4 60 163 (-1024 -1921 293 ) (-1024 -1794 293 ) (-1024 -1794 77 ) (-1024 -1921 77 ) 
4 60 159 (-1024 -2048 293 ) (-1024 -2048 347 ) (-1024 -1794 347 ) (-1024 -1794 293 ) 
4 60 158 (-1024 -2048 347 ) (-1024 -2048 2558 ) (-1024 -1794 2558 ) (-1024 -1794 347 ) 
4 60 154 (-1024 -1794 2558 ) (-1024 -1779 2558 ) (-1024 -1779 850 ) (-1024 -1794 850 ) 
3 60 148 (-1024 -1633.023438 347.897949 ) (-1024 -1472 584.237610 ) (-1024 -1472 394.143768 ) 
4 60 147 (-1024 -1472 122 ) (-1024 -1472 214 ) (-1024 -1343 214 ) (-1024 -1343 87.030121 ) 
4 60 146 (-1024 -1097.900024 501.585052 ) (-1024 -1472 394.143799 ) (-1024 -1472 584.237549 ) (-1024 -1345.166138 770.395874 ) 
4 60 145 (-1024 -1779 2558 ) (-1024 -1024 2558 ) (-1024 -1024 850 ) (-1024 -1779 850 ) 
4 60 104 (-81 -2048 2558 ) (-1024 -2048 2558 ) (-1024 -2048 64 ) (-81 -2048 64 ) 
4 60 102 (-81 -2048 79 ) (-81 -2048 64 ) (-66 -2048 64 ) (-66 -2048 79 ) 
4 60 99 (-81 -2048 492 ) (-81 -2048 79 ) (-66 -2048 79 ) (-66 -2048 492 ) 
4 60 98 (-81 -2048 507 ) (-81 -2048 492 ) (-66 -2048 492 ) (-66 -2048 507 ) 
4 60 97 (-66 -2048 2558 ) (-81 -2048 2558 ) (-81 -2048 507 ) (-66 -2048 507 ) 
4 60 96 (0 -2048 64 ) (0 -2048 79 ) (-66 -2048 79 ) (-66 -2048 64 ) 
4 60 93 (0 -2048 79 ) (0 -2048 492 ) (-66 -2048 492 ) (-66 -2048 79 ) 
4 60 92 (0 -2048 492 ) (0 -2048 507 ) (-66 -2048 507 ) (-66 -2048 492 ) 
4 60 91 (0 -2048 507 ) (0 -2048 2558 ) (-66 -2048 2558 ) (-66 -2048 507 ) 
4 61 86 (28 -2251 458 ) (28 -2251 341 ) (127 -2251 341 ) (127 -2251 458 ) 
4 61 85 (318 -2251 341 ) (449 -2251 341 ) (449 -2251 459 ) (318 -2251 459 ) 
4 61 84 (506 -2251 281 ) (748.687012 -2251 281 ) (748.687012 -2251 492 ) (506 -2251 492 ) 
4 61 83 (506 -2251 2558 ) (28 -2251 2558 ) (28 -2251 507 ) (506 -2251 507 ) 
4 61 82 (748.687012 -2251 2558 ) (506 -2251 2558 ) (506 -2251 492 ) (748.687012 -2251 492 ) 
4 61 69 (195 -2251 281 ) (28 -2251 281 ) (28 -2131 281 ) (195 -2131 281 ) 
4 61 68 (348 -2251 281 ) (195 -2251 281 ) (195 -2131 281 ) (348 -2131 281 ) 
4 61 67 (748.687012 -2251 281 ) (348 -2251 281 ) (348 -2048 281 ) (748.687012 -2048 281 ) 
4 61 64 (28 -2122 324 ) (28 -2122 2558 ) (28 -2054 2558 ) (28 -2054 324 ) 
4 61 65 (28 -2122 281 ) (28 -2251 281 ) (28 -2251 2558 ) (28 -2122 2558 ) 
4 61 62 (28 -2054 298 ) (28 -2054 2558 ) (28 -2048 2558 ) (28 -2048 298 ) 
4 62 64 (28 -2054 324 ) (28 -2054 2558 ) (10 -2054 2558 ) (10 -2054 324 ) 
4 62 63 (10 -2054 298 ) (10 -2054 2558 ) (10 -2048 2558 ) (10 -2048 298 ) 
4 63 93 (0 -2048 492 ) (0 -2048 281 ) (0 -2054 281 ) (0 -2054 492 ) 
4 63 92 (0 -2048 507 ) (0 -2048 492 ) (0 -2054 492 ) (0 -2054 507 ) 
4 63 91 (0 -2048 2558 ) (0 -2048 507 ) (0 -2054 507 ) (0 -2054 2558 ) 
4 63 70 (0 -2054 281 ) (0 -2048 281 ) (7 -2048 281 ) (7 -2054 281 ) 
4 63 66 (0 -2054 281 ) (10 -2054 281 ) (10 -2054 2558 ) (0 -2054 2558 ) 
4 64 65 (10 -2122 2558 ) (10 -2122 324 ) (28 -2122 324 ) (28 -2122 2558 ) 
4 64 66 (10 -2054 2558 ) (10 -2054 324 ) (10 -2122 324 ) (10 -2122 2558 ) 
4 65 86 (10 -2251 458 ) (10 -2251 341 ) (28 -2251 341 ) (28 -2251 458 ) 
4 65 83 (28 -2251 2558 ) (10 -2251 2558 ) (10 -2251 507 ) (28 -2251 507 ) 
4 65 69 (28 -2251 281 ) (10 -2251 281 ) (10 -2131 281 ) (28 -2131 281 ) 
4 65 66 (10 -2122 281 ) (10 -2251 281 ) (10 -2251 2558 ) (10 -2122 2558 ) 
4 66 93 (0 -2054 281 ) (0 -2251 281 ) (0 -2251 492 ) (0 -2054 492 ) 
4 66 92 (0 -2251 492 ) (0 -2251 507 ) (0 -2054 507 ) (0 -2054 492 ) 
4 66 91 (0 -2251 507 ) (0 -2251 2558 ) (0 -2054 2558 ) (0 -2054 507 ) 
4 66 86 (0 -2251 458 ) (0 -2251 341 ) (10 -2251 341 ) (10 -2251 458 ) 
4 66 83 (10 -2251 2558 ) (0 -2251 2558 ) (0 -2251 507 ) (10 -2251 507 ) 
4 66 69 (10 -2251 281 ) (7 -2251 281 ) (7 -2131 281 ) (10 -2131 281 ) 
4 66 70 (7 -2251 281 ) (0 -2251 281 ) (0 -2054 281 ) (7 -2054 281 ) 
4 67 84 (748.687012 -2251 281 ) (506 -2251 281 ) (506 -2251 276 ) (748.687012 -2251 276 ) 
4 67 71 (748.687012 -2251 276 ) (348 -2251 276 ) (348 -2048 276 ) (748.687012 -2048 276 ) 
4 67 68 (348 -2131 276 ) (348 -2251 276 ) (348 -2251 281 ) (348 -2131 281 ) 
4 68 75 (343 -2251 276 ) (195 -2251 276 ) (195 -2131 276 ) (343 -2131 276 ) 
4 68 73 (348 -2251 276 ) (343 -2251 276 ) (343 -2131 276 ) (348 -2131 276 ) 
4 68 69 (195 -2131 276 ) (195 -2251 276 ) (195 -2251 281 ) (195 -2131 281 ) 
4 69 77 (12 -2251 276 ) (7 -2251 276 ) (7 -2131 276 ) (12 -2131 276 ) 
4 69 75 (195 -2251 276 ) (12 -2251 276 ) (12 -2131 276 ) (195 -2131 276 ) 
4 69 70 (7 -2131 276 ) (7 -2251 276 ) (7 -2251 281 ) (7 -2131 281 ) 
4 70 93 (0 -2048 281 ) (0 -2048 276 ) (0 -2251 276 ) (0 -2251 281 ) 
4 70 78 (7 -2251 276 ) (0 -2251 276 ) (0 -2048 276 ) (7 -2048 276 ) 
4 71 84 (748.687012 -2251 276 ) (506 -2251 276 ) (506 -2251 68 ) (748.687012 -2251 68 ) 
4 71 79 (748.687012 -2251 68 ) (348 -2251 68 ) (348 -2048 68 ) (748.687012 -2048 68 ) 
4 71 73 (348 -2131 68 ) (348 -2251 68 ) (348 -2251 276 ) (348 -2131 276 ) 
4 71 72 (348 -2067 68 ) (348 -2115 68 ) (348 -2115 177 ) (348 -2067 177 ) 
4 72 74 (343 -2067 68 ) (343 -2115 68 ) (343 -2115 177 ) (343 -2067 177 ) 
4 73 80 (348 -2251 68 ) (343 -2251 68 ) (343 -2131 68 ) (348 -2131 68 ) 
4 73 75 (343 -2131 68 ) (343 -2251 68 ) (343 -2251 276 ) (343 -2131 276 ) 
4 74 76 (12 -2126 104 ) (12 -2126 193 ) (12 -2048 193 ) (12 -2048 104 ) 
4 75 80 (343 -2251 68 ) (12 -2251 68 ) (12 -2131 68 ) (343 -2131 68 ) 
4 75 77 (12 -2131 68 ) (12 -2251 68 ) (12 -2251 276 ) (12 -2131 276 ) 
4 76 78 (7 -2131 104 ) (7 -2131 193 ) (7 -2048 193 ) (7 -2048 104 ) 
4 76 77 (7 -2131 193 ) (7 -2131 104 ) (12 -2131 104 ) (12 -2131 193 ) 
4 77 80 (12 -2251 68 ) (7 -2251 68 ) (7 -2131 68 ) (12 -2131 68 ) 
4 77 78 (7 -2131 68 ) (7 -2251 68 ) (7 -2251 276 ) (7 -2131 276 ) 
4 78 96 (0 -2048 79 ) (0 -2048 68 ) (0 -2251 68 ) (0 -2251 79 ) 
4 78 93 (0 -2048 276 ) (0 -2048 79 ) (0 -2251 79 ) (0 -2251 276 ) 
4 78 81 (7 -2251 68 ) (0 -2251 68 ) (0 -2048 68 ) (7 -2048 68 ) 
4 79 84 (748.687012 -2251 68 ) (506 -2251 68 ) (506 -2251 64 ) (748.687012 -2251 64 ) 
4 79 80 (348 -2131 64 ) (348 -2251 64 ) (348 -2251 68 ) (348 -2131 68 ) 
4 80 81 (7 -2131 64 ) (7 -2251 64 ) (7 -2251 68 ) (7 -2131 68 ) 
4 81 96 (0 -2048 68 ) (0 -2048 64 ) (0 -2251 64 ) (0 -2251 68 ) 
4 82 118 (506 -3072 509 ) (506 -3072 492 ) (748.687012 -3072 492 ) (748.687012 -3072 509 ) 
4 82 110 (506 -3072 579 ) (506 -3072 509 ) (748.687012 -3072 509 ) (748.687012 -3072 579 ) 
4 82 105 (748.687012 -3072 2558 ) (506 -3072 2558 ) (506 -3072 579 ) (748.687012 -3072 579 ) 
4 82 84 (506 -2251 492 ) (748.687012 -2251 492 ) (748.687012 -3072 492 ) (506 -3072 492 ) 
4 82 83 (506 -3072 507 ) (506 -3072 2558 ) (506 -2251 2558 ) (506 -2251 507 ) 
4 83 119 (307 -3072 507 ) (506 -3072 507 ) (506 -3072 509 ) (307 -3072 509 ) 
4 83 121 (0 -3072 509 ) (0 -3072 507 ) (307 -3072 507 ) (307 -3072 509 ) 
4 83 115 (307 -3072 509 ) (309 -3072 509 ) (309 -3072 579 ) (307 -3072 579 ) 
4 83 117 (0 -3072 579 ) (0 -3072 509 ) (307 -3072 509 ) (307 -3072 579 ) 
4 83 110 (309 -3072 509 ) (506 -3072 509 ) (506 -3072 579 ) (309 -3072 579 ) 
4 83 105 (506 -3072 2558 ) (307 -3072 2558 ) (307 -3072 579 ) (506 -3072 579 ) 
4 83 109 (307 -3072 2558 ) (0 -3072 2558 ) (0 -3072 579 ) (307 -3072 579 ) 
4 83 91 (0 -3072 507 ) (0 -3072 2558 ) (0 -2251 2558 ) (0 -2251 507 ) 
4 84 131 (506 -3072 79 ) (506 -3072 64 ) (748.687012 -3072 64 ) (748.687012 -3072 79 ) 
4 84 118 (748.687012 -3072 492 ) (506 -3072 492 ) (506 -3072 79 ) (748.687012 -3072 79 ) 
4 85 87 (318 -2266 459 ) (318 -2266 341 ) (449 -2266 341 ) (449 -2266 459 ) 
4 86 88 (14 -2266 341 ) (127 -2266 341 ) (127 -2266 458 ) (14 -2266 458 ) 
4 86 89 (0 -2266 458 ) (0 -2266 341 ) (14 -2266 341 ) (14 -2266 458 ) 
4 87 126 (491 -3072 297 ) (491 -3072 492 ) (127 -3072 492 ) (127 -3072 297 ) 
5 87 88 (127 -2266 492 ) (127 -2266 340 ) (127 -2340 297 ) (127 -3072 297 ) (127 -3072 492 ) 
4 88 128 (64 -3072 492 ) (14 -3072 492 ) (14 -3072 297 ) (64 -3072 297 ) 
4 88 126 (127 -3072 492 ) (64 -3072 492 ) (64 -3072 297 ) (127 -3072 297 ) 
5 88 89 (14 -2266 492 ) (14 -2266 340 ) (14 -2340 297 ) (14 -3072 297 ) (14 -3072 492 ) 
4 89 128 (14 -3072 492 ) (0 -3072 492 ) (0 -3072 297 ) (14 -3072 297 ) 
4 89 94 (0 -3072 297 ) (0 -3072 492 ) (0 -2266 492 ) (0 -2266 297 ) 
4 90 129 (64 -3072 275 ) (0 -3072 275 ) (0 -3072 79 ) (64 -3072 79 ) 
4 90 127 (491 -3072 79 ) (491 -3072 275 ) (64 -3072 275 ) (64 -3072 79 ) 
4 90 95 (0 -3072 79 ) (0 -3072 275 ) (0 -2266 275 ) (0 -2266 79 ) 
4 91 135 (0 -3072 507 ) (0 -3072 2558 ) (-66 -3072 2558 ) (-66 -3072 507 ) 
4 91 97 (-66 -2048 2558 ) (-66 -2048 507 ) (-66 -3072 507 ) (-66 -3072 2558 ) 
4 91 92 (-66 -2251 507 ) (-66 -2048 507 ) (0 -2048 507 ) (0 -2251 507 ) 
4 92 98 (-66 -2048 507 ) (-66 -2048 492 ) (-66 -2251 492 ) (-66 -2251 507 ) 
4 92 93 (-66 -2251 492 ) (-66 -2048 492 ) (0 -2048 492 ) (0 -2251 492 ) 
4 93 99 (-66 -2048 492 ) (-66 -2048 79 ) (-66 -2251 79 ) (-66 -2251 492 ) 
4 93 96 (-66 -2251 79 ) (-66 -2048 79 ) (0 -2048 79 ) (0 -2251 79 ) 
4 94 136 (0 -3072 297 ) (0 -3072 492 ) (-66 -3072 492 ) (-66 -3072 297 ) 
4 94 103 (-66 -2816 457 ) (-66 -2687 457 ) (-66 -2687 341 ) (-66 -2816 341 ) 
4 94 100 (-66 -2367 457 ) (-66 -2367 340 ) (-66 -2495 340 ) (-66 -2495 457 ) 
4 95 137 (0 -3072 79 ) (0 -3072 275 ) (-66 -3072 275 ) (-66 -3072 79 ) 
4 95 101 (-66 -2495 119 ) (-66 -2495 237 ) (-66 -2367 237 ) (-66 -2367 119 ) 
4 96 102 (-66 -2048 79 ) (-66 -2048 64 ) (-66 -2251 64 ) (-66 -2251 79 ) 
4 97 138 (-66 -3072 507 ) (-66 -3072 2558 ) (-81 -3072 2558 ) (-81 -3072 507 ) 
4 97 104 (-81 -3072 507 ) (-81 -3072 2558 ) (-81 -2048 2558 ) (-81 -2048 507 ) 
4 97 98 (-81 -2251 507 ) (-81 -2048 507 ) (-66 -2048 507 ) (-66 -2251 507 ) 
4 98 104 (-81 -2251 507 ) (-81 -2048 507 ) (-81 -2048 492 ) (-81 -2251 492 ) 
4 98 99 (-81 -2251 492 ) (-81 -2048 492 ) (-66 -2048 492 ) (-66 -2251 492 ) 
4 99 104 (-81 -2251 492 ) (-81 -2048 492 ) (-81 -2048 79 ) (-81 -2251 79 ) 
4 99 102 (-81 -2251 79 ) (-81 -2048 79 ) (-66 -2048 79 ) (-66 -2251 79 ) 
4 100 104 (-81 -2495 340 ) (-81 -2495 457 ) (-81 -2367 457 ) (-81 -2367 340 ) 
4 101 104 (-81 -2495 119 ) (-81 -2495 237 ) (-81 -2367 237 ) (-81 -2367 119 ) 
4 102 104 (-81 -2251 79 ) (-81 -2048 79 ) (-81 -2048 64 ) (-81 -2251 64 ) 
4 103 104 (-81 -2816 457 ) (-81 -2687 457 ) (-81 -2687 341 ) (-81 -2816 341 ) 
4 104 222 (-1024 -2993 767 ) (-1024 -2993 641 ) (-1024 -2994 641 ) (-1024 -2994 767 ) 
4 104 221 (-1024 -2879 493 ) (-1024 -2879 391 ) (-1024 -2993 391 ) (-1024 -2993 493 ) 
4 104 220 (-1024 -2879 767 ) (-1024 -2879 641 ) (-1024 -2993 641 ) (-1024 -2993 767 ) 
4 104 219 (-1024 -2689 393 ) (-1024 -2689 494 ) (-1024 -2559 494 ) (-1024 -2559 393 ) 
4 104 218 (-1024 -2562 641 ) (-1024 -2688 641 ) (-1024 -2688 766 ) (-1024 -2562 766 ) 
4 104 217 (-1024 -2239 835 ) (-1024 -2048 835 ) (-1024 -2048 64 ) (-1024 -2239 64 ) 
4 104 214 (-1024 -2239 850 ) (-1024 -2048 850 ) (-1024 -2048 835 ) (-1024 -2239 835 ) 
4 104 213 (-1024 -3072 850 ) (-1024 -3072 2558 ) (-1024 -2048 2558 ) (-1024 -2048 850 ) 
4 104 141 (-81 -3072 64 ) (-81 -3072 79 ) (-1024 -3072 79 ) (-1024 -3072 64 ) 
4 104 139 (-81 -3072 79 ) (-81 -3072 2558 ) (-1024 -3072 2558 ) (-1024 -3072 79 ) 
4 105 115 (307 -3072 579 ) (309 -3072 579 ) (309 -3096 579 ) (307 -3096 579 ) 
4 105 110 (309 -3072 579 ) (748.687012 -3072 579 ) (748.687012 -3096 579 ) (309 -3096 579 ) 
4 105 107 (310.228638 -3096 579 ) (748.687012 -3096 579 ) (748.687012 -3096 581 ) (308 -3096 581 ) 
4 105 106 (307 -3096 2558 ) (307 -3096 581 ) (748.687012 -3096 581 ) (748.687012 -3096 2558 ) 
4 105 109 (307 -3072 579 ) (307 -3096 579 ) (307 -3096 2558 ) (307 -3072 2558 ) 
4 106 107 (748.687012 -3168 581 ) (308 -3168 581 ) (308 -3096 581 ) (748.687012 -3096 581 ) 
4 106 109 (307 -3168 581 ) (307 -3168 2558 ) (307 -3096 2558 ) (307 -3096 581 ) 
4 106 108 (307 -3168 2558 ) (307 -3168 581 ) (748.687012 -3168 581 ) (748.687012 -3168 2558 ) 
4 107 113 (748.687012 -3166 579 ) (748.687012 -3168 579 ) (310.228638 -3168 579 ) (310.228638 -3166 579 ) 
4 107 112 (748.687012 -3098 579 ) (748.687012 -3166 579 ) (310.228638 -3166 579 ) (310.228638 -3098 579 ) 
4 107 111 (748.687012 -3096 579 ) (748.687012 -3098 579 ) (310.228638 -3098 579 ) (310.228638 -3096 579 ) 
4 107 108 (310.228638 -3168 579 ) (748.687012 -3168 579 ) (748.687012 -3168 581 ) (308 -3168 581 ) 
4 108 116 (309 -3801.739990 579 ) (307 -3801.739990 579 ) (307 -3168 579 ) (309 -3168 579 ) 
4 108 114 (748.687012 -3168 579 ) (748.687012 -3801.739990 579 ) (309 -3801.739990 579 ) (309 -3168 579 ) 
4 108 109 (307 -3168 579 ) (307 -3801.739990 579 ) (307 -3801.739990 2558 ) (307 -3168 2558 ) 
4 109 140 (0 -3801.739990 2558 ) (0 -3581 2558 ) (0 -3581 579 ) (0 -3801.739990 579 ) 
4 109 135 (0 -3581 2558 ) (0 -3072 2558 ) (0 -3072 579 ) (0 -3581 579 ) 
4 109 117 (0 -3801.739990 579 ) (0 -3072 579 ) (307 -3072 579 ) (307 -3801.739990 579 ) 
4 110 119 (309 -3096 509 ) (309 -3072 509 ) (506 -3072 509 ) (506 -3096 509 ) 
4 110 118 (506 -3072 509 ) (748.687012 -3072 509 ) (748.687012 -3096 509 ) (506 -3096 509 ) 
4 110 115 (309 -3072 509 ) (309 -3096 509 ) (309 -3096 579 ) (309 -3072 579 ) 
4 110 111 (388.229431 -3096 509 ) (748.687012 -3096 509 ) (748.687012 -3096 579 ) (310.228668 -3096 579 ) 
4 111 120 (388.229431 -3096 509 ) (506 -3096 509 ) (506 -3098 509 ) (388.229401 -3098 509 ) 
4 111 118 (506 -3096 509 ) (748.687012 -3096 509 ) (748.687012 -3098 509 ) (506 -3098 509 ) 
4 111 112 (388.229431 -3098 509 ) (748.687012 -3098 509 ) (748.687012 -3098 579 ) (310.228668 -3098 579 ) 
4 112 120 (388.229401 -3098 509 ) (506 -3098 509 ) (506 -3166 509 ) (388.229401 -3166 509 ) 
4 112 118 (506 -3098 509 ) (748.687012 -3098 509 ) (748.687012 -3166 509 ) (506 -3166 509 ) 
4 112 113 (388.229431 -3166 509 ) (748.687012 -3166 509 ) (748.687012 -3166 579 ) (310.228668 -3166 579 ) 
4 113 120 (388.229431 -3166 509 ) (506 -3166 509 ) (506 -3168 509 ) (388.229401 -3168 509 ) 
4 113 118 (506 -3166 509 ) (748.687012 -3166 509 ) (748.687012 -3168 509 ) (506 -3168 509 ) 
4 113 114 (388.229431 -3168 509 ) (748.687012 -3168 509 ) (748.687012 -3168 579 ) (310.228668 -3168 579 ) 
4 114 122 (309 -3801.739990 509 ) (309 -3168 509 ) (506 -3168 509 ) (506 -3801.739990 509 ) 
4 114 118 (506 -3168 509 ) (748.687012 -3168 509 ) (748.687012 -3801.739990 509 ) (506 -3801.739990 509 ) 
4 114 116 (309 -3168 509 ) (309 -3801.739990 509 ) (309 -3801.739990 579 ) (309 -3168 579 ) 
4 115 119 (307 -3072 509 ) (309 -3072 509 ) (309 -3096 509 ) (307 -3096 509 ) 
4 115 117 (307 -3072 509 ) (307 -3096 509 ) (307 -3096 579 ) (307 -3072 579 ) 
4 116 122 (309 -3168 509 ) (309 -3801.739990 509 ) (307 -3801.739990 509 ) (307 -3168 509 ) 
4 116 117 (307 -3168 509 ) (307 -3801.739990 509 ) (307 -3801.739990 579 ) (307 -3168 579 ) 
4 117 140 (0 -3801.739990 579 ) (0 -3581 579 ) (0 -3581 509 ) (0 -3801.739990 509 ) 
4 117 135 (0 -3581 579 ) (0 -3072 579 ) (0 -3072 509 ) (0 -3581 509 ) 
4 117 122 (0 -3801.739990 509 ) (0 -3168 509 ) (307 -3168 509 ) (307 -3801.739990 509 ) 
4 117 121 (0 -3168 509 ) (0 -3072 509 ) (307 -3072 509 ) (307 -3168 509 ) 
4 118 132 (748.687012 -3516 79 ) (748.687012 -3564 79 ) (506 -3564 79 ) (506 -3516 79 ) 
4 118 131 (506 -3072 79 ) (748.687012 -3072 79 ) (748.687012 -3516 79 ) (506 -3516 79 ) 
4 118 133 (748.687012 -3564 79 ) (748.687012 -3801.739990 79 ) (506 -3801.739990 79 ) (506 -3564 79 ) 
4 118 125 (506 -3581 79 ) (506 -3801.739990 79 ) (506 -3801.739990 492 ) (506 -3581 492 ) 
4 118 124 (506 -3516 79 ) (506 -3564 79 ) (506 -3564 187 ) (506 -3516 187 ) 
4 118 123 (506 -3801.739990 492 ) (506 -3801.739990 507 ) (506 -3581 507 ) (506 -3581 492 ) 
4 118 122 (506 -3801.739990 507 ) (506 -3801.739990 509 ) (506 -3168 509 ) (506 -3168 507 ) 
4 118 120 (506 -3168 509 ) (506 -3096 509 ) (506 -3096 507 ) (506 -3168 507 ) 
4 118 119 (506 -3096 509 ) (506 -3072 509 ) (506 -3072 507 ) (506 -3096 507 ) 
4 119 120 (390.458069 -3096 507 ) (506 -3096 507 ) (506 -3096 509 ) (388.229401 -3096 509 ) 
4 119 121 (307 -3072 507 ) (307 -3096 507 ) (307 -3096 509 ) (307 -3072 509 ) 
4 120 122 (390.458069 -3168 507 ) (506 -3168 507 ) (506 -3168 509 ) (388.229401 -3168 509 ) 
4 121 135 (0 -3168 509 ) (0 -3072 509 ) (0 -3072 507 ) (0 -3168 507 ) 
4 121 122 (0 -3168 507 ) (307 -3168 507 ) (307 -3168 509 ) (0 -3168 509 ) 
4 122 140 (0 -3801.739990 509 ) (0 -3581 509 ) (0 -3581 507 ) (0 -3801.739990 507 ) 
4 122 135 (0 -3581 509 ) (0 -3168 509 ) (0 -3168 507 ) (0 -3581 507 ) 
4 122 123 (506 -3581 507 ) (506 -3801.739990 507 ) (0 -3801.739990 507 ) (0 -3581 507 ) 
4 123 140 (0 -3801.739990 507 ) (0 -3581 507 ) (0 -3581 492 ) (0 -3801.739990 492 ) 
4 123 130 (0 -3801.739990 492 ) (0 -3581 492 ) (491 -3581 492 ) (491 -3801.739990 492 ) 
4 123 125 (491 -3581 492 ) (506 -3581 492 ) (506 -3801.739990 492 ) (491 -3801.739990 492 ) 
4 124 127 (491 -3516 79 ) (491 -3564 79 ) (491 -3564 187 ) (491 -3516 187 ) 
4 125 134 (506 -3581 79 ) (506 -3801.739990 79 ) (491 -3801.739990 79 ) (491 -3581 79 ) 
4 125 130 (491 -3581 79 ) (491 -3801.739990 79 ) (491 -3801.739990 492 ) (491 -3581 492 ) 
4 126 128 (64 -3566 297 ) (64 -3566 492 ) (64 -3072 492 ) (64 -3072 297 ) 
4 127 129 (64 -3072 79 ) (64 -3136 79 ) (64 -3422.807373 275 ) (64 -3072 275 ) 
4 128 136 (0 -3566 492 ) (0 -3072 492 ) (0 -3072 297 ) (0 -3566 297 ) 
4 128 129 (64 -3072 297 ) (64 -3455 297 ) (0 -3455 297 ) (0 -3072 297 ) 
4 129 137 (0 -3072 297 ) (0 -3072 79 ) (0 -3136 79 ) (0 -3455 297 ) 
4 130 140 (0 -3801.739990 492 ) (0 -3581 492 ) (0 -3581 79 ) (0 -3801.739990 79 ) 
4 130 134 (0 -3801.739990 79 ) (0 -3581 79 ) (491 -3581 79 ) (491 -3801.739990 79 ) 
4 131 132 (506 -3516 79 ) (540 -3516 64 ) (748.687012 -3516 64 ) (748.687012 -3516 79 ) 
4 132 133 (506 -3564 79 ) (540 -3564 64 ) (748.687012 -3564 64 ) (748.687012 -3564 79 ) 
4 133 134 (506 -3581 64 ) (506 -3801.739990 64 ) (506 -3801.739990 79 ) (506 -3581 79 ) 
4 134 142 (0 -3801.739990 79 ) (0 -3581 79 ) (0 -3581 64 ) (0 -3801.739990 64 ) 
4 135 140 (0 -3581 507 ) (0 -3581 2558 ) (-66 -3581 2558 ) (-66 -3581 507 ) 
4 135 138 (-66 -3072 2558 ) (-66 -3072 507 ) (-66 -3581 507 ) (-66 -3581 2558 ) 
4 136 137 (-66 -3455 297 ) (-66 -3072 297 ) (0 -3072 297 ) (0 -3455 297 ) 
4 138 140 (-66 -3581 507 ) (-66 -3581 2558 ) (-81 -3581 2558 ) (-81 -3581 507 ) 
4 138 139 (-81 -3581 507 ) (-81 -3581 2558 ) (-81 -3072 2558 ) (-81 -3072 507 ) 
4 139 366 (-1024 -3072 2558 ) (-1024 -3072 79 ) (-1024 -3581 79 ) (-1024 -3581 2558 ) 
4 139 141 (-1024 -3072 79 ) (-81 -3072 79 ) (-81 -3581 79 ) (-1024 -3581 79 ) 
4 139 140 (-1024 -3581 79 ) (-81 -3581 79 ) (-81 -3581 2558 ) (-1024 -3581 2558 ) 
4 140 366 (-1024 -3801.739990 2558 ) (-1024 -3581 2558 ) (-1024 -3581 79 ) (-1024 -3801.739990 79 ) 
4 140 142 (0 -3581 79 ) (0 -3801.739990 79 ) (-1024 -3801.739990 79 ) (-1024 -3581 79 ) 
4 141 366 (-1024 -3581 79 ) (-1024 -3072 79 ) (-1024 -3072 64 ) (-1024 -3581 64 ) 
4 141 142 (-1024 -3581 64 ) (-81 -3581 64 ) (-81 -3581 79 ) (-1024 -3581 79 ) 
4 142 366 (-1024 -3801.739990 79 ) (-1024 -3581 79 ) (-1024 -3581 64 ) (-1024 -3801.739990 64 ) 
4 143 149 (-1039 -1024 2558 ) (-2048 -1024 2558 ) (-2048 -1024 850 ) (-1039 -1024 850 ) 
4 143 145 (-1024 -1024 850 ) (-1024 -1024 2558 ) (-1039 -1024 2558 ) (-1039 -1024 850 ) 
4 143 144 (-2048 -243.264999 64 ) (-2048 -1024 64 ) (-2048 -1024 2558 ) (-2048 -243.264999 2558 ) 
4 144 196 (-3072 -1024 64 ) (-3072 -1024 1836 ) (-3072 -243.264999 1836 ) (-3072 -243.264999 64 ) 
4 144 194 (-3072 -245.032013 2411 ) (-3072 -243.264999 2411 ) (-3072 -243.264999 1836 ) (-3072 -245.032013 1836 ) 
4 144 195 (-3072 -1024 1836 ) (-3072 -1024 2411 ) (-3072 -245.032013 2411 ) (-3072 -245.032013 1836 ) 
4 144 193 (-3072 -1024 2411 ) (-3072 -1024 2413 ) (-3072 -243.264999 2413 ) (-3072 -243.264999 2411 ) 
4 144 192 (-3072 -1024 2413 ) (-3072 -1024 2558 ) (-3072 -243.264999 2558 ) (-3072 -243.264999 2413 ) 
4 144 189 (-2545 -1024 77 ) (-2545 -1024 193 ) (-2560 -1024 193 ) (-2560 -1024 77 ) 
4 144 191 (-3072 -1024 835 ) (-3072 -1024 64 ) (-2560 -1024 64 ) (-2560 -1024 835 ) 
4 144 177 (-2048 -1024 850 ) (-2048 -1024 2558 ) (-2560 -1024 2558 ) (-2560 -1024 850 ) 
4 144 179 (-3072 -1024 2558 ) (-3072 -1024 835 ) (-2560 -1024 835 ) (-2560 -1024 2558 ) 
4 145 154 (-1024 -1779 850 ) (-1024 -1779 2558 ) (-1039 -1779 2558 ) (-1039 -1779 850 ) 
4 145 149 (-1039 -1779 850 ) (-1039 -1779 2558 ) (-1039 -1024 2558 ) (-1039 -1024 850 ) 
3 146 150 (-1039 -1457.854004 605 ) (-1039 -1345.166138 770.395874 ) (-1039 -1193.026367 605 ) 
5 146 151 (-1039 -1472 394.143799 ) (-1039 -1472 584.237549 ) (-1039 -1469.436523 588 ) (-1039 -1177.388916 588 ) (-1039 -1097.900024 501.585052 ) 
4 146 148 (-1039 -1472 584.237549 ) (-1039 -1472 394.143799 ) (-1024 -1472 394.143799 ) (-1024 -1472 584.237549 ) 
4 147 153 (-1039 -1472 122 ) (-1039 -1472 214 ) (-1039 -1343 214 ) (-1039 -1343 87.030121 ) 
4 148 151 (-1039 -1622.052734 364 ) (-1039 -1472 584.237610 ) (-1039 -1472 394.143768 ) (-1039 -1576.957642 364 ) 
4 149 177 (-2048 -1024 2558 ) (-2048 -1024 850 ) (-2048 -1779 850 ) (-2048 -1779 2558 ) 
4 149 154 (-2048 -1779 2558 ) (-2048 -1779 850 ) (-1039 -1779 850 ) (-1039 -1779 2558 ) 
4 150 180 (-2048 -1779 605 ) (-2048 -1779 835 ) (-2048 -1039 835 ) (-2048 -1039 605 ) 
4 151 181 (-2048 -1039 364 ) (-2048 -1779 364 ) (-2048 -1779 588 ) (-2048 -1039 588 ) 
4 151 152 (-1354.822021 -1636.510986 364 ) (-1600.680054 -1370.010010 364 ) (-1365.090942 -1176.539063 364 ) (-1043.432007 -1479.968018 364 ) 
4 152 153 (-1365.090942 -1176.539063 345 ) (-1043.432007 -1479.968018 345 ) (-1354.822021 -1636.510986 345 ) (-1600.680054 -1370.010010 345 ) 
4 153 182 (-2048 -1039 77 ) (-2048 -1779 77 ) (-2048 -1779 345 ) (-2048 -1039 345 ) 
4 153 157 (-1904 -1779 77 ) (-1677 -1779 77 ) (-1677 -1779 278 ) (-1904 -1779 278 ) 
4 153 156 (-1277 -1779 114 ) (-1277 -1779 259 ) (-1409 -1779 259 ) (-1409 -1779 114 ) 
4 153 155 (-1296.036987 -1779 345 ) (-1340.326050 -1779 345 ) (-1326.980469 -1779 315.776093 ) (-1288.721924 -1779 339.117859 ) 
4 154 177 (-2048 -1794 850 ) (-2048 -1794 2558 ) (-2048 -1779 2558 ) (-2048 -1779 850 ) 
4 154 158 (-1024 -1794 850 ) (-1024 -1794 2558 ) (-2048 -1794 2558 ) (-2048 -1794 850 ) 
4 155 159 (-1341.239380 -1794 347 ) (-1326.980469 -1794 315.776031 ) (-1288.721924 -1794 339.117828 ) (-1298.524048 -1794 347 ) 
4 155 158 (-1307.561279 -1794 354.267059 ) (-1345.869995 -1794 357.139984 ) (-1341.239380 -1794 347 ) (-1298.524048 -1794 347 ) 
4 156 163 (-1277 -1794 114 ) (-1277 -1794 259 ) (-1409 -1794 259 ) (-1409 -1794 114 ) 
4 157 169 (-1902 -1794 77 ) (-1844 -1794 77 ) (-1844 -1794 278 ) (-1902 -1794 278 ) 
4 157 171 (-1904 -1794 77 ) (-1902 -1794 77 ) (-1902 -1794 278 ) (-1904 -1794 278 ) 
4 157 166 (-1726 -1794 77 ) (-1677 -1794 77 ) (-1677 -1794 278 ) (-1726 -1794 278 ) 
4 157 168 (-1844 -1794 77 ) (-1726 -1794 77 ) (-1726 -1794 278 ) (-1844 -1794 278 ) 
4 158 228 (-1731 -2048 835 ) (-1856 -2048 835 ) (-1856 -2048 347 ) (-1731 -2048 347 ) 
4 158 227 (-1677 -2048 835 ) (-1731 -2048 835 ) (-1731 -2048 347 ) (-1677 -2048 347 ) 
4 158 230 (-1856 -2048 835 ) (-2048 -2048 835 ) (-2048 -2048 347 ) (-1856 -2048 347 ) 
4 158 224 (-1663 -2048 835 ) (-1677 -2048 835 ) (-1677 -2048 347 ) (-1663 -2048 347 ) 
4 158 223 (-1039 -2048 835 ) (-1663 -2048 835 ) (-1663 -2048 347 ) (-1039 -2048 347 ) 
4 158 217 (-1024 -2048 347 ) (-1024 -2048 835 ) (-1039 -2048 835 ) (-1039 -2048 347 ) 
4 158 215 (-1641 -2048 850 ) (-2048 -2048 850 ) (-2048 -2048 835 ) (-1641 -2048 835 ) 
4 158 214 (-1024 -2048 835 ) (-1024 -2048 850 ) (-1641 -2048 850 ) (-1641 -2048 835 ) 
4 158 213 (-1024 -2048 850 ) (-1024 -2048 2558 ) (-2048 -2048 2558 ) (-2048 -2048 850 ) 
4 158 184 (-2048 -2048 347 ) (-2048 -2048 835 ) (-2048 -1973 835 ) (-2048 -1973 347 ) 
4 158 183 (-2048 -1973 835 ) (-2048 -1794 835 ) (-2048 -1794 347 ) (-2048 -1973 347 ) 
4 158 178 (-2048 -2048 835 ) (-2048 -2048 2558 ) (-2048 -1794 2558 ) (-2048 -1794 835 ) 
4 158 161 (-1663 -1890 347 ) (-1663 -1939 347 ) (-1677 -1939 347 ) (-1677 -1890 347 ) 
4 158 160 (-1677 -1794 347 ) (-1663 -1794 347 ) (-1663 -1795 347 ) (-1677 -1795 347 ) 
4 158 159 (-1663 -1794 347 ) (-1024 -1794 347 ) (-1024 -2048 347 ) (-1663 -2048 347 ) 
4 158 162 (-2048 -1794 347 ) (-1677 -1794 347 ) (-1677 -2048 347 ) (-2048 -2048 347 ) 
4 159 223 (-1039 -2048 347 ) (-1663 -2048 347 ) (-1663 -2048 293 ) (-1039 -2048 293 ) 
4 159 217 (-1024 -2048 293 ) (-1024 -2048 347 ) (-1039 -2048 347 ) (-1039 -2048 293 ) 
4 159 164 (-1024 -2048 293 ) (-1662 -2048 293 ) (-1662 -1921 293 ) (-1024 -1921 293 ) 
4 159 163 (-1662 -1794 293 ) (-1024 -1794 293 ) (-1024 -1921 293 ) (-1662 -1921 293 ) 
4 159 161 (-1663 -1890 293 ) (-1663 -1939 293 ) (-1663 -1939 347 ) (-1663 -1890 347 ) 
4 159 160 (-1663 -1794 293 ) (-1663 -1795 293 ) (-1663 -1795 347 ) (-1663 -1794 347 ) 
4 160 162 (-1677 -1794 293 ) (-1677 -1795 293 ) (-1677 -1795 347 ) (-1677 -1794 347 ) 
4 161 162 (-1677 -1890 293 ) (-1677 -1939 293 ) (-1677 -1939 347 ) (-1677 -1890 347 ) 
4 162 228 (-1731 -2048 347 ) (-1856 -2048 347 ) (-1856 -2048 293 ) (-1731 -2048 293 ) 
4 162 227 (-1677 -2048 347 ) (-1731 -2048 347 ) (-1731 -2048 293 ) (-1677 -2048 293 ) 
4 162 230 (-1856 -2048 347 ) (-2048 -2048 347 ) (-2048 -2048 293 ) (-1856 -2048 293 ) 
4 162 184 (-2048 -2048 293 ) (-2048 -2048 347 ) (-2048 -1973 347 ) (-2048 -1973 293 ) 
4 162 183 (-2048 -1973 347 ) (-2048 -1794 347 ) (-2048 -1794 293 ) (-2048 -1973 293 ) 
4 162 174 (-1919 -2048 293 ) (-2048 -2048 293 ) (-2048 -1973 293 ) (-1919 -1973 293 ) 
4 162 173 (-2048 -1973 293 ) (-2048 -1794 293 ) (-1919 -1794 293 ) (-1919 -1973 293 ) 
4 163 175 (-1024 -1794 77 ) (-1024 -1921 77 ) (-1662 -1921 77 ) (-1662 -1794 77 ) 
4 163 164 (-1662 -1921 77 ) (-1024 -1921 77 ) (-1024 -1921 293 ) (-1662 -1921 293 ) 
4 164 233 (-1039 -2048 293 ) (-1662 -2048 293 ) (-1662 -2048 77 ) (-1039 -2048 77 ) 
4 164 217 (-1024 -2048 77 ) (-1024 -2048 293 ) (-1039 -2048 293 ) (-1039 -2048 77 ) 
4 164 175 (-1024 -1921 77 ) (-1024 -2048 77 ) (-1662 -2048 77 ) (-1662 -1921 77 ) 
4 164 165 (-1662 -1921 241 ) (-1662 -1921 121 ) (-1662 -2048 119.824493 ) (-1662 -2048 241 ) 
4 165 234 (-1677 -2048 241 ) (-1677 -2048 119.824493 ) (-1662 -2048 119.824493 ) (-1662 -2048 241 ) 
4 165 167 (-1677 -1921 241 ) (-1677 -1921 121 ) (-1677 -2048 119.824493 ) (-1677 -2048 241 ) 
4 166 167 (-1726 -1916 278 ) (-1726 -1916 77.510178 ) (-1677 -1916 114 ) (-1677 -1916 278 ) 
4 166 168 (-1726 -1916 278 ) (-1726 -1794 278 ) (-1726 -1794 77 ) (-1726 -1916 77 ) 
4 167 235 (-1677 -2048 114 ) (-1677 -2048 278 ) (-1726 -2048 278 ) (-1726 -2048 77.510178 ) 
4 167 168 (-1726 -2048 278 ) (-1726 -1916 278 ) (-1726 -1916 77.510178 ) (-1726 -2048 77.510178 ) 
4 168 237 (-1844 -2048 77 ) (-1726 -2048 77 ) (-1726 -2048 278 ) (-1844 -2048 278 ) 
4 168 170 (-1844 -2048 278 ) (-1844 -1979 278 ) (-1844 -1979 124 ) (-1844 -2048 124 ) 
4 168 169 (-1844 -1979 278 ) (-1844 -1794 278 ) (-1844 -1794 77 ) (-1844 -1979 77 ) 
4 169 170 (-1902 -1979 278 ) (-1902 -1979 124 ) (-1844 -1979 124 ) (-1844 -1979 278 ) 
4 169 171 (-1902 -1979 278 ) (-1902 -1794 278 ) (-1902 -1794 77 ) (-1902 -1979 77 ) 
4 170 238 (-1844 -2048 124 ) (-1844 -2048 278 ) (-1902 -2048 278 ) (-1902 -2048 124 ) 
4 170 171 (-1902 -2048 278 ) (-1902 -1979 278 ) (-1902 -1979 124 ) (-1902 -2048 124 ) 
4 171 240 (-1904 -2048 278 ) (-1904 -2048 77 ) (-1902 -2048 77 ) (-1902 -2048 278 ) 
4 171 172 (-1904 -2048 121 ) (-1904 -2048 258 ) (-1904 -1921 258 ) (-1904 -1921 121 ) 
4 172 241 (-1919 -2048 258 ) (-1919 -2048 121 ) (-1904 -2048 121 ) (-1904 -2048 258 ) 
4 172 174 (-1919 -2048 155 ) (-1919 -2048 258 ) (-1919 -1973 258 ) (-1919 -1973 155 ) 
4 172 173 (-1919 -1921 258 ) (-1919 -1921 121 ) (-1919 -1973 121 ) (-1919 -1973 258 ) 
4 173 183 (-2048 -1794 77 ) (-2048 -1973 77 ) (-2048 -1973 293 ) (-2048 -1794 293 ) 
4 173 176 (-2048 -1973 77 ) (-2048 -1794 77 ) (-1919 -1794 77 ) (-1919 -1973 77 ) 
4 173 174 (-1919 -1973 155 ) (-1919 -1973 293 ) (-2048 -1973 293 ) (-2048 -1973 155 ) 
4 174 242 (-1919 -2048 293 ) (-2048 -2048 293 ) (-2048 -2048 155 ) (-1919 -2048 155 ) 
4 174 184 (-2048 -2048 155 ) (-2048 -2048 293 ) (-2048 -1973 293 ) (-2048 -1973 155 ) 
4 175 247 (-1039 -2048 77 ) (-1662 -2048 77 ) (-1662 -2048 64 ) (-1039 -2048 64 ) 
4 175 217 (-1024 -2048 64 ) (-1024 -2048 77 ) (-1039 -2048 77 ) (-1039 -2048 64 ) 
4 176 183 (-2048 -1794 64 ) (-2048 -1973 64 ) (-2048 -1973 77 ) (-2048 -1794 77 ) 
4 177 178 (-2560 -1794 2558 ) (-2560 -1794 850 ) (-2048 -1794 850 ) (-2048 -1794 2558 ) 
4 177 179 (-2560 -1794 850 ) (-2560 -1794 2558 ) (-2560 -1024 2558 ) (-2560 -1024 850 ) 
4 178 309 (-2048 -2048 835 ) (-2048 -2048 850 ) (-2560 -2048 850 ) (-2560 -2048 835 ) 
4 178 308 (-2048 -2048 850 ) (-2048 -2048 2558 ) (-2560 -2048 2558 ) (-2560 -2048 850 ) 
4 178 190 (-2545 -2048 835 ) (-2560 -2048 835 ) (-2560 -1794 835 ) (-2545 -1794 835 ) 
4 178 187 (-2056 -2048 835 ) (-2137 -2048 835 ) (-2137 -1976 835 ) (-2056 -1976 835 ) 
4 178 186 (-2137 -1976 835 ) (-2137 -1794 835 ) (-2056 -1794 835 ) (-2056 -1976 835 ) 
4 178 188 (-2137 -2048 835 ) (-2545 -2048 835 ) (-2545 -1794 835 ) (-2137 -1794 835 ) 
4 178 184 (-2048 -1973 835 ) (-2048 -2048 835 ) (-2053 -2048 835 ) (-2053 -1973 835 ) 
4 178 183 (-2048 -1794 835 ) (-2048 -1973 835 ) (-2053 -1973 835 ) (-2053 -1794 835 ) 
4 178 185 (-2053 -2048 835 ) (-2056 -2048 835 ) (-2056 -1794 835 ) (-2053 -1794 835 ) 
4 178 179 (-2560 -1794 835 ) (-2560 -2048 835 ) (-2560 -2048 2558 ) (-2560 -1794 2558 ) 
4 179 310 (-3072 -2048 850 ) (-3072 -2048 835 ) (-2560 -2048 835 ) (-2560 -2048 850 ) 
4 179 308 (-2560 -2048 2558 ) (-3072 -2048 2558 ) (-3072 -2048 850 ) (-2560 -2048 850 ) 
4 179 204 (-3072 -2048 835 ) (-3072 -2048 1836 ) (-3072 -1024 1836 ) (-3072 -1024 835 ) 
4 179 203 (-3072 -2048 1836 ) (-3072 -2048 2413 ) (-3072 -1073 2413 ) (-3072 -1073 1836 ) 
4 179 199 (-3072 -1073 2413 ) (-3072 -1024 2413 ) (-3072 -1024 1836 ) (-3072 -1073 1836 ) 
4 179 198 (-3072 -2048 2413 ) (-3072 -2048 2558 ) (-3072 -1024 2558 ) (-3072 -1024 2413 ) 
4 179 191 (-3072 -2048 835 ) (-3072 -1024 835 ) (-2560 -1024 835 ) (-2560 -2048 835 ) 
4 182 189 (-2545 -1212 193 ) (-2545 -1039 193 ) (-2545 -1039 77 ) (-2545 -1212 77 ) 
4 183 184 (-2053 -1973 835 ) (-2053 -1973 155 ) (-2048 -1973 155 ) (-2048 -1973 835 ) 
4 183 185 (-2053 -1794 835 ) (-2053 -1794 64 ) (-2053 -1973 64 ) (-2053 -1973 835 ) 
4 184 311 (-2048 -2048 155 ) (-2048 -2048 835 ) (-2053 -2048 835 ) (-2053 -2048 155 ) 
4 184 185 (-2053 -2048 155 ) (-2053 -2048 835 ) (-2053 -1973 835 ) (-2053 -1973 155 ) 
4 185 313 (-2053 -2048 835 ) (-2056 -2048 835 ) (-2056 -2048 64 ) (-2053 -2048 64 ) 
4 185 187 (-2056 -2048 115 ) (-2056 -2048 835 ) (-2056 -1976 835 ) (-2056 -1976 115 ) 
4 185 186 (-2056 -1794 835 ) (-2056 -1794 64 ) (-2056 -1976 64 ) (-2056 -1976 835 ) 
4 186 187 (-2137 -1976 835 ) (-2137 -1976 115 ) (-2056 -1976 115 ) (-2056 -1976 835 ) 
4 186 188 (-2137 -1794 835 ) (-2137 -1794 64 ) (-2137 -1976 64 ) (-2137 -1976 835 ) 
4 187 314 (-2056 -2048 835 ) (-2137 -2048 835 ) (-2137 -2048 115 ) (-2056 -2048 115 ) 
4 187 188 (-2137 -2048 115 ) (-2137 -2048 835 ) (-2137 -1976 835 ) (-2137 -1976 115 ) 
4 188 316 (-2137 -2048 835 ) (-2545 -2048 835 ) (-2545 -2048 64 ) (-2137 -2048 64 ) 
4 188 190 (-2545 -1794 64 ) (-2545 -2048 64 ) (-2545 -2048 835 ) (-2545 -1794 835 ) 
4 189 191 (-2560 -1212 193 ) (-2560 -1024 193 ) (-2560 -1024 77 ) (-2560 -1212 77 ) 
4 190 364 (-2560 -2048 77 ) (-2560 -2048 64 ) (-2545 -2048 64 ) (-2545 -2048 77 ) 
4 190 362 (-2545 -2048 835 ) (-2560 -2048 835 ) (-2560 -2048 77 ) (-2545 -2048 77 ) 
4 190 191 (-2560 -1794 64 ) (-2560 -2048 64 ) (-2560 -2048 835 ) (-2560 -1794 835 ) 
4 191 365 (-3072 -2048 77 ) (-3072 -2048 64 ) (-2560 -2048 64 ) (-2560 -2048 77 ) 
4 191 363 (-2560 -2048 835 ) (-3072 -2048 835 ) (-3072 -2048 77 ) (-2560 -2048 77 ) 
4 191 206 (-3072 -2048 64 ) (-3072 -2048 372 ) (-3072 -1024 372 ) (-3072 -1024 64 ) 
4 191 204 (-3072 -2048 372 ) (-3072 -2048 835 ) (-3072 -1024 835 ) (-3072 -1024 372 ) 
4 192 198 (-3072 -1024 2413 ) (-3072 -1024 2558 ) (-3281.690186 -1024 2558 ) (-3281.690186 -1024 2413 ) 
4 192 193 (-3072 -1024 2413 ) (-3281 -1024 2413 ) (-3281 -243.264999 2413 ) (-3072 -243.264999 2413 ) 
4 193 199 (-3072 -1024 2411 ) (-3072 -1024 2413 ) (-3281 -1024 2413 ) (-3281 -1024 2411 ) 
4 193 194 (-3072 -243.264999 2411 ) (-3072 -245.032013 2411 ) (-3281 -245.032013 2411 ) (-3281 -243.264999 2411 ) 
4 193 195 (-3072 -245.032013 2411 ) (-3072 -1024 2411 ) (-3281 -1024 2411 ) (-3281 -245.032013 2411 ) 
4 194 196 (-3072 -243.264999 1836 ) (-3072 -245.032013 1836 ) (-3281 -245.032013 1836 ) (-3281 -243.264999 1836 ) 
4 194 195 (-3281 -245.032013 1836 ) (-3072 -245.032013 1836 ) (-3072 -245.032013 2411 ) (-3281 -245.032013 2411 ) 
4 195 208 (-4096 -1024 1836 ) (-4096 -1024 1838 ) (-4096 -245.032013 1838 ) (-4096 -245.032013 1836 ) 
4 195 207 (-4096 -1024 1838 ) (-4096 -1024 2411 ) (-4096 -245.032013 2411 ) (-4096 -245.032013 1838 ) 
4 195 202 (-3282 -1024 2411 ) (-4096 -1024 2411 ) (-4096 -1024 1836 ) (-3282 -1024 1836 ) 
4 195 200 (-3281 -1024 2411 ) (-3282 -1024 2411 ) (-3282 -1024 1836 ) (-3281 -1024 1836 ) 
4 195 199 (-3072 -1024 1836 ) (-3072 -1024 2411 ) (-3281 -1024 2411 ) (-3281 -1024 1836 ) 
4 195 197 (-4096 -1024 1836 ) (-4096 -245.032013 1836 ) (-3304 -245.032013 1836 ) (-3304 -1024 1836 ) 
4 195 196 (-3281.690186 -245.032013 1836 ) (-3072 -245.032013 1836 ) (-3072 -1024 1836 ) (-3281.690186 -1024 1836 ) 
4 196 206 (-3072 -1024 64 ) (-3072 -1024 372 ) (-3281.690186 -1024 372 ) (-3281.690186 -1024 64 ) 
4 196 204 (-3072 -1024 372 ) (-3072 -1024 1836 ) (-3281.690186 -1024 1836 ) (-3281.690186 -1024 372 ) 
4 197 209 (-4096 -1024 372 ) (-4096 -1024 1836 ) (-4096 -37 1836 ) (-4096 -37 372 ) 
4 197 205 (-3304 -1024 1836 ) (-4096 -1024 1836 ) (-4096 -1024 372 ) (-3304 -1024 372 ) 
4 198 368 (-3072 -2048 2413 ) (-3072 -2048 2558 ) (-3281.690186 -2048 2558 ) (-3281.690186 -2048 2413 ) 
4 198 203 (-3072 -1073 2413 ) (-3072 -2048 2413 ) (-3281.690186 -2048 2413 ) (-3281.690186 -1073 2413 ) 
4 198 199 (-3072 -1024 2413 ) (-3072 -1073 2413 ) (-3281 -1073 2413 ) (-3281 -1024 2413 ) 
4 199 204 (-3281 -1024 1836 ) (-3072 -1024 1836 ) (-3072 -1073 1836 ) (-3281 -1073 1836 ) 
4 199 203 (-3281 -1073 1836 ) (-3072 -1073 1836 ) (-3072 -1073 2413 ) (-3281 -1073 2413 ) 
4 199 201 (-3281 -1072 1836 ) (-3281 -1073 1836 ) (-3281 -1073 2411 ) (-3281 -1072 2411 ) 
4 199 200 (-3281 -1024 1836 ) (-3281 -1072 1836 ) (-3281 -1072 2411 ) (-3281 -1024 2411 ) 
4 200 204 (-3281.690186 -1024 1836 ) (-3281 -1024 1836 ) (-3281 -1072 1836 ) (-3281.690186 -1072 1836 ) 
4 200 202 (-3282 -1024 1836 ) (-3282 -1070.969971 1836 ) (-3282 -1070.969971 2411 ) (-3282 -1024 2411 ) 
4 200 201 (-3281.690186 -1072 1836 ) (-3281 -1072 1836 ) (-3281 -1072 2411 ) (-3281.690186 -1072 2411 ) 
4 201 204 (-3281 -1072 1836 ) (-3281 -1073 1836 ) (-3281.690186 -1073 1836 ) (-3281.690186 -1072 1836 ) 
4 201 203 (-3281.690186 -1073 1836 ) (-3281 -1073 1836 ) (-3281 -1073 2411 ) (-3281.690186 -1073 2411 ) 
4 202 211 (-4096 -1024 1838 ) (-4096 -1024 1836 ) (-4096 -1070.969971 1836 ) (-4096 -1070.969971 1838 ) 
4 202 210 (-4096 -1024 2411 ) (-4096 -1024 1838 ) (-4096 -1070.969971 1838 ) (-4096 -1070.969971 2411 ) 
4 202 205 (-4096 -1070.969971 1836 ) (-4096 -1024 1836 ) (-3304 -1024 1836 ) (-3304 -1070.969971 1836 ) 
4 203 368 (-3072 -2048 1836 ) (-3072 -2048 2413 ) (-3281.690186 -2048 2413 ) (-3281.690186 -2048 1836 ) 
4 203 204 (-3072 -2048 1836 ) (-3281.690186 -2048 1836 ) (-3281.690186 -1073 1836 ) (-3072 -1073 1836 ) 
4 204 369 (-3072 -2048 372 ) (-3072 -2048 1836 ) (-3281.690186 -2048 1836 ) (-3281.690186 -2048 372 ) 
4 204 206 (-3072 -1024 372 ) (-3072 -2048 372 ) (-3281.690186 -2048 372 ) (-3281.690186 -1024 372 ) 
4 205 212 (-4096 -1610 1836 ) (-4096 -1024 1836 ) (-4096 -1024 372 ) (-4096 -1610 372 ) 
4 206 369 (-3072 -2048 64 ) (-3072 -2048 372 ) (-3281.690186 -2048 372 ) (-3281.690186 -2048 64 ) 
4 207 210 (-4096 -1024 1838 ) (-4096 -1024 2411 ) (-4608.620117 -1024 2411 ) (-4608.620117 -1024 1838 ) 
4 207 208 (-4096 -245.032013 1838 ) (-4096 -1024 1838 ) (-4608 -1024 1838 ) (-4608 -245.032013 1838 ) 
4 208 211 (-4096 -1024 1836 ) (-4096 -1024 1838 ) (-4608 -1024 1838 ) (-4608 -1024 1836 ) 
4 208 209 (-4096 -1024 1836 ) (-4608 -1024 1836 ) (-4608 -245 1836 ) (-4096 -245 1836 ) 
4 209 212 (-4096 -1024 372 ) (-4096 -1024 1836 ) (-4936 -1024 1836 ) (-4936 -1024 372 ) 
4 210 211 (-4608 -1024 1838 ) (-4096 -1024 1838 ) (-4096 -1070.969971 1838 ) (-4608 -1070.969971 1838 ) 
4 211 212 (-4608 -1024 1836 ) (-4096 -1024 1836 ) (-4096 -1070.969971 1836 ) (-4608 -1070.969971 1836 ) 
4 213 366 (-1024 -3072 850 ) (-1024 -3072 2558 ) (-2048 -3072 2558 ) (-2048 -3072 850 ) 
4 213 308 (-2048 -2048 2558 ) (-2048 -2048 850 ) (-2048 -3072 850 ) (-2048 -3072 2558 ) 
4 213 216 (-1777 -2563 850 ) (-1641 -2563 850 ) (-1641 -2749 850 ) (-1777 -2749 850 ) 
4 213 215 (-2048 -2239 850 ) (-2048 -2048 850 ) (-1641 -2048 850 ) (-1641 -2239 850 ) 
4 213 214 (-1641 -2048 850 ) (-1024 -2048 850 ) (-1024 -2239 850 ) (-1641 -2239 850 ) 
4 214 223 (-1641 -2239 835 ) (-1641 -2048 835 ) (-1039 -2048 835 ) (-1039 -2239 835 ) 
4 214 217 (-1039 -2048 835 ) (-1024 -2048 835 ) (-1024 -2239 835 ) (-1039 -2239 835 ) 
4 214 215 (-1641 -2048 835 ) (-1641 -2239 835 ) (-1641 -2239 850 ) (-1641 -2048 850 ) 
4 215 309 (-2048 -2048 850 ) (-2048 -2048 835 ) (-2048 -2239 835 ) (-2048 -2239 850 ) 
4 215 229 (-1731 -2151 835 ) (-1731 -2239 835 ) (-1856 -2239 835 ) (-1856 -2151 835 ) 
4 215 228 (-1856 -2048 835 ) (-1731 -2048 835 ) (-1731 -2151 835 ) (-1856 -2151 835 ) 
4 215 227 (-1731 -2048 835 ) (-1677 -2048 835 ) (-1677 -2239 835 ) (-1731 -2239 835 ) 
4 215 230 (-2048 -2239 835 ) (-2048 -2048 835 ) (-1856 -2048 835 ) (-1856 -2239 835 ) 
4 215 224 (-1677 -2048 835 ) (-1663 -2048 835 ) (-1663 -2239 835 ) (-1677 -2239 835 ) 
4 215 223 (-1663 -2048 835 ) (-1641 -2048 835 ) (-1641 -2239 835 ) (-1663 -2239 835 ) 
4 216 297 (-1641 -2729 835 ) (-1641 -2749 835 ) (-1777 -2749 835 ) (-1777 -2729 835 ) 
4 216 295 (-1641 -2615 835 ) (-1641 -2729 835 ) (-1765 -2729 835 ) (-1765 -2615 835 ) 
4 216 296 (-1765 -2729 835 ) (-1777 -2729 835 ) (-1777 -2615 835 ) (-1765 -2615 835 ) 
4 216 290 (-1755 -2563 835 ) (-1641 -2563 835 ) (-1641 -2614 835 ) (-1755 -2614 835 ) 
4 216 292 (-1641 -2614 835 ) (-1641 -2615 835 ) (-1755 -2615 835 ) (-1755 -2614 835 ) 
4 216 293 (-1777 -2563 835 ) (-1755 -2563 835 ) (-1755 -2615 835 ) (-1777 -2615 835 ) 
4 217 247 (-1039 -2048 77 ) (-1039 -2048 64 ) (-1039 -2239 64 ) (-1039 -2239 77 ) 
4 217 233 (-1039 -2048 293 ) (-1039 -2048 77 ) (-1039 -2239 77 ) (-1039 -2239 293 ) 
4 217 223 (-1039 -2239 835 ) (-1039 -2048 835 ) (-1039 -2048 293 ) (-1039 -2239 293 ) 
4 218 271 (-1039 -2654 641 ) (-1039 -2688 641 ) (-1039 -2688 766 ) (-1039 -2654 766 ) 
4 218 249 (-1039 -2562 641 ) (-1039 -2654 641 ) (-1039 -2654 766 ) (-1039 -2562 766 ) 
4 219 300 (-1039 -2689 393 ) (-1039 -2689 494 ) (-1039 -2559 494 ) (-1039 -2559 393 ) 
4 220 297 (-1039 -2879 767 ) (-1039 -2879 641 ) (-1039 -2993 641 ) (-1039 -2993 767 ) 
4 220 222 (-1039 -2993 767 ) (-1039 -2993 641 ) (-1024 -2993 641 ) (-1024 -2993 767 ) 
4 221 303 (-1039 -2882 391 ) (-1039 -2993 391 ) (-1039 -2993 493 ) (-1039 -2882 493 ) 
4 221 300 (-1039 -2879 493 ) (-1039 -2879 391 ) (-1039 -2882 391 ) (-1039 -2882 493 ) 
4 222 297 (-1039 -2993 767 ) (-1039 -2993 641 ) (-1039 -2994 641 ) (-1039 -2994 767 ) 
4 223 233 (-1662 -2048 293 ) (-1039 -2048 293 ) (-1039 -2239 293 ) (-1662 -2239 293 ) 
4 223 231 (-1422.110352 -2239 516.436279 ) (-1399.409912 -2239 473.557251 ) (-1398.458252 -2239 532.557129 ) (-1416.940308 -2239 542.285217 ) 
4 223 226 (-1663 -2238 293 ) (-1663 -2239 293 ) (-1663 -2239 347 ) (-1663 -2238 347 ) 
4 223 225 (-1663 -2091 293 ) (-1663 -2131 293 ) (-1663 -2131 347 ) (-1663 -2091 347 ) 
4 223 224 (-1663 -2239 347 ) (-1663 -2239 835 ) (-1663 -2048 835 ) (-1663 -2048 347 ) 
4 224 227 (-1677 -2239 347 ) (-1677 -2239 835 ) (-1677 -2048 835 ) (-1677 -2048 347 ) 
4 224 226 (-1677 -2239 347 ) (-1677 -2238 347 ) (-1663 -2238 347 ) (-1663 -2239 347 ) 
4 224 225 (-1677 -2131 347 ) (-1677 -2091 347 ) (-1663 -2091 347 ) (-1663 -2131 347 ) 
4 225 227 (-1677 -2091 293 ) (-1677 -2131 293 ) (-1677 -2131 347 ) (-1677 -2091 347 ) 
4 226 227 (-1677 -2238 293 ) (-1677 -2239 293 ) (-1677 -2239 347 ) (-1677 -2238 347 ) 
4 227 232 (-1728 -2239 388 ) (-1728 -2239 485 ) (-1731 -2239 485 ) (-1731 -2239 388 ) 
4 227 229 (-1731 -2239 343 ) (-1731 -2239 835 ) (-1731 -2151 835 ) (-1731 -2151 343 ) 
4 227 228 (-1731 -2048 293 ) (-1731 -2151 293 ) (-1731 -2151 835 ) (-1731 -2048 835 ) 
4 228 229 (-1856 -2151 835 ) (-1856 -2151 343 ) (-1731 -2151 343 ) (-1731 -2151 835 ) 
4 228 230 (-1856 -2048 293 ) (-1856 -2151 293 ) (-1856 -2151 835 ) (-1856 -2048 835 ) 
4 229 232 (-1731 -2239 388 ) (-1731 -2239 485 ) (-1853 -2239 485 ) (-1853 -2239 388 ) 
4 229 230 (-1856 -2239 343 ) (-1856 -2239 835 ) (-1856 -2151 835 ) (-1856 -2151 343 ) 
4 230 311 (-2048 -2048 835 ) (-2048 -2048 293 ) (-2048 -2104 293 ) (-2048 -2104 835 ) 
4 230 312 (-2048 -2104 293 ) (-2048 -2239 293 ) (-2048 -2239 835 ) (-2048 -2104 835 ) 
4 230 244 (-1919 -2175 293 ) (-1919 -2239 293 ) (-1984 -2239 293 ) (-1984 -2175 293 ) 
4 230 243 (-1984 -2104 293 ) (-1919 -2104 293 ) (-1919 -2175 293 ) (-1984 -2175 293 ) 
4 230 245 (-2048 -2239 293 ) (-2048 -2104 293 ) (-1984 -2104 293 ) (-1984 -2239 293 ) 
4 230 242 (-2048 -2104 293 ) (-2048 -2048 293 ) (-1919 -2048 293 ) (-1919 -2104 293 ) 
4 231 300 (-1422.110352 -2254 516.436279 ) (-1399.409912 -2254 473.557251 ) (-1398.458252 -2254 532.557129 ) (-1416.940308 -2254 542.285217 ) 
4 232 301 (-1732 -2254 389 ) (-1732 -2254 485 ) (-1850 -2254 485 ) (-1850 -2254 389 ) 
4 232 300 (-1732 -2254 388 ) (-1728 -2254 388 ) (-1728 -2254 485 ) (-1732 -2254 485 ) 
4 232 302 (-1853 -2254 485 ) (-1853 -2254 388 ) (-1850 -2254 388 ) (-1850 -2254 485 ) 
4 233 247 (-1662 -2239 77 ) (-1662 -2048 77 ) (-1039 -2048 77 ) (-1039 -2239 77 ) 
4 233 234 (-1662 -2089 119.445000 ) (-1662 -2089 241 ) (-1662 -2048 241 ) (-1662 -2048 119.824493 ) 
4 234 235 (-1677 -2089 119.445000 ) (-1677 -2089 241 ) (-1677 -2048 241 ) (-1677 -2048 119.824493 ) 
4 235 236 (-1726 -2089 278 ) (-1726 -2089 77.510178 ) (-1677 -2089 114 ) (-1677 -2089 278 ) 
4 235 237 (-1726 -2089 77.510178 ) (-1726 -2089 278 ) (-1726 -2048 278 ) (-1726 -2048 77.510178 ) 
4 236 307 (-1726 -2254 77 ) (-1677 -2254 77 ) (-1677 -2254 278 ) (-1726 -2254 278 ) 
4 236 237 (-1726 -2089 77 ) (-1726 -2254 77 ) (-1726 -2254 278 ) (-1726 -2089 278 ) 
4 237 307 (-1844 -2254 77 ) (-1726 -2254 77 ) (-1726 -2254 278 ) (-1844 -2254 278 ) 
4 237 238 (-1844 -2112 124 ) (-1844 -2112 278 ) (-1844 -2048 278 ) (-1844 -2048 124 ) 
4 237 239 (-1844 -2112 77 ) (-1844 -2254 77 ) (-1844 -2254 278 ) (-1844 -2112 278 ) 
4 238 239 (-1902 -2112 278 ) (-1902 -2112 124 ) (-1844 -2112 124 ) (-1844 -2112 278 ) 
4 238 240 (-1902 -2112 124 ) (-1902 -2112 278 ) (-1902 -2048 278 ) (-1902 -2048 124 ) 
4 239 307 (-1902 -2254 77 ) (-1844 -2254 77 ) (-1844 -2254 278 ) (-1902 -2254 278 ) 
4 239 240 (-1902 -2112 77 ) (-1902 -2254 77 ) (-1902 -2254 278 ) (-1902 -2112 278 ) 
4 240 307 (-1904 -2254 278 ) (-1904 -2254 77 ) (-1902 -2254 77 ) (-1902 -2254 278 ) 
4 240 241 (-1904 -2089 121 ) (-1904 -2089 258 ) (-1904 -2048 258 ) (-1904 -2048 121 ) 
4 241 242 (-1919 -2089 155 ) (-1919 -2089 258 ) (-1919 -2048 258 ) (-1919 -2048 155 ) 
4 242 311 (-2048 -2048 293 ) (-2048 -2048 155 ) (-2048 -2104 155 ) (-2048 -2104 293 ) 
4 242 246 (-2047 -2104 198 ) (-2048 -2104 198 ) (-2048 -2104 155 ) (-2047 -2104 155 ) 
4 242 243 (-1919 -2104 198 ) (-1919 -2104 293 ) (-1984 -2104 293 ) (-1984 -2104 198 ) 
4 242 245 (-1984 -2104 293 ) (-2048 -2104 293 ) (-2048 -2104 198 ) (-1984 -2104 198 ) 
4 243 244 (-1984 -2175 293 ) (-1984 -2175 252 ) (-1919 -2175 252 ) (-1919 -2175 293 ) 
4 243 245 (-1984 -2104 293 ) (-1984 -2104 198 ) (-1984 -2175 198 ) (-1984 -2175 293 ) 
4 244 245 (-1984 -2239 252 ) (-1984 -2239 293 ) (-1984 -2175 293 ) (-1984 -2175 252 ) 
4 245 312 (-2048 -2239 198 ) (-2048 -2239 293 ) (-2048 -2104 293 ) (-2048 -2104 198 ) 
4 245 246 (-2047 -2239 198 ) (-2048 -2239 198 ) (-2048 -2104 198 ) (-2047 -2104 198 ) 
4 246 312 (-2048 -2104 77 ) (-2048 -2239 77 ) (-2048 -2239 198 ) (-2048 -2104 198 ) 
4 246 248 (-2048 -2239 77 ) (-2048 -2104 77 ) (-2047 -2104 77 ) (-2047 -2239 77 ) 
4 248 312 (-2048 -2104 64 ) (-2048 -2239 64 ) (-2048 -2239 77 ) (-2048 -2104 77 ) 
3 249 299 (-1424 -2473.476318 605 ) (-1424 -2418.001709 605 ) (-1395.768188 -2444.748047 605 ) 
4 249 298 (-1395.941406 -2444.583984 605 ) (-1424 -2418.001709 605 ) (-1424 -2380.804199 605 ) (-1374.928589 -2387.135742 605 ) 
4 249 271 (-1424 -2654 605 ) (-1039 -2654 605 ) (-1039 -2654 835 ) (-1424 -2654 835 ) 
4 249 251 (-1424 -2641 605 ) (-1424 -2654 605 ) (-1424 -2654 796 ) (-1424 -2641 796 ) 
4 249 250 (-1424 -2254 835 ) (-1424 -2254 605 ) (-1424 -2641 605 ) (-1424 -2641 835 ) 
5 250 299 (-1424 -2418.001709 605 ) (-1424 -2473.476318 605 ) (-1456.075439 -2506.115723 605 ) (-1469.743774 -2374.901855 605 ) (-1469.453613 -2374.939209 605 ) 
3 250 298 (-1424 -2380.804199 605 ) (-1424 -2418.001709 605 ) (-1469.453613 -2374.939209 605 ) 
4 250 265 (-1475 -2637 605 ) (-1475 -2641 605 ) (-1475 -2641 794 ) (-1475 -2637 794 ) 
4 250 254 (-1475 -2641 794 ) (-1475 -2641 835 ) (-1475 -2637 835 ) (-1475 -2637 794 ) 
4 250 253 (-1475 -2590 605 ) (-1475 -2637 605 ) (-1475 -2637 796 ) (-1475 -2590 796 ) 
4 250 252 (-1475 -2254 835 ) (-1475 -2254 605 ) (-1475 -2590 605 ) (-1475 -2590 835 ) 
4 250 251 (-1475 -2641 796 ) (-1475 -2641 605 ) (-1424 -2641 605 ) (-1424 -2641 796 ) 
4 251 272 (-1475 -2654 605 ) (-1473 -2654 605 ) (-1473 -2654 796 ) (-1475 -2654 796 ) 
4 251 271 (-1473 -2654 605 ) (-1424 -2654 605 ) (-1424 -2654 796 ) (-1473 -2654 796 ) 
4 251 265 (-1475 -2641 605 ) (-1475 -2654 605 ) (-1475 -2654 794 ) (-1475 -2641 794 ) 
4 251 255 (-1475 -2650 796 ) (-1475 -2644 796 ) (-1475 -2644 794 ) (-1475 -2650 794 ) 
4 251 254 (-1475 -2644 796 ) (-1475 -2641 796 ) (-1475 -2641 794 ) (-1475 -2644 794 ) 
4 251 256 (-1475 -2654 794 ) (-1475 -2654 796 ) (-1475 -2650 796 ) (-1475 -2650 794 ) 
4 252 276 (-1487 -2254 835 ) (-1487 -2254 605 ) (-1487 -2590 605 ) (-1487 -2590 835 ) 
4 252 253 (-1487 -2590 796 ) (-1487 -2590 605 ) (-1475 -2590 605 ) (-1475 -2590 796 ) 
4 253 277 (-1487 -2590 605 ) (-1487 -2637 605 ) (-1487 -2637 796 ) (-1487 -2590 796 ) 
4 253 266 (-1484 -2637 605 ) (-1478 -2637 605 ) (-1478 -2637 794 ) (-1484 -2637 794 ) 
4 253 265 (-1478 -2637 605 ) (-1475 -2637 605 ) (-1475 -2637 794 ) (-1478 -2637 794 ) 
4 253 270 (-1487 -2637 794 ) (-1487 -2637 605 ) (-1484 -2637 605 ) (-1484 -2637 794 ) 
4 253 262 (-1487 -2637 796 ) (-1487 -2637 794 ) (-1484 -2637 794 ) (-1484 -2637 796 ) 
4 253 257 (-1484 -2637 794 ) (-1478 -2637 794 ) (-1478 -2637 796 ) (-1484 -2637 796 ) 
4 253 254 (-1478 -2637 794 ) (-1475 -2637 794 ) (-1475 -2637 796 ) (-1478 -2637 796 ) 
4 254 265 (-1478 -2637 794 ) (-1475 -2637 794 ) (-1475 -2644 794 ) (-1478 -2644 794 ) 
4 254 258 (-1478 -2641 794 ) (-1478 -2644 794 ) (-1478 -2644 835 ) (-1478 -2641 835 ) 
4 254 257 (-1478 -2637 835 ) (-1478 -2637 794 ) (-1478 -2641 794 ) (-1478 -2641 835 ) 
4 254 255 (-1478 -2644 835 ) (-1478 -2644 794 ) (-1475 -2644 794 ) (-1475 -2644 835 ) 
4 255 265 (-1475 -2644 794 ) (-1475 -2650 794 ) (-1478 -2650 794 ) (-1478 -2644 794 ) 
4 255 259 (-1478 -2644 794 ) (-1478 -2650 794 ) (-1478 -2650 835 ) (-1478 -2644 835 ) 
4 255 256 (-1478 -2650 835 ) (-1478 -2650 794 ) (-1475 -2650 794 ) (-1475 -2650 835 ) 
4 256 272 (-1478 -2654 794 ) (-1475 -2654 794 ) (-1475 -2654 835 ) (-1478 -2654 835 ) 
4 256 265 (-1475 -2650 794 ) (-1475 -2654 794 ) (-1478 -2654 794 ) (-1478 -2650 794 ) 
4 256 260 (-1478 -2650 794 ) (-1478 -2653 794 ) (-1478 -2653 835 ) (-1478 -2650 835 ) 
4 256 261 (-1478 -2653 794 ) (-1478 -2654 794 ) (-1478 -2654 835 ) (-1478 -2653 835 ) 
4 257 266 (-1484 -2637 794 ) (-1478 -2637 794 ) (-1478 -2641 794 ) (-1484 -2641 794 ) 
4 257 262 (-1484 -2637 835 ) (-1484 -2637 794 ) (-1484 -2641 794 ) (-1484 -2641 835 ) 
4 257 258 (-1484 -2641 835 ) (-1484 -2641 794 ) (-1478 -2641 794 ) (-1478 -2641 835 ) 
4 258 266 (-1478 -2641 794 ) (-1478 -2644 794 ) (-1484 -2644 794 ) (-1484 -2641 794 ) 
4 258 262 (-1484 -2641 794 ) (-1484 -2644 794 ) (-1484 -2644 835 ) (-1484 -2641 835 ) 
4 258 259 (-1484 -2644 835 ) (-1484 -2644 794 ) (-1478 -2644 794 ) (-1478 -2644 835 ) 
4 259 267 (-1478 -2644 794 ) (-1478 -2650 794 ) (-1484 -2650 794 ) (-1484 -2644 794 ) 
4 259 263 (-1484 -2644 794 ) (-1484 -2650 794 ) (-1484 -2650 835 ) (-1484 -2644 835 ) 
4 259 260 (-1484 -2650 835 ) (-1484 -2650 794 ) (-1478 -2650 794 ) (-1478 -2650 835 ) 
4 260 269 (-1478 -2650 794 ) (-1478 -2653 794 ) (-1484 -2653 794 ) (-1484 -2650 794 ) 
4 260 264 (-1484 -2650 794 ) (-1484 -2653 794 ) (-1484 -2653 835 ) (-1484 -2650 835 ) 
4 260 261 (-1484 -2653 835 ) (-1484 -2653 794 ) (-1478 -2653 794 ) (-1478 -2653 835 ) 
4 261 272 (-1484 -2654 794 ) (-1478 -2654 794 ) (-1478 -2654 835 ) (-1484 -2654 835 ) 
4 261 269 (-1478 -2653 794 ) (-1478 -2654 794 ) (-1484 -2654 794 ) (-1484 -2653 794 ) 
4 261 264 (-1484 -2653 794 ) (-1484 -2654 794 ) (-1484 -2654 835 ) (-1484 -2653 835 ) 
4 262 286 (-1487 -2643 795 ) (-1487 -2643 794 ) (-1487 -2644 794 ) (-1487 -2644 795 ) 
4 262 278 (-1487 -2643 835 ) (-1487 -2637 835 ) (-1487 -2637 794 ) (-1487 -2643 794 ) 
4 262 270 (-1487 -2637 794 ) (-1484 -2637 794 ) (-1484 -2644 794 ) (-1487 -2644 794 ) 
4 262 263 (-1487 -2644 835 ) (-1487 -2644 794 ) (-1484 -2644 794 ) (-1484 -2644 835 ) 
4 263 286 (-1487 -2644 795 ) (-1487 -2644 794 ) (-1487 -2650 794 ) (-1487 -2650 795 ) 
4 263 280 (-1487 -2644 832 ) (-1487 -2644 802 ) (-1487 -2650 802 ) (-1487 -2650 832 ) 
4 263 270 (-1484 -2644 794 ) (-1484 -2650 794 ) (-1487 -2650 794 ) (-1487 -2644 794 ) 
4 263 264 (-1487 -2650 835 ) (-1487 -2650 794 ) (-1484 -2650 794 ) (-1484 -2650 835 ) 
4 264 286 (-1487 -2654 794 ) (-1487 -2654 795 ) (-1487 -2650 795 ) (-1487 -2650 794 ) 
4 264 280 (-1487 -2654 802 ) (-1487 -2654 832 ) (-1487 -2650 832 ) (-1487 -2650 802 ) 
4 264 272 (-1486 -2654 794 ) (-1484 -2654 794 ) (-1484 -2654 835 ) (-1486 -2654 835 ) 
4 264 275 (-1487 -2654 835 ) (-1487 -2654 794 ) (-1486 -2654 794 ) (-1486 -2654 835 ) 
4 264 270 (-1484 -2650 794 ) (-1484 -2654 794 ) (-1487 -2654 794 ) (-1487 -2650 794 ) 
4 265 272 (-1478 -2654 605 ) (-1475 -2654 605 ) (-1475 -2654 794 ) (-1478 -2654 794 ) 
4 265 268 (-1478 -2644 792 ) (-1478 -2644 605 ) (-1478 -2650 605 ) (-1478 -2650 792 ) 
4 265 267 (-1478 -2650 794 ) (-1478 -2644 794 ) (-1478 -2644 792 ) (-1478 -2650 792 ) 
4 265 266 (-1478 -2644 794 ) (-1478 -2637 794 ) (-1478 -2637 605 ) (-1478 -2644 605 ) 
4 265 269 (-1478 -2654 605 ) (-1478 -2654 794 ) (-1478 -2650 794 ) (-1478 -2650 605 ) 
4 266 268 (-1484 -2644 792 ) (-1484 -2644 605 ) (-1478 -2644 605 ) (-1478 -2644 792 ) 
4 266 267 (-1484 -2644 794 ) (-1484 -2644 792 ) (-1478 -2644 792 ) (-1478 -2644 794 ) 
4 266 270 (-1484 -2644 794 ) (-1484 -2637 794 ) (-1484 -2637 605 ) (-1484 -2644 605 ) 
4 267 270 (-1484 -2650 794 ) (-1484 -2644 794 ) (-1484 -2644 792 ) (-1484 -2650 792 ) 
4 267 269 (-1484 -2650 794 ) (-1484 -2650 792 ) (-1478 -2650 792 ) (-1478 -2650 794 ) 
4 267 268 (-1478 -2650 792 ) (-1484 -2650 792 ) (-1484 -2644 792 ) (-1478 -2644 792 ) 
4 268 270 (-1484 -2644 792 ) (-1484 -2644 605 ) (-1484 -2650 605 ) (-1484 -2650 792 ) 
4 268 269 (-1484 -2650 792 ) (-1484 -2650 605 ) (-1478 -2650 605 ) (-1478 -2650 792 ) 
4 269 272 (-1484 -2654 605 ) (-1478 -2654 605 ) (-1478 -2654 794 ) (-1484 -2654 794 ) 
4 269 270 (-1484 -2654 605 ) (-1484 -2654 794 ) (-1484 -2650 794 ) (-1484 -2650 605 ) 
4 270 286 (-1487 -2643 605 ) (-1487 -2654 605 ) (-1487 -2654 794 ) (-1487 -2643 794 ) 
4 270 278 (-1487 -2637 605 ) (-1487 -2643 605 ) (-1487 -2643 794 ) (-1487 -2637 794 ) 
4 270 272 (-1486 -2654 605 ) (-1484 -2654 605 ) (-1484 -2654 794 ) (-1486 -2654 794 ) 
4 270 275 (-1487 -2654 794 ) (-1487 -2654 605 ) (-1486 -2654 605 ) (-1486 -2654 794 ) 
4 271 297 (-1473 -2729 605 ) (-1039 -2729 605 ) (-1039 -2729 835 ) (-1473 -2729 835 ) 
4 271 273 (-1473 -2660 605 ) (-1473 -2708 605 ) (-1473 -2708 796 ) (-1473 -2660 796 ) 
4 271 272 (-1473 -2654 835 ) (-1473 -2654 605 ) (-1473 -2660 605 ) (-1473 -2660 835 ) 
4 271 274 (-1473 -2708 605 ) (-1473 -2729 605 ) (-1473 -2729 835 ) (-1473 -2708 835 ) 
4 272 273 (-1486 -2660 796 ) (-1486 -2660 605 ) (-1473 -2660 605 ) (-1473 -2660 796 ) 
4 272 275 (-1486 -2654 835 ) (-1486 -2654 605 ) (-1486 -2660 605 ) (-1486 -2660 835 ) 
4 273 275 (-1486 -2660 605 ) (-1486 -2708 605 ) (-1486 -2708 796 ) (-1486 -2660 796 ) 
4 273 274 (-1486 -2708 796 ) (-1486 -2708 605 ) (-1473 -2708 605 ) (-1473 -2708 796 ) 
4 274 297 (-1486 -2729 605 ) (-1473 -2729 605 ) (-1473 -2729 835 ) (-1486 -2729 835 ) 
4 274 275 (-1486 -2708 605 ) (-1486 -2729 605 ) (-1486 -2729 835 ) (-1486 -2708 835 ) 
4 275 297 (-1487 -2729 605 ) (-1486 -2729 605 ) (-1486 -2729 835 ) (-1487 -2729 835 ) 
4 275 286 (-1487 -2654 605 ) (-1487 -2656 605 ) (-1487 -2656 795 ) (-1487 -2654 795 ) 
4 275 280 (-1487 -2655 832 ) (-1487 -2654 832 ) (-1487 -2654 802 ) (-1487 -2655 802 ) 
4 275 288 (-1487 -2656 605 ) (-1487 -2729 605 ) (-1487 -2729 835 ) (-1487 -2656 835 ) 
4 276 277 (-1488 -2590 796 ) (-1488 -2590 605 ) (-1487 -2590 605 ) (-1487 -2590 796 ) 
4 276 279 (-1488 -2254 835 ) (-1488 -2254 605 ) (-1488 -2590 605 ) (-1488 -2590 835 ) 
4 277 279 (-1488 -2590 605 ) (-1488 -2637 605 ) (-1488 -2637 796 ) (-1488 -2590 796 ) 
4 277 278 (-1488 -2637 796 ) (-1488 -2637 605 ) (-1487 -2637 605 ) (-1487 -2637 796 ) 
4 278 286 (-1488 -2643 605 ) (-1487 -2643 605 ) (-1487 -2643 795 ) (-1488 -2643 795 ) 
4 278 279 (-1488 -2637 605 ) (-1488 -2643 605 ) (-1488 -2643 835 ) (-1488 -2637 835 ) 
4 279 294 (-1639 -2615 605 ) (-1639 -2643 605 ) (-1639 -2643 835 ) (-1639 -2615 835 ) 
4 279 290 (-1639 -2614 674 ) (-1639 -2614 835 ) (-1639 -2525 835 ) (-1639 -2525 674 ) 
4 279 291 (-1639 -2525 605 ) (-1639 -2614 605 ) (-1639 -2614 606 ) (-1639 -2525 606 ) 
4 279 289 (-1639 -2254 835 ) (-1639 -2254 605 ) (-1639 -2525 605 ) (-1639 -2525 835 ) 
4 279 292 (-1639 -2614 605 ) (-1639 -2615 605 ) (-1639 -2615 835 ) (-1639 -2614 835 ) 
4 279 286 (-1540 -2643 605 ) (-1488 -2643 605 ) (-1488 -2643 795 ) (-1540 -2643 795 ) 
4 279 287 (-1639 -2643 802 ) (-1639 -2643 605 ) (-1540 -2643 605 ) (-1540 -2643 802 ) 
4 279 281 (-1542 -2643 802 ) (-1540 -2643 802 ) (-1540 -2643 835 ) (-1542 -2643 835 ) 
4 279 285 (-1639 -2643 835 ) (-1639 -2643 802 ) (-1542 -2643 802 ) (-1542 -2643 835 ) 
4 280 283 (-1540 -2644 802 ) (-1540 -2655 802 ) (-1540 -2655 832 ) (-1540 -2644 832 ) 
4 281 287 (-1542 -2644 802 ) (-1542 -2643 802 ) (-1540 -2643 802 ) (-1540 -2644 802 ) 
4 281 283 (-1542 -2644 832 ) (-1542 -2644 802 ) (-1540 -2644 802 ) (-1540 -2644 832 ) 
4 281 282 (-1542 -2644 835 ) (-1542 -2644 832 ) (-1540 -2644 832 ) (-1540 -2644 835 ) 
4 281 285 (-1542 -2643 835 ) (-1542 -2643 802 ) (-1542 -2644 802 ) (-1542 -2644 835 ) 
4 282 285 (-1542 -2655 832 ) (-1542 -2655 835 ) (-1542 -2644 835 ) (-1542 -2644 832 ) 
4 282 284 (-1542 -2655 835 ) (-1542 -2655 832 ) (-1540 -2655 832 ) (-1540 -2655 835 ) 
4 282 283 (-1540 -2655 832 ) (-1542 -2655 832 ) (-1542 -2644 832 ) (-1540 -2644 832 ) 
4 283 287 (-1542 -2655 802 ) (-1542 -2644 802 ) (-1540 -2644 802 ) (-1540 -2655 802 ) 
4 283 285 (-1542 -2644 802 ) (-1542 -2655 802 ) (-1542 -2655 832 ) (-1542 -2644 832 ) 
4 283 284 (-1542 -2655 832 ) (-1542 -2655 802 ) (-1540 -2655 802 ) (-1540 -2655 832 ) 
4 284 287 (-1540 -2656 802 ) (-1542 -2656 802 ) (-1542 -2655 802 ) (-1540 -2655 802 ) 
4 284 285 (-1542 -2655 802 ) (-1542 -2656 802 ) (-1542 -2656 835 ) (-1542 -2655 835 ) 
4 284 288 (-1542 -2656 802 ) (-1540 -2656 802 ) (-1540 -2656 835 ) (-1542 -2656 835 ) 
4 285 294 (-1639 -2656 802 ) (-1639 -2656 835 ) (-1639 -2643 835 ) (-1639 -2643 802 ) 
4 285 287 (-1542 -2656 802 ) (-1639 -2656 802 ) (-1639 -2643 802 ) (-1542 -2643 802 ) 
4 285 288 (-1639 -2656 835 ) (-1639 -2656 802 ) (-1542 -2656 802 ) (-1542 -2656 835 ) 
4 286 287 (-1540 -2656 605 ) (-1540 -2656 795 ) (-1540 -2643 795 ) (-1540 -2643 605 ) 
4 286 288 (-1540 -2656 605 ) (-1487 -2656 605 ) (-1487 -2656 795 ) (-1540 -2656 795 ) 
4 287 294 (-1639 -2643 605 ) (-1639 -2656 605 ) (-1639 -2656 802 ) (-1639 -2643 802 ) 
4 287 288 (-1639 -2656 802 ) (-1639 -2656 605 ) (-1540 -2656 605 ) (-1540 -2656 802 ) 
4 288 297 (-1639 -2729 605 ) (-1487 -2729 605 ) (-1487 -2729 835 ) (-1639 -2729 835 ) 
4 288 294 (-1639 -2656 605 ) (-1639 -2729 605 ) (-1639 -2729 835 ) (-1639 -2656 835 ) 
4 289 290 (-1755 -2525 835 ) (-1755 -2525 674 ) (-1639 -2525 674 ) (-1639 -2525 835 ) 
4 289 291 (-1755 -2525 606 ) (-1755 -2525 605 ) (-1639 -2525 605 ) (-1639 -2525 606 ) 
4 289 293 (-1755 -2254 835 ) (-1755 -2254 605 ) (-1755 -2525 605 ) (-1755 -2525 835 ) 
4 290 292 (-1755 -2614 835 ) (-1755 -2614 674 ) (-1639 -2614 674 ) (-1639 -2614 835 ) 
4 290 293 (-1755 -2614 674 ) (-1755 -2614 835 ) (-1755 -2525 835 ) (-1755 -2525 674 ) 
4 291 293 (-1755 -2525 605 ) (-1755 -2614 605 ) (-1755 -2614 606 ) (-1755 -2525 606 ) 
4 291 292 (-1755 -2614 606 ) (-1755 -2614 605 ) (-1639 -2614 605 ) (-1639 -2614 606 ) 
4 292 295 (-1640 -2615 734 ) (-1640 -2615 835 ) (-1755 -2615 835 ) (-1755 -2615 734 ) 
4 292 294 (-1640 -2615 605 ) (-1639 -2615 605 ) (-1639 -2615 835 ) (-1640 -2615 835 ) 
4 292 293 (-1755 -2614 605 ) (-1755 -2615 605 ) (-1755 -2615 835 ) (-1755 -2614 835 ) 
4 293 319 (-2048 -2254 704 ) (-2048 -2254 605 ) (-2048 -2615 605 ) (-2048 -2615 704 ) 
4 293 317 (-2048 -2615 835 ) (-2048 -2254 835 ) (-2048 -2254 704 ) (-2048 -2615 704 ) 
4 293 295 (-1755 -2615 734 ) (-1755 -2615 835 ) (-1765 -2615 835 ) (-1765 -2615 734 ) 
4 293 296 (-2048 -2615 605 ) (-1765 -2615 605 ) (-1765 -2615 835 ) (-2048 -2615 835 ) 
4 294 297 (-1640 -2729 605 ) (-1639 -2729 605 ) (-1639 -2729 835 ) (-1640 -2729 835 ) 
4 294 295 (-1640 -2615 835 ) (-1640 -2615 734 ) (-1640 -2729 734 ) (-1640 -2729 835 ) 
4 295 297 (-1640 -2729 734 ) (-1640 -2729 835 ) (-1765 -2729 835 ) (-1765 -2729 734 ) 
4 295 296 (-1765 -2615 835 ) (-1765 -2615 734 ) (-1765 -2729 734 ) (-1765 -2729 835 ) 
4 296 319 (-2048 -2615 704 ) (-2048 -2615 605 ) (-2048 -2729 605 ) (-2048 -2729 704 ) 
4 296 317 (-2048 -2729 835 ) (-2048 -2615 835 ) (-2048 -2615 704 ) (-2048 -2729 704 ) 
4 296 297 (-2048 -2729 605 ) (-1765 -2729 605 ) (-1765 -2729 835 ) (-2048 -2729 835 ) 
4 297 319 (-2048 -2729 704 ) (-2048 -2729 605 ) (-2048 -3057 605 ) (-2048 -3057 704 ) 
4 297 317 (-2048 -3057 835 ) (-2048 -2729 835 ) (-2048 -2729 704 ) (-2048 -3057 704 ) 
4 297 304 (-1819 -2882 605 ) (-1210 -2882 605 ) (-1210 -3057 605 ) (-1819 -3057 605 ) 
3 298 300 (-1469.453491 -2374.939453 588 ) (-1374.928589 -2387.135742 588 ) (-1395.941284 -2444.583740 588 ) 
4 298 299 (-1469.453125 -2374.939453 605 ) (-1469.453125 -2374.939453 588 ) (-1395.941162 -2444.583496 588 ) (-1395.941162 -2444.583496 605 ) 
4 299 300 (-1456.075317 -2506.115723 588 ) (-1469.743652 -2374.902100 588 ) (-1469.453491 -2374.939453 588 ) (-1395.768066 -2444.748047 588 ) 
4 300 305 (-1732 -2882 364 ) (-1210 -2882 364 ) (-1210 -2882 578 ) (-1732 -2882 382.024323 ) 
3 300 304 (-1251.497925 -2882 588 ) (-1732 -2882 588 ) (-1732 -2882 395.799866 ) 
4 300 303 (-1210 -2882 364 ) (-1039 -2882 364 ) (-1039 -2882 578 ) (-1210 -2882 578 ) 
5 300 301 (-1732 -2294 364 ) (-1732 -2882 364 ) (-1732 -2882 588 ) (-1732 -2254 588 ) (-1732 -2254 389 ) 
4 301 306 (-1850 -2882 364 ) (-1819 -2882 364 ) (-1819 -2882 588 ) (-1850 -2882 588 ) 
3 301 305 (-1780.009399 -2882 364 ) (-1732 -2882 364 ) (-1732 -2882 382.024323 ) 
5 301 304 (-1819 -2882 364 ) (-1811.500000 -2882 364 ) (-1732 -2882 395.799866 ) (-1732 -2882 588 ) (-1819 -2882 588 ) 
5 301 302 (-1850 -2294 364 ) (-1850 -2882 364 ) (-1850 -2882 588 ) (-1850 -2254 588 ) (-1850 -2254 389 ) 
4 302 336 (-2048 -2254 365 ) (-2048 -2254 364 ) (-2048 -2882 364 ) (-2048 -2882 365 ) 
4 302 335 (-2048 -2496 365 ) (-2048 -2882 365 ) (-2048 -2882 588 ) (-2048 -2496 588 ) 
4 302 334 (-2048 -2491 365 ) (-2048 -2496 365 ) (-2048 -2496 588 ) (-2048 -2491 588 ) 
4 302 324 (-2048 -2368 365 ) (-2048 -2491 365 ) (-2048 -2491 588 ) (-2048 -2368 588 ) 
4 302 323 (-2048 -2254 588 ) (-2048 -2254 365 ) (-2048 -2368 365 ) (-2048 -2368 588 ) 
4 302 306 (-2048 -2882 364 ) (-1850 -2882 364 ) (-1850 -2882 588 ) (-2048 -2882 588 ) 
4 303 305 (-1210 -2882 578 ) (-1210 -2882 364 ) (-1210 -3057 364 ) (-1210 -3057 578 ) 
4 304 306 (-1819 -2882 588 ) (-1819 -2882 364 ) (-1819 -3057 364 ) (-1819 -3057 588 ) 
4 306 336 (-2048 -2882 365 ) (-2048 -2882 364 ) (-2048 -3057 364 ) (-2048 -3057 365 ) 
4 306 335 (-2048 -2882 588 ) (-2048 -2882 365 ) (-2048 -3057 365 ) (-2048 -3057 588 ) 
4 307 357 (-2048 -2482 77 ) (-2048 -2496 77 ) (-2048 -2496 81 ) (-2048 -2482 81 ) 
4 307 355 (-2048 -2496 81 ) (-2048 -2496 128 ) (-2048 -2482 128 ) (-2048 -2482 81 ) 
4 307 350 (-2048 -2254 128 ) (-2048 -2254 77 ) (-2048 -2482 77 ) (-2048 -2482 128 ) 
4 307 360 (-2048 -2496 77 ) (-2048 -3057 77 ) (-2048 -3057 128 ) (-2048 -2496 128 ) 
4 307 337 (-2048 -2254 345 ) (-2048 -2254 128 ) (-2048 -3057 128 ) (-2048 -3057 345 ) 
4 308 369 (-3072 -2048 1836 ) (-3072 -2048 850 ) (-3072 -3072 850 ) (-3072 -3072 1836 ) 
4 308 368 (-3072 -2048 2558 ) (-3072 -2048 1836 ) (-3072 -3072 1836 ) (-3072 -3072 2558 ) 
4 308 367 (-2048 -3072 850 ) (-2048 -3072 2558 ) (-3072 -3072 2558 ) (-3072 -3072 850 ) 
4 308 309 (-2560 -2239 850 ) (-2560 -2048 850 ) (-2048 -2048 850 ) (-2048 -2239 850 ) 
4 308 310 (-2560 -3072 850 ) (-3072 -3072 850 ) (-3072 -2048 850 ) (-2560 -2048 850 ) 
4 309 362 (-2560 -2048 835 ) (-2545 -2048 835 ) (-2545 -2239 835 ) (-2560 -2239 835 ) 
4 309 314 (-2137 -2048 835 ) (-2056 -2048 835 ) (-2056 -2102 835 ) (-2137 -2102 835 ) 
4 309 315 (-2056 -2102 835 ) (-2056 -2239 835 ) (-2137 -2239 835 ) (-2137 -2102 835 ) 
4 309 316 (-2545 -2048 835 ) (-2137 -2048 835 ) (-2137 -2239 835 ) (-2545 -2239 835 ) 
4 309 311 (-2053 -2048 835 ) (-2048 -2048 835 ) (-2048 -2104 835 ) (-2053 -2104 835 ) 
4 309 312 (-2048 -2104 835 ) (-2048 -2239 835 ) (-2053 -2239 835 ) (-2053 -2104 835 ) 
4 309 313 (-2056 -2048 835 ) (-2053 -2048 835 ) (-2053 -2239 835 ) (-2056 -2239 835 ) 
4 309 310 (-2560 -2048 835 ) (-2560 -2239 835 ) (-2560 -2239 850 ) (-2560 -2048 850 ) 
4 310 369 (-3072 -2048 850 ) (-3072 -2048 835 ) (-3072 -3072 835 ) (-3072 -3072 850 ) 
4 310 367 (-2560 -3072 850 ) (-3072 -3072 850 ) (-3072 -3072 835 ) (-2560 -3072 835 ) 
4 310 363 (-3072 -2048 835 ) (-2560 -2048 835 ) (-2560 -3072 835 ) (-3072 -3072 835 ) 
4 311 312 (-2053 -2104 835 ) (-2053 -2104 155 ) (-2048 -2104 155 ) (-2048 -2104 835 ) 
4 311 313 (-2053 -2104 155 ) (-2053 -2104 835 ) (-2053 -2048 835 ) (-2053 -2048 155 ) 
4 312 313 (-2053 -2104 64 ) (-2053 -2239 64 ) (-2053 -2239 835 ) (-2053 -2104 835 ) 
4 313 314 (-2056 -2102 115 ) (-2056 -2102 835 ) (-2056 -2048 835 ) (-2056 -2048 115 ) 
4 313 315 (-2056 -2102 64 ) (-2056 -2239 64 ) (-2056 -2239 835 ) (-2056 -2102 835 ) 
4 314 315 (-2137 -2102 835 ) (-2137 -2102 115 ) (-2056 -2102 115 ) (-2056 -2102 835 ) 
4 314 316 (-2137 -2102 115 ) (-2137 -2102 835 ) (-2137 -2048 835 ) (-2137 -2048 115 ) 
4 315 316 (-2137 -2102 64 ) (-2137 -2239 64 ) (-2137 -2239 835 ) (-2137 -2102 835 ) 
4 316 364 (-2545 -2048 77 ) (-2545 -2048 64 ) (-2545 -2239 64 ) (-2545 -2239 77 ) 
4 316 362 (-2545 -2239 835 ) (-2545 -2048 835 ) (-2545 -2048 77 ) (-2545 -2239 77 ) 
4 317 319 (-2048 -3057 704 ) (-2241 -3057 704 ) (-2241 -2254 704 ) (-2048 -2254 704 ) 
4 317 318 (-2241 -2496 704 ) (-2241 -3057 704 ) (-2241 -3057 835 ) (-2241 -2496 835 ) 
4 318 322 (-2245.979980 -2496 704 ) (-2245.979980 -3057 704 ) (-2245.979980 -3057 835 ) (-2245.979980 -2496 835 ) 
4 318 320 (-2241 -3057 704 ) (-2245.979980 -3057 704 ) (-2245.979980 -2496 704 ) (-2241 -2496 704 ) 
4 319 320 (-2241 -2368 605 ) (-2241 -3057 605 ) (-2241 -3057 704 ) (-2241 -2368 704 ) 
4 320 321 (-2245.979980 -2368 605 ) (-2245.979980 -2491 605 ) (-2245.979980 -2491 704 ) (-2245.979980 -2368 704 ) 
4 320 322 (-2245.979980 -2496 605 ) (-2245.979980 -3057 605 ) (-2245.979980 -3057 704 ) (-2245.979980 -2496 704 ) 
4 321 328 (-2544 -2254 605 ) (-2304 -2254 605 ) (-2304 -2368 605 ) (-2544 -2368 605 ) 
4 321 330 (-2545 -2368 605 ) (-2545 -2254 605 ) (-2544 -2254 605 ) (-2544 -2368 605 ) 
4 323 341 (-2304 -2254 365 ) (-2245.979980 -2254 365 ) (-2245.979980 -2368 365 ) (-2304 -2368 365 ) 
4 323 340 (-2245.979980 -2254 365 ) (-2243 -2254 365 ) (-2243 -2368 365 ) (-2245.979980 -2368 365 ) 
4 323 338 (-2243 -2254 365 ) (-2241 -2254 365 ) (-2241 -2368 365 ) (-2243 -2368 365 ) 
4 323 336 (-2241 -2254 365 ) (-2048 -2254 365 ) (-2048 -2368 365 ) (-2241 -2368 365 ) 
4 323 327 (-2304 -2254 365 ) (-2304 -2368 365 ) (-2304 -2368 544 ) (-2304 -2254 544 ) 
3 323 326 (-2304 -2368 430.406006 ) (-2304 -2368 423 ) (-2246.001709 -2368 384.001129 ) 
4 323 325 (-2227 -2368 588 ) (-2304 -2368 588 ) (-2304 -2368 430.406006 ) (-2227 -2368 368.797821 ) 
4 323 324 (-2048 -2368 588 ) (-2227 -2368 588 ) (-2227 -2368 365 ) (-2048 -2368 365 ) 
4 324 336 (-2048 -2368 365 ) (-2048 -2491 365 ) (-2227 -2491 365 ) (-2227 -2368 365 ) 
4 324 334 (-2227 -2491 365 ) (-2048 -2491 365 ) (-2048 -2491 588 ) (-2227 -2491 588 ) 
4 324 325 (-2227 -2368 588 ) (-2227 -2368 368.797852 ) (-2227 -2491 368.797821 ) (-2227 -2491 588 ) 
4 325 334 (-2227 -2491 368.797821 ) (-2227 -2491 588 ) (-2245.979980 -2491 588 ) (-2245.979980 -2491 383.983826 ) 
4 325 332 (-2304 -2482 510 ) (-2304 -2368 510 ) (-2304 -2368 430.406006 ) (-2304 -2482 430.406006 ) 
4 325 333 (-2304 -2491 430.406006 ) (-2304 -2491 510 ) (-2304 -2482 510 ) (-2304 -2482 430.406006 ) 
4 325 331 (-2304 -2491 510 ) (-2304 -2491 588 ) (-2304 -2368 588 ) (-2304 -2368 510 ) 
4 325 326 (-2304 -2491 430.404785 ) (-2304 -2368 430.404785 ) (-2246.009521 -2368 384.006439 ) (-2246.009521 -2491 384.006439 ) 
4 326 332 (-2304 -2482 430.406006 ) (-2304 -2368 430.406006 ) (-2304 -2368 423 ) (-2304 -2482 423 ) 
4 326 333 (-2304 -2491 423 ) (-2304 -2491 430.406006 ) (-2304 -2482 430.406006 ) (-2304 -2482 423 ) 
4 327 341 (-2544 -2254 365 ) (-2304 -2254 365 ) (-2304 -2368 365 ) (-2544 -2368 365 ) 
4 327 332 (-2304 -2368 423.079010 ) (-2304 -2368 510 ) (-2381.220459 -2368 510 ) (-2438.327148 -2368 484.855988 ) 
3 327 331 (-2304 -2368 510 ) (-2304 -2368 544 ) (-2381.220459 -2368 510 ) 
4 327 329 (-2544 -2254 438.328125 ) (-2544 -2368 438.328125 ) (-2438 -2368 485 ) (-2438 -2254 485 ) 
4 327 330 (-2544 -2254 365 ) (-2544 -2368 365 ) (-2544 -2368 438.328400 ) (-2544 -2254 438.328369 ) 
4 328 331 (-2544 -2368 588 ) (-2544 -2368 510 ) (-2492.980713 -2368 510 ) (-2335.321045 -2368 588 ) 
4 328 330 (-2544 -2368 510 ) (-2544 -2368 605 ) (-2544 -2254 605 ) (-2544 -2254 510 ) 
3 329 332 (-2438.327148 -2368 484.855988 ) (-2438 -2368 485 ) (-2438.640137 -2368 485 ) 
4 329 330 (-2544 -2368 438.328400 ) (-2544 -2368 484.758057 ) (-2544 -2254 484.758057 ) (-2544 -2254 438.328369 ) 
4 330 341 (-2545 -2368 365 ) (-2545 -2254 365 ) (-2544 -2254 365 ) (-2544 -2368 365 ) 
4 330 331 (-2544 -2368 510 ) (-2544 -2368 588 ) (-2545 -2368 588 ) (-2545 -2368 510 ) 
4 331 332 (-2493 -2368 510 ) (-2304 -2368 510 ) (-2304 -2482 510 ) (-2493 -2482 510 ) 
4 331 333 (-2304 -2482 510 ) (-2304 -2491 510 ) (-2545 -2491 510 ) (-2545 -2482 510 ) 
3 332 333 (-2304 -2482 423.079010 ) (-2304 -2482 510 ) (-2493 -2482 510 ) 
4 334 336 (-2241 -2491 365 ) (-2048 -2491 365 ) (-2048 -2496 365 ) (-2241 -2496 365 ) 
4 334 335 (-2245.979980 -2496 365 ) (-2048 -2496 365 ) (-2048 -2496 588 ) (-2245.979980 -2496 588 ) 
4 335 336 (-2048 -3057 365 ) (-2241 -3057 365 ) (-2241 -2496 365 ) (-2048 -2496 365 ) 
4 336 338 (-2241 -2368 365 ) (-2241 -2254 365 ) (-2241 -2254 364 ) (-2241 -2368 364 ) 
4 337 355 (-2241 -2496 128 ) (-2241 -2482 128 ) (-2048 -2482 128 ) (-2048 -2496 128 ) 
4 337 350 (-2241 -2482 128 ) (-2241 -2254 128 ) (-2048 -2254 128 ) (-2048 -2482 128 ) 
4 337 360 (-2048 -3057 128 ) (-2241 -3057 128 ) (-2241 -2496 128 ) (-2048 -2496 128 ) 
4 337 344 (-2241 -2368 128 ) (-2241 -2496 128 ) (-2241 -2496 253 ) (-2241 -2368 253 ) 
4 337 345 (-2241 -2496 128 ) (-2241 -3057 128 ) (-2241 -3057 345 ) (-2241 -2496 345 ) 
4 337 339 (-2241 -2254 128 ) (-2241 -2368 128 ) (-2241 -2368 253 ) (-2241 -2254 253 ) 
4 338 340 (-2243 -2368 364 ) (-2243 -2368 365 ) (-2243 -2254 365 ) (-2243 -2254 364 ) 
4 339 350 (-2243 -2254 128 ) (-2241 -2254 128 ) (-2241 -2368 128 ) (-2243 -2368 128 ) 
4 339 344 (-2243 -2368 128 ) (-2241 -2368 128 ) (-2241 -2368 253 ) (-2243 -2368 253 ) 
4 339 343 (-2243 -2254 128 ) (-2243 -2368 128 ) (-2243 -2368 212 ) (-2243 -2254 212 ) 
4 340 341 (-2245.979980 -2368 362.570068 ) (-2245.979980 -2368 365 ) (-2245.979980 -2254 365 ) (-2245.979980 -2254 362.570068 ) 
4 341 346 (-2545 -2368 345 ) (-2545 -2368 256 ) (-2495.469482 -2368 256 ) (-2287.113037 -2368 345 ) 
4 341 342 (-2495.959961 -2254 256 ) (-2495.469482 -2254 256 ) (-2495.469482 -2368 256 ) (-2495.959961 -2368 256 ) 
4 343 358 (-2545 -2368 128 ) (-2545 -2254 128 ) (-2544 -2254 128 ) (-2544 -2368 128 ) 
4 343 354 (-2544 -2254 128 ) (-2247 -2254 128 ) (-2247 -2368 128 ) (-2544 -2368 128 ) 
4 343 353 (-2247 -2254 128 ) (-2246 -2254 128 ) (-2246 -2368 128 ) (-2247 -2368 128 ) 
4 343 350 (-2246 -2254 128 ) (-2243 -2254 128 ) (-2243 -2368 128 ) (-2246 -2368 128 ) 
4 343 347 (-2246 -2368 128 ) (-2245.979980 -2368 128 ) (-2245.979980 -2368 212 ) (-2408.093994 -2368 212 ) 
4 343 344 (-2245.979980 -2368 128 ) (-2243 -2368 128 ) (-2243 -2368 212 ) (-2245.979980 -2368 212 ) 
4 344 355 (-2245.979980 -2496 128 ) (-2245.979980 -2482 128 ) (-2241 -2482 128 ) (-2241 -2496 128 ) 
4 344 350 (-2245.979980 -2482 128 ) (-2245.979980 -2368 128 ) (-2241 -2368 128 ) (-2241 -2482 128 ) 
4 344 348 (-2245.979980 -2482 128 ) (-2245.979980 -2491 128 ) (-2245.979980 -2491 253 ) (-2245.979980 -2482 253 ) 
4 344 347 (-2245.979980 -2368 253 ) (-2245.979980 -2368 128 ) (-2245.979980 -2482 128 ) (-2245.979980 -2482 253 ) 
4 344 345 (-2245.979980 -2496 253 ) (-2245.979980 -2496 128 ) (-2241 -2496 128 ) (-2241 -2496 253 ) 
4 345 360 (-2241 -3057 128 ) (-2245.979980 -3057 128 ) (-2245.979980 -2496 128 ) (-2241 -2496 128 ) 
4 345 349 (-2245.979980 -3057 345 ) (-2245.979980 -2496 345 ) (-2245.979980 -2496 128 ) (-2245.979980 -3057 128 ) 
4 346 348 (-2245.979980 -2482 256 ) (-2245.979980 -2482 345 ) (-2545 -2482 345 ) (-2545 -2482 256 ) 
4 346 347 (-2245.979980 -2482 256 ) (-2493 -2482 256 ) (-2493 -2368 256 ) (-2245.979980 -2368 256 ) 
4 347 348 (-2246 -2482 128 ) (-2245.979980 -2482 128 ) (-2245.979980 -2482 256 ) (-2493 -2482 256 ) 
4 348 358 (-2545 -2491 128 ) (-2545 -2482 128 ) (-2544 -2482 128 ) (-2544 -2491 128 ) 
4 348 356 (-2544 -2482 128 ) (-2245.979980 -2482 128 ) (-2245.979980 -2491 128 ) (-2544 -2491 128 ) 
4 349 361 (-2545 -3057 252 ) (-2545 -3057 128 ) (-2300 -3057 128 ) (-2300 -3057 252 ) 
4 349 360 (-2245.979980 -3057 128 ) (-2545 -3057 128 ) (-2545 -2496 128 ) (-2245.979980 -2496 128 ) 
4 350 357 (-2144 -2482 77 ) (-2048 -2482 77 ) (-2048 -2482 81 ) (-2152 -2482 81 ) 
4 350 355 (-2048 -2482 81 ) (-2048 -2482 128 ) (-2246 -2482 128 ) (-2152 -2482 81 ) 
4 350 352 (-2246 -2368 128 ) (-2246 -2254 128 ) (-2240 -2254 125 ) (-2240 -2368 125 ) 
4 350 351 (-2240 -2368 125 ) (-2240 -2254 125 ) (-2144 -2254 77 ) (-2144 -2368 77 ) 
4 351 352 (-2240 -2368 81 ) (-2240 -2368 124.997971 ) (-2240 -2254 124.997978 ) (-2240 -2254 81 ) 
4 352 353 (-2246 -2368 128 ) (-2246 -2254 128 ) (-2246 -2254 81 ) (-2246 -2368 81 ) 
4 353 356 (-2247 -2482 81 ) (-2246 -2482 81 ) (-2246 -2482 128 ) (-2247 -2482 128 ) 
4 353 354 (-2247 -2254 81 ) (-2247 -2368 81 ) (-2247 -2368 128 ) (-2247 -2254 128 ) 
4 354 358 (-2544 -2368 128 ) (-2544 -2254 128 ) (-2544 -2254 81 ) (-2544 -2368 81 ) 
4 355 357 (-2048 -2496 81 ) (-2240 -2496 81 ) (-2240 -2482 81 ) (-2048 -2482 81 ) 
4 355 356 (-2245.979980 -2482 128 ) (-2245.979980 -2482 81 ) (-2245.979980 -2491 81 ) (-2245.979980 -2491 128 ) 
4 355 360 (-2048 -2496 81 ) (-2048 -2496 128 ) (-2245.979980 -2496 128 ) (-2245.979980 -2496 81 ) 
4 356 358 (-2544 -2491 128 ) (-2544 -2482 128 ) (-2544 -2482 81 ) (-2544 -2491 81 ) 
4 357 360 (-2240 -2496 77 ) (-2048 -2496 77 ) (-2048 -2496 81 ) (-2240 -2496 81 ) 
4 358 359 (-2545 -2491 77 ) (-2544 -2491 77 ) (-2544 -2491 81 ) (-2545 -2491 81 ) 
4 359 360 (-2545 -2496 77 ) (-2544 -2496 77 ) (-2544 -2496 81 ) (-2545 -2496 81 ) 
4 360 361 (-2545 -3057 128 ) (-2545 -3057 77 ) (-2300 -3057 77 ) (-2300 -3057 128 ) 
4 361 367 (-2545 -3072 252 ) (-2545 -3072 77 ) (-2300 -3072 77 ) (-2300 -3072 252 ) 
4 362 364 (-2560 -2048 77 ) (-2545 -2048 77 ) (-2545 -2239 77 ) (-2560 -2239 77 ) 
4 362 363 (-2560 -2048 77 ) (-2560 -2239 77 ) (-2560 -2239 835 ) (-2560 -2048 835 ) 
4 363 369 (-3072 -2048 835 ) (-3072 -2048 77 ) (-3072 -3072 77 ) (-3072 -3072 835 ) 
4 363 367 (-2560 -3072 835 ) (-3072 -3072 835 ) (-3072 -3072 77 ) (-2560 -3072 77 ) 
4 363 365 (-3072 -2048 77 ) (-2560 -2048 77 ) (-2560 -3072 77 ) (-3072 -3072 77 ) 
4 364 365 (-2560 -2048 64 ) (-2560 -2239 64 ) (-2560 -2239 77 ) (-2560 -2048 77 ) 
4 365 369 (-3072 -2048 77 ) (-3072 -2048 64 ) (-3072 -3072 64 ) (-3072 -3072 77 ) 
4 365 367 (-2560 -3072 77 ) (-3072 -3072 77 ) (-3072 -3072 64 ) (-2560 -3072 64 ) 
4 366 367 (-2048 -3801.739990 2558 ) (-2048 -3072 2558 ) (-2048 -3072 64 ) (-2048 -3801.739990 64 ) 
4 367 370 (-3072 -3801.739990 2558 ) (-3072 -3072 2558 ) (-3072 -3072 64 ) (-3072 -3801.739990 64 ) 
4 368 370 (-3072 -3072 1836 ) (-3072 -3072 2558 ) (-3281.690186 -3072 2558 ) (-3281.690186 -3072 1836 ) 
4 368 369 (-3072 -3072 1836 ) (-3281.690186 -3072 1836 ) (-3281.690186 -2048 1836 ) (-3072 -2048 1836 ) 
4 369 370 (-3072 -3072 64 ) (-3072 -3072 1836 ) (-3281.690186 -3072 1836 ) (-3281.690186 -3072 64 ) 
