PRT1
360
678
4 0 2 (6144 14336 0 ) (6144 14336 12800 ) (5120 14336 12800 ) (5120 14336 0 ) 
4 0 1 (5120 14336 0 ) (5120 14336 12800 ) (5120 15360 12800 ) (5120 15360 0 ) 
4 1 4 (4096 14336 0 ) (4096 14336 12800 ) (4096 15360 12800 ) (4096 15360 0 ) 
4 1 3 (5120 14336 0 ) (5120 14336 12800 ) (4096 14336 12800 ) (4096 14336 0 ) 
4 2 12 (6144 13312 0 ) (6144 13312 12800 ) (5120 13312 12800 ) (5120 13312 0 ) 
4 2 3 (5120 14336 12800 ) (5120 14336 0 ) (5120 13312 0 ) (5120 13312 12800 ) 
4 3 13 (5120 13312 0 ) (5120 13312 12800 ) (4096 13312 12800 ) (4096 13312 0 ) 
4 3 6 (4096 13312 0 ) (4096 13312 12800 ) (4096 14336 12800 ) (4096 14336 0 ) 
4 4 6 (4096 14336 0 ) (4096 14336 12800 ) (3072 14336 12800 ) (3072 14336 0 ) 
4 4 5 (3072 14336 0 ) (3072 14336 12800 ) (3072 15360 12800 ) (3072 15360 0 ) 
4 5 8 (2048 14336 0 ) (2048 14336 12800 ) (2048 15360 12800 ) (2048 15360 0 ) 
4 5 7 (3072 14336 0 ) (3072 14336 12800 ) (2048 14336 12800 ) (2048 14336 0 ) 
4 6 20 (4096 13312 0 ) (4096 13312 12800 ) (3072 13312 12800 ) (3072 13312 0 ) 
4 6 7 (3072 14336 12800 ) (3072 14336 0 ) (3072 13312 0 ) (3072 13312 12800 ) 
4 7 21 (3072 13312 0 ) (3072 13312 12800 ) (2048 13312 12800 ) (2048 13312 0 ) 
4 7 10 (2048 13312 0 ) (2048 13312 12800 ) (2048 14336 12800 ) (2048 14336 0 ) 
4 8 10 (2048 14336 0 ) (2048 14336 12800 ) (1024 14336 12800 ) (1024 14336 0 ) 
4 8 9 (1024 14336 0 ) (1024 14336 12800 ) (1024 15360 12800 ) (1024 15360 0 ) 
4 9 36 (0 14336 0 ) (0 14336 12800 ) (0 15360 12800 ) (0 15360 0 ) 
4 9 11 (1024 14336 0 ) (1024 14336 12800 ) (0 14336 12800 ) (0 14336 0 ) 
4 10 24 (2048 13312 0 ) (2048 13312 12800 ) (1024 13312 12800 ) (1024 13312 0 ) 
4 10 11 (1024 14336 12800 ) (1024 14336 0 ) (1024 13312 0 ) (1024 13312 12800 ) 
4 11 38 (0 13312 0 ) (0 13312 12800 ) (0 14336 12800 ) (0 14336 0 ) 
4 11 25 (1024 13312 0 ) (1024 13312 12800 ) (0 13312 12800 ) (0 13312 0 ) 
4 12 14 (6144 12288 0 ) (6144 12288 12800 ) (5120 12288 12800 ) (5120 12288 0 ) 
4 12 13 (5120 13312 12800 ) (5120 13312 0 ) (5120 12288 0 ) (5120 12288 12800 ) 
4 13 20 (4096 13312 12800 ) (4096 13312 0 ) (4096 12288 0 ) (4096 12288 12800 ) 
4 13 15 (5120 12288 0 ) (5120 12288 12800 ) (4096 12288 12800 ) (4096 12288 0 ) 
4 14 16 (6144 11264 0 ) (6144 11264 12800 ) (5120 11264 12800 ) (5120 11264 0 ) 
4 14 15 (5120 12288 12800 ) (5120 12288 0 ) (5120 11264 0 ) (5120 11264 12800 ) 
4 15 22 (4096 11264 0 ) (4096 11264 12800 ) (4096 12288 12800 ) (4096 12288 0 ) 
4 15 17 (5120 11264 0 ) (5120 11264 12800 ) (4096 11264 12800 ) (4096 11264 0 ) 
4 16 18 (6144 10240 0 ) (6144 10240 12800 ) (5120 10240 12800 ) (5120 10240 0 ) 
4 16 17 (5120 11264 12800 ) (5120 11264 0 ) (5120 10240 0 ) (5120 10240 12800 ) 
4 17 28 (4096 10240 0 ) (4096 10240 12800 ) (4096 11264 12800 ) (4096 11264 0 ) 
4 17 19 (5120 10240 0 ) (5120 10240 12800 ) (4096 10240 12800 ) (4096 10240 0 ) 
4 18 72 (6144 9216 0 ) (6144 9216 12800 ) (5120 9216 12800 ) (5120 9216 0 ) 
4 18 19 (5120 10240 12800 ) (5120 10240 0 ) (5120 9216 0 ) (5120 9216 12800 ) 
4 19 73 (5120 9216 0 ) (5120 9216 12800 ) (4096 9216 12800 ) (4096 9216 0 ) 
4 19 30 (4096 9216 0 ) (4096 9216 12800 ) (4096 10240 12800 ) (4096 10240 0 ) 
4 20 22 (4096 12288 0 ) (4096 12288 12800 ) (3072 12288 12800 ) (3072 12288 0 ) 
4 20 21 (3072 13312 12800 ) (3072 13312 0 ) (3072 12288 0 ) (3072 12288 12800 ) 
4 21 24 (2048 13312 12800 ) (2048 13312 0 ) (2048 12288 0 ) (2048 12288 12800 ) 
4 21 23 (3072 12288 0 ) (3072 12288 12800 ) (2048 12288 12800 ) (2048 12288 0 ) 
4 22 28 (4096 11264 0 ) (4096 11264 12800 ) (3072 11264 12800 ) (3072 11264 0 ) 
4 22 23 (3072 12288 12800 ) (3072 12288 0 ) (3072 11264 0 ) (3072 11264 12800 ) 
4 23 29 (3072 11264 0 ) (3072 11264 12800 ) (2048 11264 12800 ) (2048 11264 0 ) 
4 23 26 (2048 11264 0 ) (2048 11264 12800 ) (2048 12288 12800 ) (2048 12288 0 ) 
4 24 26 (2048 12288 0 ) (2048 12288 12800 ) (1024 12288 12800 ) (1024 12288 0 ) 
4 24 25 (1024 13312 12800 ) (1024 13312 0 ) (1024 12288 0 ) (1024 12288 12800 ) 
4 25 48 (0 12288 0 ) (0 12288 12800 ) (0 13312 12800 ) (0 13312 0 ) 
4 25 27 (1024 12288 0 ) (1024 12288 12800 ) (0 12288 12800 ) (0 12288 0 ) 
4 26 32 (2048 11264 0 ) (2048 11264 12800 ) (1024 11264 12800 ) (1024 11264 0 ) 
4 26 27 (1024 12288 12800 ) (1024 12288 0 ) (1024 11264 0 ) (1024 11264 12800 ) 
4 27 50 (0 11264 0 ) (0 11264 12800 ) (0 12288 12800 ) (0 12288 0 ) 
4 27 33 (1024 11264 0 ) (1024 11264 12800 ) (0 11264 12800 ) (0 11264 0 ) 
4 28 30 (4096 10240 0 ) (4096 10240 12800 ) (3072 10240 12800 ) (3072 10240 0 ) 
4 28 29 (3072 11264 12800 ) (3072 11264 0 ) (3072 10240 0 ) (3072 10240 12800 ) 
4 29 32 (2048 11264 12800 ) (2048 11264 0 ) (2048 10240 0 ) (2048 10240 12800 ) 
4 29 31 (3072 10240 0 ) (3072 10240 12800 ) (2048 10240 12800 ) (2048 10240 0 ) 
4 30 80 (4096 9216 0 ) (4096 9216 12800 ) (3072 9216 12800 ) (3072 9216 0 ) 
4 30 31 (3072 10240 12800 ) (3072 10240 0 ) (3072 9216 0 ) (3072 9216 12800 ) 
4 31 81 (3072 9216 0 ) (3072 9216 12800 ) (2048 9216 12800 ) (2048 9216 0 ) 
4 31 34 (2048 9216 0 ) (2048 9216 12800 ) (2048 10240 12800 ) (2048 10240 0 ) 
4 32 34 (2048 10240 0 ) (2048 10240 12800 ) (1024 10240 12800 ) (1024 10240 0 ) 
4 32 33 (1024 11264 12800 ) (1024 11264 0 ) (1024 10240 0 ) (1024 10240 12800 ) 
4 33 56 (0 10240 0 ) (0 10240 12800 ) (0 11264 12800 ) (0 11264 0 ) 
4 33 35 (1024 10240 0 ) (1024 10240 12800 ) (0 10240 12800 ) (0 10240 0 ) 
4 34 84 (2048 9216 0 ) (2048 9216 12800 ) (1024 9216 12800 ) (1024 9216 0 ) 
4 34 35 (1024 10240 12800 ) (1024 10240 0 ) (1024 9216 0 ) (1024 9216 12800 ) 
4 35 85 (1024 9216 0 ) (1024 9216 12800 ) (0 9216 12800 ) (0 9216 0 ) 
4 35 58 (0 9216 0 ) (0 9216 12800 ) (0 10240 12800 ) (0 10240 0 ) 
4 36 38 (0 14336 0 ) (0 14336 12800 ) (-1024 14336 12800 ) (-1024 14336 0 ) 
4 36 37 (-1024 14336 0 ) (-1024 14336 12800 ) (-1024 15360 12800 ) (-1024 15360 0 ) 
4 37 40 (-2048 14336 0 ) (-2048 14336 12800 ) (-2048 15360 12800 ) (-2048 15360 0 ) 
4 37 39 (-1024 14336 0 ) (-1024 14336 12800 ) (-2048 14336 12800 ) (-2048 14336 0 ) 
4 38 48 (0 13312 0 ) (0 13312 12800 ) (-1024 13312 12800 ) (-1024 13312 0 ) 
4 38 39 (-1024 14336 12800 ) (-1024 14336 0 ) (-1024 13312 0 ) (-1024 13312 12800 ) 
4 39 49 (-1024 13312 0 ) (-1024 13312 12800 ) (-2048 13312 12800 ) (-2048 13312 0 ) 
4 39 42 (-2048 13312 0 ) (-2048 13312 12800 ) (-2048 14336 12800 ) (-2048 14336 0 ) 
4 40 42 (-2048 14336 0 ) (-2048 14336 12800 ) (-3072 14336 12800 ) (-3072 14336 0 ) 
4 40 41 (-3072 14336 0 ) (-3072 14336 12800 ) (-3072 15360 12800 ) (-3072 15360 0 ) 
4 41 44 (-4096 14336 0 ) (-4096 14336 12800 ) (-4096 15360 12800 ) (-4096 15360 0 ) 
4 41 43 (-3072 14336 0 ) (-3072 14336 12800 ) (-4096 14336 12800 ) (-4096 14336 0 ) 
4 42 52 (-2048 13312 0 ) (-2048 13312 12800 ) (-3072 13312 12800 ) (-3072 13312 0 ) 
4 42 43 (-3072 14336 12800 ) (-3072 14336 0 ) (-3072 13312 0 ) (-3072 13312 12800 ) 
4 43 53 (-3072 13312 0 ) (-3072 13312 12800 ) (-4096 13312 12800 ) (-4096 13312 0 ) 
4 43 46 (-4096 13312 0 ) (-4096 13312 12800 ) (-4096 14336 12800 ) (-4096 14336 0 ) 
4 44 46 (-4096 14336 0 ) (-4096 14336 12800 ) (-5120 14336 12800 ) (-5120 14336 0 ) 
4 44 45 (-5120 14336 0 ) (-5120 14336 12800 ) (-5120 15360 12800 ) (-5120 15360 0 ) 
4 45 47 (-5120 14336 0 ) (-5120 14336 12800 ) (-6144 14336 12800 ) (-6144 14336 0 ) 
4 46 64 (-4096 13312 0 ) (-4096 13312 12800 ) (-5120 13312 12800 ) (-5120 13312 0 ) 
4 46 47 (-5120 14336 12800 ) (-5120 14336 0 ) (-5120 13312 0 ) (-5120 13312 12800 ) 
4 47 65 (-5120 13312 0 ) (-5120 13312 12800 ) (-6144 13312 12800 ) (-6144 13312 0 ) 
4 48 50 (0 12288 0 ) (0 12288 12800 ) (-1024 12288 12800 ) (-1024 12288 0 ) 
4 48 49 (-1024 13312 12800 ) (-1024 13312 0 ) (-1024 12288 0 ) (-1024 12288 12800 ) 
4 49 52 (-2048 13312 12800 ) (-2048 13312 0 ) (-2048 12288 0 ) (-2048 12288 12800 ) 
4 49 51 (-1024 12288 0 ) (-1024 12288 12800 ) (-2048 12288 12800 ) (-2048 12288 0 ) 
4 50 56 (0 11264 0 ) (0 11264 12800 ) (-1024 11264 12800 ) (-1024 11264 0 ) 
4 50 51 (-1024 12288 12800 ) (-1024 12288 0 ) (-1024 11264 0 ) (-1024 11264 12800 ) 
4 51 57 (-1024 11264 0 ) (-1024 11264 12800 ) (-2048 11264 12800 ) (-2048 11264 0 ) 
4 51 54 (-2048 11264 0 ) (-2048 11264 12800 ) (-2048 12288 12800 ) (-2048 12288 0 ) 
4 52 54 (-2048 12288 0 ) (-2048 12288 12800 ) (-3072 12288 12800 ) (-3072 12288 0 ) 
4 52 53 (-3072 13312 12800 ) (-3072 13312 0 ) (-3072 12288 0 ) (-3072 12288 12800 ) 
4 53 64 (-4096 13312 12800 ) (-4096 13312 0 ) (-4096 12288 0 ) (-4096 12288 12800 ) 
4 53 55 (-3072 12288 0 ) (-3072 12288 12800 ) (-4096 12288 12800 ) (-4096 12288 0 ) 
4 54 60 (-2048 11264 0 ) (-2048 11264 12800 ) (-3072 11264 12800 ) (-3072 11264 0 ) 
4 54 55 (-3072 12288 12800 ) (-3072 12288 0 ) (-3072 11264 0 ) (-3072 11264 12800 ) 
4 55 66 (-4096 11264 0 ) (-4096 11264 12800 ) (-4096 12288 12800 ) (-4096 12288 0 ) 
4 55 61 (-3072 11264 0 ) (-3072 11264 12800 ) (-4096 11264 12800 ) (-4096 11264 0 ) 
4 56 58 (0 10240 0 ) (0 10240 12800 ) (-1024 10240 12800 ) (-1024 10240 0 ) 
4 56 57 (-1024 11264 12800 ) (-1024 11264 0 ) (-1024 10240 0 ) (-1024 10240 12800 ) 
4 57 60 (-2048 11264 12800 ) (-2048 11264 0 ) (-2048 10240 0 ) (-2048 10240 12800 ) 
4 57 59 (-1024 10240 0 ) (-1024 10240 12800 ) (-2048 10240 12800 ) (-2048 10240 0 ) 
4 58 120 (0 9216 0 ) (0 9216 12800 ) (-1024 9216 12800 ) (-1024 9216 0 ) 
4 58 59 (-1024 10240 12800 ) (-1024 10240 0 ) (-1024 9216 0 ) (-1024 9216 12800 ) 
4 59 121 (-1024 9216 0 ) (-1024 9216 12800 ) (-2048 9216 12800 ) (-2048 9216 0 ) 
4 59 62 (-2048 9216 0 ) (-2048 9216 12800 ) (-2048 10240 12800 ) (-2048 10240 0 ) 
4 60 62 (-2048 10240 0 ) (-2048 10240 12800 ) (-3072 10240 12800 ) (-3072 10240 0 ) 
4 60 61 (-3072 11264 12800 ) (-3072 11264 0 ) (-3072 10240 0 ) (-3072 10240 12800 ) 
4 61 68 (-4096 10240 0 ) (-4096 10240 12800 ) (-4096 11264 12800 ) (-4096 11264 0 ) 
4 61 63 (-3072 10240 0 ) (-3072 10240 12800 ) (-4096 10240 12800 ) (-4096 10240 0 ) 
4 62 124 (-2048 9216 0 ) (-2048 9216 12800 ) (-3072 9216 12800 ) (-3072 9216 0 ) 
4 62 63 (-3072 10240 12800 ) (-3072 10240 0 ) (-3072 9216 0 ) (-3072 9216 12800 ) 
4 63 125 (-3072 9216 0 ) (-3072 9216 12800 ) (-4096 9216 12800 ) (-4096 9216 0 ) 
4 63 70 (-4096 9216 0 ) (-4096 9216 12800 ) (-4096 10240 12800 ) (-4096 10240 0 ) 
4 64 66 (-4096 12288 0 ) (-4096 12288 12800 ) (-5120 12288 12800 ) (-5120 12288 0 ) 
4 64 65 (-5120 13312 12800 ) (-5120 13312 0 ) (-5120 12288 0 ) (-5120 12288 12800 ) 
4 65 67 (-5120 12288 0 ) (-5120 12288 12800 ) (-6144 12288 12800 ) (-6144 12288 0 ) 
4 66 68 (-4096 11264 0 ) (-4096 11264 12800 ) (-5120 11264 12800 ) (-5120 11264 0 ) 
4 66 67 (-5120 12288 12800 ) (-5120 12288 0 ) (-5120 11264 0 ) (-5120 11264 12800 ) 
4 67 69 (-5120 11264 0 ) (-5120 11264 12800 ) (-6144 11264 12800 ) (-6144 11264 0 ) 
4 68 70 (-4096 10240 0 ) (-4096 10240 12800 ) (-5120 10240 12800 ) (-5120 10240 0 ) 
4 68 69 (-5120 11264 12800 ) (-5120 11264 0 ) (-5120 10240 0 ) (-5120 10240 12800 ) 
4 69 71 (-5120 10240 0 ) (-5120 10240 12800 ) (-6144 10240 12800 ) (-6144 10240 0 ) 
4 70 136 (-4096 9216 0 ) (-4096 9216 12800 ) (-5120 9216 12800 ) (-5120 9216 0 ) 
4 70 71 (-5120 10240 12800 ) (-5120 10240 0 ) (-5120 9216 0 ) (-5120 9216 12800 ) 
4 71 137 (-5120 9216 0 ) (-5120 9216 12800 ) (-6144 9216 12800 ) (-6144 9216 0 ) 
4 72 74 (6144 8192 0 ) (6144 8192 12800 ) (5120 8192 12800 ) (5120 8192 0 ) 
4 72 73 (5120 9216 12800 ) (5120 9216 0 ) (5120 8192 0 ) (5120 8192 12800 ) 
4 73 80 (4096 9216 12800 ) (4096 9216 0 ) (4096 8192 0 ) (4096 8192 12800 ) 
4 73 75 (5120 8192 0 ) (5120 8192 12800 ) (4096 8192 12800 ) (4096 8192 0 ) 
4 74 76 (6144 7168 0 ) (6144 7168 12800 ) (5120 7168 12800 ) (5120 7168 0 ) 
4 74 75 (5120 8192 12800 ) (5120 8192 0 ) (5120 7168 0 ) (5120 7168 12800 ) 
4 75 82 (4096 7168 0 ) (4096 7168 12800 ) (4096 8192 12800 ) (4096 8192 0 ) 
4 75 77 (5120 7168 0 ) (5120 7168 12800 ) (4096 7168 12800 ) (4096 7168 0 ) 
4 76 78 (6144 6144 0 ) (6144 6144 12800 ) (5120 6144 12800 ) (5120 6144 0 ) 
4 76 77 (5120 7168 12800 ) (5120 7168 0 ) (5120 6144 0 ) (5120 6144 12800 ) 
4 77 88 (4096 6144 0 ) (4096 6144 12800 ) (4096 7168 12800 ) (4096 7168 0 ) 
4 77 79 (5120 6144 0 ) (5120 6144 12800 ) (4096 6144 12800 ) (4096 6144 0 ) 
4 78 96 (6144 5120 0 ) (6144 5120 12800 ) (5120 5120 12800 ) (5120 5120 0 ) 
4 78 79 (5120 6144 12800 ) (5120 6144 0 ) (5120 5120 0 ) (5120 5120 12800 ) 
4 79 97 (5120 5120 0 ) (5120 5120 12800 ) (4096 5120 12800 ) (4096 5120 0 ) 
4 79 90 (4096 5120 0 ) (4096 5120 12800 ) (4096 6144 12800 ) (4096 6144 0 ) 
4 80 82 (4096 8192 0 ) (4096 8192 12800 ) (3072 8192 12800 ) (3072 8192 0 ) 
4 80 81 (3072 9216 12800 ) (3072 9216 0 ) (3072 8192 0 ) (3072 8192 12800 ) 
4 81 84 (2048 9216 12800 ) (2048 9216 0 ) (2048 8192 0 ) (2048 8192 12800 ) 
4 81 83 (3072 8192 0 ) (3072 8192 12800 ) (2048 8192 12800 ) (2048 8192 0 ) 
4 82 88 (4096 7168 0 ) (4096 7168 12800 ) (3072 7168 12800 ) (3072 7168 0 ) 
4 82 83 (3072 8192 12800 ) (3072 8192 0 ) (3072 7168 0 ) (3072 7168 12800 ) 
4 83 89 (3072 7168 0 ) (3072 7168 12800 ) (2048 7168 12800 ) (2048 7168 0 ) 
4 83 86 (2048 7168 0 ) (2048 7168 12800 ) (2048 8192 12800 ) (2048 8192 0 ) 
4 84 86 (2048 8192 0 ) (2048 8192 12800 ) (1024 8192 12800 ) (1024 8192 0 ) 
4 84 85 (1024 9216 12800 ) (1024 9216 0 ) (1024 8192 0 ) (1024 8192 12800 ) 
4 85 120 (0 9216 12800 ) (0 9216 0 ) (0 8192 0 ) (0 8192 12800 ) 
4 85 87 (1024 8192 0 ) (1024 8192 12800 ) (0 8192 12800 ) (0 8192 0 ) 
4 86 92 (2048 7168 0 ) (2048 7168 12800 ) (1024 7168 12800 ) (1024 7168 0 ) 
4 86 87 (1024 8192 12800 ) (1024 8192 0 ) (1024 7168 0 ) (1024 7168 12800 ) 
4 87 122 (0 7168 0 ) (0 7168 12800 ) (0 8192 12800 ) (0 8192 0 ) 
4 87 93 (1024 7168 0 ) (1024 7168 12800 ) (0 7168 12800 ) (0 7168 0 ) 
4 88 90 (4096 6144 0 ) (4096 6144 12800 ) (3072 6144 12800 ) (3072 6144 0 ) 
4 88 89 (3072 7168 12800 ) (3072 7168 0 ) (3072 6144 0 ) (3072 6144 12800 ) 
4 89 92 (2048 7168 12800 ) (2048 7168 0 ) (2048 6144 0 ) (2048 6144 12800 ) 
4 89 91 (3072 6144 0 ) (3072 6144 12800 ) (2048 6144 12800 ) (2048 6144 0 ) 
4 90 104 (4096 5120 0 ) (4096 5120 12800 ) (3072 5120 12800 ) (3072 5120 0 ) 
4 90 91 (3072 6144 12800 ) (3072 6144 0 ) (3072 5120 0 ) (3072 5120 12800 ) 
4 91 105 (3072 5120 0 ) (3072 5120 12800 ) (2048 5120 12800 ) (2048 5120 0 ) 
4 91 94 (2048 5120 0 ) (2048 5120 12800 ) (2048 6144 12800 ) (2048 6144 0 ) 
4 92 94 (2048 6144 0 ) (2048 6144 12800 ) (1024 6144 12800 ) (1024 6144 0 ) 
4 92 93 (1024 7168 12800 ) (1024 7168 0 ) (1024 6144 0 ) (1024 6144 12800 ) 
4 93 128 (0 6144 0 ) (0 6144 12800 ) (0 7168 12800 ) (0 7168 0 ) 
4 93 95 (1024 6144 0 ) (1024 6144 12800 ) (0 6144 12800 ) (0 6144 0 ) 
4 94 108 (2048 5120 0 ) (2048 5120 12800 ) (1024 5120 12800 ) (1024 5120 0 ) 
4 94 95 (1024 6144 12800 ) (1024 6144 0 ) (1024 5120 0 ) (1024 5120 12800 ) 
4 95 130 (0 5120 0 ) (0 5120 12800 ) (0 6144 12800 ) (0 6144 0 ) 
4 95 109 (1024 5120 0 ) (1024 5120 12800 ) (0 5120 12800 ) (0 5120 0 ) 
4 96 98 (6144 4096 0 ) (6144 4096 12800 ) (5120 4096 12800 ) (5120 4096 0 ) 
4 96 97 (5120 5120 12800 ) (5120 5120 0 ) (5120 4096 0 ) (5120 4096 12800 ) 
4 97 104 (4096 5120 12800 ) (4096 5120 0 ) (4096 4096 0 ) (4096 4096 12800 ) 
4 97 99 (5120 4096 0 ) (5120 4096 12800 ) (4096 4096 12800 ) (4096 4096 0 ) 
4 98 100 (6144 3072 0 ) (6144 3072 12800 ) (5120 3072 12800 ) (5120 3072 0 ) 
4 98 99 (5120 4096 12800 ) (5120 4096 0 ) (5120 3072 0 ) (5120 3072 12800 ) 
4 99 106 (4096 3072 0 ) (4096 3072 12800 ) (4096 4096 12800 ) (4096 4096 0 ) 
4 99 101 (5120 3072 0 ) (5120 3072 12800 ) (4096 3072 12800 ) (4096 3072 0 ) 
4 100 102 (6144 2048 0 ) (6144 2048 12800 ) (5120 2048 12800 ) (5120 2048 0 ) 
4 100 101 (5120 3072 12800 ) (5120 3072 0 ) (5120 2048 0 ) (5120 2048 12800 ) 
4 101 112 (4096 2048 0 ) (4096 2048 12800 ) (4096 3072 12800 ) (4096 3072 0 ) 
4 101 103 (5120 2048 0 ) (5120 2048 12800 ) (4096 2048 12800 ) (4096 2048 0 ) 
4 102 168 (6144 1024 0 ) (6144 1024 12800 ) (5120 1024 12800 ) (5120 1024 0 ) 
4 102 103 (5120 2048 12800 ) (5120 2048 0 ) (5120 1024 0 ) (5120 1024 12800 ) 
4 103 169 (5120 1024 0 ) (5120 1024 12800 ) (4096 1024 12800 ) (4096 1024 0 ) 
4 103 114 (4096 1024 0 ) (4096 1024 12800 ) (4096 2048 12800 ) (4096 2048 0 ) 
4 104 106 (4096 4096 0 ) (4096 4096 12800 ) (3072 4096 12800 ) (3072 4096 0 ) 
4 104 105 (3072 5120 12800 ) (3072 5120 0 ) (3072 4096 0 ) (3072 4096 12800 ) 
4 105 108 (2048 5120 12800 ) (2048 5120 0 ) (2048 4096 0 ) (2048 4096 12800 ) 
4 105 107 (3072 4096 0 ) (3072 4096 12800 ) (2048 4096 12800 ) (2048 4096 0 ) 
4 106 112 (4096 3072 0 ) (4096 3072 12800 ) (3072 3072 12800 ) (3072 3072 0 ) 
4 106 107 (3072 4096 12800 ) (3072 4096 0 ) (3072 3072 0 ) (3072 3072 12800 ) 
4 107 113 (3072 3072 0 ) (3072 3072 12800 ) (2048 3072 12800 ) (2048 3072 0 ) 
4 107 110 (2048 3072 0 ) (2048 3072 12800 ) (2048 4096 12800 ) (2048 4096 0 ) 
4 108 110 (2048 4096 0 ) (2048 4096 12800 ) (1024 4096 12800 ) (1024 4096 0 ) 
4 108 109 (1024 5120 12800 ) (1024 5120 0 ) (1024 4096 0 ) (1024 4096 12800 ) 
4 109 144 (0 4096 0 ) (0 4096 12800 ) (0 5120 12800 ) (0 5120 0 ) 
4 109 111 (1024 4096 0 ) (1024 4096 12800 ) (0 4096 12800 ) (0 4096 0 ) 
4 110 116 (2048 3072 0 ) (2048 3072 12800 ) (1024 3072 12800 ) (1024 3072 0 ) 
4 110 111 (1024 4096 12800 ) (1024 4096 0 ) (1024 3072 0 ) (1024 3072 12800 ) 
4 111 146 (0 3072 0 ) (0 3072 12800 ) (0 4096 12800 ) (0 4096 0 ) 
4 111 117 (1024 3072 0 ) (1024 3072 12800 ) (0 3072 12800 ) (0 3072 0 ) 
4 112 114 (4096 2048 0 ) (4096 2048 12800 ) (3072 2048 12800 ) (3072 2048 0 ) 
4 112 113 (3072 3072 12800 ) (3072 3072 0 ) (3072 2048 0 ) (3072 2048 12800 ) 
4 113 116 (2048 3072 12800 ) (2048 3072 0 ) (2048 2048 0 ) (2048 2048 12800 ) 
4 113 115 (3072 2048 0 ) (3072 2048 12800 ) (2048 2048 12800 ) (2048 2048 0 ) 
4 114 176 (4096 1024 0 ) (4096 1024 12800 ) (3072 1024 12800 ) (3072 1024 0 ) 
4 114 115 (3072 2048 12800 ) (3072 2048 0 ) (3072 1024 0 ) (3072 1024 12800 ) 
4 115 177 (3072 1024 0 ) (3072 1024 12800 ) (2048 1024 12800 ) (2048 1024 0 ) 
4 115 118 (2048 1024 0 ) (2048 1024 12800 ) (2048 2048 12800 ) (2048 2048 0 ) 
4 116 118 (2048 2048 0 ) (2048 2048 12800 ) (1024 2048 12800 ) (1024 2048 0 ) 
4 116 117 (1024 3072 12800 ) (1024 3072 0 ) (1024 2048 0 ) (1024 2048 12800 ) 
4 117 152 (0 2048 0 ) (0 2048 12800 ) (0 3072 12800 ) (0 3072 0 ) 
4 117 119 (1024 2048 0 ) (1024 2048 12800 ) (0 2048 12800 ) (0 2048 0 ) 
4 118 180 (2048 1024 0 ) (2048 1024 12800 ) (1024 1024 12800 ) (1024 1024 0 ) 
4 118 119 (1024 2048 12800 ) (1024 2048 0 ) (1024 1024 0 ) (1024 1024 12800 ) 
4 119 181 (1024 1024 0 ) (1024 1024 12800 ) (0 1024 12800 ) (0 1024 0 ) 
4 119 154 (0 1024 0 ) (0 1024 12800 ) (0 2048 12800 ) (0 2048 0 ) 
4 120 122 (0 8192 0 ) (0 8192 12800 ) (-1024 8192 12800 ) (-1024 8192 0 ) 
4 120 121 (-1024 9216 12800 ) (-1024 9216 0 ) (-1024 8192 0 ) (-1024 8192 12800 ) 
4 121 124 (-2048 9216 12800 ) (-2048 9216 0 ) (-2048 8192 0 ) (-2048 8192 12800 ) 
4 121 123 (-1024 8192 0 ) (-1024 8192 12800 ) (-2048 8192 12800 ) (-2048 8192 0 ) 
4 122 128 (0 7168 0 ) (0 7168 12800 ) (-1024 7168 12800 ) (-1024 7168 0 ) 
4 122 123 (-1024 8192 12800 ) (-1024 8192 0 ) (-1024 7168 0 ) (-1024 7168 12800 ) 
4 123 129 (-1024 7168 0 ) (-1024 7168 12800 ) (-2048 7168 12800 ) (-2048 7168 0 ) 
4 123 126 (-2048 7168 0 ) (-2048 7168 12800 ) (-2048 8192 12800 ) (-2048 8192 0 ) 
4 124 126 (-2048 8192 0 ) (-2048 8192 12800 ) (-3072 8192 12800 ) (-3072 8192 0 ) 
4 124 125 (-3072 9216 12800 ) (-3072 9216 0 ) (-3072 8192 0 ) (-3072 8192 12800 ) 
4 125 136 (-4096 9216 12800 ) (-4096 9216 0 ) (-4096 8192 0 ) (-4096 8192 12800 ) 
4 125 127 (-3072 8192 0 ) (-3072 8192 12800 ) (-4096 8192 12800 ) (-4096 8192 0 ) 
4 126 132 (-2048 7168 0 ) (-2048 7168 12800 ) (-3072 7168 12800 ) (-3072 7168 0 ) 
4 126 127 (-3072 8192 12800 ) (-3072 8192 0 ) (-3072 7168 0 ) (-3072 7168 12800 ) 
4 127 138 (-4096 7168 0 ) (-4096 7168 12800 ) (-4096 8192 12800 ) (-4096 8192 0 ) 
4 127 133 (-3072 7168 0 ) (-3072 7168 12800 ) (-4096 7168 12800 ) (-4096 7168 0 ) 
4 128 130 (0 6144 0 ) (0 6144 12800 ) (-1024 6144 12800 ) (-1024 6144 0 ) 
4 128 129 (-1024 7168 12800 ) (-1024 7168 0 ) (-1024 6144 0 ) (-1024 6144 12800 ) 
4 129 132 (-2048 7168 12800 ) (-2048 7168 0 ) (-2048 6144 0 ) (-2048 6144 12800 ) 
4 129 131 (-1024 6144 0 ) (-1024 6144 12800 ) (-2048 6144 12800 ) (-2048 6144 0 ) 
4 130 144 (0 5120 0 ) (0 5120 12800 ) (-1024 5120 12800 ) (-1024 5120 0 ) 
4 130 131 (-1024 6144 12800 ) (-1024 6144 0 ) (-1024 5120 0 ) (-1024 5120 12800 ) 
4 131 145 (-1024 5120 0 ) (-1024 5120 12800 ) (-2048 5120 12800 ) (-2048 5120 0 ) 
4 131 134 (-2048 5120 0 ) (-2048 5120 12800 ) (-2048 6144 12800 ) (-2048 6144 0 ) 
4 132 134 (-2048 6144 0 ) (-2048 6144 12800 ) (-3072 6144 12800 ) (-3072 6144 0 ) 
4 132 133 (-3072 7168 12800 ) (-3072 7168 0 ) (-3072 6144 0 ) (-3072 6144 12800 ) 
4 133 140 (-4096 6144 0 ) (-4096 6144 12800 ) (-4096 7168 12800 ) (-4096 7168 0 ) 
4 133 135 (-3072 6144 0 ) (-3072 6144 12800 ) (-4096 6144 12800 ) (-4096 6144 0 ) 
4 134 148 (-2048 5120 0 ) (-2048 5120 12800 ) (-3072 5120 12800 ) (-3072 5120 0 ) 
4 134 135 (-3072 6144 12800 ) (-3072 6144 0 ) (-3072 5120 0 ) (-3072 5120 12800 ) 
4 135 149 (-3072 5120 0 ) (-3072 5120 12800 ) (-4096 5120 12800 ) (-4096 5120 0 ) 
4 135 142 (-4096 5120 0 ) (-4096 5120 12800 ) (-4096 6144 12800 ) (-4096 6144 0 ) 
4 136 138 (-4096 8192 0 ) (-4096 8192 12800 ) (-5120 8192 12800 ) (-5120 8192 0 ) 
4 136 137 (-5120 9216 12800 ) (-5120 9216 0 ) (-5120 8192 0 ) (-5120 8192 12800 ) 
4 137 139 (-5120 8192 0 ) (-5120 8192 12800 ) (-6144 8192 12800 ) (-6144 8192 0 ) 
4 138 140 (-4096 7168 0 ) (-4096 7168 12800 ) (-5120 7168 12800 ) (-5120 7168 0 ) 
4 138 139 (-5120 8192 12800 ) (-5120 8192 0 ) (-5120 7168 0 ) (-5120 7168 12800 ) 
4 139 141 (-5120 7168 0 ) (-5120 7168 12800 ) (-6144 7168 12800 ) (-6144 7168 0 ) 
4 140 142 (-4096 6144 0 ) (-4096 6144 12800 ) (-5120 6144 12800 ) (-5120 6144 0 ) 
4 140 141 (-5120 7168 12800 ) (-5120 7168 0 ) (-5120 6144 0 ) (-5120 6144 12800 ) 
4 141 143 (-5120 6144 0 ) (-5120 6144 12800 ) (-6144 6144 12800 ) (-6144 6144 0 ) 
4 142 160 (-4096 5120 0 ) (-4096 5120 12800 ) (-5120 5120 12800 ) (-5120 5120 0 ) 
4 142 143 (-5120 6144 12800 ) (-5120 6144 0 ) (-5120 5120 0 ) (-5120 5120 12800 ) 
4 143 161 (-5120 5120 0 ) (-5120 5120 12800 ) (-6144 5120 12800 ) (-6144 5120 0 ) 
4 144 146 (0 4096 0 ) (0 4096 12800 ) (-1024 4096 12800 ) (-1024 4096 0 ) 
4 144 145 (-1024 5120 12800 ) (-1024 5120 0 ) (-1024 4096 0 ) (-1024 4096 12800 ) 
4 145 148 (-2048 5120 12800 ) (-2048 5120 0 ) (-2048 4096 0 ) (-2048 4096 12800 ) 
4 145 147 (-1024 4096 0 ) (-1024 4096 12800 ) (-2048 4096 12800 ) (-2048 4096 0 ) 
4 146 152 (0 3072 0 ) (0 3072 12800 ) (-1024 3072 12800 ) (-1024 3072 0 ) 
4 146 147 (-1024 4096 12800 ) (-1024 4096 0 ) (-1024 3072 0 ) (-1024 3072 12800 ) 
4 147 153 (-1024 3072 0 ) (-1024 3072 12800 ) (-2048 3072 12800 ) (-2048 3072 0 ) 
4 147 150 (-2048 3072 0 ) (-2048 3072 12800 ) (-2048 4096 12800 ) (-2048 4096 0 ) 
4 148 150 (-2048 4096 0 ) (-2048 4096 12800 ) (-3072 4096 12800 ) (-3072 4096 0 ) 
4 148 149 (-3072 5120 12800 ) (-3072 5120 0 ) (-3072 4096 0 ) (-3072 4096 12800 ) 
4 149 160 (-4096 5120 12800 ) (-4096 5120 0 ) (-4096 4096 0 ) (-4096 4096 12800 ) 
4 149 151 (-3072 4096 0 ) (-3072 4096 12800 ) (-4096 4096 12800 ) (-4096 4096 0 ) 
4 150 156 (-2048 3072 0 ) (-2048 3072 12800 ) (-3072 3072 12800 ) (-3072 3072 0 ) 
4 150 151 (-3072 4096 12800 ) (-3072 4096 0 ) (-3072 3072 0 ) (-3072 3072 12800 ) 
4 151 162 (-4096 3072 0 ) (-4096 3072 12800 ) (-4096 4096 12800 ) (-4096 4096 0 ) 
4 151 157 (-3072 3072 0 ) (-3072 3072 12800 ) (-4096 3072 12800 ) (-4096 3072 0 ) 
4 152 154 (0 2048 0 ) (0 2048 12800 ) (-1024 2048 12800 ) (-1024 2048 0 ) 
4 152 153 (-1024 3072 12800 ) (-1024 3072 0 ) (-1024 2048 0 ) (-1024 2048 12800 ) 
4 153 156 (-2048 3072 12800 ) (-2048 3072 0 ) (-2048 2048 0 ) (-2048 2048 12800 ) 
4 153 155 (-1024 2048 0 ) (-1024 2048 12800 ) (-2048 2048 12800 ) (-2048 2048 0 ) 
4 154 216 (0 1024 0 ) (0 1024 12800 ) (-1024 1024 12800 ) (-1024 1024 0 ) 
4 154 155 (-1024 2048 12800 ) (-1024 2048 0 ) (-1024 1024 0 ) (-1024 1024 12800 ) 
4 155 217 (-1024 1024 0 ) (-1024 1024 12800 ) (-2048 1024 12800 ) (-2048 1024 0 ) 
4 155 158 (-2048 1024 0 ) (-2048 1024 12800 ) (-2048 2048 12800 ) (-2048 2048 0 ) 
4 156 158 (-2048 2048 0 ) (-2048 2048 12800 ) (-3072 2048 12800 ) (-3072 2048 0 ) 
4 156 157 (-3072 3072 12800 ) (-3072 3072 0 ) (-3072 2048 0 ) (-3072 2048 12800 ) 
4 157 164 (-4096 2048 0 ) (-4096 2048 12800 ) (-4096 3072 12800 ) (-4096 3072 0 ) 
4 157 159 (-3072 2048 0 ) (-3072 2048 12800 ) (-4096 2048 12800 ) (-4096 2048 0 ) 
4 158 220 (-2048 1024 0 ) (-2048 1024 12800 ) (-3072 1024 12800 ) (-3072 1024 0 ) 
4 158 159 (-3072 2048 12800 ) (-3072 2048 0 ) (-3072 1024 0 ) (-3072 1024 12800 ) 
4 159 221 (-3072 1024 0 ) (-3072 1024 12800 ) (-4096 1024 12800 ) (-4096 1024 0 ) 
4 159 166 (-4096 1024 0 ) (-4096 1024 12800 ) (-4096 2048 12800 ) (-4096 2048 0 ) 
4 160 162 (-4096 4096 0 ) (-4096 4096 12800 ) (-5120 4096 12800 ) (-5120 4096 0 ) 
4 160 161 (-5120 5120 12800 ) (-5120 5120 0 ) (-5120 4096 0 ) (-5120 4096 12800 ) 
4 161 163 (-5120 4096 0 ) (-5120 4096 12800 ) (-6144 4096 12800 ) (-6144 4096 0 ) 
4 162 164 (-4096 3072 0 ) (-4096 3072 12800 ) (-5120 3072 12800 ) (-5120 3072 0 ) 
4 162 163 (-5120 4096 12800 ) (-5120 4096 0 ) (-5120 3072 0 ) (-5120 3072 12800 ) 
4 163 165 (-5120 3072 0 ) (-5120 3072 12800 ) (-6144 3072 12800 ) (-6144 3072 0 ) 
4 164 166 (-4096 2048 0 ) (-4096 2048 12800 ) (-5120 2048 12800 ) (-5120 2048 0 ) 
4 164 165 (-5120 3072 12800 ) (-5120 3072 0 ) (-5120 2048 0 ) (-5120 2048 12800 ) 
4 165 167 (-5120 2048 0 ) (-5120 2048 12800 ) (-6144 2048 12800 ) (-6144 2048 0 ) 
4 166 232 (-4096 1024 0 ) (-4096 1024 12800 ) (-5120 1024 12800 ) (-5120 1024 0 ) 
4 166 167 (-5120 2048 12800 ) (-5120 2048 0 ) (-5120 1024 0 ) (-5120 1024 12800 ) 
4 167 233 (-5120 1024 0 ) (-5120 1024 12800 ) (-6144 1024 12800 ) (-6144 1024 0 ) 
4 168 170 (6144 0 0 ) (6144 0 12800 ) (5120 0 12800 ) (5120 0 0 ) 
4 168 169 (5120 0 0 ) (5120 0 12800 ) (5120 1024 12800 ) (5120 1024 0 ) 
4 169 176 (4096 0 0 ) (4096 0 12800 ) (4096 1024 12800 ) (4096 1024 0 ) 
4 169 171 (5120 0 0 ) (5120 0 12800 ) (4096 0 12800 ) (4096 0 0 ) 
4 170 172 (6144 -1024 0 ) (6144 -1024 12800 ) (5120 -1024 12800 ) (5120 -1024 0 ) 
4 170 171 (5120 0 12800 ) (5120 0 0 ) (5120 -1024 0 ) (5120 -1024 12800 ) 
4 171 178 (4096 -1024 0 ) (4096 -1024 12800 ) (4096 0 12800 ) (4096 0 0 ) 
4 171 173 (5120 -1024 0 ) (5120 -1024 12800 ) (4096 -1024 12800 ) (4096 -1024 0 ) 
4 172 174 (6144 -2048 0 ) (6144 -2048 12800 ) (5120 -2048 12800 ) (5120 -2048 0 ) 
4 172 173 (5120 -1024 12800 ) (5120 -1024 0 ) (5120 -2048 0 ) (5120 -2048 12800 ) 
4 173 184 (4096 -2048 0 ) (4096 -2048 12800 ) (4096 -1024 12800 ) (4096 -1024 0 ) 
4 173 175 (5120 -2048 0 ) (5120 -2048 12800 ) (4096 -2048 12800 ) (4096 -2048 0 ) 
4 174 192 (6144 -3072 0 ) (6144 -3072 12800 ) (5120 -3072 12800 ) (5120 -3072 0 ) 
4 174 175 (5120 -2048 12800 ) (5120 -2048 0 ) (5120 -3072 0 ) (5120 -3072 12800 ) 
4 175 193 (5120 -3072 0 ) (5120 -3072 12800 ) (4096 -3072 12800 ) (4096 -3072 0 ) 
4 175 186 (4096 -3072 0 ) (4096 -3072 12800 ) (4096 -2048 12800 ) (4096 -2048 0 ) 
4 176 178 (4096 0 0 ) (4096 0 12800 ) (3072 0 12800 ) (3072 0 0 ) 
4 176 177 (3072 0 0 ) (3072 0 12800 ) (3072 1024 12800 ) (3072 1024 0 ) 
4 177 180 (2048 0 0 ) (2048 0 12800 ) (2048 1024 12800 ) (2048 1024 0 ) 
4 177 179 (3072 0 0 ) (3072 0 12800 ) (2048 0 12800 ) (2048 0 0 ) 
4 178 184 (4096 -1024 0 ) (4096 -1024 12800 ) (3072 -1024 12800 ) (3072 -1024 0 ) 
4 178 179 (3072 0 12800 ) (3072 0 0 ) (3072 -1024 0 ) (3072 -1024 12800 ) 
4 179 185 (3072 -1024 0 ) (3072 -1024 12800 ) (2048 -1024 12800 ) (2048 -1024 0 ) 
4 179 182 (2048 -1024 0 ) (2048 -1024 12800 ) (2048 0 12800 ) (2048 0 0 ) 
4 180 182 (2048 0 0 ) (2048 0 12800 ) (1024 0 12800 ) (1024 0 0 ) 
4 180 181 (1024 0 0 ) (1024 0 12800 ) (1024 1024 12800 ) (1024 1024 0 ) 
4 181 216 (0 0 0 ) (0 0 12800 ) (0 1024 12800 ) (0 1024 0 ) 
4 181 183 (1024 0 0 ) (1024 0 12800 ) (0 0 12800 ) (0 0 0 ) 
4 182 188 (2048 -1024 0 ) (2048 -1024 12800 ) (1024 -1024 12800 ) (1024 -1024 0 ) 
4 182 183 (1024 0 12800 ) (1024 0 0 ) (1024 -1024 0 ) (1024 -1024 12800 ) 
4 183 218 (0 -1024 0 ) (0 -1024 12800 ) (0 0 12800 ) (0 0 0 ) 
4 183 189 (1024 -1024 0 ) (1024 -1024 12800 ) (0 -1024 12800 ) (0 -1024 0 ) 
4 184 186 (4096 -2048 0 ) (4096 -2048 12800 ) (3072 -2048 12800 ) (3072 -2048 0 ) 
4 184 185 (3072 -1024 12800 ) (3072 -1024 0 ) (3072 -2048 0 ) (3072 -2048 12800 ) 
4 185 188 (2048 -1024 12800 ) (2048 -1024 0 ) (2048 -2048 0 ) (2048 -2048 12800 ) 
4 185 187 (3072 -2048 0 ) (3072 -2048 12800 ) (2048 -2048 12800 ) (2048 -2048 0 ) 
4 186 200 (4096 -3072 0 ) (4096 -3072 12800 ) (3072 -3072 12800 ) (3072 -3072 0 ) 
4 186 187 (3072 -2048 12800 ) (3072 -2048 0 ) (3072 -3072 0 ) (3072 -3072 12800 ) 
4 187 201 (3072 -3072 0 ) (3072 -3072 12800 ) (2048 -3072 12800 ) (2048 -3072 0 ) 
4 187 190 (2048 -3072 0 ) (2048 -3072 12800 ) (2048 -2048 12800 ) (2048 -2048 0 ) 
4 188 190 (2048 -2048 0 ) (2048 -2048 12800 ) (1024 -2048 12800 ) (1024 -2048 0 ) 
4 188 189 (1024 -1024 12800 ) (1024 -1024 0 ) (1024 -2048 0 ) (1024 -2048 12800 ) 
4 189 224 (0 -2048 0 ) (0 -2048 12800 ) (0 -1024 12800 ) (0 -1024 0 ) 
4 189 191 (1024 -2048 0 ) (1024 -2048 12800 ) (0 -2048 12800 ) (0 -2048 0 ) 
4 190 204 (2048 -3072 0 ) (2048 -3072 12800 ) (1024 -3072 12800 ) (1024 -3072 0 ) 
4 190 191 (1024 -2048 12800 ) (1024 -2048 0 ) (1024 -3072 0 ) (1024 -3072 12800 ) 
4 191 226 (0 -3072 0 ) (0 -3072 12800 ) (0 -2048 12800 ) (0 -2048 0 ) 
4 191 205 (1024 -3072 0 ) (1024 -3072 12800 ) (0 -3072 12800 ) (0 -3072 0 ) 
4 192 194 (6144 -4096 0 ) (6144 -4096 12800 ) (5120 -4096 12800 ) (5120 -4096 0 ) 
4 192 193 (5120 -3072 12800 ) (5120 -3072 0 ) (5120 -4096 0 ) (5120 -4096 12800 ) 
4 193 200 (4096 -3072 12800 ) (4096 -3072 0 ) (4096 -4096 0 ) (4096 -4096 12800 ) 
4 193 195 (5120 -4096 0 ) (5120 -4096 12800 ) (4096 -4096 12800 ) (4096 -4096 0 ) 
4 194 196 (6144 -5120 0 ) (6144 -5120 12800 ) (5120 -5120 12800 ) (5120 -5120 0 ) 
4 194 195 (5120 -4096 12800 ) (5120 -4096 0 ) (5120 -5120 0 ) (5120 -5120 12800 ) 
4 195 202 (4096 -5120 0 ) (4096 -5120 12800 ) (4096 -4096 12800 ) (4096 -4096 0 ) 
4 195 197 (5120 -5120 0 ) (5120 -5120 12800 ) (4096 -5120 12800 ) (4096 -5120 0 ) 
4 196 198 (6144 -6144 0 ) (6144 -6144 12800 ) (5120 -6144 12800 ) (5120 -6144 0 ) 
4 196 197 (5120 -5120 12800 ) (5120 -5120 0 ) (5120 -6144 0 ) (5120 -6144 12800 ) 
4 197 208 (4096 -6144 0 ) (4096 -6144 12800 ) (4096 -5120 12800 ) (4096 -5120 0 ) 
4 197 199 (5120 -6144 0 ) (5120 -6144 12800 ) (4096 -6144 12800 ) (4096 -6144 0 ) 
4 198 264 (6144 -7168 0 ) (6144 -7168 12800 ) (5120 -7168 12800 ) (5120 -7168 0 ) 
4 198 199 (5120 -6144 12800 ) (5120 -6144 0 ) (5120 -7168 0 ) (5120 -7168 12800 ) 
4 199 265 (5120 -7168 0 ) (5120 -7168 12800 ) (4096 -7168 12800 ) (4096 -7168 0 ) 
4 199 210 (4096 -7168 0 ) (4096 -7168 12800 ) (4096 -6144 12800 ) (4096 -6144 0 ) 
4 200 202 (4096 -4096 0 ) (4096 -4096 12800 ) (3072 -4096 12800 ) (3072 -4096 0 ) 
4 200 201 (3072 -3072 12800 ) (3072 -3072 0 ) (3072 -4096 0 ) (3072 -4096 12800 ) 
4 201 204 (2048 -3072 12800 ) (2048 -3072 0 ) (2048 -4096 0 ) (2048 -4096 12800 ) 
4 201 203 (3072 -4096 0 ) (3072 -4096 12800 ) (2048 -4096 12800 ) (2048 -4096 0 ) 
4 202 208 (4096 -5120 0 ) (4096 -5120 12800 ) (3072 -5120 12800 ) (3072 -5120 0 ) 
4 202 203 (3072 -4096 12800 ) (3072 -4096 0 ) (3072 -5120 0 ) (3072 -5120 12800 ) 
4 203 209 (3072 -5120 0 ) (3072 -5120 12800 ) (2048 -5120 12800 ) (2048 -5120 0 ) 
4 203 206 (2048 -5120 0 ) (2048 -5120 12800 ) (2048 -4096 12800 ) (2048 -4096 0 ) 
4 204 206 (2048 -4096 0 ) (2048 -4096 12800 ) (1024 -4096 12800 ) (1024 -4096 0 ) 
4 204 205 (1024 -3072 12800 ) (1024 -3072 0 ) (1024 -4096 0 ) (1024 -4096 12800 ) 
4 205 240 (0 -4096 0 ) (0 -4096 12800 ) (0 -3072 12800 ) (0 -3072 0 ) 
4 205 207 (1024 -4096 0 ) (1024 -4096 12800 ) (0 -4096 12800 ) (0 -4096 0 ) 
4 206 212 (2048 -5120 0 ) (2048 -5120 12800 ) (1024 -5120 12800 ) (1024 -5120 0 ) 
4 206 207 (1024 -4096 12800 ) (1024 -4096 0 ) (1024 -5120 0 ) (1024 -5120 12800 ) 
4 207 242 (0 -5120 0 ) (0 -5120 12800 ) (0 -4096 12800 ) (0 -4096 0 ) 
4 207 213 (1024 -5120 0 ) (1024 -5120 12800 ) (0 -5120 12800 ) (0 -5120 0 ) 
4 208 210 (4096 -6144 0 ) (4096 -6144 12800 ) (3072 -6144 12800 ) (3072 -6144 0 ) 
4 208 209 (3072 -5120 12800 ) (3072 -5120 0 ) (3072 -6144 0 ) (3072 -6144 12800 ) 
4 209 212 (2048 -5120 12800 ) (2048 -5120 0 ) (2048 -6144 0 ) (2048 -6144 12800 ) 
4 209 211 (3072 -6144 0 ) (3072 -6144 12800 ) (2048 -6144 12800 ) (2048 -6144 0 ) 
4 210 272 (4096 -7168 0 ) (4096 -7168 12800 ) (3072 -7168 12800 ) (3072 -7168 0 ) 
4 210 211 (3072 -6144 12800 ) (3072 -6144 0 ) (3072 -7168 0 ) (3072 -7168 12800 ) 
4 211 273 (3072 -7168 0 ) (3072 -7168 12800 ) (2048 -7168 12800 ) (2048 -7168 0 ) 
4 211 214 (2048 -7168 0 ) (2048 -7168 12800 ) (2048 -6144 12800 ) (2048 -6144 0 ) 
4 212 214 (2048 -6144 0 ) (2048 -6144 12800 ) (1024 -6144 12800 ) (1024 -6144 0 ) 
4 212 213 (1024 -5120 12800 ) (1024 -5120 0 ) (1024 -6144 0 ) (1024 -6144 12800 ) 
4 213 248 (0 -6144 0 ) (0 -6144 12800 ) (0 -5120 12800 ) (0 -5120 0 ) 
4 213 215 (1024 -6144 0 ) (1024 -6144 12800 ) (0 -6144 12800 ) (0 -6144 0 ) 
4 214 276 (2048 -7168 0 ) (2048 -7168 12800 ) (1024 -7168 12800 ) (1024 -7168 0 ) 
4 214 215 (1024 -6144 12800 ) (1024 -6144 0 ) (1024 -7168 0 ) (1024 -7168 12800 ) 
4 215 277 (1024 -7168 0 ) (1024 -7168 12800 ) (0 -7168 12800 ) (0 -7168 0 ) 
4 215 250 (0 -7168 0 ) (0 -7168 12800 ) (0 -6144 12800 ) (0 -6144 0 ) 
4 216 218 (0 0 0 ) (0 0 12800 ) (-1024 0 12800 ) (-1024 0 0 ) 
4 216 217 (-1024 0 0 ) (-1024 0 12800 ) (-1024 1024 12800 ) (-1024 1024 0 ) 
4 217 220 (-2048 0 0 ) (-2048 0 12800 ) (-2048 1024 12800 ) (-2048 1024 0 ) 
4 217 219 (-1024 0 0 ) (-1024 0 12800 ) (-2048 0 12800 ) (-2048 0 0 ) 
4 218 224 (0 -1024 0 ) (0 -1024 12800 ) (-1024 -1024 12800 ) (-1024 -1024 0 ) 
4 218 219 (-1024 0 12800 ) (-1024 0 0 ) (-1024 -1024 0 ) (-1024 -1024 12800 ) 
4 219 225 (-1024 -1024 0 ) (-1024 -1024 12800 ) (-2048 -1024 12800 ) (-2048 -1024 0 ) 
4 219 222 (-2048 -1024 0 ) (-2048 -1024 12800 ) (-2048 0 12800 ) (-2048 0 0 ) 
4 220 222 (-2048 0 0 ) (-2048 0 12800 ) (-3072 0 12800 ) (-3072 0 0 ) 
4 220 221 (-3072 0 0 ) (-3072 0 12800 ) (-3072 1024 12800 ) (-3072 1024 0 ) 
4 221 232 (-4096 0 0 ) (-4096 0 12800 ) (-4096 1024 12800 ) (-4096 1024 0 ) 
4 221 223 (-3072 0 0 ) (-3072 0 12800 ) (-4096 0 12800 ) (-4096 0 0 ) 
4 222 228 (-2048 -1024 0 ) (-2048 -1024 12800 ) (-3072 -1024 12800 ) (-3072 -1024 0 ) 
4 222 223 (-3072 0 12800 ) (-3072 0 0 ) (-3072 -1024 0 ) (-3072 -1024 12800 ) 
4 223 234 (-4096 -1024 0 ) (-4096 -1024 12800 ) (-4096 0 12800 ) (-4096 0 0 ) 
4 223 229 (-3072 -1024 0 ) (-3072 -1024 12800 ) (-4096 -1024 12800 ) (-4096 -1024 0 ) 
4 224 226 (0 -2048 0 ) (0 -2048 12800 ) (-1024 -2048 12800 ) (-1024 -2048 0 ) 
4 224 225 (-1024 -1024 12800 ) (-1024 -1024 0 ) (-1024 -2048 0 ) (-1024 -2048 12800 ) 
4 225 228 (-2048 -1024 12800 ) (-2048 -1024 0 ) (-2048 -2048 0 ) (-2048 -2048 12800 ) 
4 225 227 (-1024 -2048 0 ) (-1024 -2048 12800 ) (-2048 -2048 12800 ) (-2048 -2048 0 ) 
4 226 240 (0 -3072 0 ) (0 -3072 12800 ) (-1024 -3072 12800 ) (-1024 -3072 0 ) 
4 226 227 (-1024 -2048 12800 ) (-1024 -2048 0 ) (-1024 -3072 0 ) (-1024 -3072 12800 ) 
4 227 241 (-1024 -3072 0 ) (-1024 -3072 12800 ) (-2048 -3072 12800 ) (-2048 -3072 0 ) 
4 227 230 (-2048 -3072 0 ) (-2048 -3072 12800 ) (-2048 -2048 12800 ) (-2048 -2048 0 ) 
4 228 230 (-2048 -2048 0 ) (-2048 -2048 12800 ) (-3072 -2048 12800 ) (-3072 -2048 0 ) 
4 228 229 (-3072 -1024 12800 ) (-3072 -1024 0 ) (-3072 -2048 0 ) (-3072 -2048 12800 ) 
4 229 236 (-4096 -2048 0 ) (-4096 -2048 12800 ) (-4096 -1024 12800 ) (-4096 -1024 0 ) 
4 229 231 (-3072 -2048 0 ) (-3072 -2048 12800 ) (-4096 -2048 12800 ) (-4096 -2048 0 ) 
4 230 244 (-2048 -3072 0 ) (-2048 -3072 12800 ) (-3072 -3072 12800 ) (-3072 -3072 0 ) 
4 230 231 (-3072 -2048 12800 ) (-3072 -2048 0 ) (-3072 -3072 0 ) (-3072 -3072 12800 ) 
4 231 245 (-3072 -3072 0 ) (-3072 -3072 12800 ) (-4096 -3072 12800 ) (-4096 -3072 0 ) 
4 231 238 (-4096 -3072 0 ) (-4096 -3072 12800 ) (-4096 -2048 12800 ) (-4096 -2048 0 ) 
4 232 234 (-4096 0 0 ) (-4096 0 12800 ) (-5120 0 12800 ) (-5120 0 0 ) 
4 232 233 (-5120 0 0 ) (-5120 0 12800 ) (-5120 1024 12800 ) (-5120 1024 0 ) 
4 233 235 (-5120 0 0 ) (-5120 0 12800 ) (-6144 0 12800 ) (-6144 0 0 ) 
4 234 236 (-4096 -1024 0 ) (-4096 -1024 12800 ) (-5120 -1024 12800 ) (-5120 -1024 0 ) 
4 234 235 (-5120 0 12800 ) (-5120 0 0 ) (-5120 -1024 0 ) (-5120 -1024 12800 ) 
4 235 237 (-5120 -1024 0 ) (-5120 -1024 12800 ) (-6144 -1024 12800 ) (-6144 -1024 0 ) 
4 236 238 (-4096 -2048 0 ) (-4096 -2048 12800 ) (-5120 -2048 12800 ) (-5120 -2048 0 ) 
4 236 237 (-5120 -1024 12800 ) (-5120 -1024 0 ) (-5120 -2048 0 ) (-5120 -2048 12800 ) 
4 237 239 (-5120 -2048 0 ) (-5120 -2048 12800 ) (-6144 -2048 12800 ) (-6144 -2048 0 ) 
4 238 256 (-4096 -3072 0 ) (-4096 -3072 12800 ) (-5120 -3072 12800 ) (-5120 -3072 0 ) 
4 238 239 (-5120 -2048 12800 ) (-5120 -2048 0 ) (-5120 -3072 0 ) (-5120 -3072 12800 ) 
4 239 257 (-5120 -3072 0 ) (-5120 -3072 12800 ) (-6144 -3072 12800 ) (-6144 -3072 0 ) 
4 240 242 (0 -4096 0 ) (0 -4096 12800 ) (-1024 -4096 12800 ) (-1024 -4096 0 ) 
4 240 241 (-1024 -3072 12800 ) (-1024 -3072 0 ) (-1024 -4096 0 ) (-1024 -4096 12800 ) 
4 241 244 (-2048 -3072 12800 ) (-2048 -3072 0 ) (-2048 -4096 0 ) (-2048 -4096 12800 ) 
4 241 243 (-1024 -4096 0 ) (-1024 -4096 12800 ) (-2048 -4096 12800 ) (-2048 -4096 0 ) 
4 242 248 (0 -5120 0 ) (0 -5120 12800 ) (-1024 -5120 12800 ) (-1024 -5120 0 ) 
4 242 243 (-1024 -4096 12800 ) (-1024 -4096 0 ) (-1024 -5120 0 ) (-1024 -5120 12800 ) 
4 243 249 (-1024 -5120 0 ) (-1024 -5120 12800 ) (-2048 -5120 12800 ) (-2048 -5120 0 ) 
4 243 246 (-2048 -5120 0 ) (-2048 -5120 12800 ) (-2048 -4096 12800 ) (-2048 -4096 0 ) 
4 244 246 (-2048 -4096 0 ) (-2048 -4096 12800 ) (-3072 -4096 12800 ) (-3072 -4096 0 ) 
4 244 245 (-3072 -3072 12800 ) (-3072 -3072 0 ) (-3072 -4096 0 ) (-3072 -4096 12800 ) 
4 245 256 (-4096 -3072 12800 ) (-4096 -3072 0 ) (-4096 -4096 0 ) (-4096 -4096 12800 ) 
4 245 247 (-3072 -4096 0 ) (-3072 -4096 12800 ) (-4096 -4096 12800 ) (-4096 -4096 0 ) 
4 246 252 (-2048 -5120 0 ) (-2048 -5120 12800 ) (-3072 -5120 12800 ) (-3072 -5120 0 ) 
4 246 247 (-3072 -4096 12800 ) (-3072 -4096 0 ) (-3072 -5120 0 ) (-3072 -5120 12800 ) 
4 247 258 (-4096 -5120 0 ) (-4096 -5120 12800 ) (-4096 -4096 12800 ) (-4096 -4096 0 ) 
4 247 253 (-3072 -5120 0 ) (-3072 -5120 12800 ) (-4096 -5120 12800 ) (-4096 -5120 0 ) 
4 248 250 (0 -6144 0 ) (0 -6144 12800 ) (-1024 -6144 12800 ) (-1024 -6144 0 ) 
4 248 249 (-1024 -5120 12800 ) (-1024 -5120 0 ) (-1024 -6144 0 ) (-1024 -6144 12800 ) 
4 249 252 (-2048 -5120 12800 ) (-2048 -5120 0 ) (-2048 -6144 0 ) (-2048 -6144 12800 ) 
4 249 251 (-1024 -6144 0 ) (-1024 -6144 12800 ) (-2048 -6144 12800 ) (-2048 -6144 0 ) 
4 250 312 (0 -7168 0 ) (0 -7168 12800 ) (-1024 -7168 12800 ) (-1024 -7168 0 ) 
4 250 251 (-1024 -6144 12800 ) (-1024 -6144 0 ) (-1024 -7168 0 ) (-1024 -7168 12800 ) 
4 251 313 (-1024 -7168 0 ) (-1024 -7168 12800 ) (-2048 -7168 12800 ) (-2048 -7168 0 ) 
4 251 254 (-2048 -7168 0 ) (-2048 -7168 12800 ) (-2048 -6144 12800 ) (-2048 -6144 0 ) 
4 252 254 (-2048 -6144 0 ) (-2048 -6144 12800 ) (-3072 -6144 12800 ) (-3072 -6144 0 ) 
4 252 253 (-3072 -5120 12800 ) (-3072 -5120 0 ) (-3072 -6144 0 ) (-3072 -6144 12800 ) 
4 253 260 (-4096 -6144 0 ) (-4096 -6144 12800 ) (-4096 -5120 12800 ) (-4096 -5120 0 ) 
4 253 255 (-3072 -6144 0 ) (-3072 -6144 12800 ) (-4096 -6144 12800 ) (-4096 -6144 0 ) 
4 254 316 (-2048 -7168 0 ) (-2048 -7168 12800 ) (-3072 -7168 12800 ) (-3072 -7168 0 ) 
4 254 255 (-3072 -6144 12800 ) (-3072 -6144 0 ) (-3072 -7168 0 ) (-3072 -7168 12800 ) 
4 255 317 (-3072 -7168 0 ) (-3072 -7168 12800 ) (-4096 -7168 12800 ) (-4096 -7168 0 ) 
4 255 262 (-4096 -7168 0 ) (-4096 -7168 12800 ) (-4096 -6144 12800 ) (-4096 -6144 0 ) 
4 256 258 (-4096 -4096 0 ) (-4096 -4096 12800 ) (-5120 -4096 12800 ) (-5120 -4096 0 ) 
4 256 257 (-5120 -3072 12800 ) (-5120 -3072 0 ) (-5120 -4096 0 ) (-5120 -4096 12800 ) 
4 257 259 (-5120 -4096 0 ) (-5120 -4096 12800 ) (-6144 -4096 12800 ) (-6144 -4096 0 ) 
4 258 260 (-4096 -5120 0 ) (-4096 -5120 12800 ) (-5120 -5120 12800 ) (-5120 -5120 0 ) 
4 258 259 (-5120 -4096 12800 ) (-5120 -4096 0 ) (-5120 -5120 0 ) (-5120 -5120 12800 ) 
4 259 261 (-5120 -5120 0 ) (-5120 -5120 12800 ) (-6144 -5120 12800 ) (-6144 -5120 0 ) 
4 260 262 (-4096 -6144 0 ) (-4096 -6144 12800 ) (-5120 -6144 12800 ) (-5120 -6144 0 ) 
4 260 261 (-5120 -5120 12800 ) (-5120 -5120 0 ) (-5120 -6144 0 ) (-5120 -6144 12800 ) 
4 261 263 (-5120 -6144 0 ) (-5120 -6144 12800 ) (-6144 -6144 12800 ) (-6144 -6144 0 ) 
4 262 328 (-4096 -7168 0 ) (-4096 -7168 12800 ) (-5120 -7168 12800 ) (-5120 -7168 0 ) 
4 262 263 (-5120 -6144 12800 ) (-5120 -6144 0 ) (-5120 -7168 0 ) (-5120 -7168 12800 ) 
4 263 329 (-5120 -7168 0 ) (-5120 -7168 12800 ) (-6144 -7168 12800 ) (-6144 -7168 0 ) 
4 264 266 (6144 -8192 0 ) (6144 -8192 12800 ) (5120 -8192 12800 ) (5120 -8192 0 ) 
4 264 265 (5120 -7168 12800 ) (5120 -7168 0 ) (5120 -8192 0 ) (5120 -8192 12800 ) 
4 265 272 (4096 -7168 12800 ) (4096 -7168 0 ) (4096 -8192 0 ) (4096 -8192 12800 ) 
4 265 267 (5120 -8192 0 ) (5120 -8192 12800 ) (4096 -8192 12800 ) (4096 -8192 0 ) 
4 266 268 (6144 -9216 0 ) (6144 -9216 12800 ) (5120 -9216 12800 ) (5120 -9216 0 ) 
4 266 267 (5120 -8192 12800 ) (5120 -8192 0 ) (5120 -9216 0 ) (5120 -9216 12800 ) 
4 267 274 (4096 -9216 0 ) (4096 -9216 12800 ) (4096 -8192 12800 ) (4096 -8192 0 ) 
4 267 269 (5120 -9216 0 ) (5120 -9216 12800 ) (4096 -9216 12800 ) (4096 -9216 0 ) 
4 268 270 (6144 -10240 0 ) (6144 -10240 12800 ) (5120 -10240 12800 ) (5120 -10240 0 ) 
4 268 269 (5120 -9216 12800 ) (5120 -9216 0 ) (5120 -10240 0 ) (5120 -10240 12800 ) 
4 269 280 (4096 -10240 0 ) (4096 -10240 12800 ) (4096 -9216 12800 ) (4096 -9216 0 ) 
4 269 271 (5120 -10240 0 ) (5120 -10240 12800 ) (4096 -10240 12800 ) (4096 -10240 0 ) 
4 270 288 (6144 -11264 0 ) (6144 -11264 12800 ) (5120 -11264 12800 ) (5120 -11264 0 ) 
4 270 271 (5120 -10240 12800 ) (5120 -10240 0 ) (5120 -11264 0 ) (5120 -11264 12800 ) 
4 271 289 (5120 -11264 0 ) (5120 -11264 12800 ) (4096 -11264 12800 ) (4096 -11264 0 ) 
4 271 282 (4096 -11264 0 ) (4096 -11264 12800 ) (4096 -10240 12800 ) (4096 -10240 0 ) 
4 272 274 (4096 -8192 0 ) (4096 -8192 12800 ) (3072 -8192 12800 ) (3072 -8192 0 ) 
4 272 273 (3072 -7168 12800 ) (3072 -7168 0 ) (3072 -8192 0 ) (3072 -8192 12800 ) 
4 273 276 (2048 -7168 12800 ) (2048 -7168 0 ) (2048 -8192 0 ) (2048 -8192 12800 ) 
4 273 275 (3072 -8192 0 ) (3072 -8192 12800 ) (2048 -8192 12800 ) (2048 -8192 0 ) 
4 274 280 (4096 -9216 0 ) (4096 -9216 12800 ) (3072 -9216 12800 ) (3072 -9216 0 ) 
4 274 275 (3072 -8192 12800 ) (3072 -8192 0 ) (3072 -9216 0 ) (3072 -9216 12800 ) 
4 275 281 (3072 -9216 0 ) (3072 -9216 12800 ) (2048 -9216 12800 ) (2048 -9216 0 ) 
4 275 278 (2048 -9216 0 ) (2048 -9216 12800 ) (2048 -8192 12800 ) (2048 -8192 0 ) 
4 276 278 (2048 -8192 0 ) (2048 -8192 12800 ) (1024 -8192 12800 ) (1024 -8192 0 ) 
4 276 277 (1024 -7168 12800 ) (1024 -7168 0 ) (1024 -8192 0 ) (1024 -8192 12800 ) 
4 277 312 (0 -7168 12800 ) (0 -7168 0 ) (0 -8192 0 ) (0 -8192 12800 ) 
4 277 279 (1024 -8192 0 ) (1024 -8192 12800 ) (0 -8192 12800 ) (0 -8192 0 ) 
4 278 284 (2048 -9216 0 ) (2048 -9216 12800 ) (1024 -9216 12800 ) (1024 -9216 0 ) 
4 278 279 (1024 -8192 12800 ) (1024 -8192 0 ) (1024 -9216 0 ) (1024 -9216 12800 ) 
4 279 314 (0 -9216 0 ) (0 -9216 12800 ) (0 -8192 12800 ) (0 -8192 0 ) 
4 279 285 (1024 -9216 0 ) (1024 -9216 12800 ) (0 -9216 12800 ) (0 -9216 0 ) 
4 280 282 (4096 -10240 0 ) (4096 -10240 12800 ) (3072 -10240 12800 ) (3072 -10240 0 ) 
4 280 281 (3072 -9216 12800 ) (3072 -9216 0 ) (3072 -10240 0 ) (3072 -10240 12800 ) 
4 281 284 (2048 -9216 12800 ) (2048 -9216 0 ) (2048 -10240 0 ) (2048 -10240 12800 ) 
4 281 283 (3072 -10240 0 ) (3072 -10240 12800 ) (2048 -10240 12800 ) (2048 -10240 0 ) 
4 282 296 (4096 -11264 0 ) (4096 -11264 12800 ) (3072 -11264 12800 ) (3072 -11264 0 ) 
4 282 283 (3072 -10240 12800 ) (3072 -10240 0 ) (3072 -11264 0 ) (3072 -11264 12800 ) 
4 283 297 (3072 -11264 0 ) (3072 -11264 12800 ) (2048 -11264 12800 ) (2048 -11264 0 ) 
4 283 286 (2048 -11264 0 ) (2048 -11264 12800 ) (2048 -10240 12800 ) (2048 -10240 0 ) 
4 284 286 (2048 -10240 0 ) (2048 -10240 12800 ) (1024 -10240 12800 ) (1024 -10240 0 ) 
4 284 285 (1024 -9216 12800 ) (1024 -9216 0 ) (1024 -10240 0 ) (1024 -10240 12800 ) 
4 285 320 (0 -10240 0 ) (0 -10240 12800 ) (0 -9216 12800 ) (0 -9216 0 ) 
4 285 287 (1024 -10240 0 ) (1024 -10240 12800 ) (0 -10240 12800 ) (0 -10240 0 ) 
4 286 300 (2048 -11264 0 ) (2048 -11264 12800 ) (1024 -11264 12800 ) (1024 -11264 0 ) 
4 286 287 (1024 -10240 12800 ) (1024 -10240 0 ) (1024 -11264 0 ) (1024 -11264 12800 ) 
4 287 322 (0 -11264 0 ) (0 -11264 12800 ) (0 -10240 12800 ) (0 -10240 0 ) 
4 287 301 (1024 -11264 0 ) (1024 -11264 12800 ) (0 -11264 12800 ) (0 -11264 0 ) 
4 288 290 (6144 -12288 0 ) (6144 -12288 12800 ) (5120 -12288 12800 ) (5120 -12288 0 ) 
4 288 289 (5120 -11264 12800 ) (5120 -11264 0 ) (5120 -12288 0 ) (5120 -12288 12800 ) 
4 289 296 (4096 -11264 12800 ) (4096 -11264 0 ) (4096 -12288 0 ) (4096 -12288 12800 ) 
4 289 291 (5120 -12288 0 ) (5120 -12288 12800 ) (4096 -12288 12800 ) (4096 -12288 0 ) 
4 290 292 (6144 -13312 0 ) (6144 -13312 12800 ) (5120 -13312 12800 ) (5120 -13312 0 ) 
4 290 291 (5120 -12288 12800 ) (5120 -12288 0 ) (5120 -13312 0 ) (5120 -13312 12800 ) 
4 291 298 (4096 -13312 0 ) (4096 -13312 12800 ) (4096 -12288 12800 ) (4096 -12288 0 ) 
4 291 293 (5120 -13312 0 ) (5120 -13312 12800 ) (4096 -13312 12800 ) (4096 -13312 0 ) 
4 292 294 (6144 -14336 0 ) (6144 -14336 12800 ) (5120 -14336 12800 ) (5120 -14336 0 ) 
4 292 293 (5120 -13312 12800 ) (5120 -13312 0 ) (5120 -14336 0 ) (5120 -14336 12800 ) 
4 293 304 (4096 -14336 0 ) (4096 -14336 12800 ) (4096 -13312 12800 ) (4096 -13312 0 ) 
4 293 295 (5120 -14336 0 ) (5120 -14336 12800 ) (4096 -14336 12800 ) (4096 -14336 0 ) 
4 294 295 (5120 -14848 12800 ) (5120 -14336 12800 ) (5120 -14336 0 ) (5120 -14848 0 ) 
4 295 306 (4096 -14848 12800 ) (4096 -14336 12800 ) (4096 -14336 0 ) (4096 -14848 0 ) 
4 296 298 (4096 -12288 0 ) (4096 -12288 12800 ) (3072 -12288 12800 ) (3072 -12288 0 ) 
4 296 297 (3072 -11264 12800 ) (3072 -11264 0 ) (3072 -12288 0 ) (3072 -12288 12800 ) 
4 297 300 (2048 -11264 12800 ) (2048 -11264 0 ) (2048 -12288 0 ) (2048 -12288 12800 ) 
4 297 299 (3072 -12288 0 ) (3072 -12288 12800 ) (2048 -12288 12800 ) (2048 -12288 0 ) 
4 298 304 (4096 -13312 0 ) (4096 -13312 12800 ) (3072 -13312 12800 ) (3072 -13312 0 ) 
4 298 299 (3072 -12288 12800 ) (3072 -12288 0 ) (3072 -13312 0 ) (3072 -13312 12800 ) 
4 299 305 (3072 -13312 0 ) (3072 -13312 12800 ) (2048 -13312 12800 ) (2048 -13312 0 ) 
4 299 302 (2048 -13312 0 ) (2048 -13312 12800 ) (2048 -12288 12800 ) (2048 -12288 0 ) 
4 300 302 (2048 -12288 0 ) (2048 -12288 12800 ) (1024 -12288 12800 ) (1024 -12288 0 ) 
4 300 301 (1024 -11264 12800 ) (1024 -11264 0 ) (1024 -12288 0 ) (1024 -12288 12800 ) 
4 301 336 (0 -12288 0 ) (0 -12288 12800 ) (0 -11264 12800 ) (0 -11264 0 ) 
4 301 303 (1024 -12288 0 ) (1024 -12288 12800 ) (0 -12288 12800 ) (0 -12288 0 ) 
4 302 308 (2048 -13312 0 ) (2048 -13312 12800 ) (1024 -13312 12800 ) (1024 -13312 0 ) 
4 302 303 (1024 -12288 12800 ) (1024 -12288 0 ) (1024 -13312 0 ) (1024 -13312 12800 ) 
4 303 338 (0 -13312 0 ) (0 -13312 12800 ) (0 -12288 12800 ) (0 -12288 0 ) 
4 303 309 (1024 -13312 0 ) (1024 -13312 12800 ) (0 -13312 12800 ) (0 -13312 0 ) 
4 304 306 (4096 -14336 0 ) (4096 -14336 12800 ) (3072 -14336 12800 ) (3072 -14336 0 ) 
4 304 305 (3072 -13312 12800 ) (3072 -13312 0 ) (3072 -14336 0 ) (3072 -14336 12800 ) 
4 305 308 (2048 -13312 12800 ) (2048 -13312 0 ) (2048 -14336 0 ) (2048 -14336 12800 ) 
4 305 307 (3072 -14336 0 ) (3072 -14336 12800 ) (2048 -14336 12800 ) (2048 -14336 0 ) 
4 306 307 (3072 -14848 12800 ) (3072 -14336 12800 ) (3072 -14336 0 ) (3072 -14848 0 ) 
4 307 310 (2048 -14848 12800 ) (2048 -14336 12800 ) (2048 -14336 0 ) (2048 -14848 0 ) 
4 308 310 (2048 -14336 0 ) (2048 -14336 12800 ) (1024 -14336 12800 ) (1024 -14336 0 ) 
4 308 309 (1024 -13312 12800 ) (1024 -13312 0 ) (1024 -14336 0 ) (1024 -14336 12800 ) 
4 309 344 (0 -14336 0 ) (0 -14336 12800 ) (0 -13312 12800 ) (0 -13312 0 ) 
4 309 311 (1024 -14336 0 ) (1024 -14336 12800 ) (0 -14336 12800 ) (0 -14336 0 ) 
4 310 311 (1024 -14848 12800 ) (1024 -14336 12800 ) (1024 -14336 0 ) (1024 -14848 0 ) 
4 311 346 (0 -14848 12800 ) (0 -14336 12800 ) (0 -14336 0 ) (0 -14848 0 ) 
4 312 314 (0 -8192 0 ) (0 -8192 12800 ) (-1024 -8192 12800 ) (-1024 -8192 0 ) 
4 312 313 (-1024 -7168 12800 ) (-1024 -7168 0 ) (-1024 -8192 0 ) (-1024 -8192 12800 ) 
4 313 316 (-2048 -7168 12800 ) (-2048 -7168 0 ) (-2048 -8192 0 ) (-2048 -8192 12800 ) 
4 313 315 (-1024 -8192 0 ) (-1024 -8192 12800 ) (-2048 -8192 12800 ) (-2048 -8192 0 ) 
4 314 320 (0 -9216 0 ) (0 -9216 12800 ) (-1024 -9216 12800 ) (-1024 -9216 0 ) 
4 314 315 (-1024 -8192 12800 ) (-1024 -8192 0 ) (-1024 -9216 0 ) (-1024 -9216 12800 ) 
4 315 321 (-1024 -9216 0 ) (-1024 -9216 12800 ) (-2048 -9216 12800 ) (-2048 -9216 0 ) 
4 315 318 (-2048 -9216 0 ) (-2048 -9216 12800 ) (-2048 -8192 12800 ) (-2048 -8192 0 ) 
4 316 318 (-2048 -8192 0 ) (-2048 -8192 12800 ) (-3072 -8192 12800 ) (-3072 -8192 0 ) 
4 316 317 (-3072 -7168 12800 ) (-3072 -7168 0 ) (-3072 -8192 0 ) (-3072 -8192 12800 ) 
4 317 328 (-4096 -7168 12800 ) (-4096 -7168 0 ) (-4096 -8192 0 ) (-4096 -8192 12800 ) 
4 317 319 (-3072 -8192 0 ) (-3072 -8192 12800 ) (-4096 -8192 12800 ) (-4096 -8192 0 ) 
4 318 324 (-2048 -9216 0 ) (-2048 -9216 12800 ) (-3072 -9216 12800 ) (-3072 -9216 0 ) 
4 318 319 (-3072 -8192 12800 ) (-3072 -8192 0 ) (-3072 -9216 0 ) (-3072 -9216 12800 ) 
4 319 330 (-4096 -9216 0 ) (-4096 -9216 12800 ) (-4096 -8192 12800 ) (-4096 -8192 0 ) 
4 319 325 (-3072 -9216 0 ) (-3072 -9216 12800 ) (-4096 -9216 12800 ) (-4096 -9216 0 ) 
4 320 322 (0 -10240 0 ) (0 -10240 12800 ) (-1024 -10240 12800 ) (-1024 -10240 0 ) 
4 320 321 (-1024 -9216 12800 ) (-1024 -9216 0 ) (-1024 -10240 0 ) (-1024 -10240 12800 ) 
4 321 324 (-2048 -9216 12800 ) (-2048 -9216 0 ) (-2048 -10240 0 ) (-2048 -10240 12800 ) 
4 321 323 (-1024 -10240 0 ) (-1024 -10240 12800 ) (-2048 -10240 12800 ) (-2048 -10240 0 ) 
4 322 336 (0 -11264 0 ) (0 -11264 12800 ) (-1024 -11264 12800 ) (-1024 -11264 0 ) 
4 322 323 (-1024 -10240 12800 ) (-1024 -10240 0 ) (-1024 -11264 0 ) (-1024 -11264 12800 ) 
4 323 337 (-1024 -11264 0 ) (-1024 -11264 12800 ) (-2048 -11264 12800 ) (-2048 -11264 0 ) 
4 323 326 (-2048 -11264 0 ) (-2048 -11264 12800 ) (-2048 -10240 12800 ) (-2048 -10240 0 ) 
4 324 326 (-2048 -10240 0 ) (-2048 -10240 12800 ) (-3072 -10240 12800 ) (-3072 -10240 0 ) 
4 324 325 (-3072 -9216 12800 ) (-3072 -9216 0 ) (-3072 -10240 0 ) (-3072 -10240 12800 ) 
4 325 332 (-4096 -10240 0 ) (-4096 -10240 12800 ) (-4096 -9216 12800 ) (-4096 -9216 0 ) 
4 325 327 (-3072 -10240 0 ) (-3072 -10240 12800 ) (-4096 -10240 12800 ) (-4096 -10240 0 ) 
4 326 340 (-2048 -11264 0 ) (-2048 -11264 12800 ) (-3072 -11264 12800 ) (-3072 -11264 0 ) 
4 326 327 (-3072 -10240 12800 ) (-3072 -10240 0 ) (-3072 -11264 0 ) (-3072 -11264 12800 ) 
4 327 341 (-3072 -11264 0 ) (-3072 -11264 12800 ) (-4096 -11264 12800 ) (-4096 -11264 0 ) 
4 327 334 (-4096 -11264 0 ) (-4096 -11264 12800 ) (-4096 -10240 12800 ) (-4096 -10240 0 ) 
4 328 330 (-4096 -8192 0 ) (-4096 -8192 12800 ) (-5120 -8192 12800 ) (-5120 -8192 0 ) 
4 328 329 (-5120 -7168 12800 ) (-5120 -7168 0 ) (-5120 -8192 0 ) (-5120 -8192 12800 ) 
4 329 331 (-5120 -8192 0 ) (-5120 -8192 12800 ) (-6144 -8192 12800 ) (-6144 -8192 0 ) 
4 330 332 (-4096 -9216 0 ) (-4096 -9216 12800 ) (-5120 -9216 12800 ) (-5120 -9216 0 ) 
4 330 331 (-5120 -8192 12800 ) (-5120 -8192 0 ) (-5120 -9216 0 ) (-5120 -9216 12800 ) 
4 331 333 (-5120 -9216 0 ) (-5120 -9216 12800 ) (-6144 -9216 12800 ) (-6144 -9216 0 ) 
4 332 334 (-4096 -10240 0 ) (-4096 -10240 12800 ) (-5120 -10240 12800 ) (-5120 -10240 0 ) 
4 332 333 (-5120 -9216 12800 ) (-5120 -9216 0 ) (-5120 -10240 0 ) (-5120 -10240 12800 ) 
4 333 335 (-5120 -10240 0 ) (-5120 -10240 12800 ) (-6144 -10240 12800 ) (-6144 -10240 0 ) 
4 334 352 (-4096 -11264 0 ) (-4096 -11264 12800 ) (-5120 -11264 12800 ) (-5120 -11264 0 ) 
4 334 335 (-5120 -10240 12800 ) (-5120 -10240 0 ) (-5120 -11264 0 ) (-5120 -11264 12800 ) 
4 335 353 (-5120 -11264 0 ) (-5120 -11264 12800 ) (-6144 -11264 12800 ) (-6144 -11264 0 ) 
4 336 338 (0 -12288 0 ) (0 -12288 12800 ) (-1024 -12288 12800 ) (-1024 -12288 0 ) 
4 336 337 (-1024 -11264 12800 ) (-1024 -11264 0 ) (-1024 -12288 0 ) (-1024 -12288 12800 ) 
4 337 340 (-2048 -11264 12800 ) (-2048 -11264 0 ) (-2048 -12288 0 ) (-2048 -12288 12800 ) 
4 337 339 (-1024 -12288 0 ) (-1024 -12288 12800 ) (-2048 -12288 12800 ) (-2048 -12288 0 ) 
4 338 344 (0 -13312 0 ) (0 -13312 12800 ) (-1024 -13312 12800 ) (-1024 -13312 0 ) 
4 338 339 (-1024 -12288 12800 ) (-1024 -12288 0 ) (-1024 -13312 0 ) (-1024 -13312 12800 ) 
4 339 345 (-1024 -13312 0 ) (-1024 -13312 12800 ) (-2048 -13312 12800 ) (-2048 -13312 0 ) 
4 339 342 (-2048 -13312 0 ) (-2048 -13312 12800 ) (-2048 -12288 12800 ) (-2048 -12288 0 ) 
4 340 342 (-2048 -12288 0 ) (-2048 -12288 12800 ) (-3072 -12288 12800 ) (-3072 -12288 0 ) 
4 340 341 (-3072 -11264 12800 ) (-3072 -11264 0 ) (-3072 -12288 0 ) (-3072 -12288 12800 ) 
4 341 352 (-4096 -11264 12800 ) (-4096 -11264 0 ) (-4096 -12288 0 ) (-4096 -12288 12800 ) 
4 341 343 (-3072 -12288 0 ) (-3072 -12288 12800 ) (-4096 -12288 12800 ) (-4096 -12288 0 ) 
4 342 348 (-2048 -13312 0 ) (-2048 -13312 12800 ) (-3072 -13312 12800 ) (-3072 -13312 0 ) 
4 342 343 (-3072 -12288 12800 ) (-3072 -12288 0 ) (-3072 -13312 0 ) (-3072 -13312 12800 ) 
4 343 354 (-4096 -13312 0 ) (-4096 -13312 12800 ) (-4096 -12288 12800 ) (-4096 -12288 0 ) 
4 343 349 (-3072 -13312 0 ) (-3072 -13312 12800 ) (-4096 -13312 12800 ) (-4096 -13312 0 ) 
4 344 346 (0 -14336 0 ) (0 -14336 12800 ) (-1024 -14336 12800 ) (-1024 -14336 0 ) 
4 344 345 (-1024 -13312 12800 ) (-1024 -13312 0 ) (-1024 -14336 0 ) (-1024 -14336 12800 ) 
4 345 348 (-2048 -13312 12800 ) (-2048 -13312 0 ) (-2048 -14336 0 ) (-2048 -14336 12800 ) 
4 345 347 (-1024 -14336 0 ) (-1024 -14336 12800 ) (-2048 -14336 12800 ) (-2048 -14336 0 ) 
4 346 347 (-1024 -14848 12800 ) (-1024 -14336 12800 ) (-1024 -14336 0 ) (-1024 -14848 0 ) 
4 347 350 (-2048 -14848 12800 ) (-2048 -14336 12800 ) (-2048 -14336 0 ) (-2048 -14848 0 ) 
4 348 350 (-2048 -14336 0 ) (-2048 -14336 12800 ) (-3072 -14336 12800 ) (-3072 -14336 0 ) 
4 348 349 (-3072 -13312 12800 ) (-3072 -13312 0 ) (-3072 -14336 0 ) (-3072 -14336 12800 ) 
4 349 356 (-4096 -14336 0 ) (-4096 -14336 12800 ) (-4096 -13312 12800 ) (-4096 -13312 0 ) 
4 349 351 (-3072 -14336 0 ) (-3072 -14336 12800 ) (-4096 -14336 12800 ) (-4096 -14336 0 ) 
4 350 351 (-3072 -14848 12800 ) (-3072 -14336 12800 ) (-3072 -14336 0 ) (-3072 -14848 0 ) 
4 351 358 (-4096 -14848 12800 ) (-4096 -14336 12800 ) (-4096 -14336 0 ) (-4096 -14848 0 ) 
4 352 354 (-4096 -12288 0 ) (-4096 -12288 12800 ) (-5120 -12288 12800 ) (-5120 -12288 0 ) 
4 352 353 (-5120 -11264 12800 ) (-5120 -11264 0 ) (-5120 -12288 0 ) (-5120 -12288 12800 ) 
4 353 355 (-5120 -12288 0 ) (-5120 -12288 12800 ) (-6144 -12288 12800 ) (-6144 -12288 0 ) 
4 354 356 (-4096 -13312 0 ) (-4096 -13312 12800 ) (-5120 -13312 12800 ) (-5120 -13312 0 ) 
4 354 355 (-5120 -12288 12800 ) (-5120 -12288 0 ) (-5120 -13312 0 ) (-5120 -13312 12800 ) 
4 355 357 (-5120 -13312 0 ) (-5120 -13312 12800 ) (-6144 -13312 12800 ) (-6144 -13312 0 ) 
4 356 358 (-4096 -14336 0 ) (-4096 -14336 12800 ) (-5120 -14336 12800 ) (-5120 -14336 0 ) 
4 356 357 (-5120 -13312 12800 ) (-5120 -13312 0 ) (-5120 -14336 0 ) (-5120 -14336 12800 ) 
4 357 359 (-5120 -14336 0 ) (-5120 -14336 12800 ) (-6144 -14336 12800 ) (-6144 -14336 0 ) 
4 358 359 (-5120 -14848 12800 ) (-5120 -14336 12800 ) (-5120 -14336 0 ) (-5120 -14848 0 ) 
