PRT1
39
93
4 0 3 (1024 1024 -342 ) (1024 1024 192 ) (1024 1143 192 ) (1024 1143 -342 ) 
4 0 2 (1024 1024 192 ) (1024 1024 547 ) (1024 1143 547 ) (1024 1143 192 ) 
4 0 1 (1024 1024 547 ) (1024 1024 -342 ) (1490 1024 -342 ) (1490 1024 547 ) 
4 1 34 (1490 0 547 ) (1024 0 547 ) (1024 0 -342 ) (1490 0 -342 ) 
4 1 31 (1024 0 -342 ) (1024 0 0 ) (1024 1024 0 ) (1024 1024 -342 ) 
4 1 29 (1024 0 0 ) (1024 0 24 ) (1024 639 24 ) (1024 639 0 ) 
4 1 28 (1024 639 24 ) (1024 1024 24 ) (1024 1024 0 ) (1024 639 0 ) 
4 1 5 (1024 0 24 ) (1024 0 192 ) (1024 1024 192 ) (1024 1024 24 ) 
4 1 4 (1024 0 192 ) (1024 0 547 ) (1024 1024 547 ) (1024 1024 192 ) 
4 2 4 (1024 1024 192 ) (1024 1024 547 ) (416 1024 547 ) (416 1024 192 ) 
4 2 3 (1024 1143 192 ) (1024 1024 192 ) (416 1024 192 ) (416 1143 192 ) 
4 3 31 (1024 1024 -342 ) (1024 1024 0 ) (416 1024 0 ) (416 1024 -342 ) 
4 3 28 (1024 1024 0 ) (1024 1024 24 ) (416 1024 24 ) (416 1024 0 ) 
4 3 5 (1024 1024 24 ) (1024 1024 192 ) (416 1024 192 ) (416 1024 24 ) 
4 4 35 (1024 0 192 ) (1024 0 547 ) (416 0 547 ) (416 0 192 ) 
4 4 5 (1024 0 192 ) (416 0 192 ) (416 1024 192 ) (1024 1024 192 ) 
4 5 36 (1024 0 24 ) (1024 0 192 ) (416 0 192 ) (416 0 24 ) 
4 5 29 (1024 0 24 ) (416 0 24 ) (416 639 24 ) (1024 639 24 ) 
4 5 28 (416 639 24 ) (416 1024 24 ) (1024 1024 24 ) (1024 639 24 ) 
4 5 6 (416 639 24 ) (416 1 24 ) (416 1 192 ) (416 639 192 ) 
4 6 30 (398 1 24 ) (398 639 24 ) (416 639 24 ) (416 1 24 ) 
4 6 15 (398 248 64 ) (398 128 64 ) (398 128 139 ) (398 248 139 ) 
4 6 11 (398 409 64 ) (398 289 64 ) (398 289 139 ) (398 409 139 ) 
4 6 10 (398 450 64 ) (398 409 64 ) (398 409 139 ) (398 450 139 ) 
4 6 8 (398 570 64 ) (398 450 64 ) (398 450 139 ) (398 570 139 ) 
4 7 17 (4 128 168 ) (4 128 139 ) (385.312988 128 139 ) (385.312988 128 168 ) 
4 7 16 (385.312988 128 139 ) (4 128 139 ) (4 248 139 ) (385.312988 248 139 ) 
4 7 14 (4 248 139 ) (4 289 139 ) (385.312988 289 139 ) (385.312988 248 139 ) 
4 7 12 (385.312988 409 139 ) (385.312988 289 139 ) (385 289 139 ) (385 409 139 ) 
4 7 13 (4 289 139 ) (4 450 139 ) (385 450 139 ) (385 289 139 ) 
4 7 9 (4 450 139 ) (4 599.062012 139 ) (385.312988 599.062012 139 ) (385.312988 450 139 ) 
4 8 10 (397.687988 450 64 ) (398 450 64 ) (398 450 139 ) (397.687988 450 139 ) 
4 8 9 (385.312988 570 64 ) (385.312988 450 64 ) (385.312988 450 139 ) (385.312988 570 139 ) 
4 9 18 (4 450 64 ) (4 599.062012 64 ) (385.312988 599.062012 64 ) (385.312988 450 64 ) 
4 9 13 (4 450 64 ) (385 450 64 ) (385 450 139 ) (4 450 139 ) 
4 10 11 (397.687988 409 64 ) (398 409 64 ) (398 409 139 ) (397.687988 409 139 ) 
4 11 12 (385.312988 409 139 ) (385.312988 409 64 ) (385.312988 289 64 ) (385.312988 289 139 ) 
4 12 18 (385.312988 289 64 ) (385 289 64 ) (385 409 64 ) (385.312988 409 64 ) 
4 12 14 (385 289 64 ) (385.312988 289 64 ) (385.312988 289 139 ) (385 289 139 ) 
4 12 13 (385 409 64 ) (385 289 64 ) (385 289 139 ) (385 409 139 ) 
4 13 18 (4 289 64 ) (4 450 64 ) (385 450 64 ) (385 289 64 ) 
4 13 14 (4 289 64 ) (385 289 64 ) (385 289 139 ) (4 289 139 ) 
4 14 18 (4 248 64 ) (4 289 64 ) (385.312988 289 64 ) (385.312988 248 64 ) 
4 14 16 (4 248 64 ) (385.312988 248 64 ) (385.312988 248 139 ) (4 248 139 ) 
4 15 16 (385.312988 248 139 ) (385.312988 248 64 ) (385.312988 128 64 ) (385.312988 128 139 ) 
4 16 24 (286 153 64 ) (313 153 64 ) (313 128 64 ) (286 128 64 ) 
4 16 26 (4 128 64 ) (4 153 64 ) (286 153 64 ) (286 128 64 ) 
4 16 22 (313 153 64 ) (351 153 64 ) (351 148 64 ) (313 148 64 ) 
4 16 23 (351 148 64 ) (351 128 64 ) (313 128 64 ) (313 148 64 ) 
4 16 20 (351 153 64 ) (378 153 64 ) (378 128 64 ) (351 128 64 ) 
4 16 19 (378 153 64 ) (385.312988 153 64 ) (385.312988 128 64 ) (378 128 64 ) 
4 16 18 (4 153 64 ) (4 248 64 ) (385.312988 248 64 ) (385.312988 153 64 ) 
4 16 17 (4 128 139 ) (4 128 64 ) (385.312988 128 64 ) (385.312988 128 139 ) 
4 17 27 (4 128 64 ) (4 81 64 ) (4 81 132 ) (4 128 132 ) 
4 17 24 (286 128 64 ) (313 128 64 ) (313 106 64 ) (286 106 64 ) 
4 17 25 (313 106 64 ) (313 38.812500 64 ) (286 38.812500 64 ) (286 106 64 ) 
4 17 26 (4 38.812500 64 ) (4 128 64 ) (286 128 64 ) (286 38.812500 64 ) 
4 17 23 (313 128 64 ) (351 128 64 ) (351 38.812500 64 ) (313 38.812500 64 ) 
4 17 20 (351 128 64 ) (378 128 64 ) (378 107 64 ) (351 107 64 ) 
4 17 21 (378 107 64 ) (378 38.812500 64 ) (351 38.812500 64 ) (351 107 64 ) 
4 17 19 (378 128 64 ) (385.312988 128 64 ) (385.312988 38.812500 64 ) (378 38.812500 64 ) 
4 18 24 (313 153 64 ) (286 153 64 ) (286 153 32.881699 ) (313 153 32.881699 ) 
4 18 26 (286 153 64 ) (4 153 64 ) (4 153 24 ) (286 153 24 ) 
4 18 22 (351 153 64 ) (313 153 64 ) (313 153 32.881699 ) (351 153 32.881699 ) 
4 18 20 (378 153 64 ) (351 153 64 ) (351 153 32.881699 ) (378 153 32.881699 ) 
4 18 19 (385.312988 153 24 ) (385.312988 153 64 ) (378 153 64 ) (378 153 24 ) 
4 19 20 (378 153 64 ) (378 153 32.881699 ) (378 107 32.881699 ) (378 107 64 ) 
4 19 21 (378 107 24 ) (378 38.812500 24 ) (378 38.812500 64 ) (378 107 64 ) 
4 20 22 (351 153 64 ) (351 153 32.881699 ) (351 148 32.881699 ) (351 148 64 ) 
4 20 23 (351 148 32.881699 ) (351 107 32.881699 ) (351 107 64 ) (351 148 64 ) 
4 20 21 (351 107 64 ) (351 107 32.881699 ) (378 107 32.881699 ) (378 107 64 ) 
4 21 23 (351 107 24 ) (351 38.812500 24 ) (351 38.812500 64 ) (351 107 64 ) 
4 22 24 (313 153 64 ) (313 153 32.881699 ) (313 148 32.881699 ) (313 148 64 ) 
4 22 23 (313 148 64 ) (313 148 32.881699 ) (351 148 32.881699 ) (351 148 64 ) 
4 23 24 (313 106 32.881699 ) (313 106 64 ) (313 148 64 ) (313 148 32.881699 ) 
4 23 25 (313 106 24 ) (313 38.812500 24 ) (313 38.812500 64 ) (313 106 64 ) 
4 24 25 (286 106 64 ) (286 106 32.881699 ) (313 106 32.881699 ) (313 106 64 ) 
4 24 26 (286 153 64 ) (286 153 32.881699 ) (286 106 32.881699 ) (286 106 64 ) 
4 25 26 (286 106 24 ) (286 38.812500 24 ) (286 38.812500 64 ) (286 106 64 ) 
4 26 27 (4 128 24 ) (4 81 24 ) (4 81 64 ) (4 128 64 ) 
4 27 32 (0 128 132 ) (0 128 24 ) (0 81 24 ) (0 81 132 ) 
4 28 31 (1024 1024 0 ) (1024 639 0 ) (416 639 0 ) (416 1024 0 ) 
4 28 29 (416 639 0 ) (1024 639 0 ) (1024 639 24 ) (416 639 24 ) 
4 29 36 (1024 0 0 ) (1024 0 24 ) (416 0 24 ) (416 0 0 ) 
4 29 31 (1024 639 0 ) (1024 0 0 ) (416 0 0 ) (416 639 0 ) 
4 29 30 (416 639 24 ) (416 639 0 ) (416 1 0 ) (416 1 24 ) 
4 31 36 (1024 0 -342 ) (1024 0 0 ) (416 0 0 ) (416 0 -342 ) 
4 32 33 (-4 128.098007 24 ) (-4 81 24 ) (-4 81 132 ) (-4 128.098007 132 ) 
4 33 37 (-4 0 168 ) (-416 0 168 ) (-416 0 24 ) (-4 0 24 ) 
4 34 36 (1024 0 192 ) (1024 0 -342 ) (1024 -615 -342 ) (1024 -615 192 ) 
4 34 35 (1024 0 547 ) (1024 0 192 ) (1024 -615 192 ) (1024 -615 547 ) 
4 35 36 (416 -615 192 ) (416 0 192 ) (1024 0 192 ) (1024 -615 192 ) 
4 37 38 (-4 -1024 168 ) (-416 -1024 168 ) (-416 -1024 24 ) (-4 -1024 24 ) 
