


materialPath: c:\program files\steam\steamapps\dimas_dsf\half-life 2 episode two\ep2\materials
Loading c:\program files\steam\steamapps\dimas_dsf\sourcesdk_content\ep2\mapsrc\day_night_zombies_v0_1.vmf
Could not locate 'GameData' key in c:\program files\steam\steamapps\dimas_dsf\half-life 2 episode two\ep2\gameinfo.txt
Patching WVT material: maps/day_night_zombies_v0_1/dev/dev_blendmeasure_wvt_patch
Patching WVT material: maps/day_night_zombies_v0_1/nature/blenddirtgrass008b_wvt_patch
fixing up env_cubemap materials on brush sides...
0...1...2...3...4...5...6...7...8...9...100...1...2...3...4...5...6...7...8...9...10Processing areas...done (0)
Building Faces...done (0)
Chop Details...done (0)
Find Visible Detail Sides...done (0)
Merging details...done (0)
FixTjuncs...
PruneNodes...
WriteBSP...
done (0)
writing c:\program files\steam\steamapps\dimas_dsf\sourcesdk_content\ep2\mapsrc\day_night_zombies_v0_1.prt...Building visibility clusters...
done (0)
Creating default LDR cubemaps for env_cubemap using skybox materials:
   skybox/sky_ep02_03*.vmt
 ! Run buildcubemaps in the engine to get the correct cube maps.
Creating default HDR cubemaps for env_cubemap using skybox materials:
   skybox/sky_ep02_03*.vmt
 ! Run buildcubemaps in the engine to get the correct cube maps.
Finding displacement neighbors...
Finding lightmap sample positions...
Displacement Alpha : 0...1...2...3...4...5...6...7...8...9...10
Building Physics collision data...
done (0) (46441 bytes)
Placing detail props : 0...1...2...3...4...5...6...7...8...9...10
Compacting texture/material tables...
Reduced 127 texinfos to 61
Reduced 15 texdatas to 12 (408 bytes to 304)
Writing c:\program files\steam\steamapps\dimas_dsf\sourcesdk_content\ep2\mapsrc\day_night_zombies_v0_1.bsp
2 seconds elapsed



materialPath: c:\program files\steam\steamapps\dimas_dsf\half-life 2 episode two\ep2\materials
Loading c:\program files\steam\steamapps\dimas_dsf\sourcesdk_content\ep2\mapsrc\day_night_zombies_v0_1.vmf
Could not locate 'GameData' key in c:\program files\steam\steamapps\dimas_dsf\half-life 2 episode two\ep2\gameinfo.txt
Patching WVT material: maps/day_night_zombies_v0_1/dev/dev_blendmeasure_wvt_patch
Patching WVT material: maps/day_night_zombies_v0_1/nature/blenddirtgrass008b_wvt_patch
fixing up env_cubemap materials on brush sides...
0...1...2...3...4...5...6...7...8...9...100...1...2...3...4...5...6...7...8...9...10Processing areas...done (0)
Building Faces...done (0)
Chop Details...done (0)
Find Visible Detail Sides...done (0)
Merging details...done (0)
FixTjuncs...
PruneNodes...
WriteBSP...
done (0)
writing c:\program files\steam\steamapps\dimas_dsf\sourcesdk_content\ep2\mapsrc\day_night_zombies_v0_1.prt...Building visibility clusters...
done (0)
Creating default LDR cubemaps for env_cubemap using skybox materials:
   skybox/sky_ep02_03*.vmt
 ! Run buildcubemaps in the engine to get the correct cube maps.
Creating default HDR cubemaps for env_cubemap using skybox materials:
   skybox/sky_ep02_03*.vmt
 ! Run buildcubemaps in the engine to get the correct cube maps.
Finding displacement neighbors...
Finding lightmap sample positions...
Displacement Alpha : 0...1...2...3...4...5...6...7...8...9...10
Building Physics collision data...
done (0) (45892 bytes)
Placing detail props : 0...1...2...3...4...5...6...7...8...9...10
Compacting texture/material tables...
Reduced 124 texinfos to 58
Reduced 15 texdatas to 12 (408 bytes to 304)
Writing c:\program files\steam\steamapps\dimas_dsf\sourcesdk_content\ep2\mapsrc\day_night_zombies_v0_1.bsp
2 seconds elapsed



materialPath: c:\program files\steam\steamapps\dimas_dsf\half-life 2 episode two\ep2\materials
Loading c:\program files\steam\steamapps\dimas_dsf\sourcesdk_content\ep2\mapsrc\day_night_zombies_v0_1.vmf
Could not locate 'GameData' key in c:\program files\steam\steamapps\dimas_dsf\half-life 2 episode two\ep2\gameinfo.txt
Patching WVT material: maps/day_night_zombies_v0_1/dev/dev_blendmeasure_wvt_patch
Patching WVT material: maps/day_night_zombies_v0_1/nature/blenddirtgrass008b_wvt_patch
fixing up env_cubemap materials on brush sides...
0...1...2...3...4...5...6...7...8...9...100...1...2...3...4...5...6...7...8...9...10Processing areas...done (0)
Building Faces...done (0)
Chop Details...done (0)
Find Visible Detail Sides...done (0)
Merging details...done (0)
FixTjuncs...
PruneNodes...
WriteBSP...
done (0)
writing c:\program files\steam\steamapps\dimas_dsf\sourcesdk_content\ep2\mapsrc\day_night_zombies_v0_1.prt...Building visibility clusters...
done (0)
Creating default LDR cubemaps for env_cubemap using skybox materials:
   skybox/sky_ep02_03*.vmt
 ! Run buildcubemaps in the engine to get the correct cube maps.
Creating default HDR cubemaps for env_cubemap using skybox materials:
   skybox/sky_ep02_03*.vmt
 ! Run buildcubemaps in the engine to get the correct cube maps.
Finding displacement neighbors...
Finding lightmap sample positions...
Displacement Alpha : 0...1...2...3...4...5...6...7...8...9...10
Building Physics collision data...
done (0) (45892 bytes)
Placing detail props : 0...1...2...3...4...5...6...7...8...9...10
Compacting texture/material tables...
Reduced 124 texinfos to 58
Reduced 15 texdatas to 12 (408 bytes to 304)
Writing c:\program files\steam\steamapps\dimas_dsf\sourcesdk_content\ep2\mapsrc\day_night_zombies_v0_1.bsp
2 seconds elapsed



materialPath: c:\program files\steam\steamapps\dimas_dsf\half-life 2 episode two\ep2\materials
Loading c:\program files\steam\steamapps\dimas_dsf\sourcesdk_content\ep2\mapsrc\day_night_zombies_v0_1.vmf
Could not locate 'GameData' key in c:\program files\steam\steamapps\dimas_dsf\half-life 2 episode two\ep2\gameinfo.txt
Patching WVT material: maps/day_night_zombies_v0_1/dev/dev_blendmeasure_wvt_patch
Patching WVT material: maps/day_night_zombies_v0_1/nature/blenddirtgrass008b_wvt_patch
fixing up env_cubemap materials on brush sides...
0...1...2...3...4...5...6...7...8...9...100...1...2...3...4...5...6...7...8...9...10Processing areas...done (0)
Building Faces...done (0)
Chop Details...done (0)
Find Visible Detail Sides...done (0)
Merging details...done (0)
FixTjuncs...
PruneNodes...
WriteBSP...
done (0)
writing c:\program files\steam\steamapps\dimas_dsf\sourcesdk_content\ep2\mapsrc\day_night_zombies_v0_1.prt...Building visibility clusters...
done (0)
Creating default LDR cubemaps for env_cubemap using skybox materials:
   skybox/sky_ep02_03*.vmt
 ! Run buildcubemaps in the engine to get the correct cube maps.
Creating default HDR cubemaps for env_cubemap using skybox materials:
   skybox/sky_ep02_03*.vmt
 ! Run buildcubemaps in the engine to get the correct cube maps.
Finding displacement neighbors...
Finding lightmap sample positions...
Displacement Alpha : 0...1...2...3...4...5...6...7...8...9...10
Building Physics collision data...
done (0) (45231 bytes)
Placing detail props : 0...1...2...3...4...5...6...7...8...9...10
Compacting texture/material tables...
Reduced 124 texinfos to 58
Reduced 15 texdatas to 12 (408 bytes to 304)
Writing c:\program files\steam\steamapps\dimas_dsf\sourcesdk_content\ep2\mapsrc\day_night_zombies_v0_1.bsp
2 seconds elapsed



materialPath: c:\program files\steam\steamapps\dimas_dsf\half-life 2 episode two\ep2\materials
Loading c:\program files\steam\steamapps\dimas_dsf\sourcesdk_content\ep2\mapsrc\day_night_zombies_v0_1.vmf
Could not locate 'GameData' key in c:\program files\steam\steamapps\dimas_dsf\half-life 2 episode two\ep2\gameinfo.txt
Patching WVT material: maps/day_night_zombies_v0_1/dev/dev_blendmeasure_wvt_patch
Patching WVT material: maps/day_night_zombies_v0_1/nature/blenddirtgrass008b_wvt_patch
fixing up env_cubemap materials on brush sides...
0...1...2...3...4...5...6...7...8...9...100...1...2...3...4...5...6...7...8...9...10Processing areas...done (0)
Building Faces...done (0)
Chop Details...done (0)
Find Visible Detail Sides...done (0)
Merging details...done (0)
FixTjuncs...
PruneNodes...
WriteBSP...
done (0)
writing c:\program files\steam\steamapps\dimas_dsf\sourcesdk_content\ep2\mapsrc\day_night_zombies_v0_1.prt...Building visibility clusters...
done (0)
Creating default LDR cubemaps for env_cubemap using skybox materials:
   skybox/sky_ep02_03*.vmt
 ! Run buildcubemaps in the engine to get the correct cube maps.
Creating default HDR cubemaps for env_cubemap using skybox materials:
   skybox/sky_ep02_03*.vmt
 ! Run buildcubemaps in the engine to get the correct cube maps.
Finding displacement neighbors...
Finding lightmap sample positions...
Displacement Alpha : 0...1...2...3...4...5...6...7...8...9...10
Building Physics collision data...
done (0) (45231 bytes)
Placing detail props : 0...1...2...3...4...5...6...7...8...9...10
Compacting texture/material tables...
Reduced 124 texinfos to 58
Reduced 15 texdatas to 12 (408 bytes to 304)
Writing c:\program files\steam\steamapps\dimas_dsf\sourcesdk_content\ep2\mapsrc\day_night_zombies_v0_1.bsp
2 seconds elapsed



materialPath: c:\program files\steam\steamapps\dimas_dsf\half-life 2 episode two\ep2\materials
Loading c:\program files\steam\steamapps\dimas_dsf\sourcesdk_content\ep2\mapsrc\day_night_zombies_v0_1.vmf
Could not locate 'GameData' key in c:\program files\steam\steamapps\dimas_dsf\half-life 2 episode two\ep2\gameinfo.txt
Patching WVT material: maps/day_night_zombies_v0_1/dev/dev_blendmeasure_wvt_patch
Patching WVT material: maps/day_night_zombies_v0_1/nature/blenddirtgrass008b_wvt_patch
fixing up env_cubemap materials on brush sides...
0...1...2...3...4...5...6...7...8...9...100...1...2...3...4...5...6...7...8...9...10Processing areas...done (0)
Building Faces...done (0)
Chop Details...done (0)
Find Visible Detail Sides...done (0)
Merging details...done (0)
FixTjuncs...
PruneNodes...
WriteBSP...
done (0)
writing c:\program files\steam\steamapps\dimas_dsf\sourcesdk_content\ep2\mapsrc\day_night_zombies_v0_1.prt...Building visibility clusters...
done (0)
Creating default LDR cubemaps for env_cubemap using skybox materials:
   skybox/sky_ep02_03*.vmt
 ! Run buildcubemaps in the engine to get the correct cube maps.
Creating default HDR cubemaps for env_cubemap using skybox materials:
   skybox/sky_ep02_03*.vmt
 ! Run buildcubemaps in the engine to get the correct cube maps.
Finding displacement neighbors...
Finding lightmap sample positions...
Displacement Alpha : 0...1...2...3...4...5...6...7...8...9...10
Building Physics collision data...
done (0) (45230 bytes)
Placing detail props : 0...1...2...3...4...5...6...7...8...9...10
Compacting texture/material tables...
Reduced 124 texinfos to 58
Reduced 15 texdatas to 12 (408 bytes to 304)
Writing c:\program files\steam\steamapps\dimas_dsf\sourcesdk_content\ep2\mapsrc\day_night_zombies_v0_1.bsp
2 seconds elapsed



materialPath: c:\program files\steam\steamapps\dimas_dsf\half-life 2 episode two\ep2\materials
Loading c:\program files\steam\steamapps\dimas_dsf\sourcesdk_content\ep2\mapsrc\day_night_zombies_v0_1.vmf
Could not locate 'GameData' key in c:\program files\steam\steamapps\dimas_dsf\half-life 2 episode two\ep2\gameinfo.txt
Patching WVT material: maps/day_night_zombies_v0_1/dev/dev_blendmeasure_wvt_patch
Patching WVT material: maps/day_night_zombies_v0_1/nature/blenddirtgrass008b_wvt_patch
fixing up env_cubemap materials on brush sides...
0...1...2...3...4...5...6...7...8...9...100...1...2...3...4...5...6...7...8...9...10Processing areas...done (0)
Building Faces...done (0)
Chop Details...done (0)
Find Visible Detail Sides...done (0)
Merging details...done (0)
FixTjuncs...
PruneNodes...
WriteBSP...
done (0)
writing c:\program files\steam\steamapps\dimas_dsf\sourcesdk_content\ep2\mapsrc\day_night_zombies_v0_1.prt...Building visibility clusters...
done (0)
Creating default LDR cubemaps for env_cubemap using skybox materials:
   skybox/sky_ep02_03*.vmt
 ! Run buildcubemaps in the engine to get the correct cube maps.
Creating default HDR cubemaps for env_cubemap using skybox materials:
   skybox/sky_ep02_03*.vmt
 ! Run buildcubemaps in the engine to get the correct cube maps.
Finding displacement neighbors...
Finding lightmap sample positions...
Displacement Alpha : 0...1...2...3...4...5...6...7...8...9...10
Building Physics collision data...
done (1) (45230 bytes)
Placing detail props : 0...1...2...3...4...5...6...7...8...9...10
Compacting texture/material tables...
Reduced 124 texinfos to 58
Reduced 15 texdatas to 12 (408 bytes to 304)
Writing c:\program files\steam\steamapps\dimas_dsf\sourcesdk_content\ep2\mapsrc\day_night_zombies_v0_1.bsp
2 seconds elapsed



materialPath: c:\program files\steam\steamapps\dimas_dsf\half-life 2 episode two\ep2\materials
Loading c:\program files\steam\steamapps\dimas_dsf\sourcesdk_content\ep2\mapsrc\day_night_zombies_v0_1.vmf
Could not locate 'GameData' key in c:\program files\steam\steamapps\dimas_dsf\half-life 2 episode two\ep2\gameinfo.txt
Patching WVT material: maps/day_night_zombies_v0_1/dev/dev_blendmeasure_wvt_patch
Patching WVT material: maps/day_night_zombies_v0_1/nature/blenddirtgrass008b_wvt_patch
fixing up env_cubemap materials on brush sides...
0...1...2...3...4...5...6...7...8...9...100...1...2...3...4...5...6...7...8...9...10Processing areas...done (0)
Building Faces...done (0)
Chop Details...done (0)
Find Visible Detail Sides...done (0)
Merging details...done (0)
FixTjuncs...
PruneNodes...
WriteBSP...
done (0)
writing c:\program files\steam\steamapps\dimas_dsf\sourcesdk_content\ep2\mapsrc\day_night_zombies_v0_1.prt...Building visibility clusters...
done (0)
Creating default LDR cubemaps for env_cubemap using skybox materials:
   skybox/sky_ep02_03*.vmt
 ! Run buildcubemaps in the engine to get the correct cube maps.
Creating default HDR cubemaps for env_cubemap using skybox materials:
   skybox/sky_ep02_03*.vmt
 ! Run buildcubemaps in the engine to get the correct cube maps.
Finding displacement neighbors...
Finding lightmap sample positions...
Displacement Alpha : 0...1...2...3...4...5...6...7...8...9...10
Building Physics collision data...
done (0) (45230 bytes)
Placing detail props : 0...1...2...3...4...5...6...7...8...9...10
Compacting texture/material tables...
Reduced 127 texinfos to 58
Reduced 15 texdatas to 12 (408 bytes to 304)
Writing c:\program files\steam\steamapps\dimas_dsf\sourcesdk_content\ep2\mapsrc\day_night_zombies_v0_1.bsp
2 seconds elapsed



materialPath: c:\program files\steam\steamapps\dimas_dsf\half-life 2 episode two\ep2\materials
Loading c:\program files\steam\steamapps\dimas_dsf\sourcesdk_content\ep2\mapsrc\day_night_zombies_v0_1.vmf
Could not locate 'GameData' key in c:\program files\steam\steamapps\dimas_dsf\half-life 2 episode two\ep2\gameinfo.txt
Patching WVT material: maps/day_night_zombies_v0_1/dev/dev_blendmeasure_wvt_patch
Patching WVT material: maps/day_night_zombies_v0_1/nature/blenddirtgrass008b_wvt_patch
fixing up env_cubemap materials on brush sides...
0...1...2...3...4...5...6...7...8...9...100...1...2...3...4...5...6...7...8...9...10Processing areas...done (0)
Building Faces...done (0)
Chop Details...done (0)
Find Visible Detail Sides...done (0)
Merging details...done (0)
FixTjuncs...
PruneNodes...
WriteBSP...
done (0)
writing c:\program files\steam\steamapps\dimas_dsf\sourcesdk_content\ep2\mapsrc\day_night_zombies_v0_1.prt...Building visibility clusters...
done (0)
Creating default LDR cubemaps for env_cubemap using skybox materials:
   skybox/sky_ep02_03*.vmt
 ! Run buildcubemaps in the engine to get the correct cube maps.
Creating default HDR cubemaps for env_cubemap using skybox materials:
   skybox/sky_ep02_03*.vmt
 ! Run buildcubemaps in the engine to get the correct cube maps.
Finding displacement neighbors...
Finding lightmap sample positions...
Displacement Alpha : 0...1...2...3...4...5...6...7...8...9...10
Building Physics collision data...
done (1) (45629 bytes)
Placing detail props : 0...1...2...3...4...5...6...7...8...9...10
Compacting texture/material tables...
Reduced 133 texinfos to 63
Reduced 18 texdatas to 15 (484 bytes to 380)
Writing c:\program files\steam\steamapps\dimas_dsf\sourcesdk_content\ep2\mapsrc\day_night_zombies_v0_1.bsp
2 seconds elapsed



materialPath: c:\program files\steam\steamapps\dimas_dsf\half-life 2 episode two\ep2\materials
Loading c:\program files\steam\steamapps\dimas_dsf\sourcesdk_content\ep2\mapsrc\day_night_zombies_v0_1.vmf
Could not locate 'GameData' key in c:\program files\steam\steamapps\dimas_dsf\half-life 2 episode two\ep2\gameinfo.txt
Patching WVT material: maps/day_night_zombies_v0_1/dev/dev_blendmeasure_wvt_patch
Patching WVT material: maps/day_night_zombies_v0_1/nature/blenddirtgrass008b_wvt_patch
fixing up env_cubemap materials on brush sides...
0...1...2...3...4...5...6...7...8...9...100...1...2...3...4...5...6...7...8...9...10Processing areas...done (0)
Building Faces...done (0)
Chop Details...done (0)
Find Visible Detail Sides...done (0)
Merging details...done (0)
FixTjuncs...
PruneNodes...
WriteBSP...
done (0)
writing c:\program files\steam\steamapps\dimas_dsf\sourcesdk_content\ep2\mapsrc\day_night_zombies_v0_1.prt...Building visibility clusters...
done (0)
Creating default LDR cubemaps for env_cubemap using skybox materials:
   skybox/sky_ep02_03*.vmt
 ! Run buildcubemaps in the engine to get the correct cube maps.
Creating default HDR cubemaps for env_cubemap using skybox materials:
   skybox/sky_ep02_03*.vmt
 ! Run buildcubemaps in the engine to get the correct cube maps.
Finding displacement neighbors...
Finding lightmap sample positions...
Displacement Alpha : 0...1...2...3...4...5...6...7...8...9...10
Building Physics collision data...
done (1) (45565 bytes)
Placing detail props : 0...1...2...3...4...5...6...7...8...9...10
Compacting texture/material tables...
Reduced 133 texinfos to 61
Reduced 18 texdatas to 15 (484 bytes to 380)
Writing c:\program files\steam\steamapps\dimas_dsf\sourcesdk_content\ep2\mapsrc\day_night_zombies_v0_1.bsp
2 seconds elapsed
