PRT1
142
319
4 0 3 (7168 6144 5.138580 ) (7168 6144 2571.860107 ) (7168 7115.129883 2571.860107 ) (7168 7115.129883 5.138580 ) 
4 0 1 (7168 6144 2571.860107 ) (7168 6144 5.138580 ) (7199.970215 6144 5.138580 ) (7199.970215 6144 2571.860107 ) 
4 1 6 (7168 5120 5.138580 ) (7168 5120 2571.860107 ) (7168 6144 2571.860107 ) (7168 6144 5.138580 ) 
4 1 2 (7168 5120 2571.860107 ) (7168 5120 5.138580 ) (7199.970215 5120 5.138580 ) (7199.970215 5120 2571.860107 ) 
4 2 12 (7199.970215 4096 2571.860107 ) (7168 4096 2571.860107 ) (7168 4096 5.138580 ) (7199.970215 4096 5.138580 ) 
4 2 7 (7168 4096 5.138580 ) (7168 4096 2571.860107 ) (7168 5120 2571.860107 ) (7168 5120 5.138580 ) 
4 3 6 (7168 6144 5.138580 ) (7168 6144 2571.860107 ) (6144 6144 2571.860107 ) (6144 6144 5.138580 ) 
4 3 4 (6144 6144 5.138580 ) (6144 6144 2571.860107 ) (6144 7115.129883 2571.860107 ) (6144 7115.129883 5.138580 ) 
4 4 8 (6144 6144 5.138580 ) (6144 6144 2571.860107 ) (5120 6144 2571.860107 ) (5120 6144 5.138580 ) 
4 4 5 (5120 6144 5.138580 ) (5120 6144 2571.860107 ) (5120 7115.129883 2571.860107 ) (5120 7115.129883 5.138580 ) 
4 5 24 (4096 6144 5.138580 ) (4096 6144 2571.860107 ) (4096 7115.129883 2571.860107 ) (4096 7115.129883 5.138580 ) 
4 5 9 (5120 6144 5.138580 ) (5120 6144 2571.860107 ) (4096 6144 2571.860107 ) (4096 6144 5.138580 ) 
4 6 8 (6144 6144 2571.860107 ) (6144 6144 5.138580 ) (6144 5120 5.138580 ) (6144 5120 2571.860107 ) 
4 6 7 (7168 5120 5.138580 ) (7168 5120 2571.860107 ) (6144 5120 2571.860107 ) (6144 5120 5.138580 ) 
4 7 14 (7168 4096 5.138580 ) (7168 4096 2571.860107 ) (6144 4096 2571.860107 ) (6144 4096 5.138580 ) 
4 7 10 (6144 4096 5.138580 ) (6144 4096 2571.860107 ) (6144 5120 2571.860107 ) (6144 5120 5.138580 ) 
4 8 10 (6144 5120 5.138580 ) (6144 5120 2571.860107 ) (5120 5120 2571.860107 ) (5120 5120 5.138580 ) 
4 8 9 (5120 6144 2571.860107 ) (5120 6144 5.138580 ) (5120 5120 5.138580 ) (5120 5120 2571.860107 ) 
4 9 27 (4096 5120 5.138580 ) (4096 5120 2571.860107 ) (4096 6144 2571.860107 ) (4096 6144 5.138580 ) 
4 9 11 (5120 5120 5.138580 ) (5120 5120 2571.860107 ) (4096 5120 2571.860107 ) (4096 5120 5.138580 ) 
4 10 16 (6144 4096 5.138580 ) (6144 4096 2571.860107 ) (5120 4096 2571.860107 ) (5120 4096 5.138580 ) 
4 10 11 (5120 5120 2571.860107 ) (5120 5120 5.138580 ) (5120 4096 5.138580 ) (5120 4096 2571.860107 ) 
4 11 28 (4096 4096 5.138580 ) (4096 4096 2571.860107 ) (4096 5120 2571.860107 ) (4096 5120 5.138580 ) 
4 11 17 (5120 4096 5.138580 ) (5120 4096 2571.860107 ) (4096 4096 2571.860107 ) (4096 4096 5.138580 ) 
4 12 14 (7168 3072 5.138580 ) (7168 3072 2571.860107 ) (7168 4096 2571.860107 ) (7168 4096 5.138580 ) 
4 12 13 (7199.970215 3072 2571.860107 ) (7168 3072 2571.860107 ) (7168 3072 5.138580 ) (7199.970215 3072 5.138580 ) 
4 13 20 (7199.970215 2048 2571.860107 ) (7168 2048 2571.860107 ) (7168 2048 5.138580 ) (7199.970215 2048 5.138580 ) 
4 13 15 (7168 2048 5.138580 ) (7168 2048 2571.860107 ) (7168 3072 2571.860107 ) (7168 3072 5.138580 ) 
4 14 16 (6144 4096 2571.860107 ) (6144 4096 5.138580 ) (6144 3072 5.138580 ) (6144 3072 2571.860107 ) 
4 14 15 (7168 3072 5.138580 ) (7168 3072 2571.860107 ) (6144 3072 2571.860107 ) (6144 3072 5.138580 ) 
4 15 21 (7168 2048 5.138580 ) (7168 2048 2571.860107 ) (6144 2048 2571.860107 ) (6144 2048 5.138580 ) 
4 15 18 (6144 2048 5.138580 ) (6144 2048 2571.860107 ) (6144 3072 2571.860107 ) (6144 3072 5.138580 ) 
4 16 18 (6144 3072 5.138580 ) (6144 3072 2571.860107 ) (5120 3072 2571.860107 ) (5120 3072 5.138580 ) 
4 16 17 (5120 4096 2571.860107 ) (5120 4096 5.138580 ) (5120 3072 5.138580 ) (5120 3072 2571.860107 ) 
4 17 36 (4096 3072 5.138580 ) (4096 3072 2571.860107 ) (4096 4096 2571.860107 ) (4096 4096 5.138580 ) 
4 17 19 (5120 3072 5.138580 ) (5120 3072 2571.860107 ) (4096 3072 2571.860107 ) (4096 3072 5.138580 ) 
4 18 22 (6144 2048 5.138580 ) (6144 2048 2571.860107 ) (5120 2048 2571.860107 ) (5120 2048 5.138580 ) 
4 18 19 (5120 3072 2571.860107 ) (5120 3072 5.138580 ) (5120 2048 5.138580 ) (5120 2048 2571.860107 ) 
4 19 37 (4096 2048 5.138580 ) (4096 2048 2571.860107 ) (4096 3072 2571.860107 ) (4096 3072 5.138580 ) 
4 19 23 (4096 2048 2571.860107 ) (4096 2048 5.138580 ) (5120 2048 5.138580 ) (5120 2048 2571.860107 ) 
4 20 21 (7168 2048 2571.860107 ) (7168 2048 5.138580 ) (7168 1538.869995 5.138580 ) (7168 1538.869995 2571.860107 ) 
4 21 22 (6144 2048 2571.860107 ) (6144 2048 5.138580 ) (6144 1538.869995 5.138580 ) (6144 1538.869995 2571.860107 ) 
4 22 23 (5120 1538.869995 2571.860107 ) (5120 2048 2571.860107 ) (5120 2048 5.138580 ) (5120 1538.869995 5.138580 ) 
4 23 64 (4096 1538.869995 2571.860107 ) (4096 2048 2571.860107 ) (4096 2048 5.138580 ) (4096 1538.869995 5.138580 ) 
4 24 27 (4096 6144 5.138580 ) (4096 6144 2571.860107 ) (3072 6144 2571.860107 ) (3072 6144 5.138580 ) 
4 24 25 (3072 6144 5.138580 ) (3072 6144 2571.860107 ) (3072 7115.129883 2571.860107 ) (3072 7115.129883 5.138580 ) 
4 25 29 (3072 6144 5.138580 ) (3072 6144 2571.860107 ) (2048 6144 2571.860107 ) (2048 6144 5.138580 ) 
4 25 26 (2048 6144 5.138580 ) (2048 6144 2571.860107 ) (2048 7115.129883 2571.860107 ) (2048 7115.129883 5.138580 ) 
4 26 33 (1024 6144 5.138580 ) (1024 6144 2571.860107 ) (1024 7115.129883 2571.860107 ) (1024 7115.129883 5.138580 ) 
4 26 30 (2048 6144 5.138580 ) (2048 6144 2571.860107 ) (1024 6144 2571.860107 ) (1024 6144 5.138580 ) 
4 27 29 (3072 6144 2571.860107 ) (3072 6144 5.138580 ) (3072 5120 5.138580 ) (3072 5120 2571.860107 ) 
4 27 28 (4096 5120 5.138580 ) (4096 5120 2571.860107 ) (3072 5120 2571.860107 ) (3072 5120 5.138580 ) 
4 28 36 (4096 4096 5.138580 ) (4096 4096 2571.860107 ) (3072 4096 2571.860107 ) (3072 4096 5.138580 ) 
4 28 31 (3072 4096 5.138580 ) (3072 4096 2571.860107 ) (3072 5120 2571.860107 ) (3072 5120 5.138580 ) 
4 29 31 (3072 5120 5.138580 ) (3072 5120 2571.860107 ) (2048 5120 2571.860107 ) (2048 5120 5.138580 ) 
4 29 30 (2048 6144 2571.860107 ) (2048 6144 5.138580 ) (2048 5120 5.138580 ) (2048 5120 2571.860107 ) 
4 30 34 (1024 5120 5.138580 ) (1024 5120 2571.860107 ) (1024 6144 2571.860107 ) (1024 6144 5.138580 ) 
4 30 32 (2048 5120 5.138580 ) (2048 5120 2571.860107 ) (1024 5120 2571.860107 ) (1024 5120 5.138580 ) 
4 31 38 (3072 4096 5.138580 ) (3072 4096 2571.860107 ) (2048 4096 2571.860107 ) (2048 4096 5.138580 ) 
4 31 32 (2048 5120 2571.860107 ) (2048 5120 5.138580 ) (2048 4096 5.138580 ) (2048 4096 2571.860107 ) 
4 32 39 (2048 4096 5.138580 ) (2048 4096 2571.860107 ) (1024 4096 2571.860107 ) (1024 4096 5.138580 ) 
4 32 35 (1024 4096 5.138580 ) (1024 4096 2571.860107 ) (1024 5120 2571.860107 ) (1024 5120 5.138580 ) 
4 33 34 (1024 6144 5.138580 ) (1024 6144 2571.860107 ) (518.025024 6144 2571.860107 ) (518.025024 6144 5.138580 ) 
4 34 35 (1024 5120 5.138580 ) (1024 5120 2571.860107 ) (518.025024 5120 2571.860107 ) (518.025024 5120 5.138580 ) 
4 35 72 (1024 4096 5.138580 ) (1024 4096 2571.860107 ) (518.025024 4096 2571.860107 ) (518.025024 4096 5.138580 ) 
4 36 38 (3072 4096 2571.860107 ) (3072 4096 5.138580 ) (3072 3072 5.138580 ) (3072 3072 2571.860107 ) 
4 36 37 (4096 3072 5.138580 ) (4096 3072 2571.860107 ) (3072 3072 2571.860107 ) (3072 3072 5.138580 ) 
4 37 64 (4096 2048 5.138580 ) (4096 2048 2571.860107 ) (3072 2048 2571.860107 ) (3072 2048 5.138580 ) 
4 37 40 (3072 2048 5.138580 ) (3072 2048 2571.860107 ) (3072 3072 2571.860107 ) (3072 3072 5.138580 ) 
4 38 40 (3072 3072 5.138580 ) (3072 3072 2571.860107 ) (2048 3072 2571.860107 ) (2048 3072 5.138580 ) 
4 38 39 (2048 4096 2571.860107 ) (2048 4096 5.138580 ) (2048 3072 5.138580 ) (2048 3072 2571.860107 ) 
4 39 72 (1024 4096 2571.860107 ) (1024 4096 5.138580 ) (1024 3072 5.138580 ) (1024 3072 2571.860107 ) 
4 39 41 (2048 3072 5.138580 ) (2048 3072 2571.860107 ) (1024 3072 2571.860107 ) (1024 3072 5.138580 ) 
4 40 65 (3072 2048 5.138580 ) (3072 2048 2571.860107 ) (2048 2048 2571.860107 ) (2048 2048 5.138580 ) 
4 40 57 (2048 2572 5.138580 ) (2048 2048 5.138580 ) (2048 2048 11.073700 ) (2048 2572 11.073700 ) 
4 40 48 (2048 2048 11.073700 ) (2048 2048 2571.860107 ) (2048 2570.919922 2571.860107 ) (2048 2570.919922 11.073700 ) 
4 40 44 (2048 2572 450 ) (2048 2572 11.073700 ) (2048 2570.919922 11.073700 ) (2048 2570.919922 450 ) 
4 40 43 (2048 2572 451 ) (2048 2572 450 ) (2048 2570.919922 450 ) (2048 2570.919922 451 ) 
4 40 42 (2048 2570.919922 2571.860107 ) (2048 2572 2571.860107 ) (2048 2572 451 ) (2048 2570.919922 451 ) 
4 40 41 (2048 3072 2571.860107 ) (2048 3072 5.138580 ) (2048 2572 5.138580 ) (2048 2572 2571.860107 ) 
4 41 118 (1024 2572 5.138580 ) (1024 2572 11.073700 ) (1024 3072 11.073700 ) (1024 3072 5.138580 ) 
4 41 73 (1024 2572 11.073700 ) (1024 2572 2571.860107 ) (1024 3072 2571.860107 ) (1024 3072 11.073700 ) 
4 41 57 (2048 2572 5.138580 ) (2048 2572 11.073700 ) (1539 2572 11.073700 ) (1539 2572 5.138580 ) 
4 41 47 (1188 2572 64 ) (1298 2572 64 ) (1298 2572 172 ) (1188 2572 172 ) 
4 41 46 (1296 2572 276 ) (1410.890015 2572 276 ) (1410.890015 2572 385 ) (1296 2572 385 ) 
4 41 45 (1456 2572 11.073700 ) (1504 2572 11.073700 ) (1504 2572 120 ) (1456 2572 120 ) 
4 41 44 (2048 2572 11.073700 ) (2048 2572 450 ) (1539 2572 450 ) (1539 2572 11.073700 ) 
4 41 43 (2048 2572 450 ) (2048 2572 451 ) (1539 2572 451 ) (1539 2572 450 ) 
4 41 42 (2048 2572 451 ) (2048 2572 2571.860107 ) (1024 2572 2571.860107 ) (1024 2572 451 ) 
4 42 74 (1024 2572 2571.860107 ) (1024 2572 451 ) (1024 2570.919922 451 ) (1024 2570.919922 2571.860107 ) 
4 42 50 (1024 2570.919922 2571.860107 ) (1024 2570.919922 451 ) (1535.719971 2570.919922 451 ) (1535.719971 2570.919922 2571.860107 ) 
4 42 49 (1535.719971 2570.919922 451 ) (1539 2570.919922 451 ) (1539 2570.919922 2571.860107 ) (1535.719971 2570.919922 2571.860107 ) 
4 42 48 (1539 2570.919922 451 ) (2048 2570.919922 451 ) (2048 2570.919922 2571.860107 ) (1539 2570.919922 2571.860107 ) 
4 42 43 (2048 2570.919922 451 ) (1539 2570.919922 451 ) (1539 2572 451 ) (2048 2572 451 ) 
4 43 48 (1539 2570.919922 450 ) (2048 2570.919922 450 ) (2048 2570.919922 451 ) (1539 2570.919922 451 ) 
4 43 44 (2048 2570.919922 450 ) (1539 2570.919922 450 ) (1539 2572 450 ) (2048 2572 450 ) 
4 44 57 (1539 2572 11.073700 ) (2048 2572 11.073700 ) (2048 2570.919922 11.073700 ) (1539 2570.919922 11.073700 ) 
4 44 48 (1539 2570.919922 11.073700 ) (2048 2570.919922 11.073700 ) (2048 2570.919922 450 ) (1539 2570.919922 450 ) 
4 45 54 (1456 2570.919922 11.073700 ) (1504 2570.919922 11.073700 ) (1504 2570.919922 120 ) (1456 2570.919922 120 ) 
4 46 51 (1296 2570.919922 276 ) (1410.890015 2570.919922 276 ) (1410.890015 2570.919922 385 ) (1296 2570.919922 385 ) 
4 47 56 (1188 2570.919922 64 ) (1298 2570.919922 64 ) (1298 2570.919922 172 ) (1188 2570.919922 172 ) 
4 48 67 (2048 2048 11.073700 ) (2048 2048 451 ) (1539 2048 451 ) (1539 2048 11.073700 ) 
4 48 66 (2048 2048 451 ) (2048 2048 2571.860107 ) (1539 2048 2571.860107 ) (1539 2048 451 ) 
4 48 57 (2048 2570.919922 11.073700 ) (2048 2048 11.073700 ) (1539 2048 11.073700 ) (1539 2570.919922 11.073700 ) 
4 48 49 (1539 2048 2571.860107 ) (1539 2570.919922 2571.860107 ) (1539 2570.919922 451 ) (1539 2048 451 ) 
4 49 66 (1539 2048 2571.860107 ) (1535.719971 2048 2571.860107 ) (1535.719971 2048 451 ) (1539 2048 451 ) 
4 49 50 (1535.719971 2570.919922 2571.860107 ) (1535.719971 2570.919922 451 ) (1535.719971 2048 451 ) (1535.719971 2048 2571.860107 ) 
4 50 77 (1024 2048 451 ) (1024 2048 2571.860107 ) (1024 2570.919922 2571.860107 ) (1024 2570.919922 451 ) 
4 50 68 (1024 2048 2571.860107 ) (1024 2048 451 ) (1535.719971 2048 451 ) (1535.719971 2048 2571.860107 ) 
4 51 78 (1024 2048 226.507004 ) (1024 2048 450 ) (1024 2570.919922 450 ) (1024 2570.919922 226.507004 ) 
4 51 69 (1024 2048 450 ) (1024 2048 226.507004 ) (1535.719971 2048 226.507004 ) (1535.719971 2048 450 ) 
4 52 70 (1409.390015 2048 225 ) (1535.719971 2048 225 ) (1535.719971 2048 225.500000 ) (1409.390015 2048 225.500000 ) 
4 52 55 (1413 2048 225 ) (1409.390015 2048 225 ) (1409.390015 2255.750000 225 ) (1413 2255.750000 225 ) 
4 52 54 (1535.719971 2255.750000 225 ) (1535.719971 2048 225 ) (1413 2048 225 ) (1413 2255.750000 225 ) 
4 52 53 (1409.390015 2255.750000 225 ) (1409.390015 2048 225 ) (1409.390015 2048 225.500000 ) (1409.390015 2255.750000 225.500000 ) 
4 53 82 (1024 2048 225 ) (1024 2048 225.500000 ) (1024 2162.229980 225.500000 ) (1024 2162.229980 225 ) 
4 53 79 (1024 2162.229980 225.500000 ) (1024 2570.919922 225.500000 ) (1024 2570.919922 225 ) (1024 2162.229980 225 ) 
4 53 70 (1024 2048 225.500000 ) (1024 2048 225 ) (1409.390015 2048 225 ) (1409.390015 2048 225.500000 ) 
4 53 56 (1024 2570.919922 225 ) (1409.390015 2570.919922 225 ) (1409.390015 2048 225 ) (1024 2048 225 ) 
4 54 70 (1413 2048 11.073700 ) (1535.719971 2048 11.073700 ) (1535.719971 2048 225 ) (1413 2048 225 ) 
4 54 62 (1464 2283 11.073700 ) (1464 2328 11.073700 ) (1466 2328 11.073700 ) (1466 2283 11.073700 ) 
4 54 60 (1464 2328 11.073700 ) (1464 2329 11.073700 ) (1466 2329 11.073700 ) (1466 2328 11.073700 ) 
4 54 59 (1466 2283 11.073700 ) (1466 2329 11.073700 ) (1498 2329 11.073700 ) (1498 2283 11.073700 ) 
4 54 58 (1500 2329 11.073700 ) (1500 2283 11.073700 ) (1498 2283 11.073700 ) (1498 2329 11.073700 ) 
4 54 55 (1413 2048 225 ) (1413 2255.750000 225 ) (1413 2255.750000 11.073700 ) (1413 2048 11.073700 ) 
4 55 70 (1409.390015 2048 11.073700 ) (1413 2048 11.073700 ) (1413 2048 225 ) (1409.390015 2048 225 ) 
4 55 56 (1409.390015 2048 225 ) (1409.390015 2255.750000 225 ) (1409.390015 2255.750000 11.073700 ) (1409.390015 2048 11.073700 ) 
4 56 82 (1024 2048 11.073700 ) (1024 2048 225 ) (1024 2162.229980 225 ) (1024 2162.229980 11.073700 ) 
4 56 79 (1024 2162.229980 225 ) (1024 2570.919922 225 ) (1024 2570.919922 11.073700 ) (1024 2162.229980 11.073700 ) 
4 56 70 (1024 2048 225 ) (1024 2048 11.073700 ) (1409.390015 2048 11.073700 ) (1409.390015 2048 225 ) 
4 57 67 (2048 2048 5.138580 ) (2048 2048 11.073700 ) (1539 2048 11.073700 ) (1539 2048 5.138580 ) 
4 58 59 (1498 2283 3.138580 ) (1498 2283 11.073700 ) (1498 2329 11.073700 ) (1498 2329 3.138580 ) 
4 59 63 (1466 2283 0 ) (1466 2329 0 ) (1498 2329 0 ) (1498 2283 0 ) 
4 59 62 (1466 2283 3.138580 ) (1466 2283 11.073700 ) (1466 2328 11.073700 ) (1466 2328 3.138580 ) 
4 59 61 (1466 2328 3.138580 ) (1466 2328 5.138580 ) (1466 2329 5.138580 ) (1466 2329 3.138580 ) 
4 59 60 (1466 2328 5.138580 ) (1466 2328 11.073700 ) (1466 2329 11.073700 ) (1466 2329 5.138580 ) 
4 60 62 (1464 2328 11.073700 ) (1464 2328 5.138580 ) (1466 2328 5.138580 ) (1466 2328 11.073700 ) 
4 60 61 (1466 2328 5.138580 ) (1465 2328 5.138580 ) (1465 2329 5.138580 ) (1466 2329 5.138580 ) 
4 61 62 (1465 2328 3.138580 ) (1466 2328 3.138580 ) (1466 2328 5.138580 ) (1465 2328 5.138580 ) 
4 64 65 (3072 1538.869995 2571.860107 ) (3072 2048 2571.860107 ) (3072 2048 5.138580 ) (3072 1538.869995 5.138580 ) 
4 65 71 (2048 2046 5.138580 ) (2048 1538.869995 5.138580 ) (2048 1538.869995 2571.860107 ) (2048 2046 2571.860107 ) 
4 65 67 (2048 2048 451 ) (2048 2048 5.138580 ) (2048 2046 5.138580 ) (2048 2046 451 ) 
4 65 66 (2048 2048 2571.860107 ) (2048 2048 451 ) (2048 2046 451 ) (2048 2046 2571.860107 ) 
4 66 71 (2048 2046 451 ) (2048 2046 2571.860107 ) (1535.719971 2046 2571.860107 ) (1535.719971 2046 451 ) 
4 66 68 (1535.719971 2046 451 ) (1535.719971 2046 2571.860107 ) (1535.719971 2048 2571.860107 ) (1535.719971 2048 451 ) 
4 66 67 (2048 2046 451 ) (1539 2046 451 ) (1539 2048 451 ) (2048 2048 451 ) 
4 67 71 (2048 2046 5.138580 ) (2048 2046 451 ) (1539 2046 451 ) (1539 2046 5.138580 ) 
4 68 121 (1024 2048 2571.860107 ) (1024 2048 451 ) (1024 2046 451 ) (1024 2046 2571.860107 ) 
4 68 71 (1024 2046 2571.860107 ) (1024 2046 451 ) (1535.719971 2046 451 ) (1535.719971 2046 2571.860107 ) 
4 69 122 (1024 2048 450 ) (1024 2048 226.507004 ) (1024 2047.079956 226.507004 ) (1024 2047.079956 450 ) 
4 70 123 (1024 2048 225.500000 ) (1024 2048 11.073700 ) (1024 2047.079956 11.073700 ) (1024 2047.079956 225.500000 ) 
4 71 140 (1024 1538.869995 2571.860107 ) (1024 2046 2571.860107 ) (1024 2046 5.138580 ) (1024 1538.869995 5.138580 ) 
4 72 119 (699.280029 3072 11.073700 ) (696 3072 11.073700 ) (696 3072 5.138580 ) (699.280029 3072 5.138580 ) 
4 72 120 (696 3072 11.073700 ) (518.025024 3072 11.073700 ) (518.025024 3072 5.138580 ) (696 3072 5.138580 ) 
4 72 118 (1024 3072 5.138580 ) (1024 3072 11.073700 ) (699.280029 3072 11.073700 ) (699.280029 3072 5.138580 ) 
4 72 73 (1024 3072 11.073700 ) (1024 3072 2571.860107 ) (518.025024 3072 2571.860107 ) (518.025024 3072 11.073700 ) 
4 73 119 (696 3072 11.073700 ) (699.280029 3072 11.073700 ) (699.280029 2572 11.073700 ) (696 2572 11.073700 ) 
4 73 120 (518.025024 3072 11.073700 ) (696 3072 11.073700 ) (696 2572 11.073700 ) (518.025024 2572 11.073700 ) 
4 73 118 (699.280029 3072 11.073700 ) (1024 3072 11.073700 ) (1024 2572 11.073700 ) (699.280029 2572 11.073700 ) 
4 73 116 (699.280029 2572 451 ) (699.280029 2572 2571.860107 ) (696 2572 2571.860107 ) (696 2572 451 ) 
4 73 117 (518.025024 2572 11.073700 ) (696 2572 11.073700 ) (696 2572 2571.860107 ) (518.025024 2572 2571.860107 ) 
4 73 76 (915 2572 172 ) (808 2572 172 ) (808 2572 64 ) (915 2572 64 ) 
4 73 75 (808 2572 385 ) (808 2572 276 ) (915 2572 276 ) (915 2572 385 ) 
4 73 74 (1024 2572 451 ) (1024 2572 2571.860107 ) (699.280029 2572 2571.860107 ) (699.280029 2572 451 ) 
4 74 116 (699.280029 2572 2571.860107 ) (699.280029 2572 451 ) (699.280029 2570.919922 451 ) (699.280029 2570.919922 2571.860107 ) 
4 74 77 (699.280029 2570.919922 2571.860107 ) (699.280029 2570.919922 451 ) (1024 2570.919922 451 ) (1024 2570.919922 2571.860107 ) 
4 75 78 (915 2570.919922 276 ) (915 2570.919922 385 ) (808 2570.919922 385 ) (808 2570.919922 276 ) 
4 76 80 (808 2570.919922 64 ) (915 2570.919922 64 ) (915 2570.919922 172 ) (808 2570.919922 172 ) 
4 77 121 (1024 2048 451 ) (1024 2048 2571.860107 ) (699.280029 2048 2571.860107 ) (699.280029 2048 451 ) 
4 77 116 (699.280029 2048 451 ) (699.280029 2048 2571.860107 ) (699.280029 2570.919922 2571.860107 ) (699.280029 2570.919922 451 ) 
4 78 137 (719.109985 2048 450 ) (699.280029 2048 450 ) (699.280029 2048 226.507004 ) (719.109985 2048 226.507004 ) 
4 78 136 (738.703003 2048 450 ) (719.109985 2048 450 ) (719.109985 2048 226.507004 ) (738.703003 2048 226.507004 ) 
4 78 135 (757.793030 2048 450 ) (738.703003 2048 450 ) (738.703003 2048 226.507004 ) (757.793030 2048 226.507004 ) 
4 78 134 (777.385986 2048 450 ) (757.793030 2048 450 ) (757.793030 2048 226.507004 ) (777.385986 2048 226.507004 ) 
4 78 133 (799.491028 2048 450 ) (777.385986 2048 450 ) (777.385986 2048 226.507004 ) (799.491028 2048 226.507004 ) 
4 78 132 (824.107971 2048 450 ) (799.491028 2048 450 ) (799.491028 2048 226.507004 ) (824.107971 2048 226.507004 ) 
4 78 131 (849.226990 2048 450 ) (824.107971 2048 450 ) (824.107971 2048 226.507004 ) (849.226990 2048 226.507004 ) 
4 78 130 (870.327026 2048 450 ) (849.226990 2048 450 ) (849.226990 2048 226.507004 ) (870.327026 2048 226.507004 ) 
4 78 129 (891.929993 2048 450 ) (870.327026 2048 450 ) (870.327026 2048 226.507004 ) (891.929993 2048 226.507004 ) 
4 78 128 (912.025024 2048 450 ) (891.929993 2048 450 ) (891.929993 2048 226.507004 ) (912.025024 2048 226.507004 ) 
4 78 127 (932.622986 2048 450 ) (912.025024 2048 450 ) (912.025024 2048 226.507004 ) (932.622986 2048 226.507004 ) 
4 78 126 (953.723022 2048 450 ) (932.622986 2048 450 ) (932.622986 2048 226.507004 ) (953.723022 2048 226.507004 ) 
4 78 125 (972.310974 2048 450 ) (953.723022 2048 450 ) (953.723022 2048 226.507004 ) (972.310974 2048 226.507004 ) 
4 78 122 (1024 2048 226.507004 ) (1024 2048 450 ) (972.812988 2048 450 ) (972.812988 2048 226.507004 ) 
4 78 124 (972.812988 2048 450 ) (972.310974 2048 450 ) (972.310974 2048 226.507004 ) (972.812988 2048 226.507004 ) 
4 78 115 (699.280029 2162.229980 226.507004 ) (699.280029 2163.310059 226.507004 ) (719.109985 2163.310059 226.507004 ) (719.109985 2162.229980 226.507004 ) 
4 78 112 (719.109985 2163.310059 226.507004 ) (757.793030 2163.310059 226.507004 ) (757.793030 2048 226.507004 ) (719.109985 2048 226.507004 ) 
4 78 108 (757.793030 2163.310059 226.507004 ) (804 2163.310059 226.507004 ) (804 2048 226.507004 ) (757.793030 2048 226.507004 ) 
4 78 91 (824.107971 2048 226.507004 ) (804 2048 226.507004 ) (804 2162.229980 226.507004 ) (824.107971 2162.229980 226.507004 ) 
4 78 90 (849.226990 2048 226.507004 ) (824.107971 2048 226.507004 ) (824.107971 2162.229980 226.507004 ) (849.226990 2162.229980 226.507004 ) 
4 78 89 (870.327026 2048 226.507004 ) (849.226990 2048 226.507004 ) (849.226990 2162.229980 226.507004 ) (870.327026 2162.229980 226.507004 ) 
4 78 88 (891.929993 2048 226.507004 ) (870.327026 2048 226.507004 ) (870.327026 2162.229980 226.507004 ) (891.929993 2162.229980 226.507004 ) 
4 78 87 (912.025024 2048 226.507004 ) (891.929993 2048 226.507004 ) (891.929993 2162.229980 226.507004 ) (912.025024 2162.229980 226.507004 ) 
4 78 86 (932.622986 2048 226.507004 ) (912.025024 2048 226.507004 ) (912.025024 2162.229980 226.507004 ) (932.622986 2162.229980 226.507004 ) 
4 78 85 (953.723022 2048 226.507004 ) (932.622986 2048 226.507004 ) (932.622986 2162.229980 226.507004 ) (953.723022 2162.229980 226.507004 ) 
4 78 84 (972.310974 2048 226.507004 ) (953.723022 2048 226.507004 ) (953.723022 2162.229980 226.507004 ) (972.310974 2162.229980 226.507004 ) 
4 78 83 (972.812988 2048 226.507004 ) (972.310974 2048 226.507004 ) (972.310974 2162.229980 226.507004 ) (972.812988 2162.229980 226.507004 ) 
4 78 81 (972.812988 2163.310059 226.507004 ) (972.812988 2162.229980 226.507004 ) (804 2162.229980 226.507004 ) (804 2163.310059 226.507004 ) 
4 79 82 (972.812988 2162.229980 11.073700 ) (1024 2162.229980 11.073700 ) (1024 2162.229980 225.500000 ) (972.812988 2162.229980 225.500000 ) 
4 79 80 (972.812988 2163.310059 225.500000 ) (972.812988 2570.919922 225.500000 ) (972.812988 2570.919922 11.073700 ) (972.812988 2163.310059 11.073700 ) 
4 79 81 (972.812988 2162.229980 11.073700 ) (972.812988 2162.229980 225.500000 ) (972.812988 2163.310059 225.500000 ) (972.812988 2163.310059 11.073700 ) 
4 80 94 (804 2570.919922 119 ) (804 2570.919922 11.073700 ) (804 2570 11.073700 ) (804 2570 119 ) 
4 80 95 (804 2233 11.073700 ) (804 2185 11.073700 ) (804 2185 119 ) (804 2233 119 ) 
4 80 92 (804 2570.919922 225.500000 ) (804 2570.919922 119 ) (804 2570 119 ) (804 2570 225.500000 ) 
4 80 81 (804 2163.310059 225.500000 ) (804 2163.310059 11.073700 ) (972.812988 2163.310059 11.073700 ) (972.812988 2163.310059 225.500000 ) 
4 81 108 (804 2162.229980 226.507004 ) (804 2163.310059 226.507004 ) (804 2163.310059 226 ) (804 2162.229980 226 ) 
4 81 91 (804 2162.229980 226.507004 ) (804 2162.229980 147.481003 ) (824.107971 2162.229980 147.481003 ) (824.107971 2162.229980 226.507004 ) 
4 81 90 (849.226990 2162.229980 129.863998 ) (849.226990 2162.229980 226.507004 ) (824.107971 2162.229980 226.507004 ) (824.107971 2162.229980 129.863998 ) 
4 81 89 (870.327026 2162.229980 111.239998 ) (870.327026 2162.229980 226.507004 ) (849.226990 2162.229980 226.507004 ) (849.226990 2162.229980 111.239998 ) 
4 81 88 (891.929993 2162.229980 93.622803 ) (891.929993 2162.229980 226.507004 ) (870.327026 2162.229980 226.507004 ) (870.327026 2162.229980 93.622803 ) 
4 81 87 (912.025024 2162.229980 71.475403 ) (912.025024 2162.229980 226.507004 ) (891.929993 2162.229980 226.507004 ) (891.929993 2162.229980 71.475403 ) 
4 81 86 (932.622986 2162.229980 54.865002 ) (932.622986 2162.229980 226.507004 ) (912.025024 2162.229980 226.507004 ) (912.025024 2162.229980 54.865002 ) 
4 81 85 (953.723022 2162.229980 37.247799 ) (953.723022 2162.229980 226.507004 ) (932.622986 2162.229980 226.507004 ) (932.622986 2162.229980 37.247799 ) 
4 81 84 (972.310974 2162.229980 23.657400 ) (972.310974 2162.229980 226.507004 ) (953.723022 2162.229980 226.507004 ) (953.723022 2162.229980 23.657400 ) 
4 81 83 (972.310974 2162.229980 11.073700 ) (972.812988 2162.229980 11.073700 ) (972.812988 2162.229980 226.507004 ) (972.310974 2162.229980 226.507004 ) 
4 82 123 (1024 2048 11.073700 ) (1024 2048 225.500000 ) (972.812988 2048 225.500000 ) (972.812988 2048 11.073700 ) 
4 82 83 (972.812988 2162.229980 225.500000 ) (972.812988 2162.229980 11.073700 ) (972.812988 2048 11.073700 ) (972.812988 2048 225.500000 ) 
4 83 124 (972.812988 2048 226.507004 ) (972.310974 2048 226.507004 ) (972.310974 2048 11.073700 ) (972.812988 2048 11.073700 ) 
4 83 84 (972.310974 2162.229980 226.507004 ) (972.310974 2162.229980 23.657400 ) (972.310974 2048 23.657400 ) (972.310974 2048 226.507004 ) 
4 84 125 (972.310974 2048 226.507004 ) (953.723022 2048 226.507004 ) (953.723022 2048 23.657400 ) (972.310974 2048 23.657400 ) 
4 84 85 (953.723022 2162.229980 226.507004 ) (953.723022 2162.229980 37.247799 ) (953.723022 2048 37.247799 ) (953.723022 2048 226.507004 ) 
4 85 126 (953.723022 2048 226.507004 ) (932.622986 2048 226.507004 ) (932.622986 2048 37.247799 ) (953.723022 2048 37.247799 ) 
4 85 86 (932.622986 2162.229980 226.507004 ) (932.622986 2162.229980 54.865002 ) (932.622986 2048 54.865002 ) (932.622986 2048 226.507004 ) 
4 86 127 (932.622986 2048 226.507004 ) (912.025024 2048 226.507004 ) (912.025024 2048 54.865002 ) (932.622986 2048 54.865002 ) 
4 86 87 (912.025024 2162.229980 226.507004 ) (912.025024 2162.229980 71.475403 ) (912.025024 2048 71.475403 ) (912.025024 2048 226.507004 ) 
4 87 128 (912.025024 2048 226.507004 ) (891.929993 2048 226.507004 ) (891.929993 2048 71.475403 ) (912.025024 2048 71.475403 ) 
4 87 88 (891.929993 2162.229980 226.507004 ) (891.929993 2162.229980 93.622803 ) (891.929993 2048 93.622803 ) (891.929993 2048 226.507004 ) 
4 88 129 (891.929993 2048 226.507004 ) (870.327026 2048 226.507004 ) (870.327026 2048 93.622803 ) (891.929993 2048 93.622803 ) 
4 88 89 (870.327026 2162.229980 226.507004 ) (870.327026 2162.229980 111.239998 ) (870.327026 2048 111.239998 ) (870.327026 2048 226.507004 ) 
4 89 130 (870.327026 2048 226.507004 ) (849.226990 2048 226.507004 ) (849.226990 2048 111.239998 ) (870.327026 2048 111.239998 ) 
4 89 90 (849.226990 2162.229980 226.507004 ) (849.226990 2162.229980 129.863998 ) (849.226990 2048 129.863998 ) (849.226990 2048 226.507004 ) 
4 90 131 (849.226990 2048 226.507004 ) (824.107971 2048 226.507004 ) (824.107971 2048 129.863998 ) (849.226990 2048 129.863998 ) 
4 90 91 (824.107971 2162.229980 226.507004 ) (824.107971 2162.229980 147.481003 ) (824.107971 2048 147.481003 ) (824.107971 2048 226.507004 ) 
4 91 132 (824.107971 2048 226.507004 ) (804 2048 226.507004 ) (804 2048 147.481003 ) (824.107971 2048 147.481003 ) 
4 91 109 (804 2162 147.481003 ) (804 2048 147.481003 ) (804 2048 226 ) (804 2162 226 ) 
4 91 108 (804 2048 226.507004 ) (804 2162.229980 226.507004 ) (804 2162.229980 226 ) (804 2048 226 ) 
4 92 94 (796 2570 119 ) (796 2570.919922 119 ) (804 2570.919922 119 ) (804 2570 119 ) 
4 92 93 (796 2570.919922 119 ) (796 2570 119 ) (796 2570 225.500000 ) (796 2570.919922 225.500000 ) 
4 93 100 (719 2171 119 ) (699.280029 2171 119 ) (699.280029 2570.919922 119 ) (719 2570.919922 119 ) 
4 93 98 (719 2330 119 ) (719 2442 119 ) (721 2442 119 ) (721 2330 119 ) 
4 93 97 (719 2442 119 ) (719 2570.919922 119 ) (721 2570.919922 119 ) (721 2442 119 ) 
4 93 99 (721 2171 119 ) (719 2171 119 ) (719 2330 119 ) (721 2330 119 ) 
4 93 96 (796 2171 119 ) (721 2171 119 ) (721 2570.919922 119 ) (796 2570.919922 119 ) 
4 94 104 (796 2570.919922 36 ) (796 2570.919922 11.073700 ) (796 2570 11.073700 ) (796 2570 36 ) 
4 94 96 (796 2570 119 ) (796 2570.919922 119 ) (796 2570.919922 36 ) (796 2570 36 ) 
4 95 104 (796 2233 36 ) (796 2233 11.073700 ) (796 2185 11.073700 ) (796 2185 36 ) 
4 95 96 (796 2185 119 ) (796 2233 119 ) (796 2233 36 ) (796 2185 36 ) 
4 96 104 (721 2570.919922 36 ) (796 2570.919922 36 ) (796 2171 36 ) (721 2171 36 ) 
4 96 98 (721 2330 41 ) (721 2330 119 ) (721 2442 119 ) (721 2442 41 ) 
4 96 97 (721 2570.919922 36 ) (721 2442 36 ) (721 2442 119 ) (721 2570.919922 119 ) 
4 96 99 (721 2330 36 ) (721 2171 36 ) (721 2171 119 ) (721 2330 119 ) 
4 97 105 (719 2570.919922 36 ) (721 2570.919922 36 ) (721 2442 36 ) (719 2442 36 ) 
4 97 101 (719 2570.919922 36 ) (719 2442 36 ) (719 2442 41 ) (719 2570.919922 41 ) 
4 97 100 (719 2442 41 ) (719 2442 119 ) (719 2570.919922 119 ) (719 2570.919922 41 ) 
4 97 98 (719 2442 119 ) (719 2442 41 ) (721 2442 41 ) (721 2442 119 ) 
4 98 100 (719 2330 41 ) (719 2330 119 ) (719 2442 119 ) (719 2442 41 ) 
4 98 99 (719 2330 119 ) (719 2330 41 ) (721 2330 41 ) (721 2330 119 ) 
4 99 107 (721 2330 36 ) (721 2171 36 ) (719 2171 36 ) (719 2330 36 ) 
4 99 103 (719 2330 36 ) (719 2171 36 ) (719 2171 41 ) (719 2330 41 ) 
4 99 100 (719 2171 41 ) (719 2171 119 ) (719 2330 119 ) (719 2330 41 ) 
4 100 102 (719 2440 41 ) (719 2332 41 ) (699.280029 2332 41 ) (699.280029 2440 41 ) 
4 100 103 (719 2330 41 ) (719 2171 41 ) (699.280029 2171 41 ) (699.280029 2330 41 ) 
4 100 101 (699.280029 2570.919922 41 ) (719 2570.919922 41 ) (719 2442 41 ) (699.280029 2442 41 ) 
4 101 105 (699.280029 2570.919922 36 ) (719 2570.919922 36 ) (719 2442 36 ) (699.280029 2442 36 ) 
4 103 107 (719 2330 36 ) (719 2171 36 ) (699.280029 2171 36 ) (699.280029 2330 36 ) 
4 104 106 (721 2442 34 ) (721 2442 11.073700 ) (721 2330 11.073700 ) (721 2330 34 ) 
4 104 105 (721 2442 36 ) (721 2570.919922 36 ) (721 2570.919922 11.073700 ) (721 2442 11.073700 ) 
4 104 107 (721 2171 11.073700 ) (721 2171 36 ) (721 2330 36 ) (721 2330 11.073700 ) 
4 105 106 (721 2442 11.073700 ) (721 2442 34 ) (699.280029 2442 34 ) (699.280029 2442 11.073700 ) 
4 106 107 (721 2330 11.073700 ) (721 2330 34 ) (699.280029 2330 34 ) (699.280029 2330 11.073700 ) 
4 108 134 (777.385986 2048 226.507004 ) (757.793030 2048 226.507004 ) (757.793030 2048 226 ) (777.385986 2048 226 ) 
4 108 133 (799.491028 2048 226.507004 ) (777.385986 2048 226.507004 ) (777.385986 2048 226 ) (799.491028 2048 226 ) 
4 108 132 (804 2048 226.507004 ) (799.491028 2048 226.507004 ) (799.491028 2048 226 ) (804 2048 226 ) 
4 108 112 (757.793030 2163.310059 226.507004 ) (757.793030 2163.310059 226 ) (757.793030 2048 226 ) (757.793030 2048 226.507004 ) 
4 108 111 (757.793030 2048 226 ) (757.793030 2162 226 ) (777.385986 2162 226 ) (777.385986 2048 226 ) 
4 108 110 (799.491028 2162 226 ) (799.491028 2048 226 ) (777.385986 2048 226 ) (777.385986 2162 226 ) 
4 108 109 (804 2162 226 ) (804 2048 226 ) (799.491028 2048 226 ) (799.491028 2162 226 ) 
4 109 132 (804 2048 147.481003 ) (804 2048 226 ) (799.491028 2048 226 ) (799.491028 2048 147.481003 ) 
4 109 110 (799.491028 2048 226 ) (799.491028 2162 226 ) (799.491028 2162 165.098007 ) (799.491028 2048 165.098007 ) 
4 110 133 (799.491028 2048 165.098007 ) (799.491028 2048 226 ) (777.385986 2048 226 ) (777.385986 2048 165.098007 ) 
4 110 111 (777.385986 2048 226 ) (777.385986 2162 226 ) (777.385986 2162 180.701996 ) (777.385986 2048 180.701996 ) 
4 111 134 (757.793030 2048 226 ) (757.793030 2048 180.701996 ) (777.385986 2048 180.701996 ) (777.385986 2048 226 ) 
4 111 113 (757.793030 2048 197.313004 ) (757.793030 2048 226 ) (757.793030 2162 226 ) (757.793030 2162 197.313004 ) 
4 112 136 (738.703003 2048 226.507004 ) (719.109985 2048 226.507004 ) (719.109985 2048 226 ) (738.703003 2048 226 ) 
4 112 135 (757.793030 2048 226.507004 ) (738.703003 2048 226.507004 ) (738.703003 2048 226 ) (757.793030 2048 226 ) 
4 112 115 (719.109985 2163.310059 226.507004 ) (719.109985 2163.310059 226 ) (719.109985 2162.229980 226 ) (719.109985 2162.229980 226.507004 ) 
4 112 114 (719.109985 2048 226 ) (719.109985 2162 226 ) (738.703003 2162 226 ) (738.703003 2048 226 ) 
4 112 113 (757.793030 2162 226 ) (757.793030 2048 226 ) (738.703003 2048 226 ) (738.703003 2162 226 ) 
4 113 135 (757.793030 2048 197.313004 ) (757.793030 2048 226 ) (738.703003 2048 226 ) (738.703003 2048 197.313004 ) 
4 113 114 (738.703003 2048 226 ) (738.703003 2162 226 ) (738.703003 2162 210.903000 ) (738.703003 2048 210.903000 ) 
4 114 136 (719.109985 2048 226 ) (719.109985 2048 210.903000 ) (738.703003 2048 210.903000 ) (738.703003 2048 226 ) 
4 116 138 (699.280029 2048 451 ) (699.280029 2048 2571.860107 ) (696 2048 2571.860107 ) (696 2048 451 ) 
4 116 117 (696 2048 2571.860107 ) (696 2572 2571.860107 ) (696 2572 451 ) (696 2048 451 ) 
4 117 139 (518.025024 2048 11.073700 ) (696 2048 11.073700 ) (696 2048 451 ) (518.025024 2048 451 ) 
4 117 138 (696 2048 451 ) (696 2048 2571.860107 ) (518.025024 2048 2571.860107 ) (518.025024 2048 451 ) 
4 117 120 (518.025024 2572 11.073700 ) (696 2572 11.073700 ) (696 2048 11.073700 ) (518.025024 2048 11.073700 ) 
4 118 119 (699.280029 2572 11.073700 ) (699.280029 3072 11.073700 ) (699.280029 3072 5.138580 ) (699.280029 2572 5.138580 ) 
4 119 120 (696 3072 5.138580 ) (696 2572 5.138580 ) (696 2572 11.073700 ) (696 3072 11.073700 ) 
4 120 139 (696 2048 11.073700 ) (518.025024 2048 11.073700 ) (518.025024 2048 5.138580 ) (696 2048 5.138580 ) 
4 121 140 (1024 2046 451 ) (1024 2046 2571.860107 ) (699.280029 2046 2571.860107 ) (699.280029 2046 451 ) 
4 121 138 (699.280029 2046 451 ) (699.280029 2046 2571.860107 ) (699.280029 2048 2571.860107 ) (699.280029 2048 451 ) 
4 122 124 (972.812988 2047.079956 226.507004 ) (972.812988 2047.079956 450 ) (972.812988 2048 450 ) (972.812988 2048 226.507004 ) 
4 123 124 (972.812988 2048 11.073700 ) (972.812988 2047.079956 11.073700 ) (972.812988 2047.079956 225.500000 ) (972.812988 2048 225.500000 ) 
4 124 125 (972.310974 2047.079956 23.657400 ) (972.310974 2047.079956 450 ) (972.310974 2048 450 ) (972.310974 2048 23.657400 ) 
4 125 126 (953.723022 2047.079956 37.247799 ) (953.723022 2047.079956 450 ) (953.723022 2048 450 ) (953.723022 2048 37.247799 ) 
4 126 127 (932.622986 2047.079956 54.865002 ) (932.622986 2047.079956 450 ) (932.622986 2048 450 ) (932.622986 2048 54.865002 ) 
4 127 128 (912.025024 2047.079956 71.475403 ) (912.025024 2047.079956 450 ) (912.025024 2048 450 ) (912.025024 2048 71.475403 ) 
4 128 129 (891.929993 2047.079956 93.622803 ) (891.929993 2047.079956 450 ) (891.929993 2048 450 ) (891.929993 2048 93.622803 ) 
4 129 130 (870.327026 2047.079956 111.239998 ) (870.327026 2047.079956 450 ) (870.327026 2048 450 ) (870.327026 2048 111.239998 ) 
4 130 131 (849.226990 2047.079956 129.863998 ) (849.226990 2047.079956 450 ) (849.226990 2048 450 ) (849.226990 2048 129.863998 ) 
4 131 132 (824.107971 2047.079956 147.481003 ) (824.107971 2047.079956 450 ) (824.107971 2048 450 ) (824.107971 2048 147.481003 ) 
4 132 133 (799.491028 2047.079956 165.098007 ) (799.491028 2047.079956 450 ) (799.491028 2048 450 ) (799.491028 2048 165.098007 ) 
4 133 134 (777.385986 2047.079956 180.701996 ) (777.385986 2047.079956 450 ) (777.385986 2048 450 ) (777.385986 2048 180.701996 ) 
4 134 135 (757.793030 2047.079956 197.313004 ) (757.793030 2047.079956 450 ) (757.793030 2048 450 ) (757.793030 2048 197.313004 ) 
4 135 136 (738.703003 2047.079956 210.903000 ) (738.703003 2047.079956 450 ) (738.703003 2048 450 ) (738.703003 2048 210.903000 ) 
4 136 137 (719.109985 2047.079956 226.507004 ) (719.109985 2047.079956 450 ) (719.109985 2048 450 ) (719.109985 2048 226.507004 ) 
4 138 140 (518.025024 2046 2571.860107 ) (518.025024 2046 451 ) (699.280029 2046 451 ) (699.280029 2046 2571.860107 ) 
4 138 139 (696 2046 451 ) (518.025024 2046 451 ) (518.025024 2048 451 ) (696 2048 451 ) 
4 139 140 (518.025024 2046 451 ) (518.025024 2046 5.138580 ) (696 2046 5.138580 ) (696 2046 451 ) 
