PRT1
140
319
4 0 3 (7168 6144 5.138580 ) (7168 6144 2571.860107 ) (7168 7115.129883 2571.860107 ) (7168 7115.129883 5.138580 ) 
4 0 1 (7168 6144 2571.860107 ) (7168 6144 5.138580 ) (7199.970215 6144 5.138580 ) (7199.970215 6144 2571.860107 ) 
4 1 6 (7168 5120 5.138580 ) (7168 5120 2571.860107 ) (7168 6144 2571.860107 ) (7168 6144 5.138580 ) 
4 1 2 (7168 5120 2571.860107 ) (7168 5120 5.138580 ) (7199.970215 5120 5.138580 ) (7199.970215 5120 2571.860107 ) 
4 2 12 (7199.970215 4096 2571.860107 ) (7168 4096 2571.860107 ) (7168 4096 5.138580 ) (7199.970215 4096 5.138580 ) 
4 2 7 (7168 4096 5.138580 ) (7168 4096 2571.860107 ) (7168 5120 2571.860107 ) (7168 5120 5.138580 ) 
4 3 6 (7168 6144 5.138580 ) (7168 6144 2571.860107 ) (6144 6144 2571.860107 ) (6144 6144 5.138580 ) 
4 3 4 (6144 6144 5.138580 ) (6144 6144 2571.860107 ) (6144 7115.129883 2571.860107 ) (6144 7115.129883 5.138580 ) 
4 4 8 (6144 6144 5.138580 ) (6144 6144 2571.860107 ) (5120 6144 2571.860107 ) (5120 6144 5.138580 ) 
4 4 5 (5120 6144 5.138580 ) (5120 6144 2571.860107 ) (5120 7115.129883 2571.860107 ) (5120 7115.129883 5.138580 ) 
4 5 24 (4096 6144 5.138580 ) (4096 6144 2571.860107 ) (4096 7115.129883 2571.860107 ) (4096 7115.129883 5.138580 ) 
4 5 9 (5120 6144 5.138580 ) (5120 6144 2571.860107 ) (4096 6144 2571.860107 ) (4096 6144 5.138580 ) 
4 6 8 (6144 6144 2571.860107 ) (6144 6144 5.138580 ) (6144 5120 5.138580 ) (6144 5120 2571.860107 ) 
4 6 7 (7168 5120 5.138580 ) (7168 5120 2571.860107 ) (6144 5120 2571.860107 ) (6144 5120 5.138580 ) 
4 7 14 (7168 4096 5.138580 ) (7168 4096 2571.860107 ) (6144 4096 2571.860107 ) (6144 4096 5.138580 ) 
4 7 10 (6144 4096 5.138580 ) (6144 4096 2571.860107 ) (6144 5120 2571.860107 ) (6144 5120 5.138580 ) 
4 8 10 (6144 5120 5.138580 ) (6144 5120 2571.860107 ) (5120 5120 2571.860107 ) (5120 5120 5.138580 ) 
4 8 9 (5120 6144 2571.860107 ) (5120 6144 5.138580 ) (5120 5120 5.138580 ) (5120 5120 2571.860107 ) 
4 9 27 (4096 5120 5.138580 ) (4096 5120 2571.860107 ) (4096 6144 2571.860107 ) (4096 6144 5.138580 ) 
4 9 11 (5120 5120 5.138580 ) (5120 5120 2571.860107 ) (4096 5120 2571.860107 ) (4096 5120 5.138580 ) 
4 10 16 (6144 4096 5.138580 ) (6144 4096 2571.860107 ) (5120 4096 2571.860107 ) (5120 4096 5.138580 ) 
4 10 11 (5120 5120 2571.860107 ) (5120 5120 5.138580 ) (5120 4096 5.138580 ) (5120 4096 2571.860107 ) 
4 11 28 (4096 4096 5.138580 ) (4096 4096 2571.860107 ) (4096 5120 2571.860107 ) (4096 5120 5.138580 ) 
4 11 17 (5120 4096 5.138580 ) (5120 4096 2571.860107 ) (4096 4096 2571.860107 ) (4096 4096 5.138580 ) 
4 12 14 (7168 3072 5.138580 ) (7168 3072 2571.860107 ) (7168 4096 2571.860107 ) (7168 4096 5.138580 ) 
4 12 13 (7199.970215 3072 2571.860107 ) (7168 3072 2571.860107 ) (7168 3072 5.138580 ) (7199.970215 3072 5.138580 ) 
4 13 20 (7199.970215 2048 2571.860107 ) (7168 2048 2571.860107 ) (7168 2048 5.138580 ) (7199.970215 2048 5.138580 ) 
4 13 15 (7168 2048 5.138580 ) (7168 2048 2571.860107 ) (7168 3072 2571.860107 ) (7168 3072 5.138580 ) 
4 14 16 (6144 4096 2571.860107 ) (6144 4096 5.138580 ) (6144 3072 5.138580 ) (6144 3072 2571.860107 ) 
4 14 15 (7168 3072 5.138580 ) (7168 3072 2571.860107 ) (6144 3072 2571.860107 ) (6144 3072 5.138580 ) 
4 15 21 (7168 2048 5.138580 ) (7168 2048 2571.860107 ) (6144 2048 2571.860107 ) (6144 2048 5.138580 ) 
4 15 18 (6144 2048 5.138580 ) (6144 2048 2571.860107 ) (6144 3072 2571.860107 ) (6144 3072 5.138580 ) 
4 16 18 (6144 3072 5.138580 ) (6144 3072 2571.860107 ) (5120 3072 2571.860107 ) (5120 3072 5.138580 ) 
4 16 17 (5120 4096 2571.860107 ) (5120 4096 5.138580 ) (5120 3072 5.138580 ) (5120 3072 2571.860107 ) 
4 17 36 (4096 3072 5.138580 ) (4096 3072 2571.860107 ) (4096 4096 2571.860107 ) (4096 4096 5.138580 ) 
4 17 19 (5120 3072 5.138580 ) (5120 3072 2571.860107 ) (4096 3072 2571.860107 ) (4096 3072 5.138580 ) 
4 18 22 (6144 2048 5.138580 ) (6144 2048 2571.860107 ) (5120 2048 2571.860107 ) (5120 2048 5.138580 ) 
4 18 19 (5120 3072 2571.860107 ) (5120 3072 5.138580 ) (5120 2048 5.138580 ) (5120 2048 2571.860107 ) 
4 19 37 (4096 2048 5.138580 ) (4096 2048 2571.860107 ) (4096 3072 2571.860107 ) (4096 3072 5.138580 ) 
4 19 23 (4096 2048 2571.860107 ) (4096 2048 5.138580 ) (5120 2048 5.138580 ) (5120 2048 2571.860107 ) 
4 20 21 (7168 2048 2571.860107 ) (7168 2048 5.138580 ) (7168 1538.869995 5.138580 ) (7168 1538.869995 2571.860107 ) 
4 21 22 (6144 2048 2571.860107 ) (6144 2048 5.138580 ) (6144 1538.869995 5.138580 ) (6144 1538.869995 2571.860107 ) 
4 22 23 (5120 1538.869995 2571.860107 ) (5120 2048 2571.860107 ) (5120 2048 5.138580 ) (5120 1538.869995 5.138580 ) 
4 23 62 (4096 1538.869995 2571.860107 ) (4096 2048 2571.860107 ) (4096 2048 5.138580 ) (4096 1538.869995 5.138580 ) 
4 24 27 (4096 6144 5.138580 ) (4096 6144 2571.860107 ) (3072 6144 2571.860107 ) (3072 6144 5.138580 ) 
4 24 25 (3072 6144 5.138580 ) (3072 6144 2571.860107 ) (3072 7115.129883 2571.860107 ) (3072 7115.129883 5.138580 ) 
4 25 29 (3072 6144 5.138580 ) (3072 6144 2571.860107 ) (2048 6144 2571.860107 ) (2048 6144 5.138580 ) 
4 25 26 (2048 6144 5.138580 ) (2048 6144 2571.860107 ) (2048 7115.129883 2571.860107 ) (2048 7115.129883 5.138580 ) 
4 26 33 (1024 6144 5.138580 ) (1024 6144 2571.860107 ) (1024 7115.129883 2571.860107 ) (1024 7115.129883 5.138580 ) 
4 26 30 (2048 6144 5.138580 ) (2048 6144 2571.860107 ) (1024 6144 2571.860107 ) (1024 6144 5.138580 ) 
4 27 29 (3072 6144 2571.860107 ) (3072 6144 5.138580 ) (3072 5120 5.138580 ) (3072 5120 2571.860107 ) 
4 27 28 (4096 5120 5.138580 ) (4096 5120 2571.860107 ) (3072 5120 2571.860107 ) (3072 5120 5.138580 ) 
4 28 36 (4096 4096 5.138580 ) (4096 4096 2571.860107 ) (3072 4096 2571.860107 ) (3072 4096 5.138580 ) 
4 28 31 (3072 4096 5.138580 ) (3072 4096 2571.860107 ) (3072 5120 2571.860107 ) (3072 5120 5.138580 ) 
4 29 31 (3072 5120 5.138580 ) (3072 5120 2571.860107 ) (2048 5120 2571.860107 ) (2048 5120 5.138580 ) 
4 29 30 (2048 6144 2571.860107 ) (2048 6144 5.138580 ) (2048 5120 5.138580 ) (2048 5120 2571.860107 ) 
4 30 34 (1024 5120 5.138580 ) (1024 5120 2571.860107 ) (1024 6144 2571.860107 ) (1024 6144 5.138580 ) 
4 30 32 (2048 5120 5.138580 ) (2048 5120 2571.860107 ) (1024 5120 2571.860107 ) (1024 5120 5.138580 ) 
4 31 38 (3072 4096 5.138580 ) (3072 4096 2571.860107 ) (2048 4096 2571.860107 ) (2048 4096 5.138580 ) 
4 31 32 (2048 5120 2571.860107 ) (2048 5120 5.138580 ) (2048 4096 5.138580 ) (2048 4096 2571.860107 ) 
4 32 39 (2048 4096 5.138580 ) (2048 4096 2571.860107 ) (1024 4096 2571.860107 ) (1024 4096 5.138580 ) 
4 32 35 (1024 4096 5.138580 ) (1024 4096 2571.860107 ) (1024 5120 2571.860107 ) (1024 5120 5.138580 ) 
4 33 34 (1024 6144 5.138580 ) (1024 6144 2571.860107 ) (518.025024 6144 2571.860107 ) (518.025024 6144 5.138580 ) 
4 34 35 (1024 5120 5.138580 ) (1024 5120 2571.860107 ) (518.025024 5120 2571.860107 ) (518.025024 5120 5.138580 ) 
4 35 70 (1024 4096 5.138580 ) (1024 4096 2571.860107 ) (518.025024 4096 2571.860107 ) (518.025024 4096 5.138580 ) 
4 36 38 (3072 4096 2571.860107 ) (3072 4096 5.138580 ) (3072 3072 5.138580 ) (3072 3072 2571.860107 ) 
4 36 37 (4096 3072 5.138580 ) (4096 3072 2571.860107 ) (3072 3072 2571.860107 ) (3072 3072 5.138580 ) 
4 37 62 (4096 2048 5.138580 ) (4096 2048 2571.860107 ) (3072 2048 2571.860107 ) (3072 2048 5.138580 ) 
4 37 40 (3072 2048 5.138580 ) (3072 2048 2571.860107 ) (3072 3072 2571.860107 ) (3072 3072 5.138580 ) 
4 38 40 (3072 3072 5.138580 ) (3072 3072 2571.860107 ) (2048 3072 2571.860107 ) (2048 3072 5.138580 ) 
4 38 39 (2048 4096 2571.860107 ) (2048 4096 5.138580 ) (2048 3072 5.138580 ) (2048 3072 2571.860107 ) 
4 39 70 (1024 4096 2571.860107 ) (1024 4096 5.138580 ) (1024 3072 5.138580 ) (1024 3072 2571.860107 ) 
4 39 41 (2048 3072 5.138580 ) (2048 3072 2571.860107 ) (1024 3072 2571.860107 ) (1024 3072 5.138580 ) 
4 40 63 (3072 2048 5.138580 ) (3072 2048 2571.860107 ) (2048 2048 2571.860107 ) (2048 2048 5.138580 ) 
4 40 61 (2048 2572 5.138580 ) (2048 2048 5.138580 ) (2048 2048 11.073700 ) (2048 2572 11.073700 ) 
4 40 49 (2048 2048 11.073700 ) (2048 2048 451 ) (2048 2570.919922 451 ) (2048 2570.919922 11.073700 ) 
4 40 48 (2048 2048 451 ) (2048 2048 2571.860107 ) (2048 2570.919922 2571.860107 ) (2048 2570.919922 451 ) 
4 40 44 (2048 2572 450 ) (2048 2572 11.073700 ) (2048 2570.919922 11.073700 ) (2048 2570.919922 450 ) 
4 40 43 (2048 2572 451 ) (2048 2572 450 ) (2048 2570.919922 450 ) (2048 2570.919922 451 ) 
4 40 42 (2048 2570.919922 2571.860107 ) (2048 2572 2571.860107 ) (2048 2572 451 ) (2048 2570.919922 451 ) 
4 40 41 (2048 3072 2571.860107 ) (2048 3072 5.138580 ) (2048 2572 5.138580 ) (2048 2572 2571.860107 ) 
4 41 116 (1024 2572 5.138580 ) (1024 2572 11.073700 ) (1024 3072 11.073700 ) (1024 3072 5.138580 ) 
4 41 71 (1024 2572 11.073700 ) (1024 2572 2571.860107 ) (1024 3072 2571.860107 ) (1024 3072 11.073700 ) 
4 41 61 (2048 2572 5.138580 ) (2048 2572 11.073700 ) (1539 2572 11.073700 ) (1539 2572 5.138580 ) 
4 41 47 (1188 2572 64 ) (1298 2572 64 ) (1298 2572 172 ) (1188 2572 172 ) 
4 41 46 (1296 2572 276 ) (1410.890015 2572 276 ) (1410.890015 2572 385 ) (1296 2572 385 ) 
4 41 45 (1456 2572 11.073700 ) (1504 2572 11.073700 ) (1504 2572 120 ) (1456 2572 120 ) 
4 41 44 (2048 2572 11.073700 ) (2048 2572 450 ) (1539 2572 450 ) (1539 2572 11.073700 ) 
4 41 43 (2048 2572 450 ) (2048 2572 451 ) (1539 2572 451 ) (1539 2572 450 ) 
4 41 42 (2048 2572 451 ) (2048 2572 2571.860107 ) (1024 2572 2571.860107 ) (1024 2572 451 ) 
4 42 72 (1024 2572 2571.860107 ) (1024 2572 451 ) (1024 2570.919922 451 ) (1024 2570.919922 2571.860107 ) 
4 42 50 (1535.719971 2570.919922 2571.860107 ) (1024 2570.919922 2571.860107 ) (1024 2570.919922 451 ) (1535.719971 2570.919922 451 ) 
4 42 48 (2048 2570.919922 451 ) (2048 2570.919922 2571.860107 ) (1535.719971 2570.919922 2571.860107 ) (1535.719971 2570.919922 451 ) 
4 42 43 (2048 2570.919922 451 ) (1539 2570.919922 451 ) (1539 2572 451 ) (2048 2572 451 ) 
4 43 49 (2048 2570.919922 450 ) (2048 2570.919922 451 ) (1539 2570.919922 451 ) (1539 2570.919922 450 ) 
4 43 44 (2048 2570.919922 450 ) (1539 2570.919922 450 ) (1539 2572 450 ) (2048 2572 450 ) 
4 44 61 (1539 2572 11.073700 ) (2048 2572 11.073700 ) (2048 2570.919922 11.073700 ) (1539 2570.919922 11.073700 ) 
4 44 49 (1539 2570.919922 11.073700 ) (2048 2570.919922 11.073700 ) (2048 2570.919922 450 ) (1539 2570.919922 450 ) 
4 45 58 (1456 2570.919922 11.073700 ) (1504 2570.919922 11.073700 ) (1504 2570.919922 120 ) (1456 2570.919922 120 ) 
4 46 55 (1410.890015 2570.919922 276 ) (1410.890015 2570.919922 300 ) (1296 2570.919922 300 ) (1296 2570.919922 276 ) 
4 46 51 (1410.890015 2570.919922 300 ) (1410.890015 2570.919922 385 ) (1296 2570.919922 385 ) (1296 2570.919922 300 ) 
4 47 60 (1298 2570.919922 172 ) (1188 2570.919922 172 ) (1188 2570.919922 64 ) (1298 2570.919922 64 ) 
4 48 65 (1539 2048 2571.860107 ) (1535.719971 2048 2571.860107 ) (1535.719971 2048 451 ) (1539 2048 451 ) 
4 48 64 (2048 2048 451 ) (2048 2048 2571.860107 ) (1539 2048 2571.860107 ) (1539 2048 451 ) 
4 48 50 (1535.719971 2570.919922 2571.860107 ) (1535.719971 2570.919922 451 ) (1535.719971 2048 451 ) (1535.719971 2048 2571.860107 ) 
4 48 49 (1539 2570.919922 451 ) (2048 2570.919922 451 ) (2048 2048 451 ) (1539 2048 451 ) 
4 49 64 (2048 2048 11.073700 ) (2048 2048 451 ) (1539 2048 451 ) (1539 2048 11.073700 ) 
4 49 61 (2048 2048 11.073700 ) (1539 2048 11.073700 ) (1539 2570.919922 11.073700 ) (2048 2570.919922 11.073700 ) 
4 50 75 (1024 2048 451 ) (1024 2048 2571.860107 ) (1024 2570.919922 2571.860107 ) (1024 2570.919922 451 ) 
4 50 66 (1024 2048 2571.860107 ) (1024 2048 451 ) (1535.719971 2048 451 ) (1535.719971 2048 2571.860107 ) 
4 51 76 (1024 2048 300 ) (1024 2048 450 ) (1024 2570.919922 450 ) (1024 2570.919922 300 ) 
4 51 67 (1024 2048 450 ) (1024 2048 300 ) (1535.719971 2048 300 ) (1535.719971 2048 450 ) 
4 51 53 (1498.760010 2269 300 ) (1477 2269 300 ) (1477 2327 300 ) (1498.760010 2327 300 ) 
4 51 52 (1477 2570.919922 300 ) (1535.719971 2570.919922 300 ) (1535.719971 2327 300 ) (1477 2327 300 ) 
4 51 54 (1535.719971 2269 300 ) (1535.719971 2048 300 ) (1477 2048 300 ) (1477 2269 300 ) 
4 51 55 (1024 2048 300 ) (1024 2570.919922 300 ) (1477 2570.919922 300 ) (1477 2048 300 ) 
3 52 53 (1477 2327 300 ) (1477 2327 271.368042 ) (1498.760010 2327 300 ) 
4 52 55 (1477 2570.919922 226.507004 ) (1477 2327 226.507004 ) (1477 2327 300 ) (1477 2570.919922 300 ) 
4 53 55 (1477 2269 271.368042 ) (1477 2269 300 ) (1477 2327 300 ) (1477 2327 271.368042 ) 
3 53 54 (1477 2269 300 ) (1477 2269 271.368042 ) (1498.760010 2269 300 ) 
4 54 67 (1477 2048 226.507004 ) (1535.719971 2048 226.507004 ) (1535.719971 2048 300 ) (1477 2048 300 ) 
4 54 55 (1477 2269 226.507004 ) (1477 2048 226.507004 ) (1477 2048 300 ) (1477 2269 300 ) 
4 55 76 (1024 2048 226.507004 ) (1024 2048 300 ) (1024 2570.919922 300 ) (1024 2570.919922 226.507004 ) 
4 55 67 (1024 2048 300 ) (1024 2048 226.507004 ) (1477 2048 226.507004 ) (1477 2048 300 ) 
4 56 68 (1409.390015 2048 225 ) (1535.719971 2048 225 ) (1535.719971 2048 225.500000 ) (1409.390015 2048 225.500000 ) 
4 56 59 (1413 2048 225 ) (1409.390015 2048 225 ) (1409.390015 2255.750000 225 ) (1413 2255.750000 225 ) 
4 56 58 (1535.719971 2255.750000 225 ) (1535.719971 2048 225 ) (1413 2048 225 ) (1413 2255.750000 225 ) 
4 56 57 (1409.390015 2255.750000 225 ) (1409.390015 2048 225 ) (1409.390015 2048 225.500000 ) (1409.390015 2255.750000 225.500000 ) 
4 57 80 (1024 2048 225 ) (1024 2048 225.500000 ) (1024 2162.229980 225.500000 ) (1024 2162.229980 225 ) 
4 57 77 (1024 2162.229980 225.500000 ) (1024 2570.919922 225.500000 ) (1024 2570.919922 225 ) (1024 2162.229980 225 ) 
4 57 68 (1024 2048 225.500000 ) (1024 2048 225 ) (1409.390015 2048 225 ) (1409.390015 2048 225.500000 ) 
4 57 60 (1024 2570.919922 225 ) (1409.390015 2570.919922 225 ) (1409.390015 2048 225 ) (1024 2048 225 ) 
4 58 68 (1413 2048 11.073700 ) (1535.719971 2048 11.073700 ) (1535.719971 2048 225 ) (1413 2048 225 ) 
4 58 59 (1413 2048 225 ) (1413 2255.750000 225 ) (1413 2255.750000 11.073700 ) (1413 2048 11.073700 ) 
4 59 68 (1409.390015 2048 11.073700 ) (1413 2048 11.073700 ) (1413 2048 225 ) (1409.390015 2048 225 ) 
4 59 60 (1409.390015 2048 225 ) (1409.390015 2255.750000 225 ) (1409.390015 2255.750000 11.073700 ) (1409.390015 2048 11.073700 ) 
4 60 80 (1024 2048 11.073700 ) (1024 2048 225 ) (1024 2162.229980 225 ) (1024 2162.229980 11.073700 ) 
4 60 77 (1024 2162.229980 225 ) (1024 2570.919922 225 ) (1024 2570.919922 11.073700 ) (1024 2162.229980 11.073700 ) 
4 60 68 (1024 2048 225 ) (1024 2048 11.073700 ) (1409.390015 2048 11.073700 ) (1409.390015 2048 225 ) 
4 61 64 (2048 2048 5.138580 ) (2048 2048 11.073700 ) (1539 2048 11.073700 ) (1539 2048 5.138580 ) 
4 62 63 (3072 1538.869995 2571.860107 ) (3072 2048 2571.860107 ) (3072 2048 5.138580 ) (3072 1538.869995 5.138580 ) 
4 63 69 (2048 2046 5.138580 ) (2048 1538.869995 5.138580 ) (2048 1538.869995 2571.860107 ) (2048 2046 2571.860107 ) 
4 63 64 (2048 2048 2571.860107 ) (2048 2048 5.138580 ) (2048 2046 5.138580 ) (2048 2046 2571.860107 ) 
4 64 69 (1539 2046 5.138580 ) (2048 2046 5.138580 ) (2048 2046 2571.860107 ) (1539 2046 2571.860107 ) 
4 64 65 (1539 2046 451 ) (1539 2046 2571.860107 ) (1539 2048 2571.860107 ) (1539 2048 451 ) 
4 65 69 (1539 2046 451 ) (1539 2046 2571.860107 ) (1535.719971 2046 2571.860107 ) (1535.719971 2046 451 ) 
4 65 66 (1535.719971 2046 451 ) (1535.719971 2046 2571.860107 ) (1535.719971 2048 2571.860107 ) (1535.719971 2048 451 ) 
4 66 119 (1024 2048 2571.860107 ) (1024 2048 451 ) (1024 2046 451 ) (1024 2046 2571.860107 ) 
4 66 69 (1024 2046 2571.860107 ) (1024 2046 451 ) (1535.719971 2046 451 ) (1535.719971 2046 2571.860107 ) 
4 67 120 (1024 2048 450 ) (1024 2048 226.507004 ) (1024 2047.079956 226.507004 ) (1024 2047.079956 450 ) 
4 68 121 (1024 2048 225.500000 ) (1024 2048 11.073700 ) (1024 2047.079956 11.073700 ) (1024 2047.079956 225.500000 ) 
4 69 138 (1024 1538.869995 2571.860107 ) (1024 2046 2571.860107 ) (1024 2046 5.138580 ) (1024 1538.869995 5.138580 ) 
4 70 117 (699.280029 3072 11.073700 ) (696 3072 11.073700 ) (696 3072 5.138580 ) (699.280029 3072 5.138580 ) 
4 70 118 (696 3072 11.073700 ) (518.025024 3072 11.073700 ) (518.025024 3072 5.138580 ) (696 3072 5.138580 ) 
4 70 116 (1024 3072 5.138580 ) (1024 3072 11.073700 ) (699.280029 3072 11.073700 ) (699.280029 3072 5.138580 ) 
4 70 71 (1024 3072 11.073700 ) (1024 3072 2571.860107 ) (518.025024 3072 2571.860107 ) (518.025024 3072 11.073700 ) 
4 71 117 (696 3072 11.073700 ) (699.280029 3072 11.073700 ) (699.280029 2572 11.073700 ) (696 2572 11.073700 ) 
4 71 118 (518.025024 3072 11.073700 ) (696 3072 11.073700 ) (696 2572 11.073700 ) (518.025024 2572 11.073700 ) 
4 71 116 (699.280029 3072 11.073700 ) (1024 3072 11.073700 ) (1024 2572 11.073700 ) (699.280029 2572 11.073700 ) 
4 71 114 (699.280029 2572 451 ) (699.280029 2572 2571.860107 ) (696 2572 2571.860107 ) (696 2572 451 ) 
4 71 115 (518.025024 2572 11.073700 ) (696 2572 11.073700 ) (696 2572 2571.860107 ) (518.025024 2572 2571.860107 ) 
4 71 74 (915 2572 172 ) (808 2572 172 ) (808 2572 64 ) (915 2572 64 ) 
4 71 73 (808 2572 385 ) (808 2572 276 ) (915 2572 276 ) (915 2572 385 ) 
4 71 72 (1024 2572 451 ) (1024 2572 2571.860107 ) (699.280029 2572 2571.860107 ) (699.280029 2572 451 ) 
4 72 114 (699.280029 2572 2571.860107 ) (699.280029 2572 451 ) (699.280029 2570.919922 451 ) (699.280029 2570.919922 2571.860107 ) 
4 72 75 (699.280029 2570.919922 2571.860107 ) (699.280029 2570.919922 451 ) (1024 2570.919922 451 ) (1024 2570.919922 2571.860107 ) 
4 73 76 (915 2570.919922 276 ) (915 2570.919922 385 ) (808 2570.919922 385 ) (808 2570.919922 276 ) 
4 74 78 (808 2570.919922 64 ) (915 2570.919922 64 ) (915 2570.919922 172 ) (808 2570.919922 172 ) 
4 75 119 (1024 2048 451 ) (1024 2048 2571.860107 ) (699.280029 2048 2571.860107 ) (699.280029 2048 451 ) 
4 75 114 (699.280029 2048 451 ) (699.280029 2048 2571.860107 ) (699.280029 2570.919922 2571.860107 ) (699.280029 2570.919922 451 ) 
4 76 135 (719.109985 2048 450 ) (699.280029 2048 450 ) (699.280029 2048 226.507004 ) (719.109985 2048 226.507004 ) 
4 76 134 (738.703003 2048 450 ) (719.109985 2048 450 ) (719.109985 2048 226.507004 ) (738.703003 2048 226.507004 ) 
4 76 133 (757.793030 2048 450 ) (738.703003 2048 450 ) (738.703003 2048 226.507004 ) (757.793030 2048 226.507004 ) 
4 76 132 (777.385986 2048 450 ) (757.793030 2048 450 ) (757.793030 2048 226.507004 ) (777.385986 2048 226.507004 ) 
4 76 131 (799.491028 2048 450 ) (777.385986 2048 450 ) (777.385986 2048 226.507004 ) (799.491028 2048 226.507004 ) 
4 76 130 (824.107971 2048 450 ) (799.491028 2048 450 ) (799.491028 2048 226.507004 ) (824.107971 2048 226.507004 ) 
4 76 129 (849.226990 2048 450 ) (824.107971 2048 450 ) (824.107971 2048 226.507004 ) (849.226990 2048 226.507004 ) 
4 76 128 (870.327026 2048 450 ) (849.226990 2048 450 ) (849.226990 2048 226.507004 ) (870.327026 2048 226.507004 ) 
4 76 127 (891.929993 2048 450 ) (870.327026 2048 450 ) (870.327026 2048 226.507004 ) (891.929993 2048 226.507004 ) 
4 76 126 (912.025024 2048 450 ) (891.929993 2048 450 ) (891.929993 2048 226.507004 ) (912.025024 2048 226.507004 ) 
4 76 125 (932.622986 2048 450 ) (912.025024 2048 450 ) (912.025024 2048 226.507004 ) (932.622986 2048 226.507004 ) 
4 76 124 (953.723022 2048 450 ) (932.622986 2048 450 ) (932.622986 2048 226.507004 ) (953.723022 2048 226.507004 ) 
4 76 123 (972.310974 2048 450 ) (953.723022 2048 450 ) (953.723022 2048 226.507004 ) (972.310974 2048 226.507004 ) 
4 76 120 (1024 2048 226.507004 ) (1024 2048 450 ) (972.812988 2048 450 ) (972.812988 2048 226.507004 ) 
4 76 122 (972.812988 2048 450 ) (972.310974 2048 450 ) (972.310974 2048 226.507004 ) (972.812988 2048 226.507004 ) 
4 76 113 (699.280029 2162.229980 226.507004 ) (699.280029 2163.310059 226.507004 ) (719.109985 2163.310059 226.507004 ) (719.109985 2162.229980 226.507004 ) 
4 76 110 (719.109985 2163.310059 226.507004 ) (757.793030 2163.310059 226.507004 ) (757.793030 2048 226.507004 ) (719.109985 2048 226.507004 ) 
4 76 106 (757.793030 2163.310059 226.507004 ) (804 2163.310059 226.507004 ) (804 2048 226.507004 ) (757.793030 2048 226.507004 ) 
4 76 89 (824.107971 2048 226.507004 ) (804 2048 226.507004 ) (804 2162.229980 226.507004 ) (824.107971 2162.229980 226.507004 ) 
4 76 88 (849.226990 2048 226.507004 ) (824.107971 2048 226.507004 ) (824.107971 2162.229980 226.507004 ) (849.226990 2162.229980 226.507004 ) 
4 76 87 (870.327026 2048 226.507004 ) (849.226990 2048 226.507004 ) (849.226990 2162.229980 226.507004 ) (870.327026 2162.229980 226.507004 ) 
4 76 86 (891.929993 2048 226.507004 ) (870.327026 2048 226.507004 ) (870.327026 2162.229980 226.507004 ) (891.929993 2162.229980 226.507004 ) 
4 76 85 (912.025024 2048 226.507004 ) (891.929993 2048 226.507004 ) (891.929993 2162.229980 226.507004 ) (912.025024 2162.229980 226.507004 ) 
4 76 84 (932.622986 2048 226.507004 ) (912.025024 2048 226.507004 ) (912.025024 2162.229980 226.507004 ) (932.622986 2162.229980 226.507004 ) 
4 76 83 (953.723022 2048 226.507004 ) (932.622986 2048 226.507004 ) (932.622986 2162.229980 226.507004 ) (953.723022 2162.229980 226.507004 ) 
4 76 82 (972.310974 2048 226.507004 ) (953.723022 2048 226.507004 ) (953.723022 2162.229980 226.507004 ) (972.310974 2162.229980 226.507004 ) 
4 76 81 (972.812988 2048 226.507004 ) (972.310974 2048 226.507004 ) (972.310974 2162.229980 226.507004 ) (972.812988 2162.229980 226.507004 ) 
4 76 79 (972.812988 2163.310059 226.507004 ) (972.812988 2162.229980 226.507004 ) (804 2162.229980 226.507004 ) (804 2163.310059 226.507004 ) 
4 77 80 (972.812988 2162.229980 11.073700 ) (1024 2162.229980 11.073700 ) (1024 2162.229980 225.500000 ) (972.812988 2162.229980 225.500000 ) 
4 77 78 (972.812988 2163.310059 225.500000 ) (972.812988 2570.919922 225.500000 ) (972.812988 2570.919922 11.073700 ) (972.812988 2163.310059 11.073700 ) 
4 77 79 (972.812988 2162.229980 11.073700 ) (972.812988 2162.229980 225.500000 ) (972.812988 2163.310059 225.500000 ) (972.812988 2163.310059 11.073700 ) 
4 78 92 (804 2570.919922 119 ) (804 2570.919922 11.073700 ) (804 2570 11.073700 ) (804 2570 119 ) 
4 78 93 (804 2233 11.073700 ) (804 2185 11.073700 ) (804 2185 119 ) (804 2233 119 ) 
4 78 90 (804 2570.919922 225.500000 ) (804 2570.919922 119 ) (804 2570 119 ) (804 2570 225.500000 ) 
4 78 79 (804 2163.310059 225.500000 ) (804 2163.310059 11.073700 ) (972.812988 2163.310059 11.073700 ) (972.812988 2163.310059 225.500000 ) 
4 79 106 (804 2162.229980 226.507004 ) (804 2163.310059 226.507004 ) (804 2163.310059 226 ) (804 2162.229980 226 ) 
4 79 89 (804 2162.229980 226.507004 ) (804 2162.229980 147.481003 ) (824.107971 2162.229980 147.481003 ) (824.107971 2162.229980 226.507004 ) 
4 79 88 (849.226990 2162.229980 129.863998 ) (849.226990 2162.229980 226.507004 ) (824.107971 2162.229980 226.507004 ) (824.107971 2162.229980 129.863998 ) 
4 79 87 (870.327026 2162.229980 111.239998 ) (870.327026 2162.229980 226.507004 ) (849.226990 2162.229980 226.507004 ) (849.226990 2162.229980 111.239998 ) 
4 79 86 (891.929993 2162.229980 93.622803 ) (891.929993 2162.229980 226.507004 ) (870.327026 2162.229980 226.507004 ) (870.327026 2162.229980 93.622803 ) 
4 79 85 (912.025024 2162.229980 71.475403 ) (912.025024 2162.229980 226.507004 ) (891.929993 2162.229980 226.507004 ) (891.929993 2162.229980 71.475403 ) 
4 79 84 (932.622986 2162.229980 54.865002 ) (932.622986 2162.229980 226.507004 ) (912.025024 2162.229980 226.507004 ) (912.025024 2162.229980 54.865002 ) 
4 79 83 (953.723022 2162.229980 37.247799 ) (953.723022 2162.229980 226.507004 ) (932.622986 2162.229980 226.507004 ) (932.622986 2162.229980 37.247799 ) 
4 79 82 (972.310974 2162.229980 23.657400 ) (972.310974 2162.229980 226.507004 ) (953.723022 2162.229980 226.507004 ) (953.723022 2162.229980 23.657400 ) 
4 79 81 (972.310974 2162.229980 11.073700 ) (972.812988 2162.229980 11.073700 ) (972.812988 2162.229980 226.507004 ) (972.310974 2162.229980 226.507004 ) 
4 80 121 (1024 2048 11.073700 ) (1024 2048 225.500000 ) (972.812988 2048 225.500000 ) (972.812988 2048 11.073700 ) 
4 80 81 (972.812988 2162.229980 225.500000 ) (972.812988 2162.229980 11.073700 ) (972.812988 2048 11.073700 ) (972.812988 2048 225.500000 ) 
4 81 122 (972.812988 2048 226.507004 ) (972.310974 2048 226.507004 ) (972.310974 2048 11.073700 ) (972.812988 2048 11.073700 ) 
4 81 82 (972.310974 2162.229980 226.507004 ) (972.310974 2162.229980 23.657400 ) (972.310974 2048 23.657400 ) (972.310974 2048 226.507004 ) 
4 82 123 (972.310974 2048 226.507004 ) (953.723022 2048 226.507004 ) (953.723022 2048 23.657400 ) (972.310974 2048 23.657400 ) 
4 82 83 (953.723022 2162.229980 226.507004 ) (953.723022 2162.229980 37.247799 ) (953.723022 2048 37.247799 ) (953.723022 2048 226.507004 ) 
4 83 124 (953.723022 2048 226.507004 ) (932.622986 2048 226.507004 ) (932.622986 2048 37.247799 ) (953.723022 2048 37.247799 ) 
4 83 84 (932.622986 2162.229980 226.507004 ) (932.622986 2162.229980 54.865002 ) (932.622986 2048 54.865002 ) (932.622986 2048 226.507004 ) 
4 84 125 (932.622986 2048 226.507004 ) (912.025024 2048 226.507004 ) (912.025024 2048 54.865002 ) (932.622986 2048 54.865002 ) 
4 84 85 (912.025024 2162.229980 226.507004 ) (912.025024 2162.229980 71.475403 ) (912.025024 2048 71.475403 ) (912.025024 2048 226.507004 ) 
4 85 126 (912.025024 2048 226.507004 ) (891.929993 2048 226.507004 ) (891.929993 2048 71.475403 ) (912.025024 2048 71.475403 ) 
4 85 86 (891.929993 2162.229980 226.507004 ) (891.929993 2162.229980 93.622803 ) (891.929993 2048 93.622803 ) (891.929993 2048 226.507004 ) 
4 86 127 (891.929993 2048 226.507004 ) (870.327026 2048 226.507004 ) (870.327026 2048 93.622803 ) (891.929993 2048 93.622803 ) 
4 86 87 (870.327026 2162.229980 226.507004 ) (870.327026 2162.229980 111.239998 ) (870.327026 2048 111.239998 ) (870.327026 2048 226.507004 ) 
4 87 128 (870.327026 2048 226.507004 ) (849.226990 2048 226.507004 ) (849.226990 2048 111.239998 ) (870.327026 2048 111.239998 ) 
4 87 88 (849.226990 2162.229980 226.507004 ) (849.226990 2162.229980 129.863998 ) (849.226990 2048 129.863998 ) (849.226990 2048 226.507004 ) 
4 88 129 (849.226990 2048 226.507004 ) (824.107971 2048 226.507004 ) (824.107971 2048 129.863998 ) (849.226990 2048 129.863998 ) 
4 88 89 (824.107971 2162.229980 226.507004 ) (824.107971 2162.229980 147.481003 ) (824.107971 2048 147.481003 ) (824.107971 2048 226.507004 ) 
4 89 130 (824.107971 2048 226.507004 ) (804 2048 226.507004 ) (804 2048 147.481003 ) (824.107971 2048 147.481003 ) 
4 89 107 (804 2162 147.481003 ) (804 2048 147.481003 ) (804 2048 226 ) (804 2162 226 ) 
4 89 106 (804 2048 226.507004 ) (804 2162.229980 226.507004 ) (804 2162.229980 226 ) (804 2048 226 ) 
4 90 92 (796 2570 119 ) (796 2570.919922 119 ) (804 2570.919922 119 ) (804 2570 119 ) 
4 90 91 (796 2570.919922 119 ) (796 2570 119 ) (796 2570 225.500000 ) (796 2570.919922 225.500000 ) 
4 91 98 (719 2171 119 ) (699.280029 2171 119 ) (699.280029 2570.919922 119 ) (719 2570.919922 119 ) 
4 91 96 (719 2330 119 ) (719 2442 119 ) (721 2442 119 ) (721 2330 119 ) 
4 91 95 (719 2442 119 ) (719 2570.919922 119 ) (721 2570.919922 119 ) (721 2442 119 ) 
4 91 97 (721 2171 119 ) (719 2171 119 ) (719 2330 119 ) (721 2330 119 ) 
4 91 94 (796 2171 119 ) (721 2171 119 ) (721 2570.919922 119 ) (796 2570.919922 119 ) 
4 92 102 (796 2570.919922 36 ) (796 2570.919922 11.073700 ) (796 2570 11.073700 ) (796 2570 36 ) 
4 92 94 (796 2570 119 ) (796 2570.919922 119 ) (796 2570.919922 36 ) (796 2570 36 ) 
4 93 102 (796 2233 36 ) (796 2233 11.073700 ) (796 2185 11.073700 ) (796 2185 36 ) 
4 93 94 (796 2185 119 ) (796 2233 119 ) (796 2233 36 ) (796 2185 36 ) 
4 94 102 (721 2570.919922 36 ) (796 2570.919922 36 ) (796 2171 36 ) (721 2171 36 ) 
4 94 96 (721 2330 41 ) (721 2330 119 ) (721 2442 119 ) (721 2442 41 ) 
4 94 95 (721 2570.919922 36 ) (721 2442 36 ) (721 2442 119 ) (721 2570.919922 119 ) 
4 94 97 (721 2330 36 ) (721 2171 36 ) (721 2171 119 ) (721 2330 119 ) 
4 95 103 (719 2570.919922 36 ) (721 2570.919922 36 ) (721 2442 36 ) (719 2442 36 ) 
4 95 99 (719 2570.919922 36 ) (719 2442 36 ) (719 2442 41 ) (719 2570.919922 41 ) 
4 95 98 (719 2442 41 ) (719 2442 119 ) (719 2570.919922 119 ) (719 2570.919922 41 ) 
4 95 96 (719 2442 119 ) (719 2442 41 ) (721 2442 41 ) (721 2442 119 ) 
4 96 98 (719 2330 41 ) (719 2330 119 ) (719 2442 119 ) (719 2442 41 ) 
4 96 97 (719 2330 119 ) (719 2330 41 ) (721 2330 41 ) (721 2330 119 ) 
4 97 105 (721 2330 36 ) (721 2171 36 ) (719 2171 36 ) (719 2330 36 ) 
4 97 101 (719 2330 36 ) (719 2171 36 ) (719 2171 41 ) (719 2330 41 ) 
4 97 98 (719 2171 41 ) (719 2171 119 ) (719 2330 119 ) (719 2330 41 ) 
4 98 100 (719 2440 41 ) (719 2332 41 ) (699.280029 2332 41 ) (699.280029 2440 41 ) 
4 98 101 (719 2330 41 ) (719 2171 41 ) (699.280029 2171 41 ) (699.280029 2330 41 ) 
4 98 99 (699.280029 2570.919922 41 ) (719 2570.919922 41 ) (719 2442 41 ) (699.280029 2442 41 ) 
4 99 103 (699.280029 2570.919922 36 ) (719 2570.919922 36 ) (719 2442 36 ) (699.280029 2442 36 ) 
4 101 105 (719 2330 36 ) (719 2171 36 ) (699.280029 2171 36 ) (699.280029 2330 36 ) 
4 102 104 (721 2442 34 ) (721 2442 11.073700 ) (721 2330 11.073700 ) (721 2330 34 ) 
4 102 103 (721 2442 36 ) (721 2570.919922 36 ) (721 2570.919922 11.073700 ) (721 2442 11.073700 ) 
4 102 105 (721 2171 11.073700 ) (721 2171 36 ) (721 2330 36 ) (721 2330 11.073700 ) 
4 103 104 (721 2442 11.073700 ) (721 2442 34 ) (699.280029 2442 34 ) (699.280029 2442 11.073700 ) 
4 104 105 (721 2330 11.073700 ) (721 2330 34 ) (699.280029 2330 34 ) (699.280029 2330 11.073700 ) 
4 106 132 (777.385986 2048 226.507004 ) (757.793030 2048 226.507004 ) (757.793030 2048 226 ) (777.385986 2048 226 ) 
4 106 131 (799.491028 2048 226.507004 ) (777.385986 2048 226.507004 ) (777.385986 2048 226 ) (799.491028 2048 226 ) 
4 106 130 (804 2048 226.507004 ) (799.491028 2048 226.507004 ) (799.491028 2048 226 ) (804 2048 226 ) 
4 106 110 (757.793030 2163.310059 226.507004 ) (757.793030 2163.310059 226 ) (757.793030 2048 226 ) (757.793030 2048 226.507004 ) 
4 106 109 (757.793030 2048 226 ) (757.793030 2162 226 ) (777.385986 2162 226 ) (777.385986 2048 226 ) 
4 106 108 (799.491028 2162 226 ) (799.491028 2048 226 ) (777.385986 2048 226 ) (777.385986 2162 226 ) 
4 106 107 (804 2162 226 ) (804 2048 226 ) (799.491028 2048 226 ) (799.491028 2162 226 ) 
4 107 130 (804 2048 147.481003 ) (804 2048 226 ) (799.491028 2048 226 ) (799.491028 2048 147.481003 ) 
4 107 108 (799.491028 2048 226 ) (799.491028 2162 226 ) (799.491028 2162 165.098007 ) (799.491028 2048 165.098007 ) 
4 108 131 (799.491028 2048 165.098007 ) (799.491028 2048 226 ) (777.385986 2048 226 ) (777.385986 2048 165.098007 ) 
4 108 109 (777.385986 2048 226 ) (777.385986 2162 226 ) (777.385986 2162 180.701996 ) (777.385986 2048 180.701996 ) 
4 109 132 (757.793030 2048 226 ) (757.793030 2048 180.701996 ) (777.385986 2048 180.701996 ) (777.385986 2048 226 ) 
4 109 111 (757.793030 2048 197.313004 ) (757.793030 2048 226 ) (757.793030 2162 226 ) (757.793030 2162 197.313004 ) 
4 110 134 (738.703003 2048 226.507004 ) (719.109985 2048 226.507004 ) (719.109985 2048 226 ) (738.703003 2048 226 ) 
4 110 133 (757.793030 2048 226.507004 ) (738.703003 2048 226.507004 ) (738.703003 2048 226 ) (757.793030 2048 226 ) 
4 110 113 (719.109985 2163.310059 226.507004 ) (719.109985 2163.310059 226 ) (719.109985 2162.229980 226 ) (719.109985 2162.229980 226.507004 ) 
4 110 112 (719.109985 2048 226 ) (719.109985 2162 226 ) (738.703003 2162 226 ) (738.703003 2048 226 ) 
4 110 111 (757.793030 2162 226 ) (757.793030 2048 226 ) (738.703003 2048 226 ) (738.703003 2162 226 ) 
4 111 133 (757.793030 2048 197.313004 ) (757.793030 2048 226 ) (738.703003 2048 226 ) (738.703003 2048 197.313004 ) 
4 111 112 (738.703003 2048 226 ) (738.703003 2162 226 ) (738.703003 2162 210.903000 ) (738.703003 2048 210.903000 ) 
4 112 134 (719.109985 2048 226 ) (719.109985 2048 210.903000 ) (738.703003 2048 210.903000 ) (738.703003 2048 226 ) 
4 114 136 (699.280029 2048 451 ) (699.280029 2048 2571.860107 ) (696 2048 2571.860107 ) (696 2048 451 ) 
4 114 115 (696 2048 2571.860107 ) (696 2572 2571.860107 ) (696 2572 451 ) (696 2048 451 ) 
4 115 137 (518.025024 2048 11.073700 ) (696 2048 11.073700 ) (696 2048 451 ) (518.025024 2048 451 ) 
4 115 136 (696 2048 451 ) (696 2048 2571.860107 ) (518.025024 2048 2571.860107 ) (518.025024 2048 451 ) 
4 115 118 (518.025024 2572 11.073700 ) (696 2572 11.073700 ) (696 2048 11.073700 ) (518.025024 2048 11.073700 ) 
4 116 117 (699.280029 2572 11.073700 ) (699.280029 3072 11.073700 ) (699.280029 3072 5.138580 ) (699.280029 2572 5.138580 ) 
4 117 118 (696 3072 5.138580 ) (696 2572 5.138580 ) (696 2572 11.073700 ) (696 3072 11.073700 ) 
4 118 137 (696 2048 11.073700 ) (518.025024 2048 11.073700 ) (518.025024 2048 5.138580 ) (696 2048 5.138580 ) 
4 119 138 (1024 2046 451 ) (1024 2046 2571.860107 ) (699.280029 2046 2571.860107 ) (699.280029 2046 451 ) 
4 119 136 (699.280029 2046 451 ) (699.280029 2046 2571.860107 ) (699.280029 2048 2571.860107 ) (699.280029 2048 451 ) 
4 120 122 (972.812988 2047.079956 226.507004 ) (972.812988 2047.079956 450 ) (972.812988 2048 450 ) (972.812988 2048 226.507004 ) 
4 121 122 (972.812988 2048 11.073700 ) (972.812988 2047.079956 11.073700 ) (972.812988 2047.079956 225.500000 ) (972.812988 2048 225.500000 ) 
4 122 123 (972.310974 2047.079956 23.657400 ) (972.310974 2047.079956 450 ) (972.310974 2048 450 ) (972.310974 2048 23.657400 ) 
4 123 124 (953.723022 2047.079956 37.247799 ) (953.723022 2047.079956 450 ) (953.723022 2048 450 ) (953.723022 2048 37.247799 ) 
4 124 125 (932.622986 2047.079956 54.865002 ) (932.622986 2047.079956 450 ) (932.622986 2048 450 ) (932.622986 2048 54.865002 ) 
4 125 126 (912.025024 2047.079956 71.475403 ) (912.025024 2047.079956 450 ) (912.025024 2048 450 ) (912.025024 2048 71.475403 ) 
4 126 127 (891.929993 2047.079956 93.622803 ) (891.929993 2047.079956 450 ) (891.929993 2048 450 ) (891.929993 2048 93.622803 ) 
4 127 128 (870.327026 2047.079956 111.239998 ) (870.327026 2047.079956 450 ) (870.327026 2048 450 ) (870.327026 2048 111.239998 ) 
4 128 129 (849.226990 2047.079956 129.863998 ) (849.226990 2047.079956 450 ) (849.226990 2048 450 ) (849.226990 2048 129.863998 ) 
4 129 130 (824.107971 2047.079956 147.481003 ) (824.107971 2047.079956 450 ) (824.107971 2048 450 ) (824.107971 2048 147.481003 ) 
4 130 131 (799.491028 2047.079956 165.098007 ) (799.491028 2047.079956 450 ) (799.491028 2048 450 ) (799.491028 2048 165.098007 ) 
4 131 132 (777.385986 2047.079956 180.701996 ) (777.385986 2047.079956 450 ) (777.385986 2048 450 ) (777.385986 2048 180.701996 ) 
4 132 133 (757.793030 2047.079956 197.313004 ) (757.793030 2047.079956 450 ) (757.793030 2048 450 ) (757.793030 2048 197.313004 ) 
4 133 134 (738.703003 2047.079956 210.903000 ) (738.703003 2047.079956 450 ) (738.703003 2048 450 ) (738.703003 2048 210.903000 ) 
4 134 135 (719.109985 2047.079956 226.507004 ) (719.109985 2047.079956 450 ) (719.109985 2048 450 ) (719.109985 2048 226.507004 ) 
4 136 138 (518.025024 2046 2571.860107 ) (518.025024 2046 451 ) (699.280029 2046 451 ) (699.280029 2046 2571.860107 ) 
4 136 137 (696 2046 451 ) (518.025024 2046 451 ) (518.025024 2048 451 ) (696 2048 451 ) 
4 137 138 (518.025024 2046 451 ) (518.025024 2046 5.138580 ) (696 2046 5.138580 ) (696 2046 451 ) 
