PRT1
88
190
4 0 3 (6144 1024 15 ) (6144 1024 3569 ) (6144 1521 3569 ) (6144 1521 15 ) 
4 0 1 (6641 1024 15 ) (6641 1024 3569 ) (6144 1024 3569 ) (6144 1024 15 ) 
4 1 6 (6144 0 15 ) (6144 0 3569 ) (6144 1024 3569 ) (6144 1024 15 ) 
4 1 2 (6144 0 3569 ) (6144 0 15 ) (6641 0 15 ) (6641 0 3569 ) 
4 2 12 (6641 -1024 3569 ) (6144 -1024 3569 ) (6144 -1024 15 ) (6641 -1024 15 ) 
4 2 7 (6144 -1024 15 ) (6144 -1024 3569 ) (6144 0 3569 ) (6144 0 15 ) 
4 3 6 (6144 1024 15 ) (6144 1024 3569 ) (5120 1024 3569 ) (5120 1024 15 ) 
4 3 4 (5120 1024 15 ) (5120 1024 3569 ) (5120 1521 3569 ) (5120 1521 15 ) 
4 4 8 (5120 1024 15 ) (5120 1024 3569 ) (4096 1024 3569 ) (4096 1024 15 ) 
4 4 5 (4096 1024 15 ) (4096 1024 3569 ) (4096 1521 3569 ) (4096 1521 15 ) 
4 5 28 (3072 1024 15 ) (3072 1024 3569 ) (3072 1521 3569 ) (3072 1521 15 ) 
4 5 9 (4096 1024 15 ) (4096 1024 3569 ) (3072 1024 3569 ) (3072 1024 15 ) 
4 6 8 (5120 1024 3569 ) (5120 1024 15 ) (5120 0 15 ) (5120 0 3569 ) 
4 6 7 (6144 0 15 ) (6144 0 3569 ) (5120 0 3569 ) (5120 0 15 ) 
4 7 14 (6144 -1024 15 ) (6144 -1024 3569 ) (5120 -1024 3569 ) (5120 -1024 15 ) 
4 7 10 (5120 -1024 15 ) (5120 -1024 3569 ) (5120 0 3569 ) (5120 0 15 ) 
4 8 10 (5120 0 15 ) (5120 0 3569 ) (4096 0 3569 ) (4096 0 15 ) 
4 8 9 (4096 1024 3569 ) (4096 1024 15 ) (4096 0 15 ) (4096 0 3569 ) 
4 9 30 (3072 0 15 ) (3072 0 3569 ) (3072 1024 3569 ) (3072 1024 15 ) 
4 9 11 (4096 0 15 ) (4096 0 3569 ) (3072 0 3569 ) (3072 0 15 ) 
4 10 16 (5120 -1024 15 ) (5120 -1024 3569 ) (4096 -1024 3569 ) (4096 -1024 15 ) 
4 10 11 (4096 0 3569 ) (4096 0 15 ) (4096 -1024 15 ) (4096 -1024 3569 ) 
4 11 32 (3072 -1024 15 ) (3072 -1024 3569 ) (3072 0 3569 ) (3072 0 15 ) 
4 11 17 (4096 -1024 15 ) (4096 -1024 3569 ) (3072 -1024 3569 ) (3072 -1024 15 ) 
4 12 14 (6144 -2048 15 ) (6144 -2048 3569 ) (6144 -1024 3569 ) (6144 -1024 15 ) 
4 12 13 (6641 -2048 3569 ) (6144 -2048 3569 ) (6144 -2048 15 ) (6641 -2048 15 ) 
4 13 20 (6641 -3072 3569 ) (6144 -3072 3569 ) (6144 -3072 15 ) (6641 -3072 15 ) 
4 13 15 (6144 -3072 15 ) (6144 -3072 3569 ) (6144 -2048 3569 ) (6144 -2048 15 ) 
4 14 16 (5120 -1024 3569 ) (5120 -1024 15 ) (5120 -2048 15 ) (5120 -2048 3569 ) 
4 14 15 (6144 -2048 15 ) (6144 -2048 3569 ) (5120 -2048 3569 ) (5120 -2048 15 ) 
4 15 22 (6144 -3072 15 ) (6144 -3072 3569 ) (5120 -3072 3569 ) (5120 -3072 15 ) 
4 15 18 (5120 -3072 15 ) (5120 -3072 3569 ) (5120 -2048 3569 ) (5120 -2048 15 ) 
4 16 18 (5120 -2048 15 ) (5120 -2048 3569 ) (4096 -2048 3569 ) (4096 -2048 15 ) 
4 16 17 (4096 -1024 3569 ) (4096 -1024 15 ) (4096 -2048 15 ) (4096 -2048 3569 ) 
4 17 40 (3072 -2048 15 ) (3072 -2048 3569 ) (3072 -1024 3569 ) (3072 -1024 15 ) 
4 17 19 (4096 -2048 15 ) (4096 -2048 3569 ) (3072 -2048 3569 ) (3072 -2048 15 ) 
4 18 23 (5120 -3072 15 ) (5120 -3072 3569 ) (4096 -3072 3569 ) (4096 -3072 15 ) 
4 18 19 (4096 -2048 3569 ) (4096 -2048 15 ) (4096 -3072 15 ) (4096 -3072 3569 ) 
4 19 42 (3072 -3072 15 ) (3072 -3072 3569 ) (3072 -2048 3569 ) (3072 -2048 15 ) 
4 19 24 (3072 -3072 3569 ) (3072 -3072 15 ) (4096 -3072 15 ) (4096 -3072 3569 ) 
4 20 22 (6144 -3072 3569 ) (6144 -3072 15 ) (6144 -4096 15 ) (6144 -4096 3569 ) 
4 20 21 (6641 -4096 3569 ) (6144 -4096 3569 ) (6144 -4096 15 ) (6641 -4096 15 ) 
4 21 25 (6144 -5105 3569 ) (6144 -4096 3569 ) (6144 -4096 15 ) (6144 -5105 15 ) 
4 22 25 (6144 -4096 15 ) (6144 -4096 3569 ) (5120 -4096 3569 ) (5120 -4096 15 ) 
4 22 23 (5120 -3072 3569 ) (5120 -3072 15 ) (5120 -4096 15 ) (5120 -4096 3569 ) 
4 23 26 (5120 -4096 15 ) (5120 -4096 3569 ) (4096 -4096 3569 ) (4096 -4096 15 ) 
4 23 24 (4096 -4096 15 ) (4096 -4096 3569 ) (4096 -3072 3569 ) (4096 -3072 15 ) 
4 24 80 (3072 -4096 15 ) (3072 -4096 3569 ) (3072 -3072 3569 ) (3072 -3072 15 ) 
4 24 27 (3072 -4096 3569 ) (3072 -4096 15 ) (4096 -4096 15 ) (4096 -4096 3569 ) 
4 25 26 (5120 -4096 3569 ) (5120 -4096 15 ) (5120 -5105 15 ) (5120 -5105 3569 ) 
4 26 27 (4096 -4096 3569 ) (4096 -4096 15 ) (4096 -5105 15 ) (4096 -5105 3569 ) 
4 27 82 (3072 -5105 3569 ) (3072 -4096 3569 ) (3072 -4096 15 ) (3072 -5105 15 ) 
4 28 30 (3072 1024 15 ) (3072 1024 3569 ) (2048 1024 3569 ) (2048 1024 15 ) 
4 28 29 (2048 1024 15 ) (2048 1024 3569 ) (2048 1521 3569 ) (2048 1521 15 ) 
4 29 34 (1024 1024 15 ) (1024 1024 3569 ) (1024 1521 3569 ) (1024 1521 15 ) 
4 29 31 (2048 1024 15 ) (2048 1024 3569 ) (1024 1024 3569 ) (1024 1024 15 ) 
4 30 32 (3072 0 15 ) (3072 0 3569 ) (2048 0 3569 ) (2048 0 15 ) 
4 30 31 (2048 0 15 ) (2048 0 3569 ) (2048 1024 3569 ) (2048 1024 15 ) 
4 31 36 (1024 0 15 ) (1024 0 3569 ) (1024 1024 3569 ) (1024 1024 15 ) 
4 31 33 (1024 0 3569 ) (1024 0 15 ) (2048 0 15 ) (2048 0 3569 ) 
4 32 40 (3072 -1024 15 ) (3072 -1024 3569 ) (2048 -1024 3569 ) (2048 -1024 15 ) 
4 32 33 (2048 0 3569 ) (2048 0 15 ) (2048 -1024 15 ) (2048 -1024 3569 ) 
4 33 41 (2048 -1024 15 ) (2048 -1024 3569 ) (1024 -1024 3569 ) (1024 -1024 15 ) 
4 33 37 (1024 -1024 15 ) (1024 -1024 3569 ) (1024 0 3569 ) (1024 0 15 ) 
4 34 36 (1024 1024 15 ) (1024 1024 3569 ) (0 1024 3569 ) (0 1024 15 ) 
4 34 35 (0 1024 15 ) (0 1024 3569 ) (0 1521 3569 ) (0 1521 15 ) 
4 35 38 (0 1024 15 ) (0 1024 3569 ) (-1009 1024 3569 ) (-1009 1024 15 ) 
4 36 38 (0 1024 3569 ) (0 1024 15 ) (0 0 15 ) (0 0 3569 ) 
4 36 37 (1024 0 15 ) (1024 0 3569 ) (0 0 3569 ) (0 0 15 ) 
4 37 74 (1024 -1024 15 ) (1024 -1024 3569 ) (0 -1024 3569 ) (0 -1024 15 ) 
4 37 39 (0 -1024 15 ) (0 -1024 3569 ) (0 0 3569 ) (0 0 15 ) 
4 38 39 (0 0 15 ) (0 0 3569 ) (-1009 0 3569 ) (-1009 0 15 ) 
4 39 78 (0 -1024 15 ) (0 -1024 3569 ) (-1009 -1024 3569 ) (-1009 -1024 15 ) 
4 40 42 (3072 -2048 15 ) (3072 -2048 3569 ) (2048 -2048 3569 ) (2048 -2048 15 ) 
4 40 41 (2048 -2048 15 ) (2048 -2048 3569 ) (2048 -1024 3569 ) (2048 -1024 15 ) 
4 41 74 (1024 -2048 15 ) (1024 -2048 3569 ) (1024 -1024 3569 ) (1024 -1024 15 ) 
4 41 72 (1057 -2048 22 ) (1024 -2048 22 ) (1024 -2048 18 ) (1057 -2048 18 ) 
4 41 71 (1536 -2048 22 ) (1057 -2048 22 ) (1057 -2048 15 ) (1536 -2048 15 ) 
4 41 59 (1744 -2048 22 ) (1840 -2048 22 ) (1840 -2048 130 ) (1744 -2048 130 ) 
3 41 68 (1536 -2048 348 ) (1055.836670 -2048 22 ) (1536 -2048 22 ) 
4 41 45 (2048 -2048 348 ) (2048 -2048 694.277466 ) (1792 -2048 521 ) (2047.589966 -2048 348 ) 
4 41 44 (2048 -2048 694.277466 ) (2048 -2048 695.615601 ) (1536 -2048 348 ) (1536.410034 -2048 348 ) 
5 41 43 (2048 -2048 695.615601 ) (2048 -2048 3569 ) (1024 -2048 3569 ) (1024 -2048 22 ) (1055.836670 -2048 22 ) 
4 42 80 (3072 -3072 15 ) (3072 -3072 3569 ) (2048 -3072 3569 ) (2048 -3072 15 ) 
4 42 70 (2048 -2560 15 ) (2048 -3072 15 ) (2048 -3072 22 ) (2048 -2560 22 ) 
4 42 69 (2048 -2560 22 ) (2048 -3072 22 ) (2048 -3072 3569 ) (2048 -2560 3569 ) 
4 42 50 (2048 -2555 348 ) (2048 -2560 348 ) (2048 -2560 694.277466 ) (2048 -2555 694.277466 ) 
4 42 49 (2048 -2560 694.277466 ) (2048 -2560 695.615601 ) (2048 -2555 695.615601 ) (2048 -2555 694.277466 ) 
4 42 46 (2048 -2053 348 ) (2048 -2555 348 ) (2048 -2555 695.615601 ) (2048 -2053 695.615601 ) 
4 42 45 (2048 -2048 694.277466 ) (2048 -2048 348 ) (2048 -2053 348 ) (2048 -2053 694.277466 ) 
4 42 44 (2048 -2048 695.615601 ) (2048 -2048 694.277466 ) (2048 -2053 694.277466 ) (2048 -2053 695.615601 ) 
4 42 43 (2048 -2048 3569 ) (2048 -2048 695.615601 ) (2048 -2560 695.615601 ) (2048 -2560 3569 ) 
4 43 75 (1024 -2048 3569 ) (1024 -2048 22 ) (1024 -2560 22 ) (1024 -2560 3569 ) 
4 43 72 (1024 -2083 22 ) (1024 -2048 22 ) (1055.836670 -2048 22 ) (1055.836670 -2083 22 ) 
4 43 73 (1055.836670 -2560 22 ) (1024 -2560 22 ) (1024 -2083 22 ) (1055.836670 -2083 22 ) 
5 43 69 (1024 -2560 3569 ) (1024 -2560 22 ) (1055.836670 -2560 22 ) (2048 -2560 695.615601 ) (2048 -2560 3569 ) 
4 43 68 (1535.997925 -2560 348 ) (1055.835083 -2560 22 ) (1055.835083 -2048 22 ) (1535.997925 -2048 348 ) 
4 43 49 (2048 -2560 695.616821 ) (1535.997925 -2560 348 ) (1535.997925 -2555 348 ) (2048 -2555 695.616821 ) 
4 43 48 (1790.809204 -2053 521 ) (1792.020874 -2053 521.823242 ) (1792.020752 -2555 521.823242 ) (1790.809082 -2555 521 ) 
4 43 46 (1792.020874 -2053 521.823242 ) (2048 -2053 695.616821 ) (2048 -2555 695.616821 ) (1792.020752 -2555 521.823242 ) 
4 43 44 (1535.997925 -2053 348 ) (1535.997925 -2048 348 ) (2048 -2048 695.616821 ) (2048 -2053 695.616821 ) 
4 44 48 (1791.404053 -2053 520.596497 ) (1792.617676 -2053 521.417969 ) (1792.021484 -2053 521.822693 ) (1790.809937 -2053 521 ) 
3 44 47 (1536 -2053 348 ) (1536.410156 -2053 348 ) (1547.382080 -2053 355.426544 ) 
4 44 46 (1792.617676 -2053 521.417969 ) (2048 -2053 694.277466 ) (2048 -2053 695.615845 ) (1792.021484 -2053 521.822693 ) 
4 44 45 (2048 -2053 694.279236 ) (1791.998779 -2053 521 ) (1791.998779 -2048 521 ) (2048 -2048 694.279236 ) 
4 45 48 (1797.094482 -2053 518.377869 ) (1792.617554 -2053 521.417969 ) (1792 -2053 521 ) (1796.473389 -2053 517.972046 ) 
4 45 47 (2047.589966 -2053 348 ) (2047.994141 -2053 348 ) (2047.851318 -2053 348.096985 ) (2036.590698 -2053 355.445038 ) 
4 45 46 (2047.994141 -2053 348 ) (2048 -2053 348 ) (2048 -2053 694.277466 ) (1792.617554 -2053 521.417969 ) 
4 46 50 (2047.994141 -2555 348 ) (2048 -2555 348 ) (2048 -2555 694.277466 ) (1792.617554 -2555 521.417908 ) 
4 46 49 (2048 -2555 694.277466 ) (2048 -2555 695.615845 ) (1792.021484 -2555 521.822693 ) (1792.617554 -2555 521.417908 ) 
4 46 48 (1797.094727 -2555 518.378113 ) (1792.021973 -2555 521.822815 ) (1792.021973 -2053 521.822815 ) (1797.094727 -2053 518.378113 ) 
4 47 62 (1592 -2435 348 ) (1750.010010 -2435 348 ) (1751.436157 -2555 348 ) (1592 -2555 348 ) 
4 47 50 (2047.589966 -2555 348 ) (2047.994141 -2555 348 ) (2047.851318 -2555 348.096985 ) (2036.594604 -2555 355.442413 ) 
3 47 49 (1536 -2555 348 ) (1536.410156 -2555 348 ) (1547.384644 -2555 355.428284 ) 
4 48 50 (1797.094360 -2555 518.377869 ) (1792.617554 -2555 521.417908 ) (1792 -2555 521 ) (1796.473389 -2555 517.972107 ) 
4 48 49 (1792.617554 -2555 521.417908 ) (1792.021484 -2555 521.822693 ) (1790.809937 -2555 521 ) (1791.404053 -2555 520.596558 ) 
4 49 69 (2048 -2560 694.277466 ) (2048 -2560 695.615601 ) (1536 -2560 348 ) (1536.410034 -2560 348 ) 
4 49 50 (1791.998779 -2555 521 ) (2048 -2555 694.279236 ) (2048 -2560 694.279236 ) (1791.998779 -2560 521 ) 
4 50 69 (2048 -2560 348 ) (2048 -2560 694.277466 ) (1792 -2560 521 ) (2047.589966 -2560 348 ) 
4 51 63 (2044.500000 -2435 192 ) (2044.500000 -2435 341 ) (1840 -2435 341 ) (1840 -2435 192 ) 
4 51 53 (1840 -2435 192 ) (1840 -2435 341 ) (1840 -2051.500000 341 ) (1840 -2051.500000 192 ) 
4 52 64 (1840 -2435 130 ) (2044.500000 -2435 130 ) (2044.500000 -2435 185 ) (1840 -2435 185 ) 
4 52 60 (2044.500000 -2435 130 ) (1840 -2435 130 ) (1840 -2051.500000 130 ) (2044.500000 -2051.500000 130 ) 
4 52 54 (1840 -2051.500000 130 ) (1840 -2435 130 ) (1840 -2435 185 ) (1840 -2051.500000 185 ) 
4 53 63 (1840 -2435 192 ) (1840 -2435 341 ) (1728 -2435 341 ) (1728 -2435 192 ) 
4 53 57 (1728 -2435 192 ) (1728 -2435 341 ) (1728 -2311 341 ) (1728 -2311 192 ) 
4 53 55 (1728 -2311 341 ) (1728 -2051.500000 341 ) (1728 -2051.500000 192 ) (1728 -2311 192 ) 
4 54 64 (1728 -2435 130 ) (1840 -2435 130 ) (1840 -2435 185 ) (1728 -2435 185 ) 
4 54 60 (1840 -2435 130 ) (1728 -2435 130 ) (1728 -2051.500000 130 ) (1840 -2051.500000 130 ) 
4 54 58 (1728 -2311 130 ) (1728 -2435 130 ) (1728 -2435 185 ) (1728 -2311 185 ) 
4 54 56 (1728 -2051.500000 130 ) (1728 -2311 130 ) (1728 -2311 185 ) (1728 -2051.500000 185 ) 
4 55 57 (1539.500000 -2311 192 ) (1728 -2311 192 ) (1728 -2311 341 ) (1539.500000 -2311 341 ) 
4 56 60 (1728 -2051.500000 130 ) (1728 -2311 130 ) (1539.500000 -2311 130 ) (1539.500000 -2051.500000 130 ) 
4 56 58 (1539.500000 -2311 130 ) (1728 -2311 130 ) (1728 -2311 185 ) (1539.500000 -2311 185 ) 
4 57 63 (1539.500000 -2435 192 ) (1728 -2435 192 ) (1728 -2435 341 ) (1539.500000 -2435 341 ) 
4 58 65 (1539.500000 -2435 130 ) (1728 -2435 130 ) (1728 -2435 185 ) (1539.500000 -2435 185 ) 
4 58 60 (1728 -2435 130 ) (1539.500000 -2435 130 ) (1539.500000 -2311 130 ) (1728 -2311 130 ) 
4 59 60 (1744 -2051.500000 22 ) (1840 -2051.500000 22 ) (1840 -2051.500000 130 ) (1744 -2051.500000 130 ) 
4 60 65 (1539.500000 -2435 22 ) (1728 -2435 22 ) (1728 -2435 130 ) (1539.500000 -2435 130 ) 
4 60 64 (1728 -2435 22 ) (2044.500000 -2435 22 ) (2044.500000 -2435 130 ) (1728 -2435 130 ) 
4 60 61 (1539.500000 -2263 22 ) (1539.500000 -2311 22 ) (1539.500000 -2311 130 ) (1539.500000 -2263 130 ) 
4 61 68 (1536 -2263 22 ) (1536 -2311 22 ) (1536 -2311 130 ) (1536 -2263 130 ) 
4 62 63 (1751.453979 -2556.500000 341 ) (1592 -2556.500000 341 ) (1592 -2435 341 ) (1750.010010 -2435 341 ) 
4 63 66 (1921 -2556.500000 192 ) (1728 -2556.500000 192 ) (1728 -2438 192 ) (1921 -2438 192 ) 
3 64 66 (1910.582275 -2438 185 ) (1728 -2438 185 ) (1728 -2438 62.316219 ) 
4 64 65 (1728 -2438 22 ) (1728 -2438 185 ) (1728 -2435 185 ) (1728 -2435 22 ) 
5 65 67 (1539.500000 -2438 22 ) (1668 -2438 22 ) (1728 -2438 62.316223 ) (1728 -2438 185 ) (1539.500000 -2438 185 ) 
4 66 67 (1728 -2438 185 ) (1728 -2438 62.316864 ) (1728 -2556.500000 62.316864 ) (1728 -2556.500000 185 ) 
4 68 72 (1055.836670 -2083 22 ) (1055.836670 -2048 22 ) (1057 -2048 22 ) (1057 -2083 22 ) 
4 68 73 (1057 -2560 22 ) (1055.836670 -2560 22 ) (1055.836670 -2083 22 ) (1057 -2083 22 ) 
4 68 71 (1536 -2560 22 ) (1057 -2560 22 ) (1057 -2048 22 ) (1536 -2048 22 ) 
3 68 69 (1055.836670 -2560 22 ) (1536 -2560 22 ) (1536 -2560 348 ) 
4 69 81 (2048 -3072 22 ) (2048 -3072 3569 ) (1024 -3072 3569 ) (1024 -3072 22 ) 
4 69 75 (1024 -3072 22 ) (1024 -3072 3569 ) (1024 -2560 3569 ) (1024 -2560 22 ) 
4 69 73 (1057 -3072 22 ) (1024 -3072 22 ) (1024 -2560 22 ) (1057 -2560 22 ) 
4 69 71 (1536 -3072 22 ) (1057 -3072 22 ) (1057 -2560 22 ) (1536 -2560 22 ) 
4 69 70 (2048 -2560 22 ) (2048 -3072 22 ) (1536 -3072 22 ) (1536 -2560 22 ) 
4 70 81 (2048 -3072 15 ) (2048 -3072 22 ) (1536 -3072 22 ) (1536 -3072 15 ) 
4 70 71 (1536 -2560 15 ) (1536 -3072 15 ) (1536 -3072 22 ) (1536 -2560 22 ) 
4 71 81 (1536 -3072 22 ) (1057 -3072 22 ) (1057 -3072 15 ) (1536 -3072 15 ) 
4 71 72 (1057 -2083 18 ) (1057 -2083 22 ) (1057 -2048 22 ) (1057 -2048 18 ) 
4 71 73 (1057 -2083 15 ) (1057 -3072 15 ) (1057 -3072 22 ) (1057 -2083 22 ) 
4 72 75 (1024 -2083 22 ) (1024 -2048 22 ) (1024 -2048 18 ) (1024 -2083 18 ) 
4 72 73 (1057 -2083 18 ) (1057 -2083 22 ) (1024 -2083 22 ) (1024 -2083 18 ) 
4 73 81 (1057 -3072 22 ) (1024 -3072 22 ) (1024 -3072 15 ) (1057 -3072 15 ) 
4 73 76 (1024 -3072 15 ) (1024 -3072 18 ) (1024 -2083 18 ) (1024 -2083 15 ) 
4 73 75 (1024 -3072 18 ) (1024 -3072 22 ) (1024 -2083 22 ) (1024 -2083 18 ) 
4 74 78 (0 -1024 3569 ) (0 -1024 15 ) (0 -2048 15 ) (0 -2048 3569 ) 
4 74 77 (1022 -2048 18 ) (0 -2048 18 ) (0 -2048 15 ) (1022 -2048 15 ) 
4 74 75 (1024 -2048 18 ) (1024 -2048 3569 ) (0 -2048 3569 ) (0 -2048 18 ) 
4 75 84 (1024 -3072 18 ) (1024 -3072 3569 ) (0 -3072 3569 ) (0 -3072 18 ) 
4 75 79 (0 -3072 18 ) (0 -3072 3569 ) (0 -2048 3569 ) (0 -2048 18 ) 
4 75 76 (1024 -3072 18 ) (1022 -3072 18 ) (1022 -2083 18 ) (1024 -2083 18 ) 
4 75 77 (1022 -3072 18 ) (0 -3072 18 ) (0 -2048 18 ) (1022 -2048 18 ) 
4 76 84 (1024 -3072 15 ) (1024 -3072 18 ) (1022 -3072 18 ) (1022 -3072 15 ) 
4 76 77 (1022 -2083 15 ) (1022 -3072 15 ) (1022 -3072 18 ) (1022 -2083 18 ) 
4 77 84 (1022 -3072 18 ) (0 -3072 18 ) (0 -3072 15 ) (1022 -3072 15 ) 
4 77 79 (0 -3072 15 ) (0 -3072 18 ) (0 -2048 18 ) (0 -2048 15 ) 
4 78 79 (0 -2048 15 ) (0 -2048 3569 ) (-1009 -2048 3569 ) (-1009 -2048 15 ) 
4 79 85 (0 -3072 15 ) (0 -3072 3569 ) (-1009 -3072 3569 ) (-1009 -3072 15 ) 
4 80 82 (3072 -4096 15 ) (3072 -4096 3569 ) (2048 -4096 3569 ) (2048 -4096 15 ) 
4 80 81 (2048 -3072 3569 ) (2048 -3072 15 ) (2048 -4096 15 ) (2048 -4096 3569 ) 
4 81 84 (1024 -3072 3569 ) (1024 -3072 15 ) (1024 -4096 15 ) (1024 -4096 3569 ) 
4 81 83 (2048 -4096 15 ) (2048 -4096 3569 ) (1024 -4096 3569 ) (1024 -4096 15 ) 
4 82 83 (2048 -5105 3569 ) (2048 -4096 3569 ) (2048 -4096 15 ) (2048 -5105 15 ) 
4 83 86 (1024 -5105 3569 ) (1024 -4096 3569 ) (1024 -4096 15 ) (1024 -5105 15 ) 
4 84 86 (1024 -4096 15 ) (1024 -4096 3569 ) (0 -4096 3569 ) (0 -4096 15 ) 
4 84 85 (0 -3072 3569 ) (0 -3072 15 ) (0 -4096 15 ) (0 -4096 3569 ) 
4 85 87 (0 -4096 15 ) (0 -4096 3569 ) (-1009 -4096 3569 ) (-1009 -4096 15 ) 
4 86 87 (0 -4096 3569 ) (0 -4096 15 ) (0 -5105 15 ) (0 -5105 3569 ) 
