================== VBSP ==================



materialPath: C:\Program Files (x86)\Steam\steamapps\sourcemods\mod_episodic\materials
Loading C:\Users\Viper\Documents\GitHub\VipersGitMapsrc\Source_SDK_Maps\ep2\mapsrc\mah_house.vmf
ConVarRef mat_reduceparticles doesn't point to an existing ConVar
Patching WVT material: maps/mah_house/nature/blenddirtmud03_wvt_patch
Patching WVT material: maps/mah_house/nature/blendashdirt01_wvt_patch
Patching WVT material: maps/mah_house/nature/blendmuddirt001e_wvt_patch
fixing up env_cubemap materials on brush sides...
0...1...2...3...4...5...6...7...8...9...100...1...2...3...4...5...6...7...8...9...10Processing areas...done (0)
Building Faces...done (0)
Chop Details...done (0)
Find Visible Detail Sides...
Merged 308 detail faces...done (0)
Merging details...done (0)
FixTjuncs...
PruneNodes...
WriteBSP...
done (1)
writing C:\Users\Viper\Documents\GitHub\VipersGitMapsrc\Source_SDK_Maps\ep2\mapsrc\mah_house.prt...Building visibility clusters...
done (0)
WARNING: node without a volume
Creating default LDR cubemaps for env_cubemap using skybox materials:
   skybox/sky_ep02_05*.vmt
 ! Run buildcubemaps in the engine to get the correct cube maps.
Creating default HDR cubemaps for env_cubemap using skybox materials:
   skybox/sky_ep02_05*.vmt
 ! Run buildcubemaps in the engine to get the correct cube maps.
Finding displacement neighbors...
Finding lightmap sample positions...
Displacement Alpha : 0...1...2...3...4...5...6...7...8...9...10
Building Physics collision data...
WARNING: Map using power 4 displacements, terrain physics cannot be compressed, map will need additional memory and CPU.
done (0) (661766 bytes)
Error! prop_static using model "models/props_c17/canister02a.mdl", which must be used on a dynamic entity (i.e. prop_physics). Deleted.
Error loading studio model "models/props_c17/canister02a.mdl"!
Placing detail props : 0...1...2...3...4...5...6...7...8...9...10
Compacting texture/material tables...
Reduced 1216 texinfos to 886
Reduced 76 texdatas to 64 (1903 bytes to 1448)
Writing C:\Users\Viper\Documents\GitHub\VipersGitMapsrc\Source_SDK_Maps\ep2\mapsrc\mah_house.bsp
3 seconds elapsed

================== VVIS ==================




4 threads
reading c:\users\viper\documents\github\vipersgitmapsrc\source_sdk_maps\ep2\mapsrc\mah_house.bsp
reading c:\users\viper\documents\github\vipersgitmapsrc\source_sdk_maps\ep2\mapsrc\mah_house.prt
1359 portalclusters
4684 numportals
0...1...2...3...4...5...6...7...8...9...10Optimized: 47093 visible clusters (2.82%)
Total clusters visible: 1669326
Average clusters visible: 1228
Building PAS...
Average clusters audible: 1355
visdatasize:469005  compressed from 478368
writing c:\users\viper\documents\github\vipersgitmapsrc\source_sdk_maps\ep2\mapsrc\mah_house.bsp
1 second elapsed
