PRT1
159
519
4 1 65 (0 2048 -16 ) (0 2048 182 ) (0 2122 182 ) (0 2122 -16 ) 
4 1 62 (0 2048 182 ) (0 2048 283 ) (0 2122 283 ) (0 2122 182 ) 
4 1 59 (0 2048 283 ) (0 2048 640 ) (0 2122 640 ) (0 2122 283 ) 
4 1 58 (0 2048 640 ) (0 2048 642 ) (0 2122 642 ) (0 2122 640 ) 
4 1 54 (0 2048 642 ) (0 2048 1290 ) (0 2122 1290 ) (0 2122 642 ) 
4 1 15 (107 2048 -16 ) (107 2048 410 ) (0 2048 410 ) (0 2048 -16 ) 
4 1 4 (104 2048 509 ) (90 2048 509 ) (90 2048 410 ) (104 2048 410 ) 
4 1 3 (107 2048 410 ) (107 2048 509 ) (104 2048 509 ) (104 2048 410 ) 
4 1 7 (90 2048 509 ) (0 2048 509 ) (0 2048 410 ) (90 2048 410 ) 
4 1 2 (107 2048 509 ) (107 2048 1290 ) (0 2048 1290 ) (0 2048 509 ) 
4 2 71 (0 1024 509 ) (0 1024 1290 ) (0 2048 1290 ) (0 2048 509 ) 
4 2 47 (107 1024 509 ) (107 1024 1290 ) (0 1024 1290 ) (0 1024 509 ) 
4 2 11 (66 1535 509 ) (66 1554 509 ) (82 1554 509 ) (82 1535 509 ) 
4 2 13 (82 1024 509 ) (66 1024 509 ) (66 1526 509 ) (82 1526 509 ) 
4 2 14 (66 1024 509 ) (0 1024 509 ) (0 1554 509 ) (66 1554 509 ) 
4 2 8 (107 1554 509 ) (107 1527 509 ) (83 1527 509 ) (83 1554 509 ) 
4 2 9 (107 1510 509 ) (107 1024 509 ) (83 1024 509 ) (83 1510 509 ) 
4 2 10 (83 1024 509 ) (82 1024 509 ) (82 1554 509 ) (83 1554 509 ) 
4 2 5 (104 1554 509 ) (90 1554 509 ) (90 1561 509 ) (104 1561 509 ) 
4 2 4 (90 1561 509 ) (90 2048 509 ) (104 2048 509 ) (104 1561 509 ) 
4 2 3 (107 2048 509 ) (107 1554 509 ) (104 1554 509 ) (104 2048 509 ) 
4 2 7 (90 1554 509 ) (0 1554 509 ) (0 2048 509 ) (90 2048 509 ) 
4 3 15 (104 2048 410 ) (107 2048 410 ) (107 1554 410 ) (104 1554 410 ) 
4 3 8 (104 1554 410 ) (107 1554 410 ) (107 1554 509 ) (104 1554 509 ) 
4 3 5 (104 1554 458 ) (104 1554 509 ) (104 1561 509 ) (104 1561 458 ) 
4 3 6 (104 1561 410 ) (104 1554 410 ) (104 1554 425 ) (104 1561 425 ) 
4 3 4 (104 2048 410 ) (104 1561 410 ) (104 1561 509 ) (104 2048 509 ) 
4 4 15 (90 2048 410 ) (104 2048 410 ) (104 1561 410 ) (90 1561 410 ) 
4 4 5 (90 1561 509 ) (90 1561 458 ) (104 1561 458 ) (104 1561 509 ) 
4 4 6 (90 1561 425 ) (90 1561 410 ) (104 1561 410 ) (104 1561 425 ) 
4 4 7 (90 2048 410 ) (90 1561 410 ) (90 1561 509 ) (90 2048 509 ) 
4 5 8 (104 1554 458 ) (104 1554 509 ) (90 1554 509 ) (90 1554 458 ) 
4 5 7 (90 1554 458 ) (90 1554 509 ) (90 1561 509 ) (90 1561 458 ) 
4 6 15 (104 1561 410 ) (104 1554 410 ) (90 1554 410 ) (90 1561 410 ) 
4 6 8 (90 1554 410 ) (104 1554 410 ) (104 1554 425 ) (90 1554 425 ) 
4 6 7 (90 1561 410 ) (90 1554 410 ) (90 1554 425 ) (90 1561 425 ) 
4 7 71 (0 1554 509 ) (0 2048 509 ) (0 2048 410 ) (0 1554 410 ) 
4 7 15 (0 1554 410 ) (0 2048 410 ) (90 2048 410 ) (90 1554 410 ) 
4 7 11 (66 1554 410 ) (82 1554 410 ) (82 1554 509 ) (66 1554 509 ) 
4 7 14 (0 1554 410 ) (66 1554 410 ) (66 1554 509 ) (0 1554 509 ) 
4 7 8 (83 1554 410 ) (90 1554 410 ) (90 1554 509 ) (83 1554 509 ) 
4 7 10 (82 1554 410 ) (83 1554 410 ) (83 1554 509 ) (82 1554 509 ) 
4 8 16 (107 1546 410 ) (107 1527 410 ) (83 1527 410 ) (83 1546 410 ) 
4 8 15 (83 1554 410 ) (107 1554 410 ) (107 1546 410 ) (83 1546 410 ) 
4 8 10 (83 1554 509 ) (83 1554 410 ) (83 1527 410 ) (83 1527 509 ) 
4 9 47 (107 1024 410 ) (107 1024 509 ) (83 1024 509 ) (83 1024 410 ) 
4 9 16 (107 1510 410 ) (107 1502 410 ) (83 1502 410 ) (83 1510 410 ) 
4 9 46 (107 1502 410 ) (107 1024 410 ) (83 1024 410 ) (83 1502 410 ) 
4 9 10 (83 1510 410 ) (83 1024 410 ) (83 1024 509 ) (83 1510 509 ) 
4 10 47 (83 1024 509 ) (82 1024 509 ) (82 1024 410 ) (83 1024 410 ) 
4 10 16 (83 1546 410 ) (83 1502 410 ) (82 1502 410 ) (82 1546 410 ) 
4 10 15 (82 1554 410 ) (83 1554 410 ) (83 1546 410 ) (82 1546 410 ) 
4 10 46 (83 1502 410 ) (83 1024 410 ) (82 1024 410 ) (82 1502 410 ) 
4 10 12 (82 1535 410 ) (82 1526 410 ) (82 1526 490 ) (82 1535 490 ) 
4 10 11 (82 1554 509 ) (82 1554 410 ) (82 1535 410 ) (82 1535 509 ) 
4 10 13 (82 1526 410 ) (82 1024 410 ) (82 1024 509 ) (82 1526 509 ) 
4 11 17 (77 1535 410 ) (66 1535 410 ) (66 1546 410 ) (77 1546 410 ) 
4 11 16 (82 1546 410 ) (82 1535 410 ) (77 1535 410 ) (77 1546 410 ) 
4 11 15 (66 1554 410 ) (82 1554 410 ) (82 1546 410 ) (66 1546 410 ) 
4 11 12 (66 1535 490 ) (66 1535 410 ) (82 1535 410 ) (82 1535 490 ) 
4 11 14 (66 1554 509 ) (66 1554 410 ) (66 1535 410 ) (66 1535 509 ) 
4 12 17 (77 1526 410 ) (66 1526 410 ) (66 1535 410 ) (77 1535 410 ) 
4 12 16 (82 1535 410 ) (82 1526 410 ) (77 1526 410 ) (77 1535 410 ) 
4 12 14 (66 1535 410 ) (66 1526 410 ) (66 1526 490 ) (66 1535 490 ) 
4 12 13 (66 1526 490 ) (66 1526 410 ) (82 1526 410 ) (82 1526 490 ) 
4 13 47 (82 1024 509 ) (66 1024 509 ) (66 1024 410 ) (82 1024 410 ) 
4 13 17 (77 1502 410 ) (66 1502 410 ) (66 1526 410 ) (77 1526 410 ) 
4 13 16 (82 1526 410 ) (82 1502 410 ) (77 1502 410 ) (77 1526 410 ) 
4 13 46 (82 1502 410 ) (82 1024 410 ) (66 1024 410 ) (66 1502 410 ) 
4 13 14 (66 1526 410 ) (66 1024 410 ) (66 1024 509 ) (66 1526 509 ) 
4 14 71 (0 1024 410 ) (0 1024 509 ) (0 1554 509 ) (0 1554 410 ) 
4 14 47 (66 1024 509 ) (0 1024 509 ) (0 1024 410 ) (66 1024 410 ) 
4 14 17 (34 1546 410 ) (66 1546 410 ) (66 1502 410 ) (34 1502 410 ) 
4 14 19 (0 1502 410 ) (0 1546 410 ) (34 1546 410 ) (34 1502 410 ) 
4 14 15 (0 1546 410 ) (0 1554 410 ) (66 1554 410 ) (66 1546 410 ) 
4 14 46 (0 1024 410 ) (0 1502 410 ) (66 1502 410 ) (66 1024 410 ) 
4 15 115 (0 2048 0 ) (0 2048 -16 ) (0 1546 -16 ) (0 1546 0 ) 
4 15 71 (0 1546 410 ) (0 2048 410 ) (0 2048 258 ) (0 1546 258 ) 
4 15 45 (0 1546 -16 ) (77 1546 -16 ) (77 1546 175 ) (0 1546 175 ) 
4 15 44 (77 1546 175 ) (77 1546 180 ) (0 1546 180 ) (0 1546 175 ) 
4 15 43 (77 1546 -16 ) (107 1546 -16 ) (107 1546 180 ) (77 1546 180 ) 
4 15 40 (34 1546 210 ) (0 1546 210 ) (0 1546 180 ) (34 1546 180 ) 
4 15 33 (34 1546 209 ) (34 1546 180 ) (39 1546 180 ) (39 1546 209 ) 
4 15 32 (39 1546 210 ) (34 1546 210 ) (34 1546 209 ) (39 1546 209 ) 
4 15 31 (72 1546 210 ) (39 1546 210 ) (39 1546 180 ) (72 1546 180 ) 
4 15 30 (77 1546 210 ) (72 1546 210 ) (72 1546 180 ) (77 1546 180 ) 
4 15 29 (107 1546 180 ) (107 1546 210 ) (77 1546 210 ) (77 1546 180 ) 
4 15 28 (0 1546 215 ) (0 1546 210 ) (33 1546 210 ) (33 1546 215 ) 
4 15 27 (33 1546 287 ) (0 1546 287 ) (0 1546 215 ) (33 1546 215 ) 
4 15 26 (34 1546 287 ) (33 1546 287 ) (33 1546 210 ) (34 1546 210 ) 
4 15 25 (39 1546 287 ) (34 1546 287 ) (34 1546 210 ) (39 1546 210 ) 
4 15 22 (72 1546 287 ) (39 1546 287 ) (39 1546 210 ) (72 1546 210 ) 
4 15 21 (77 1546 287 ) (72 1546 287 ) (72 1546 210 ) (77 1546 210 ) 
4 15 20 (107 1546 210 ) (107 1546 287 ) (77 1546 287 ) (77 1546 210 ) 
4 15 18 (34 1546 292 ) (34 1546 287 ) (77 1546 287 ) (77 1546 292 ) 
4 15 17 (77 1546 410 ) (34 1546 410 ) (34 1546 292 ) (77 1546 292 ) 
4 15 16 (107 1546 287 ) (107 1546 410 ) (77 1546 410 ) (77 1546 287 ) 
4 15 19 (34 1546 410 ) (0 1546 410 ) (0 1546 287 ) (34 1546 287 ) 
4 16 20 (107 1502 287 ) (77 1502 287 ) (77 1546 287 ) (107 1546 287 ) 
4 16 18 (77 1546 292 ) (77 1546 287 ) (77 1502 287 ) (77 1502 292 ) 
4 16 17 (77 1546 410 ) (77 1546 292 ) (77 1502 292 ) (77 1502 410 ) 
4 16 46 (107 1502 287 ) (107 1502 410 ) (77 1502 410 ) (77 1502 287 ) 
4 17 46 (77 1502 410 ) (34 1502 410 ) (34 1502 292 ) (77 1502 292 ) 
4 17 19 (34 1546 410 ) (34 1546 292 ) (34 1502 292 ) (34 1502 410 ) 
4 17 18 (34 1502 292 ) (34 1546 292 ) (77 1546 292 ) (77 1502 292 ) 
4 18 25 (39 1502 287 ) (34 1502 287 ) (34 1546 287 ) (39 1546 287 ) 
4 18 23 (39 1507 287 ) (39 1541 287 ) (72 1541 287 ) (72 1507 287 ) 
4 18 22 (39 1541 287 ) (39 1546 287 ) (72 1546 287 ) (72 1541 287 ) 
4 18 24 (72 1502 287 ) (39 1502 287 ) (39 1507 287 ) (72 1507 287 ) 
4 18 21 (77 1502 287 ) (72 1502 287 ) (72 1546 287 ) (77 1546 287 ) 
4 18 46 (34 1502 292 ) (34 1502 287 ) (77 1502 287 ) (77 1502 292 ) 
4 18 19 (34 1546 292 ) (34 1546 287 ) (34 1502 287 ) (34 1502 292 ) 
4 19 71 (0 1502 410 ) (0 1546 410 ) (0 1546 287 ) (0 1502 287 ) 
4 19 27 (33 1502 287 ) (0 1502 287 ) (0 1546 287 ) (33 1546 287 ) 
4 19 26 (34 1502 287 ) (33 1502 287 ) (33 1546 287 ) (34 1546 287 ) 
4 19 46 (34 1502 410 ) (0 1502 410 ) (0 1502 287 ) (34 1502 287 ) 
4 20 29 (107 1502 210 ) (77 1502 210 ) (77 1546 210 ) (107 1546 210 ) 
4 20 46 (107 1502 210 ) (107 1502 287 ) (77 1502 287 ) (77 1502 210 ) 
4 20 21 (77 1546 210 ) (77 1502 210 ) (77 1502 287 ) (77 1546 287 ) 
4 21 30 (77 1502 210 ) (72 1502 210 ) (72 1546 210 ) (77 1546 210 ) 
4 21 23 (72 1541 210 ) (72 1507 210 ) (72 1507 287 ) (72 1541 287 ) 
4 21 22 (72 1546 210 ) (72 1541 210 ) (72 1541 287 ) (72 1546 287 ) 
4 21 24 (72 1507 210 ) (72 1502 210 ) (72 1502 287 ) (72 1507 287 ) 
4 21 46 (77 1502 287 ) (72 1502 287 ) (72 1502 210 ) (77 1502 210 ) 
4 22 31 (39 1541 210 ) (39 1546 210 ) (72 1546 210 ) (72 1541 210 ) 
4 22 25 (39 1546 210 ) (39 1541 210 ) (39 1541 287 ) (39 1546 287 ) 
4 22 23 (39 1541 287 ) (39 1541 210 ) (72 1541 210 ) (72 1541 287 ) 
4 23 34 (39 1507 210 ) (39 1541 210 ) (72 1541 210 ) (72 1507 210 ) 
4 23 25 (39 1541 210 ) (39 1507 210 ) (39 1507 287 ) (39 1541 287 ) 
4 23 24 (39 1507 287 ) (39 1507 210 ) (72 1507 210 ) (72 1507 287 ) 
4 24 35 (72 1502 210 ) (39 1502 210 ) (39 1507 210 ) (72 1507 210 ) 
4 24 25 (39 1507 210 ) (39 1502 210 ) (39 1502 287 ) (39 1507 287 ) 
4 24 46 (72 1502 287 ) (39 1502 287 ) (39 1502 210 ) (72 1502 210 ) 
4 25 38 (39 1502 210 ) (34 1502 210 ) (34 1507 210 ) (39 1507 210 ) 
4 25 36 (34 1507 210 ) (34 1541 210 ) (39 1541 210 ) (39 1507 210 ) 
4 25 32 (34 1541 210 ) (34 1546 210 ) (39 1546 210 ) (39 1541 210 ) 
4 25 26 (34 1546 210 ) (34 1502 210 ) (34 1502 287 ) (34 1546 287 ) 
4 25 46 (39 1502 287 ) (34 1502 287 ) (34 1502 210 ) (39 1502 210 ) 
4 26 42 (34 1502 210 ) (33 1502 210 ) (33 1507 210 ) (34 1507 210 ) 
4 26 41 (33 1507 210 ) (33 1541 210 ) (34 1541 210 ) (34 1507 210 ) 
4 26 40 (33 1541 210 ) (33 1546 210 ) (34 1546 210 ) (34 1541 210 ) 
4 26 28 (33 1546 210 ) (33 1502 210 ) (33 1502 215 ) (33 1546 215 ) 
4 26 27 (33 1502 215 ) (33 1502 287 ) (33 1546 287 ) (33 1546 215 ) 
4 26 46 (34 1502 287 ) (33 1502 287 ) (33 1502 210 ) (34 1502 210 ) 
4 27 71 (0 1546 287 ) (0 1546 258 ) (0 1502 258 ) (0 1502 287 ) 
4 27 46 (33 1502 287 ) (0 1502 287 ) (0 1502 215 ) (33 1502 215 ) 
4 27 28 (0 1546 215 ) (33 1546 215 ) (33 1502 215 ) (0 1502 215 ) 
4 28 83 (0 1546 215 ) (0 1546 210 ) (0 1502 210 ) (0 1502 215 ) 
4 28 42 (33 1502 210 ) (0 1502 210 ) (0 1507 210 ) (33 1507 210 ) 
4 28 41 (0 1507 210 ) (0 1541 210 ) (33 1541 210 ) (33 1507 210 ) 
4 28 40 (0 1541 210 ) (0 1546 210 ) (33 1546 210 ) (33 1541 210 ) 
4 28 46 (0 1502 215 ) (0 1502 210 ) (33 1502 210 ) (33 1502 215 ) 
4 29 43 (107 1502 180 ) (77 1502 180 ) (77 1546 180 ) (107 1546 180 ) 
4 29 46 (107 1502 180 ) (107 1502 210 ) (77 1502 210 ) (77 1502 180 ) 
4 29 30 (77 1546 180 ) (77 1502 180 ) (77 1502 210 ) (77 1546 210 ) 
4 30 44 (77 1502 180 ) (72 1502 180 ) (72 1546 180 ) (77 1546 180 ) 
4 30 35 (72 1507 180 ) (72 1502 180 ) (72 1502 210 ) (72 1507 210 ) 
4 30 34 (72 1541 180 ) (72 1507 180 ) (72 1507 210 ) (72 1541 210 ) 
4 30 31 (72 1546 180 ) (72 1541 180 ) (72 1541 210 ) (72 1546 210 ) 
4 30 46 (77 1502 210 ) (72 1502 210 ) (72 1502 180 ) (77 1502 180 ) 
4 31 44 (39 1546 180 ) (72 1546 180 ) (72 1541 180 ) (39 1541 180 ) 
4 31 34 (39 1541 180 ) (72 1541 180 ) (72 1541 210 ) (39 1541 210 ) 
4 31 33 (39 1546 180 ) (39 1541 180 ) (39 1541 209 ) (39 1546 209 ) 
4 31 32 (39 1541 209 ) (39 1541 210 ) (39 1546 210 ) (39 1546 209 ) 
4 32 40 (34 1541 209 ) (34 1541 210 ) (34 1546 210 ) (34 1546 209 ) 
4 32 36 (34 1541 210 ) (34 1541 209 ) (39 1541 209 ) (39 1541 210 ) 
4 32 33 (39 1546 209 ) (39 1541 209 ) (34 1541 209 ) (34 1546 209 ) 
4 33 44 (34 1541 180 ) (34 1546 180 ) (39 1546 180 ) (39 1541 180 ) 
4 33 40 (34 1546 180 ) (34 1541 180 ) (34 1541 209 ) (34 1546 209 ) 
4 33 37 (34 1541 209 ) (34 1541 180 ) (39 1541 180 ) (39 1541 209 ) 
4 34 44 (39 1507 180 ) (39 1541 180 ) (72 1541 180 ) (72 1507 180 ) 
4 34 37 (39 1541 209 ) (39 1541 180 ) (39 1507 180 ) (39 1507 209 ) 
4 34 36 (39 1541 210 ) (39 1541 209 ) (39 1507 209 ) (39 1507 210 ) 
4 34 35 (39 1507 210 ) (39 1507 180 ) (72 1507 180 ) (72 1507 210 ) 
4 35 44 (72 1502 180 ) (39 1502 180 ) (39 1507 180 ) (72 1507 180 ) 
4 35 39 (39 1507 180 ) (39 1502 180 ) (39 1502 209 ) (39 1507 209 ) 
4 35 38 (39 1502 209 ) (39 1502 210 ) (39 1507 210 ) (39 1507 209 ) 
4 35 46 (72 1502 210 ) (39 1502 210 ) (39 1502 180 ) (72 1502 180 ) 
4 36 41 (34 1507 209 ) (34 1507 210 ) (34 1541 210 ) (34 1541 209 ) 
4 36 38 (34 1507 210 ) (34 1507 209 ) (39 1507 209 ) (39 1507 210 ) 
4 36 37 (39 1507 209 ) (34 1507 209 ) (34 1541 209 ) (39 1541 209 ) 
4 37 44 (34 1507 180 ) (34 1541 180 ) (39 1541 180 ) (39 1507 180 ) 
4 37 41 (34 1541 180 ) (34 1507 180 ) (34 1507 209 ) (34 1541 209 ) 
4 37 39 (34 1507 209 ) (34 1507 180 ) (39 1507 180 ) (39 1507 209 ) 
4 38 42 (34 1502 209 ) (34 1502 210 ) (34 1507 210 ) (34 1507 209 ) 
4 38 46 (39 1502 210 ) (34 1502 210 ) (34 1502 209 ) (39 1502 209 ) 
4 38 39 (34 1502 209 ) (34 1507 209 ) (39 1507 209 ) (39 1502 209 ) 
4 39 44 (39 1502 180 ) (34 1502 180 ) (34 1507 180 ) (39 1507 180 ) 
4 39 42 (34 1507 180 ) (34 1502 180 ) (34 1502 209 ) (34 1507 209 ) 
4 39 46 (34 1502 209 ) (34 1502 180 ) (39 1502 180 ) (39 1502 209 ) 
4 40 84 (0 1546 210 ) (0 1546 180 ) (0 1541 180 ) (0 1541 210 ) 
4 40 44 (0 1541 180 ) (0 1546 180 ) (34 1546 180 ) (34 1541 180 ) 
4 40 41 (0 1541 180 ) (34 1541 180 ) (34 1541 210 ) (0 1541 210 ) 
4 41 85 (0 1541 180 ) (0 1507 180 ) (0 1507 210 ) (0 1541 210 ) 
4 41 44 (0 1507 180 ) (0 1541 180 ) (34 1541 180 ) (34 1507 180 ) 
4 41 42 (0 1507 180 ) (34 1507 180 ) (34 1507 210 ) (0 1507 210 ) 
4 42 86 (0 1507 180 ) (0 1502 180 ) (0 1502 210 ) (0 1507 210 ) 
4 42 44 (34 1502 180 ) (0 1502 180 ) (0 1507 180 ) (34 1507 180 ) 
4 42 46 (34 1502 210 ) (0 1502 210 ) (0 1502 180 ) (34 1502 180 ) 
4 43 45 (77 1502 -16 ) (77 1502 175 ) (77 1546 175 ) (77 1546 -16 ) 
4 43 44 (77 1502 175 ) (77 1502 180 ) (77 1546 180 ) (77 1546 175 ) 
4 43 46 (77 1502 -16 ) (107 1502 -16 ) (107 1502 180 ) (77 1502 180 ) 
4 44 87 (0 1546 180 ) (0 1546 175 ) (0 1502 175 ) (0 1502 180 ) 
4 44 46 (77 1502 175 ) (77 1502 180 ) (0 1502 180 ) (0 1502 175 ) 
4 44 45 (0 1546 175 ) (77 1546 175 ) (77 1502 175 ) (0 1502 175 ) 
4 45 115 (0 1546 0 ) (0 1546 -16 ) (0 1502 -16 ) (0 1502 0 ) 
4 45 46 (0 1502 -16 ) (77 1502 -16 ) (77 1502 175 ) (0 1502 175 ) 
4 46 115 (0 1024 -16 ) (0 1024 0 ) (0 1502 0 ) (0 1502 -16 ) 
4 46 113 (0 1024 0 ) (0 1024 33 ) (0 1028 33 ) (0 1028 0 ) 
4 46 110 (0 1024 33 ) (0 1024 64 ) (0 1029 64 ) (0 1029 33 ) 
4 46 71 (0 1024 258 ) (0 1024 410 ) (0 1502 410 ) (0 1502 258 ) 
4 46 47 (107 1024 -16 ) (107 1024 410 ) (0 1024 410 ) (0 1024 -16 ) 
4 47 136 (0 932 1290 ) (0 1024 1290 ) (0 1024 -16 ) (0 932 -16 ) 
4 48 55 (-197 2368 356 ) (-197 2368 640 ) (-198 2368 640 ) (-198 2368 356 ) 
4 48 49 (-198 2368 356 ) (-198 2368 640 ) (-198 2427 640 ) (-198 2427 356 ) 
4 49 57 (-282 2368 283 ) (-256 2368 283 ) (-256 2368 356 ) (-315 2368 356 ) 
4 49 56 (-256 2368 283 ) (-228 2368 283 ) (-198 2368 356 ) (-256 2368 356 ) 
4 49 55 (-198 2368 356 ) (-198 2368 640 ) (-315 2368 640 ) (-315 2368 356 ) 
4 50 67 (-1024 2858 638 ) (-1024 2368 638 ) (-1024 2368 642 ) (-1024 2858 642 ) 
4 50 60 (-1024 2368 642 ) (-1024 2368 638 ) (-599 2368 638 ) (-599 2368 642 ) 
4 50 52 (-599 2368 638 ) (-1024 2368 638 ) (-1024 2858 638 ) (-599 2858 638 ) 
4 52 67 (-1024 2858 312 ) (-1024 2368 312 ) (-1024 2368 638 ) (-1024 2858 638 ) 
4 52 60 (-1024 2368 638 ) (-1024 2368 312 ) (-599 2368 312 ) (-599 2368 638 ) 
4 52 53 (-599 2858 312 ) (-599 2368 312 ) (-1024 2368 312 ) (-1024 2858 312 ) 
4 53 67 (-1024 2858 283 ) (-1024 2368 283 ) (-1024 2368 312 ) (-1024 2858 312 ) 
4 53 63 (-1024 2368 283 ) (-1024 2858 283 ) (-599 2858 283 ) (-599 2368 283 ) 
4 53 60 (-1024 2368 312 ) (-1024 2368 283 ) (-599 2368 283 ) (-599 2368 312 ) 
4 54 71 (0 2048 642 ) (0 2048 1290 ) (-1024 2048 1290 ) (-1024 2048 642 ) 
4 54 66 (-1024 2048 642 ) (-1024 2048 1290 ) (-1024 2122 1290 ) (-1024 2122 642 ) 
4 54 61 (-315 2048 642 ) (-1024 2048 642 ) (-1024 2122 642 ) (-315 2122 642 ) 
4 54 58 (0 2048 642 ) (-315 2048 642 ) (-315 2122 642 ) (0 2122 642 ) 
4 55 57 (-315 2310 356 ) (-315 2368 356 ) (-256 2368 356 ) (-256 2310 356 ) 
4 55 56 (-198 2309 356 ) (-256 2309 356 ) (-256 2368 356 ) (-198 2368 356 ) 
4 56 57 (-256 2310 356 ) (-256 2368 356 ) (-256 2368 283 ) (-256 2340 283 ) 
4 58 71 (0 2048 640 ) (0 2048 642 ) (-315 2048 642 ) (-315 2048 640 ) 
4 58 61 (-315 2048 642 ) (-315 2122 642 ) (-315 2122 640 ) (-315 2048 640 ) 
4 58 59 (-315 2048 640 ) (-315 2122 640 ) (0 2122 640 ) (0 2048 640 ) 
4 59 71 (0 2048 283 ) (0 2048 640 ) (-315 2048 640 ) (-315 2048 283 ) 
4 59 62 (0 2048 283 ) (-315 2048 283 ) (-315 2122 283 ) (0 2122 283 ) 
4 59 61 (-315 2122 283 ) (-315 2048 283 ) (-315 2048 640 ) (-315 2122 640 ) 
4 60 67 (-1024 2368 283 ) (-1024 2327 283 ) (-1024 2327 642 ) (-1024 2368 642 ) 
4 60 63 (-1024 2327 283 ) (-1024 2368 283 ) (-599 2368 283 ) (-599 2327 283 ) 
4 61 71 (-315 2048 642 ) (-1024 2048 642 ) (-1024 2048 283 ) (-315 2048 283 ) 
4 61 68 (-1024 2122 283 ) (-1024 2048 283 ) (-1024 2048 642 ) (-1024 2122 642 ) 
4 61 64 (-599 2048 283 ) (-1024 2048 283 ) (-1024 2122 283 ) (-599 2122 283 ) 
4 61 62 (-315 2048 283 ) (-599 2048 283 ) (-599 2122 283 ) (-315 2122 283 ) 
4 62 71 (0 2048 258 ) (0 2048 283 ) (-599 2048 283 ) (-599 2048 258 ) 
4 62 65 (0 2122 182 ) (0 2048 182 ) (-599 2048 182 ) (-599 2122 182 ) 
4 62 64 (-599 2122 182 ) (-599 2048 182 ) (-599 2048 283 ) (-599 2122 283 ) 
4 63 67 (-1024 2858 182 ) (-1024 2327 182 ) (-1024 2327 283 ) (-1024 2858 283 ) 
4 64 107 (-1024 2048 258 ) (-1024 2048 192 ) (-1019 2048 192 ) (-1019 2048 258 ) 
4 64 71 (-599 2048 283 ) (-1024 2048 283 ) (-1024 2048 258 ) (-599 2048 258 ) 
4 64 68 (-1024 2122 182 ) (-1024 2048 182 ) (-1024 2048 283 ) (-1024 2122 283 ) 
4 64 65 (-1024 2048 182 ) (-1024 2122 182 ) (-599 2122 182 ) (-599 2048 182 ) 
4 65 115 (0 2048 -16 ) (0 2048 0 ) (-1024 2048 0 ) (-1024 2048 -16 ) 
4 65 108 (-1024 2048 164 ) (-1024 2048 119 ) (-1019 2048 120 ) (-1019 2048 164 ) 
4 65 68 (-1024 2122 -16 ) (-1024 2048 -16 ) (-1024 2048 182 ) (-1024 2122 182 ) 
4 66 140 (-2048 2048 642 ) (-2048 2048 1290 ) (-2048 2122 1290 ) (-2048 2122 642 ) 
4 66 116 (-2048 2048 1290 ) (-2048 2048 642 ) (-1024 2048 642 ) (-1024 2048 1290 ) 
4 66 69 (-1505 2048 642 ) (-1513 2048 642 ) (-1513 2122 642 ) (-1505 2122 642 ) 
4 66 68 (-1024 2122 642 ) (-1024 2048 642 ) (-1505 2048 642 ) (-1505 2122 642 ) 
4 66 70 (-1513 2048 642 ) (-2048 2048 642 ) (-2048 2122 642 ) (-1513 2122 642 ) 
4 68 122 (-1405 2048 64 ) (-1405 2048 80 ) (-1505 2048 80 ) (-1505 2048 64 ) 
4 68 121 (-1405 2048 80 ) (-1405 2048 630 ) (-1505 2048 630 ) (-1505 2048 80 ) 
4 68 123 (-1505 2048 -16 ) (-1405 2048 -16 ) (-1405 2048 64 ) (-1505 2048 64 ) 
4 68 119 (-1280 2048 64 ) (-1280 2048 80 ) (-1405 2048 80 ) (-1405 2048 64 ) 
4 68 118 (-1280 2048 80 ) (-1280 2048 630 ) (-1405 2048 630 ) (-1405 2048 80 ) 
4 68 120 (-1405 2048 -16 ) (-1280 2048 -16 ) (-1280 2048 64 ) (-1405 2048 64 ) 
4 68 117 (-1280 2048 -16 ) (-1024 2048 -16 ) (-1024 2048 630 ) (-1280 2048 630 ) 
4 68 116 (-1024 2048 630 ) (-1024 2048 642 ) (-1505 2048 642 ) (-1505 2048 630 ) 
4 68 69 (-1505 2122 642 ) (-1505 2122 630 ) (-1505 2048 630 ) (-1505 2048 642 ) 
4 69 116 (-1505 2048 630 ) (-1505 2048 642 ) (-1513 2048 642 ) (-1513 2048 630 ) 
4 69 70 (-1513 2122 642 ) (-1513 2122 630 ) (-1513 2048 630 ) (-1513 2048 642 ) 
4 70 140 (-2048 2048 -16 ) (-2048 2048 642 ) (-2048 2122 642 ) (-2048 2122 -16 ) 
4 70 128 (-1513 2048 64 ) (-1513 2048 80 ) (-1664 2048 80 ) (-1664 2048 64 ) 
4 70 127 (-1513 2048 80 ) (-1513 2048 630 ) (-1664 2048 630 ) (-1664 2048 80 ) 
4 70 129 (-1664 2048 -16 ) (-1513 2048 -16 ) (-1513 2048 64 ) (-1664 2048 64 ) 
4 70 130 (-2048 2048 630 ) (-2048 2048 -16 ) (-1664 2048 -16 ) (-1664 2048 630 ) 
4 70 116 (-2048 2048 642 ) (-2048 2048 630 ) (-1513 2048 630 ) (-1513 2048 642 ) 
4 71 136 (0 1024 258 ) (0 1024 1290 ) (-1024 1024 1290 ) (-1024 1024 258 ) 
4 71 117 (-1024 2048 630 ) (-1024 2048 258 ) (-1024 1024 258 ) (-1024 1024 630 ) 
4 71 116 (-1024 2048 1290 ) (-1024 2048 630 ) (-1024 1024 630 ) (-1024 1024 1290 ) 
4 71 107 (-1019 1024 258 ) (-1024 1024 258 ) (-1024 2048 258 ) (-1019 2048 258 ) 
4 71 99 (-1019 1062 258 ) (-1019 1502 258 ) (-986 1502 258 ) (-986 1062 258 ) 
4 71 98 (-986 1502 258 ) (-41 1502 258 ) (-41 1029 258 ) (-986 1029 258 ) 
4 71 96 (-41 1502 258 ) (-5 1502 258 ) (-5 1064 258 ) (-41 1064 258 ) 
4 71 88 (-6 1546 258 ) (-5 1546 258 ) (-5 1502 258 ) (-6 1502 258 ) 
4 71 95 (-1019 1502 258 ) (-1019 1546 258 ) (-6 1546 258 ) (-6 1502 258 ) 
4 71 75 (-1019 1546 258 ) (-1019 2010 258 ) (-986 2010 258 ) (-986 1546 258 ) 
4 71 73 (-986 2043 258 ) (-35 2043 258 ) (-35 1546 258 ) (-986 1546 258 ) 
4 71 72 (-5 2012 258 ) (-5 1546 258 ) (-35 1546 258 ) (-35 2012 258 ) 
4 72 94 (-6 1546 103 ) (-5 1546 103 ) (-5 1546 175 ) (-6 1546 175 ) 
4 72 93 (-5 1546 175 ) (-5 1546 180 ) (-6 1546 180 ) (-6 1546 175 ) 
4 72 90 (-5 1546 180 ) (-5 1546 210 ) (-6 1546 210 ) (-6 1546 180 ) 
4 72 89 (-5 1546 210 ) (-5 1546 215 ) (-6 1546 215 ) (-6 1546 210 ) 
4 72 88 (-5 1546 215 ) (-5 1546 258 ) (-6 1546 258 ) (-6 1546 215 ) 
4 72 95 (-35 1546 103 ) (-6 1546 103 ) (-6 1546 258 ) (-35 1546 258 ) 
4 72 76 (-5 2012 103 ) (-5 1546 103 ) (-35 1546 103 ) (-35 2012 103 ) 
4 72 73 (-35 2012 103 ) (-35 1546 103 ) (-35 1546 258 ) (-35 2012 258 ) 
4 73 95 (-986 1546 103 ) (-35 1546 103 ) (-35 1546 258 ) (-986 1546 258 ) 
4 73 76 (-35 1546 103 ) (-986 1546 103 ) (-986 2043 103 ) (-35 2043 103 ) 
4 73 74 (-986 2043 250 ) (-986 2043 103 ) (-986 2010 103 ) (-986 2010 250 ) 
4 73 75 (-986 2010 103 ) (-986 1546 103 ) (-986 1546 258 ) (-986 2010 258 ) 
4 74 108 (-1019 2043 164 ) (-1019 2043 120 ) (-1019 2010 120 ) (-1019 2010 164 ) 
4 74 107 (-1019 2043 250 ) (-1019 2043 192 ) (-1019 2010 192 ) (-1019 2010 250 ) 
4 74 76 (-1019 2010 103 ) (-1019 2043 103 ) (-986 2043 103 ) (-986 2010 103 ) 
4 74 75 (-1019 2010 250 ) (-1019 2010 103 ) (-986 2010 103 ) (-986 2010 250 ) 
4 75 108 (-1019 1546 120 ) (-1019 1546 164 ) (-1019 2010 164 ) (-1019 2010 120 ) 
4 75 107 (-1019 1546 192 ) (-1019 1546 258 ) (-1019 2010 258 ) (-1019 2010 192 ) 
4 75 95 (-1019 1546 258 ) (-1019 1546 103 ) (-986 1546 103 ) (-986 1546 258 ) 
4 75 76 (-986 1546 103 ) (-1019 1546 103 ) (-1019 2010 103 ) (-986 2010 103 ) 
4 76 94 (-6 1546 66 ) (-5 1546 66 ) (-5 1546 103 ) (-6 1546 103 ) 
4 76 95 (-1019 1546 103 ) (-1019 1546 66 ) (-6 1546 66 ) (-6 1546 103 ) 
4 76 82 (-672 1546 66 ) (-1019 1546 66 ) (-1019 1696 66 ) (-672 1696 66 ) 
4 76 81 (-1019 2043 66 ) (-672 2043 66 ) (-672 1706 66 ) (-1019 1706 66 ) 
4 76 79 (-5 1696 66 ) (-5 1546 66 ) (-342 1546 66 ) (-342 1696 66 ) 
4 76 80 (-352 1546 66 ) (-662 1546 66 ) (-662 1696 66 ) (-352 1696 66 ) 
4 76 78 (-662 2043 66 ) (-352 2043 66 ) (-352 1706 66 ) (-662 1706 66 ) 
4 76 77 (-342 2043 66 ) (-5 2043 66 ) (-5 1706 66 ) (-342 1706 66 ) 
4 77 109 (-10 2012 64 ) (-35 2012 64 ) (-35 2037 64 ) (-10 2037 64 ) 
4 79 101 (-342 1546 64 ) (-5 1546 64 ) (-5 1546 66 ) (-342 1546 66 ) 
4 80 114 (-507 1546 64 ) (-537 1546 64 ) (-537 1557 64 ) (-507 1557 64 ) 
4 80 102 (-662 1546 64 ) (-352 1546 64 ) (-352 1546 66 ) (-662 1546 66 ) 
4 82 105 (-1019 1546 66 ) (-1019 1546 64 ) (-672 1546 64 ) (-672 1546 66 ) 
4 83 89 (-5 1546 215 ) (-5 1546 210 ) (-5 1502 210 ) (-5 1502 215 ) 
4 83 85 (-5 1507 210 ) (-5 1541 210 ) (0 1541 210 ) (0 1507 210 ) 
4 83 84 (-5 1541 210 ) (-5 1546 210 ) (0 1546 210 ) (0 1541 210 ) 
4 83 86 (0 1502 210 ) (-5 1502 210 ) (-5 1507 210 ) (0 1507 210 ) 
4 84 90 (-5 1546 210 ) (-5 1546 180 ) (-5 1541 180 ) (-5 1541 210 ) 
4 84 87 (-5 1541 180 ) (-5 1546 180 ) (0 1546 180 ) (0 1541 180 ) 
4 84 85 (-5 1541 180 ) (0 1541 180 ) (0 1541 210 ) (-5 1541 210 ) 
4 85 91 (-5 1541 180 ) (-5 1507 180 ) (-5 1507 210 ) (-5 1541 210 ) 
4 85 87 (-5 1507 180 ) (-5 1541 180 ) (0 1541 180 ) (0 1507 180 ) 
4 85 86 (-5 1507 180 ) (0 1507 180 ) (0 1507 210 ) (-5 1507 210 ) 
4 86 92 (-5 1507 180 ) (-5 1502 180 ) (-5 1502 210 ) (-5 1507 210 ) 
4 86 87 (0 1502 180 ) (-5 1502 180 ) (-5 1507 180 ) (0 1507 180 ) 
4 87 93 (-5 1546 180 ) (-5 1546 175 ) (-5 1502 175 ) (-5 1502 180 ) 
4 88 96 (-5 1502 215 ) (-5 1502 258 ) (-6 1502 258 ) (-6 1502 215 ) 
4 88 95 (-6 1546 258 ) (-6 1546 215 ) (-6 1502 215 ) (-6 1502 258 ) 
4 88 89 (-6 1502 215 ) (-6 1546 215 ) (-5 1546 215 ) (-5 1502 215 ) 
4 89 96 (-5 1502 210 ) (-5 1502 215 ) (-6 1502 215 ) (-6 1502 210 ) 
4 89 91 (-6 1507 210 ) (-6 1541 210 ) (-5 1541 210 ) (-5 1507 210 ) 
4 89 90 (-6 1541 210 ) (-6 1546 210 ) (-5 1546 210 ) (-5 1541 210 ) 
4 89 92 (-6 1502 210 ) (-6 1507 210 ) (-5 1507 210 ) (-5 1502 210 ) 
4 89 95 (-6 1546 215 ) (-6 1546 210 ) (-6 1502 210 ) (-6 1502 215 ) 
4 90 93 (-6 1541 180 ) (-6 1546 180 ) (-5 1546 180 ) (-5 1541 180 ) 
4 90 95 (-6 1546 210 ) (-6 1546 180 ) (-6 1541 180 ) (-6 1541 210 ) 
4 90 91 (-6 1541 180 ) (-5 1541 180 ) (-5 1541 210 ) (-6 1541 210 ) 
4 91 93 (-6 1507 180 ) (-6 1541 180 ) (-5 1541 180 ) (-5 1507 180 ) 
4 91 92 (-6 1507 180 ) (-5 1507 180 ) (-5 1507 210 ) (-6 1507 210 ) 
4 91 95 (-6 1541 180 ) (-6 1507 180 ) (-6 1507 210 ) (-6 1541 210 ) 
4 92 96 (-5 1502 180 ) (-5 1502 210 ) (-6 1502 210 ) (-6 1502 180 ) 
4 92 93 (-6 1502 180 ) (-6 1507 180 ) (-5 1507 180 ) (-5 1502 180 ) 
4 92 95 (-6 1507 180 ) (-6 1502 180 ) (-6 1502 210 ) (-6 1507 210 ) 
4 93 96 (-5 1502 175 ) (-5 1502 180 ) (-6 1502 180 ) (-6 1502 175 ) 
4 93 95 (-6 1546 180 ) (-6 1546 175 ) (-6 1502 175 ) (-6 1502 180 ) 
4 93 94 (-6 1502 175 ) (-6 1546 175 ) (-5 1546 175 ) (-5 1502 175 ) 
4 94 101 (-6 1546 66 ) (-5 1546 66 ) (-5 1502 66 ) (-6 1502 66 ) 
4 94 96 (-5 1502 103 ) (-5 1502 175 ) (-6 1502 175 ) (-6 1502 103 ) 
4 94 97 (-6 1502 66 ) (-5 1502 66 ) (-5 1502 103 ) (-6 1502 103 ) 
4 94 95 (-6 1546 175 ) (-6 1546 66 ) (-6 1502 66 ) (-6 1502 175 ) 
4 95 108 (-1019 1546 164 ) (-1019 1546 120 ) (-1019 1502 120 ) (-1019 1502 164 ) 
4 95 107 (-1019 1502 258 ) (-1019 1546 258 ) (-1019 1546 192 ) (-1019 1502 192 ) 
4 95 105 (-1019 1502 66 ) (-1019 1546 66 ) (-672 1546 66 ) (-672 1502 66 ) 
4 95 102 (-662 1546 66 ) (-352 1546 66 ) (-352 1502 66 ) (-662 1502 66 ) 
4 95 101 (-342 1546 66 ) (-6 1546 66 ) (-6 1502 66 ) (-342 1502 66 ) 
4 95 99 (-1019 1502 258 ) (-1019 1502 66 ) (-986 1502 66 ) (-986 1502 258 ) 
4 95 98 (-986 1502 66 ) (-41 1502 66 ) (-41 1502 258 ) (-986 1502 258 ) 
4 95 96 (-6 1502 103 ) (-6 1502 258 ) (-41 1502 258 ) (-41 1502 103 ) 
4 95 97 (-41 1502 66 ) (-6 1502 66 ) (-6 1502 103 ) (-41 1502 103 ) 
4 96 98 (-41 1502 258 ) (-41 1502 103 ) (-41 1064 103 ) (-41 1064 258 ) 
4 96 97 (-41 1064 103 ) (-41 1502 103 ) (-5 1502 103 ) (-5 1064 103 ) 
4 97 103 (-5 1029 66 ) (-41 1029 66 ) (-41 1374 66 ) (-5 1374 66 ) 
4 97 101 (-41 1384 66 ) (-41 1502 66 ) (-5 1502 66 ) (-5 1384 66 ) 
4 97 98 (-41 1502 103 ) (-41 1502 66 ) (-41 1029 66 ) (-41 1029 103 ) 
4 98 106 (-672 1029 66 ) (-986 1029 66 ) (-986 1374 66 ) (-672 1374 66 ) 
4 98 105 (-986 1384 66 ) (-986 1502 66 ) (-672 1502 66 ) (-672 1384 66 ) 
4 98 103 (-41 1029 66 ) (-342 1029 66 ) (-342 1374 66 ) (-41 1374 66 ) 
4 98 104 (-352 1029 66 ) (-662 1029 66 ) (-662 1374 66 ) (-352 1374 66 ) 
4 98 102 (-662 1384 66 ) (-662 1502 66 ) (-352 1502 66 ) (-352 1384 66 ) 
4 98 101 (-342 1502 66 ) (-41 1502 66 ) (-41 1384 66 ) (-342 1384 66 ) 
4 98 100 (-986 1062 66 ) (-986 1029 66 ) (-986 1029 250 ) (-986 1062 250 ) 
4 98 99 (-986 1502 258 ) (-986 1502 66 ) (-986 1062 66 ) (-986 1062 258 ) 
4 99 108 (-1019 1502 164 ) (-1019 1502 120 ) (-1019 1062 120 ) (-1019 1062 164 ) 
4 99 107 (-1019 1062 258 ) (-1019 1502 258 ) (-1019 1502 192 ) (-1019 1062 192 ) 
4 99 106 (-1019 1062 66 ) (-1019 1374 66 ) (-986 1374 66 ) (-986 1062 66 ) 
4 99 105 (-1019 1384 66 ) (-1019 1502 66 ) (-986 1502 66 ) (-986 1384 66 ) 
4 99 100 (-1019 1062 250 ) (-1019 1062 66 ) (-986 1062 66 ) (-986 1062 250 ) 
4 100 108 (-1019 1029 120 ) (-1019 1029 164 ) (-1019 1062 164 ) (-1019 1062 120 ) 
4 100 107 (-1019 1029 192 ) (-1019 1029 250 ) (-1019 1062 250 ) (-1019 1062 192 ) 
4 100 106 (-986 1029 66 ) (-1019 1029 66 ) (-1019 1062 66 ) (-986 1062 66 ) 
4 102 114 (-537 1546 64 ) (-507 1546 64 ) (-507 1527 64 ) (-537 1527 64 ) 
4 103 111 (-35 1039 64 ) (-35 1064 64 ) (-11 1064 64 ) (-11 1039 64 ) 
4 107 136 (-1019 1024 258 ) (-1024 1024 258 ) (-1024 1024 192 ) (-1019 1024 192 ) 
4 107 117 (-1024 2048 258 ) (-1024 2048 192 ) (-1024 1024 192 ) (-1024 1024 258 ) 
4 108 136 (-1024 1024 164 ) (-1024 1024 119 ) (-1019 1024 120 ) (-1019 1024 164 ) 
4 108 117 (-1024 2048 164 ) (-1024 2048 119 ) (-1024 1024 119 ) (-1024 1024 164 ) 
4 110 136 (0 1024 33 ) (0 1024 64 ) (-11 1024 64 ) (-11 1024 33 ) 
4 110 113 (0 1024 33 ) (-11 1024 33 ) (-11 1028 33 ) (0 1028 33 ) 
4 110 112 (-11 1029 33 ) (-11 1024 33 ) (-11 1024 64 ) (-11 1029 64 ) 
4 112 136 (-11 1024 64 ) (-35 1024 64 ) (-35 1024 33 ) (-11 1024 33 ) 
4 112 113 (-11 1024 33 ) (-35 1024 33 ) (-35 1028 33 ) (-11 1028 33 ) 
4 113 136 (0 1024 0 ) (0 1024 33 ) (-35 1024 33 ) (-35 1024 0 ) 
4 113 115 (0 1024 0 ) (-35 1024 0 ) (-35 1028 0 ) (0 1028 0 ) 
4 115 136 (0 1024 -16 ) (0 1024 0 ) (-1024 1024 0 ) (-1024 1024 -16 ) 
4 115 117 (-1024 2048 0 ) (-1024 2048 -16 ) (-1024 1024 -16 ) (-1024 1024 0 ) 
4 116 141 (-2048 1024 630 ) (-2048 1024 1290 ) (-2048 2048 1290 ) (-2048 2048 630 ) 
4 116 137 (-1024 1024 630 ) (-1024 1024 1290 ) (-2048 1024 1290 ) (-2048 1024 630 ) 
4 116 131 (-1664 1360 630 ) (-1664 1949 630 ) (-1513 1949 630 ) (-1513 1360 630 ) 
4 116 134 (-1513 1024 630 ) (-1664 1024 630 ) (-1664 1360 630 ) (-1513 1360 630 ) 
4 116 135 (-1664 1024 630 ) (-2048 1024 630 ) (-2048 1949 630 ) (-1664 1949 630 ) 
4 116 127 (-1664 2048 630 ) (-1513 2048 630 ) (-1513 1949 630 ) (-1664 1949 630 ) 
4 116 130 (-2048 1949 630 ) (-2048 2048 630 ) (-1664 2048 630 ) (-1664 1949 630 ) 
4 116 121 (-1505 1949 630 ) (-1505 2048 630 ) (-1405 2048 630 ) (-1405 1949 630 ) 
4 116 124 (-1405 1024 630 ) (-1505 1024 630 ) (-1505 1949 630 ) (-1405 1949 630 ) 
4 116 118 (-1280 1024 630 ) (-1405 1024 630 ) (-1405 2048 630 ) (-1280 2048 630 ) 
4 116 117 (-1024 1024 630 ) (-1280 1024 630 ) (-1280 2048 630 ) (-1024 2048 630 ) 
4 117 138 (-1024 1024 -16 ) (-1024 1024 630 ) (-1280 1024 630 ) (-1280 1024 -16 ) 
4 117 119 (-1280 1024 64 ) (-1280 1024 80 ) (-1280 2048 80 ) (-1280 2048 64 ) 
4 117 118 (-1280 1024 80 ) (-1280 1024 630 ) (-1280 2048 630 ) (-1280 2048 80 ) 
4 117 120 (-1280 2048 -16 ) (-1280 1024 -16 ) (-1280 1024 64 ) (-1280 2048 64 ) 
4 118 138 (-1280 1024 630 ) (-1405 1024 630 ) (-1405 1024 80 ) (-1280 1024 80 ) 
4 118 121 (-1405 1949 630 ) (-1405 2048 630 ) (-1405 2048 80 ) (-1405 1949 80 ) 
4 118 124 (-1405 1024 80 ) (-1405 1024 630 ) (-1405 1949 630 ) (-1405 1949 80 ) 
4 118 119 (-1405 1024 80 ) (-1405 2048 80 ) (-1280 2048 80 ) (-1280 1024 80 ) 
4 119 138 (-1405 1024 80 ) (-1405 1024 64 ) (-1280 1024 64 ) (-1280 1024 80 ) 
4 119 122 (-1405 1949 80 ) (-1405 2048 80 ) (-1405 2048 64 ) (-1405 1949 64 ) 
4 119 124 (-1405 1024 64 ) (-1405 1024 80 ) (-1405 1949 80 ) (-1405 1949 64 ) 
4 119 120 (-1405 1024 64 ) (-1405 2048 64 ) (-1280 2048 64 ) (-1280 1024 64 ) 
4 120 138 (-1405 1024 64 ) (-1405 1024 -16 ) (-1280 1024 -16 ) (-1280 1024 64 ) 
4 120 123 (-1405 2048 -16 ) (-1405 1949 -16 ) (-1405 1949 64 ) (-1405 2048 64 ) 
4 120 124 (-1405 1949 -16 ) (-1405 1024 -16 ) (-1405 1024 64 ) (-1405 1949 64 ) 
4 121 125 (-1505 1949 80 ) (-1505 1949 184 ) (-1505 2047 184 ) (-1505 2047 80 ) 
4 121 124 (-1505 1949 630 ) (-1505 1949 80 ) (-1405 1949 80 ) (-1405 1949 630 ) 
4 121 122 (-1405 1949 80 ) (-1505 1949 80 ) (-1505 2048 80 ) (-1405 2048 80 ) 
4 122 126 (-1505 1949 64 ) (-1505 1949 80 ) (-1505 2047 80 ) (-1505 2047 64 ) 
4 122 123 (-1405 1949 64 ) (-1505 1949 64 ) (-1505 2048 64 ) (-1405 2048 64 ) 
4 122 124 (-1505 1949 80 ) (-1505 1949 64 ) (-1405 1949 64 ) (-1405 1949 80 ) 
4 123 124 (-1505 1949 64 ) (-1505 1949 -16 ) (-1405 1949 -16 ) (-1405 1949 64 ) 
4 124 138 (-1405 1024 630 ) (-1505 1024 630 ) (-1505 1024 -16 ) (-1405 1024 -16 ) 
4 125 127 (-1513 1949 80 ) (-1513 1949 184 ) (-1513 2047 184 ) (-1513 2047 80 ) 
4 125 126 (-1505 1949 80 ) (-1513 1949 80 ) (-1513 2047 80 ) (-1505 2047 80 ) 
4 126 128 (-1513 1949 64 ) (-1513 1949 80 ) (-1513 2047 80 ) (-1513 2047 64 ) 
4 127 131 (-1513 1949 80 ) (-1513 1949 630 ) (-1664 1949 630 ) (-1664 1949 80 ) 
4 127 130 (-1664 1949 80 ) (-1664 1949 630 ) (-1664 2048 630 ) (-1664 2048 80 ) 
4 127 128 (-1513 1949 80 ) (-1664 1949 80 ) (-1664 2048 80 ) (-1513 2048 80 ) 
4 128 132 (-1513 1949 64 ) (-1513 1949 80 ) (-1664 1949 80 ) (-1664 1949 64 ) 
4 128 129 (-1513 1949 64 ) (-1664 1949 64 ) (-1664 2048 64 ) (-1513 2048 64 ) 
4 128 130 (-1664 1949 64 ) (-1664 1949 80 ) (-1664 2048 80 ) (-1664 2048 64 ) 
4 129 133 (-1664 1949 -16 ) (-1513 1949 -16 ) (-1513 1949 64 ) (-1664 1949 64 ) 
4 129 130 (-1664 2048 -16 ) (-1664 1949 -16 ) (-1664 1949 64 ) (-1664 2048 64 ) 
4 130 156 (-2048 2048 255 ) (-2048 2048 -16 ) (-2048 1949 -16 ) (-2048 1949 255 ) 
4 130 142 (-2048 2048 621 ) (-2048 2048 255 ) (-2048 1949 255 ) (-2048 1949 621 ) 
4 130 141 (-2048 1949 630 ) (-2048 2048 630 ) (-2048 2048 621 ) (-2048 1949 621 ) 
4 130 135 (-2048 1949 -16 ) (-1664 1949 -16 ) (-1664 1949 630 ) (-2048 1949 630 ) 
4 131 135 (-1664 1949 630 ) (-1664 1949 80 ) (-1664 1360 80 ) (-1664 1360 630 ) 
4 131 134 (-1664 1360 630 ) (-1664 1360 80 ) (-1513 1360 80 ) (-1513 1360 630 ) 
4 131 132 (-1513 1360 80 ) (-1664 1360 80 ) (-1664 1949 80 ) (-1513 1949 80 ) 
4 132 133 (-1513 1360 64 ) (-1664 1360 64 ) (-1664 1949 64 ) (-1513 1949 64 ) 
4 132 135 (-1664 1949 80 ) (-1664 1949 64 ) (-1664 1360 64 ) (-1664 1360 80 ) 
4 132 134 (-1664 1360 80 ) (-1664 1360 64 ) (-1513 1360 64 ) (-1513 1360 80 ) 
4 133 134 (-1664 1360 64 ) (-1664 1360 -16 ) (-1513 1360 -16 ) (-1513 1360 64 ) 
4 133 135 (-1664 1949 64 ) (-1664 1949 -16 ) (-1664 1360 -16 ) (-1664 1360 64 ) 
4 134 139 (-1513 1024 630 ) (-1664 1024 630 ) (-1664 1024 -16 ) (-1513 1024 -16 ) 
4 134 135 (-1664 1360 -16 ) (-1664 1024 -16 ) (-1664 1024 630 ) (-1664 1360 630 ) 
4 135 156 (-2048 1024 -16 ) (-2048 1024 255 ) (-2048 1949 255 ) (-2048 1949 -16 ) 
4 135 142 (-2048 1024 255 ) (-2048 1024 621 ) (-2048 1949 621 ) (-2048 1949 255 ) 
4 135 141 (-2048 1024 621 ) (-2048 1024 630 ) (-2048 1949 630 ) (-2048 1949 621 ) 
4 135 139 (-1664 1024 630 ) (-2048 1024 630 ) (-2048 1024 -16 ) (-1664 1024 -16 ) 
4 136 138 (-1024 1024 630 ) (-1024 1024 -16 ) (-1024 932 -16 ) (-1024 932 630 ) 
4 136 137 (-1024 932 1290 ) (-1024 1024 1290 ) (-1024 1024 630 ) (-1024 932 630 ) 
4 137 158 (-2048 932 1290 ) (-2048 1024 1290 ) (-2048 1024 630 ) (-2048 932 630 ) 
4 137 138 (-1505 1024 630 ) (-1024 1024 630 ) (-1024 932 630 ) (-1505 932 630 ) 
4 137 139 (-2048 1024 630 ) (-1513 1024 630 ) (-1513 932 630 ) (-2048 932 630 ) 
4 139 158 (-2048 932 630 ) (-2048 1024 630 ) (-2048 1024 -16 ) (-2048 932 -16 ) 
4 140 156 (-2048 2048 -16 ) (-2048 2048 255 ) (-2360 2048 255 ) (-2360 2048 -16 ) 
4 140 142 (-2048 2048 255 ) (-2048 2048 621 ) (-2360 2048 621 ) (-2360 2048 255 ) 
4 140 141 (-2048 2048 621 ) (-2048 2048 1290 ) (-2360 2048 1290 ) (-2360 2048 621 ) 
4 141 158 (-2048 1024 621 ) (-2048 1024 1290 ) (-2360 1024 1290 ) (-2360 1024 621 ) 
4 141 142 (-2360 2048 621 ) (-2048 2048 621 ) (-2048 1024 621 ) (-2360 1024 621 ) 
4 142 158 (-2048 1024 255 ) (-2048 1024 621 ) (-2360 1024 621 ) (-2360 1024 255 ) 
4 142 156 (-2048 1024 255 ) (-2360 1024 255 ) (-2360 2048 255 ) (-2048 2048 255 ) 
4 143 146 (-2767 1283 302 ) (-2767 1283 402 ) (-2767 1391 402 ) (-2767 1391 302 ) 
4 143 145 (-2767 1283 402 ) (-2767 1283 621 ) (-2767 1391 621 ) (-2767 1391 402 ) 
4 143 147 (-2767 1391 255 ) (-2767 1283 255 ) (-2767 1283 302 ) (-2767 1391 302 ) 
4 143 144 (-2767 1603 621 ) (-2767 1603 255 ) (-2767 1391 255 ) (-2767 1391 621 ) 
4 143 148 (-2767 1283 255 ) (-2767 1141 255 ) (-2767 1141 621 ) (-2767 1283 621 ) 
4 144 149 (-2775 1603 621 ) (-2775 1603 255 ) (-2775 1391 255 ) (-2775 1391 621 ) 
4 144 146 (-2775 1391 402 ) (-2775 1391 302 ) (-2767 1391 302 ) (-2767 1391 402 ) 
4 144 145 (-2775 1391 621 ) (-2775 1391 402 ) (-2767 1391 402 ) (-2767 1391 621 ) 
4 144 147 (-2775 1391 302 ) (-2775 1391 255 ) (-2767 1391 255 ) (-2767 1391 302 ) 
4 145 149 (-2775 1283 402 ) (-2775 1283 621 ) (-2775 1391 621 ) (-2775 1391 402 ) 
4 145 148 (-2775 1283 621 ) (-2775 1283 402 ) (-2767 1283 402 ) (-2767 1283 621 ) 
4 145 146 (-2767 1283 402 ) (-2775 1283 402 ) (-2775 1391 402 ) (-2767 1391 402 ) 
4 146 149 (-2775 1283 302 ) (-2775 1283 402 ) (-2775 1391 402 ) (-2775 1391 302 ) 
4 146 147 (-2767 1283 302 ) (-2775 1283 302 ) (-2775 1391 302 ) (-2767 1391 302 ) 
4 146 148 (-2775 1283 402 ) (-2775 1283 302 ) (-2767 1283 302 ) (-2767 1283 402 ) 
4 147 149 (-2775 1391 255 ) (-2775 1283 255 ) (-2775 1283 302 ) (-2775 1391 302 ) 
4 147 148 (-2775 1283 302 ) (-2775 1283 255 ) (-2767 1283 255 ) (-2767 1283 302 ) 
4 148 149 (-2775 1283 255 ) (-2775 1141 255 ) (-2775 1141 621 ) (-2775 1283 621 ) 
4 149 152 (-2803 1310 322 ) (-2803 1310 382 ) (-2803 1370 382 ) (-2803 1370 322 ) 
4 149 151 (-2803 1310 382 ) (-2803 1310 621 ) (-2803 1370 621 ) (-2803 1370 382 ) 
4 149 153 (-2803 1370 255 ) (-2803 1310 255 ) (-2803 1310 322 ) (-2803 1370 322 ) 
4 149 150 (-2803 1603 621 ) (-2803 1603 255 ) (-2803 1370 255 ) (-2803 1370 621 ) 
4 149 154 (-2803 1310 255 ) (-2803 1141 255 ) (-2803 1141 621 ) (-2803 1310 621 ) 
4 150 152 (-2813 1370 382 ) (-2813 1370 322 ) (-2803 1370 322 ) (-2803 1370 382 ) 
4 150 151 (-2813 1370 621 ) (-2813 1370 382 ) (-2803 1370 382 ) (-2803 1370 621 ) 
4 150 153 (-2813 1370 322 ) (-2813 1370 255 ) (-2803 1370 255 ) (-2803 1370 322 ) 
4 150 155 (-2813 1603 621 ) (-2813 1603 255 ) (-2813 1370 255 ) (-2813 1370 621 ) 
4 151 154 (-2813 1310 621 ) (-2813 1310 382 ) (-2803 1310 382 ) (-2803 1310 621 ) 
4 151 155 (-2813 1310 382 ) (-2813 1310 621 ) (-2813 1370 621 ) (-2813 1370 382 ) 
4 151 152 (-2803 1310 382 ) (-2813 1310 382 ) (-2813 1370 382 ) (-2803 1370 382 ) 
4 152 153 (-2803 1310 322 ) (-2813 1310 322 ) (-2813 1370 322 ) (-2803 1370 322 ) 
4 152 154 (-2813 1310 382 ) (-2813 1310 322 ) (-2803 1310 322 ) (-2803 1310 382 ) 
4 152 155 (-2813 1310 322 ) (-2813 1310 382 ) (-2813 1370 382 ) (-2813 1370 322 ) 
4 153 155 (-2813 1370 255 ) (-2813 1310 255 ) (-2813 1310 322 ) (-2813 1370 322 ) 
4 153 154 (-2813 1310 322 ) (-2813 1310 255 ) (-2803 1310 255 ) (-2803 1310 322 ) 
4 154 155 (-2813 1310 255 ) (-2813 1141 255 ) (-2813 1141 621 ) (-2813 1310 621 ) 
4 156 158 (-2048 1024 -16 ) (-2048 1024 255 ) (-2360 1024 255 ) (-2360 1024 -16 ) 
