


materialPath: c:\program files\steam\steamapps\dimas_dsf\half-life 2 episode two\ep2\materials
Loading c:\program files\steam\steamapps\dimas_dsf\sourcesdk_content\ep2\mapsrc\stalker_2.vmf
Could not locate 'GameData' key in c:\program files\steam\steamapps\dimas_dsf\half-life 2 episode two\ep2\gameinfo.txt
Patching WVT material: maps/stalker_2/dev/dev_blendmeasure_wvt_patch
Patching WVT material: maps/stalker_2/nature/blenddirtgrass006a_wvt_patch
fixing up env_cubemap materials on brush sides...
0...1...2...3...4...5...6...7...8...9...10**** leaked ****
Entity info_player_start (204.31 42.95 65.00) leaked!
Processing areas...done (0)
Building Faces...done (0)
FixTjuncs...
PruneNodes...
WriteBSP...
done (0)
Creating default LDR cubemaps for env_cubemap using skybox materials:
   skybox/sky_day01_01*.vmt
 ! Run buildcubemaps in the engine to get the correct cube maps.
Creating default HDR cubemaps for env_cubemap using skybox materials:
   skybox/sky_day01_01*.vmt
 ! Run buildcubemaps in the engine to get the correct cube maps.
Finding displacement neighbors...
Finding lightmap sample positions...
Displacement Alpha : 0...1...2...3...4...5...6...7...8...9...10
Building Physics collision data...
done (0) (16558 bytes)
Placing detail props : 0...1...2...3...4...5...6...7...8...9...10
Compacting texture/material tables...
Reduced 35 texinfos to 31
Reduced 11 texdatas to 9 (287 bytes to 240)
Writing c:\program files\steam\steamapps\dimas_dsf\sourcesdk_content\ep2\mapsrc\stalker_2.bsp
1 second elapsed



materialPath: c:\program files\steam\steamapps\dimas_dsf\half-life 2 episode two\ep2\materials
Loading c:\program files\steam\steamapps\dimas_dsf\sourcesdk_content\ep2\mapsrc\stalker_2.vmf
Could not locate 'GameData' key in c:\program files\steam\steamapps\dimas_dsf\half-life 2 episode two\ep2\gameinfo.txt
Patching WVT material: maps/stalker_2/dev/dev_blendmeasure_wvt_patch
Patching WVT material: maps/stalker_2/nature/blenddirtgrass006a_wvt_patch
fixing up env_cubemap materials on brush sides...
0...1...2...3...4...5...6...7...8...9...100...1...2...3...4...5...6...7...8...9...10Processing areas...done (0)
Building Faces...done (0)
FixTjuncs...
PruneNodes...
WriteBSP...
done (0)
writing c:\program files\steam\steamapps\dimas_dsf\sourcesdk_content\ep2\mapsrc\stalker_2.prt...Building visibility clusters...
done (0)
Creating default LDR cubemaps for env_cubemap using skybox materials:
   skybox/sky_day01_01*.vmt
 ! Run buildcubemaps in the engine to get the correct cube maps.
Creating default HDR cubemaps for env_cubemap using skybox materials:
   skybox/sky_day01_01*.vmt
 ! Run buildcubemaps in the engine to get the correct cube maps.
Finding displacement neighbors...
Finding lightmap sample positions...
Displacement Alpha : 0...1...2...3...4...5...6...7...8...9...10
Building Physics collision data...
done (0) (16955 bytes)
Placing detail props : 0...1...2...3...4...5...6...7...8...9...10
Compacting texture/material tables...
Reduced 38 texinfos to 29
Reduced 12 texdatas to 10 (305 bytes to 258)
Writing c:\program files\steam\steamapps\dimas_dsf\sourcesdk_content\ep2\mapsrc\stalker_2.bsp
1 second elapsed



materialPath: c:\program files\steam\steamapps\dimas_dsf\half-life 2 episode two\ep2\materials
Loading c:\program files\steam\steamapps\dimas_dsf\sourcesdk_content\ep2\mapsrc\stalker_2.vmf
Could not locate 'GameData' key in c:\program files\steam\steamapps\dimas_dsf\half-life 2 episode two\ep2\gameinfo.txt
Patching WVT material: maps/stalker_2/dev/dev_blendmeasure_wvt_patch
Patching WVT material: maps/stalker_2/nature/blenddirtgrass006a_wvt_patch
fixing up env_cubemap materials on brush sides...
0...1...2...3...4...5...6...7...8...9...100...1...2...3...4...5...6...7...8...9...10Processing areas...done (0)
Building Faces...done (0)
FixTjuncs...
PruneNodes...
WriteBSP...
done (0)
writing c:\program files\steam\steamapps\dimas_dsf\sourcesdk_content\ep2\mapsrc\stalker_2.prt...Building visibility clusters...
done (0)
Creating default LDR cubemaps for env_cubemap using skybox materials:
   skybox/sky_day01_01*.vmt
 ! Run buildcubemaps in the engine to get the correct cube maps.
Creating default HDR cubemaps for env_cubemap using skybox materials:
   skybox/sky_day01_01*.vmt
 ! Run buildcubemaps in the engine to get the correct cube maps.
Finding displacement neighbors...
Finding lightmap sample positions...
Displacement Alpha : 0...1...2...3...4...5...6...7...8...9...10
Building Physics collision data...
done (0) (16955 bytes)
Placing detail props : 0...1...2...3...4...5...6...7...8...9...10
Compacting texture/material tables...
Reduced 38 texinfos to 29
Reduced 12 texdatas to 10 (305 bytes to 258)
Writing c:\program files\steam\steamapps\dimas_dsf\sourcesdk_content\ep2\mapsrc\stalker_2.bsp
0 seconds elapsed
