PRT1
102
309
4 0 2 (3520 0 1536 ) (3072 0 1536 ) (3072 0 64 ) (3520 0 64 ) 
4 0 1 (3072 0 64 ) (3072 0 1536 ) (3072 512 1536 ) (3072 512 64 ) 
4 1 8 (2048 0 64 ) (2048 0 1536 ) (2048 512 1536 ) (2048 512 64 ) 
4 1 3 (2048 0 1536 ) (2048 0 64 ) (3072 0 64 ) (3072 0 1536 ) 
4 2 4 (3520 -1024 1536 ) (3072 -1024 1536 ) (3072 -1024 64 ) (3520 -1024 64 ) 
4 2 3 (3072 0 1536 ) (3072 0 64 ) (3072 -1024 64 ) (3072 -1024 1536 ) 
4 3 12 (2048 -1024 64 ) (2048 -1024 1536 ) (2048 0 1536 ) (2048 0 64 ) 
4 3 5 (3072 -1024 64 ) (3072 -1024 1536 ) (2048 -1024 1536 ) (2048 -1024 64 ) 
4 4 6 (3520 -2048 1536 ) (3072 -2048 1536 ) (3072 -2048 64 ) (3520 -2048 64 ) 
4 4 5 (3072 -1024 1536 ) (3072 -1024 64 ) (3072 -2048 64 ) (3072 -2048 1536 ) 
4 5 96 (2048 -2048 64 ) (2048 -2048 1536 ) (2048 -1024 1536 ) (2048 -1024 64 ) 
4 5 7 (2048 -2048 1536 ) (2048 -2048 64 ) (3072 -2048 64 ) (3072 -2048 1536 ) 
4 6 7 (3072 -2048 1536 ) (3072 -2048 64 ) (3072 -2944 64 ) (3072 -2944 1536 ) 
4 7 98 (2048 -2944 1536 ) (2048 -2048 1536 ) (2048 -2048 64 ) (2048 -2944 64 ) 
4 8 12 (2048 0 64 ) (2048 0 1536 ) (1024 0 1536 ) (1024 0 64 ) 
4 8 9 (1024 512 64 ) (1024 0 64 ) (1024 0 1536 ) (1024 512 1536 ) 
4 9 14 (256 0 64 ) (1024 0 64 ) (1024 0 129 ) (256 0 129 ) 
4 9 13 (1024 0 129 ) (1024 0 1536 ) (256 0 1536 ) (256 0 129 ) 
4 9 10 (256 512 1536 ) (256 512 129 ) (256 0 129 ) (256 0 1536 ) 
4 10 13 (256 0 129 ) (256 0 1536 ) (246 0 1536 ) (246 0 129 ) 
4 10 11 (246 512 1536 ) (246 512 129 ) (246 0 129 ) (246 0 1536 ) 
4 11 63 (0 0 64 ) (0 0 68 ) (0 251 68 ) (0 251 64 ) 
4 11 32 (0 0 68 ) (0 0 1536 ) (0 251 1536 ) (0 251 68 ) 
4 11 19 (0 251 1536 ) (0 512 1536 ) (0 512 64 ) (0 251 64 ) 
4 11 17 (0 0 129 ) (0 0 64 ) (130 0 64 ) (130 0 129 ) 
4 11 16 (130 0 64 ) (246 0 64 ) (246 0 129 ) (130 0 129 ) 
4 11 13 (0 0 1536 ) (0 0 129 ) (246 0 129 ) (246 0 1536 ) 
4 12 96 (2048 -1024 64 ) (2048 -1024 1536 ) (1024 -1024 1536 ) (1024 -1024 64 ) 
4 12 14 (1024 0 129 ) (1024 0 64 ) (1024 -1024 64 ) (1024 -1024 129 ) 
4 12 13 (1024 0 1536 ) (1024 0 129 ) (1024 -1024 129 ) (1024 -1024 1536 ) 
4 13 97 (1024 -1024 129 ) (1024 -1024 1536 ) (0 -1024 1536 ) (0 -1024 129 ) 
4 13 94 (0 -133 1536 ) (0 -124 1536 ) (0 -124 129 ) (0 -133 129 ) 
4 13 93 (0 -124 1536 ) (0 0 1536 ) (0 0 129 ) (0 -124 129 ) 
4 13 95 (0 -1024 129 ) (0 -1024 1536 ) (0 -133 1536 ) (0 -133 129 ) 
4 13 17 (0 -124 129 ) (0 0 129 ) (130 0 129 ) (130 -124 129 ) 
4 13 18 (130 -1024 129 ) (0 -1024 129 ) (0 -133 129 ) (130 -133 129 ) 
4 13 16 (246 -1024 129 ) (130 -1024 129 ) (130 0 129 ) (246 0 129 ) 
4 13 15 (256 -1024 129 ) (246 -1024 129 ) (246 -125 129 ) (256 -125 129 ) 
4 13 14 (1024 -1024 129 ) (256 -1024 129 ) (256 0 129 ) (1024 0 129 ) 
4 14 97 (1024 -1024 64 ) (1024 -1024 129 ) (256 -1024 129 ) (256 -1024 64 ) 
4 14 15 (256 -125 64 ) (256 -1024 64 ) (256 -1024 129 ) (256 -125 129 ) 
4 15 97 (256 -1024 129 ) (246 -1024 129 ) (246 -1024 64 ) (256 -1024 64 ) 
4 15 16 (246 -125 64 ) (246 -1024 64 ) (246 -1024 129 ) (246 -125 129 ) 
4 16 97 (246 -1024 129 ) (130 -1024 129 ) (130 -1024 64 ) (246 -1024 64 ) 
4 16 17 (130 0 64 ) (130 -124 64 ) (130 -124 129 ) (130 0 129 ) 
4 16 18 (130 -133 64 ) (130 -1024 64 ) (130 -1024 129 ) (130 -133 129 ) 
4 17 93 (0 -124 129 ) (0 0 129 ) (0 0 64 ) (0 -124 64 ) 
4 18 97 (130 -1024 129 ) (0 -1024 129 ) (0 -1024 64 ) (130 -1024 64 ) 
4 18 95 (0 -1024 64 ) (0 -1024 129 ) (0 -133 129 ) (0 -133 64 ) 
4 19 63 (-104 251 64 ) (0 251 64 ) (0 251 68 ) (-104 251 68 ) 
4 19 32 (0 251 68 ) (0 251 1536 ) (-104 251 1536 ) (-104 251 68 ) 
4 19 21 (-104 357 139 ) (-104 422 139 ) (-104 422 94 ) (-104 357 94 ) 
4 19 20 (-104 251 228 ) (-104 251 1536 ) (-104 512 1536 ) (-104 512 228 ) 
4 20 32 (-104 251 228 ) (-104 251 1536 ) (-106 251 1536 ) (-106 251 228 ) 
4 20 25 (-106 251 228 ) (-106 251 1536 ) (-106 253 1536 ) (-106 253 228 ) 
4 20 22 (-106 253 1536 ) (-106 512 1536 ) (-106 512 228 ) (-106 253 228 ) 
4 21 24 (-106 357 139 ) (-106 422 139 ) (-106 422 94 ) (-106 357 94 ) 
4 22 29 (-509 253 228 ) (-509 253 1536 ) (-509 512 1536 ) (-509 512 228 ) 
4 22 25 (-509 253 1536 ) (-509 253 228 ) (-106 253 228 ) (-106 253 1536 ) 
4 22 23 (-415.062927 253 228 ) (-509 253 228 ) (-509 512 228 ) (-327.637573 512 228 ) 
4 23 29 (-509 253 226 ) (-509 253 228 ) (-509 512 228 ) (-509 512 226 ) 
4 23 26 (-509 253 228 ) (-509 253 226 ) (-415.062927 253 226 ) (-415.062927 253 228 ) 
4 23 24 (-415.062927 253 226 ) (-509 253 226 ) (-509 511 226 ) (-327.975128 511 226 ) 
4 24 28 (-326 253 95 ) (-326 253 156 ) (-384 253 156 ) (-384 253 95 ) 
4 24 27 (-189 253 66 ) (-106 253 66 ) (-106 253 156 ) (-189 253 156 ) 
3 25 33 (-509 251 903.351563 ) (-509 251 228 ) (-203.796036 251 228 ) 
5 25 32 (-106 251 228 ) (-106 251 1536 ) (-509 251 1536 ) (-509 251 903.351563 ) (-203.796036 251 228 ) 
4 25 29 (-509 251 228 ) (-509 251 1536 ) (-509 253 1536 ) (-509 253 228 ) 
4 25 26 (-509 251 228 ) (-509 253 228 ) (-415.062927 253 228 ) (-415.738037 251 228 ) 
4 26 33 (-415.738037 251 228 ) (-509 251 228 ) (-509 251 226 ) (-415.738037 251 226 ) 
4 26 29 (-509 251 226 ) (-509 251 228 ) (-509 253 228 ) (-509 253 226 ) 
4 27 63 (-189 251 66 ) (-106 251 66 ) (-106 251 68 ) (-189 251 68 ) 
4 27 33 (-171.257889 251 156 ) (-189 251 156 ) (-189 251 68 ) (-131.489044 251 68 ) 
4 27 32 (-106 251 68 ) (-106 251 156 ) (-171.257889 251 156 ) (-131.489044 251 68 ) 
4 28 33 (-326 251 95 ) (-326 251 156 ) (-384 251 156 ) (-384 251 95 ) 
4 29 33 (-509 251 226 ) (-509 251 903.351563 ) (-511 251 907.777100 ) (-511 251 226 ) 
4 29 32 (-509 251 903.351563 ) (-509 251 1536 ) (-511 251 1536 ) (-511 251 907.777100 ) 
4 29 30 (-511 512 1536 ) (-511 512 226 ) (-511 251 226 ) (-511 251 1536 ) 
4 30 75 (-512 251 66 ) (-511 251 66 ) (-511 251 68 ) (-512 251 68 ) 
4 30 33 (-511 251 68 ) (-511 251 907.777161 ) (-512 251 909.989929 ) (-512 251 68 ) 
4 30 32 (-511 251 907.777161 ) (-511 251 1536 ) (-512 251 1536 ) (-512 251 909.989929 ) 
4 30 31 (-511 251 66 ) (-512 251 66 ) (-512 512 66 ) (-511 512 66 ) 
4 31 75 (-512 251 64 ) (-511 251 64 ) (-511 251 66 ) (-512 251 66 ) 
5 32 93 (0 0 68 ) (0 0 1536 ) (-512 0 1536 ) (-512 0 888.472351 ) (-141.213226 0 68 ) 
5 32 74 (-136.799332 113.930786 68 ) (-136.693039 116.674271 68 ) (-134.133545 117.336151 68 ) (-125.754951 106.031479 68 ) (-132.977509 104.163589 68 ) 
3 32 73 (-137.220245 103.066338 68 ) (-137.178558 104.142365 68 ) (-136.814407 103.171295 68 ) 
4 32 72 (-132.977509 104.163589 68 ) (-125.754951 106.031479 68 ) (-124.798004 104.740334 68 ) (-129 94 68 ) 
4 32 71 (-137.889420 85.793678 68 ) (-137.220245 103.066338 68 ) (-136.814407 103.171295 68 ) (-134.063797 95.836220 68 ) 
3 32 67 (-136.693039 116.674271 68 ) (-136.541534 120.585083 68 ) (-134.133545 117.336151 68 ) 
3 32 65 (-124.798004 104.740334 68 ) (-109.415359 83.985588 68 ) (-138 70.996521 68 ) 
4 32 64 (-47.168377 0 68 ) (-141.213211 0 68 ) (-138.470978 70.782410 68 ) (-109.415359 83.985588 68 ) 
5 32 63 (0 0 68 ) (-47.168377 0 68 ) (-136.541534 120.585083 68 ) (-131.489044 251 68 ) (0 251 68 ) 
4 32 48 (-137.004120 108.661629 68 ) (-137.270752 101.779213 68 ) (-142.771469 106.808784 80.603081 ) (-138.371887 113.950089 71.479973 ) 
4 32 36 (-137.270752 101.779213 68 ) (-139.097397 54.629845 68 ) (-148.842209 96.954865 93.191597 ) (-142.771469 106.808784 80.603081 ) 
4 32 35 (-139.097397 54.629845 68 ) (-141.213852 0 68 ) (-208.573608 0 217.052795 ) (-148.842209 96.954865 93.191597 ) 
5 32 33 (-131.489685 251 68 ) (-136.693695 116.674103 68 ) (-208.573608 0 217.052795 ) (-512 0 888.470886 ) (-512 251 909.988403 ) 
4 33 93 (-512 0 888.472351 ) (-512 0 232.801178 ) (-273.237122 0 191.642227 ) (-208.573074 0 217.053024 ) 
3 33 77 (-175.915558 132.561752 68 ) (-169.968185 122.465439 68 ) (-182 117 68 ) 
5 33 76 (-167.373260 118.060287 68 ) (-162.609024 109.972496 68 ) (-165.652985 109.185341 68 ) (-178.354813 111.460121 68 ) (-177.759018 113.114983 68 ) 
5 33 75 (-512 171.213028 68 ) (-512 251 68 ) (-245.683319 251 68 ) (-175.915558 132.561752 68 ) (-183.785751 112.432755 68 ) 
3 33 69 (-169.968857 122.466599 68 ) (-177.264786 134.852219 68 ) (-159.997467 126.998848 68 ) 
5 33 68 (-245.683319 251 68 ) (-233.200211 251 68 ) (-143.200974 129.570190 68 ) (-154.168625 124.347824 68 ) (-177.264786 134.852219 68 ) 
5 33 67 (-143.200974 129.570190 68 ) (-136.541550 120.585091 68 ) (-136.693054 116.674286 68 ) (-137.068985 116.577072 68 ) (-154.171860 124.346275 68 ) 
4 33 66 (-143.436752 114.930389 68 ) (-162.609024 109.972496 68 ) (-167.373260 118.060287 68 ) (-159.384979 121.863991 68 ) 
3 33 63 (-233.200211 251 68 ) (-131.489044 251 68 ) (-136.541550 120.585091 68 ) 
3 33 58 (-163.129089 101.347672 80.899704 ) (-164.002045 101.709312 80.007111 ) (-158.589401 106.026558 75.573563 ) 
5 33 57 (-165.649521 109.184723 68 ) (-162.608246 109.971184 68 ) (-156.708176 107.527069 74.032623 ) (-164.002045 101.709312 80.007111 ) (-170.402634 104.360863 73.462570 ) 
5 33 54 (-165.633499 98.766464 83.837975 ) (-170.237015 99.263412 81.273781 ) (-174.002258 100.707657 77.599480 ) (-170.402634 104.360863 73.462570 ) (-163.129089 101.347672 80.899704 ) 
4 33 51 (-151.525497 105.380142 79.331734 ) (-147.381897 103.663651 83.568428 ) (-156.075623 97.734703 89.161781 ) (-162.240204 98.400162 85.728065 ) 
3 33 49 (-162.608246 109.971184 68 ) (-149.343323 113.401451 68 ) (-156.708176 107.527069 74.032623 ) 
4 33 48 (-138.370026 113.950134 71.478348 ) (-142.769241 106.809402 80.600739 ) (-147.381897 103.663651 83.568428 ) (-151.525497 105.380142 79.331734 ) 
3 33 47 (-166.530685 97.841766 84.890594 ) (-170.237015 99.263412 81.273781 ) (-165.633499 98.766464 83.837975 ) 
4 33 45 (-156.075623 97.734703 89.161781 ) (-159.738693 95.236557 91.518532 ) (-164.369736 97.012894 87 ) (-162.240204 98.400162 85.728065 ) 
3 33 40 (-174.926514 99.769646 78.661697 ) (-174.002258 100.707657 77.599480 ) (-170.237015 99.263412 81.273781 ) 
5 33 39 (-159.738693 95.236557 91.518532 ) (-199.482666 68.131920 117.088982 ) (-175.204697 99.487328 78.981392 ) (-174.926514 99.769646 78.661697 ) (-170.237015 99.263412 81.273781 ) 
3 33 38 (-199.482666 68.131920 117.088982 ) (-219.657135 54.373310 130.068817 ) (-175.204697 99.487328 78.981392 ) 
3 33 36 (-142.769241 106.809402 80.600739 ) (-148.841064 96.953735 93.191483 ) (-156.075623 97.734703 89.161789 ) 
5 33 35 (-148.841064 96.953735 93.191483 ) (-208.571762 0 217.051239 ) (-273.233063 0 191.641525 ) (-219.657135 54.373310 130.068817 ) (-156.075623 97.734703 89.161789 ) 
5 33 34 (-512 171.212006 68 ) (-178.654510 111.512764 68 ) (-170.406052 104.363266 73.459854 ) (-273.238861 0 191.641525 ) (-512 0 232.800186 ) 
3 34 93 (-512 0 232.801178 ) (-512 0 97.816452 ) (-273.237122 0 191.642227 ) 
5 34 91 (-512 66.154076 68 ) (-512 171.213028 68 ) (-183.785965 112.432800 68 ) (-187.241867 103.602524 68 ) (-235.598236 91.097725 68 ) 
3 34 90 (-178.456726 111.177040 68 ) (-175.745834 106.575363 68 ) (-180.561829 105.329964 68 ) 
3 34 78 (-512 19.621126 68 ) (-512 66.154076 68 ) (-235.598236 91.097725 68 ) 
4 34 54 (-171.181412 104.683479 72.666283 ) (-170.402634 104.360863 73.462570 ) (-174.002258 100.707664 77.599480 ) (-174.200836 100.783829 77.405693 ) 
3 34 40 (-174.002258 100.707664 77.599480 ) (-175.204712 99.487312 78.981407 ) (-174.200836 100.783829 77.405693 ) 
6 34 38 (-203.096664 99.501015 68 ) (-175.745056 106.574051 68 ) (-171.181412 104.683479 72.666283 ) (-175.204712 99.487312 78.981407 ) (-219.657120 54.373318 130.068802 ) (-260.335144 26.631678 156.240204 ) 
5 34 37 (-512 19.619623 68 ) (-203.096664 99.501015 68 ) (-260.335144 26.631678 156.240204 ) (-299.385590 0 181.364471 ) (-512 0 97.814178 ) 
3 34 35 (-219.657120 54.373318 130.068802 ) (-273.233063 0 191.641525 ) (-299.385590 0 181.364471 ) 
4 35 93 (-215.246521 0 68 ) (-141.213226 0 68 ) (-208.573074 0 217.053024 ) (-299.386902 0 181.366241 ) 
4 35 88 (-162.199768 69.240181 68 ) (-159.783432 72.394150 68 ) (-156.243744 69.354408 68 ) (-159.521805 67.811890 68 ) 
4 35 87 (-168.209625 61.395714 68 ) (-166.313492 63.870670 68 ) (-159.998276 61 68 ) (-168.209717 57.268806 68 ) 
3 35 82 (-173.059875 55.064842 68 ) (-168.209625 61.395714 68 ) (-168.209717 57.268806 68 ) 
5 35 64 (-141.213211 0 68 ) (-215.246536 0 68 ) (-173.059875 55.064842 68 ) (-151.181076 65.006805 68 ) (-139.096786 54.629314 68 ) 
4 35 45 (-159.739624 95.238144 91.518867 ) (-156.076691 97.736191 89.162216 ) (-157.628357 87.131508 80.306290 ) (-159.814316 85.843887 81.922401 ) 
4 35 41 (-157.628357 87.131508 80.306290 ) (-159.784561 72.395119 68 ) (-159.922668 72.214851 68 ) (-159.814316 85.843887 81.922401 ) 
4 35 39 (-199.482391 68.134323 117.088547 ) (-159.739624 95.238144 91.518867 ) (-159.922668 72.214851 68 ) (-168.209625 61.398159 68 ) 
3 35 38 (-260.346588 26.626080 156.247330 ) (-199.482391 68.134323 117.088547 ) (-192.450653 66.619682 106.050911 ) 
5 35 37 (-299.388824 0 181.366302 ) (-260.346588 26.626080 156.247330 ) (-192.450653 66.619682 106.050911 ) (-168.209625 61.398159 68 ) (-215.248398 0 68 ) 
5 35 36 (-158.788254 79.198540 73.681862 ) (-156.076050 97.734711 89.161331 ) (-148.841385 96.953735 93.191093 ) (-139.096771 54.629551 68 ) (-155.169449 68.432098 68 ) 
4 36 81 (-155.167908 78.418633 68 ) (-152.354034 82.091499 68 ) (-142.586761 75.781448 68 ) (-155.169235 69.860199 68 ) 
4 36 80 (-152.354034 82.091499 68 ) (-151.324860 83.434845 68 ) (-145.294067 80.578499 68 ) (-142.395523 75.657898 68 ) 
3 36 79 (-151.324860 83.434845 68 ) (-148.866684 86.643410 68 ) (-145.294067 80.578499 68 ) 
5 36 71 (-148.866684 86.643410 68 ) (-137.270081 101.780090 68 ) (-137.889435 85.793633 68 ) (-141.510574 76.287903 68 ) (-142.494003 75.825104 68 ) 
3 36 64 (-138.470993 70.782410 68 ) (-139.096786 54.629314 68 ) (-151.181076 65.006805 68 ) 
4 36 53 (-148.201813 94.275772 74.980049 ) (-148.348175 92.597931 73.445328 ) (-156.342209 87.889099 79.355423 ) (-156.195908 89.567062 80.890358 ) 
4 36 52 (-156.342209 87.889099 79.355423 ) (-157.628357 87.131508 80.306290 ) (-157.023270 91.266922 83.759758 ) (-155.994873 91.872658 83 ) 
4 36 51 (-156.076691 97.736191 89.162216 ) (-147.382690 103.665329 83.568680 ) (-148 96.581367 77.088982 ) (-157.023270 91.266922 83.759758 ) 
5 36 48 (-147.382690 103.665329 83.568680 ) (-142.772629 106.809303 80.602661 ) (-137.272095 101.779907 68 ) (-140.982788 96.936455 68 ) (-148.348175 92.597931 73.445328 ) 
5 36 43 (-152.355286 82.092308 68 ) (-155.167908 78.421082 68 ) (-158.788864 79.200119 73.682823 ) (-157.628357 87.131508 80.306290 ) (-152.163040 90.350815 76.265701 ) 
3 36 42 (-140.982788 96.936455 68 ) (-152.355286 82.092308 68 ) (-152.163040 90.350815 76.265701 ) 
4 37 93 (-512 0 97.816452 ) (-512 0 68 ) (-215.246521 0 68 ) (-299.386902 0 181.366241 ) 
4 37 91 (-235.598312 91.097710 68 ) (-203.101700 99.501228 68 ) (-189.073669 98.922035 68 ) (-190.544617 95.163544 68 ) 
4 37 89 (-182.959747 98.669601 68 ) (-168.208801 98.060562 68 ) (-168.208817 97.179214 68 ) (-184.009705 95.753281 68 ) 
3 37 86 (-182 71 68 ) (-197.283325 77.945305 68 ) (-191 94.001724 68 ) 
4 37 85 (-174.449005 67.568550 68 ) (-172.065857 61.908352 68 ) (-210.670273 43.739864 68 ) (-197.283325 77.945305 68 ) 
4 37 84 (-168.209549 64.732498 68 ) (-168.209579 63.723240 68 ) (-172.065857 61.908352 68 ) (-174.449005 67.568550 68 ) 
6 37 83 (-184.009705 95.753273 68 ) (-178.402100 96.259331 68 ) (-168.208954 91.431587 68 ) (-168.209381 72.445404 68 ) (-178.903885 78.149307 68 ) (-185.072678 92.800789 68 ) 
5 37 82 (-168.209579 63.723240 68 ) (-168.209625 61.395718 68 ) (-173.059875 55.064850 68 ) (-213.414841 36.727127 68 ) (-210.670273 43.739864 68 ) 
3 37 79 (-178.402100 96.259331 68 ) (-168.208817 97.179214 68 ) (-168.208954 91.431587 68 ) 
6 37 78 (-294.238495 0 68 ) (-512 0 68 ) (-512 19.621126 68 ) (-235.598312 91.097710 68 ) (-190.544632 95.163536 68 ) (-213.414841 36.727127 68 ) 
3 37 64 (-215.246536 0 68 ) (-294.238495 0 68 ) (-173.059875 55.064850 68 ) 
4 37 44 (-168.208054 91.431168 68 ) (-168.208038 92.333824 68 ) (-169.827988 95.959320 70.542946 ) (-170.464737 95.133476 71.542412 ) 
3 37 42 (-168.208038 92.333824 68 ) (-168.207901 98.060524 68 ) (-169.827988 95.959320 70.542946 ) 
4 37 39 (-192.451263 66.617683 106.053284 ) (-168.208725 61.395855 68 ) (-168.208313 79.629082 68 ) (-172.522980 92.464012 74.773102 ) 
5 37 38 (-192.453995 66.616898 106.055901 ) (-169.071152 96.943672 69.353317 ) (-170.793304 98.168602 68 ) (-203.097214 99.502365 68 ) (-260.337708 26.630484 156.243286 ) 
3 38 91 (-203.101700 99.501228 68 ) (-187.241867 103.602524 68 ) (-189.073669 98.922035 68 ) 
4 38 90 (-180.561844 105.329956 68 ) (-175.745819 106.575363 68 ) (-170.792511 98.167236 68 ) (-182.959747 98.669601 68 ) 
4 38 55 (-170.464737 95.133484 71.542412 ) (-169.070175 96.942192 69.353447 ) (-170.414322 101.871933 71.463524 ) (-172.655762 98.728073 74.981750 ) 
4 38 54 (-170.414322 101.871933 71.463524 ) (-171.181198 104.684479 72.667374 ) (-174.200684 100.784767 77.406860 ) (-173.219574 97.937279 75.866714 ) 
4 38 40 (-173.219574 97.937279 75.866714 ) (-174.200684 100.784767 77.406860 ) (-174.981232 99.776672 78.632042 ) (-173.996536 96.847481 77.086281 ) 
4 38 39 (-199.482925 68.132301 117.090820 ) (-192.451263 66.617683 106.053284 ) (-172.522980 92.464020 74.773102 ) (-174.981232 99.776672 78.632042 ) 
5 39 88 (-159.921753 72.213608 68 ) (-162.199768 69.240181 68 ) (-168.209381 72.445396 68 ) (-168.209213 79.629852 68 ) (-160.532166 73.037117 68 ) 
3 39 87 (-166.313492 63.870670 68 ) (-168.209625 61.395718 68 ) (-168.209549 64.732491 68 ) 
5 39 47 (-164.877396 89.117897 78.327507 ) (-166.987152 90.482101 76.829605 ) (-170.236984 99.264427 81.274551 ) (-166.530853 97.842865 84.891159 ) (-164.207886 88.861115 78.980873 ) 
3 39 46 (-161.815643 87.138123 80.501312 ) (-164.877396 89.117897 78.327507 ) (-162.046906 88.032303 81.089714 ) 
4 39 45 (-159.738754 95.237602 91.519211 ) (-159.813446 85.843460 81.922852 ) (-161.815643 87.138123 80.501312 ) (-164.369888 97.013977 87 ) 
4 39 41 (-159.813446 85.843460 81.922852 ) (-159.921814 72.213997 68 ) (-160.531555 73.036591 68 ) (-166.987152 90.482101 76.829605 ) 
4 39 40 (-173.997543 96.846840 77.086647 ) (-174.982239 99.776024 78.632401 ) (-170.236221 99.263695 81.275963 ) (-169.341827 96.846703 80.052666 ) 
4 40 54 (-173.220139 97.937553 75.865913 ) (-174.201248 100.785004 77.406036 ) (-170.236984 99.264427 81.274551 ) (-169.342560 96.847343 80.051208 ) 
3 41 88 (-159.783447 72.394142 68 ) (-159.921753 72.213608 68 ) (-160.532166 73.037117 68 ) 
3 41 47 (-166.990021 90.483093 76.828506 ) (-164.877960 89.117401 78.328049 ) (-164.504211 89.593140 77.751953 ) 
4 41 46 (-164.877960 89.117401 78.328049 ) (-161.816360 87.137711 80.501755 ) (-160.110062 88.019966 79.384331 ) (-164.504211 89.593140 77.751953 ) 
4 41 45 (-161.816360 87.137711 80.501755 ) (-159.813950 85.842918 81.923447 ) (-157.627151 87.131042 80.306709 ) (-160.110062 88.019966 79.384331 ) 
3 41 43 (-161.978485 88.687874 78.690849 ) (-157.627945 87.130310 80.307030 ) (-158.788651 79.197632 73.682480 ) 
3 42 89 (-168.208817 97.179214 68 ) (-168.208801 98.060562 68 ) (-161.508224 97.783905 68 ) 
3 42 80 (-151.324875 83.434845 68 ) (-152.354034 82.091507 68 ) (-162.972565 88.951500 68 ) 
7 42 79 (-148.866699 86.643417 68 ) (-151.324875 83.434845 68 ) (-162.972565 88.951500 68 ) (-168.208939 92.334404 68 ) (-168.208817 97.179214 68 ) (-161.508224 97.783905 68 ) (-155.277618 97.526657 68 ) 
4 42 71 (-140.980988 96.936378 68 ) (-148.866699 86.643417 68 ) (-154.852859 96.805588 68 ) (-154.622467 97.499603 68 ) 
3 42 70 (-154.852859 96.805588 68 ) (-155.277618 97.526657 68 ) (-154.622467 97.499603 68 ) 
4 42 62 (-159.884415 92.802277 73.764252 ) (-159.017624 92.527077 74.045059 ) (-155.820633 96.671898 69.028770 ) (-156.117279 96.466988 69.283478 ) 
5 42 61 (-159.017624 92.527077 74.045059 ) (-154.293854 91.027306 75.575371 ) (-149.572357 93.468613 72.483322 ) (-154.935532 97.283302 68.268791 ) (-155.820633 96.671898 69.028770 ) 
3 42 60 (-160.938187 93.136841 73.422867 ) (-159.884415 92.802277 73.764252 ) (-156.117279 96.466988 69.283478 ) 
6 42 59 (-166.292755 94.966644 71.535995 ) (-165.963211 94.732254 71.794952 ) (-160.938187 93.136841 73.422867 ) (-154.935532 97.283302 68.268791 ) (-155.277588 97.526596 68 ) (-161.508713 97.783867 68 ) 
3 42 55 (-169.070587 96.942451 69.353088 ) (-169.828506 95.959457 70.542747 ) (-165.963211 94.732254 71.794952 ) 
4 42 53 (-154.293854 91.027306 75.575371 ) (-152.161774 90.350380 76.266083 ) (-148.347305 92.597267 73.445992 ) (-149.572357 93.468613 72.483322 ) 
4 42 50 (-142.726410 97.008385 68 ) (-154.622482 97.499550 68 ) (-154.935532 97.283302 68.268791 ) (-149.572357 93.468613 72.483322 ) 
3 42 49 (-154.622482 97.499550 68 ) (-155.277588 97.526596 68 ) (-154.935532 97.283302 68.268791 ) 
4 42 48 (-148.347305 92.597267 73.445992 ) (-140.981018 96.936317 68 ) (-142.726410 97.008385 68 ) (-149.572357 93.468613 72.483322 ) 
5 42 44 (-159.018478 92.526649 74.046387 ) (-169.829575 95.959106 70.544014 ) (-168.208939 92.332085 68 ) (-162.986038 88.957886 68 ) (-157.423508 88.956810 71.542412 ) 
4 42 43 (-152.162933 90.350060 76.267319 ) (-159.018478 92.526649 74.046387 ) (-155.167068 83.906509 68 ) (-152.355225 82.089943 68 ) 
3 43 81 (-152.354034 82.091507 68 ) (-155.167908 78.418640 68 ) (-155.167068 83.908836 68 ) 
4 43 61 (-158.034836 89.092995 78.025284 ) (-154.293854 91.027306 75.575371 ) (-159.017624 92.527069 74.045052 ) (-160.379868 90.760956 76.182495 ) 
4 43 56 (-161.978180 88.688774 78.690353 ) (-160.110077 88.019966 79.384331 ) (-158.034836 89.092995 78.025284 ) (-160.379868 90.760956 76.182495 ) 
4 43 53 (-156.341339 87.888443 79.356087 ) (-152.161774 90.350380 76.266083 ) (-154.293854 91.027306 75.575371 ) (-158.034836 89.092995 78.025284 ) 
4 43 52 (-160.110077 88.019966 79.384331 ) (-157.627151 87.131042 80.306709 ) (-156.341339 87.888443 79.356087 ) (-158.034836 89.092995 78.025284 ) 
3 43 44 (-159.018158 92.525475 74.047028 ) (-157.425705 88.961258 71.546997 ) (-159.342148 92.105431 74.555382 ) 
3 44 79 (-168.208954 91.431595 68 ) (-168.208939 92.334404 68 ) (-162.972580 88.951508 68 ) 
4 44 62 (-160.325546 92.373123 74.288956 ) (-159.342743 92.105560 74.555183 ) (-159.017624 92.527069 74.045052 ) (-159.884415 92.802269 73.764244 ) 
4 44 60 (-161.558044 92.708664 73.955086 ) (-160.325546 92.373123 74.288956 ) (-159.884415 92.802269 73.764244 ) (-160.938187 93.136833 73.422867 ) 
4 44 59 (-164.085663 93.396790 73.270386 ) (-161.558044 92.708664 73.955086 ) (-160.938187 93.136833 73.422867 ) (-165.963211 94.732254 71.794952 ) 
4 44 55 (-169.828506 95.959457 70.542747 ) (-170.465271 95.133598 71.542229 ) (-164.085663 93.396790 73.270386 ) (-165.963211 94.732254 71.794952 ) 
4 45 52 (-157.627945 87.130310 80.307030 ) (-160.110809 88.019218 79.384666 ) (-161.182465 93.241440 82.576164 ) (-157.022827 91.265915 83.760651 ) 
4 45 51 (-161.182465 93.241440 82.576164 ) (-162.241196 98.400681 85.729172 ) (-156.076248 97.735176 89.163101 ) (-157.022827 91.265915 83.760651 ) 
4 45 46 (-160.339508 89.145203 80.069489 ) (-160.108917 88.021545 79.382774 ) (-161.816467 87.138641 80.501022 ) (-162.047638 88.032463 81.089188 ) 
4 46 56 (-160.110809 88.019218 79.384666 ) (-161.978500 88.687881 78.690842 ) (-162.198944 89.343742 79.036972 ) (-160.341476 89.143288 80.071625 ) 
4 46 47 (-163.592361 89.493988 78.258293 ) (-164.498917 89.591820 77.753311 ) (-164.873367 89.115158 78.330513 ) (-164.207657 88.859833 78.980179 ) 
4 47 54 (-169.343002 96.846748 80.051842 ) (-170.237442 99.263870 81.275208 ) (-165.634247 98.766960 83.839218 ) (-165.211624 96.846626 82.683815 ) 
4 48 73 (-137.178558 104.142365 68 ) (-137.220245 103.066338 68 ) (-140.119904 102.316429 68 ) (-138.063919 106.503365 68 ) 
5 48 71 (-137.220245 103.066338 68 ) (-137.270081 101.780090 68 ) (-140.980988 96.936378 68 ) (-142.726379 97.008446 68 ) (-140.119904 102.316429 68 ) 
4 48 53 (-149.571777 93.467903 72.482506 ) (-148.346970 92.596725 73.444992 ) (-148.200516 94.275520 74.980591 ) (-149.848724 95.156937 73.453606 ) 
4 48 51 (-148 96.580841 77.089264 ) (-147.381424 103.664879 83.569038 ) (-151.525253 105.381470 79.332108 ) (-150.427277 98.685265 75.482185 ) 
4 48 50 (-142.726883 97.008461 68 ) (-149.572433 93.468895 72.483063 ) (-149.970947 95.899307 73.880402 ) (-140.120499 102.316277 68 ) 
4 49 70 (-162.609024 109.972496 68 ) (-149.342773 113.403107 68 ) (-154.622467 97.499611 68 ) (-155.277618 97.526657 68 ) 
4 49 59 (-155.275986 97.525146 68 ) (-154.934998 97.282616 68.267952 ) (-155.048325 97.937515 68.636444 ) (-155.735306 98.304886 68 ) 
4 49 57 (-156.015976 103.529434 71.782829 ) (-156.707993 107.528427 74.032928 ) (-162.608368 109.972656 68 ) (-161.730820 108.482910 68 ) 
4 49 50 (-155.060806 98.007408 68.676285 ) (-154.935501 97.283318 68.268860 ) (-154.622375 97.499619 68 ) (-154.235168 98.665947 68 ) 
4 50 71 (-140.119904 102.316429 68 ) (-142.726379 97.008446 68 ) (-154.622467 97.499611 68 ) (-154.235275 98.665916 68 ) 
4 50 61 (-154.934998 97.282616 68.267952 ) (-149.571777 93.467903 72.482506 ) (-149.848740 95.156937 73.453606 ) (-155.048325 97.937523 68.636444 ) 
4 51 52 (-161.180969 93.241928 82.576118 ) (-158.903885 94.394493 81.074188 ) (-155.993973 91.872261 83 ) (-157.022018 91.266731 83.760406 ) 
4 52 56 (-158.035065 89.093193 78.025131 ) (-160.110352 88.020142 79.384209 ) (-160.340942 89.143867 80.070961 ) (-158.265167 90.496117 78.831787 ) 
4 52 53 (-158.035019 89.092720 78.025681 ) (-158.297058 90.690338 78.944275 ) (-156.195343 89.566383 80.891434 ) (-156.341660 87.888275 79.356369 ) 
5 53 61 (-149.849213 95.156906 73.453575 ) (-149.572433 93.468895 72.483063 ) (-158.035065 89.093193 78.025131 ) (-158.265167 90.496117 78.831787 ) (-156.542450 91.618355 77.803383 ) 
4 54 58 (-162.804245 99.573059 79.928024 ) (-163.679230 99.837234 78.955017 ) (-164.003296 101.709526 80.008575 ) (-163.130173 101.347816 80.901337 ) 
4 54 57 (-163.679230 99.837234 78.955017 ) (-165.990829 100.535149 76.384483 ) (-170.405701 104.361832 73.462166 ) (-164.003296 101.709526 80.008575 ) 
4 54 55 (-170.414871 101.871765 71.462952 ) (-162.803406 99.573730 79.926994 ) (-163.550446 98.727684 80.782150 ) (-172.656311 98.727905 74.981178 ) 
3 55 59 (-164.089096 93.397758 73.269493 ) (-166.293701 94.965836 71.537064 ) (-163.877594 93.673752 73.775497 ) 
4 55 58 (-163.679230 99.837234 78.955017 ) (-162.804245 99.573059 79.928017 ) (-162.411102 97.432350 78.753998 ) (-163.413345 98.301056 78.090591 ) 
3 55 57 (-165.990829 100.535149 76.384491 ) (-163.679230 99.837234 78.955017 ) (-163.413345 98.301056 78.090591 ) 
4 56 61 (-158.265671 90.495033 78.833229 ) (-158.035553 89.092026 78.026527 ) (-160.380630 90.760017 76.183708 ) (-160.568436 91.448906 76.478607 ) 
3 57 76 (-165.652985 109.185341 68 ) (-162.609024 109.972496 68 ) (-161.731644 108.483063 68 ) 
4 57 58 (-163.411667 98.303024 78.089005 ) (-157.644836 102.378975 73.171593 ) (-158.588638 106.028618 75.573006 ) (-164.001572 101.711143 80.006790 ) 
3 59 79 (-155.736008 98.304825 68 ) (-155.277618 97.526657 68 ) (-161.508224 97.783905 68 ) 
4 59 62 (-156.116241 96.468048 69.282249 ) (-155.820160 96.672577 69.028023 ) (-156.211258 97.154228 69.641922 ) (-156.281494 97.106911 69.702667 ) 
4 59 61 (-155.820160 96.672577 69.028023 ) (-154.935760 97.283485 68.268654 ) (-155.048904 97.937370 68.636574 ) (-156.211258 97.154228 69.641922 ) 
4 59 60 (-161.899673 93.321648 74.561989 ) (-161.558365 92.708778 73.955040 ) (-156.116241 96.468048 69.282249 ) (-156.281494 97.106911 69.702667 ) 
4 60 62 (-156.115875 96.468529 69.281670 ) (-156.265472 97.047028 69.662315 ) (-160.488678 92.694397 74.617180 ) (-160.325668 92.373184 74.288963 ) 
4 61 62 (-156.182220 97.113052 69.594696 ) (-155.822876 96.670464 69.030632 ) (-159.343658 92.105835 74.554970 ) (-159.659332 92.623741 75.050507 ) 
4 63 93 (0 0 64 ) (0 0 68 ) (-47.168373 0 68 ) (-50.101624 0 64 ) 
5 63 74 (-125.754471 106.031601 68 ) (-134.133072 117.336273 68 ) (-135.873795 118.004066 66.301170 ) (-134.969345 114.506935 64 ) (-129.852966 107.603760 64 ) 
4 63 72 (-124.797806 104.740837 68 ) (-125.754471 106.031601 68 ) (-129.852966 107.603760 64 ) (-125.811226 102.150513 64 ) 
4 63 68 (-143.200546 129.570404 68 ) (-233.199631 251 68 ) (-236.132904 251 64 ) (-145.368668 128.538040 64 ) 
4 63 67 (-134.133072 117.336273 68 ) (-143.200546 129.570404 68 ) (-145.368668 128.538040 64 ) (-138.231720 118.908638 64 ) 
4 63 65 (-109.414932 83.985779 68 ) (-124.797806 104.740837 68 ) (-125.811226 102.150513 64 ) (-111.609200 82.988686 64 ) 
4 63 64 (-47.167809 0 68 ) (-109.414932 83.985779 68 ) (-111.609200 82.988686 64 ) (-50.101086 0 64 ) 
4 64 93 (-47.168373 0 68 ) (-294.238495 0 68 ) (-294.238495 0 64 ) (-50.101624 0 64 ) 
4 64 87 (-160 61 64 ) (-165.661407 58.427902 64 ) (-168.209717 57.269917 68 ) (-160 61 68 ) 
4 64 82 (-165.661407 58.427902 64 ) (-213.414307 36.728481 64 ) (-213.414307 36.728474 68 ) (-168.209717 57.269917 68 ) 
4 64 78 (-213.414307 36.728481 64 ) (-294.240936 0 64 ) (-294.240936 0 68 ) (-213.414307 36.728474 68 ) 
4 64 65 (-109.416351 83.986252 68 ) (-111.610611 82.989159 64 ) (-138 70.997879 64 ) (-138 70.997879 68 ) 
4 65 72 (-124.797783 104.737961 68 ) (-125.811203 102.147644 64 ) (-129 93.997803 64 ) (-129 93.997810 68 ) 
5 66 76 (-162.609833 109.972267 68 ) (-167.373993 118.059944 68 ) (-169.683640 116.960167 64 ) (-167.775635 113.721115 64 ) (-164.220230 110.639374 66.353432 ) 
5 66 70 (-162.606812 109.971519 68 ) (-166.518921 111.592117 64 ) (-147.230927 116.579933 64 ) (-146.018951 116.053017 65.276970 ) (-149.343338 113.401413 68 ) 
3 67 74 (-135.873688 118.002792 66.300812 ) (-134.132599 117.334862 68 ) (-136.693115 116.672714 68 ) 
4 67 68 (-154.172913 124.346756 68 ) (-143.201492 129.570923 68 ) (-145.369598 128.538544 64 ) (-154.172897 124.346756 64 ) 
4 68 75 (-177.266068 134.852798 68 ) (-245.684265 251 68 ) (-248.641739 251 64 ) (-181.305862 136.690140 64 ) 
4 68 69 (-159.996902 127 68 ) (-177.265198 134.852921 68 ) (-181.304993 136.690262 64 ) (-159.996918 127 64 ) 
4 69 77 (-169.969604 122.466270 68 ) (-175.915924 132.560776 68 ) (-177.095795 129.543106 64 ) (-172.302475 121.405914 64 ) 
4 69 75 (-175.915924 132.560776 68 ) (-177.266068 134.852798 68 ) (-181.305862 136.690140 64 ) (-177.095795 129.543106 64 ) 
3 70 89 (-160.368805 101.147224 64 ) (-160.054489 100.613632 64 ) (-158.298035 99.674339 65.627258 ) 
4 70 79 (-154.853210 96.804565 68 ) (-155.736908 98.304741 68 ) (-160.054489 100.613632 64 ) (-153.623032 89.695541 64 ) 
3 70 76 (-161.732712 108.483253 68 ) (-162.609833 109.972267 68 ) (-164.220230 110.639374 66.353432 ) 
4 70 71 (-154.234177 98.666214 68 ) (-154.852234 96.804512 68 ) (-153.622040 89.695511 64 ) (-149.350845 102.561241 64 ) 
4 71 80 (-142.494751 75.824760 68 ) (-145.295380 80.579124 68 ) (-146.967773 78.397545 64 ) (-144.810333 74.735054 64 ) 
4 71 79 (-145.295380 80.579124 68 ) (-154.853210 96.804565 68 ) (-153.623032 89.695541 64 ) (-146.967773 78.397545 64 ) 
3 71 73 (-140.119705 102.316826 68 ) (-136.814529 103.171608 68 ) (-137.205811 104.215050 66.260498 ) 
4 72 74 (-132.977631 104.163902 68 ) (-125.755157 106.031769 68 ) (-129.853653 107.603928 64 ) (-133.912903 106.554131 64 ) 
3 75 92 (-184.697327 116.750366 64 ) (-182.267731 116.315247 64 ) (-182.755646 115.067368 65.285255 ) 
5 75 91 (-183.786209 112.431564 68 ) (-512 171.211761 68 ) (-512 175.367386 64 ) (-184.697327 116.750366 64 ) (-182.755646 115.067368 65.285255 ) 
4 75 77 (-182 117 64 ) (-177.095337 129.545624 64 ) (-175.915466 132.563293 68 ) (-182 117 68 ) 
4 78 93 (-294.238495 0 68 ) (-512 0 68 ) (-512 0 64 ) (-294.238495 0 64 ) 
4 78 91 (-512 66.151871 68 ) (-190.545517 95.161255 68 ) (-189.450729 97.958580 64 ) (-512 68.850403 64 ) 
4 78 86 (-191 94.003761 68 ) (-197.284668 77.945915 68 ) (-197.284668 77.945915 64 ) (-191 94.003761 64 ) 
4 78 85 (-197.284668 77.945915 68 ) (-210.672226 43.738941 68 ) (-210.672226 43.738945 64 ) (-197.284668 77.945915 64 ) 
4 78 82 (-210.672226 43.738941 68 ) (-213.416779 36.726246 68 ) (-213.416779 36.726246 64 ) (-210.672226 43.738945 64 ) 
6 79 89 (-178.398193 96.257477 68 ) (-161.491440 97.783211 68 ) (-158.289856 99.668587 65.633606 ) (-160.053162 100.611542 64 ) (-183.006363 98.540146 64 ) (-183.501129 97.165878 65.970879 ) 
6 79 83 (-168.208954 91.431541 68 ) (-178.404465 96.260399 68 ) (-183.500519 97.167572 65.973618 ) (-183.951813 95.914085 64 ) (-169.253326 88.952499 64 ) (-166.697601 88.952019 65.627579 ) 
4 79 80 (-146.966400 78.396843 64 ) (-145.294022 80.578438 68 ) (-162.972290 88.951324 68 ) (-169.253326 88.952499 64 ) 
3 80 83 (-166.699356 88.954926 65.630333 ) (-169.259430 88.955414 64 ) (-165.660767 86.630539 64 ) 
4 80 81 (-152.619171 78.205132 64 ) (-146.220596 74.071396 64 ) (-142.587708 75.781013 68 ) (-155.167068 83.907806 68 ) 
5 82 87 (-168.209274 63.723381 68 ) (-168.209427 57.268951 68 ) (-165.661118 58.426929 64 ) (-165.660995 63.574085 64 ) (-167.118668 64.236649 66.288116 ) 
4 82 85 (-172.066498 61.909874 64 ) (-210.669403 43.742100 64 ) (-210.669403 43.742100 68 ) (-172.066498 61.909874 68 ) 
5 82 84 (-168.209976 63.724873 68 ) (-167.120651 64.237549 66.290115 ) (-167.120651 64.237549 64 ) (-172.066498 61.909874 64 ) (-172.066498 61.909874 68 ) 
3 83 89 (-184.010529 95.750999 68 ) (-178.398193 96.257477 68 ) (-183.501129 97.165878 65.970879 ) 
4 83 88 (-168.208908 79.629593 68 ) (-168.209076 72.445244 68 ) (-165.660828 71.086136 64 ) (-165.660812 72.049644 64 ) 
3 84 87 (-168.209244 64.732361 68 ) (-168.209274 63.723381 68 ) (-167.118668 64.236649 66.288116 ) 
4 84 85 (-172.065033 61.907070 64 ) (-172.065033 61.907070 68 ) (-174.448654 67.568390 68 ) (-174.448654 67.568390 64 ) 
4 85 86 (-182 71 64 ) (-197.283234 77.945511 64 ) (-197.283234 77.945511 68 ) (-182 71 68 ) 
4 89 90 (-181.749298 102.030029 64 ) (-182.959137 98.669624 68 ) (-170.792526 98.167290 68 ) (-175.882721 101.787811 64 ) 
3 91 92 (-183.135361 114.095192 64 ) (-184.700653 116.752228 64 ) (-182.755371 115.066116 65.287628 ) 
4 93 94 (-512 -124 1536 ) (-512 -124 129 ) (0 -124 129 ) (0 -124 1536 ) 
4 94 95 (-512 -133 1536 ) (-512 -133 129 ) (0 -133 129 ) (0 -133 1536 ) 
4 95 100 (0 -1024 64 ) (0 -1024 1536 ) (-512 -1024 1536 ) (-512 -1024 64 ) 
4 96 98 (2048 -2048 64 ) (2048 -2048 1536 ) (1024 -2048 1536 ) (1024 -2048 64 ) 
4 96 97 (1024 -1024 1536 ) (1024 -1024 64 ) (1024 -2048 64 ) (1024 -2048 1536 ) 
4 97 100 (0 -1024 1536 ) (0 -1024 64 ) (0 -2048 64 ) (0 -2048 1536 ) 
4 97 99 (1024 -2048 64 ) (1024 -2048 1536 ) (0 -2048 1536 ) (0 -2048 64 ) 
4 98 99 (1024 -2944 1536 ) (1024 -2048 1536 ) (1024 -2048 64 ) (1024 -2944 64 ) 
4 99 101 (0 -2944 1536 ) (0 -2048 1536 ) (0 -2048 64 ) (0 -2944 64 ) 
4 100 101 (0 -2048 64 ) (0 -2048 1536 ) (-512 -2048 1536 ) (-512 -2048 64 ) 
