PRT1
265
740
4 1 191 (0 2048 -1789 ) (0 2048 1409 ) (0 2428.979980 1409 ) (0 2428.979980 -1789 ) 
4 1 63 (2 2048 1409 ) (0 2048 1409 ) (0 2048 -1789 ) (2 2048 -1789 ) 
4 2 30 (4096 1024 1598 ) (4096 1024 1411 ) (4608.040039 1024 1411 ) (4608.040039 1024 1598 ) 
4 2 26 (4096 1536.079956 1411 ) (4096 1024 1411 ) (4096 1024 1598 ) (4096 1536.079956 1598 ) 
4 2 3 (4608.040039 1536.079956 1411 ) (4608.040039 1093 1411 ) (4245 1093 1411 ) (4245 1536.079956 1411 ) 
4 2 4 (4608.040039 1093 1411 ) (4608.040039 1024 1411 ) (4245 1024 1411 ) (4245 1093 1411 ) 
4 2 5 (4245 1024 1411 ) (4096 1024 1411 ) (4096 1536.079956 1411 ) (4245 1536.079956 1411 ) 
4 3 4 (4245 1093 1411 ) (4245 1093 531 ) (4608.040039 1093 531 ) (4608.040039 1093 1411 ) 
4 3 5 (4245 1536.079956 1411 ) (4245 1536.079956 531 ) (4245 1093 531 ) (4245 1093 1411 ) 
4 4 30 (4245 1024 529 ) (4608.040039 1024 529 ) (4608.040039 1024 1411 ) (4245 1024 1411 ) 
4 4 22 (4247 1024 529 ) (4245 1024 529 ) (4245 1093 529 ) (4247 1093 529 ) 
4 4 18 (4606 1024 529 ) (4247 1024 529 ) (4247 1093 529 ) (4606 1093 529 ) 
4 4 6 (4608.040039 1093 529 ) (4608.040039 1024 529 ) (4606 1024 529 ) (4606 1093 529 ) 
4 4 5 (4245 1093 529 ) (4245 1024 529 ) (4245 1024 1411 ) (4245 1093 1411 ) 
4 5 30 (4096 1024 1411 ) (4096 1024 529 ) (4245 1024 529 ) (4245 1024 1411 ) 
4 5 26 (4096 1536.079956 529 ) (4096 1024 529 ) (4096 1024 1411 ) (4096 1536.079956 1411 ) 
4 5 23 (4245 1024 529 ) (4096 1024 529 ) (4096 1250 529 ) (4245 1250 529 ) 
4 5 19 (4096 1250 529 ) (4096 1536.079956 529 ) (4245 1536.079956 529 ) (4245 1250 529 ) 
4 6 30 (4608.040039 1024 529 ) (4606 1024 529 ) (4606 1024 188 ) (4608.040039 1024 188 ) 
4 6 18 (4606 1024 188 ) (4606 1024 529 ) (4606 1093 529 ) (4606 1093 188 ) 
4 6 7 (4607 1024 188 ) (4606 1024 188 ) (4606 1093 188 ) (4607 1093 188 ) 
4 7 31 (4607 1024 188 ) (4606 1024 188 ) (4606 1024 64 ) (4607 1024 64 ) 
4 7 18 (4606 1024 64 ) (4606 1024 188 ) (4606 1093 188 ) (4606 1093 64 ) 
4 8 20 (4247 1330 301 ) (4247 1250 301 ) (4247 1250 392 ) (4247 1330 392 ) 
4 8 10 (4248 1531 301 ) (4543 1531 301 ) (4543 1437 301 ) (4248 1437 301 ) 
4 8 13 (4247 1437 301 ) (4247 1531 301 ) (4248 1531 301 ) (4248 1437 301 ) 
4 8 9 (4247 1531 301 ) (4247 1534 301 ) (4606 1534 301 ) (4606 1531 301 ) 
4 9 12 (4248 1531 64 ) (4606 1531 64 ) (4606 1531 185 ) (4248 1531 185 ) 
4 9 11 (4353.646484 1531 186 ) (4248 1531 186 ) (4248 1531 185 ) (4352 1531 185 ) 
4 9 10 (4543 1531 301 ) (4248 1531 301 ) (4248 1531 186 ) (4353.646484 1531 186 ) 
4 9 13 (4247 1531 64 ) (4248 1531 64 ) (4248 1531 301 ) (4247 1531 301 ) 
4 10 14 (4248 1437 299 ) (4248 1437 186 ) (4353.646484 1437 186 ) (4539.707031 1437 299 ) 
4 10 11 (4248 1529.820068 186 ) (4248 1531 186 ) (4353.646484 1531 186 ) (4353.646484 1529.820068 186 ) 
4 10 13 (4248 1531 301 ) (4248 1531 186 ) (4248 1437 186 ) (4248 1437 301 ) 
4 11 12 (4248 1529.820068 185 ) (4248 1531 185 ) (4352 1531 185 ) (4352 1529.820068 185 ) 
4 11 13 (4248 1531 186 ) (4248 1531 185 ) (4248 1529.820068 185 ) (4248 1529.820068 186 ) 
4 12 13 (4248 1531 185 ) (4248 1531 64 ) (4248 1529.820068 64 ) (4248 1529.820068 185 ) 
4 13 16 (4247 1437 64 ) (4248 1437 64 ) (4248 1437 299 ) (4247 1437 299 ) 
4 14 17 (4606 1095 186 ) (4606 1095 258 ) (4248 1095 258 ) (4248 1095 186 ) 
4 14 15 (4606 1095 186 ) (4248 1095 186 ) (4248 1402.859985 186 ) (4606 1402.859985 186 ) 
4 14 16 (4248 1095 186 ) (4248 1095 299 ) (4248 1437 299 ) (4248 1437 186 ) 
4 15 17 (4248 1095 64 ) (4606 1095 64 ) (4606 1095 186 ) (4248 1095 186 ) 
4 15 16 (4248 1095 64 ) (4248 1095 186 ) (4248 1402.859985 186 ) (4248 1167.130005 64 ) 
4 16 17 (4247 1095 258 ) (4247 1095 64 ) (4248 1095 64 ) (4248 1095 258 ) 
4 17 18 (4247 1093 258 ) (4247 1093 64 ) (4606 1093 64 ) (4606 1093 258 ) 
4 18 31 (4606 1024 64 ) (4606 1024 188 ) (4247 1024 188 ) (4247 1024 64 ) 
4 18 30 (4606 1024 188 ) (4606 1024 529 ) (4247 1024 529 ) (4247 1024 188 ) 
4 18 24 (4247 1024 64 ) (4247 1024 301 ) (4247 1093 301 ) (4247 1093 64 ) 
4 18 22 (4247 1024 301 ) (4247 1024 529 ) (4247 1093 529 ) (4247 1093 301 ) 
4 19 26 (4096 1536.079956 392 ) (4096 1250 392 ) (4096 1250 529 ) (4096 1536.079956 529 ) 
4 19 23 (4245 1250 529 ) (4096 1250 529 ) (4096 1250 392 ) (4245 1250 392 ) 
4 19 21 (4245 1250 392 ) (4096 1250 392 ) (4096 1536.079956 392 ) (4245 1536.079956 392 ) 
4 20 21 (4245 1330 301 ) (4245 1250 301 ) (4245 1250 392 ) (4245 1330 392 ) 
4 21 26 (4096 1536.079956 301 ) (4096 1250 301 ) (4096 1250 392 ) (4096 1536.079956 392 ) 
4 21 25 (4245 1250 301 ) (4096 1250 301 ) (4096 1536.079956 301 ) (4245 1536.079956 301 ) 
4 21 23 (4096 1250 301 ) (4245 1250 301 ) (4245 1250 392 ) (4096 1250 392 ) 
4 22 30 (4247 1024 301 ) (4247 1024 529 ) (4245 1024 529 ) (4245 1024 301 ) 
4 22 24 (4247 1093 301 ) (4247 1024 301 ) (4245 1024 301 ) (4245 1093 301 ) 
4 22 23 (4245 1093 301 ) (4245 1024 301 ) (4245 1024 529 ) (4245 1093 529 ) 
4 23 30 (4245 1024 529 ) (4096 1024 529 ) (4096 1024 301 ) (4245 1024 301 ) 
4 23 26 (4096 1250 301 ) (4096 1024 301 ) (4096 1024 529 ) (4096 1250 529 ) 
4 23 25 (4245 1024 301 ) (4096 1024 301 ) (4096 1250 301 ) (4245 1250 301 ) 
4 24 31 (4247 1024 64 ) (4247 1024 188 ) (4245 1024 188 ) (4245 1024 64 ) 
4 24 30 (4247 1024 188 ) (4247 1024 301 ) (4245 1024 301 ) (4245 1024 188 ) 
4 24 25 (4245 1093 64 ) (4245 1024 64 ) (4245 1024 301 ) (4245 1093 301 ) 
4 25 32 (4149.640137 1024 64 ) (4172.640137 1024 64 ) (4172.640137 1024 188 ) (4149.640137 1024 188 ) 
4 25 35 (4096 1024 188 ) (4096 1024 64 ) (4149.640137 1024 64 ) (4149.640137 1024 188 ) 
4 25 31 (4172.640137 1024 64 ) (4245 1024 64 ) (4245 1024 188 ) (4172.640137 1024 188 ) 
4 25 30 (4245 1024 301 ) (4096 1024 301 ) (4096 1024 188 ) (4245 1024 188 ) 
4 25 26 (4096 1024 64 ) (4096 1024 301 ) (4096 1536.079956 301 ) (4096 1536.079956 64 ) 
4 26 37 (4096 1024 64 ) (4096 1024 128 ) (3439.610107 1024 128 ) (3439.610107 1024 64 ) 
4 26 36 (4096 1024 128 ) (4096 1024 1598 ) (3439.610107 1024 1598 ) (3439.610107 1024 128 ) 
4 26 28 (3439.610107 1024 128 ) (3439.610107 1024 1598 ) (3439.610107 1184.320068 1598 ) (3439.610107 1184.320068 128 ) 
4 26 27 (3439.610107 1536.079956 64 ) (3439.610107 1184.320068 64 ) (3439.610107 1184.320068 1598 ) (3439.610107 1536.079956 1598 ) 
4 27 28 (3416.610107 1184.320068 1598 ) (3416.610107 1184.320068 128 ) (3439.610107 1184.320068 128 ) (3439.610107 1184.320068 1598 ) 
4 27 29 (3416.610107 1536.079956 64 ) (3416.610107 1184.320068 64 ) (3416.610107 1184.320068 1598 ) (3416.610107 1536.079956 1598 ) 
4 28 36 (3439.610107 1024 1598 ) (3416.610107 1024 1598 ) (3416.610107 1024 128 ) (3439.610107 1024 128 ) 
4 28 29 (3416.610107 1024 128 ) (3416.610107 1024 1598 ) (3416.610107 1184.320068 1598 ) (3416.610107 1184.320068 128 ) 
4 29 52 (3072 1024 64 ) (3072 1024 1598 ) (3072 1536.079956 1598 ) (3072 1536.079956 64 ) 
4 29 40 (3072.970215 1024 64 ) (3095.970215 1024 64 ) (3095.970215 1024 128 ) (3072.970215 1024 128 ) 
4 29 42 (3072 1024 128 ) (3072 1024 64 ) (3072.970215 1024 64 ) (3072.970215 1024 128 ) 
4 29 39 (3095.970215 1024 64 ) (3416.610107 1024 64 ) (3416.610107 1024 128 ) (3095.970215 1024 128 ) 
4 29 36 (3416.610107 1024 1598 ) (3072 1024 1598 ) (3072 1024 128 ) (3416.610107 1024 128 ) 
4 30 43 (4608.040039 0 1598 ) (4096 0 1598 ) (4096 0 188 ) (4608.040039 0 188 ) 
4 30 36 (4096 1024 1598 ) (4096 1024 188 ) (4096 0 188 ) (4096 0 1598 ) 
4 30 33 (4149.640137 690.289978 188 ) (4149.640137 929.286011 188 ) (4172.640137 929.286011 188 ) (4172.640137 690.289978 188 ) 
4 30 32 (4149.640137 929.286011 188 ) (4149.640137 1024 188 ) (4172.640137 1024 188 ) (4172.640137 929.286011 188 ) 
4 30 34 (4172.640137 0 188 ) (4149.640137 0 188 ) (4149.640137 690.289978 188 ) (4172.640137 690.289978 188 ) 
4 30 35 (4149.640137 0 188 ) (4096 0 188 ) (4096 1024 188 ) (4149.640137 1024 188 ) 
4 30 31 (4607 0 188 ) (4172.640137 0 188 ) (4172.640137 1024 188 ) (4607 1024 188 ) 
4 31 44 (4607 0 188 ) (4172.640137 0 188 ) (4172.640137 0 64 ) (4607 0 64 ) 
4 31 33 (4172.640137 690.289978 128 ) (4172.640137 690.289978 188 ) (4172.640137 929.286011 188 ) (4172.640137 929.286011 128 ) 
4 31 32 (4172.640137 1024 64 ) (4172.640137 929.286011 64 ) (4172.640137 929.286011 188 ) (4172.640137 1024 188 ) 
4 31 34 (4172.640137 690.289978 64 ) (4172.640137 0 64 ) (4172.640137 0 188 ) (4172.640137 690.289978 188 ) 
4 32 33 (4149.640137 929.286011 188 ) (4149.640137 929.286011 128 ) (4172.640137 929.286011 128 ) (4172.640137 929.286011 188 ) 
4 32 35 (4149.640137 1024 64 ) (4149.640137 929.286011 64 ) (4149.640137 929.286011 188 ) (4149.640137 1024 188 ) 
4 33 35 (4149.640137 690.289978 128 ) (4149.640137 690.289978 188 ) (4149.640137 929.286011 188 ) (4149.640137 929.286011 128 ) 
4 33 34 (4149.640137 690.289978 188 ) (4149.640137 690.289978 128 ) (4172.640137 690.289978 128 ) (4172.640137 690.289978 188 ) 
4 34 44 (4172.640137 0 188 ) (4149.640137 0 188 ) (4149.640137 0 64 ) (4172.640137 0 64 ) 
4 34 35 (4149.640137 690.289978 64 ) (4149.640137 0 64 ) (4149.640137 0 188 ) (4149.640137 690.289978 188 ) 
4 35 44 (4149.640137 0 188 ) (4096 0 188 ) (4096 0 64 ) (4149.640137 0 64 ) 
4 35 37 (4096 1024 128 ) (4096 1024 64 ) (4096 0 64 ) (4096 0 128 ) 
4 35 36 (4096 1024 188 ) (4096 1024 128 ) (4096 0 128 ) (4096 0 188 ) 
4 36 71 (3072 0 128 ) (3072 0 1598 ) (3072 1024 1598 ) (3072 1024 128 ) 
4 36 45 (4096 0 128 ) (4096 0 1598 ) (3072 0 1598 ) (3072 0 128 ) 
4 36 40 (3072.970215 455.450043 128 ) (3072.970215 1024 128 ) (3095.970215 1024 128 ) (3095.970215 455.450043 128 ) 
4 36 41 (3095.970215 0 128 ) (3072.970215 0 128 ) (3072.970215 216.449997 128 ) (3095.970215 216.449997 128 ) 
4 36 42 (3072.970215 0 128 ) (3072 0 128 ) (3072 1024 128 ) (3072.970215 1024 128 ) 
4 36 38 (3439.610107 0 128 ) (3416.610107 0 128 ) (3416.610107 945.322998 128 ) (3439.610107 945.322998 128 ) 
4 36 37 (4096 0 128 ) (3439.610107 0 128 ) (3439.610107 1024 128 ) (4096 1024 128 ) 
4 36 39 (3416.610107 0 128 ) (3095.970215 0 128 ) (3095.970215 1024 128 ) (3416.610107 1024 128 ) 
4 37 49 (3636.430176 0 128 ) (3439.610107 0 128 ) (3439.610107 0 64 ) (3636.430176 0 64 ) 
4 37 47 (3659.430176 0 128 ) (3636.430176 0 128 ) (3636.430176 0 64 ) (3659.430176 0 64 ) 
4 37 46 (4096 0 64 ) (4096 0 128 ) (3659.430176 0 128 ) (3659.430176 0 64 ) 
4 37 38 (3439.610107 945.322998 64 ) (3439.610107 0 64 ) (3439.610107 0 128 ) (3439.610107 945.322998 128 ) 
4 38 49 (3439.610107 0 128 ) (3416.610107 0 128 ) (3416.610107 0 64 ) (3439.610107 0 64 ) 
4 38 39 (3416.610107 945.322998 64 ) (3416.610107 0 64 ) (3416.610107 0 128 ) (3416.610107 945.322998 128 ) 
4 39 50 (3125.669922 0 128 ) (3102.669922 0 128 ) (3102.669922 0 64 ) (3125.669922 0 64 ) 
4 39 49 (3416.610107 0 128 ) (3125.669922 0 128 ) (3125.669922 0 64 ) (3416.610107 0 64 ) 
4 39 51 (3102.669922 0 128 ) (3095.970215 0 128 ) (3095.970215 0 64 ) (3102.669922 0 64 ) 
4 39 40 (3095.970215 1024 64 ) (3095.970215 455.450043 64 ) (3095.970215 455.450043 128 ) (3095.970215 1024 128 ) 
4 39 41 (3095.970215 216.449997 64 ) (3095.970215 0 64 ) (3095.970215 0 128 ) (3095.970215 216.449997 128 ) 
4 40 42 (3072.970215 1024 64 ) (3072.970215 455.450043 64 ) (3072.970215 455.450043 128 ) (3072.970215 1024 128 ) 
4 41 51 (3095.970215 0 128 ) (3072.970215 0 128 ) (3072.970215 0 64 ) (3095.970215 0 64 ) 
4 41 42 (3072.970215 216.449997 64 ) (3072.970215 0 64 ) (3072.970215 0 128 ) (3072.970215 216.449997 128 ) 
4 42 71 (3072 0 64 ) (3072 0 128 ) (3072 1024 128 ) (3072 1024 64 ) 
4 42 51 (3072.970215 0 128 ) (3072 0 128 ) (3072 0 64 ) (3072.970215 0 64 ) 
4 43 113 (4096 -1024 693 ) (4096 -1024 188 ) (4608.040039 -1024 188 ) (4608.040039 -1024 693 ) 
4 43 112 (4608.040039 -1024 1598 ) (4096 -1024 1598 ) (4096 -1024 693 ) (4608.040039 -1024 693 ) 
4 43 45 (4096 0 1598 ) (4096 0 188 ) (4096 -1024 188 ) (4096 -1024 1598 ) 
4 43 44 (4607 -1024 188 ) (4096 -1024 188 ) (4096 0 188 ) (4607 0 188 ) 
4 44 114 (4607 -1024 64 ) (4607 -1024 188 ) (4096 -1024 188 ) (4096 -1024 64 ) 
4 44 46 (4096 0 128 ) (4096 0 64 ) (4096 -1024 64 ) (4096 -1024 128 ) 
4 44 45 (4096 0 188 ) (4096 0 128 ) (4096 -1024 128 ) (4096 -1024 188 ) 
4 45 115 (4096 -1024 128 ) (4096 -1024 1598 ) (3072 -1024 1598 ) (3072 -1024 128 ) 
4 45 76 (3072 -1024 128 ) (3072 -1024 1598 ) (3072 0 1598 ) (3072 0 128 ) 
4 45 50 (3102.669922 -908.596069 128 ) (3102.669922 0 128 ) (3125.669922 0 128 ) (3125.669922 -908.596069 128 ) 
4 45 49 (3636.430176 -1024 128 ) (3125.669922 -1024 128 ) (3125.669922 0 128 ) (3636.430176 0 128 ) 
4 45 51 (3102.669922 -1024 128 ) (3072 -1024 128 ) (3072 0 128 ) (3102.669922 0 128 ) 
4 45 47 (3636.430176 -236.701996 128 ) (3636.430176 0 128 ) (3659.430176 0 128 ) (3659.430176 -236.701996 128 ) 
4 45 48 (3659.430176 -1024 128 ) (3636.430176 -1024 128 ) (3636.430176 -475.701996 128 ) (3659.430176 -475.701996 128 ) 
4 45 46 (4096 -1024 128 ) (3659.430176 -1024 128 ) (3659.430176 0 128 ) (4096 0 128 ) 
4 46 116 (4096 -1024 64 ) (4096 -1024 128 ) (3659.430176 -1024 128 ) (3659.430176 -1024 64 ) 
4 46 47 (3659.430176 0 64 ) (3659.430176 -236.701996 64 ) (3659.430176 -236.701996 128 ) (3659.430176 0 128 ) 
4 46 48 (3659.430176 -475.701996 64 ) (3659.430176 -1024 64 ) (3659.430176 -1024 128 ) (3659.430176 -475.701996 128 ) 
4 47 49 (3636.430176 0 64 ) (3636.430176 -236.701996 64 ) (3636.430176 -236.701996 128 ) (3636.430176 0 128 ) 
4 48 116 (3659.430176 -1024 128 ) (3636.430176 -1024 128 ) (3636.430176 -1024 64 ) (3659.430176 -1024 64 ) 
4 48 49 (3636.430176 -475.701996 64 ) (3636.430176 -1024 64 ) (3636.430176 -1024 128 ) (3636.430176 -475.701996 128 ) 
4 49 116 (3636.430176 -1024 128 ) (3125.669922 -1024 128 ) (3125.669922 -1024 64 ) (3636.430176 -1024 64 ) 
4 49 50 (3125.669922 0 64 ) (3125.669922 -908.596069 64 ) (3125.669922 -908.596069 128 ) (3125.669922 0 128 ) 
4 50 51 (3102.669922 0 64 ) (3102.669922 -908.596069 64 ) (3102.669922 -908.596069 128 ) (3102.669922 0 128 ) 
4 51 118 (3102.669922 -1024 128 ) (3072 -1024 128 ) (3072 -1024 64 ) (3102.669922 -1024 64 ) 
4 51 76 (3072 -1024 64 ) (3072 -1024 128 ) (3072 0 128 ) (3072 0 64 ) 
4 52 71 (3072 1024 64 ) (3072 1024 1598 ) (2732 1024 1598 ) (2732 1024 -21 ) 
4 52 54 (2732 1069.410034 37 ) (2732 1069.410034 1598 ) (2732 1308.410034 1598 ) (2732 1308.410034 37 ) 
4 52 53 (2732 1536.079956 -20.998093 ) (2732 1308.410034 -20.998087 ) (2732 1308.410034 1598 ) (2732 1536.079956 1598 ) 
4 52 55 (2732 1069.410034 -20.998079 ) (2732 1024 -20.998077 ) (2732 1024 1598 ) (2732 1069.410034 1598 ) 
4 53 54 (2709 1308.410034 1598 ) (2709 1308.410034 37 ) (2732 1308.410034 37 ) (2732 1308.410034 1598 ) 
4 53 56 (2709 1536.079956 -26.748156 ) (2709 1308.410034 -26.748150 ) (2709 1308.410034 1598 ) (2709 1536.079956 1598 ) 
4 54 56 (2709 1069.410034 37 ) (2709 1069.410034 1598 ) (2709 1308.410034 1598 ) (2709 1308.410034 37 ) 
4 54 55 (2709 1069.410034 1598 ) (2709 1069.410034 37 ) (2732 1069.410034 37 ) (2732 1069.410034 1598 ) 
4 55 71 (2732 1024 1598 ) (2709 1024 1598 ) (2709 1024 -26.749878 ) (2732 1024 -21 ) 
4 55 56 (2709 1069.410034 -26.748142 ) (2709 1024 -26.748140 ) (2709 1024 1598 ) (2709 1069.410034 1598 ) 
4 56 73 (2312 1024 -126 ) (2335 1024 -120.249870 ) (2335 1024 -62 ) (2312 1024 -62 ) 
3 56 72 (2335 1024 -120.249870 ) (2568 1024 -62 ) (2335 1024 -62 ) 
4 56 75 (2048 1024 -62 ) (2048 1024 -192 ) (2312 1024 -126 ) (2312 1024 -62 ) 
5 56 71 (2709 1024 1598 ) (2048 1024 1598 ) (2048 1024 -62 ) (2568 1024 -62 ) (2709 1024 -26.749878 ) 
4 56 57 (2048 1024 -192 ) (2048 1024 1598 ) (2048 1536.079956 1598 ) (2048 1536.079956 -192 ) 
4 57 86 (2048 1024 -192 ) (2048 1024 -169 ) (1794 1024 -169 ) (1794 1024 -255.500000 ) 
4 57 85 (2048 1024 -169 ) (2048 1024 1598 ) (1794 1024 1598 ) (1794 1024 -169 ) 
4 57 59 (1794 1090.949951 -197 ) (1794 1090.949951 1598 ) (1794 1329.949951 1598 ) (1794 1329.949951 -197 ) 
4 57 58 (1794 1536.079956 -255.498001 ) (1794 1329.949951 -255.498001 ) (1794 1329.949951 1598 ) (1794 1536.079956 1598 ) 
4 57 61 (1794 1090.949951 -255.498016 ) (1794 1024 -255.498016 ) (1794 1024 1598 ) (1794 1090.949951 1598 ) 
4 58 59 (1771 1329.949951 1598 ) (1771 1329.949951 -197 ) (1794 1329.949951 -197 ) (1794 1329.949951 1598 ) 
3 58 60 (1771 1329.949951 -261 ) (1771 1329.949951 -261.246094 ) (1771.984985 1329.949951 -261 ) 
4 58 62 (1771 1536.079956 -261.247986 ) (1771 1329.949951 -261.247986 ) (1771 1329.949951 1598 ) (1771 1536.079956 1598 ) 
4 59 61 (1771 1090.949951 1598 ) (1771 1090.949951 -197 ) (1794 1090.949951 -197 ) (1794 1090.949951 1598 ) 
4 59 62 (1771 1090.949951 -197 ) (1771 1090.949951 1598 ) (1771 1329.949951 1598 ) (1771 1329.949951 -197 ) 
4 60 62 (1771 1329.949951 -261.247986 ) (1771 1090.949951 -261.248016 ) (1771 1090.949951 -261 ) (1771 1329.949951 -261 ) 
3 60 61 (1771 1090.949951 -261 ) (1771 1090.949951 -261.246094 ) (1771.984985 1090.949951 -261 ) 
4 61 86 (1771 1024 -169 ) (1771 1024 -261.250000 ) (1794 1024 -255.500000 ) (1794 1024 -169 ) 
4 61 85 (1794 1024 1598 ) (1771 1024 1598 ) (1771 1024 -169 ) (1794 1024 -169 ) 
4 61 62 (1771 1090.949951 -261.248016 ) (1771 1024 -261.248016 ) (1771 1024 1598 ) (1771 1090.949951 1598 ) 
4 62 87 (1159 1024 -225.749893 ) (1182 1024 -231.499893 ) (1182 1024 -169 ) (1159 1024 -169 ) 
4 62 89 (1024 1024 -169 ) (1024 1024 -192 ) (1159 1024 -225.749893 ) (1159 1024 -169 ) 
5 62 86 (1182 1024 -231.499893 ) (1536 1024 -320 ) (1771 1024 -261.250000 ) (1771 1024 -169 ) (1182 1024 -169 ) 
4 62 85 (1771 1024 1598 ) (1024 1024 1598 ) (1024 1024 -169 ) (1771 1024 -169 ) 
4 62 66 (1024 1024 -192 ) (1024 1024 1598 ) (1024 1536.079956 1598 ) (1024 1536.079956 -192 ) 
4 63 192 (0 1551 1409 ) (0 2048 1409 ) (0 2048 -1789 ) (0 1551 -1789 ) 
4 63 64 (2 1551 704 ) (2 1551 1409 ) (0 1551 1409 ) (0 1551 704 ) 
4 64 193 (0 1538 704 ) (0 1538 1409 ) (0 1551 1409 ) (0 1551 704 ) 
4 64 65 (2 1538 1409 ) (0 1538 1409 ) (0 1538 704 ) (2 1538 704 ) 
4 65 194 (0 1536.079956 693 ) (0 1536.079956 1411 ) (0 1538 1411 ) (0 1538 693 ) 
4 65 70 (0 1536.079956 1411 ) (0 1536.079956 693 ) (4 1536.079956 693 ) (4 1536.079956 1411 ) 
4 66 90 (609 1024 -88.250000 ) (1024 1024 -192 ) (1024 1024 1598 ) (609 1024 1598 ) 
4 66 68 (609 1024 -24 ) (609 1024 1598 ) (609 1187.750000 1598 ) (609 1187.750000 -24 ) 
4 66 69 (609 1187.750000 -88.248009 ) (609 1024 -88.248016 ) (609 1024 -88 ) (609 1187.750000 -88 ) 
4 66 67 (609 1536.079956 -88.248001 ) (609 1187.750000 -88.248009 ) (609 1187.750000 1598 ) (609 1536.079956 1598 ) 
4 67 68 (586 1187.750000 1598 ) (586 1187.750000 -24 ) (609 1187.750000 -24 ) (609 1187.750000 1598 ) 
3 67 69 (608 1187.750000 -88 ) (609 1187.750000 -88.250000 ) (609 1187.750000 -88 ) 
4 67 70 (586 1536.079956 -82.498001 ) (586 1187.750000 -82.498009 ) (586 1187.750000 1598 ) (586 1536.079956 1598 ) 
4 68 91 (609 1024 -24 ) (609 1024 1598 ) (586 1024 1598 ) (586 1024 -24 ) 
4 68 70 (586 1024 -24 ) (586 1024 1598 ) (586 1187.750000 1598 ) (586 1187.750000 -24 ) 
3 69 92 (608 1024 -88 ) (609 1024 -88.250000 ) (609 1024 -88 ) 
4 70 195 (0 1024 64 ) (0 1024 1598 ) (0 1536.079956 1598 ) (0 1536.079956 64 ) 
4 70 94 (0 1024 1598 ) (0 1024 64 ) (586 1024 -82.500000 ) (586 1024 1598 ) 
4 71 85 (2048 1024 1598 ) (2048 1024 -62 ) (2048 0 -62 ) (2048 0 1598 ) 
4 71 81 (2610 0 -51.499878 ) (2633 0 -45.749878 ) (2633 0 22 ) (2610 0 22 ) 
4 71 80 (2633 0 -45.749878 ) (2648 0 -42 ) (2648 0 22 ) (2633 0 22 ) 
5 71 84 (2048 0 22 ) (2048 0 -62 ) (2568 0 -62 ) (2610 0 -51.499878 ) (2610 0 22 ) 
4 71 78 (2648 0 -42 ) (2671 0 -36.249878 ) (2671 0 22 ) (2648 0 22 ) 
3 71 77 (2671 0 -36.249878 ) (2904 0 22 ) (2671 0 22 ) 
5 71 76 (3072 0 64 ) (3072 0 1598 ) (2048 0 1598 ) (2048 0 22 ) (2904 0 22 ) 
4 71 73 (2312 1024 -62 ) (2335 1024 -62 ) (2335 556.359009 -62 ) (2312 556.359009 -62 ) 
4 71 74 (2335 317.359009 -62 ) (2335 0 -62 ) (2312 0 -62 ) (2312 317.359009 -62 ) 
4 71 72 (2335 1024 -62 ) (2567.998047 1024 -62 ) (2567.998047 0 -62 ) (2335 0 -62 ) 
4 71 75 (2048 1024 -62 ) (2312 1024 -62 ) (2312 0 -62 ) (2048 0 -62 ) 
3 72 84 (2335 0 -120.249870 ) (2568 0 -62 ) (2335 0 -62 ) 
4 72 73 (2335 1024 -120.250000 ) (2335 556.359009 -120.250000 ) (2335 556.359009 -62 ) (2335 1024 -62 ) 
4 72 74 (2335 317.359009 -120.250000 ) (2335 0 -120.250000 ) (2335 0 -62 ) (2335 317.359009 -62 ) 
4 73 75 (2312 1024 -126 ) (2312 556.359009 -126 ) (2312 556.359009 -62 ) (2312 1024 -62 ) 
4 74 84 (2312 0 -126 ) (2335 0 -120.249870 ) (2335 0 -62 ) (2312 0 -62 ) 
4 74 75 (2312 317.359009 -126 ) (2312 0 -126 ) (2312 0 -62 ) (2312 317.359009 -62 ) 
4 75 86 (2048 1024 -169 ) (2048 1024 -192 ) (2048 0 -192 ) (2048 0 -169 ) 
4 75 85 (2048 1024 -62 ) (2048 1024 -169 ) (2048 0 -169 ) (2048 0 -62 ) 
4 75 84 (2048 0 -62 ) (2048 0 -192 ) (2312 0 -126 ) (2312 0 -62 ) 
4 76 120 (2633 -1024 1598 ) (2610 -1024 1598 ) (2610 -1024 22 ) (2633 -1024 22 ) 
5 76 119 (3072 -1024 64 ) (3072 -1024 1598 ) (2633 -1024 1598 ) (2633 -1024 22 ) (2904 -1024 22 ) 
4 76 123 (2610 -1024 1598 ) (2048 -1024 1598 ) (2048 -1024 22 ) (2610 -1024 22 ) 
4 76 95 (2048 -1024 22 ) (2048 -1024 1598 ) (2048 0 1598 ) (2048 0 22 ) 
4 76 82 (2633 -1024 22 ) (2610 -1024 22 ) (2610 -1008.750000 22 ) (2633 -1008.750000 22 ) 
4 76 81 (2610 -1008.750000 22 ) (2610 0 22 ) (2633 0 22 ) (2633 -1008.750000 22 ) 
4 76 80 (2648 -1024 22 ) (2633 -1024 22 ) (2633 0 22 ) (2648 0 22 ) 
4 76 84 (2610 -1024 22 ) (2048 -1024 22 ) (2048 0 22 ) (2610 0 22 ) 
4 76 78 (2648 -282.024994 22 ) (2648 0 22 ) (2671 0 22 ) (2671 -282.024994 22 ) 
4 76 79 (2671 -1024 22 ) (2648 -1024 22 ) (2648 -521.025024 22 ) (2671 -521.025024 22 ) 
4 76 77 (2903.998047 0 22 ) (2903.998047 -1024 22 ) (2671 -1024 22 ) (2671 0 22 ) 
3 77 119 (2671 -1024 -36.249878 ) (2904 -1024 22 ) (2671 -1024 22 ) 
4 77 78 (2671 0 -36.248051 ) (2671 -282.024994 -36.248043 ) (2671 -282.024994 22 ) (2671 0 22 ) 
4 77 79 (2671 -521.025024 -36.248035 ) (2671 -1024 -36.248020 ) (2671 -1024 22 ) (2671 -521.025024 22 ) 
4 78 80 (2648 0 -41.998051 ) (2648 -282.024994 -41.998043 ) (2648 -282.024994 22 ) (2648 0 22 ) 
4 79 119 (2648 -1024 -42 ) (2671 -1024 -36.249878 ) (2671 -1024 22 ) (2648 -1024 22 ) 
4 79 80 (2648 -521.025024 -41.998035 ) (2648 -1024 -41.998020 ) (2648 -1024 22 ) (2648 -521.025024 22 ) 
4 80 119 (2633 -1024 -45.749878 ) (2648 -1024 -42 ) (2648 -1024 22 ) (2633 -1024 22 ) 
4 80 82 (2633 -1024 13 ) (2633 -1024 22 ) (2633 -1008.750000 22 ) (2633 -1008.750000 13 ) 
4 80 81 (2633 0 -45.748062 ) (2633 -1008.750000 -45.748032 ) (2633 -1008.750000 22 ) (2633 0 22 ) 
4 81 82 (2610 -1008.750000 22 ) (2610 -1008.750000 13 ) (2633 -1008.750000 13 ) (2633 -1008.750000 22 ) 
3 81 83 (2610 -1008.750000 -51 ) (2610 -1008.750000 -51.500023 ) (2611.998779 -1008.750000 -51 ) 
4 81 84 (2610 0 -51.496105 ) (2610 -1008.750000 -51.496044 ) (2610 -1008.750000 22 ) (2610 0 22 ) 
4 82 120 (2633 -1024 13 ) (2633 -1024 22 ) (2610 -1024 22 ) (2610 -1024 13 ) 
4 82 84 (2610 -1024 13 ) (2610 -1024 22 ) (2610 -1008.750000 22 ) (2610 -1008.750000 13 ) 
3 83 121 (2610 -1024 -51.499878 ) (2612 -1024 -51 ) (2610 -1024 -51 ) 
4 83 84 (2610 -1008.750000 -51.496044 ) (2610 -1024 -51.496044 ) (2610 -1024 -51 ) (2610 -1008.750000 -51 ) 
4 84 125 (2135 -1024 -170.249878 ) (2158 -1024 -164.499878 ) (2158 -1024 -106 ) (2135 -1024 -106 ) 
3 84 124 (2158 -1024 -164.499878 ) (2392 -1024 -106 ) (2158 -1024 -106 ) 
4 84 128 (2048 -1024 -106 ) (2048 -1024 -192 ) (2135 -1024 -170.249878 ) (2135 -1024 -106 ) 
5 84 123 (2048 -1024 22 ) (2048 -1024 -106 ) (2392 -1024 -106 ) (2610 -1024 -51.499878 ) (2610 -1024 22 ) 
4 84 96 (2048 -1024 -192 ) (2048 -1024 -147 ) (2048 0 -147 ) (2048 0 -192 ) 
4 84 95 (2048 -1024 -147 ) (2048 -1024 22 ) (2048 0 22 ) (2048 0 -147 ) 
4 85 102 (1623 0 -147 ) (1024 0 -147 ) (1024 0 -169 ) (1623 0 -169 ) 
4 85 100 (1646 0 -147 ) (1623 0 -147 ) (1623 0 -169 ) (1646 0 -169 ) 
4 85 99 (1974 0 -147 ) (1646 0 -147 ) (1646 0 -169 ) (1974 0 -169 ) 
4 85 97 (1997 0 -147 ) (1974 0 -147 ) (1974 0 -169 ) (1997 0 -169 ) 
4 85 96 (2048 0 -169 ) (2048 0 -147 ) (1997 0 -147 ) (1997 0 -169 ) 
4 85 95 (2048 0 -147 ) (2048 0 1598 ) (1024 0 1598 ) (1024 0 -147 ) 
4 85 90 (1024 1024 1598 ) (1024 1024 -169 ) (1024 0 -169 ) (1024 0 1598 ) 
4 85 87 (1159 1024 -169 ) (1182 1024 -169 ) (1182 854.450073 -169 ) (1159 854.450073 -169 ) 
4 85 88 (1182 615.450073 -169 ) (1182 0 -169 ) (1159 0 -169 ) (1159 615.450073 -169 ) 
4 85 89 (1024 0 -169 ) (1024 1024 -169 ) (1159 1024 -169 ) (1159 0 -169 ) 
4 85 86 (1182 1024 -169 ) (2048 1024 -169 ) (2048 0 -169 ) (1182 0 -169 ) 
5 86 102 (1623 0 -169 ) (1182 0 -169 ) (1182 0 -231.499893 ) (1536 0 -320 ) (1623 0 -298.250000 ) 
4 86 100 (1646 0 -169 ) (1623 0 -169 ) (1623 0 -298.250000 ) (1646 0 -292.500000 ) 
4 86 99 (1974 0 -169 ) (1646 0 -169 ) (1646 0 -292.500000 ) (1974 0 -210.500015 ) 
4 86 97 (1997 0 -169 ) (1974 0 -169 ) (1974 0 -210.500015 ) (1997 0 -204.750015 ) 
4 86 96 (2048 0 -192 ) (2048 0 -169 ) (1997 0 -169 ) (1997 0 -204.750015 ) 
4 86 87 (1182 1024 -231.500000 ) (1182 854.450073 -231.500000 ) (1182 854.450073 -169 ) (1182 1024 -169 ) 
4 86 88 (1182 615.450073 -231.500000 ) (1182 0 -231.500000 ) (1182 0 -169 ) (1182 615.450073 -169 ) 
4 87 89 (1159 1024 -225.748077 ) (1159 854.450073 -225.748077 ) (1159 854.450073 -169 ) (1159 1024 -169 ) 
4 88 102 (1182 0 -169 ) (1159 0 -169 ) (1159 0 -225.749893 ) (1182 0 -231.499893 ) 
4 88 89 (1159 615.450073 -225.748062 ) (1159 0 -225.748047 ) (1159 0 -169 ) (1159 615.450073 -169 ) 
4 89 102 (1159 0 -169 ) (1024 0 -169 ) (1024 0 -192 ) (1159 0 -225.749893 ) 
4 89 90 (1024 1024 -169 ) (1024 1024 -192 ) (1024 0 -192 ) (1024 0 -169 ) 
4 90 109 (969 0 -178.250000 ) (992 0 -184 ) (992 0 -121 ) (969 0 -121 ) 
4 90 108 (992 0 -184 ) (1024 0 -192 ) (1024 0 -121 ) (992 0 -121 ) 
3 90 111 (740 0 -121 ) (969 0 -178.250000 ) (969 0 -121 ) 
5 90 103 (609 0 -88.250000 ) (740 0 -121 ) (1024 0 -121 ) (1024 0 1598 ) (609 0 1598 ) 
4 90 91 (609 948.754089 -24 ) (609 948.754089 1598 ) (609 1024 1598 ) (609 1024 -24 ) 
4 90 92 (609 1024 -88.248016 ) (609 948.754089 -88.248016 ) (609 948.754089 -88 ) (609 1024 -88 ) 
4 90 93 (609 948.754089 -88.248016 ) (609 0 -88.248047 ) (609 0 1598 ) (609 948.754089 1598 ) 
4 91 94 (586 948.754089 -24 ) (586 948.754089 1598 ) (586 1024 1598 ) (586 1024 -24 ) 
4 91 93 (586 948.754089 1598 ) (586 948.754089 -24 ) (609 948.754089 -24 ) (609 948.754089 1598 ) 
3 92 93 (608 948.754089 -88 ) (609 948.754089 -88.250000 ) (609 948.754089 -88 ) 
4 93 103 (586 0 -82.500000 ) (609 0 -88.250000 ) (609 0 1598 ) (586 0 1598 ) 
4 93 94 (586 948.754089 -82.498016 ) (586 0 -82.498047 ) (586 0 1598 ) (586 948.754089 1598 ) 
4 94 201 (0 0 64 ) (0 0 128 ) (0 1024 128 ) (0 1024 64 ) 
4 94 200 (0 0 128 ) (0 0 1598 ) (0 1024 1598 ) (0 1024 128 ) 
4 94 104 (364.479004 0 -27.119751 ) (387.479004 0 -32.869751 ) (387.479004 0 1598 ) (364.479004 0 1598 ) 
4 94 103 (387.479004 0 -32.869751 ) (586 0 -82.500000 ) (586 0 1598 ) (387.479004 0 1598 ) 
4 94 107 (0 0 1598 ) (0 0 64 ) (364.479004 0 -27.119751 ) (364.479004 0 1598 ) 
4 95 133 (1126 -1024 1598 ) (1103 -1024 1598 ) (1103 -1024 -147 ) (1126 -1024 -147 ) 
4 95 136 (1103 -1024 1598 ) (1024 -1024 1598 ) (1024 -1024 -147 ) (1103 -1024 -147 ) 
4 95 130 (1646 -1024 1598 ) (1623 -1024 1598 ) (1623 -1024 -147 ) (1646 -1024 -147 ) 
4 95 129 (2048 -1024 -147 ) (2048 -1024 1598 ) (1646 -1024 1598 ) (1646 -1024 -147 ) 
4 95 132 (1623 -1024 1598 ) (1126 -1024 1598 ) (1126 -1024 -147 ) (1623 -1024 -147 ) 
4 95 108 (1024 0 -121 ) (1024 0 -147 ) (1024 -1024 -147 ) (1024 -1024 -121 ) 
4 95 103 (1024 0 1598 ) (1024 0 -121 ) (1024 -1024 -121 ) (1024 -1024 1598 ) 
4 95 102 (1024 -1024 -147 ) (1024 0 -147 ) (1623 0 -147 ) (1623 -1024 -147 ) 
4 95 101 (1646 -937.114014 -147 ) (1646 -1024 -147 ) (1623 -1024 -147 ) (1623 -937.114014 -147 ) 
4 95 100 (1623 0 -147 ) (1646 0 -147 ) (1646 -937.114014 -147 ) (1623 -937.114014 -147 ) 
4 95 99 (1646 0 -147 ) (1974 0 -147 ) (1974 -1024 -147 ) (1646 -1024 -147 ) 
4 95 97 (1974 0 -147 ) (1997 0 -147 ) (1997 -119.112999 -147 ) (1974 -119.112999 -147 ) 
4 95 98 (1997 -358.113007 -147 ) (1997 -1024 -147 ) (1974 -1024 -147 ) (1974 -358.113007 -147 ) 
4 95 96 (1997 0 -147 ) (2048 0 -147 ) (2048 -1024 -147 ) (1997 -1024 -147 ) 
4 96 129 (2048 -1024 -192 ) (2048 -1024 -147 ) (1997 -1024 -147 ) (1997 -1024 -204.749893 ) 
4 96 97 (1997 0 -204.751968 ) (1997 -119.112999 -204.751968 ) (1997 -119.112999 -147 ) (1997 0 -147 ) 
4 96 98 (1997 -358.113007 -204.751984 ) (1997 -1024 -204.751999 ) (1997 -1024 -147 ) (1997 -358.113007 -147 ) 
4 97 99 (1974 0 -210.499985 ) (1974 -119.112999 -210.499985 ) (1974 -119.112999 -147 ) (1974 0 -147 ) 
4 98 129 (1997 -1024 -147 ) (1974 -1024 -147 ) (1974 -1024 -210.499893 ) (1997 -1024 -204.749893 ) 
4 98 99 (1974 -358.113007 -210.499985 ) (1974 -1024 -210.499985 ) (1974 -1024 -147 ) (1974 -358.113007 -147 ) 
4 99 129 (1974 -1024 -147 ) (1646 -1024 -147 ) (1646 -1024 -292.499939 ) (1974 -1024 -210.499893 ) 
4 99 101 (1646 -1024 -235 ) (1646 -1024 -147 ) (1646 -937.114014 -147 ) (1646 -937.114014 -235 ) 
4 99 100 (1646 0 -292.500000 ) (1646 -937.114014 -292.500000 ) (1646 -937.114014 -147 ) (1646 0 -147 ) 
4 100 102 (1623 0 -298.250000 ) (1623 -937.114014 -298.250000 ) (1623 -937.114014 -147 ) (1623 0 -147 ) 
4 100 101 (1623 -937.114014 -147 ) (1623 -937.114014 -235 ) (1646 -937.114014 -235 ) (1646 -937.114014 -147 ) 
4 101 130 (1646 -1024 -147 ) (1623 -1024 -147 ) (1623 -1024 -235 ) (1646 -1024 -235 ) 
4 101 102 (1623 -1024 -235 ) (1623 -1024 -147 ) (1623 -937.114014 -147 ) (1623 -937.114014 -235 ) 
4 102 133 (1126 -1024 -147 ) (1103 -1024 -147 ) (1103 -1024 -211.750000 ) (1126 -1024 -217.500000 ) 
4 102 136 (1103 -1024 -147 ) (1024 -1024 -147 ) (1024 -1024 -192 ) (1103 -1024 -211.750000 ) 
5 102 132 (1623 -1024 -147 ) (1126 -1024 -147 ) (1126 -1024 -217.500000 ) (1536 -1024 -320 ) (1623 -1024 -298.249939 ) 
4 102 108 (1024 0 -147 ) (1024 0 -192 ) (1024 -1024 -192 ) (1024 -1024 -147 ) 
4 103 183 (481 -1024 -56.249939 ) (504 -1024 -62 ) (504 -1024 1598 ) (481 -1024 1598 ) 
5 103 182 (504 -1024 -62 ) (740 -1024 -121 ) (1024 -1024 -121 ) (1024 -1024 1598 ) (504 -1024 1598 ) 
4 103 186 (387.479004 -1024 -32.869678 ) (481 -1024 -56.249939 ) (481 -1024 1598 ) (387.479004 -1024 1598 ) 
4 103 109 (969 -216.317001 -121 ) (969 0 -121 ) (992 0 -121 ) (992 -216.317001 -121 ) 
4 103 110 (992 -1024 -121 ) (969 -1024 -121 ) (969 -455.316986 -121 ) (992 -455.316986 -121 ) 
4 103 108 (1024 -1024 -121 ) (992 -1024 -121 ) (992 0 -121 ) (1024 0 -121 ) 
4 103 111 (969 -1024 -121 ) (739.998047 -1024 -121 ) (739.998047 0 -121 ) (969 0 -121 ) 
4 103 105 (387.479004 -410.298035 30 ) (387.479004 -410.298035 1598 ) (387.479004 -171.298019 1598 ) (387.479004 -171.298019 30 ) 
4 103 104 (387.479004 0 -32.869751 ) (387.479004 -171.298019 -32.869751 ) (387.479004 -171.298019 1598 ) (387.479004 0 1598 ) 
4 103 106 (387.479004 -410.298035 -32.869751 ) (387.479004 -1024 -32.869751 ) (387.479004 -1024 1598 ) (387.479004 -410.298035 1598 ) 
4 104 105 (364.479004 -171.298019 1598 ) (364.479004 -171.298019 30 ) (387.479004 -171.298019 30 ) (387.479004 -171.298019 1598 ) 
4 104 107 (364.479004 0 -27.119812 ) (364.479004 -171.298019 -27.119812 ) (364.479004 -171.298019 1598 ) (364.479004 0 1598 ) 
4 105 107 (364.479004 -410.298035 30 ) (364.479004 -410.298035 1598 ) (364.479004 -171.298019 1598 ) (364.479004 -171.298019 30 ) 
4 105 106 (364.479004 -410.298035 1598 ) (364.479004 -410.298035 30 ) (387.479004 -410.298035 30 ) (387.479004 -410.298035 1598 ) 
4 106 186 (364.479004 -1024 -27.119675 ) (387.479004 -1024 -32.869678 ) (387.479004 -1024 1598 ) (364.479004 -1024 1598 ) 
4 106 107 (364.479004 -410.298035 -27.119812 ) (364.479004 -1024 -27.119810 ) (364.479004 -1024 1598 ) (364.479004 -410.298035 1598 ) 
4 107 210 (0 -1024 119 ) (0 -1024 128 ) (0 -895 128 ) (0 -895 119 ) 
4 107 209 (0 -895 128 ) (0 0 128 ) (0 0 64 ) (0 -895 64 ) 
4 107 208 (0 -1024 128 ) (0 -1024 1598 ) (0 0 1598 ) (0 0 128 ) 
4 107 186 (0 -1024 1598 ) (0 -1024 64 ) (364.479004 -1024 -27.119675 ) (364.479004 -1024 1598 ) 
4 108 182 (992 -1024 -184 ) (1024 -1024 -192 ) (1024 -1024 -121 ) (992 -1024 -121 ) 
4 108 109 (992 0 -183.998047 ) (992 -216.317001 -183.998047 ) (992 -216.317001 -121 ) (992 0 -121 ) 
4 108 110 (992 -455.316986 -183.998032 ) (992 -1024 -183.998016 ) (992 -1024 -121 ) (992 -455.316986 -121 ) 
4 109 111 (969 0 -178.250000 ) (969 -216.317001 -178.250000 ) (969 -216.317001 -121 ) (969 0 -121 ) 
4 110 182 (969 -1024 -178.250000 ) (992 -1024 -184 ) (992 -1024 -121 ) (969 -1024 -121 ) 
4 110 111 (969 -455.316986 -178.250000 ) (969 -1024 -178.250000 ) (969 -1024 -121 ) (969 -455.316986 -121 ) 
3 111 182 (740 -1024 -121 ) (969 -1024 -178.250000 ) (969 -1024 -121 ) 
4 112 115 (4096 -1536.079956 1598 ) (4096 -1024 1598 ) (4096 -1024 693 ) (4096 -1536.079956 693 ) 
4 112 113 (4608.040039 -1024 693 ) (4608.040039 -1536.079956 693 ) (4096 -1536.079956 693 ) (4096 -1024 693 ) 
4 113 115 (4096 -1536.079956 693 ) (4096 -1024 693 ) (4096 -1024 188 ) (4096 -1536.079956 188 ) 
4 113 114 (4096 -1536.079956 188 ) (4096 -1024 188 ) (4607 -1024 188 ) (4607 -1536.079956 188 ) 
4 114 116 (4096 -1536.079956 64 ) (4096 -1536.079956 128 ) (4096 -1024 128 ) (4096 -1024 64 ) 
4 114 115 (4096 -1536.079956 128 ) (4096 -1536.079956 188 ) (4096 -1024 188 ) (4096 -1024 128 ) 
4 115 119 (3072 -1024 1598 ) (3072 -1024 128 ) (3072 -1536.079956 128 ) (3072 -1536.079956 1598 ) 
4 115 117 (3125.669922 -1536.079956 128 ) (3102.669922 -1536.079956 128 ) (3102.669922 -1147.599976 128 ) (3125.669922 -1147.599976 128 ) 
4 115 116 (4096 -1536.079956 128 ) (3125.669922 -1536.079956 128 ) (3125.669922 -1024 128 ) (4096 -1024 128 ) 
4 115 118 (3102.669922 -1536.079956 128 ) (3072 -1536.079956 128 ) (3072 -1024 128 ) (3102.669922 -1024 128 ) 
4 116 117 (3125.669922 -1147.599976 64 ) (3125.669922 -1536.079956 64 ) (3125.669922 -1536.079956 128 ) (3125.669922 -1147.599976 128 ) 
4 117 118 (3102.669922 -1147.599976 64 ) (3102.669922 -1536.079956 64 ) (3102.669922 -1536.079956 128 ) (3102.669922 -1147.599976 128 ) 
4 118 119 (3072 -1024 128 ) (3072 -1024 64 ) (3072 -1536.079956 64 ) (3072 -1536.079956 128 ) 
4 119 120 (2633 -1247.750000 13 ) (2633 -1247.750000 1598 ) (2633 -1024 1598 ) (2633 -1024 13 ) 
4 119 122 (2633 -1247.750000 -45.750015 ) (2633 -1536.079956 -45.750015 ) (2633 -1536.079956 1598 ) (2633 -1247.750000 1598 ) 
4 120 123 (2610 -1247.750000 13 ) (2610 -1247.750000 1598 ) (2610 -1024 1598 ) (2610 -1024 13 ) 
4 120 122 (2610 -1247.750000 1598 ) (2610 -1247.750000 13 ) (2633 -1247.750000 13 ) (2633 -1247.750000 1598 ) 
3 121 122 (2610 -1247.750000 -51 ) (2610 -1247.750000 -51.499878 ) (2612 -1247.750000 -51 ) 
4 121 123 (2610 -1024 -51.499947 ) (2610 -1247.750000 -51.499947 ) (2610 -1247.750000 -51 ) (2610 -1024 -51 ) 
4 122 123 (2610 -1247.750000 -51.499947 ) (2610 -1536.079956 -51.499947 ) (2610 -1536.079956 1598 ) (2610 -1247.750000 1598 ) 
4 123 129 (2048 -1024 1598 ) (2048 -1024 -106 ) (2048 -1536.079956 -106 ) (2048 -1536.079956 1598 ) 
4 123 125 (2135 -1103.959961 -106 ) (2135 -1024 -106 ) (2158 -1024 -106 ) (2158 -1103.959961 -106 ) 
4 123 127 (2158 -1536.079956 -106 ) (2135 -1536.079956 -106 ) (2135 -1342.959961 -106 ) (2158 -1342.959961 -106 ) 
4 123 124 (2391.998047 -1024 -106 ) (2391.998047 -1536.079956 -106 ) (2158 -1536.079956 -106 ) (2158 -1024 -106 ) 
4 123 128 (2135 -1536.079956 -106 ) (2048 -1536.079956 -106 ) (2048 -1024 -106 ) (2135 -1024 -106 ) 
4 124 125 (2158 -1024 -164.500015 ) (2158 -1103.959961 -164.500015 ) (2158 -1103.959961 -106 ) (2158 -1024 -106 ) 
4 124 127 (2158 -1342.959961 -164.500015 ) (2158 -1536.079956 -164.500015 ) (2158 -1536.079956 -106 ) (2158 -1342.959961 -106 ) 
3 125 126 (2135 -1103.959961 -170 ) (2135 -1103.959961 -170.250015 ) (2136 -1103.959961 -170 ) 
4 125 128 (2135 -1024 -170.250000 ) (2135 -1103.959961 -170.250000 ) (2135 -1103.959961 -106 ) (2135 -1024 -106 ) 
4 126 128 (2135 -1103.959961 -170.250000 ) (2135 -1342.959961 -170.250000 ) (2135 -1342.959961 -170 ) (2135 -1103.959961 -170 ) 
3 126 127 (2135 -1342.959961 -170 ) (2135 -1342.959961 -170.250015 ) (2136 -1342.959961 -170 ) 
4 127 128 (2135 -1342.959961 -170.250000 ) (2135 -1536.079956 -170.250000 ) (2135 -1536.079956 -106 ) (2135 -1342.959961 -106 ) 
4 128 129 (2048 -1024 -106 ) (2048 -1024 -192 ) (2048 -1536.079956 -192 ) (2048 -1536.079956 -106 ) 
4 129 130 (1646 -1176.110107 -235 ) (1646 -1176.110107 1598 ) (1646 -1024 1598 ) (1646 -1024 -235 ) 
4 129 131 (1646 -1176.110107 -292.498077 ) (1646 -1536 -292.498108 ) (1646 -1536 1598 ) (1646 -1176.110107 1598 ) 
4 130 131 (1623 -1176.110107 1598 ) (1623 -1176.110107 -235 ) (1646 -1176.110107 -235 ) (1646 -1176.110107 1598 ) 
4 130 132 (1623 -1176.110107 -235 ) (1623 -1176.110107 1598 ) (1623 -1024 1598 ) (1623 -1024 -235 ) 
4 131 132 (1623 -1176.110107 -298.248077 ) (1623 -1536 -298.248108 ) (1623 -1536 1598 ) (1623 -1176.110107 1598 ) 
3 132 175 (1536.803101 -1536 -319.799225 ) (1544 -1536 -318 ) (1529.002930 -1536 -318 ) 
7 132 144 (1477.126831 -1536 -305.281647 ) (1528 -1536 -318 ) (1544 -1536 -318 ) (1598 -1536 -304.500000 ) (1598 -1536 -302.716278 ) (1594.673706 -1536 -259 ) (1485.245850 -1536 -259 ) 
4 132 143 (1594.673706 -1536 -259 ) (1590.355591 -1536 -202.246826 ) (1497.001709 -1536 -192 ) (1485.246582 -1536 -259 ) 
4 132 134 (1126 -1400.720093 -155 ) (1126 -1400.720093 1598 ) (1126 -1161.719971 1598 ) (1126 -1161.719971 -155 ) 
4 132 133 (1126 -1024 -217.498016 ) (1126 -1161.719971 -217.498016 ) (1126 -1161.719971 1598 ) (1126 -1024 1598 ) 
4 132 135 (1126 -1400.720093 -217.498001 ) (1126 -1536 -217.498001 ) (1126 -1536 1598 ) (1126 -1400.720093 1598 ) 
4 133 134 (1103 -1161.719971 1598 ) (1103 -1161.719971 -155 ) (1126 -1161.719971 -155 ) (1126 -1161.719971 1598 ) 
4 133 136 (1103 -1024 -211.748016 ) (1103 -1161.719971 -211.748016 ) (1103 -1161.719971 1598 ) (1103 -1024 1598 ) 
4 134 136 (1103 -1400.720093 -155 ) (1103 -1400.720093 1598 ) (1103 -1161.719971 1598 ) (1103 -1161.719971 -155 ) 
4 134 135 (1103 -1400.720093 1598 ) (1103 -1400.720093 -155 ) (1126 -1400.720093 -155 ) (1126 -1400.720093 1598 ) 
4 135 136 (1103 -1400.720093 -211.748001 ) (1103 -1536 -211.748001 ) (1103 -1536 1598 ) (1103 -1400.720093 1598 ) 
4 136 182 (1024 -1536 -192 ) (1024 -1536 1598 ) (1024 -1024 1598 ) (1024 -1024 -192 ) 
3 137 175 (1600.779785 -1537.244751 -318 ) (1600 -1537.231201 -318 ) (1600 -1536.644409 -318 ) 
4 137 141 (1600 -1536.644409 -318 ) (1600 -1537.231201 -318 ) (1600 -1538 -307.769623 ) (1600 -1538 -294.857147 ) 
3 137 138 (1600 -1538 -294.857147 ) (1600 -1538 -307.769623 ) (1601 -1538 -308 ) 
4 138 181 (1600 -1787 -318 ) (1600 -1729 -318 ) (1723 -1729 -318 ) (1723 -1787 -318 ) 
4 138 176 (1600 -1729 -318 ) (1600 -1538 -318 ) (1723 -1538 -318 ) (1723 -1729 -318 ) 
4 138 142 (1600 -1728 -318 ) (1600 -1787 -318 ) (1600 -1787 124 ) (1600 -1728 124 ) 
4 138 140 (1600 -1787 124 ) (1600 -1787 187 ) (1600 -1728 187 ) (1600 -1728 124 ) 
4 138 139 (1600 -1728 187 ) (1600 -1538 187 ) (1600 -1538 128 ) (1600 -1728 128 ) 
4 139 148 (1598 -1728 187 ) (1598 -1538 187 ) (1598 -1538 128 ) (1598 -1728 128 ) 
4 139 140 (1598 -1728 187 ) (1598 -1728 128 ) (1600 -1728 128 ) (1600 -1728 187 ) 
4 140 153 (1598 -1728 126 ) (1598 -1728 124 ) (1598 -1731 124 ) (1598 -1731 126 ) 
4 140 149 (1598 -1728 128 ) (1598 -1728 126 ) (1598 -1731 126 ) (1598 -1731 128 ) 
4 140 148 (1598 -1731 187 ) (1598 -1728 187 ) (1598 -1728 128 ) (1598 -1731 128 ) 
4 140 173 (1598 -1787 187 ) (1598 -1731 187 ) (1598 -1731 124 ) (1598 -1787 124 ) 
4 140 142 (1598 -1787 124 ) (1598 -1728 124 ) (1600 -1728 124 ) (1600 -1787 124 ) 
5 141 175 (1598 -1536 -318 ) (1599.162964 -1536 -318 ) (1600 -1536.644409 -318 ) (1600 -1537.231201 -318 ) (1598 -1537.196411 -318 ) 
5 141 144 (1598 -1536 -318 ) (1598 -1537.196411 -318 ) (1598 -1538 -307.306122 ) (1598 -1538 -268.573242 ) (1598 -1536 -302.716034 ) 
4 142 181 (1600 -1729 -318 ) (1600 -1787 -318 ) (1598 -1787 -318 ) (1598 -1729 -318 ) 
4 142 178 (1600 -1728 -318 ) (1600 -1729 -318 ) (1598 -1729 -318 ) (1598 -1728 -318 ) 
4 142 167 (1598 -1728 -318 ) (1598 -1729 -318 ) (1598 -1729 -259 ) (1598 -1728 -259 ) 
4 142 170 (1598 -1729 -318 ) (1598 -1731 -318 ) (1598 -1731 -259 ) (1598 -1729 -259 ) 
4 142 158 (1598 -1731 -259 ) (1598 -1731 -55.989403 ) (1598 -1728 -55.989403 ) (1598 -1728 -259 ) 
4 142 156 (1598 -1731 -55.989403 ) (1598 -1731 124 ) (1598 -1728 124 ) (1598 -1728 -55.989403 ) 
4 142 173 (1598 -1731 -318 ) (1598 -1787 -318 ) (1598 -1787 124 ) (1598 -1731 124 ) 
5 143 154 (1597.271729 -1538 -259 ) (1594 -1538 -216 ) (1474.718506 -1538 -202.908417 ) (1474 -1538 -207.003616 ) (1474 -1538 -259 ) 
5 143 144 (1475 -1537.006104 -259 ) (1485.246704 -1536 -259 ) (1594.677246 -1536 -259 ) (1597.275024 -1538 -259 ) (1475 -1538 -259 ) 
3 144 175 (1529.005371 -1536 -318 ) (1598 -1536 -318 ) (1598 -1537.196411 -318 ) 
5 144 165 (1475 -1538 -318 ) (1598 -1538 -318 ) (1598 -1538 -268.571503 ) (1597.271729 -1538 -259 ) (1475 -1538 -259 ) 
5 144 147 (1475 -1537 -292.229889 ) (1475 -1536.265137 -302.008636 ) (1475 -1536 -317.401794 ) (1475 -1536 -318 ) (1475 -1537 -318 ) 
3 144 146 (1475 -1537 -259.354279 ) (1475 -1536.265137 -302.008636 ) (1475 -1537 -292.229889 ) 
3 144 145 (1475 -1536 -317.383484 ) (1475 -1536.264771 -302.013947 ) (1476.997437 -1536 -305.998047 ) 
3 145 147 (1475 -1536 -305.537323 ) (1475 -1536 -317.401794 ) (1475 -1536.265137 -302.008636 ) 
4 146 147 (1475 -1536.265259 -302.004944 ) (1475 -1537 -292.227325 ) (1474 -1537 -291.996582 ) (1474 -1536.397949 -300.009308 ) 
4 148 149 (1598 -1731 128 ) (1343 -1731 128 ) (1343 -1728 128 ) (1598 -1728 128 ) 
4 148 150 (1343 -1731 128 ) (1341 -1731 128 ) (1341 -1538 128 ) (1343 -1538 128 ) 
4 148 173 (1341 -1731 187 ) (1341 -1731 128 ) (1598 -1731 128 ) (1598 -1731 187 ) 
4 148 174 (1341 -1538 187 ) (1341 -1538 128 ) (1341 -1731 128 ) (1341 -1731 187 ) 
4 149 153 (1598 -1731 126 ) (1343 -1731 126 ) (1343 -1728 126 ) (1598 -1728 126 ) 
4 149 150 (1343 -1728 126 ) (1343 -1731 126 ) (1343 -1731 128 ) (1343 -1728 128 ) 
4 149 173 (1343 -1731 126 ) (1598 -1731 126 ) (1598 -1731 128 ) (1343 -1731 128 ) 
4 150 172 (1342 -1731 126 ) (1341 -1731 126 ) (1341 -1539 126 ) (1342 -1539 126 ) 
4 150 152 (1342 -1728 126 ) (1342 -1726 126 ) (1343 -1726 126 ) (1343 -1728 126 ) 
4 150 151 (1342 -1726 126 ) (1342 -1539 126 ) (1343 -1539 126 ) (1343 -1726 126 ) 
4 150 153 (1343 -1731 126 ) (1342 -1731 126 ) (1342 -1728 126 ) (1343 -1728 126 ) 
4 150 173 (1341 -1731 128 ) (1341 -1731 126 ) (1343 -1731 126 ) (1343 -1731 128 ) 
4 150 174 (1341 -1538 128 ) (1341 -1538 126 ) (1341 -1731 126 ) (1341 -1731 128 ) 
4 151 172 (1342 -1726 126 ) (1342 -1539 126 ) (1342 -1539 125 ) (1342 -1726 125 ) 
4 151 152 (1342 -1726 126 ) (1342 -1726 125 ) (1343 -1726 125 ) (1343 -1726 126 ) 
4 152 172 (1342 -1728 126 ) (1342 -1726 126 ) (1342 -1726 124 ) (1342 -1728 124 ) 
4 152 164 (1342 -1728 124 ) (1342 -1726 124 ) (1343 -1726 124 ) (1343 -1728 124 ) 
4 152 153 (1342 -1728 126 ) (1342 -1728 124 ) (1343 -1728 124 ) (1343 -1728 126 ) 
4 153 172 (1342 -1731 124 ) (1342 -1731 126 ) (1342 -1728 126 ) (1342 -1728 124 ) 
4 153 164 (1344 -1731 124 ) (1342 -1731 124 ) (1342 -1728 124 ) (1344 -1728 124 ) 
4 153 163 (1347 -1731 124 ) (1344 -1731 124 ) (1344 -1728 124 ) (1347 -1728 124 ) 
4 153 162 (1469 -1731 124 ) (1347 -1731 124 ) (1347 -1728 124 ) (1469 -1728 124 ) 
4 153 156 (1598 -1731 124 ) (1469 -1731 124 ) (1469 -1728 124 ) (1598 -1728 124 ) 
4 153 173 (1598 -1731 124 ) (1598 -1731 126 ) (1342 -1731 126 ) (1342 -1731 124 ) 
4 154 165 (1475 -1538 -259 ) (1598 -1538 -259 ) (1598 -1539 -259 ) (1475 -1539 -259 ) 
4 154 159 (1475 -1539 -257 ) (1475 -1539 -192 ) (1474 -1539 -192 ) (1474 -1539 -257 ) 
4 154 157 (1475 -1539 -259 ) (1598 -1539 -259 ) (1598 -1539 -192 ) (1475 -1539 -192 ) 
4 155 161 (1469 -1539 124 ) (1469 -1539 -45.939301 ) (1469 -1726 -45.939301 ) (1469 -1726 124 ) 
4 156 162 (1469 -1728 -55.989403 ) (1469 -1731 -55.989403 ) (1469 -1731 124 ) (1469 -1728 124 ) 
4 156 160 (1475 -1731 -55.989403 ) (1469 -1731 -55.989403 ) (1469 -1728 -55.989403 ) (1475 -1728 -55.989403 ) 
4 156 158 (1598 -1731 -55.989403 ) (1475 -1731 -55.989403 ) (1475 -1728 -55.989403 ) (1598 -1728 -55.989403 ) 
4 156 173 (1598 -1731 -55.989403 ) (1598 -1731 124 ) (1469 -1731 124 ) (1469 -1731 -55.989403 ) 
4 157 165 (1475 -1726 -259 ) (1475 -1539 -259 ) (1598 -1539 -259 ) (1598 -1726 -259 ) 
4 157 159 (1475 -1726 -55.989403 ) (1475 -1539 -55.989403 ) (1475 -1539 -257 ) (1475 -1726 -257 ) 
4 158 167 (1475 -1729 -259 ) (1475 -1728 -259 ) (1598 -1728 -259 ) (1598 -1729 -259 ) 
4 158 170 (1598 -1731 -259 ) (1475 -1731 -259 ) (1475 -1729 -259 ) (1598 -1729 -259 ) 
4 158 160 (1475 -1731 -55.989403 ) (1475 -1728 -55.989403 ) (1475 -1728 -257 ) (1475 -1731 -257 ) 
4 158 173 (1598 -1731 -259 ) (1598 -1731 -55.989403 ) (1475 -1731 -55.989403 ) (1475 -1731 -259 ) 
4 159 161 (1469 -1539 -55.989403 ) (1469 -1539 -257 ) (1469 -1726 -257 ) (1469 -1726 -55.989403 ) 
4 160 162 (1469 -1731 -257 ) (1469 -1731 -55.989403 ) (1469 -1728 -55.989403 ) (1469 -1728 -257 ) 
4 160 173 (1475 -1731 -55.989403 ) (1469 -1731 -55.989403 ) (1469 -1731 -257 ) (1475 -1731 -257 ) 
4 162 163 (1347 -1731 -257 ) (1347 -1731 124 ) (1347 -1728 124 ) (1347 -1728 -257 ) 
4 162 173 (1469 -1731 124 ) (1347 -1731 124 ) (1347 -1731 -257 ) (1469 -1731 -257 ) 
4 163 168 (1344 -1729 -259 ) (1344 -1728 -259 ) (1347 -1728 -259 ) (1347 -1729 -259 ) 
4 163 170 (1347 -1731 -259 ) (1344 -1731 -259 ) (1344 -1729 -259 ) (1347 -1729 -259 ) 
4 163 164 (1344 -1728 -259 ) (1344 -1731 -259 ) (1344 -1731 124 ) (1344 -1728 124 ) 
4 163 173 (1347 -1731 124 ) (1344 -1731 124 ) (1344 -1731 -259 ) (1347 -1731 -259 ) 
4 164 172 (1342 -1731 -259 ) (1342 -1731 124 ) (1342 -1726 124 ) (1342 -1726 -259 ) 
4 164 169 (1342 -1729 -259 ) (1342 -1726 -259 ) (1344 -1726 -259 ) (1344 -1729 -259 ) 
4 164 170 (1344 -1731 -259 ) (1342 -1731 -259 ) (1342 -1729 -259 ) (1344 -1729 -259 ) 
4 164 173 (1344 -1731 124 ) (1342 -1731 124 ) (1342 -1731 -259 ) (1344 -1731 -259 ) 
4 166 180 (1348 -1538 -318 ) (1472 -1538 -318 ) (1472 -1726 -318 ) (1348 -1726 -318 ) 
4 167 178 (1598 -1728 -318 ) (1598 -1729 -318 ) (1475 -1729 -318 ) (1475 -1728 -318 ) 
4 167 170 (1598 -1729 -318 ) (1598 -1729 -259 ) (1475 -1729 -259 ) (1475 -1729 -318 ) 
4 168 180 (1472 -1729 -318 ) (1344 -1729 -318 ) (1344 -1728 -318 ) (1472 -1728 -318 ) 
4 168 170 (1472 -1729 -259 ) (1344 -1729 -259 ) (1344 -1729 -318 ) (1472 -1729 -318 ) 
4 168 169 (1344 -1728 -318 ) (1344 -1729 -318 ) (1344 -1729 -259 ) (1344 -1728 -259 ) 
4 169 180 (1344 -1729 -318 ) (1342 -1729 -318 ) (1342 -1726 -318 ) (1344 -1726 -318 ) 
4 169 172 (1342 -1729 -259 ) (1342 -1726 -259 ) (1342 -1726 -318 ) (1342 -1729 -318 ) 
4 169 170 (1344 -1729 -259 ) (1342 -1729 -259 ) (1342 -1729 -318 ) (1344 -1729 -318 ) 
4 170 181 (1598 -1729 -318 ) (1598 -1731 -318 ) (1342 -1731 -318 ) (1342 -1729 -318 ) 
4 170 172 (1342 -1731 -318 ) (1342 -1731 -259 ) (1342 -1729 -259 ) (1342 -1729 -318 ) 
4 170 173 (1342 -1731 -318 ) (1598 -1731 -318 ) (1598 -1731 -259 ) (1342 -1731 -259 ) 
4 171 180 (1341 -1538 -318 ) (1342 -1538 -318 ) (1342 -1539 -318 ) (1341 -1539 -318 ) 
4 171 172 (1342 -1539 -318 ) (1342 -1539 -81.979706 ) (1341 -1539 -81.979706 ) (1341 -1539 -318 ) 
4 171 174 (1341 -1538 -81.986450 ) (1341 -1538 -318 ) (1341 -1539 -318 ) (1341 -1539 -81.979706 ) 
4 172 181 (1342 -1729 -318 ) (1342 -1731 -318 ) (1341 -1731 -318 ) (1341 -1729 -318 ) 
4 172 180 (1342 -1539 -318 ) (1342 -1729 -318 ) (1341 -1729 -318 ) (1341 -1539 -318 ) 
4 172 174 (1341 -1539 -318 ) (1341 -1731 -318 ) (1341 -1731 126 ) (1341 -1539 126 ) 
4 172 173 (1341 -1731 126 ) (1341 -1731 -318 ) (1342 -1731 -318 ) (1342 -1731 126 ) 
4 173 181 (1598 -1731 -318 ) (1598 -1787 -318 ) (1341 -1787 -318 ) (1341 -1731 -318 ) 
4 173 174 (1341 -1731 -318 ) (1341 -1787 -318 ) (1341 -1787 187 ) (1341 -1731 187 ) 
4 174 181 (1341 -1729 -318 ) (1341 -1787 -318 ) (1285 -1787 -318 ) (1285 -1729 -318 ) 
4 174 180 (1285 -1538 -318 ) (1341 -1538 -318 ) (1341 -1729 -318 ) (1285 -1729 -318 ) 
4 176 181 (1600 -1729 -379 ) (1723 -1729 -379 ) (1723 -1729 -318 ) (1600 -1729 -318 ) 
4 176 178 (1600 -1728 -341 ) (1600 -1729 -341 ) (1600 -1729 -318 ) (1600 -1728 -318 ) 
4 176 177 (1600 -1538 -320 ) (1600 -1538 -341 ) (1600 -1728 -341 ) (1600 -1728 -320 ) 
4 176 179 (1600 -1538 -341 ) (1600 -1538 -379 ) (1600 -1729 -379 ) (1600 -1729 -341 ) 
4 177 178 (1475 -1728 -341 ) (1600 -1728 -341 ) (1600 -1728 -320 ) (1475 -1728 -320 ) 
4 177 179 (1475 -1538 -341 ) (1600 -1538 -341 ) (1600 -1728 -341 ) (1475 -1728 -341 ) 
4 178 181 (1600 -1729 -341 ) (1600 -1729 -318 ) (1475 -1729 -318 ) (1475 -1729 -341 ) 
4 178 179 (1475 -1728 -341 ) (1600 -1728 -341 ) (1600 -1729 -341 ) (1475 -1729 -341 ) 
4 179 181 (1472 -1729 -379 ) (1600 -1729 -379 ) (1600 -1729 -341 ) (1472 -1729 -341 ) 
4 179 180 (1472 -1538 -341 ) (1472 -1538 -379 ) (1472 -1729 -379 ) (1472 -1729 -341 ) 
4 180 181 (1285 -1729 -318 ) (1285 -1729 -379 ) (1472 -1729 -379 ) (1472 -1729 -318 ) 
4 182 184 (504 -1439.130127 2 ) (504 -1439.130127 1598 ) (504 -1200.130127 1598 ) (504 -1200.130127 2 ) 
4 182 183 (504 -1024 -61.998077 ) (504 -1200.130127 -61.998081 ) (504 -1200.130127 1598 ) (504 -1024 1598 ) 
4 182 185 (504 -1439.130127 -61.998089 ) (504 -1536 -61.998093 ) (504 -1536 1598 ) (504 -1439.130127 1598 ) 
4 183 184 (481 -1200.130127 1598 ) (481 -1200.130127 2 ) (504 -1200.130127 2 ) (504 -1200.130127 1598 ) 
4 183 186 (481 -1024 -56.248077 ) (481 -1200.130127 -56.248081 ) (481 -1200.130127 1598 ) (481 -1024 1598 ) 
4 184 186 (481 -1439.130127 2 ) (481 -1439.130127 1598 ) (481 -1200.130127 1598 ) (481 -1200.130127 2 ) 
4 184 185 (481 -1439.130127 1598 ) (481 -1439.130127 2 ) (504 -1439.130127 2 ) (504 -1439.130127 1598 ) 
4 185 186 (481 -1439.130127 -56.248089 ) (481 -1536 -56.248093 ) (481 -1536 1598 ) (481 -1439.130127 1598 ) 
4 186 220 (0 -1536 64 ) (0 -1536 119 ) (0 -1134 119 ) (0 -1134 64 ) 
4 186 219 (0 -1536 119 ) (0 -1536 1598 ) (0 -1024 1598 ) (0 -1024 119 ) 
4 186 187 (0 -1536 1409 ) (0 -1536 693 ) (2 -1536 693 ) (2 -1536 1409 ) 
4 187 222 (0 -1538 693 ) (0 -1538 1409 ) (0 -1536 1409 ) (0 -1536 693 ) 
4 187 188 (2 -1538 1409 ) (0 -1538 1409 ) (0 -1538 693 ) (2 -1538 693 ) 
4 188 223 (0 -1543 1409 ) (0 -1538 1409 ) (0 -1538 693 ) (0 -1543 693 ) 
4 188 189 (2 -1543 693 ) (2 -1543 1409 ) (0 -1543 1409 ) (0 -1543 693 ) 
4 189 224 (0 -2048 -1789 ) (0 -2048 1409 ) (0 -1543 1409 ) (0 -1543 -1789 ) 
4 189 190 (0 -2048 1409 ) (0 -2048 -1789 ) (2 -2048 -1789 ) (2 -2048 1409 ) 
4 190 264 (0 -2470 1409 ) (0 -2048 1409 ) (0 -2048 -1789 ) (0 -2470 -1789 ) 
4 191 192 (0 2048 -1789 ) (0 2048 1409 ) (-997 2048 1409 ) (-997 2048 -1789 ) 
4 192 193 (-997 1551 1409 ) (-997 1551 704 ) (0 1551 704 ) (0 1551 1409 ) 
4 193 194 (0 1538 704 ) (0 1538 1409 ) (-997 1538 1409 ) (-997 1538 704 ) 
4 194 195 (-999 1536.079956 693 ) (0 1536.079956 693 ) (0 1536.079956 1411 ) (-999 1536.079956 1411 ) 
4 195 205 (-656.754028 1024 128 ) (-679.754028 1024 128 ) (-679.754028 1024 64 ) (-656.754028 1024 64 ) 
4 195 207 (-679.754028 1024 128 ) (-1024 1024 128 ) (-1024 1024 64 ) (-679.754028 1024 64 ) 
4 195 202 (-30.024900 1024 128 ) (-53.024899 1024 128 ) (-53.024899 1024 64 ) (-30.024900 1024 64 ) 
4 195 201 (0 1024 64 ) (0 1024 128 ) (-30.024900 1024 128 ) (-30.024900 1024 64 ) 
4 195 204 (-53.024899 1024 128 ) (-656.754028 1024 128 ) (-656.754028 1024 64 ) (-53.024899 1024 64 ) 
4 195 200 (0 1024 128 ) (0 1024 1598 ) (-1024 1024 1598 ) (-1024 1024 128 ) 
4 195 199 (-1024 1024 64 ) (-1024 1024 188 ) (-1024 1536.079956 188 ) (-1024 1536.079956 64 ) 
4 195 198 (-1024 1024 188 ) (-1024 1024 693 ) (-1024 1536.079956 693 ) (-1024 1536.079956 188 ) 
4 195 197 (-1024 1024 693 ) (-1024 1024 1411 ) (-1024 1536.079956 1411 ) (-1024 1536.079956 693 ) 
4 195 196 (-1024 1024 1411 ) (-1024 1024 1598 ) (-1024 1536.079956 1598 ) (-1024 1536.079956 1411 ) 
4 196 215 (-1024 1024 1411 ) (-1024 1024 1598 ) (-1537.040039 1024 1598 ) (-1537.040039 1024 1411 ) 
4 196 197 (-1024 1024 1411 ) (-1537.040039 1024 1411 ) (-1537.040039 1536.079956 1411 ) (-1024 1536.079956 1411 ) 
4 197 215 (-1024 1024 693 ) (-1024 1024 1411 ) (-1537.040039 1024 1411 ) (-1537.040039 1024 693 ) 
4 197 198 (-1537.040039 1024 693 ) (-1537.040039 1536.079956 693 ) (-1024 1536.079956 693 ) (-1024 1024 693 ) 
4 198 215 (-1024 1024 188 ) (-1024 1024 693 ) (-1537.040039 1024 693 ) (-1537.040039 1024 188 ) 
4 198 199 (-1024 1024 188 ) (-1536 1024 188 ) (-1536 1536.079956 188 ) (-1024 1536.079956 188 ) 
4 199 216 (-1024 1024 64 ) (-1024 1024 188 ) (-1536 1024 188 ) (-1536 1024 64 ) 
4 200 216 (-1024 1024 188 ) (-1024 1024 128 ) (-1024 0 128 ) (-1024 0 188 ) 
4 200 215 (-1024 1024 1598 ) (-1024 1024 188 ) (-1024 0 188 ) (-1024 0 1598 ) 
4 200 208 (0 0 128 ) (0 0 1598 ) (-1024 0 1598 ) (-1024 0 128 ) 
4 200 205 (-679.754028 288 128 ) (-679.754028 1024 128 ) (-656.754028 1024 128 ) (-656.754028 288 128 ) 
4 200 206 (-656.754028 0 128 ) (-679.754028 0 128 ) (-679.754028 49 128 ) (-656.754028 49 128 ) 
4 200 207 (-679.754028 0 128 ) (-1024 0 128 ) (-1024 1024 128 ) (-679.754028 1024 128 ) 
4 200 202 (-53.024899 958.985046 128 ) (-53.024899 1024 128 ) (-30.024900 1024 128 ) (-30.024900 958.985046 128 ) 
4 200 203 (-30.024900 0 128 ) (-53.024899 0 128 ) (-53.024899 719.985046 128 ) (-30.024900 719.985046 128 ) 
4 200 201 (0 0 128 ) (-30.024900 0 128 ) (-30.024900 1024 128 ) (0 1024 128 ) 
4 200 204 (-53.024899 0 128 ) (-656.754028 0 128 ) (-656.754028 1024 128 ) (-53.024899 1024 128 ) 
4 201 211 (-23 0 128 ) (-30.024900 0 128 ) (-30.024900 0 64 ) (-23 0 64 ) 
4 201 209 (0 0 64 ) (0 0 128 ) (-23 0 128 ) (-23 0 64 ) 
4 201 202 (-30.024900 1024 64 ) (-30.024900 958.985046 64 ) (-30.024900 958.985046 128 ) (-30.024900 1024 128 ) 
4 201 203 (-30.024900 719.985046 64 ) (-30.024900 0 64 ) (-30.024900 0 128 ) (-30.024900 719.985046 128 ) 
4 202 204 (-53.024899 1024 64 ) (-53.024899 958.985046 64 ) (-53.024899 958.985046 128 ) (-53.024899 1024 128 ) 
4 203 211 (-30.024900 0 128 ) (-53.024899 0 128 ) (-53.024899 0 64 ) (-30.024900 0 64 ) 
4 203 204 (-53.024899 719.985046 64 ) (-53.024899 0 64 ) (-53.024899 0 128 ) (-53.024899 719.985046 128 ) 
4 204 211 (-53.024899 0 128 ) (-656.754028 0 128 ) (-656.754028 0 64 ) (-53.024899 0 64 ) 
4 204 205 (-656.754028 1024 64 ) (-656.754028 288 64 ) (-656.754028 288 128 ) (-656.754028 1024 128 ) 
4 204 206 (-656.754028 49 64 ) (-656.754028 0 64 ) (-656.754028 0 128 ) (-656.754028 49 128 ) 
4 205 207 (-679.754028 1024 64 ) (-679.754028 288 64 ) (-679.754028 288 128 ) (-679.754028 1024 128 ) 
4 206 211 (-656.754028 0 128 ) (-679.754028 0 128 ) (-679.754028 0 64 ) (-656.754028 0 64 ) 
4 206 207 (-679.754028 49 64 ) (-679.754028 0 64 ) (-679.754028 0 128 ) (-679.754028 49 128 ) 
4 207 216 (-1024 1024 128 ) (-1024 1024 64 ) (-1024 0 64 ) (-1024 0 128 ) 
4 207 212 (-854.387085 0 128 ) (-877.387085 0 128 ) (-877.387085 0 64 ) (-854.387085 0 64 ) 
4 207 211 (-679.754028 0 128 ) (-854.387085 0 128 ) (-854.387085 0 64 ) (-679.754028 0 64 ) 
4 207 214 (-877.387085 0 128 ) (-1024 0 128 ) (-1024 0 64 ) (-877.387085 0 64 ) 
4 208 219 (0 -1024 128 ) (0 -1024 1598 ) (-1024 -1024 1598 ) (-1024 -1024 128 ) 
4 208 218 (-1024 -1024 128 ) (-1024 -1024 188 ) (-1024 0 188 ) (-1024 0 128 ) 
4 208 217 (-1024 -1024 188 ) (-1024 -1024 1598 ) (-1024 0 1598 ) (-1024 0 188 ) 
4 208 212 (-877.387085 -539 128 ) (-877.387085 0 128 ) (-854.387085 0 128 ) (-854.387085 -539 128 ) 
4 208 213 (-854.387085 -1024 128 ) (-877.387085 -1024 128 ) (-877.387085 -778 128 ) (-854.387085 -778 128 ) 
4 208 211 (-23 -1024 128 ) (-854.387085 -1024 128 ) (-854.387085 0 128 ) (-23 0 128 ) 
4 208 214 (-877.387085 -1024 128 ) (-1024 -1024 128 ) (-1024 0 128 ) (-877.387085 0 128 ) 
4 208 210 (0 -1024 128 ) (-23 -1024 128 ) (-23 -895 128 ) (0 -895 128 ) 
4 208 209 (-23 -895 128 ) (-23 0 128 ) (0 0 128 ) (0 -895 128 ) 
4 209 211 (-23 0 64 ) (-23 -895 64 ) (-23 -895 128 ) (-23 0 128 ) 
4 209 210 (-23 -895 128 ) (-23 -895 119 ) (0 -895 119 ) (0 -895 128 ) 
4 210 219 (0 -1024 119 ) (0 -1024 128 ) (-23 -1024 128 ) (-23 -1024 119 ) 
4 210 211 (-23 -1024 119 ) (-23 -1024 128 ) (-23 -895 128 ) (-23 -895 119 ) 
4 211 221 (-854.387085 -1024 119 ) (-854.387085 -1024 64 ) (-23 -1024 64 ) (-23 -1024 119 ) 
4 211 219 (-23 -1024 128 ) (-854.387085 -1024 128 ) (-854.387085 -1024 119 ) (-23 -1024 119 ) 
4 211 212 (-854.387085 0 64 ) (-854.387085 -539 64 ) (-854.387085 -539 128 ) (-854.387085 0 128 ) 
4 211 213 (-854.387085 -778 64 ) (-854.387085 -1024 64 ) (-854.387085 -1024 128 ) (-854.387085 -778 128 ) 
4 212 214 (-877.387085 0 64 ) (-877.387085 -539 64 ) (-877.387085 -539 128 ) (-877.387085 0 128 ) 
4 213 221 (-877.387085 -1024 119 ) (-877.387085 -1024 64 ) (-854.387085 -1024 64 ) (-854.387085 -1024 119 ) 
4 213 219 (-854.387085 -1024 128 ) (-877.387085 -1024 128 ) (-877.387085 -1024 119 ) (-854.387085 -1024 119 ) 
4 213 214 (-877.387085 -778 64 ) (-877.387085 -1024 64 ) (-877.387085 -1024 128 ) (-877.387085 -778 128 ) 
4 214 221 (-1024 -1024 119 ) (-1024 -1024 64 ) (-877.387085 -1024 64 ) (-877.387085 -1024 119 ) 
4 214 219 (-877.387085 -1024 128 ) (-1024 -1024 128 ) (-1024 -1024 119 ) (-877.387085 -1024 119 ) 
4 214 218 (-1024 -1024 64 ) (-1024 -1024 128 ) (-1024 0 128 ) (-1024 0 64 ) 
4 215 217 (-1024 0 188 ) (-1024 0 1598 ) (-1537.040039 0 1598 ) (-1537.040039 0 188 ) 
4 215 216 (-1024 0 188 ) (-1536 0 188 ) (-1536 1024 188 ) (-1024 1024 188 ) 
4 216 218 (-1024 0 64 ) (-1024 0 188 ) (-1536 0 188 ) (-1536 0 64 ) 
4 217 263 (-1536 -1024 530 ) (-1537.040039 -1024 530 ) (-1537.040039 -1024 188 ) (-1536 -1024 188 ) 
4 217 262 (-1534 -1024 530 ) (-1536 -1024 530 ) (-1536 -1024 188 ) (-1534 -1024 188 ) 
4 217 232 (-1175 -1024 530 ) (-1534 -1024 530 ) (-1534 -1024 188 ) (-1175 -1024 188 ) 
4 217 231 (-1173 -1024 530 ) (-1175 -1024 530 ) (-1175 -1024 188 ) (-1173 -1024 188 ) 
4 217 230 (-1024 -1024 188 ) (-1024 -1024 530 ) (-1173 -1024 530 ) (-1173 -1024 188 ) 
4 217 227 (-1173 -1024 693 ) (-1536 -1024 693 ) (-1536 -1024 530 ) (-1173 -1024 530 ) 
4 217 226 (-1024 -1024 530 ) (-1024 -1024 693 ) (-1173 -1024 693 ) (-1173 -1024 530 ) 
4 217 229 (-1536 -1024 693 ) (-1537.040039 -1024 693 ) (-1537.040039 -1024 530 ) (-1536 -1024 530 ) 
4 217 225 (-1024 -1024 693 ) (-1024 -1024 1598 ) (-1537.040039 -1024 1598 ) (-1537.040039 -1024 693 ) 
4 217 218 (-1536 0 188 ) (-1024 0 188 ) (-1024 -1024 188 ) (-1536 -1024 188 ) 
4 218 262 (-1534 -1024 188 ) (-1536 -1024 188 ) (-1536 -1024 64 ) (-1534 -1024 64 ) 
4 218 258 (-1534 -1024 129 ) (-1534 -1024 127 ) (-1531 -1024 127 ) (-1531 -1024 129 ) 
4 218 260 (-1534 -1024 127 ) (-1534 -1024 64 ) (-1531 -1024 64 ) (-1531 -1024 127 ) 
4 218 253 (-1531 -1024 161 ) (-1534 -1024 161 ) (-1534 -1024 129 ) (-1531 -1024 129 ) 
4 218 252 (-1177 -1024 161 ) (-1531 -1024 161 ) (-1531 -1024 64 ) (-1177 -1024 64 ) 
4 218 251 (-1175 -1024 161 ) (-1177 -1024 161 ) (-1177 -1024 64 ) (-1175 -1024 64 ) 
4 218 250 (-1173 -1024 161 ) (-1175 -1024 161 ) (-1175 -1024 64 ) (-1173 -1024 64 ) 
4 218 249 (-1024 -1024 64 ) (-1024 -1024 161 ) (-1173 -1024 161 ) (-1173 -1024 64 ) 
4 218 232 (-1175 -1024 188 ) (-1534 -1024 188 ) (-1534 -1024 161 ) (-1175 -1024 161 ) 
4 218 231 (-1173 -1024 188 ) (-1175 -1024 188 ) (-1175 -1024 161 ) (-1173 -1024 161 ) 
4 218 230 (-1024 -1024 161 ) (-1024 -1024 188 ) (-1173 -1024 188 ) (-1173 -1024 161 ) 
4 219 249 (-1024 -1024 161 ) (-1024 -1024 119 ) (-1024 -1536 119 ) (-1024 -1536 161 ) 
4 219 230 (-1024 -1024 530 ) (-1024 -1024 161 ) (-1024 -1536 161 ) (-1024 -1536 530 ) 
4 219 226 (-1024 -1024 693 ) (-1024 -1024 530 ) (-1024 -1536 530 ) (-1024 -1536 693 ) 
4 219 225 (-1024 -1024 1598 ) (-1024 -1024 693 ) (-1024 -1536 693 ) (-1024 -1536 1598 ) 
4 219 222 (-997 -1536 693 ) (0 -1536 693 ) (0 -1536 1409 ) (-997 -1536 1409 ) 
4 219 220 (0 -1536 119 ) (-23 -1536 119 ) (-23 -1134 119 ) (0 -1134 119 ) 
4 219 221 (-23 -1536 119 ) (-1024 -1536 119 ) (-1024 -1024 119 ) (-23 -1024 119 ) 
4 220 221 (-23 -1134 64 ) (-23 -1536 64 ) (-23 -1536 119 ) (-23 -1134 119 ) 
4 221 249 (-1024 -1024 119 ) (-1024 -1024 64 ) (-1024 -1536 64 ) (-1024 -1536 119 ) 
4 222 223 (0 -1538 693 ) (0 -1538 1409 ) (-997 -1538 1409 ) (-997 -1538 693 ) 
4 223 224 (-997 -1543 1409 ) (-997 -1543 693 ) (0 -1543 693 ) (0 -1543 1409 ) 
4 224 264 (0 -2048 -1789 ) (0 -2048 1409 ) (-997 -2048 1409 ) (-997 -2048 -1789 ) 
4 225 228 (-1173 -1093 693 ) (-1173 -1536.079956 693 ) (-1536 -1536.079956 693 ) (-1536 -1093 693 ) 
4 225 227 (-1536 -1024 693 ) (-1173 -1024 693 ) (-1173 -1093 693 ) (-1536 -1093 693 ) 
4 225 226 (-1173 -1024 693 ) (-1024 -1024 693 ) (-1024 -1536.079956 693 ) (-1173 -1536.079956 693 ) 
4 225 229 (-1537.040039 -1536.079956 693 ) (-1537.040039 -1024 693 ) (-1536 -1024 693 ) (-1536 -1536.079956 693 ) 
4 226 230 (-1173 -1024 530 ) (-1024 -1024 530 ) (-1024 -1536.079956 530 ) (-1173 -1536.079956 530 ) 
4 226 228 (-1173 -1536.079956 532 ) (-1173 -1536.079956 693 ) (-1173 -1093 693 ) (-1173 -1093 532 ) 
4 226 227 (-1173 -1024 530 ) (-1173 -1093 530 ) (-1173 -1093 693 ) (-1173 -1024 693 ) 
4 227 262 (-1536 -1024 530 ) (-1534 -1024 530 ) (-1534 -1093 530 ) (-1536 -1093 530 ) 
4 227 232 (-1534 -1024 530 ) (-1175 -1024 530 ) (-1175 -1093 530 ) (-1534 -1093 530 ) 
4 227 231 (-1175 -1024 530 ) (-1173 -1024 530 ) (-1173 -1093 530 ) (-1175 -1093 530 ) 
4 227 228 (-1536 -1093 693 ) (-1536 -1093 532 ) (-1173 -1093 532 ) (-1173 -1093 693 ) 
4 227 229 (-1536 -1024 530 ) (-1536 -1093 530 ) (-1536 -1093 693 ) (-1536 -1024 693 ) 
4 228 229 (-1536 -1536.079956 532 ) (-1536 -1536.079956 693 ) (-1536 -1093 693 ) (-1536 -1093 532 ) 
4 229 263 (-1537.040039 -1536.079956 530 ) (-1537.040039 -1024 530 ) (-1536 -1024 530 ) (-1536 -1536.079956 530 ) 
4 230 249 (-1173 -1024 161 ) (-1024 -1024 161 ) (-1024 -1536.079956 161 ) (-1173 -1536.079956 161 ) 
4 230 231 (-1173 -1024 161 ) (-1173 -1093 161 ) (-1173 -1093 530 ) (-1173 -1024 530 ) 
4 231 250 (-1175 -1093 161 ) (-1175 -1024 161 ) (-1173 -1024 161 ) (-1173 -1093 161 ) 
4 231 232 (-1175 -1024 161 ) (-1175 -1093 161 ) (-1175 -1093 530 ) (-1175 -1024 530 ) 
4 232 262 (-1534 -1093 530 ) (-1534 -1024 530 ) (-1534 -1024 161 ) (-1534 -1093 161 ) 
4 232 253 (-1534 -1093 161 ) (-1534 -1024 161 ) (-1531 -1024 161 ) (-1531 -1093 161 ) 
4 232 252 (-1531 -1024 161 ) (-1177 -1024 161 ) (-1177 -1093 161 ) (-1531 -1093 161 ) 
4 232 251 (-1177 -1024 161 ) (-1175 -1024 161 ) (-1175 -1093 161 ) (-1177 -1093 161 ) 
4 232 233 (-1534 -1093 259 ) (-1534 -1093 161 ) (-1175 -1093 161 ) (-1175 -1093 259 ) 
4 233 253 (-1534 -1095 161 ) (-1534 -1093 161 ) (-1531 -1093 161 ) (-1531 -1095 161 ) 
4 233 252 (-1531 -1093 161 ) (-1177 -1093 161 ) (-1177 -1095 161 ) (-1531 -1095 161 ) 
4 233 251 (-1177 -1093 161 ) (-1175 -1093 161 ) (-1175 -1095 161 ) (-1177 -1095 161 ) 
4 233 236 (-1534 -1095 259 ) (-1534 -1095 161 ) (-1531 -1095 161 ) (-1531 -1095 259 ) 
4 233 235 (-1531 -1095 161 ) (-1175 -1095 161 ) (-1175 -1095 259 ) (-1531 -1095 259 ) 
4 234 245 (-1534 -1459 530 ) (-1534 -1459 302 ) (-1176.290039 -1459 302 ) (-1176.290039 -1459 530 ) 
4 234 244 (-1176.290039 -1459 302 ) (-1175 -1459 302 ) (-1175 -1459 530 ) (-1176.290039 -1459 530 ) 
4 235 252 (-1531 -1095 161 ) (-1177 -1095 161 ) (-1177 -1136 161 ) (-1531 -1136 161 ) 
4 235 251 (-1177 -1095 161 ) (-1175 -1095 161 ) (-1175 -1136 161 ) (-1177 -1136 161 ) 
4 235 238 (-1531 -1136 161 ) (-1175 -1136 161 ) (-1175 -1136 300 ) (-1531 -1136 300 ) 
4 235 237 (-1531 -1136 163 ) (-1531 -1136 300 ) (-1531 -1126 300 ) (-1531 -1126 163 ) 
4 235 236 (-1531 -1126 300 ) (-1531 -1095 300 ) (-1531 -1095 161 ) (-1531 -1126 161 ) 
4 236 253 (-1534 -1126 161 ) (-1534 -1095 161 ) (-1531 -1095 161 ) (-1531 -1126 161 ) 
4 236 237 (-1531 -1126 163 ) (-1531 -1126 300 ) (-1534 -1126 300 ) (-1534 -1126 163 ) 
4 237 239 (-1531 -1136 163 ) (-1531 -1136 300 ) (-1534 -1136 300 ) (-1534 -1136 163 ) 
4 238 252 (-1531 -1136 161 ) (-1177 -1136 161 ) (-1177 -1159 161 ) (-1531 -1159 161 ) 
4 238 251 (-1177 -1136 161 ) (-1175 -1136 161 ) (-1175 -1159 161 ) (-1177 -1159 161 ) 
4 238 243 (-1531 -1159 161 ) (-1177 -1159 161 ) (-1177 -1159 182 ) (-1531 -1159 182 ) 
4 238 242 (-1177 -1159 182 ) (-1177 -1159 300 ) (-1531 -1159 300 ) (-1531 -1159 182 ) 
4 238 241 (-1177 -1159 161 ) (-1175 -1159 161 ) (-1175 -1159 300 ) (-1177 -1159 300 ) 
4 238 240 (-1531 -1159 163 ) (-1531 -1159 300 ) (-1531 -1149 300 ) (-1531 -1149 163 ) 
4 238 239 (-1531 -1136 300 ) (-1531 -1136 161 ) (-1531 -1149 161 ) (-1531 -1149 300 ) 
4 239 255 (-1534 -1149 161 ) (-1534 -1136 161 ) (-1531 -1136 161 ) (-1531 -1149 161 ) 
4 239 240 (-1531 -1149 163 ) (-1531 -1149 300 ) (-1534 -1149 300 ) (-1534 -1149 163 ) 
4 240 243 (-1531 -1159 163 ) (-1531 -1159 182 ) (-1534 -1159 182 ) (-1534 -1159 163 ) 
4 240 242 (-1531 -1159 182 ) (-1531 -1159 300 ) (-1534 -1159 300 ) (-1534 -1159 182 ) 
4 241 251 (-1177 -1159 161 ) (-1175 -1159 161 ) (-1175 -1459 161 ) (-1177 -1459 161 ) 
4 241 247 (-1177 -1459 161 ) (-1175 -1459 161 ) (-1175 -1459 183 ) (-1177 -1459 183 ) 
4 241 245 (-1176.290039 -1459 300 ) (-1177 -1459 300 ) (-1177 -1459 299 ) (-1176.290039 -1459 299 ) 
4 241 244 (-1175 -1459 183 ) (-1175 -1459 300 ) (-1176.290039 -1459 300 ) (-1176.290039 -1459 183 ) 
4 241 243 (-1177 -1159 182 ) (-1177 -1159 161 ) (-1177 -1348.762939 161 ) (-1177 -1385.209961 182 ) 
4 241 242 (-1177 -1159 300 ) (-1177 -1159 182 ) (-1177 -1459 182 ) (-1177 -1459 300 ) 
4 242 248 (-1534 -1459 183 ) (-1534 -1459 182 ) (-1177 -1459 182 ) (-1177 -1459 183 ) 
4 242 246 (-1534 -1459 299 ) (-1534 -1459 183 ) (-1430.290039 -1459 183 ) (-1239.290039 -1459 299 ) 
4 242 245 (-1534 -1459 300 ) (-1534 -1459 299 ) (-1177 -1459 299 ) (-1177 -1459 300 ) 
4 242 243 (-1534 -1159 182 ) (-1177 -1159 182 ) (-1177 -1385.209961 182 ) (-1534 -1385.209961 182 ) 
4 243 257 (-1534 -1348.762817 161 ) (-1534 -1159 161 ) (-1531 -1159 161 ) (-1531 -1348.762817 161 ) 
4 243 252 (-1531 -1159 161 ) (-1177 -1159 161 ) (-1177 -1348.762939 161 ) (-1531 -1348.762817 161 ) 
4 244 247 (-1176.290039 -1459 183 ) (-1175 -1459 183 ) (-1175 -1534 183 ) (-1176.290039 -1534 183 ) 
4 244 245 (-1176.290039 -1459 530 ) (-1176.290039 -1459 299 ) (-1176.290039 -1534 299 ) (-1176.290039 -1534 530 ) 
4 245 246 (-1534 -1459 299 ) (-1239.290039 -1459 299 ) (-1239.290039 -1534 299 ) (-1534 -1534 299 ) 
4 246 248 (-1534 -1534 183 ) (-1534 -1459 183 ) (-1430.290039 -1459 183 ) (-1430.290039 -1534 183 ) 
4 247 251 (-1177 -1459 161 ) (-1175 -1459 161 ) (-1175 -1534 161 ) (-1177 -1534 161 ) 
4 247 248 (-1177 -1534 182 ) (-1177 -1534 183 ) (-1177 -1459 183 ) (-1177 -1459 182 ) 
4 249 250 (-1173 -1024 64 ) (-1173 -1093 64 ) (-1173 -1093 161 ) (-1173 -1024 161 ) 
4 250 251 (-1175 -1024 64 ) (-1175 -1093 64 ) (-1175 -1093 161 ) (-1175 -1024 161 ) 
4 251 252 (-1177 -1024 64 ) (-1177 -1180.412231 64 ) (-1177 -1348.762817 161 ) (-1177 -1024 161 ) 
4 252 261 (-1531 -1159 64 ) (-1531 -1180.412231 64 ) (-1531 -1293.224487 129 ) (-1531 -1159 129 ) 
4 252 258 (-1531 -1126 129 ) (-1531 -1024 129 ) (-1531 -1024 127 ) (-1531 -1126 127 ) 
4 252 259 (-1531 -1149 129 ) (-1531 -1136 129 ) (-1531 -1136 127 ) (-1531 -1149 127 ) 
4 252 260 (-1531 -1024 64 ) (-1531 -1159 64 ) (-1531 -1159 127 ) (-1531 -1024 127 ) 
4 252 257 (-1531 -1293.224487 129 ) (-1531 -1348.762817 161 ) (-1531 -1159 161 ) (-1531 -1159 129 ) 
4 252 256 (-1531 -1156 161 ) (-1531 -1152 161 ) (-1531 -1152 129 ) (-1531 -1156 129 ) 
4 252 255 (-1531 -1149 161 ) (-1531 -1136 161 ) (-1531 -1136 129 ) (-1531 -1149 129 ) 
4 252 254 (-1531 -1133 161 ) (-1531 -1129 161 ) (-1531 -1129 129 ) (-1531 -1133 129 ) 
4 252 253 (-1531 -1126 161 ) (-1531 -1024 161 ) (-1531 -1024 129 ) (-1531 -1126 129 ) 
4 253 262 (-1534 -1093 161 ) (-1534 -1024 161 ) (-1534 -1024 129 ) (-1534 -1093 129 ) 
4 253 258 (-1534 -1126 129 ) (-1534 -1024 129 ) (-1531 -1024 129 ) (-1531 -1126 129 ) 
4 255 259 (-1534 -1149 129 ) (-1534 -1136 129 ) (-1531 -1136 129 ) (-1531 -1149 129 ) 
4 257 261 (-1534 -1293.224487 129 ) (-1534 -1159 129 ) (-1531 -1159 129 ) (-1531 -1293.224609 129 ) 
4 258 262 (-1534 -1093 129 ) (-1534 -1024 129 ) (-1534 -1024 127 ) (-1534 -1093 127 ) 
4 258 260 (-1534 -1126 127 ) (-1534 -1024 127 ) (-1531 -1024 127 ) (-1531 -1126 127 ) 
4 259 260 (-1534 -1149 127 ) (-1534 -1136 127 ) (-1531 -1136 127 ) (-1531 -1149 127 ) 
4 260 262 (-1534 -1024 127 ) (-1534 -1024 64 ) (-1534 -1093 64 ) (-1534 -1093 127 ) 
4 260 261 (-1534 -1159 64 ) (-1531 -1159 64 ) (-1531 -1159 127 ) (-1534 -1159 127 ) 
4 262 263 (-1536 -1093 530 ) (-1536 -1024 530 ) (-1536 -1024 188 ) (-1536 -1093 188 ) 
