PRT1
271
814
4 0 2 (5630 3072 1534 ) (5120 3072 1534 ) (5120 3072 64 ) (5630 3072 64 ) 
4 0 1 (5120 3072 64 ) (5120 3072 1534 ) (5120 3582 1534 ) (5120 3582 64 ) 
4 1 16 (4096 3072 64 ) (4096 3072 69 ) (4096 3200 69 ) (4096 3200 64 ) 
4 1 15 (4096 3200 69 ) (4096 3582 69 ) (4096 3582 64 ) (4096 3200 64 ) 
4 1 9 (4096 3072 69 ) (4096 3072 220 ) (4096 3200 220 ) (4096 3200 69 ) 
4 1 8 (4096 3200 220 ) (4096 3582 220 ) (4096 3582 69 ) (4096 3200 69 ) 
4 1 4 (4096 3072 220 ) (4096 3072 1534 ) (4096 3582 1534 ) (4096 3582 220 ) 
4 1 3 (5120 3072 64 ) (5120 3072 1534 ) (4096 3072 1534 ) (4096 3072 64 ) 
4 2 38 (5630 2048 1534 ) (5120 2048 1534 ) (5120 2048 64 ) (5630 2048 64 ) 
4 2 3 (5120 3072 1534 ) (5120 3072 64 ) (5120 2048 64 ) (5120 2048 1534 ) 
4 3 39 (5120 2048 64 ) (5120 2048 1534 ) (4096 2048 1534 ) (4096 2048 64 ) 
4 3 31 (4096 2048 64 ) (4096 2048 69 ) (4096 3072 69 ) (4096 3072 64 ) 
4 3 22 (4096 2048 69 ) (4096 2048 220 ) (4096 3072 220 ) (4096 3072 69 ) 
4 3 19 (4096 2048 220 ) (4096 2048 225 ) (4096 3072 225 ) (4096 3072 220 ) 
4 3 18 (4096 2048 225 ) (4096 2048 1534 ) (4096 3072 1534 ) (4096 3072 225 ) 
4 4 19 (4096 3072 220 ) (4096 3072 225 ) (3456 3072 225 ) (3456 3072 220 ) 
4 4 18 (4096 3072 225 ) (4096 3072 1534 ) (3456 3072 1534 ) (3456 3072 225 ) 
4 4 9 (4096 3200 220 ) (4096 3072 220 ) (3456 3072 220 ) (3456 3200 220 ) 
4 4 8 (3456 3582 220 ) (4096 3582 220 ) (4096 3200 220 ) (3456 3200 220 ) 
4 4 6 (3456 3072 225 ) (3456 3072 1534 ) (3456 3200 1534 ) (3456 3200 225 ) 
4 4 5 (3456 3582 1534 ) (3456 3582 220 ) (3456 3200 220 ) (3456 3200 1534 ) 
4 5 13 (3200 3582 220 ) (3205 3582 220 ) (3205 3200 220 ) (3200 3200 220 ) 
4 5 10 (3205 3582 220 ) (3451 3582 220 ) (3451 3200 220 ) (3205 3200 220 ) 
4 5 8 (3451 3582 220 ) (3456 3582 220 ) (3456 3200 220 ) (3451 3200 220 ) 
4 5 6 (3200 3200 1534 ) (3200 3200 225 ) (3456 3200 225 ) (3456 3200 1534 ) 
4 5 7 (3200 3582 1534 ) (3200 3582 220 ) (3200 3200 220 ) (3200 3200 1534 ) 
4 6 18 (3456 3072 1534 ) (3200 3072 1534 ) (3200 3072 225 ) (3456 3072 225 ) 
4 6 7 (3200 3072 225 ) (3200 3072 1534 ) (3200 3200 1534 ) (3200 3200 225 ) 
4 7 34 (3072 3072 220 ) (3072 3072 1534 ) (3072 3582 1534 ) (3072 3582 220 ) 
4 7 21 (3072 3072 225 ) (3072 3072 220 ) (3200 3072 220 ) (3200 3072 225 ) 
4 7 18 (3200 3072 1534 ) (3072 3072 1534 ) (3072 3072 225 ) (3200 3072 225 ) 
4 7 14 (3072 3072 220 ) (3072 3582 220 ) (3200 3582 220 ) (3200 3072 220 ) 
4 8 15 (3451 3200 69 ) (3451 3582 69 ) (4096 3582 69 ) (4096 3200 69 ) 
4 8 10 (3451 3582 69 ) (3451 3200 69 ) (3451 3200 220 ) (3451 3582 220 ) 
4 8 9 (3456 3200 69 ) (4096 3200 69 ) (4096 3200 220 ) (3456 3200 220 ) 
4 9 22 (4096 3072 69 ) (4096 3072 220 ) (3456 3072 220 ) (3456 3072 69 ) 
4 9 16 (4096 3072 69 ) (3456 3072 69 ) (3456 3200 69 ) (4096 3200 69 ) 
4 10 15 (3205 3200 69 ) (3205 3582 69 ) (3451 3582 69 ) (3451 3200 69 ) 
4 10 13 (3205 3582 69 ) (3205 3200 69 ) (3205 3200 220 ) (3205 3582 220 ) 
4 11 12 (3205 3077 177 ) (3205 3077 69 ) (3253 3077 69 ) (3253 3077 177 ) 
4 12 27 (3205 3072 177 ) (3205 3072 69 ) (3253 3072 69 ) (3253 3072 177 ) 
4 13 15 (3200 3200 69 ) (3200 3582 69 ) (3205 3582 69 ) (3205 3200 69 ) 
4 13 14 (3200 3582 220 ) (3200 3582 69 ) (3200 3200 69 ) (3200 3200 220 ) 
4 14 34 (3072 3072 69 ) (3072 3072 220 ) (3072 3582 220 ) (3072 3582 69 ) 
4 14 30 (3200 3072 220 ) (3072 3072 220 ) (3072 3072 69 ) (3200 3072 69 ) 
4 14 17 (3200 3072 69 ) (3072 3072 69 ) (3072 3200 69 ) (3200 3200 69 ) 
4 14 15 (3072 3200 69 ) (3072 3582 69 ) (3200 3582 69 ) (3200 3200 69 ) 
4 15 34 (3072 3200 69 ) (3072 3582 69 ) (3072 3582 64 ) (3072 3200 64 ) 
4 15 16 (3456 3200 64 ) (4096 3200 64 ) (4096 3200 69 ) (3456 3200 69 ) 
4 15 17 (3072 3200 64 ) (3200 3200 64 ) (3200 3200 69 ) (3072 3200 69 ) 
4 16 31 (4096 3072 64 ) (4096 3072 69 ) (3456 3072 69 ) (3456 3072 64 ) 
4 17 34 (3072 3072 64 ) (3072 3072 69 ) (3072 3200 69 ) (3072 3200 64 ) 
4 17 33 (3200 3072 69 ) (3072 3072 69 ) (3072 3072 64 ) (3200 3072 64 ) 
4 18 44 (4096 2048 225 ) (4096 2048 1534 ) (3072 2048 1534 ) (3072 2048 225 ) 
4 18 36 (3072 2048 225 ) (3072 2048 1534 ) (3072 3072 1534 ) (3072 3072 225 ) 
4 18 20 (3456 2048 225 ) (3200 2048 225 ) (3200 2624 225 ) (3456 2624 225 ) 
4 18 19 (4096 2048 225 ) (3456 2048 225 ) (3456 3072 225 ) (4096 3072 225 ) 
4 18 21 (3200 2048 225 ) (3072 2048 225 ) (3072 3072 225 ) (3200 3072 225 ) 
4 19 44 (4096 2048 220 ) (4096 2048 225 ) (3456 2048 225 ) (3456 2048 220 ) 
4 19 22 (4096 3072 220 ) (4096 2048 220 ) (3456 2048 220 ) (3456 3072 220 ) 
4 19 20 (3456 2624 220 ) (3456 2048 220 ) (3456 2048 225 ) (3456 2624 225 ) 
4 20 44 (3456 2048 225 ) (3200 2048 225 ) (3200 2048 220 ) (3456 2048 220 ) 
4 20 25 (3451 2048 220 ) (3200 2048 220 ) (3200 2624 220 ) (3451 2624 220 ) 
4 20 23 (3456 2048 220 ) (3451 2048 220 ) (3451 2624 220 ) (3456 2624 220 ) 
4 20 21 (3200 2624 220 ) (3200 2048 220 ) (3200 2048 225 ) (3200 2624 225 ) 
4 21 44 (3200 2048 225 ) (3072 2048 225 ) (3072 2048 220 ) (3200 2048 220 ) 
4 21 36 (3072 2048 220 ) (3072 2048 225 ) (3072 3072 225 ) (3072 3072 220 ) 
4 21 30 (3200 2048 220 ) (3072 2048 220 ) (3072 3072 220 ) (3200 3072 220 ) 
4 22 44 (4096 2048 69 ) (4096 2048 220 ) (3456 2048 220 ) (3456 2048 69 ) 
4 22 31 (4096 2048 69 ) (3456 2048 69 ) (3456 3072 69 ) (4096 3072 69 ) 
4 22 23 (3456 2624 69 ) (3456 2048 69 ) (3456 2048 220 ) (3456 2624 220 ) 
4 23 44 (3456 2048 220 ) (3451 2048 220 ) (3451 2048 69 ) (3456 2048 69 ) 
4 23 32 (3456 2048 69 ) (3451 2048 69 ) (3451 2624 69 ) (3456 2624 69 ) 
4 23 29 (3451 2624 69 ) (3451 2048 69 ) (3451 2048 177 ) (3451 2624 177 ) 
4 23 25 (3451 2048 177 ) (3451 2048 220 ) (3451 2624 220 ) (3451 2624 177 ) 
4 24 26 (3451 3067 177 ) (3451 2629 177 ) (3253 2629 177 ) (3253 3067 177 ) 
4 24 27 (3253 2629 177 ) (3205 2629 177 ) (3205 3067 177 ) (3253 3067 177 ) 
4 25 44 (3451 2048 220 ) (3200 2048 220 ) (3200 2048 177 ) (3451 2048 177 ) 
4 25 29 (3200 2048 177 ) (3200 2624 177 ) (3451 2624 177 ) (3451 2048 177 ) 
4 25 30 (3200 2048 177 ) (3200 2048 220 ) (3200 2624 220 ) (3200 2624 177 ) 
4 26 27 (3253 3067 69 ) (3253 2629 69 ) (3253 2629 177 ) (3253 3067 177 ) 
4 27 28 (3205 2677 69 ) (3205 2629 69 ) (3205 2629 177 ) (3205 2677 177 ) 
4 28 30 (3200 2677 69 ) (3200 2629 69 ) (3200 2629 177 ) (3200 2677 177 ) 
4 29 44 (3200 2048 177 ) (3200 2048 69 ) (3451 2048 69 ) (3451 2048 177 ) 
4 29 32 (3451 2048 69 ) (3200 2048 69 ) (3200 2624 69 ) (3451 2624 69 ) 
4 29 30 (3200 2624 69 ) (3200 2048 69 ) (3200 2048 177 ) (3200 2624 177 ) 
4 30 44 (3200 2048 220 ) (3072 2048 220 ) (3072 2048 69 ) (3200 2048 69 ) 
4 30 36 (3072 2048 69 ) (3072 2048 220 ) (3072 3072 220 ) (3072 3072 69 ) 
4 30 33 (3200 2048 69 ) (3072 2048 69 ) (3072 3072 69 ) (3200 3072 69 ) 
4 31 44 (4096 2048 64 ) (4096 2048 69 ) (3456 2048 69 ) (3456 2048 64 ) 
4 31 32 (3456 2624 64 ) (3456 2048 64 ) (3456 2048 69 ) (3456 2624 69 ) 
4 32 44 (3456 2048 69 ) (3200 2048 69 ) (3200 2048 64 ) (3456 2048 64 ) 
4 32 33 (3200 2624 64 ) (3200 2048 64 ) (3200 2048 69 ) (3200 2624 69 ) 
4 33 44 (3200 2048 69 ) (3072 2048 69 ) (3072 2048 64 ) (3200 2048 64 ) 
4 33 36 (3072 2048 64 ) (3072 2048 69 ) (3072 3072 69 ) (3072 3072 64 ) 
4 34 36 (3072 3072 64 ) (3072 3072 1534 ) (2048 3072 1534 ) (2048 3072 64 ) 
4 34 35 (2048 3072 64 ) (2048 3072 1534 ) (2048 3582 1534 ) (2048 3582 64 ) 
4 35 115 (1024 3072 64 ) (1024 3072 1534 ) (1024 3582 1534 ) (1024 3582 64 ) 
4 35 37 (2048 3072 64 ) (2048 3072 1534 ) (1024 3072 1534 ) (1024 3072 64 ) 
4 36 45 (3072 2048 64 ) (3072 2048 1534 ) (2048 2048 1534 ) (2048 2048 64 ) 
4 36 37 (2048 3072 1534 ) (2048 3072 64 ) (2048 2048 64 ) (2048 2048 1534 ) 
4 37 116 (1024 2048 64 ) (1024 2048 1534 ) (1024 3072 1534 ) (1024 3072 64 ) 
4 37 46 (2048 2048 64 ) (2048 2048 1534 ) (1024 2048 1534 ) (1024 2048 64 ) 
4 38 40 (5630 1024 1534 ) (5120 1024 1534 ) (5120 1024 64 ) (5630 1024 64 ) 
4 38 39 (5120 1024 64 ) (5120 1024 1534 ) (5120 2048 1534 ) (5120 2048 64 ) 
4 39 44 (4096 2048 1534 ) (4096 2048 64 ) (4096 1024 64 ) (4096 1024 1534 ) 
4 39 41 (5120 1024 64 ) (5120 1024 1534 ) (4096 1024 1534 ) (4096 1024 64 ) 
4 40 42 (5630 0 1534 ) (5120 0 1534 ) (5120 0 64 ) (5630 0 64 ) 
4 40 41 (5120 1024 1534 ) (5120 1024 64 ) (5120 0 64 ) (5120 0 1534 ) 
4 41 47 (4096 0 64 ) (4096 0 1534 ) (4096 1024 1534 ) (4096 1024 64 ) 
4 41 43 (5120 0 64 ) (5120 0 1534 ) (4096 0 1534 ) (4096 0 64 ) 
4 42 193 (5630 -1024 1534 ) (5120 -1024 1534 ) (5120 -1024 64 ) (5630 -1024 64 ) 
4 42 43 (5120 0 1534 ) (5120 0 64 ) (5120 -1024 64 ) (5120 -1024 1534 ) 
4 43 194 (5120 -1024 64 ) (5120 -1024 1534 ) (4096 -1024 1534 ) (4096 -1024 64 ) 
4 43 48 (4096 -1024 64 ) (4096 -1024 1534 ) (4096 0 1534 ) (4096 0 64 ) 
4 44 47 (4096 1024 64 ) (4096 1024 1534 ) (3072 1024 1534 ) (3072 1024 64 ) 
4 44 45 (3072 2048 1534 ) (3072 2048 64 ) (3072 1024 64 ) (3072 1024 1534 ) 
4 45 51 (3072 1024 64 ) (3072 1024 352 ) (2048 1024 352 ) (2048 1024 64 ) 
4 45 49 (3072 1024 352 ) (3072 1024 1534 ) (2048 1024 1534 ) (2048 1024 352 ) 
4 45 46 (2048 1024 64 ) (2048 1024 1534 ) (2048 2048 1534 ) (2048 2048 64 ) 
4 46 129 (1024 1024 64 ) (1024 1024 1534 ) (1024 2048 1534 ) (1024 2048 64 ) 
4 46 56 (2048 1024 64 ) (2048 1024 325 ) (1024 1024 325 ) (1024 1024 64 ) 
4 46 53 (1197 1024 1534 ) (1178 1024 1534 ) (1178 1024 325 ) (1197 1024 325 ) 
4 46 52 (2048 1024 325 ) (2048 1024 1534 ) (1197 1024 1534 ) (1197 1024 325 ) 
4 46 55 (1178 1024 1534 ) (1024 1024 1534 ) (1024 1024 325 ) (1178 1024 325 ) 
3 47 51 (3072 1024 352 ) (3072 1024 64 ) (3072 512 64 ) 
5 47 49 (3072 1024 1534 ) (3072 1024 352 ) (3072 512 64 ) (3072 0 64 ) (3072 0 1534 ) 
4 47 48 (4096 0 64 ) (4096 0 1534 ) (3072 0 1534 ) (3072 0 64 ) 
4 48 199 (4096 -1024 64 ) (4096 -1024 1534 ) (3072 -1024 1534 ) (3072 -1024 64 ) 
4 48 69 (3072 -1024 64 ) (3072 -1024 352 ) (3072 0 352 ) (3072 0 64 ) 
4 48 68 (3072 -1024 352 ) (3072 -1024 1534 ) (3072 0 1534 ) (3072 0 352 ) 
3 49 69 (3072 0 64 ) (3072 0 352 ) (2560 0 64 ) 
5 49 68 (3072 0 352 ) (3072 0 1534 ) (2048 0 1534 ) (2048 0 64 ) (2560 0 64 ) 
5 49 57 (2048 769 208.562485 ) (2048 512 64 ) (2048 0 64 ) (2048 0 325 ) (2048 769 325 ) 
3 49 56 (2048 976 325 ) (2048 769 208.562485 ) (2048 769 325 ) 
5 49 52 (2048 1024 1534 ) (2048 1024 352 ) (2048 976 325 ) (2048 0 325 ) (2048 0 1534 ) 
4 49 51 (2048 512 64 ) (2048 1024 352 ) (3072 1024 352 ) (3072 512 64 ) 
4 49 50 (2560 0 64 ) (2048 0 64 ) (2048 511.998108 64 ) (2560 511.998138 64 ) 
3 50 68 (2560 0 64 ) (2048 0 64 ) (2048 0 -224 ) 
3 50 57 (2048 512 64 ) (2048 0 -224 ) (2048 0 64 ) 
3 51 65 (2048 741 64 ) (2048 512 64 ) (2048 741 192.812485 ) 
4 51 63 (2048 769 64 ) (2048 741 64 ) (2048 741 192.812485 ) (2048 769 208.562485 ) 
5 51 56 (2048 1024 325 ) (2048 1024 64 ) (2048 769 64 ) (2048 769 208.562485 ) (2048 976 325 ) 
3 51 52 (2048 1024 352 ) (2048 1024 325 ) (2048 976 325 ) 
4 52 75 (2048 0 325 ) (2048 0 343 ) (1197 0 343 ) (1197 0 325 ) 
4 52 71 (2048 0 343 ) (2048 0 361 ) (1197 0 361 ) (1197 0 343 ) 
4 52 70 (2048 0 361 ) (2048 0 1534 ) (1197 0 1534 ) (1197 0 361 ) 
4 52 57 (2048 769 325 ) (2048 0 325 ) (1197 0 325 ) (1197 769 325 ) 
4 52 56 (2048 1024 325 ) (2048 769 325 ) (1197 769 325 ) (1197 1024 325 ) 
4 52 54 (1197 0 343 ) (1197 0 1534 ) (1197 128 1534 ) (1197 128 343 ) 
4 52 53 (1197 1024 325 ) (1197 128 325 ) (1197 128 1534 ) (1197 1024 1534 ) 
4 53 58 (1178 128 325 ) (1178 769 325 ) (1197 769 325 ) (1197 128 325 ) 
4 53 56 (1178 769 325 ) (1178 1024 325 ) (1197 1024 325 ) (1197 769 325 ) 
4 53 54 (1178 128 1534 ) (1178 128 343 ) (1197 128 343 ) (1197 128 1534 ) 
4 53 55 (1178 1024 325 ) (1178 128 325 ) (1178 128 1534 ) (1178 1024 1534 ) 
4 54 71 (1178 0 361 ) (1178 0 343 ) (1197 0 343 ) (1197 0 361 ) 
4 54 70 (1197 0 1534 ) (1178 0 1534 ) (1178 0 361 ) (1197 0 361 ) 
4 54 55 (1178 0 343 ) (1178 0 1534 ) (1178 128 1534 ) (1178 128 343 ) 
4 55 134 (1024 0 325 ) (1024 0 1534 ) (1024 1024 1534 ) (1024 1024 325 ) 
4 55 86 (1024 0 343 ) (1024 0 325 ) (1034 0 325 ) (1034 0 343 ) 
4 55 85 (1034 0 325 ) (1153 0 325 ) (1153 0 343 ) (1034 0 343 ) 
4 55 76 (1153 0 325 ) (1178 0 325 ) (1178 0 343 ) (1153 0 343 ) 
4 55 72 (1024 0 361 ) (1024 0 343 ) (1069 0 343 ) (1069 0 361 ) 
4 55 71 (1069 0 343 ) (1178 0 343 ) (1178 0 361 ) (1069 0 361 ) 
4 55 70 (1178 0 1534 ) (1024 0 1534 ) (1024 0 361 ) (1178 0 361 ) 
4 55 61 (1034 0 325 ) (1024 0 325 ) (1024 769 325 ) (1034 769 325 ) 
4 55 58 (1177 128 325 ) (1177 769 325 ) (1178 769 325 ) (1178 128 325 ) 
4 55 59 (1178 0 325 ) (1177 0 325 ) (1177 105 325 ) (1178 105 325 ) 
4 55 60 (1177 0 325 ) (1034 0 325 ) (1034 769 325 ) (1177 769 325 ) 
4 55 56 (1024 769 325 ) (1024 1024 325 ) (1178 1024 325 ) (1178 769 325 ) 
4 56 137 (1024 769 64 ) (1024 769 267 ) (1024 1024 267 ) (1024 1024 64 ) 
4 56 135 (1024 769 267 ) (1024 769 287 ) (1024 1024 287 ) (1024 1024 267 ) 
4 56 134 (1024 769 287 ) (1024 769 325 ) (1024 1024 325 ) (1024 1024 287 ) 
4 56 63 (1034 769 64 ) (2048 769 64 ) (2048 769 208.562500 ) (1034 769 208.562500 ) 
4 56 61 (1034 769 325 ) (1024 769 325 ) (1024 769 287 ) (1034 769 287 ) 
4 56 58 (1197 769 325 ) (1177 769 325 ) (1177 769 208.562500 ) (1197 769 208.562500 ) 
4 56 57 (2048 769 325 ) (1197 769 325 ) (1197 769 208.562500 ) (2048 769 208.562500 ) 
4 56 60 (1177 769 325 ) (1034 769 325 ) (1034 769 208.562500 ) (1177 769 208.562500 ) 
4 57 78 (1209 0 325 ) (1197 0 325 ) (1197 0 -224 ) (1209 0 -224 ) 
4 57 77 (2048 0 -224 ) (2048 0 325 ) (1209 0 325 ) (1209 0 -224 ) 
4 57 65 (2048 741 192.812500 ) (2048 512 64 ) (1197 512 64 ) (1197 741 192.812500 ) 
4 57 63 (1197 769 208.562500 ) (2048 769 208.562500 ) (2048 741 192.812500 ) (1197 741 192.812500 ) 
4 57 58 (1197 769 325 ) (1197 769 208.562500 ) (1197 128 -152 ) (1197 128 325 ) 
4 57 59 (1197 105 -164.937500 ) (1197 0 -224 ) (1197 0 325 ) (1197 105 325 ) 
4 58 65 (1197 741 192.812500 ) (1197 512 64 ) (1177 512 64 ) (1177 741 192.812500 ) 
4 58 63 (1177 769 208.562500 ) (1197 769 208.562500 ) (1197 741 192.812500 ) (1177 741 192.812500 ) 
4 58 60 (1177 769 325 ) (1177 769 208.562500 ) (1177 128 -152 ) (1177 128 325 ) 
4 59 78 (1197 0 325 ) (1177 0 325 ) (1177 0 -224 ) (1197 0 -224 ) 
4 59 60 (1177 105 -164.937500 ) (1177 0 -224 ) (1177 0 325 ) (1177 105 325 ) 
4 60 85 (1153 0 325 ) (1034 0 325 ) (1034 0 -224 ) (1153 0 -224 ) 
4 60 78 (1177 0 325 ) (1167 0 325 ) (1167 0 -224 ) (1177 0 -224 ) 
4 60 80 (1167 0 325 ) (1153 0 325 ) (1153 0 -224 ) (1167 0 -224 ) 
4 60 66 (1034 576 100 ) (1034 741 192.812500 ) (1129 741 192.812500 ) (1129 576 100 ) 
4 60 67 (1129 512 64 ) (1034 512 64 ) (1034 576 100 ) (1129 576 100 ) 
4 60 65 (1177 741 192.812500 ) (1177 512 64 ) (1129 512 64 ) (1129 741 192.812500 ) 
4 60 63 (1034 769 208.562500 ) (1177 769 208.562500 ) (1177 741 192.812500 ) (1034 741 192.812500 ) 
4 60 62 (1034 749 197.312500 ) (1034 0 -224 ) (1034 0 267 ) (1034 749 267 ) 
4 60 61 (1034 769 325 ) (1034 769 287 ) (1034 0 287 ) (1034 0 325 ) 
4 61 134 (1024 0 287 ) (1024 0 325 ) (1024 769 325 ) (1024 769 287 ) 
4 61 86 (1034 0 325 ) (1024 0 325 ) (1024 0 287 ) (1034 0 287 ) 
3 62 143 (1024 0 -224 ) (1024 0 64 ) (1024 512 64 ) 
4 62 140 (1024 576 267 ) (1024 741 267 ) (1024 741 192.812500 ) (1024 576 100 ) 
4 62 139 (1024 741 267 ) (1024 749 267 ) (1024 749 197.312500 ) (1024 741 192.812500 ) 
5 62 141 (1024 0 64 ) (1024 0 267 ) (1024 576 267 ) (1024 576 100 ) (1024 512 64 ) 
4 62 87 (1024 0 267 ) (1024 0 -224 ) (1034 0 -224 ) (1034 0 267 ) 
4 62 66 (1034 741 192.812500 ) (1034 576 100 ) (1024 576 100 ) (1024 741 192.812500 ) 
4 62 67 (1034 576 100 ) (1034 512 64 ) (1024 512 64 ) (1024 576 100 ) 
4 62 64 (1034 749 197.312500 ) (1034 741 192.812500 ) (1024 741 192.812500 ) (1024 749 197.312500 ) 
4 63 66 (1129 741 68 ) (1129 741 192.812485 ) (1034 741 192.812485 ) (1034 741 68 ) 
4 63 65 (1129 741 64 ) (2048 741 64 ) (2048 741 192.812485 ) (1129 741 192.812485 ) 
4 63 64 (1034 749 64 ) (1034 741 64 ) (1034 741 192.812485 ) (1034 749 197.312485 ) 
4 64 139 (1024 741 192.812500 ) (1024 749 197.312500 ) (1024 749 64 ) (1024 741 64 ) 
4 64 66 (1034 741 68 ) (1034 741 192.812485 ) (1024 741 192.812485 ) (1024 741 68 ) 
4 65 66 (1129 741 192.812500 ) (1129 741 68 ) (1129 576 68 ) (1129 576 100 ) 
3 65 67 (1129 576 64 ) (1129 512 64 ) (1129 576 100 ) 
4 66 140 (1024 576 100 ) (1024 741 192.812500 ) (1024 741 68 ) (1024 576 68 ) 
4 66 67 (1129 576 68 ) (1129 576 100 ) (1024 576 100 ) (1024 576 68 ) 
3 67 141 (1024 512 64 ) (1024 576 100 ) (1024 576 64 ) 
4 68 200 (3072 -1024 352 ) (3072 -1024 1534 ) (2048 -1024 1534 ) (2048 -1024 -224 ) 
4 68 112 (2048 -512 -224 ) (2048 -1024 -224 ) (2048 -1024 64 ) (2048 -512 64 ) 
4 68 92 (2048 -1024 64 ) (2048 -1024 343 ) (2048 -518 343 ) (2048 -518 64 ) 
4 68 90 (2048 -518 343 ) (2048 -512 343 ) (2048 -512 64 ) (2048 -518 64 ) 
4 68 81 (2048 -68 -224 ) (2048 -512 -224 ) (2048 -512 325 ) (2048 -68 325 ) 
4 68 77 (2048 0 325 ) (2048 0 -224 ) (2048 -68 -224 ) (2048 -68 325 ) 
4 68 75 (2048 0 343 ) (2048 0 325 ) (2048 -512 325 ) (2048 -512 343 ) 
4 68 73 (2048 -512 343 ) (2048 -1024 343 ) (2048 -1024 361 ) (2048 -512 361 ) 
4 68 71 (2048 0 361 ) (2048 0 343 ) (2048 -512 343 ) (2048 -512 361 ) 
4 68 70 (2048 0 1534 ) (2048 0 361 ) (2048 -1024 361 ) (2048 -1024 1534 ) 
4 68 69 (2560 0 64 ) (3072 0 352 ) (3072 -1024 352 ) (2560 -1024 64 ) 
3 69 201 (3072 -1024 64 ) (3072 -1024 352 ) (2560 -1024 64 ) 
4 70 202 (2048 -1024 361 ) (2048 -1024 1534 ) (1024 -1024 1534 ) (1024 -1024 361 ) 
4 70 154 (1024 -1024 361 ) (1024 -1024 1534 ) (1024 -512 1534 ) (1024 -512 361 ) 
4 70 147 (1024 -512 1534 ) (1024 -492 1534 ) (1024 -492 361 ) (1024 -512 361 ) 
4 70 144 (1024 -492 1534 ) (1024 0 1534 ) (1024 0 361 ) (1024 -492 361 ) 
4 70 74 (1069 -1024 361 ) (1024 -1024 361 ) (1024 -559 361 ) (1069 -559 361 ) 
4 70 73 (2048 -512 361 ) (2048 -1024 361 ) (1069 -1024 361 ) (1069 -512 361 ) 
4 70 72 (1024 -492 361 ) (1024 0 361 ) (1069 0 361 ) (1069 -492 361 ) 
4 70 71 (2048 0 361 ) (2048 -512 361 ) (1069 -512 361 ) (1069 0 361 ) 
4 71 88 (1153 -492 343 ) (1153 -512 343 ) (1069 -512 343 ) (1069 -492 343 ) 
4 71 85 (1069 0 343 ) (1153 0 343 ) (1153 -492 343 ) (1069 -492 343 ) 
4 71 75 (1197 0 343 ) (2048 0 343 ) (2048 -512 343 ) (1197 -512 343 ) 
4 71 76 (1153 0 343 ) (1178 0 343 ) (1178 -512 343 ) (1153 -512 343 ) 
4 71 73 (1069 -512 343 ) (2048 -512 343 ) (2048 -512 361 ) (1069 -512 361 ) 
4 71 72 (1069 0 343 ) (1069 -492 343 ) (1069 -492 361 ) (1069 0 361 ) 
4 72 144 (1024 -492 361 ) (1024 0 361 ) (1024 0 343 ) (1024 -492 343 ) 
4 72 86 (1024 -492 343 ) (1024 0 343 ) (1034 0 343 ) (1034 -492 343 ) 
4 72 85 (1034 0 343 ) (1069 0 343 ) (1069 -492 343 ) (1034 -492 343 ) 
4 73 202 (2048 -1024 343 ) (2048 -1024 361 ) (1069 -1024 361 ) (1069 -1024 343 ) 
4 73 102 (1069 -518 343 ) (1069 -512 343 ) (1152 -512 343 ) (1152 -518 343 ) 
4 73 95 (1197 -512 343 ) (1408 -512 343 ) (1408 -518 343 ) (1197 -518 343 ) 
4 73 96 (1152 -512 343 ) (1178 -512 343 ) (1178 -518 343 ) (1152 -518 343 ) 
4 73 93 (1536 -1024 343 ) (1530 -1024 343 ) (1530 -518 343 ) (1536 -518 343 ) 
4 73 92 (2048 -1024 343 ) (1536 -1024 343 ) (1536 -518 343 ) (2048 -518 343 ) 
4 73 91 (1408 -518 343 ) (1408 -512 343 ) (1536 -512 343 ) (1536 -518 343 ) 
4 73 90 (1536 -512 343 ) (2048 -512 343 ) (2048 -518 343 ) (1536 -518 343 ) 
4 73 74 (1069 -559 343 ) (1069 -1024 343 ) (1069 -1024 361 ) (1069 -559 361 ) 
4 74 202 (1069 -1024 361 ) (1024 -1024 361 ) (1024 -1024 343 ) (1069 -1024 343 ) 
4 74 155 (1024 -1024 343 ) (1024 -1024 361 ) (1024 -559 361 ) (1024 -559 343 ) 
4 75 95 (1408 -512 343 ) (1197 -512 343 ) (1197 -512 325 ) (1408 -512 325 ) 
4 75 91 (1536 -512 343 ) (1408 -512 343 ) (1408 -512 325 ) (1536 -512 325 ) 
4 75 90 (2048 -512 325 ) (2048 -512 343 ) (1536 -512 343 ) (1536 -512 325 ) 
4 75 83 (1217 -512 325 ) (1197 -512 325 ) (1197 -448 325 ) (1217 -448 325 ) 
4 75 82 (1197 -448 325 ) (1197 -68 325 ) (1217 -68 325 ) (1217 -448 325 ) 
4 75 81 (2048 -512 325 ) (1217 -512 325 ) (1217 -68 325 ) (2048 -68 325 ) 
4 75 78 (1197 -26 325 ) (1197 0 325 ) (1209 0 325 ) (1209 -26 325 ) 
4 75 77 (1209 0 325 ) (2048 0 325 ) (2048 -68 325 ) (1209 -68 325 ) 
4 76 96 (1178 -512 343 ) (1153 -512 343 ) (1153 -512 325 ) (1178 -512 325 ) 
4 76 88 (1153 -512 325 ) (1153 -512 343 ) (1153 -492 343 ) (1153 -492 325 ) 
4 76 85 (1153 -492 343 ) (1153 0 343 ) (1153 0 325 ) (1153 -492 325 ) 
4 76 83 (1178 -512 325 ) (1153 -512 325 ) (1153 -448 325 ) (1178 -448 325 ) 
4 76 82 (1153 -448 325 ) (1153 -68 325 ) (1178 -68 325 ) (1178 -448 325 ) 
4 76 78 (1167 0 325 ) (1178 0 325 ) (1178 -26 325 ) (1167 -26 325 ) 
4 76 80 (1153 -68 325 ) (1153 0 325 ) (1167 0 325 ) (1167 -68 325 ) 
4 77 113 (2048 0 -224 ) (2048 -68 -224 ) (1209 -68 -224 ) (1209 0 -224 ) 
4 77 82 (1217 -68 325 ) (1209 -68 325 ) (1209 -68 -224 ) (1217 -68 -224 ) 
4 77 81 (2048 -68 325 ) (1217 -68 325 ) (1217 -68 -224 ) (2048 -68 -224 ) 
4 77 79 (1209 -26 -224 ) (1209 -68 -224 ) (1209 -68 254 ) (1209 -26 254 ) 
4 77 78 (1209 0 -224 ) (1209 -26 -224 ) (1209 -26 325 ) (1209 0 325 ) 
4 78 113 (1167 -26 -224 ) (1167 0 -224 ) (1209 0 -224 ) (1209 -26 -224 ) 
4 78 79 (1167 -26 254 ) (1167 -26 -224 ) (1209 -26 -224 ) (1209 -26 254 ) 
4 78 80 (1167 0 -224 ) (1167 -26 -224 ) (1167 -26 325 ) (1167 0 325 ) 
4 79 113 (1209 -68 -224 ) (1167 -68 -224 ) (1167 -26 -224 ) (1209 -26 -224 ) 
4 79 82 (1167 -68 254 ) (1167 -68 -224 ) (1209 -68 -224 ) (1209 -68 254 ) 
4 79 80 (1167 -26 -224 ) (1167 -68 -224 ) (1167 -68 254 ) (1167 -26 254 ) 
4 80 113 (1167 -68 -224 ) (1153 -68 -224 ) (1153 0 -224 ) (1167 0 -224 ) 
4 80 85 (1153 0 -224 ) (1153 -68 -224 ) (1153 -68 325 ) (1153 0 325 ) 
4 80 82 (1167 -68 325 ) (1153 -68 325 ) (1153 -68 -224 ) (1167 -68 -224 ) 
4 81 113 (2048 -68 -224 ) (2048 -512 -224 ) (1217 -512 -224 ) (1217 -68 -224 ) 
4 81 112 (1536 -512 -224 ) (2048 -512 -224 ) (2048 -512 64 ) (1536 -512 64 ) 
4 81 99 (1408 -512 325 ) (1217 -512 325 ) (1217 -512 64 ) (1408 -512 64 ) 
4 81 91 (1536 -512 325 ) (1408 -512 325 ) (1408 -512 64 ) (1536 -512 64 ) 
4 81 90 (2048 -512 64 ) (2048 -512 325 ) (1536 -512 325 ) (1536 -512 64 ) 
4 81 83 (1217 -512 92 ) (1217 -512 325 ) (1217 -448 325 ) (1217 -448 92 ) 
4 81 84 (1217 -448 -224 ) (1217 -512 -224 ) (1217 -512 12 ) (1217 -448 12 ) 
4 81 82 (1217 -68 325 ) (1217 -68 -224 ) (1217 -448 -224 ) (1217 -448 325 ) 
4 82 113 (1153 -448 -224 ) (1153 -68 -224 ) (1217 -68 -224 ) (1217 -448 -224 ) 
4 82 85 (1153 -68 -224 ) (1153 -448 -224 ) (1153 -448 325 ) (1153 -68 325 ) 
4 82 83 (1217 -448 92 ) (1217 -448 325 ) (1153 -448 325 ) (1153 -448 92 ) 
4 82 84 (1217 -448 -224 ) (1217 -448 12 ) (1153 -448 12 ) (1153 -448 -224 ) 
4 83 99 (1217 -512 92 ) (1217 -512 325 ) (1153 -512 325 ) (1153 -512 92 ) 
4 83 88 (1153 -512 92 ) (1153 -512 325 ) (1153 -492 325 ) (1153 -492 92 ) 
4 83 85 (1153 -492 325 ) (1153 -448 325 ) (1153 -448 92 ) (1153 -492 92 ) 
4 84 113 (1217 -512 -224 ) (1153 -512 -224 ) (1153 -448 -224 ) (1217 -448 -224 ) 
4 84 88 (1153 -492 -224 ) (1153 -512 -224 ) (1153 -512 12 ) (1153 -492 12 ) 
4 84 85 (1153 -448 -224 ) (1153 -492 -224 ) (1153 -492 12 ) (1153 -448 12 ) 
4 85 113 (1034 0 -224 ) (1153 0 -224 ) (1153 -492 -224 ) (1034 -492 -224 ) 
4 85 89 (1034 -492 -224 ) (1069 -492 -224 ) (1069 -492 260 ) (1034 -492 260 ) 
4 85 88 (1069 -492 -224 ) (1153 -492 -224 ) (1153 -492 343 ) (1069 -492 343 ) 
4 85 86 (1034 -492 287 ) (1034 -492 343 ) (1034 0 343 ) (1034 0 287 ) 
4 85 87 (1034 0 -224 ) (1034 -492 -224 ) (1034 -492 267 ) (1034 0 267 ) 
4 86 144 (1024 -492 343 ) (1024 0 343 ) (1024 0 287 ) (1024 -492 287 ) 
4 87 145 (1024 0 267 ) (1024 0 -224 ) (1024 -492 -224 ) (1024 -492 267 ) 
4 87 113 (1024 -492 -224 ) (1024 0 -224 ) (1034 0 -224 ) (1034 -492 -224 ) 
4 87 89 (1024 -492 -224 ) (1034 -492 -224 ) (1034 -492 260 ) (1024 -492 260 ) 
4 88 113 (1153 -512 -224 ) (1069 -512 -224 ) (1069 -492 -224 ) (1153 -492 -224 ) 
4 88 103 (1069 -512 256 ) (1069 -512 64 ) (1152 -512 64 ) (1152 -512 256 ) 
4 88 102 (1152 -512 343 ) (1069 -512 343 ) (1069 -512 256 ) (1152 -512 256 ) 
4 88 99 (1153 -512 64 ) (1153 -512 325 ) (1152 -512 325 ) (1152 -512 64 ) 
4 88 96 (1153 -512 325 ) (1153 -512 343 ) (1152 -512 343 ) (1152 -512 325 ) 
4 88 89 (1069 -492 260 ) (1069 -492 -224 ) (1069 -512 -224 ) (1069 -512 260 ) 
4 89 148 (1024 -492 260 ) (1024 -492 -224 ) (1024 -512 -224 ) (1024 -512 260 ) 
4 89 113 (1069 -512 -224 ) (1024 -512 -224 ) (1024 -492 -224 ) (1069 -492 -224 ) 
4 89 103 (1069 -512 64 ) (1069 -512 256 ) (1024 -512 256 ) (1024 -512 64 ) 
4 89 102 (1069 -512 256 ) (1069 -512 260 ) (1024 -512 260 ) (1024 -512 256 ) 
4 90 112 (1536 -512 64 ) (2048 -512 64 ) (2048 -518 64 ) (1536 -518 64 ) 
4 90 92 (1536 -518 64 ) (2048 -518 64 ) (2048 -518 343 ) (1536 -518 343 ) 
4 90 91 (1536 -512 343 ) (1536 -512 64 ) (1536 -518 64 ) (1536 -518 343 ) 
4 91 99 (1408 -512 325 ) (1408 -512 64 ) (1408 -518 64 ) (1408 -518 325 ) 
4 91 95 (1408 -512 343 ) (1408 -512 325 ) (1408 -518 325 ) (1408 -518 343 ) 
4 91 94 (1408 -518 337 ) (1408 -518 64 ) (1530 -518 64 ) (1530 -518 337 ) 
4 91 93 (1530 -518 64 ) (1536 -518 64 ) (1536 -518 343 ) (1530 -518 343 ) 
4 92 203 (2048 -1024 64 ) (2048 -1024 343 ) (1536 -1024 343 ) (1536 -1024 64 ) 
4 92 112 (2048 -1024 64 ) (1536 -1024 64 ) (1536 -518 64 ) (2048 -518 64 ) 
4 92 93 (1536 -518 343 ) (1536 -518 64 ) (1536 -1024 64 ) (1536 -1024 343 ) 
4 93 204 (1536 -1024 343 ) (1530 -1024 343 ) (1530 -1024 64 ) (1536 -1024 64 ) 
5 93 94 (1530 -518 337 ) (1530 -518 64 ) (1530 -1020 64 ) (1530 -1024 66.876328 ) (1530 -1024 337 ) 
4 94 206 (1408 -1024 337 ) (1408 -1024 66.876343 ) (1530 -1024 66.876328 ) (1530 -1024 337 ) 
5 94 106 (1408 -539 64 ) (1408 -1020 64 ) (1408 -1024 66.876328 ) (1408 -1024 148 ) (1408 -539 148 ) 
4 94 105 (1408 -1024 148 ) (1408 -1024 337 ) (1408 -539 337 ) (1408 -539 148 ) 
4 94 101 (1408 -519 64 ) (1408 -539 64 ) (1408 -539 337 ) (1408 -519 337 ) 
4 94 100 (1408 -518 64 ) (1408 -519 64 ) (1408 -519 325 ) (1408 -518 325 ) 
4 94 97 (1408 -519 325 ) (1408 -519 337 ) (1408 -518 337 ) (1408 -518 325 ) 
4 95 99 (1197 -512 325 ) (1408 -512 325 ) (1408 -518 325 ) (1197 -518 325 ) 
4 95 97 (1197 -518 325 ) (1408 -518 325 ) (1408 -518 337 ) (1197 -518 337 ) 
4 96 102 (1152 -512 343 ) (1152 -512 325 ) (1152 -518 325 ) (1152 -518 343 ) 
4 96 99 (1152 -518 325 ) (1152 -512 325 ) (1178 -512 325 ) (1178 -518 325 ) 
4 96 98 (1152 -518 337 ) (1152 -518 325 ) (1178 -518 325 ) (1178 -518 337 ) 
4 97 101 (1197 -519 325 ) (1408 -519 325 ) (1408 -519 337 ) (1197 -519 337 ) 
4 97 100 (1408 -519 325 ) (1197 -519 325 ) (1197 -518 325 ) (1408 -518 325 ) 
4 98 104 (1152 -518 325 ) (1152 -519 325 ) (1152 -519 337 ) (1152 -518 337 ) 
4 98 101 (1152 -519 337 ) (1152 -519 325 ) (1178 -519 325 ) (1178 -519 337 ) 
4 98 100 (1178 -519 325 ) (1152 -519 325 ) (1152 -518 325 ) (1178 -518 325 ) 
4 99 103 (1152 -512 256 ) (1152 -512 64 ) (1152 -518 64 ) (1152 -518 256 ) 
4 99 102 (1152 -512 325 ) (1152 -512 256 ) (1152 -518 256 ) (1152 -518 325 ) 
4 99 100 (1408 -518 64 ) (1408 -518 325 ) (1152 -518 325 ) (1152 -518 64 ) 
4 100 104 (1152 -518 64 ) (1152 -519 64 ) (1152 -519 325 ) (1152 -518 325 ) 
4 100 101 (1152 -519 325 ) (1152 -519 64 ) (1408 -519 64 ) (1408 -519 325 ) 
4 101 109 (1168 -539 64 ) (1181 -539 64 ) (1181 -539 146 ) (1168 -539 146 ) 
4 101 111 (1152 -539 64 ) (1168 -539 64 ) (1168 -539 148 ) (1152 -539 148 ) 
4 101 107 (1181 -539 64 ) (1183 -539 64 ) (1183 -539 113 ) (1181 -539 113 ) 
4 101 106 (1183 -539 64 ) (1408 -539 64 ) (1408 -539 148 ) (1183 -539 148 ) 
4 101 105 (1408 -539 148 ) (1408 -539 337 ) (1152 -539 337 ) (1152 -539 148 ) 
4 101 104 (1152 -519 64 ) (1152 -539 64 ) (1152 -539 337 ) (1152 -519 337 ) 
4 102 157 (1024 -518 343 ) (1024 -512 343 ) (1024 -512 256 ) (1024 -518 256 ) 
4 102 104 (1152 -518 256 ) (1152 -518 337 ) (1024 -518 337 ) (1024 -518 256 ) 
4 102 103 (1152 -518 256 ) (1024 -518 256 ) (1024 -512 256 ) (1152 -512 256 ) 
4 103 158 (1024 -512 256 ) (1024 -512 64 ) (1024 -518 64 ) (1024 -518 256 ) 
4 103 104 (1024 -518 64 ) (1152 -518 64 ) (1152 -518 256 ) (1024 -518 256 ) 
4 104 169 (1024 -518 287 ) (1024 -518 64 ) (1024 -539 64 ) (1024 -539 287 ) 
4 104 161 (1024 -518 289 ) (1024 -518 287 ) (1024 -539 287 ) (1024 -539 289 ) 
4 104 160 (1024 -518 337 ) (1024 -518 289 ) (1024 -539 289 ) (1024 -539 337 ) 
4 104 111 (1024 -539 64 ) (1152 -539 64 ) (1152 -539 148 ) (1024 -539 148 ) 
4 104 105 (1152 -539 148 ) (1152 -539 337 ) (1024 -539 337 ) (1024 -539 148 ) 
4 105 208 (1024 -1024 337 ) (1024 -1024 148 ) (1408 -1024 148 ) (1408 -1024 337 ) 
4 105 169 (1024 -1024 148 ) (1024 -1024 287 ) (1024 -539 287 ) (1024 -539 148 ) 
4 105 161 (1024 -717 289 ) (1024 -539 289 ) (1024 -539 287 ) (1024 -717 287 ) 
4 105 168 (1024 -1024 287 ) (1024 -1024 289 ) (1024 -717 289 ) (1024 -717 287 ) 
4 105 160 (1024 -1024 289 ) (1024 -1024 337 ) (1024 -539 337 ) (1024 -539 289 ) 
4 105 110 (1181 -541 148 ) (1181 -1024 148 ) (1168 -1024 148 ) (1168 -541 148 ) 
4 105 111 (1024 -539 148 ) (1168 -539 148 ) (1168 -1024 148 ) (1024 -1024 148 ) 
4 105 108 (1183 -541 148 ) (1183 -1024 148 ) (1181 -1024 148 ) (1181 -541 148 ) 
4 105 106 (1183 -539 148 ) (1408 -539 148 ) (1408 -1024 148 ) (1183 -1024 148 ) 
4 106 208 (1183 -1024 64 ) (1408 -1024 64 ) (1408 -1024 148 ) (1183 -1024 148 ) 
4 106 107 (1183 -539 113 ) (1183 -539 64 ) (1183 -541 64 ) (1183 -541 113 ) 
4 106 108 (1183 -1024 148 ) (1183 -541 148 ) (1183 -541 64 ) (1183 -1024 64 ) 
4 107 109 (1181 -539 113 ) (1181 -539 64 ) (1181 -541 64 ) (1181 -541 113 ) 
4 107 108 (1181 -541 113 ) (1181 -541 64 ) (1183 -541 64 ) (1183 -541 113 ) 
4 108 208 (1181 -1024 64 ) (1183 -1024 64 ) (1183 -1024 148 ) (1181 -1024 148 ) 
4 108 110 (1181 -1024 148 ) (1181 -541 148 ) (1181 -541 64 ) (1181 -1024 64 ) 
4 109 110 (1168 -541 146 ) (1168 -541 64 ) (1181 -541 64 ) (1181 -541 146 ) 
4 109 111 (1168 -539 146 ) (1168 -539 64 ) (1168 -541 64 ) (1168 -541 146 ) 
4 110 208 (1168 -1024 64 ) (1181 -1024 64 ) (1181 -1024 148 ) (1168 -1024 148 ) 
4 110 111 (1168 -1024 148 ) (1168 -541 148 ) (1168 -541 64 ) (1168 -1024 64 ) 
4 111 208 (1024 -1024 148 ) (1024 -1024 64 ) (1168 -1024 64 ) (1168 -1024 148 ) 
4 111 169 (1024 -1024 64 ) (1024 -1024 148 ) (1024 -539 148 ) (1024 -539 64 ) 
4 112 211 (2048 -1024 -224 ) (2048 -1024 64 ) (1536 -1024 64 ) (1536 -1024 -224 ) 
4 112 114 (2048 -512 -224 ) (2048 -1024 -224 ) (1536 -1024 -224 ) (1536 -512 -224 ) 
3 113 176 (1024 -512 -512 ) (1024 -512 -224 ) (1024 0 -224 ) 
3 113 114 (2048 -512 -224 ) (1536 -512 -224 ) (1536 -512 -512 ) 
3 114 213 (2048 -1024 -224 ) (1536 -1024 -224 ) (1536 -1024 -512 ) 
4 115 117 (0 3072 64 ) (0 3072 1534 ) (0 3582 1534 ) (0 3582 64 ) 
4 115 116 (1024 3072 64 ) (1024 3072 1534 ) (0 3072 1534 ) (0 3072 64 ) 
4 116 129 (1024 2048 64 ) (1024 2048 1534 ) (0 2048 1534 ) (0 2048 64 ) 
4 116 120 (0 2048 64 ) (0 2048 1534 ) (0 3072 1534 ) (0 3072 64 ) 
4 117 120 (0 3072 64 ) (0 3072 1534 ) (-1024 3072 1534 ) (-1024 3072 64 ) 
4 117 118 (-1024 3072 64 ) (-1024 3072 1534 ) (-1024 3582 1534 ) (-1024 3582 64 ) 
4 118 122 (-1024 3072 64 ) (-1024 3072 707 ) (-1536 3072 707 ) (-1536 3072 64 ) 
4 118 121 (-1024 3072 707 ) (-1024 3072 1534 ) (-1536 3072 1534 ) (-1536 3072 707 ) 
4 118 119 (-1536 3582 1534 ) (-1536 3582 707 ) (-1536 3072 707 ) (-1536 3072 1534 ) 
4 119 124 (-2048 3072 707 ) (-2048 3072 1534 ) (-2048 3582 1534 ) (-2048 3582 707 ) 
4 119 121 (-1536 3072 1534 ) (-2048 3072 1534 ) (-2048 3072 707 ) (-1536 3072 707 ) 
4 120 130 (0 2048 64 ) (0 2048 1534 ) (-1024 2048 1534 ) (-1024 2048 64 ) 
4 120 122 (-1024 3072 707 ) (-1024 3072 64 ) (-1024 2048 64 ) (-1024 2048 707 ) 
4 120 121 (-1024 3072 1534 ) (-1024 3072 707 ) (-1024 2048 707 ) (-1024 2048 1534 ) 
4 121 131 (-1024 2048 707 ) (-1024 2048 1534 ) (-2048 2048 1534 ) (-2048 2048 707 ) 
4 121 125 (-2048 2048 707 ) (-2048 2048 1534 ) (-2048 3072 1534 ) (-2048 3072 707 ) 
4 121 123 (-2048 2560 707 ) (-2048 3072 707 ) (-1536 3072 707 ) (-1536 2560 707 ) 
4 121 122 (-1024 2048 707 ) (-1536 2048 707 ) (-1536 3072 707 ) (-1024 3072 707 ) 
4 122 132 (-1024 2048 64 ) (-1024 2048 707 ) (-1536 2048 707 ) (-1536 2048 64 ) 
4 122 123 (-1536 3072 64 ) (-1536 2560 64 ) (-1536 2560 707 ) (-1536 3072 707 ) 
4 123 126 (-2048 2560 707 ) (-2048 3072 707 ) (-2048 3072 64 ) (-2048 2560 64 ) 
4 124 127 (-3072 3072 707 ) (-3072 3072 1534 ) (-3072 3582 1534 ) (-3072 3582 707 ) 
4 124 125 (-2048 3072 707 ) (-2048 3072 1534 ) (-3072 3072 1534 ) (-3072 3072 707 ) 
4 125 184 (-2048 2048 707 ) (-2048 2048 1534 ) (-3072 2048 1534 ) (-3072 2048 707 ) 
4 125 128 (-3072 2048 707 ) (-3072 2048 1534 ) (-3072 3072 1534 ) (-3072 3072 707 ) 
4 125 126 (-2048 3072 707 ) (-2048 2560 707 ) (-3068 2560 707 ) (-3068 3072 707 ) 
4 127 128 (-3072 3072 707 ) (-3072 3072 1534 ) (-3582 3072 1534 ) (-3582 3072 707 ) 
4 128 187 (-3072 2048 707 ) (-3072 2048 1534 ) (-3582 2048 1534 ) (-3582 2048 707 ) 
4 129 137 (1024 1024 64 ) (1024 1024 267 ) (1014 1024 267 ) (1014 1024 64 ) 
4 129 138 (1014 1024 267 ) (0 1024 267 ) (0 1024 64 ) (1014 1024 64 ) 
4 129 135 (1024 1024 267 ) (1024 1024 287 ) (1014 1024 287 ) (1014 1024 267 ) 
4 129 136 (1014 1024 287 ) (0 1024 287 ) (0 1024 267 ) (1014 1024 267 ) 
4 129 134 (1024 1024 287 ) (1024 1024 1534 ) (0 1024 1534 ) (0 1024 287 ) 
4 129 130 (0 2048 1534 ) (0 2048 64 ) (0 1024 64 ) (0 1024 1534 ) 
4 130 178 (0 1024 64 ) (0 1024 1534 ) (-1024 1024 1534 ) (-1024 1024 64 ) 
4 130 132 (-1024 1024 64 ) (-1024 1024 707 ) (-1024 2048 707 ) (-1024 2048 64 ) 
4 130 131 (-1024 1024 707 ) (-1024 1024 1534 ) (-1024 2048 1534 ) (-1024 2048 707 ) 
4 131 184 (-2048 2048 1534 ) (-2048 2048 707 ) (-2048 1024 707 ) (-2048 1024 1534 ) 
4 131 180 (-1024 1024 707 ) (-1024 1024 1534 ) (-2048 1024 1534 ) (-2048 1024 707 ) 
4 131 133 (-1536 1024 707 ) (-2048 1024 707 ) (-2048 2047 707 ) (-1536 2047 707 ) 
4 131 132 (-1024 1024 707 ) (-1536 1024 707 ) (-1536 2048 707 ) (-1024 2048 707 ) 
4 132 180 (-1024 1024 64 ) (-1024 1024 707 ) (-1536 1024 707 ) (-1536 1024 64 ) 
4 132 133 (-1536 2047 64 ) (-1536 1024 64 ) (-1536 1024 707 ) (-1536 2047 707 ) 
4 133 185 (-2048 2047 64 ) (-2048 1024 64 ) (-2048 1024 707 ) (-2048 2047 707 ) 
4 133 180 (-1536 1024 707 ) (-2048 1024 707 ) (-2048 1024 64 ) (-1536 1024 64 ) 
4 134 178 (0 1024 1534 ) (0 1024 287 ) (0 0 287 ) (0 0 1534 ) 
4 134 150 (896 0 1534 ) (832 0 1534 ) (832 0 287 ) (896 0 287 ) 
4 134 153 (832 0 1534 ) (0 0 1534 ) (0 0 287 ) (832 0 287 ) 
4 134 144 (1024 0 287 ) (1024 0 1534 ) (1014 0 1534 ) (1014 0 287 ) 
4 134 146 (1014 0 1534 ) (896 0 1534 ) (896 0 287 ) (1014 0 287 ) 
4 134 135 (1014 1024 287 ) (1024 1024 287 ) (1024 769 287 ) (1014 769 287 ) 
4 134 136 (0 0 287 ) (0 1024 287 ) (1014 1024 287 ) (1014 0 287 ) 
4 135 137 (1014 769 267 ) (1014 1024 267 ) (1024 1024 267 ) (1024 769 267 ) 
4 135 136 (1014 1024 267 ) (1014 769 267 ) (1014 769 287 ) (1014 1024 287 ) 
4 136 178 (0 1024 287 ) (0 1024 267 ) (0 0 267 ) (0 0 287 ) 
4 136 150 (896 0 287 ) (832 0 287 ) (832 0 267 ) (896 0 267 ) 
4 136 153 (832 0 287 ) (0 0 287 ) (0 0 267 ) (832 0 267 ) 
4 136 146 (1014 0 287 ) (896 0 287 ) (896 0 267 ) (1014 0 267 ) 
4 136 140 (919 576 267 ) (919 741 267 ) (1014 741 267 ) (1014 576 267 ) 
4 136 139 (919 741 267 ) (919 749 267 ) (1014 749 267 ) (1014 741 267 ) 
4 136 141 (1014 0 267 ) (919 0 267 ) (919 576 267 ) (1014 576 267 ) 
4 136 142 (919 0 267 ) (0 0 267 ) (0 749 267 ) (919 749 267 ) 
4 136 138 (0 749 267 ) (0 1024 267 ) (1014 1024 267 ) (1014 749 267 ) 
4 137 138 (1014 1024 64 ) (1014 769 64 ) (1014 769 267 ) (1014 1024 267 ) 
4 138 178 (0 1024 267 ) (0 1024 64 ) (0 749 64 ) (0 749 267 ) 
4 138 139 (919 749 64 ) (1014 749 64 ) (1014 749 267 ) (919 749 267 ) 
4 138 142 (0 749 64 ) (919 749 64 ) (919 749 267 ) (0 749 267 ) 
4 139 140 (919 741 267 ) (919 741 68 ) (1024 741 68 ) (1024 741 267 ) 
4 139 142 (919 749 267 ) (919 749 64 ) (919 741 64 ) (919 741 267 ) 
4 140 142 (919 576 68 ) (919 576 267 ) (919 741 267 ) (919 741 68 ) 
4 140 141 (919 576 267 ) (919 576 68 ) (1024 576 68 ) (1024 576 267 ) 
4 141 145 (1024 0 64 ) (1024 0 267 ) (1014 0 267 ) (1014 0 64 ) 
4 141 146 (1014 0 267 ) (919 0 267 ) (919 0 64 ) (1014 0 64 ) 
4 141 143 (1024 512 64 ) (1024 0 64 ) (919 0 64 ) (919 512 64 ) 
4 141 142 (919 576 64 ) (919 0 64 ) (919 0 267 ) (919 576 267 ) 
4 142 178 (0 749 64 ) (0 0 64 ) (0 0 267 ) (0 749 267 ) 
4 142 150 (896 0 267 ) (832 0 267 ) (832 0 64 ) (896 0 64 ) 
4 142 153 (832 0 267 ) (0 0 267 ) (0 0 64 ) (832 0 64 ) 
4 142 146 (919 0 267 ) (896 0 267 ) (896 0 64 ) (919 0 64 ) 
4 142 143 (0 0 64 ) (0 512 64 ) (919 512 64 ) (919 0 64 ) 
3 143 179 (0 0 -224 ) (0 0 64 ) (0 512 64 ) 
4 143 150 (896 0 64 ) (832 0 64 ) (832 0 -224 ) (896 0 -224 ) 
4 143 153 (832 0 64 ) (0 0 64 ) (0 0 -224 ) (832 0 -224 ) 
4 143 145 (1024 0 -224 ) (1024 0 64 ) (1014 0 64 ) (1014 0 -224 ) 
4 143 146 (1014 0 64 ) (896 0 64 ) (896 0 -224 ) (1014 0 -224 ) 
4 144 147 (1024 -492 361 ) (1024 -492 1534 ) (1014 -492 1534 ) (1014 -492 361 ) 
4 144 146 (1014 -492 287 ) (1014 -492 1534 ) (1014 0 1534 ) (1014 0 287 ) 
4 145 176 (1014 0 -224 ) (1024 0 -224 ) (1024 -492 -224 ) (1014 -492 -224 ) 
4 145 148 (1014 -492 -224 ) (1024 -492 -224 ) (1024 -492 260 ) (1014 -492 260 ) 
4 145 146 (1014 0 -224 ) (1014 -492 -224 ) (1014 -492 267 ) (1014 0 267 ) 
4 146 176 (896 0 -224 ) (1014 0 -224 ) (1014 -492 -224 ) (896 -492 -224 ) 
4 146 151 (896 -492 92 ) (896 -492 1534 ) (896 -448 1534 ) (896 -448 92 ) 
4 146 152 (896 -448 -224 ) (896 -492 -224 ) (896 -492 12 ) (896 -448 12 ) 
4 146 150 (896 0 -224 ) (896 -448 -224 ) (896 -448 1534 ) (896 0 1534 ) 
4 146 147 (1014 -492 361 ) (1014 -492 1534 ) (979 -492 1534 ) (979 -492 361 ) 
4 146 148 (979 -492 -224 ) (1014 -492 -224 ) (1014 -492 260 ) (979 -492 260 ) 
4 146 149 (896 -492 1534 ) (896 -492 -224 ) (979 -492 -224 ) (979 -492 1534 ) 
4 147 154 (1024 -512 361 ) (1024 -512 1534 ) (979 -512 1534 ) (979 -512 361 ) 
4 147 149 (979 -492 1534 ) (979 -492 361 ) (979 -512 361 ) (979 -512 1534 ) 
4 148 176 (1024 -492 -224 ) (1024 -512 -224 ) (979 -512 -224 ) (979 -492 -224 ) 
4 148 158 (1024 -512 64 ) (1024 -512 256 ) (979 -512 256 ) (979 -512 64 ) 
4 148 157 (1024 -512 256 ) (1024 -512 260 ) (979 -512 260 ) (979 -512 256 ) 
4 148 149 (979 -492 260 ) (979 -492 -224 ) (979 -512 -224 ) (979 -512 260 ) 
4 149 176 (979 -512 -224 ) (896 -512 -224 ) (896 -492 -224 ) (979 -492 -224 ) 
4 149 158 (979 -512 64 ) (979 -512 256 ) (896 -512 256 ) (896 -512 64 ) 
4 149 157 (979 -512 256 ) (979 -512 343 ) (896 -512 343 ) (896 -512 256 ) 
4 149 156 (979 -512 343 ) (979 -512 361 ) (896 -512 361 ) (896 -512 343 ) 
4 149 154 (979 -512 361 ) (979 -512 1534 ) (896 -512 1534 ) (896 -512 361 ) 
4 149 151 (896 -512 92 ) (896 -512 1534 ) (896 -492 1534 ) (896 -492 92 ) 
4 149 152 (896 -492 -224 ) (896 -512 -224 ) (896 -512 12 ) (896 -492 12 ) 
4 150 176 (832 0 -224 ) (896 0 -224 ) (896 -448 -224 ) (832 -448 -224 ) 
4 150 151 (832 -448 1534 ) (832 -448 92 ) (896 -448 92 ) (896 -448 1534 ) 
4 150 152 (832 -448 12 ) (832 -448 -224 ) (896 -448 -224 ) (896 -448 12 ) 
4 150 153 (832 0 -224 ) (832 -448 -224 ) (832 -448 1534 ) (832 0 1534 ) 
4 151 159 (896 -512 92 ) (896 -512 343 ) (832 -512 343 ) (832 -512 92 ) 
4 151 156 (896 -512 343 ) (896 -512 361 ) (832 -512 361 ) (832 -512 343 ) 
4 151 154 (896 -512 361 ) (896 -512 1534 ) (832 -512 1534 ) (832 -512 361 ) 
4 151 153 (832 -512 92 ) (832 -512 1534 ) (832 -448 1534 ) (832 -448 92 ) 
4 152 176 (896 -448 -224 ) (896 -512 -224 ) (832 -512 -224 ) (832 -448 -224 ) 
4 152 153 (832 -448 -224 ) (832 -512 -224 ) (832 -512 12 ) (832 -448 12 ) 
4 153 181 (0 0 1534 ) (0 0 -224 ) (0 -512 -224 ) (0 -512 1534 ) 
4 153 176 (0 -512 -224 ) (0 0 -224 ) (832 0 -224 ) (832 -512 -224 ) 
4 153 175 (0 -512 -224 ) (512 -512 -224 ) (512 -512 64 ) (0 -512 64 ) 
4 153 174 (512 -512 343 ) (0 -512 343 ) (0 -512 64 ) (512 -512 64 ) 
4 153 173 (518 -512 64 ) (518 -512 343 ) (512 -512 343 ) (512 -512 64 ) 
4 153 159 (832 -512 64 ) (832 -512 343 ) (518 -512 343 ) (518 -512 64 ) 
4 153 156 (832 -512 343 ) (832 -512 361 ) (0 -512 361 ) (0 -512 343 ) 
4 153 154 (832 -512 361 ) (832 -512 1534 ) (0 -512 1534 ) (0 -512 361 ) 
4 154 233 (1024 -1024 361 ) (1024 -1024 1534 ) (0 -1024 1534 ) (0 -1024 361 ) 
4 154 181 (0 -1024 361 ) (0 -1024 1534 ) (0 -512 1534 ) (0 -512 361 ) 
4 154 155 (1024 -559 361 ) (1024 -1024 361 ) (979 -1024 361 ) (979 -559 361 ) 
4 154 156 (0 -512 361 ) (979 -512 361 ) (979 -1024 361 ) (0 -1024 361 ) 
4 155 233 (1024 -1024 343 ) (1024 -1024 361 ) (979 -1024 361 ) (979 -1024 343 ) 
4 155 156 (979 -559 343 ) (979 -1024 343 ) (979 -1024 361 ) (979 -559 361 ) 
4 156 233 (979 -1024 361 ) (0 -1024 361 ) (0 -1024 343 ) (979 -1024 343 ) 
4 156 181 (0 -1024 343 ) (0 -1024 361 ) (0 -512 361 ) (0 -512 343 ) 
4 156 174 (512 -1024 343 ) (0 -1024 343 ) (0 -512 343 ) (512 -512 343 ) 
4 156 173 (518 -1024 343 ) (512 -1024 343 ) (512 -512 343 ) (518 -512 343 ) 
4 156 157 (896 -512 343 ) (979 -512 343 ) (979 -518 343 ) (896 -518 343 ) 
4 156 159 (518 -518 343 ) (518 -512 343 ) (896 -512 343 ) (896 -518 343 ) 
4 157 169 (1024 -518 256 ) (1024 -518 287 ) (896 -518 287 ) (896 -518 256 ) 
4 157 161 (1024 -518 287 ) (1024 -518 289 ) (896 -518 289 ) (896 -518 287 ) 
4 157 160 (1024 -518 289 ) (1024 -518 337 ) (896 -518 337 ) (896 -518 289 ) 
4 157 159 (896 -518 256 ) (896 -518 343 ) (896 -512 343 ) (896 -512 256 ) 
4 157 158 (1024 -518 256 ) (896 -518 256 ) (896 -512 256 ) (1024 -512 256 ) 
4 158 169 (896 -518 64 ) (1024 -518 64 ) (1024 -518 256 ) (896 -518 256 ) 
4 158 159 (896 -512 64 ) (896 -518 64 ) (896 -518 256 ) (896 -512 256 ) 
4 159 173 (518 -518 343 ) (518 -512 343 ) (518 -512 64 ) (518 -518 64 ) 
4 159 170 (519 -518 64 ) (522 -518 64 ) (522 -518 287 ) (519 -518 287 ) 
4 159 169 (522 -518 64 ) (896 -518 64 ) (896 -518 287 ) (522 -518 287 ) 
4 159 172 (518 -518 287 ) (518 -518 64 ) (519 -518 64 ) (519 -518 287 ) 
4 159 163 (518 -518 289 ) (518 -518 287 ) (576.407654 -518 287 ) (576.407654 -518 289 ) 
4 159 162 (576.407654 -518 287 ) (645.581421 -518 287 ) (645.581421 -518 289 ) (576.407654 -518 289 ) 
4 159 161 (645.581421 -518 287 ) (896 -518 287 ) (896 -518 289 ) (645.581421 -518 289 ) 
4 159 160 (518 -518 337 ) (518 -518 289 ) (896 -518 289 ) (896 -518 337 ) 
4 160 234 (1024 -1024 289 ) (1024 -1024 337 ) (518 -1024 337 ) (518 -1024 289 ) 
4 160 173 (518 -518 337 ) (518 -518 289 ) (518 -1024 289 ) (518 -1024 337 ) 
3 160 167 (579.953125 -684.504822 289 ) (575.070984 -696.891235 289 ) (561.976868 -704.115234 289 ) 
3 160 166 (575.070984 -696.891235 289 ) (567.145020 -717 289 ) (538.622009 -717 289 ) 
3 160 165 (518 -577.692017 289 ) (518 -571 289 ) (533.817932 -578.908997 289 ) 
3 160 164 (518 -571 289 ) (518 -521.855957 289 ) (566 -595 289 ) 
4 160 163 (518 -521.855957 289 ) (518 -518 289 ) (576.407654 -518 289 ) (587.363953 -627.555176 289 ) 
3 160 162 (576.407654 -518 289 ) (645.581360 -518 289 ) (590.406921 -657.982544 289 ) 
4 160 161 (645.581360 -518 289 ) (1024 -518 289 ) (1024 -717 289 ) (567.145020 -717 289 ) 
4 160 168 (1024 -1024 289 ) (518 -1024 289 ) (518 -717 289 ) (1024 -717 289 ) 
4 161 169 (645.581360 -518 287 ) (1024 -518 287 ) (1024 -717 287 ) (567.145020 -717 287 ) 
4 161 167 (579.952454 -684.505554 287 ) (575.070435 -696.891479 287 ) (575.070313 -696.891602 289 ) (579.952209 -684.505798 289 ) 
4 161 166 (575.070435 -696.891479 287 ) (567.144531 -717 287 ) (567.144531 -717 289 ) (575.070313 -696.891602 289 ) 
4 161 162 (645.582031 -518 287 ) (590.406860 -657.982178 287 ) (590.406799 -657.981567 289 ) (645.580933 -518 289 ) 
4 161 168 (567.144958 -717 287 ) (1024 -717 287 ) (1024 -717 289 ) (567.145020 -717 289 ) 
3 162 169 (576.407654 -518 287 ) (645.581360 -518 287 ) (590.406921 -657.982544 287 ) 
4 162 163 (576.408203 -518 287 ) (587.364319 -627.555725 287 ) (587.364258 -627.555603 289 ) (576.407898 -518 289 ) 
4 163 173 (518 -518 289 ) (518 -518 287 ) (518 -521.855957 287 ) (518 -521.855957 289 ) 
4 163 170 (519 -518 287 ) (522 -518 287 ) (522 -527.951294 287 ) (519 -523.379761 287 ) 
4 163 169 (522 -518 287 ) (576.407654 -518 287 ) (587.363953 -627.555176 287 ) (522 -527.951294 287 ) 
4 163 172 (518 -521.855957 287 ) (518 -518 287 ) (519 -518 287 ) (519 -523.379761 287 ) 
4 163 164 (518 -521.851379 287 ) (566.001648 -595 287 ) (566 -595 289 ) (518 -521.855469 289 ) 
4 164 173 (518 -521.855957 287 ) (518 -571 287 ) (518 -571 289 ) (518 -521.855957 289 ) 
4 164 170 (519 -523.379822 287 ) (522 -527.951355 287 ) (522 -573 287 ) (519 -571.500000 287 ) 
3 164 169 (522 -527.951355 287 ) (566 -595 287 ) (522 -573 287 ) 
4 164 172 (518 -571 287 ) (518 -521.855957 287 ) (519 -523.379822 287 ) (519 -571.500000 287 ) 
4 164 165 (518 -571 287 ) (533.817993 -578.908997 287 ) (533.817993 -578.908997 289 ) (518 -571 289 ) 
4 165 173 (518 -571 287 ) (518 -577.692017 287 ) (518 -577.692017 289 ) (518 -571 289 ) 
4 165 170 (519 -571.500000 287 ) (522 -573 287 ) (522 -578 287 ) (519 -577.768982 287 ) 
3 165 169 (522 -573 287 ) (533.817932 -578.908997 287 ) (522 -578 287 ) 
4 165 172 (518 -577.692017 287 ) (518 -571 287 ) (519 -571.500000 287 ) (519 -577.768982 287 ) 
3 166 169 (575.070984 -696.891235 287 ) (567.145020 -717 287 ) (538.622009 -717 287 ) 
4 166 167 (575.072754 -696.891418 289 ) (575.072754 -696.891418 287 ) (561.974609 -704.117737 287 ) (561.974609 -704.117737 289 ) 
4 166 168 (538.622070 -717 287 ) (567.144958 -717 287 ) (567.145020 -717 289 ) (538.622009 -717 289 ) 
3 167 169 (579.953125 -684.504822 287 ) (575.070984 -696.891235 287 ) (561.976868 -704.115234 287 ) 
4 168 234 (1024 -1024 287 ) (1024 -1024 289 ) (518 -1024 289 ) (518 -1024 287 ) 
4 168 173 (518 -717 287 ) (518 -1024 287 ) (518 -1024 289 ) (518 -717 289 ) 
4 168 171 (519 -717 287 ) (522 -717 287 ) (522 -1024 287 ) (519 -1024 287 ) 
4 168 169 (522 -717 287 ) (1024 -717 287 ) (1024 -1024 287 ) (522 -1024 287 ) 
4 168 172 (518 -1024 287 ) (518 -717 287 ) (519 -717 287 ) (519 -1024 287 ) 
4 169 234 (1024 -1024 64 ) (1024 -1024 287 ) (522 -1024 287 ) (522 -1024 64 ) 
4 169 170 (522 -518 64 ) (522 -579 64 ) (522 -579 287 ) (522 -518 287 ) 
4 169 171 (522 -717 64 ) (522 -1024 64 ) (522 -1024 287 ) (522 -717 287 ) 
4 170 172 (519 -518 64 ) (519 -579 64 ) (519 -579 287 ) (519 -518 287 ) 
4 171 234 (522 -1024 287 ) (519 -1024 287 ) (519 -1024 64 ) (522 -1024 64 ) 
4 171 172 (519 -717 64 ) (519 -1024 64 ) (519 -1024 287 ) (519 -717 287 ) 
4 172 234 (519 -1024 287 ) (518 -1024 287 ) (518 -1024 64 ) (519 -1024 64 ) 
4 172 173 (518 -518 287 ) (518 -518 64 ) (518 -1024 64 ) (518 -1024 287 ) 
4 173 237 (518 -1024 343 ) (512 -1024 343 ) (512 -1024 64 ) (518 -1024 64 ) 
4 173 174 (512 -512 64 ) (512 -1024 64 ) (512 -1024 343 ) (512 -512 343 ) 
4 174 239 (512 -1024 343 ) (0 -1024 343 ) (0 -1024 64 ) (512 -1024 64 ) 
4 174 181 (0 -1024 64 ) (0 -1024 343 ) (0 -512 343 ) (0 -512 64 ) 
4 174 175 (0 -1024 64 ) (0 -512 64 ) (512 -512 64 ) (512 -1024 64 ) 
4 175 241 (0 -1024 64 ) (0 -1024 -224 ) (512 -1024 -224 ) (512 -1024 64 ) 
4 175 181 (0 -1024 -224 ) (0 -1024 64 ) (0 -512 64 ) (0 -512 -224 ) 
4 175 177 (512 -1024 -224 ) (0 -1024 -224 ) (0 -512 -224 ) (512 -512 -224 ) 
3 176 177 (512 -512 -224 ) (0 -512 -224 ) (512 -512 -512 ) 
3 177 242 (512 -1024 -512 ) (512 -1024 -224 ) (0 -1024 -224 ) 
3 178 182 (-1024 0 352 ) (-1024 0 64 ) (-512 0 64 ) 
5 178 181 (0 0 64 ) (0 0 1534 ) (-1024 0 1534 ) (-1024 0 352 ) (-512 0 64 ) 
4 178 180 (-1024 1024 1534 ) (-1024 1024 64 ) (-1024 0 64 ) (-1024 0 1534 ) 
4 178 179 (0 0 64 ) (-512 0 64 ) (-512 512 64 ) (0 512 64 ) 
3 179 181 (0 0 -224 ) (0 0 64 ) (-512 0 64 ) 
4 180 189 (-2048 0 64 ) (-2048 0 1534 ) (-2048 1024 1534 ) (-2048 1024 64 ) 
4 180 183 (-1024 0 64 ) (-1024 0 1534 ) (-2048 0 1534 ) (-2048 0 64 ) 
4 181 244 (0 -1024 -224 ) (0 -1024 1534 ) (-1024 -1024 1534 ) (-1024 -1024 352 ) 
4 181 183 (-1024 0 1534 ) (-1024 0 352 ) (-1024 -1024 352 ) (-1024 -1024 1534 ) 
4 181 182 (-1024 0.001806 352.002075 ) (-511.996216 0.002246 64 ) (-511.996307 -1024 64 ) (-1024 -1024 352.002014 ) 
3 182 245 (-512 -1024 64 ) (-1024 -1024 352 ) (-1024 -1024 64 ) 
4 182 183 (-1024 0 352 ) (-1024 0 64 ) (-1024 -1024 64 ) (-1024 -1024 352 ) 
4 183 246 (-1024 -1024 64 ) (-1024 -1024 1534 ) (-2048 -1024 1534 ) (-2048 -1024 64 ) 
4 183 190 (-2048 -1024 64 ) (-2048 -1024 1534 ) (-2048 0 1534 ) (-2048 0 64 ) 
4 184 189 (-2048 1024 707 ) (-2048 1024 1534 ) (-3072 1024 1534 ) (-3072 1024 707 ) 
4 184 187 (-3072 2048 1534 ) (-3072 2048 707 ) (-3072 2047 707 ) (-3072 2047 1534 ) 
4 184 188 (-3072 2047 707 ) (-3072 1024 707 ) (-3072 1024 1534 ) (-3072 2047 1534 ) 
4 184 186 (-3072 1024 707 ) (-3072 2047 707 ) (-3068 2047 707 ) (-3068 1024 707 ) 
4 184 185 (-2048 2047 707 ) (-2048 1024 707 ) (-3068 1024 707 ) (-3068 2047 707 ) 
4 185 189 (-2048 1024 64 ) (-2048 1024 707 ) (-3068 1024 707 ) (-3068 1024 64 ) 
4 185 186 (-3068 2047 64 ) (-3068 1024 64 ) (-3068 1024 707 ) (-3068 2047 707 ) 
4 186 189 (-3068 1024 707 ) (-3072 1024 707 ) (-3072 1024 64 ) (-3068 1024 64 ) 
4 186 188 (-3072 2047 64 ) (-3072 1024 64 ) (-3072 1024 707 ) (-3072 2047 707 ) 
4 187 188 (-3582 2047 1534 ) (-3582 2047 707 ) (-3072 2047 707 ) (-3072 2047 1534 ) 
4 188 191 (-3072 1024 64 ) (-3072 1024 1534 ) (-3582 1024 1534 ) (-3582 1024 64 ) 
4 189 191 (-3072 1024 1534 ) (-3072 1024 64 ) (-3072 0 64 ) (-3072 0 1534 ) 
4 189 190 (-2048 0 64 ) (-2048 0 1534 ) (-3072 0 1534 ) (-3072 0 64 ) 
4 190 255 (-2048 -1024 64 ) (-2048 -1024 1534 ) (-3072 -1024 1534 ) (-3072 -1024 64 ) 
4 190 192 (-3072 -1024 64 ) (-3072 -1024 1534 ) (-3072 0 1534 ) (-3072 0 64 ) 
4 191 192 (-3072 0 64 ) (-3072 0 1534 ) (-3582 0 1534 ) (-3582 0 64 ) 
4 192 256 (-3072 -1024 64 ) (-3072 -1024 1534 ) (-3582 -1024 1534 ) (-3582 -1024 64 ) 
4 193 195 (5630 -2048 1534 ) (5120 -2048 1534 ) (5120 -2048 64 ) (5630 -2048 64 ) 
4 193 194 (5120 -2048 64 ) (5120 -2048 1534 ) (5120 -1024 1534 ) (5120 -1024 64 ) 
4 194 199 (4096 -1024 1534 ) (4096 -1024 64 ) (4096 -2048 64 ) (4096 -2048 1534 ) 
4 194 196 (5120 -2048 64 ) (5120 -2048 1534 ) (4096 -2048 1534 ) (4096 -2048 64 ) 
4 195 197 (5630 -3072 1534 ) (5120 -3072 1534 ) (5120 -3072 64 ) (5630 -3072 64 ) 
4 195 196 (5120 -2048 1534 ) (5120 -2048 64 ) (5120 -3072 64 ) (5120 -3072 1534 ) 
4 196 215 (4096 -3072 64 ) (4096 -3072 1534 ) (4096 -2048 1534 ) (4096 -2048 64 ) 
4 196 198 (5120 -3072 64 ) (5120 -3072 1534 ) (4096 -3072 1534 ) (4096 -3072 64 ) 
4 197 223 (5630 -4096 1534 ) (5120 -4096 1534 ) (5120 -4096 64 ) (5630 -4096 64 ) 
4 197 198 (5120 -3072 1534 ) (5120 -3072 64 ) (5120 -4096 64 ) (5120 -4096 1534 ) 
4 198 224 (5120 -4096 64 ) (5120 -4096 1534 ) (4096 -4096 1534 ) (4096 -4096 64 ) 
4 198 216 (4096 -4096 64 ) (4096 -4096 1534 ) (4096 -3072 1534 ) (4096 -3072 64 ) 
4 199 215 (4096 -2048 64 ) (4096 -2048 1534 ) (3072 -2048 1534 ) (3072 -2048 64 ) 
4 199 201 (3072 -1024 352 ) (3072 -1024 64 ) (3072 -2048 64 ) (3072 -2048 352 ) 
4 199 200 (3072 -1024 1534 ) (3072 -1024 352 ) (3072 -2048 352 ) (3072 -2048 1534 ) 
3 200 218 (2048 -2048 64 ) (2048 -2048 -224 ) (2560 -2048 64 ) 
5 200 217 (3072 -2048 352 ) (3072 -2048 1534 ) (2048 -2048 1534 ) (2048 -2048 64 ) (2560 -2048 64 ) 
4 200 211 (2048 -2048 -224 ) (2048 -2048 64 ) (2048 -1024 64 ) (2048 -1024 -224 ) 
4 200 203 (2048 -2048 64 ) (2048 -2048 343 ) (2048 -1024 343 ) (2048 -1024 64 ) 
4 200 202 (2048 -2048 343 ) (2048 -2048 1534 ) (2048 -1024 1534 ) (2048 -1024 343 ) 
4 200 201 (3072 -2048 352 ) (2560 -2048 64 ) (2560 -1024 64 ) (3072 -1024 352 ) 
3 201 217 (3072 -2048 64 ) (3072 -2048 352 ) (2560 -2048 64 ) 
4 202 233 (1024 -1024 1534 ) (1024 -1024 343 ) (1024 -2048 343 ) (1024 -2048 1534 ) 
4 202 219 (2048 -2048 343 ) (2048 -2048 1534 ) (1024 -2048 1534 ) (1024 -2048 343 ) 
4 202 210 (1530 -2048 343 ) (1024 -2048 343 ) (1024 -1536 343 ) (1530 -1536 343 ) 
4 202 209 (1024 -1536 343 ) (1024 -1530 343 ) (1530 -1530 343 ) (1530 -1536 343 ) 
4 202 207 (1530 -1086 343 ) (1530 -1408 343 ) (1408 -1408 343 ) (1408 -1086 343 ) 
4 202 205 (1536 -2048 343 ) (1530 -2048 343 ) (1530 -1536 343 ) (1536 -1536 343 ) 
4 202 204 (1530 -1536 343 ) (1530 -1024 343 ) (1536 -1024 343 ) (1536 -1536 343 ) 
4 202 203 (2048 -2048 343 ) (1536 -2048 343 ) (1536 -1024 343 ) (2048 -1024 343 ) 
4 203 219 (2048 -2048 64 ) (2048 -2048 343 ) (1536 -2048 343 ) (1536 -2048 64 ) 
4 203 211 (1536 -1024 64 ) (2048 -1024 64 ) (2048 -2048 64 ) (1536 -2048 64 ) 
4 203 205 (1536 -1536 64 ) (1536 -2048 64 ) (1536 -2048 343 ) (1536 -1536 343 ) 
4 203 204 (1536 -1024 64 ) (1536 -1536 64 ) (1536 -1536 343 ) (1536 -1024 343 ) 
4 204 209 (1530 -1530 64 ) (1530 -1536 64 ) (1530 -1536 343 ) (1530 -1530 343 ) 
4 204 206 (1530 -1024 337 ) (1530 -1024 66.876312 ) (1530 -1086 111.458801 ) (1530 -1086 337 ) 
3 204 207 (1530 -1408 343 ) (1530 -1086 343 ) (1530 -1086 111.458801 ) 
4 204 205 (1530 -1536 343 ) (1530 -1536 64 ) (1536 -1536 64 ) (1536 -1536 343 ) 
4 205 219 (1536 -2048 343 ) (1530 -2048 343 ) (1530 -2048 64 ) (1536 -2048 64 ) 
4 205 212 (1536 -1536 64 ) (1536 -2048 64 ) (1530 -2048 64 ) (1530 -1536 64 ) 
4 205 210 (1530 -1536 64 ) (1530 -2048 64 ) (1530 -2048 343 ) (1530 -1536 343 ) 
4 206 208 (1408 -1024 337 ) (1408 -1024 66.876312 ) (1408 -1086 111.458801 ) (1408 -1086 337 ) 
4 206 207 (1408 -1086 337 ) (1408 -1086 111.457031 ) (1530 -1086 111.457031 ) (1530 -1086 337 ) 
3 207 208 (1408 -1086 337 ) (1408 -1086 111.458801 ) (1408 -1399.655762 337 ) 
4 208 234 (1024 -1024 337 ) (1024 -1024 64 ) (1024 -1530 64 ) (1024 -1530 337 ) 
4 208 209 (1024 -1530 64 ) (1408 -1530 64 ) (1408 -1530 337 ) (1024 -1530 337 ) 
4 209 235 (1024 -1530 64 ) (1024 -1536 64 ) (1024 -1536 343 ) (1024 -1530 343 ) 
4 209 210 (1024 -1536 64 ) (1530 -1536 64 ) (1530 -1536 343 ) (1024 -1536 343 ) 
4 210 236 (1024 -1536 64 ) (1024 -2048 64 ) (1024 -2048 343 ) (1024 -1536 343 ) 
4 210 219 (1530 -2048 343 ) (1024 -2048 343 ) (1024 -2048 64 ) (1530 -2048 64 ) 
4 210 212 (1024 -2048 64 ) (1024 -1536 64 ) (1530 -1536 64 ) (1530 -2048 64 ) 
4 211 219 (2048 -2048 -224 ) (2048 -2048 64 ) (1536 -2048 64 ) (1536 -2048 -224 ) 
4 211 214 (2048 -1536 -224 ) (2048 -2048 -224 ) (1536 -2048 -224 ) (1536 -1536 -224 ) 
4 211 213 (1536 -1024 -224 ) (2048 -1024 -224 ) (2048 -1536 -224 ) (1536 -1536 -224 ) 
4 211 212 (1536 -1536 -224 ) (1536 -2048 -224 ) (1536 -2048 64 ) (1536 -1536 64 ) 
4 212 240 (1024 -1536 -224 ) (1024 -2048 -224 ) (1024 -2048 64 ) (1024 -1536 64 ) 
4 212 219 (1536 -2048 64 ) (1024 -2048 64 ) (1024 -2048 -224 ) (1536 -2048 -224 ) 
4 212 214 (1024 -2048 -224 ) (1024 -1536 -224 ) (1536 -1536 -224 ) (1536 -2048 -224 ) 
3 213 214 (2048 -1536 -224 ) (1536 -1536 -224 ) (1536 -1536 -512 ) 
3 214 243 (1024 -2048 -224 ) (1024 -1536 -224 ) (1024 -1536 -512 ) 
4 215 217 (3072 -2048 1534 ) (3072 -2048 64 ) (3072 -3072 64 ) (3072 -3072 1534 ) 
4 215 216 (4096 -3072 64 ) (4096 -3072 1534 ) (3072 -3072 1534 ) (3072 -3072 64 ) 
4 216 227 (4096 -4096 64 ) (4096 -4096 1534 ) (3072 -4096 1534 ) (3072 -4096 64 ) 
4 216 221 (3072 -4096 64 ) (3072 -4096 1534 ) (3072 -3072 1534 ) (3072 -3072 64 ) 
4 217 221 (3072 -3072 64 ) (3072 -3072 1534 ) (2048 -3072 1534 ) (2048 -3072 64 ) 
3 217 220 (2048 -2560 64 ) (2048 -3072 64 ) (2048 -3072 352 ) 
5 217 219 (2048 -2048 1534 ) (2048 -2048 64 ) (2048 -2560 64 ) (2048 -3072 352 ) (2048 -3072 1534 ) 
4 217 218 (2048 -2560 64 ) (2048 -2048 64 ) (2560 -2048 64 ) (2560 -2560 64 ) 
3 218 219 (2048 -2048 64 ) (2048 -2048 -224 ) (2048 -2560 64 ) 
4 219 247 (1024 -3072 352 ) (1024 -3072 1534 ) (1024 -2048 1534 ) (1024 -2048 -224 ) 
4 219 222 (2048 -3072 352 ) (2048 -3072 1534 ) (1024 -3072 1534 ) (1024 -3072 352 ) 
4 219 220 (2048 -2560 64 ) (2048 -3072 352 ) (1024 -3072 352 ) (1024 -2560 64 ) 
3 220 248 (1024 -3072 64 ) (1024 -3072 352 ) (1024 -2560 64 ) 
4 220 222 (2048 -3072 64 ) (2048 -3072 352 ) (1024 -3072 352 ) (1024 -3072 64 ) 
4 221 228 (3072 -4096 64 ) (3072 -4096 1534 ) (2048 -4096 1534 ) (2048 -4096 64 ) 
4 221 222 (2048 -3072 1534 ) (2048 -3072 64 ) (2048 -4096 64 ) (2048 -4096 1534 ) 
4 222 249 (1024 -4096 64 ) (1024 -4096 1534 ) (1024 -3072 1534 ) (1024 -3072 64 ) 
4 222 229 (2048 -4096 64 ) (2048 -4096 1534 ) (1024 -4096 1534 ) (1024 -4096 64 ) 
4 223 225 (5630 -5120 1534 ) (5120 -5120 1534 ) (5120 -5120 64 ) (5630 -5120 64 ) 
4 223 224 (5120 -5120 64 ) (5120 -5120 1534 ) (5120 -4096 1534 ) (5120 -4096 64 ) 
4 224 227 (4096 -4096 1534 ) (4096 -4096 64 ) (4096 -5120 64 ) (4096 -5120 1534 ) 
4 224 226 (5120 -5120 64 ) (5120 -5120 1534 ) (4096 -5120 1534 ) (4096 -5120 64 ) 
4 225 226 (5120 -5120 1534 ) (5120 -5120 64 ) (5120 -5630 64 ) (5120 -5630 1534 ) 
4 226 230 (4096 -5630 1534 ) (4096 -5120 1534 ) (4096 -5120 64 ) (4096 -5630 64 ) 
4 227 230 (4096 -5120 64 ) (4096 -5120 1534 ) (3072 -5120 1534 ) (3072 -5120 64 ) 
4 227 228 (3072 -4096 1534 ) (3072 -4096 64 ) (3072 -5120 64 ) (3072 -5120 1534 ) 
4 228 231 (3072 -5120 64 ) (3072 -5120 1534 ) (2048 -5120 1534 ) (2048 -5120 64 ) 
4 228 229 (2048 -5120 64 ) (2048 -5120 1534 ) (2048 -4096 1534 ) (2048 -4096 64 ) 
4 229 261 (1024 -5120 64 ) (1024 -5120 1534 ) (1024 -4096 1534 ) (1024 -4096 64 ) 
4 229 232 (2048 -5120 64 ) (2048 -5120 1534 ) (1024 -5120 1534 ) (1024 -5120 64 ) 
4 230 231 (3072 -5120 1534 ) (3072 -5120 64 ) (3072 -5630 64 ) (3072 -5630 1534 ) 
4 231 232 (2048 -5120 1534 ) (2048 -5120 64 ) (2048 -5630 64 ) (2048 -5630 1534 ) 
4 232 264 (1024 -5630 1534 ) (1024 -5120 1534 ) (1024 -5120 64 ) (1024 -5630 64 ) 
4 233 247 (1024 -2048 343 ) (1024 -2048 1534 ) (0 -2048 1534 ) (0 -2048 343 ) 
4 233 244 (0 -1024 1534 ) (0 -1024 343 ) (0 -2048 343 ) (0 -2048 1534 ) 
4 233 238 (518 -1536 343 ) (518 -2048 343 ) (512 -2048 343 ) (512 -1536 343 ) 
4 233 237 (512 -1024 343 ) (518 -1024 343 ) (518 -1536 343 ) (512 -1536 343 ) 
4 233 239 (0 -2048 343 ) (0 -1024 343 ) (512 -1024 343 ) (512 -2048 343 ) 
4 233 236 (1024 -1536 343 ) (1024 -2048 343 ) (518 -2048 343 ) (518 -1536 343 ) 
4 233 235 (1024 -1530 343 ) (1024 -1536 343 ) (518 -1536 343 ) (518 -1530 343 ) 
4 234 237 (518 -1024 64 ) (518 -1530 64 ) (518 -1530 337 ) (518 -1024 337 ) 
4 234 235 (518 -1530 337 ) (518 -1530 64 ) (1024 -1530 64 ) (1024 -1530 337 ) 
4 235 237 (518 -1530 64 ) (518 -1536 64 ) (518 -1536 343 ) (518 -1530 343 ) 
4 235 236 (518 -1536 343 ) (518 -1536 64 ) (1024 -1536 64 ) (1024 -1536 343 ) 
4 236 247 (1024 -2048 64 ) (1024 -2048 343 ) (518 -2048 343 ) (518 -2048 64 ) 
4 236 240 (1024 -2048 64 ) (518 -2048 64 ) (518 -1536 64 ) (1024 -1536 64 ) 
4 236 238 (518 -1536 64 ) (518 -2048 64 ) (518 -2048 343 ) (518 -1536 343 ) 
4 237 239 (512 -1024 64 ) (512 -1536 64 ) (512 -1536 343 ) (512 -1024 343 ) 
4 237 238 (512 -1536 343 ) (512 -1536 64 ) (518 -1536 64 ) (518 -1536 343 ) 
4 238 247 (518 -2048 343 ) (512 -2048 343 ) (512 -2048 64 ) (518 -2048 64 ) 
4 238 240 (518 -2048 64 ) (512 -2048 64 ) (512 -1536 64 ) (518 -1536 64 ) 
4 238 239 (512 -1536 64 ) (512 -2048 64 ) (512 -2048 343 ) (512 -1536 343 ) 
4 239 247 (512 -2048 343 ) (0 -2048 343 ) (0 -2048 64 ) (512 -2048 64 ) 
4 239 244 (0 -1024 343 ) (0 -1024 64 ) (0 -2048 64 ) (0 -2048 343 ) 
4 239 241 (512 -2048 64 ) (0 -2048 64 ) (0 -1024 64 ) (512 -1024 64 ) 
4 240 247 (1024 -2048 -224 ) (1024 -2048 64 ) (512 -2048 64 ) (512 -2048 -224 ) 
4 240 243 (1024 -2048 -224 ) (512 -2048 -224 ) (512 -1536 -224 ) (1024 -1536 -224 ) 
4 240 241 (512 -1536 -224 ) (512 -2048 -224 ) (512 -2048 64 ) (512 -1536 64 ) 
4 241 247 (512 -2048 64 ) (0 -2048 64 ) (0 -2048 -224 ) (512 -2048 -224 ) 
4 241 244 (0 -1024 64 ) (0 -1024 -224 ) (0 -2048 -224 ) (0 -2048 64 ) 
4 241 243 (512 -2048 -224 ) (0 -2048 -224 ) (0 -1536 -224 ) (512 -1536 -224 ) 
4 241 242 (0 -1536 -224 ) (0 -1024 -224 ) (512 -1024 -224 ) (512 -1536 -224 ) 
3 242 243 (512 -1536 -224 ) (0 -1536 -224 ) (512 -1536 -512 ) 
3 244 251 (0 -2048 -224 ) (0 -2048 64 ) (-512 -2048 64 ) 
5 244 250 (0 -2048 64 ) (0 -2048 1534 ) (-1024 -2048 1534 ) (-1024 -2048 352 ) (-512 -2048 64 ) 
4 244 246 (-1024 -2048 352 ) (-1024 -2048 1534 ) (-1024 -1024 1534 ) (-1024 -1024 352 ) 
4 244 245 (-512 -2048 64 ) (-1024 -2048 352 ) (-1024 -1024 352 ) (-512 -1024 64 ) 
3 245 250 (-512 -2048 64 ) (-1024 -2048 352 ) (-1024 -2048 64 ) 
4 245 246 (-1024 -2048 64 ) (-1024 -2048 352 ) (-1024 -1024 352 ) (-1024 -1024 64 ) 
4 246 255 (-2048 -1024 1534 ) (-2048 -1024 64 ) (-2048 -2048 64 ) (-2048 -2048 1534 ) 
4 246 252 (-1024 -2048 64 ) (-1024 -2048 1534 ) (-2048 -2048 1534 ) (-2048 -2048 64 ) 
3 247 251 (0 -2048 64 ) (0 -2048 -224 ) (0 -2560 64 ) 
5 247 250 (0 -2048 1534 ) (0 -2048 64 ) (0 -2560 64 ) (0 -3072 352 ) (0 -3072 1534 ) 
4 247 249 (1024 -3072 352 ) (1024 -3072 1534 ) (0 -3072 1534 ) (0 -3072 352 ) 
4 247 248 (0 -3072 351.997437 ) (0 -2560.003906 64 ) (1024 -2560.003906 64 ) (1024 -3072 351.997528 ) 
3 248 250 (0 -3072 64 ) (0 -3072 352 ) (0 -2560 64 ) 
4 248 249 (1024 -3072 64 ) (1024 -3072 352 ) (0 -3072 352 ) (0 -3072 64 ) 
4 249 261 (1024 -4096 64 ) (1024 -4096 1534 ) (0 -4096 1534 ) (0 -4096 64 ) 
4 249 253 (0 -4096 64 ) (0 -4096 1534 ) (0 -3072 1534 ) (0 -3072 64 ) 
4 250 253 (0 -3072 64 ) (0 -3072 1534 ) (-1024 -3072 1534 ) (-1024 -3072 64 ) 
4 250 252 (-1024 -2048 1534 ) (-1024 -2048 64 ) (-1024 -3072 64 ) (-1024 -3072 1534 ) 
4 250 251 (-512 -2048 64 ) (0 -2048 64 ) (0 -2560 64 ) (-512 -2560 64 ) 
4 252 257 (-2048 -3072 64 ) (-2048 -3072 1534 ) (-2048 -2048 1534 ) (-2048 -2048 64 ) 
4 252 254 (-1024 -3072 64 ) (-1024 -3072 1534 ) (-2048 -3072 1534 ) (-2048 -3072 64 ) 
4 253 262 (0 -4096 64 ) (0 -4096 1534 ) (-1024 -4096 1534 ) (-1024 -4096 64 ) 
4 253 254 (-1024 -3072 1534 ) (-1024 -3072 64 ) (-1024 -4096 64 ) (-1024 -4096 1534 ) 
4 254 263 (-1024 -4096 64 ) (-1024 -4096 1534 ) (-2048 -4096 1534 ) (-2048 -4096 64 ) 
4 254 258 (-2048 -4096 64 ) (-2048 -4096 1534 ) (-2048 -3072 1534 ) (-2048 -3072 64 ) 
4 255 257 (-2048 -2048 64 ) (-2048 -2048 1534 ) (-3072 -2048 1534 ) (-3072 -2048 64 ) 
4 255 256 (-3072 -1024 1534 ) (-3072 -1024 64 ) (-3072 -2048 64 ) (-3072 -2048 1534 ) 
4 256 259 (-3072 -2048 64 ) (-3072 -2048 1534 ) (-3582 -2048 1534 ) (-3582 -2048 64 ) 
4 257 259 (-3072 -2048 1534 ) (-3072 -2048 64 ) (-3072 -3072 64 ) (-3072 -3072 1534 ) 
4 257 258 (-2048 -3072 64 ) (-2048 -3072 1534 ) (-3072 -3072 1534 ) (-3072 -3072 64 ) 
4 258 267 (-2048 -4096 64 ) (-2048 -4096 1534 ) (-3072 -4096 1534 ) (-3072 -4096 64 ) 
4 258 260 (-3072 -4096 64 ) (-3072 -4096 1534 ) (-3072 -3072 1534 ) (-3072 -3072 64 ) 
4 259 260 (-3072 -3072 64 ) (-3072 -3072 1534 ) (-3582 -3072 1534 ) (-3582 -3072 64 ) 
4 260 268 (-3072 -4096 64 ) (-3072 -4096 1534 ) (-3582 -4096 1534 ) (-3582 -4096 64 ) 
4 261 264 (1024 -5120 64 ) (1024 -5120 1534 ) (0 -5120 1534 ) (0 -5120 64 ) 
4 261 262 (0 -4096 1534 ) (0 -4096 64 ) (0 -5120 64 ) (0 -5120 1534 ) 
4 262 265 (0 -5120 64 ) (0 -5120 1534 ) (-1024 -5120 1534 ) (-1024 -5120 64 ) 
4 262 263 (-1024 -5120 64 ) (-1024 -5120 1534 ) (-1024 -4096 1534 ) (-1024 -4096 64 ) 
4 263 267 (-2048 -4096 1534 ) (-2048 -4096 64 ) (-2048 -5120 64 ) (-2048 -5120 1534 ) 
4 263 266 (-1024 -5120 64 ) (-1024 -5120 1534 ) (-2048 -5120 1534 ) (-2048 -5120 64 ) 
4 264 265 (0 -5120 1534 ) (0 -5120 64 ) (0 -5630 64 ) (0 -5630 1534 ) 
4 265 266 (-1024 -5120 1534 ) (-1024 -5120 64 ) (-1024 -5630 64 ) (-1024 -5630 1534 ) 
4 266 269 (-2048 -5630 1534 ) (-2048 -5120 1534 ) (-2048 -5120 64 ) (-2048 -5630 64 ) 
4 267 269 (-2048 -5120 64 ) (-2048 -5120 1534 ) (-3072 -5120 1534 ) (-3072 -5120 64 ) 
4 267 268 (-3072 -4096 1534 ) (-3072 -4096 64 ) (-3072 -5120 64 ) (-3072 -5120 1534 ) 
4 268 270 (-3072 -5120 64 ) (-3072 -5120 1534 ) (-3582 -5120 1534 ) (-3582 -5120 64 ) 
4 269 270 (-3072 -5120 1534 ) (-3072 -5120 64 ) (-3072 -5630 64 ) (-3072 -5630 1534 ) 
