PRT1
24
67
4 0 13 (0 320 117 ) (0 4 117 ) (0 4 190 ) (0 320 190 ) 
4 0 12 (0 393 117 ) (0 320 117 ) (0 320 190 ) (0 393 190 ) 
4 0 9 (0 512 117 ) (0 393 117 ) (0 393 190 ) (0 512 190 ) 
4 0 7 (0 832 190 ) (0 832 117 ) (0 512 117 ) (0 512 190 ) 
4 0 6 (0 4 446 ) (0 320 446 ) (0 320 190 ) (0 4 190 ) 
4 0 2 (0 320 446 ) (0 832 446 ) (0 832 190 ) (0 320 190 ) 
4 0 1 (0 12 117 ) (0 826 117 ) (178 826 117 ) (178 12 117 ) 
4 1 20 (0 826 2 ) (0 826 0 ) (0 12 0 ) (0 12 2 ) 
4 1 14 (0 12 117 ) (0 320 117 ) (0 320 2 ) (0 12 2 ) 
4 1 12 (0 320 117 ) (0 393 117 ) (0 393 2 ) (0 320 2 ) 
4 1 10 (0 512 110 ) (0 512 2 ) (0 393 2 ) (0 393 110 ) 
4 1 9 (0 393 117 ) (0 512 117 ) (0 512 110 ) (0 393 110 ) 
4 1 8 (0 512 117 ) (0 826 117 ) (0 826 2 ) (0 512 2 ) 
4 2 12 (0 393 190 ) (0 320 190 ) (-128 320 190 ) (-128 393 190 ) 
4 2 9 (0 512 190 ) (0 393 190 ) (-128 393 190 ) (-128 512 190 ) 
4 2 7 (0 832 190 ) (0 512 190 ) (-128 512 190 ) (-128 832 190 ) 
4 2 6 (-128 320 190 ) (0 320 190 ) (0 320 446 ) (-128 320 446 ) 
4 2 4 (-128 320 192 ) (-128 320 446 ) (-128 512 446 ) (-128 512 192 ) 
4 2 3 (-128 832 446 ) (-128 832 190 ) (-128 512 190 ) (-128 512 446 ) 
4 3 7 (-512 512 190 ) (-512 832 190 ) (-128 832 190 ) (-128 512 190 ) 
4 3 4 (-512 512 446 ) (-512 512 192 ) (-128 512 192 ) (-128 512 446 ) 
4 3 5 (-512 832 446 ) (-512 832 190 ) (-512 512 190 ) (-512 512 446 ) 
4 4 6 (-128 320 192 ) (-128 320 446 ) (-512 320 446 ) (-512 320 192 ) 
4 4 5 (-512 320 192 ) (-512 320 446 ) (-512 512 446 ) (-512 512 192 ) 
4 5 19 (-760 320 190 ) (-766 320 190 ) (-766 512 190 ) (-760 512 190 ) 
4 5 16 (-512 320 190 ) (-760 320 190 ) (-760 512 190 ) (-512 512 190 ) 
4 5 7 (-766 512 190 ) (-766 832 190 ) (-512 832 190 ) (-512 512 190 ) 
4 5 6 (-766 320 446 ) (-766 320 190 ) (-512 320 190 ) (-512 320 446 ) 
4 6 19 (-760 4 190 ) (-766 4 190 ) (-766 320 190 ) (-760 320 190 ) 
4 6 17 (-130 4 190 ) (-760 4 190 ) (-760 320 190 ) (-130 320 190 ) 
4 6 13 (0 320 190 ) (0 4 190 ) (-130 4 190 ) (-130 320 190 ) 
4 7 19 (-766 512 190 ) (-766 512 117 ) (-760 512 117 ) (-760 512 190 ) 
4 7 16 (-760 512 117 ) (-512 512 117 ) (-512 512 190 ) (-760 512 190 ) 
4 7 9 (-128 512 117 ) (0 512 117 ) (0 512 190 ) (-128 512 190 ) 
4 7 8 (0 512 117 ) (-760 512 117 ) (-760 826 117 ) (0 826 117 ) 
4 8 21 (-128 512 2 ) (-512 512 2 ) (-512 826 2 ) (-128 826 2 ) 
4 8 20 (0 826 2 ) (0 512 2 ) (-128 512 2 ) (-128 826 2 ) 
4 8 23 (-512 512 2 ) (-760 512 2 ) (-760 826 2 ) (-512 826 2 ) 
4 8 16 (-760 512 2 ) (-512 512 2 ) (-512 512 117 ) (-760 512 117 ) 
4 8 10 (-128 512 2 ) (0 512 2 ) (0 512 110 ) (-128 512 110 ) 
4 8 9 (0 512 110 ) (0 512 117 ) (-128 512 117 ) (-128 512 110 ) 
4 9 12 (-128 393 110 ) (0 393 110 ) (0 393 190 ) (-128 393 190 ) 
4 9 10 (0 393 110 ) (-128 393 110 ) (-128 512 110 ) (0 512 110 ) 
4 10 20 (-128 512 2 ) (0 512 2 ) (0 393 2 ) (-128 393 2 ) 
4 10 12 (-128 393 2 ) (0 393 2 ) (0 393 110 ) (-128 393 110 ) 
4 10 11 (-128 393 2 ) (-128 393 110 ) (-128 441 110 ) (-128 441 2 ) 
4 11 15 (-130 441 2 ) (-130 393 2 ) (-130 393 110 ) (-130 441 110 ) 
4 12 20 (-128 393 2 ) (0 393 2 ) (0 320 2 ) (-128 320 2 ) 
4 12 14 (-128 320 2 ) (0 320 2 ) (0 320 117 ) (-128 320 117 ) 
4 12 13 (0 320 117 ) (0 320 190 ) (-128 320 190 ) (-128 320 117 ) 
4 13 17 (-130 4 190 ) (-130 320 190 ) (-130 320 117 ) (-130 4 117 ) 
4 13 14 (-130 12 117 ) (-130 320 117 ) (0 320 117 ) (0 12 117 ) 
4 14 22 (-130 12 2 ) (-130 320 2 ) (-128 320 2 ) (-128 12 2 ) 
4 14 20 (-128 320 2 ) (0 320 2 ) (0 12 2 ) (-128 12 2 ) 
4 14 18 (-130 320 2 ) (-130 12 2 ) (-130 12 117 ) (-130 320 117 ) 
4 16 23 (-760 320 2 ) (-760 512 2 ) (-512 512 2 ) (-512 320 2 ) 
4 16 19 (-760 512 190 ) (-760 512 117 ) (-760 320 117 ) (-760 320 190 ) 
4 16 18 (-760 320 117 ) (-760 320 2 ) (-512 320 2 ) (-512 320 117 ) 
4 16 17 (-760 320 190 ) (-760 320 117 ) (-512 320 117 ) (-512 320 190 ) 
4 17 19 (-760 4 190 ) (-760 320 190 ) (-760 320 117 ) (-760 4 117 ) 
4 17 18 (-760 12 117 ) (-760 320 117 ) (-130 320 117 ) (-130 12 117 ) 
4 18 22 (-512 320 2 ) (-130 320 2 ) (-130 12 2 ) (-512 12 2 ) 
4 18 23 (-760 12 2 ) (-760 320 2 ) (-512 320 2 ) (-512 12 2 ) 
4 20 21 (-128 826 2 ) (-128 826 0 ) (-128 512 0 ) (-128 512 2 ) 
4 20 22 (-128 320 0 ) (-128 12 0 ) (-128 12 2 ) (-128 320 2 ) 
4 21 23 (-512 826 2 ) (-512 826 0 ) (-512 512 0 ) (-512 512 2 ) 
4 22 23 (-512 320 0 ) (-512 12 0 ) (-512 12 2 ) (-512 320 2 ) 
