


materialPath: c:\program files\steam\steamapps\dimas_dsf\half-life 2 episode two\ep2\materials
Loading c:\program files\steam\steamapps\dimas_dsf\sourcesdk_content\ep2\mapsrc\valve_door.vmf
Could not locate 'GameData' key in c:\program files\steam\steamapps\dimas_dsf\half-life 2 episode two\ep2\gameinfo.txt
fixing up env_cubemap materials on brush sides...
0...1...2...3...4...5...6...7...8...9...100...1...2...3...4...5...6...7...8...9...10Processing areas...done (0)
Building Faces...done (0)
FixTjuncs...
PruneNodes...
WriteBSP...
done (0)
writing c:\program files\steam\steamapps\dimas_dsf\sourcesdk_content\ep2\mapsrc\valve_door.prt...Building visibility clusters...
done (0)
Creating default LDR cubemaps for env_cubemap using skybox materials:
   skybox/sky_day01_01*.vmt
 ! Run buildcubemaps in the engine to get the correct cube maps.
Creating default HDR cubemaps for env_cubemap using skybox materials:
   skybox/sky_day01_01*.vmt
 ! Run buildcubemaps in the engine to get the correct cube maps.
Finding displacement neighbors...
Finding lightmap sample positions...
Displacement Alpha : 0...1...2...3...4...5...6...7...8...9...10
Building Physics collision data...
done (0) (5195 bytes)
Placing detail props : 0...1...2...3...4...5...6...7...8...9...10
Compacting texture/material tables...
Reduced 15 texinfos to 8
Reduced 2 texdatas to 2 (85 bytes to 85)
Writing c:\program files\steam\steamapps\dimas_dsf\sourcesdk_content\ep2\mapsrc\valve_door.bsp
1 second elapsed



materialPath: c:\program files\steam\steamapps\dimas_dsf\half-life 2 episode two\ep2\materials
Loading c:\program files\steam\steamapps\dimas_dsf\sourcesdk_content\ep2\mapsrc\valve_door.vmf
Could not locate 'GameData' key in c:\program files\steam\steamapps\dimas_dsf\half-life 2 episode two\ep2\gameinfo.txt
fixing up env_cubemap materials on brush sides...
0...1...2...3...4...5...6...7...8...9...100...1...2...3...4...5...6...7...8...9...10Processing areas...done (0)
Building Faces...done (0)
FixTjuncs...
PruneNodes...
WriteBSP...
done (0)
writing c:\program files\steam\steamapps\dimas_dsf\sourcesdk_content\ep2\mapsrc\valve_door.prt...Building visibility clusters...
done (0)
Creating default LDR cubemaps for env_cubemap using skybox materials:
   skybox/sky_day01_01*.vmt
 ! Run buildcubemaps in the engine to get the correct cube maps.
Creating default HDR cubemaps for env_cubemap using skybox materials:
   skybox/sky_day01_01*.vmt
 ! Run buildcubemaps in the engine to get the correct cube maps.
Finding displacement neighbors...
Finding lightmap sample positions...
Displacement Alpha : 0...1...2...3...4...5...6...7...8...9...10
Building Physics collision data...
done (0) (5195 bytes)
Placing detail props : 0...1...2...3...4...5...6...7...8...9...10
Compacting texture/material tables...
Reduced 18 texinfos to 8
Reduced 3 texdatas to 3 (145 bytes to 145)
Writing c:\program files\steam\steamapps\dimas_dsf\sourcesdk_content\ep2\mapsrc\valve_door.bsp
0 seconds elapsed
