PRT1
384
1046
4 0 4 (1824 1024 48 ) (1824 1024 560 ) (1024 1024 560 ) (1024 1024 48 ) 
4 0 2 (1024 1024 48 ) (1024 1024 560 ) (1024 1872 560 ) (1024 1872 48 ) 
4 0 1 (1024 1024 48 ) (1024 1856 48 ) (1760 1856 48 ) (1760 1024 48 ) 
4 1 5 (1760 1024 48 ) (1024 1024 48 ) (1024 1024 -80 ) (1760 1024 -80 ) 
4 1 3 (1024 1024 -80 ) (1024 1024 48 ) (1024 1856 48 ) (1024 1856 -80 ) 
4 2 15 (1024 1024 48 ) (1024 1024 128 ) (768 1024 128 ) (768 1024 48 ) 
4 2 14 (1024 1024 128 ) (1024 1024 560 ) (768 1024 560 ) (768 1024 128 ) 
4 2 3 (1024 1024 48 ) (832 1024 48 ) (832 1856 48 ) (1024 1856 48 ) 
4 3 25 (904 1024 0 ) (832 1024 0 ) (832 1024 -80 ) (904 1024 -80 ) 
4 3 24 (1024 1024 -80 ) (1024 1024 0 ) (904 1024 0 ) (904 1024 -80 ) 
4 3 19 (904 1024 48 ) (832 1024 48 ) (832 1024 0 ) (904 1024 0 ) 
4 3 18 (1024 1024 0 ) (1024 1024 48 ) (904 1024 48 ) (904 1024 0 ) 
4 4 15 (1024 1024 128 ) (1024 1024 48 ) (1024 976 48 ) (1024 976 128 ) 
4 4 14 (1024 1024 560 ) (1024 1024 128 ) (1024 976 128 ) (1024 976 560 ) 
4 4 6 (1320 976 352 ) (1320 976 384 ) (1256 976 384 ) (1256 976 352 ) 
4 4 5 (1024 1024 48 ) (1760 1024 48 ) (1760 976 48 ) (1024 976 48 ) 
4 5 24 (1024 1024 0 ) (1024 1024 -80 ) (1024 976 -80 ) (1024 976 0 ) 
4 5 18 (1024 1024 48 ) (1024 1024 0 ) (1024 976 0 ) (1024 976 48 ) 
4 5 7 (1560 976 -80 ) (1688 976 -80 ) (1688 976 48 ) (1560 976 48 ) 
4 5 8 (1024 976 48 ) (1024 976 -80 ) (1032 976 -80 ) (1032 976 48 ) 
4 7 9 (1688 968 48 ) (1560 968 48 ) (1560 968 -80 ) (1688 968 -80 ) 
4 8 24 (1024 968 -80 ) (1024 968 0 ) (1024 976 0 ) (1024 976 -80 ) 
4 8 18 (1024 968 0 ) (1024 968 48 ) (1024 976 48 ) (1024 976 0 ) 
4 8 10 (1032 968 48 ) (1024 968 48 ) (1024 968 -80 ) (1032 968 -80 ) 
4 10 24 (1024 720 -80 ) (1024 720 0 ) (1024 968 0 ) (1024 968 -80 ) 
4 10 18 (1024 720 0 ) (1024 720 48 ) (1024 968 48 ) (1024 968 0 ) 
4 11 12 (1312 128 0 ) (1312 0 0 ) (1312 0 32 ) (1312 128 32 ) 
4 12 13 (1310 128 0 ) (1310 0 0 ) (1310 0 32 ) (1310 128 32 ) 
4 13 63 (1088 0 128 ) (1024 0 128 ) (1024 0 0 ) (1088 0 0 ) 
4 13 20 (1024 0 0 ) (1024 0 48 ) (1024 128 48 ) (1024 128 0 ) 
4 13 16 (1024 0 48 ) (1024 0 128 ) (1024 128 128 ) (1024 128 48 ) 
4 14 15 (768 1024 128 ) (1024 1024 128 ) (1024 976 128 ) (768 976 128 ) 
4 15 19 (832 1024 48 ) (904 1024 48 ) (904 976 48 ) (832 976 48 ) 
4 15 18 (904 1024 48 ) (1024 1024 48 ) (1024 976 48 ) (904 976 48 ) 
4 16 102 (1024 0 48 ) (1024 0 128 ) (960 0 128 ) (960 0 48 ) 
4 16 20 (1024 0 48 ) (738 0 48 ) (738 128 48 ) (1024 128 48 ) 
4 17 22 (736 0 48 ) (704 0 48 ) (704 128 48 ) (736 128 48 ) 
4 18 24 (904 1024 0 ) (1024 1024 0 ) (1024 720 0 ) (904 720 0 ) 
4 18 19 (904 1024 0 ) (904 976 0 ) (904 976 48 ) (904 1024 48 ) 
4 19 25 (832 1024 0 ) (904 1024 0 ) (904 976 0 ) (832 976 0 ) 
4 20 102 (1024 0 0 ) (1024 0 48 ) (960 0 48 ) (960 0 0 ) 
4 20 21 (738 128 32 ) (738 128 0 ) (738 0 0 ) (738 0 32 ) 
4 21 22 (736 128 32 ) (736 128 0 ) (736 0 0 ) (736 0 32 ) 
4 23 237 (0 0 0 ) (0 0 128 ) (0 256 128 ) (0 256 0 ) 
4 23 117 (272 0 128 ) (256 0 128 ) (256 0 0 ) (272 0 0 ) 
4 23 116 (384 0 128 ) (272 0 128 ) (272 0 0 ) (384 0 0 ) 
4 23 118 (256 0 128 ) (0 0 128 ) (0 0 0 ) (256 0 0 ) 
4 24 25 (904 1024 -80 ) (904 976 -80 ) (904 976 0 ) (904 1024 0 ) 
4 26 52 (2252 -1024 256 ) (2252 -1024 128 ) (2572 -1024 128 ) (2572 -1024 256 ) 
4 26 46 (2252 -972 128 ) (2252 -916 128 ) (2572 -916 128 ) (2572 -972 128 ) 
4 26 45 (2252 -916 128 ) (2252 -912 128 ) (2572 -912 128 ) (2572 -916 128 ) 
4 26 50 (2572 -1024 128 ) (2252 -1024 128 ) (2252 -972 128 ) (2572 -972 128 ) 
4 26 41 (2252 -912 128 ) (2252 -856 128 ) (2572 -856 128 ) (2572 -912 128 ) 
4 26 40 (2252 -856 128 ) (2252 -768 128 ) (2572 -768 128 ) (2572 -856 128 ) 
4 26 35 (2252 -768 128 ) (2252 -712 128 ) (2572 -712 128 ) (2572 -768 128 ) 
4 26 34 (2252 -712 128 ) (2252 -640 128 ) (2572 -640 128 ) (2572 -712 128 ) 
4 27 53 (2252 -1024 256 ) (2252 -1024 952 ) (2244 -1024 952 ) (2244 -1024 256 ) 
4 27 28 (2244 -1024 952 ) (2244 -640 952 ) (2244 -640 256 ) (2244 -1024 256 ) 
4 28 59 (2048 -1024 128 ) (2048 -1024 952 ) (2048 -640 952 ) (2048 -640 128 ) 
4 28 54 (2048 -1024 952 ) (2048 -1024 128 ) (2244 -1024 128 ) (2244 -1024 952 ) 
4 28 48 (2240 -916 128 ) (2244 -916 128 ) (2244 -972 128 ) (2240 -972 128 ) 
4 28 49 (2048 -972 128 ) (2048 -916 128 ) (2240 -916 128 ) (2240 -972 128 ) 
4 28 45 (2048 -916 128 ) (2048 -912 128 ) (2244 -912 128 ) (2244 -916 128 ) 
4 28 50 (2244 -1024 128 ) (2048 -1024 128 ) (2048 -972 128 ) (2244 -972 128 ) 
4 28 43 (2240 -856 128 ) (2244 -856 128 ) (2244 -912 128 ) (2240 -912 128 ) 
4 28 44 (2048 -912 128 ) (2048 -856 128 ) (2240 -856 128 ) (2240 -912 128 ) 
4 28 40 (2048 -856 128 ) (2048 -768 128 ) (2244 -768 128 ) (2244 -856 128 ) 
4 28 37 (2240 -712 128 ) (2244 -712 128 ) (2244 -768 128 ) (2240 -768 128 ) 
4 28 38 (2048 -768 128 ) (2048 -712 128 ) (2240 -712 128 ) (2240 -768 128 ) 
4 28 34 (2048 -712 128 ) (2048 -640 128 ) (2244 -640 128 ) (2244 -712 128 ) 
4 29 30 (2648 -720 16 ) (2648 -720 0 ) (2648 -784 0 ) (2648 -784 16 ) 
4 30 31 (2644 -720 16 ) (2644 -720 0 ) (2644 -784 0 ) (2644 -784 16 ) 
4 31 32 (2632 -724 0 ) (2632 -780 0 ) (2632 -780 112 ) (2632 -724 112 ) 
4 32 33 (2616 -724 0 ) (2616 -780 0 ) (2616 -780 112 ) (2616 -724 112 ) 
4 33 40 (2572 -784 20 ) (2572 -784 128 ) (2572 -768 128 ) (2572 -768 20 ) 
4 33 51 (2572 -768 0 ) (2572 -784 0 ) (2572 -784 20 ) (2572 -768 20 ) 
4 33 35 (2572 -768 8 ) (2572 -768 128 ) (2572 -720 128 ) (2572 -720 8 ) 
4 33 39 (2572 -720 0 ) (2572 -768 0 ) (2572 -768 8 ) (2572 -720 8 ) 
4 34 68 (2048 -712 128 ) (2048 -640 128 ) (2048 -640 0 ) (2048 -712 0 ) 
4 34 37 (2244 -712 128 ) (2240 -712 128 ) (2240 -712 8 ) (2244 -712 8 ) 
4 34 36 (2248 -712 128 ) (2244 -712 128 ) (2244 -712 8 ) (2248 -712 8 ) 
4 34 35 (2572 -712 8 ) (2572 -712 128 ) (2248 -712 128 ) (2248 -712 8 ) 
4 34 38 (2240 -712 128 ) (2048 -712 128 ) (2048 -712 8 ) (2240 -712 8 ) 
4 34 39 (2048 -712 0 ) (2572 -712 0 ) (2572 -712 8 ) (2048 -712 8 ) 
4 35 40 (2572 -768 20 ) (2572 -768 128 ) (2248 -768 128 ) (2248 -768 20 ) 
4 35 51 (2572 -768 8 ) (2572 -768 20 ) (2248 -768 20 ) (2248 -768 8 ) 
4 35 36 (2248 -712 128 ) (2248 -712 8 ) (2248 -768 8 ) (2248 -768 128 ) 
4 35 39 (2572 -768 8 ) (2248 -768 8 ) (2248 -712 8 ) (2572 -712 8 ) 
4 36 40 (2248 -768 128 ) (2244 -768 128 ) (2244 -768 20 ) (2248 -768 20 ) 
4 36 51 (2244 -768 20 ) (2244 -768 8 ) (2248 -768 8 ) (2248 -768 20 ) 
4 36 39 (2248 -768 8 ) (2244 -768 8 ) (2244 -712 8 ) (2248 -712 8 ) 
4 36 37 (2244 -712 128 ) (2244 -712 8 ) (2244 -768 8 ) (2244 -768 128 ) 
4 37 40 (2244 -768 128 ) (2240 -768 128 ) (2240 -768 20 ) (2244 -768 20 ) 
4 37 51 (2240 -768 20 ) (2240 -768 8 ) (2244 -768 8 ) (2244 -768 20 ) 
4 37 39 (2244 -768 8 ) (2240 -768 8 ) (2240 -712 8 ) (2244 -712 8 ) 
4 37 38 (2240 -712 128 ) (2240 -712 8 ) (2240 -768 8 ) (2240 -768 128 ) 
4 38 69 (2048 -768 128 ) (2048 -720 128 ) (2048 -720 8 ) (2048 -768 8 ) 
4 38 68 (2048 -720 128 ) (2048 -712 128 ) (2048 -712 8 ) (2048 -720 8 ) 
4 38 40 (2240 -768 128 ) (2048 -768 128 ) (2048 -768 20 ) (2240 -768 20 ) 
4 38 51 (2048 -768 20 ) (2048 -768 8 ) (2240 -768 8 ) (2240 -768 20 ) 
4 38 39 (2240 -768 8 ) (2048 -768 8 ) (2048 -712 8 ) (2240 -712 8 ) 
4 39 69 (2048 -720 0 ) (2048 -768 0 ) (2048 -768 8 ) (2048 -720 8 ) 
4 39 68 (2048 -712 8 ) (2048 -712 0 ) (2048 -720 0 ) (2048 -720 8 ) 
4 39 51 (2048 -768 0 ) (2572 -768 0 ) (2572 -768 8 ) (2048 -768 8 ) 
4 40 82 (2048 -856 128 ) (2048 -784 128 ) (2048 -784 20 ) (2048 -856 20 ) 
4 40 69 (2048 -784 128 ) (2048 -768 128 ) (2048 -768 20 ) (2048 -784 20 ) 
4 40 43 (2240 -856 20 ) (2244 -856 20 ) (2244 -856 128 ) (2240 -856 128 ) 
4 40 42 (2244 -856 20 ) (2248 -856 20 ) (2248 -856 128 ) (2244 -856 128 ) 
4 40 41 (2248 -856 20 ) (2572 -856 20 ) (2572 -856 128 ) (2248 -856 128 ) 
4 40 44 (2048 -856 20 ) (2240 -856 20 ) (2240 -856 128 ) (2048 -856 128 ) 
4 40 51 (2048 -768 20 ) (2572 -768 20 ) (2572 -856 20 ) (2048 -856 20 ) 
4 41 45 (2248 -912 20 ) (2572 -912 20 ) (2572 -912 128 ) (2248 -912 128 ) 
4 41 42 (2248 -856 128 ) (2248 -856 20 ) (2248 -912 20 ) (2248 -912 128 ) 
4 41 51 (2572 -856 20 ) (2572 -912 20 ) (2248 -912 20 ) (2248 -856 20 ) 
4 42 45 (2244 -912 20 ) (2248 -912 20 ) (2248 -912 128 ) (2244 -912 128 ) 
4 42 51 (2248 -912 20 ) (2244 -912 20 ) (2244 -856 20 ) (2248 -856 20 ) 
4 42 43 (2244 -856 128 ) (2244 -856 20 ) (2244 -912 20 ) (2244 -912 128 ) 
4 43 45 (2240 -912 20 ) (2244 -912 20 ) (2244 -912 128 ) (2240 -912 128 ) 
4 43 51 (2244 -912 20 ) (2240 -912 20 ) (2240 -856 20 ) (2244 -856 20 ) 
4 43 44 (2240 -856 128 ) (2240 -856 20 ) (2240 -912 20 ) (2240 -912 128 ) 
4 44 82 (2048 -912 128 ) (2048 -856 128 ) (2048 -856 20 ) (2048 -912 20 ) 
4 44 45 (2048 -912 20 ) (2240 -912 20 ) (2240 -912 128 ) (2048 -912 128 ) 
4 44 51 (2240 -912 20 ) (2048 -912 20 ) (2048 -856 20 ) (2240 -856 20 ) 
4 45 82 (2048 -916 128 ) (2048 -912 128 ) (2048 -912 20 ) (2048 -916 20 ) 
4 45 48 (2240 -916 20 ) (2244 -916 20 ) (2244 -916 128 ) (2240 -916 128 ) 
4 45 47 (2244 -916 20 ) (2248 -916 20 ) (2248 -916 128 ) (2244 -916 128 ) 
4 45 46 (2248 -916 20 ) (2572 -916 20 ) (2572 -916 128 ) (2248 -916 128 ) 
4 45 49 (2048 -916 20 ) (2240 -916 20 ) (2240 -916 128 ) (2048 -916 128 ) 
4 45 51 (2572 -912 20 ) (2572 -916 20 ) (2048 -916 20 ) (2048 -912 20 ) 
4 46 47 (2248 -916 128 ) (2248 -916 20 ) (2248 -972 20 ) (2248 -972 128 ) 
4 46 50 (2248 -972 20 ) (2572 -972 20 ) (2572 -972 128 ) (2248 -972 128 ) 
4 46 51 (2572 -916 20 ) (2572 -972 20 ) (2248 -972 20 ) (2248 -916 20 ) 
4 47 51 (2248 -972 20 ) (2244 -972 20 ) (2244 -916 20 ) (2248 -916 20 ) 
4 47 50 (2244 -972 20 ) (2248 -972 20 ) (2248 -972 128 ) (2244 -972 128 ) 
4 47 48 (2244 -916 128 ) (2244 -916 20 ) (2244 -972 20 ) (2244 -972 128 ) 
4 48 51 (2244 -972 20 ) (2240 -972 20 ) (2240 -916 20 ) (2244 -916 20 ) 
4 48 50 (2240 -972 20 ) (2244 -972 20 ) (2244 -972 128 ) (2240 -972 128 ) 
4 48 49 (2240 -916 128 ) (2240 -916 20 ) (2240 -972 20 ) (2240 -972 128 ) 
4 49 82 (2048 -972 128 ) (2048 -916 128 ) (2048 -916 20 ) (2048 -972 20 ) 
4 49 51 (2240 -972 20 ) (2048 -972 20 ) (2048 -916 20 ) (2240 -916 20 ) 
4 49 50 (2048 -972 20 ) (2240 -972 20 ) (2240 -972 128 ) (2048 -972 128 ) 
4 50 82 (2048 -1024 20 ) (2048 -1024 128 ) (2048 -972 128 ) (2048 -972 20 ) 
4 50 55 (2252 -1024 128 ) (2048 -1024 128 ) (2048 -1024 20 ) (2252 -1024 20 ) 
4 50 52 (2572 -1024 128 ) (2252 -1024 128 ) (2252 -1024 20 ) (2572 -1024 20 ) 
4 50 51 (2572 -972 20 ) (2572 -1024 20 ) (2048 -1024 20 ) (2048 -972 20 ) 
4 51 82 (2048 -1024 0 ) (2048 -1024 20 ) (2048 -784 20 ) (2048 -784 0 ) 
4 51 69 (2048 -784 20 ) (2048 -768 20 ) (2048 -768 0 ) (2048 -784 0 ) 
4 51 55 (2048 -1024 20 ) (2048 -1024 0 ) (2252 -1024 0 ) (2252 -1024 20 ) 
4 51 52 (2252 -1024 0 ) (2572 -1024 0 ) (2572 -1024 20 ) (2252 -1024 20 ) 
4 52 55 (2252 -1024 128 ) (2252 -1024 0 ) (2252 -1104 0 ) (2252 -1104 128 ) 
4 53 54 (2244 -1104 256 ) (2244 -1104 952 ) (2244 -1024 952 ) (2244 -1024 256 ) 
4 54 143 (2048 -1104 128 ) (2048 -1104 952 ) (2048 -1024 952 ) (2048 -1024 128 ) 
4 54 55 (2244 -1104 128 ) (2048 -1104 128 ) (2048 -1024 128 ) (2244 -1024 128 ) 
4 55 143 (2048 -1104 0 ) (2048 -1104 128 ) (2048 -1024 128 ) (2048 -1024 0 ) 
4 56 195 (2200 -2048 -480 ) (2048 -2048 -480 ) (2048 -2048 -816 ) (2200 -2048 -816 ) 
4 56 157 (2048 -2048 -816 ) (2048 -2048 -580 ) (2048 -1824 -580 ) (2048 -1824 -816 ) 
4 56 156 (2048 -2048 -580 ) (2048 -2048 -480 ) (2048 -1824 -480 ) (2048 -1824 -580 ) 
4 56 155 (2048 -1808 -740 ) (2048 -1808 -816 ) (2048 -1824 -816 ) (2048 -1824 -740 ) 
4 56 150 (2048 -1808 -580 ) (2048 -1808 -740 ) (2048 -1824 -740 ) (2048 -1824 -580 ) 
4 56 149 (2048 -1824 -480 ) (2048 -1808 -480 ) (2048 -1808 -580 ) (2048 -1824 -580 ) 
4 56 148 (2048 -1808 -480 ) (2048 -1676 -480 ) (2048 -1676 -816 ) (2048 -1808 -816 ) 
4 57 64 (1408 -64 128 ) (1408 -256 128 ) (1280 -256 128 ) (1280 -64 128 ) 
4 58 95 (1024 -64 128 ) (1024 -256 128 ) (1024 -256 176 ) (1024 -64 176 ) 
4 58 64 (1024 -256 128 ) (1024 -64 128 ) (1088 -64 128 ) (1088 -256 128 ) 
4 59 143 (2048 -1024 128 ) (2048 -1024 952 ) (1924 -1024 952 ) (1924 -1024 128 ) 
4 59 82 (2048 -1024 128 ) (1924 -1024 128 ) (1924 -784 128 ) (2048 -784 128 ) 
4 59 69 (1924 -784 128 ) (1924 -720 128 ) (2048 -720 128 ) (2048 -784 128 ) 
4 59 68 (1924 -720 128 ) (1924 -640 128 ) (2048 -640 128 ) (2048 -720 128 ) 
4 60 144 (1256 -1024 256 ) (1256 -1024 128 ) (1576 -1024 128 ) (1576 -1024 256 ) 
4 60 89 (1256 -972 128 ) (1256 -916 128 ) (1576 -916 128 ) (1576 -972 128 ) 
4 60 88 (1256 -916 128 ) (1256 -912 128 ) (1576 -912 128 ) (1576 -916 128 ) 
4 60 93 (1576 -1024 128 ) (1256 -1024 128 ) (1256 -972 128 ) (1576 -972 128 ) 
4 60 84 (1256 -912 128 ) (1256 -856 128 ) (1576 -856 128 ) (1576 -912 128 ) 
4 60 83 (1256 -856 128 ) (1256 -784 128 ) (1576 -784 128 ) (1576 -856 128 ) 
4 60 76 (1256 -768 128 ) (1256 -712 128 ) (1576 -712 128 ) (1576 -768 128 ) 
4 60 75 (1256 -712 128 ) (1256 -640 128 ) (1576 -640 128 ) (1576 -712 128 ) 
4 60 81 (1256 -784 128 ) (1256 -768 128 ) (1576 -768 128 ) (1576 -784 128 ) 
4 61 145 (1256 -1024 256 ) (1256 -1024 952 ) (1248 -1024 952 ) (1248 -1024 256 ) 
4 61 62 (1248 -1024 952 ) (1248 -640 952 ) (1248 -640 256 ) (1248 -1024 256 ) 
4 62 146 (1024 -1024 952 ) (1024 -1024 128 ) (1248 -1024 128 ) (1248 -1024 952 ) 
4 62 96 (1024 -1024 128 ) (1024 -1024 952 ) (1024 -640 952 ) (1024 -640 128 ) 
4 62 91 (1244 -916 128 ) (1248 -916 128 ) (1248 -972 128 ) (1244 -972 128 ) 
4 62 92 (1024 -972 128 ) (1024 -916 128 ) (1244 -916 128 ) (1244 -972 128 ) 
4 62 88 (1024 -916 128 ) (1024 -912 128 ) (1248 -912 128 ) (1248 -916 128 ) 
4 62 93 (1248 -1024 128 ) (1024 -1024 128 ) (1024 -972 128 ) (1248 -972 128 ) 
4 62 86 (1244 -856 128 ) (1248 -856 128 ) (1248 -912 128 ) (1244 -912 128 ) 
4 62 87 (1024 -912 128 ) (1024 -856 128 ) (1244 -856 128 ) (1244 -912 128 ) 
4 62 83 (1024 -856 128 ) (1024 -784 128 ) (1248 -784 128 ) (1248 -856 128 ) 
4 62 78 (1244 -712 128 ) (1248 -712 128 ) (1248 -768 128 ) (1244 -768 128 ) 
4 62 79 (1024 -768 128 ) (1024 -712 128 ) (1244 -712 128 ) (1244 -768 128 ) 
4 62 75 (1024 -712 128 ) (1024 -640 128 ) (1248 -640 128 ) (1248 -712 128 ) 
4 62 81 (1024 -784 128 ) (1024 -768 128 ) (1248 -768 128 ) (1248 -784 128 ) 
4 63 102 (1024 -32 128 ) (1024 0 128 ) (1024 0 0 ) (1024 -32 0 ) 
4 63 64 (1024 -32 0 ) (1088 -32 0 ) (1088 -32 128 ) (1024 -32 128 ) 
4 64 103 (1024 -288 128 ) (1024 -32 128 ) (1024 -32 0 ) (1024 -288 0 ) 
4 64 65 (1152 -288 0 ) (1216 -288 0 ) (1216 -288 128 ) (1152 -288 128 ) 
4 65 66 (1152 -416 16 ) (1152 -416 0 ) (1216 -416 0 ) (1216 -416 16 ) 
4 66 67 (1152 -420 16 ) (1152 -420 0 ) (1216 -420 0 ) (1216 -420 16 ) 
4 68 69 (1924 -720 0 ) (2048 -720 0 ) (2048 -720 128 ) (1924 -720 128 ) 
4 69 82 (1924 -784 0 ) (2048 -784 0 ) (2048 -784 128 ) (1924 -784 128 ) 
4 70 71 (1652 -720 16 ) (1652 -720 0 ) (1652 -784 0 ) (1652 -784 16 ) 
4 71 72 (1648 -720 16 ) (1648 -720 0 ) (1648 -784 0 ) (1648 -784 16 ) 
4 72 73 (1636 -724 0 ) (1636 -780 0 ) (1636 -780 112 ) (1636 -724 112 ) 
4 73 74 (1620 -724 0 ) (1620 -780 0 ) (1620 -780 112 ) (1620 -724 112 ) 
4 74 76 (1576 -768 8 ) (1576 -768 128 ) (1576 -720 128 ) (1576 -720 8 ) 
4 74 80 (1576 -720 0 ) (1576 -768 0 ) (1576 -768 8 ) (1576 -720 8 ) 
4 74 81 (1576 -768 0 ) (1576 -784 0 ) (1576 -784 128 ) (1576 -768 128 ) 
4 75 107 (1024 -712 128 ) (1024 -640 128 ) (1024 -640 0 ) (1024 -712 0 ) 
4 75 78 (1248 -712 128 ) (1244 -712 128 ) (1244 -712 8 ) (1248 -712 8 ) 
4 75 77 (1252 -712 128 ) (1248 -712 128 ) (1248 -712 8 ) (1252 -712 8 ) 
4 75 76 (1576 -712 8 ) (1576 -712 128 ) (1252 -712 128 ) (1252 -712 8 ) 
4 75 79 (1244 -712 128 ) (1024 -712 128 ) (1024 -712 8 ) (1244 -712 8 ) 
4 75 80 (1024 -712 0 ) (1576 -712 0 ) (1576 -712 8 ) (1024 -712 8 ) 
4 76 77 (1252 -712 128 ) (1252 -712 8 ) (1252 -768 8 ) (1252 -768 128 ) 
4 76 81 (1576 -768 8 ) (1576 -768 128 ) (1252 -768 128 ) (1252 -768 8 ) 
4 76 80 (1576 -768 8 ) (1252 -768 8 ) (1252 -712 8 ) (1576 -712 8 ) 
4 77 80 (1252 -768 8 ) (1248 -768 8 ) (1248 -712 8 ) (1252 -712 8 ) 
4 77 81 (1252 -768 128 ) (1248 -768 128 ) (1248 -768 8 ) (1252 -768 8 ) 
4 77 78 (1248 -712 128 ) (1248 -712 8 ) (1248 -768 8 ) (1248 -768 128 ) 
4 78 80 (1248 -768 8 ) (1244 -768 8 ) (1244 -712 8 ) (1248 -712 8 ) 
4 78 81 (1248 -768 128 ) (1244 -768 128 ) (1244 -768 8 ) (1248 -768 8 ) 
4 78 79 (1244 -712 128 ) (1244 -712 8 ) (1244 -768 8 ) (1244 -768 128 ) 
4 79 107 (1024 -768 128 ) (1024 -712 128 ) (1024 -712 8 ) (1024 -768 8 ) 
4 79 80 (1244 -768 8 ) (1024 -768 8 ) (1024 -712 8 ) (1244 -712 8 ) 
4 79 81 (1244 -768 128 ) (1024 -768 128 ) (1024 -768 8 ) (1244 -768 8 ) 
4 80 107 (1024 -712 8 ) (1024 -712 0 ) (1024 -768 0 ) (1024 -768 8 ) 
4 80 81 (1024 -768 0 ) (1576 -768 0 ) (1576 -768 8 ) (1024 -768 8 ) 
4 81 107 (1024 -784 128 ) (1024 -768 128 ) (1024 -768 0 ) (1024 -784 0 ) 
4 81 83 (1576 -784 20 ) (1576 -784 128 ) (1024 -784 128 ) (1024 -784 20 ) 
4 81 94 (1024 -784 0 ) (1576 -784 0 ) (1576 -784 20 ) (1024 -784 20 ) 
4 82 143 (2048 -1024 0 ) (2048 -1024 128 ) (1924 -1024 128 ) (1924 -1024 0 ) 
4 83 107 (1024 -856 128 ) (1024 -784 128 ) (1024 -784 20 ) (1024 -856 20 ) 
4 83 86 (1244 -856 20 ) (1248 -856 20 ) (1248 -856 128 ) (1244 -856 128 ) 
4 83 85 (1248 -856 20 ) (1252 -856 20 ) (1252 -856 128 ) (1248 -856 128 ) 
4 83 84 (1252 -856 20 ) (1576 -856 20 ) (1576 -856 128 ) (1252 -856 128 ) 
4 83 87 (1024 -856 20 ) (1244 -856 20 ) (1244 -856 128 ) (1024 -856 128 ) 
4 83 94 (1024 -856 20 ) (1024 -784 20 ) (1576 -784 20 ) (1576 -856 20 ) 
4 84 88 (1252 -912 20 ) (1576 -912 20 ) (1576 -912 128 ) (1252 -912 128 ) 
4 84 85 (1252 -856 128 ) (1252 -856 20 ) (1252 -912 20 ) (1252 -912 128 ) 
4 84 94 (1252 -856 20 ) (1576 -856 20 ) (1576 -912 20 ) (1252 -912 20 ) 
4 85 88 (1248 -912 20 ) (1252 -912 20 ) (1252 -912 128 ) (1248 -912 128 ) 
4 85 94 (1248 -856 20 ) (1252 -856 20 ) (1252 -912 20 ) (1248 -912 20 ) 
4 85 86 (1248 -856 128 ) (1248 -856 20 ) (1248 -912 20 ) (1248 -912 128 ) 
4 86 88 (1244 -912 20 ) (1248 -912 20 ) (1248 -912 128 ) (1244 -912 128 ) 
4 86 94 (1244 -856 20 ) (1248 -856 20 ) (1248 -912 20 ) (1244 -912 20 ) 
4 86 87 (1244 -856 128 ) (1244 -856 20 ) (1244 -912 20 ) (1244 -912 128 ) 
4 87 107 (1024 -912 128 ) (1024 -856 128 ) (1024 -856 20 ) (1024 -912 20 ) 
4 87 88 (1024 -912 20 ) (1244 -912 20 ) (1244 -912 128 ) (1024 -912 128 ) 
4 87 94 (1024 -912 20 ) (1024 -856 20 ) (1244 -856 20 ) (1244 -912 20 ) 
4 88 107 (1024 -916 128 ) (1024 -912 128 ) (1024 -912 20 ) (1024 -916 20 ) 
4 88 91 (1244 -916 20 ) (1248 -916 20 ) (1248 -916 128 ) (1244 -916 128 ) 
4 88 90 (1248 -916 20 ) (1252 -916 20 ) (1252 -916 128 ) (1248 -916 128 ) 
4 88 89 (1252 -916 20 ) (1576 -916 20 ) (1576 -916 128 ) (1252 -916 128 ) 
4 88 92 (1024 -916 20 ) (1244 -916 20 ) (1244 -916 128 ) (1024 -916 128 ) 
4 88 94 (1024 -916 20 ) (1024 -912 20 ) (1576 -912 20 ) (1576 -916 20 ) 
4 89 90 (1252 -916 128 ) (1252 -916 20 ) (1252 -972 20 ) (1252 -972 128 ) 
4 89 93 (1252 -972 20 ) (1576 -972 20 ) (1576 -972 128 ) (1252 -972 128 ) 
4 89 94 (1252 -916 20 ) (1576 -916 20 ) (1576 -972 20 ) (1252 -972 20 ) 
4 90 94 (1248 -916 20 ) (1252 -916 20 ) (1252 -972 20 ) (1248 -972 20 ) 
4 90 93 (1248 -972 20 ) (1252 -972 20 ) (1252 -972 128 ) (1248 -972 128 ) 
4 90 91 (1248 -916 128 ) (1248 -916 20 ) (1248 -972 20 ) (1248 -972 128 ) 
4 91 94 (1244 -916 20 ) (1248 -916 20 ) (1248 -972 20 ) (1244 -972 20 ) 
4 91 93 (1244 -972 20 ) (1248 -972 20 ) (1248 -972 128 ) (1244 -972 128 ) 
4 91 92 (1244 -916 128 ) (1244 -916 20 ) (1244 -972 20 ) (1244 -972 128 ) 
4 92 107 (1024 -972 128 ) (1024 -916 128 ) (1024 -916 20 ) (1024 -972 20 ) 
4 92 94 (1024 -972 20 ) (1024 -916 20 ) (1244 -916 20 ) (1244 -972 20 ) 
4 92 93 (1024 -972 20 ) (1244 -972 20 ) (1244 -972 128 ) (1024 -972 128 ) 
4 93 147 (1256 -1024 128 ) (1024 -1024 128 ) (1024 -1024 20 ) (1256 -1024 20 ) 
4 93 144 (1576 -1024 128 ) (1256 -1024 128 ) (1256 -1024 20 ) (1576 -1024 20 ) 
4 93 107 (1024 -1024 20 ) (1024 -1024 128 ) (1024 -972 128 ) (1024 -972 20 ) 
4 93 94 (1024 -1024 20 ) (1024 -972 20 ) (1576 -972 20 ) (1576 -1024 20 ) 
4 94 147 (1024 -1024 20 ) (1024 -1024 0 ) (1256 -1024 0 ) (1256 -1024 20 ) 
4 94 144 (1256 -1024 0 ) (1576 -1024 0 ) (1576 -1024 20 ) (1256 -1024 20 ) 
4 94 107 (1024 -1024 0 ) (1024 -1024 20 ) (1024 -784 20 ) (1024 -784 0 ) 
4 95 103 (1024 -64 128 ) (1024 -256 128 ) (960 -256 128 ) (960 -64 128 ) 
4 96 169 (928 -1024 128 ) (1024 -1024 128 ) (1024 -1024 952 ) (928 -1024 952 ) 
4 96 107 (1024 -640 128 ) (1024 -1024 128 ) (928 -1024 128 ) (928 -640 128 ) 
4 97 103 (760 -64 128 ) (760 -256 128 ) (632 -256 128 ) (632 -64 128 ) 
4 98 117 (256 0 128 ) (272 0 128 ) (272 -768 128 ) (256 -768 128 ) 
4 98 116 (272 0 128 ) (384 0 128 ) (384 -768 128 ) (272 -768 128 ) 
4 98 114 (384 0 128 ) (480 0 128 ) (480 -768 128 ) (384 -768 128 ) 
4 98 111 (480 0 128 ) (512 0 128 ) (512 -768 128 ) (480 -768 128 ) 
3 98 100 (256 -768 320 ) (256 -768 384 ) (256 -640 384 ) 
5 98 99 (256 0 128 ) (256 -768 128 ) (256 -768 320 ) (256 -640 384 ) (256 0 384 ) 
4 99 171 (128 -1024 128 ) (256 -1024 128 ) (256 -1024 192 ) (128 -1024 191.997971 ) 
4 99 118 (128 0 128 ) (256 0 128 ) (256 -1024 128 ) (128 -1024 128 ) 
5 99 101 (128 0 384 ) (128 0 128 ) (128 -768 128 ) (128 -768 319.997986 ) (128 -639.995972 384 ) 
4 99 100 (256 -640 384 ) (128 -639.996216 384 ) (128 -768 319.998108 ) (256 -768 320 ) 
3 100 101 (128 -768 384 ) (128 -639.995972 384 ) (128 -768 319.997986 ) 
4 101 251 (0 -768 384 ) (0 0 384 ) (0 0 128 ) (0 -768 128 ) 
4 101 118 (0 0 128 ) (128 0 128 ) (128 -768 128 ) (0 -768 128 ) 
4 102 103 (960 -32 0 ) (1024 -32 0 ) (1024 -32 128 ) (960 -32 128 ) 
4 103 111 (512 -288 128 ) (512 -32 128 ) (512 -32 0 ) (512 -288 0 ) 
4 103 104 (832 -288 0 ) (896 -288 0 ) (896 -288 128 ) (832 -288 128 ) 
4 104 105 (832 -416 16 ) (832 -416 0 ) (896 -416 0 ) (896 -416 16 ) 
4 105 106 (832 -420 16 ) (832 -420 0 ) (896 -420 0 ) (896 -420 16 ) 
4 107 169 (1024 -1024 0 ) (1024 -1024 128 ) (928 -1024 128 ) (928 -1024 0 ) 
4 108 109 (640 -896 0 ) (640 -992 0 ) (640 -992 128 ) (640 -896 128 ) 
4 109 112 (512 -928 128 ) (512 -896 128 ) (512 -896 0 ) (512 -928 0 ) 
4 109 110 (512 -928 128 ) (512 -928 0 ) (576 -992 0 ) (576 -992 128 ) 
4 110 113 (512 -992 128 ) (512 -928 128 ) (512 -928 0 ) (512 -992 0 ) 
4 111 129 (512 -640 0 ) (512 -672 0 ) (480 -672 0 ) (480 -640 0 ) 
4 111 128 (512 -544 0 ) (512 -640 0 ) (480 -640 0 ) (480 -544 0 ) 
4 111 130 (512 -672 0 ) (512 -768 0 ) (480 -768 0 ) (480 -672 0 ) 
4 111 126 (512 -416 0 ) (512 -512 0 ) (480 -512 0 ) (480 -416 0 ) 
4 111 125 (512 -384 0 ) (512 -416 0 ) (480 -416 0 ) (480 -384 0 ) 
4 111 127 (512 -512 0 ) (512 -544 0 ) (480 -544 0 ) (480 -512 0 ) 
4 111 124 (512 -288 0 ) (512 -384 0 ) (480 -384 0 ) (480 -288 0 ) 
4 111 123 (512 -256 0 ) (512 -288 0 ) (480 -288 0 ) (480 -256 0 ) 
4 111 122 (512 -160 0 ) (512 -256 0 ) (480 -256 0 ) (480 -160 0 ) 
4 111 121 (512 -128 0 ) (512 -160 0 ) (480 -160 0 ) (480 -128 0 ) 
4 111 120 (512 -32 0 ) (512 -128 0 ) (480 -128 0 ) (480 -32 0 ) 
4 111 119 (480 0 0 ) (512 0 0 ) (512 -32 0 ) (480 -32 0 ) 
4 111 114 (480 0 0 ) (480 -768 0 ) (480 -768 128 ) (480 0 128 ) 
4 112 113 (480 -896 128 ) (480 -896 0 ) (512 -928 0 ) (512 -928 128 ) 
4 113 115 (480 -896 0 ) (480 -992 0 ) (480 -992 128 ) (480 -896 128 ) 
4 114 129 (480 -640 0 ) (480 -672 0 ) (384 -672 0 ) (384 -640 0 ) 
4 114 128 (480 -544 0 ) (480 -640 0 ) (384 -640 0 ) (384 -544 0 ) 
4 114 130 (480 -672 0 ) (480 -768 0 ) (384 -768 0 ) (384 -672 0 ) 
4 114 126 (480 -416 0 ) (480 -512 0 ) (384 -512 0 ) (384 -416 0 ) 
4 114 125 (480 -384 0 ) (480 -416 0 ) (384 -416 0 ) (384 -384 0 ) 
4 114 127 (480 -512 0 ) (480 -544 0 ) (384 -544 0 ) (384 -512 0 ) 
4 114 124 (480 -288 0 ) (480 -384 0 ) (384 -384 0 ) (384 -288 0 ) 
4 114 123 (480 -256 0 ) (480 -288 0 ) (384 -288 0 ) (384 -256 0 ) 
4 114 122 (480 -160 0 ) (480 -256 0 ) (384 -256 0 ) (384 -160 0 ) 
4 114 121 (480 -128 0 ) (480 -160 0 ) (384 -160 0 ) (384 -128 0 ) 
4 114 120 (480 -32 0 ) (480 -128 0 ) (384 -128 0 ) (384 -32 0 ) 
4 114 119 (384 0 0 ) (480 0 0 ) (480 -32 0 ) (384 -32 0 ) 
4 114 116 (384 0 0 ) (384 -768 0 ) (384 -768 128 ) (384 0 128 ) 
4 114 115 (384 -800 128 ) (384 -800 0 ) (480 -896 0 ) (480 -896 128 ) 
4 116 129 (384 -640 0 ) (384 -672 0 ) (272 -672 0 ) (272 -640 0 ) 
4 116 128 (384 -544 0 ) (384 -640 0 ) (272 -640 0 ) (272 -544 0 ) 
4 116 130 (384 -672 0 ) (384 -768 0 ) (272 -768 0 ) (272 -672 0 ) 
4 116 126 (384 -416 0 ) (384 -512 0 ) (272 -512 0 ) (272 -416 0 ) 
4 116 125 (384 -384 0 ) (384 -416 0 ) (272 -416 0 ) (272 -384 0 ) 
4 116 127 (384 -512 0 ) (384 -544 0 ) (272 -544 0 ) (272 -512 0 ) 
4 116 124 (384 -288 0 ) (384 -384 0 ) (272 -384 0 ) (272 -288 0 ) 
4 116 123 (384 -256 0 ) (384 -288 0 ) (272 -288 0 ) (272 -256 0 ) 
4 116 122 (384 -160 0 ) (384 -256 0 ) (272 -256 0 ) (272 -160 0 ) 
4 116 121 (384 -128 0 ) (384 -160 0 ) (272 -160 0 ) (272 -128 0 ) 
4 116 120 (384 -32 0 ) (384 -128 0 ) (272 -128 0 ) (272 -32 0 ) 
4 116 119 (272 0 0 ) (384 0 0 ) (384 -32 0 ) (272 -32 0 ) 
4 116 117 (272 0 0 ) (272 -768 0 ) (272 -768 128 ) (272 0 128 ) 
4 117 129 (272 -640 0 ) (272 -672 0 ) (256 -672 0 ) (256 -640 0 ) 
4 117 128 (272 -544 0 ) (272 -640 0 ) (256 -640 0 ) (256 -544 0 ) 
4 117 130 (272 -672 0 ) (272 -768 0 ) (256 -768 0 ) (256 -672 0 ) 
4 117 126 (272 -416 0 ) (272 -512 0 ) (256 -512 0 ) (256 -416 0 ) 
4 117 125 (272 -384 0 ) (272 -416 0 ) (256 -416 0 ) (256 -384 0 ) 
4 117 127 (272 -512 0 ) (272 -544 0 ) (256 -544 0 ) (256 -512 0 ) 
4 117 124 (272 -288 0 ) (272 -384 0 ) (256 -384 0 ) (256 -288 0 ) 
4 117 123 (272 -256 0 ) (272 -288 0 ) (256 -288 0 ) (256 -256 0 ) 
4 117 122 (272 -160 0 ) (272 -256 0 ) (256 -256 0 ) (256 -160 0 ) 
4 117 121 (272 -128 0 ) (272 -160 0 ) (256 -160 0 ) (256 -128 0 ) 
4 117 120 (272 -32 0 ) (272 -128 0 ) (256 -128 0 ) (256 -32 0 ) 
4 117 119 (256 0 0 ) (272 0 0 ) (272 -32 0 ) (256 -32 0 ) 
4 117 118 (256 0 0 ) (256 -768 0 ) (256 -768 128 ) (256 0 128 ) 
4 118 257 (0 -1024 0 ) (0 -1024 128 ) (0 0 128 ) (0 0 0 ) 
4 118 172 (0 -1024 128 ) (0 -1024 0 ) (128 -1024 0 ) (128 -1024 128 ) 
4 118 171 (128 -1024 0 ) (256 -1024 0 ) (256 -1024 128 ) (128 -1024 128 ) 
4 118 141 (256 -768 0 ) (256 -1024 0 ) (0 -1024 0 ) (0 -768 0 ) 
4 118 138 (128 -416 0 ) (128 -512 0 ) (0 -512 0 ) (0 -416 0 ) 
4 118 137 (128 -384 0 ) (128 -416 0 ) (0 -416 0 ) (0 -384 0 ) 
4 118 136 (128 -288 0 ) (128 -384 0 ) (0 -384 0 ) (0 -288 0 ) 
4 118 135 (128 -256 0 ) (128 -288 0 ) (0 -288 0 ) (0 -256 0 ) 
4 118 134 (128 -160 0 ) (128 -256 0 ) (0 -256 0 ) (0 -160 0 ) 
4 118 133 (128 -128 0 ) (128 -160 0 ) (0 -160 0 ) (0 -128 0 ) 
4 118 132 (128 -32 0 ) (128 -128 0 ) (0 -128 0 ) (0 -32 0 ) 
4 118 131 (0 0 0 ) (128 0 0 ) (128 -32 0 ) (0 -32 0 ) 
4 118 129 (256 -640 0 ) (256 -672 0 ) (128 -672 0 ) (128 -640 0 ) 
4 118 128 (256 -544 0 ) (256 -640 0 ) (128 -640 0 ) (128 -544 0 ) 
4 118 130 (256 -672 0 ) (256 -768 0 ) (128 -768 0 ) (128 -672 0 ) 
4 118 126 (256 -416 0 ) (256 -512 0 ) (128 -512 0 ) (128 -416 0 ) 
4 118 125 (256 -384 0 ) (256 -416 0 ) (128 -416 0 ) (128 -384 0 ) 
4 118 127 (256 -512 0 ) (256 -544 0 ) (128 -544 0 ) (128 -512 0 ) 
4 118 124 (256 -288 0 ) (256 -384 0 ) (128 -384 0 ) (128 -288 0 ) 
4 118 123 (256 -256 0 ) (256 -288 0 ) (128 -288 0 ) (128 -256 0 ) 
4 118 122 (256 -160 0 ) (256 -256 0 ) (128 -256 0 ) (128 -160 0 ) 
4 118 121 (256 -128 0 ) (256 -160 0 ) (128 -160 0 ) (128 -128 0 ) 
4 118 120 (256 -32 0 ) (256 -128 0 ) (128 -128 0 ) (128 -32 0 ) 
4 118 119 (128 0 0 ) (256 0 0 ) (256 -32 0 ) (128 -32 0 ) 
4 119 139 (128 -32 -1 ) (128 0 -1 ) (512 0 -1 ) (512 -32 -1 ) 
4 119 131 (128 0 -1 ) (128 -32 -1 ) (128 -32 0 ) (128 0 0 ) 
4 119 120 (128 -32 0 ) (128 -32 -1 ) (512 -32 -1 ) (512 -32 0 ) 
4 120 139 (128 -128 -1 ) (128 -32 -1 ) (512 -32 -1 ) (512 -128 -1 ) 
4 120 132 (128 -32 -1 ) (128 -128 -1 ) (128 -128 0 ) (128 -32 0 ) 
4 120 121 (128 -128 0 ) (128 -128 -1 ) (512 -128 -1 ) (512 -128 0 ) 
4 121 139 (128 -160 -1 ) (128 -128 -1 ) (512 -128 -1 ) (512 -160 -1 ) 
4 121 133 (128 -128 -1 ) (128 -160 -1 ) (128 -160 0 ) (128 -128 0 ) 
4 121 122 (128 -160 0 ) (128 -160 -1 ) (512 -160 -1 ) (512 -160 0 ) 
4 122 139 (128 -256 -1 ) (128 -160 -1 ) (512 -160 -1 ) (512 -256 -1 ) 
4 122 134 (128 -160 -1 ) (128 -256 -1 ) (128 -256 0 ) (128 -160 0 ) 
4 122 123 (128 -256 0 ) (128 -256 -1 ) (512 -256 -1 ) (512 -256 0 ) 
4 123 139 (128 -288 -1 ) (128 -256 -1 ) (512 -256 -1 ) (512 -288 -1 ) 
4 123 135 (128 -256 -1 ) (128 -288 -1 ) (128 -288 0 ) (128 -256 0 ) 
4 123 124 (128 -288 0 ) (128 -288 -1 ) (512 -288 -1 ) (512 -288 0 ) 
4 124 139 (128 -384 -1 ) (128 -288 -1 ) (512 -288 -1 ) (512 -384 -1 ) 
4 124 136 (128 -288 -1 ) (128 -384 -1 ) (128 -384 0 ) (128 -288 0 ) 
4 124 125 (128 -384 0 ) (128 -384 -1 ) (512 -384 -1 ) (512 -384 0 ) 
4 125 139 (128 -416 -1 ) (128 -384 -1 ) (512 -384 -1 ) (512 -416 -1 ) 
4 125 137 (128 -384 -1 ) (128 -416 -1 ) (128 -416 0 ) (128 -384 0 ) 
4 125 126 (128 -416 0 ) (128 -416 -1 ) (512 -416 -1 ) (512 -416 0 ) 
4 126 139 (128 -512 -1 ) (128 -416 -1 ) (512 -416 -1 ) (512 -512 -1 ) 
4 126 138 (128 -416 -1 ) (128 -512 -1 ) (128 -512 0 ) (128 -416 0 ) 
4 126 127 (128 -512 0 ) (128 -512 -1 ) (512 -512 -1 ) (512 -512 0 ) 
4 127 139 (128 -544 -1 ) (128 -512 -1 ) (512 -512 -1 ) (512 -544 -1 ) 
4 127 128 (128 -544 0 ) (128 -544 -1 ) (512 -544 -1 ) (512 -544 0 ) 
4 128 139 (128 -640 -1 ) (128 -544 -1 ) (512 -544 -1 ) (512 -640 -1 ) 
4 128 129 (128 -640 0 ) (128 -640 -1 ) (512 -640 -1 ) (512 -640 0 ) 
4 129 139 (128 -672 -1 ) (128 -640 -1 ) (512 -640 -1 ) (512 -672 -1 ) 
4 129 130 (128 -672 0 ) (128 -672 -1 ) (512 -672 -1 ) (512 -672 0 ) 
4 130 141 (256 -768 0 ) (128 -768 0 ) (128 -768 -1 ) (256 -768 -1 ) 
4 130 139 (512 -768 -1 ) (128 -768 -1 ) (128 -672 -1 ) (512 -672 -1 ) 
4 131 265 (0 -32 0 ) (0 0 0 ) (0 0 -1 ) (0 -32 -1 ) 
4 131 140 (0 -32 -1 ) (0 0 -1 ) (128 0 -1 ) (128 -32 -1 ) 
4 131 132 (0 -32 -1 ) (128 -32 -1 ) (128 -32 0 ) (0 -32 0 ) 
4 132 266 (0 -128 0 ) (0 -32 0 ) (0 -32 -1 ) (0 -128 -1 ) 
4 132 140 (0 -128 -1 ) (0 -32 -1 ) (128 -32 -1 ) (128 -128 -1 ) 
4 132 133 (0 -128 -1 ) (128 -128 -1 ) (128 -128 0 ) (0 -128 0 ) 
4 133 267 (0 -160 0 ) (0 -128 0 ) (0 -128 -1 ) (0 -160 -1 ) 
4 133 140 (0 -160 -1 ) (0 -128 -1 ) (128 -128 -1 ) (128 -160 -1 ) 
4 133 134 (0 -160 -1 ) (128 -160 -1 ) (128 -160 0 ) (0 -160 0 ) 
4 134 268 (0 -256 0 ) (0 -160 0 ) (0 -160 -1 ) (0 -256 -1 ) 
4 134 140 (0 -256 -1 ) (0 -160 -1 ) (128 -160 -1 ) (128 -256 -1 ) 
4 134 135 (0 -256 -1 ) (128 -256 -1 ) (128 -256 0 ) (0 -256 0 ) 
4 135 269 (0 -288 0 ) (0 -256 0 ) (0 -256 -1 ) (0 -288 -1 ) 
4 135 140 (0 -288 -1 ) (0 -256 -1 ) (128 -256 -1 ) (128 -288 -1 ) 
4 135 136 (0 -288 -1 ) (128 -288 -1 ) (128 -288 0 ) (0 -288 0 ) 
4 136 270 (0 -384 0 ) (0 -288 0 ) (0 -288 -1 ) (0 -384 -1 ) 
4 136 140 (0 -384 -1 ) (0 -288 -1 ) (128 -288 -1 ) (128 -384 -1 ) 
4 136 137 (0 -384 -1 ) (128 -384 -1 ) (128 -384 0 ) (0 -384 0 ) 
4 137 271 (0 -416 0 ) (0 -384 0 ) (0 -384 -1 ) (0 -416 -1 ) 
4 137 140 (0 -416 -1 ) (0 -384 -1 ) (128 -384 -1 ) (128 -416 -1 ) 
4 137 138 (0 -416 -1 ) (128 -416 -1 ) (128 -416 0 ) (0 -416 0 ) 
4 138 272 (0 -512 0 ) (0 -416 0 ) (0 -416 -1 ) (0 -512 -1 ) 
4 138 140 (0 -512 -1 ) (0 -416 -1 ) (128 -416 -1 ) (128 -512 -1 ) 
4 139 142 (256 -768 -1 ) (128 -768 -1 ) (128 -768 -6 ) (256 -768 -6 ) 
4 139 140 (128 -512 -1 ) (128 0 -1 ) (128 0 -6 ) (128 -512 -6 ) 
4 140 285 (0 -512 -6 ) (0 -512 -1 ) (0 0 -1 ) (0 0 -6 ) 
4 141 287 (0 -1024 -1 ) (0 -1024 0 ) (0 -768 0 ) (0 -768 -1 ) 
4 141 186 (0 -1024 0 ) (0 -1024 -1 ) (256 -1024 -1 ) (256 -1024 0 ) 
4 141 142 (0 -1024 -1 ) (0 -768 -1 ) (256 -768 -1 ) (256 -1024 -1 ) 
4 142 288 (0 -1024 -6 ) (0 -1024 -1 ) (0 -768 -1 ) (0 -768 -6 ) 
4 142 187 (0 -1024 -1 ) (0 -1024 -6 ) (256 -1024 -6 ) (256 -1024 -1 ) 
4 144 147 (1256 -1104 0 ) (1256 -1104 128 ) (1256 -1024 128 ) (1256 -1024 0 ) 
4 145 146 (1248 -1104 256 ) (1248 -1104 952 ) (1248 -1024 952 ) (1248 -1024 256 ) 
4 146 169 (1024 -1024 952 ) (1024 -1024 128 ) (1024 -1104 128 ) (1024 -1104 952 ) 
4 146 147 (1024 -1024 128 ) (1248 -1024 128 ) (1248 -1104 128 ) (1024 -1104 128 ) 
4 147 169 (1024 -1024 128 ) (1024 -1024 0 ) (1024 -1104 0 ) (1024 -1104 128 ) 
4 148 155 (2048 -1808 -816 ) (2048 -1808 -740 ) (1248 -1808 -740 ) (1248 -1808 -816 ) 
4 148 154 (1460 -1808 -580 ) (1248 -1808 -580 ) (1248 -1808 -740 ) (1460 -1808 -740 ) 
4 148 153 (1500 -1808 -600 ) (1500 -1808 -624 ) (1548 -1808 -624 ) (1548 -1808 -600 ) 
4 148 152 (1660 -1808 -600 ) (1660 -1808 -624 ) (1708 -1808 -624 ) (1708 -1808 -600 ) 
4 148 151 (1808 -1808 -600 ) (1808 -1808 -624 ) (1856 -1808 -624 ) (1856 -1808 -600 ) 
4 148 150 (2048 -1808 -740 ) (2048 -1808 -580 ) (1908 -1808 -580 ) (1908 -1808 -740 ) 
4 148 149 (2048 -1808 -580 ) (2048 -1808 -480 ) (1248 -1808 -480 ) (1248 -1808 -580 ) 
4 149 168 (1444 -1824 -480 ) (1248 -1824 -480 ) (1248 -1824 -580 ) (1444 -1824 -580 ) 
4 149 163 (1460 -1824 -480 ) (1444 -1824 -480 ) (1444 -1824 -580 ) (1460 -1824 -580 ) 
4 149 159 (1908 -1824 -480 ) (1460 -1824 -480 ) (1460 -1824 -513 ) (1908 -1824 -513 ) 
4 149 156 (2048 -1824 -580 ) (2048 -1824 -480 ) (1908 -1824 -480 ) (1908 -1824 -580 ) 
4 149 154 (1460 -1824 -580 ) (1248 -1824 -580 ) (1248 -1808 -580 ) (1460 -1808 -580 ) 
4 149 150 (2048 -1824 -580 ) (1908 -1824 -580 ) (1908 -1808 -580 ) (2048 -1808 -580 ) 
4 150 157 (2048 -1824 -740 ) (2048 -1824 -580 ) (1924 -1824 -580 ) (1924 -1824 -740 ) 
4 150 155 (2048 -1824 -740 ) (1908 -1824 -740 ) (1908 -1808 -740 ) (2048 -1808 -740 ) 
4 151 160 (1812 -1824 -624 ) (1856 -1824 -624 ) (1856 -1824 -600 ) (1812 -1824 -600 ) 
4 151 161 (1808 -1824 -600 ) (1808 -1824 -624 ) (1812 -1824 -624 ) (1812 -1824 -600 ) 
4 152 161 (1660 -1824 -600 ) (1660 -1824 -624 ) (1708 -1824 -624 ) (1708 -1824 -600 ) 
4 153 161 (1500 -1824 -600 ) (1500 -1824 -624 ) (1548 -1824 -624 ) (1548 -1824 -600 ) 
4 154 168 (1444 -1824 -580 ) (1248 -1824 -580 ) (1248 -1824 -740 ) (1444 -1824 -740 ) 
4 154 155 (1460 -1824 -740 ) (1248 -1824 -740 ) (1248 -1808 -740 ) (1460 -1808 -740 ) 
4 155 168 (1444 -1824 -740 ) (1248 -1824 -740 ) (1248 -1824 -816 ) (1444 -1824 -816 ) 
4 155 167 (1460 -1824 -740 ) (1444 -1824 -740 ) (1444 -1824 -816 ) (1460 -1824 -816 ) 
4 155 162 (1460 -1824 -756 ) (1460 -1824 -816 ) (1908 -1824 -816 ) (1908 -1824 -756 ) 
4 155 158 (1924 -1824 -740 ) (1908 -1824 -740 ) (1908 -1824 -816 ) (1924 -1824 -816 ) 
4 155 157 (2048 -1824 -816 ) (2048 -1824 -740 ) (1924 -1824 -740 ) (1924 -1824 -816 ) 
4 156 197 (1924 -2048 -480 ) (1908 -2048 -480 ) (1908 -2048 -580 ) (1924 -2048 -580 ) 
4 156 196 (2048 -2048 -580 ) (2048 -2048 -480 ) (1924 -2048 -480 ) (1924 -2048 -580 ) 
4 156 159 (1908 -1824 -480 ) (1908 -1824 -513 ) (1908 -2048 -513 ) (1908 -2048 -480 ) 
4 156 157 (1924 -1824 -580 ) (2048 -1824 -580 ) (2048 -2048 -580 ) (1924 -2048 -580 ) 
4 157 231 (2048 -2048 -816 ) (2048 -2048 -756 ) (1924 -2048 -756 ) (1924 -2048 -816 ) 
4 157 226 (2048 -2048 -756 ) (2048 -2048 -740 ) (1924 -2048 -740 ) (1924 -2048 -756 ) 
4 157 196 (2048 -2048 -740 ) (2048 -2048 -580 ) (1924 -2048 -580 ) (1924 -2048 -740 ) 
4 157 158 (1924 -1824 -816 ) (1924 -2048 -816 ) (1924 -2048 -740 ) (1924 -1824 -740 ) 
4 158 231 (1908 -2048 -756 ) (1908 -2048 -816 ) (1924 -2048 -816 ) (1924 -2048 -756 ) 
4 158 227 (1908 -2048 -740 ) (1908 -2048 -756 ) (1924 -2048 -756 ) (1924 -2048 -740 ) 
4 158 162 (1908 -1824 -756 ) (1908 -1824 -816 ) (1908 -2048 -816 ) (1908 -2048 -756 ) 
4 159 203 (1908 -2048 -513 ) (1908 -2048 -480 ) (1460 -2048 -480 ) (1460 -2048 -513 ) 
4 159 166 (1460 -1936 -513 ) (1460 -2048 -513 ) (1460 -2048 -480 ) (1460 -1936 -480 ) 
4 159 164 (1460 -1888 -513 ) (1460 -1936 -513 ) (1460 -1936 -480 ) (1460 -1888 -480 ) 
4 159 163 (1460 -1824 -480 ) (1460 -1824 -513 ) (1460 -1888 -513 ) (1460 -1888 -480 ) 
4 160 161 (1812 -1824 -740 ) (1812 -1920 -740 ) (1812 -1920 -580 ) (1812 -1824 -580 ) 
4 161 211 (1540.096069 -2048 -740 ) (1663.934692 -2048 -740 ) (1663.934570 -2048 -738 ) (1540.096191 -2048 -738 ) 
4 161 210 (1663.934692 -2048 -740 ) (1812 -2048 -740 ) (1812 -2048 -738 ) (1663.934570 -2048 -738 ) 
4 161 209 (1460 -2048 -738 ) (1460 -2048 -740 ) (1540.096069 -2048 -740 ) (1540.096191 -2048 -738 ) 
4 161 208 (1812 -2048 -580 ) (1460 -2048 -580 ) (1460 -2048 -738 ) (1812 -2048 -738 ) 
4 161 165 (1460 -1936 -716 ) (1460 -1936 -620 ) (1460 -1888 -620 ) (1460 -1888 -716 ) 
4 162 231 (1908 -2048 -816 ) (1908 -2048 -756 ) (1460 -2048 -756 ) (1460 -2048 -816 ) 
4 162 167 (1460 -1824 -756 ) (1460 -1824 -816 ) (1460 -2048 -816 ) (1460 -2048 -756 ) 
4 163 168 (1444 -1824 -480 ) (1444 -1824 -580 ) (1444 -1888 -580 ) (1444 -1888 -480 ) 
4 163 164 (1444 -1888 -480 ) (1444 -1888 -580 ) (1460 -1888 -580 ) (1460 -1888 -480 ) 
4 164 168 (1444 -1936 -580 ) (1444 -1936 -480 ) (1444 -1888 -480 ) (1444 -1888 -580 ) 
4 164 166 (1444 -1936 -480 ) (1444 -1936 -580 ) (1460 -1936 -580 ) (1460 -1936 -480 ) 
4 166 217 (1460 -2048 -580 ) (1460 -2048 -480 ) (1444 -2048 -480 ) (1444 -2048 -580 ) 
4 166 168 (1444 -2048 -580 ) (1444 -2048 -480 ) (1444 -1936 -480 ) (1444 -1936 -580 ) 
4 167 231 (1460 -2048 -816 ) (1460 -2048 -756 ) (1444 -2048 -756 ) (1444 -2048 -816 ) 
4 167 230 (1460 -2048 -756 ) (1460 -2048 -740 ) (1444 -2048 -740 ) (1444 -2048 -756 ) 
4 167 168 (1444 -1824 -740 ) (1444 -1824 -816 ) (1444 -2048 -816 ) (1444 -2048 -740 ) 
4 168 231 (1444 -2048 -816 ) (1444 -2048 -756 ) (1248 -2048 -756 ) (1248 -2048 -816 ) 
4 168 230 (1444 -2048 -756 ) (1444 -2048 -740 ) (1248 -2048 -740 ) (1248 -2048 -756 ) 
4 168 225 (1444 -2048 -740 ) (1444 -2048 -480 ) (1248 -2048 -480 ) (1248 -2048 -740 ) 
4 170 174 (272 -1152 0 ) (384 -1152 0 ) (384 -1152 128 ) (272 -1152 128 ) 
4 171 186 (256 -1152 0 ) (128 -1152 0 ) (128 -1024 0 ) (256 -1024 0 ) 
4 171 174 (128 -1152 0 ) (256 -1152 0 ) (256 -1152 128 ) (128 -1152 127.997986 ) 
5 171 172 (128 -1024 0 ) (128 -1152 0 ) (128 -1152 127.997971 ) (128 -1151.995972 128 ) (128 -1024 128 ) 
4 172 337 (0 -1024 128 ) (0 -1024 0 ) (0 -1152 0 ) (0 -1152 128 ) 
4 172 186 (128 -1152 0 ) (0 -1152 0 ) (0 -1024 0 ) (128 -1024 0 ) 
4 172 175 (0 -1152 0 ) (128 -1152 0 ) (128 -1152 128 ) (0 -1152 128 ) 
4 173 340 (0 -1416 256 ) (0 -1416 128 ) (0 -1672 128 ) (0 -1672 256 ) 
4 173 178 (128 -1672 128 ) (0 -1672 128 ) (0 -1664 128 ) (128 -1664 128 ) 
4 173 177 (0 -1664 128 ) (0 -1416 128 ) (128 -1416 128 ) (128 -1664 128 ) 
4 173 176 (256 -1672 128 ) (128 -1672 128 ) (128 -1416 128 ) (256 -1416 128 ) 
4 174 186 (128 -1408 0 ) (128 -1152 0 ) (256 -1152 0 ) (256 -1408 0 ) 
4 174 184 (328 -1248 0 ) (264 -1248 0 ) (264 -1184 0 ) (328 -1184 0 ) 
4 174 175 (128 -1408 128 ) (128 -1152 128 ) (128 -1152 0 ) (128 -1408 0 ) 
4 175 341 (0 -1152 128 ) (0 -1152 0 ) (0 -1416 0 ) (0 -1416 128 ) 
4 175 186 (0 -1408 0 ) (0 -1152 0 ) (128 -1152 0 ) (128 -1408 0 ) 
4 175 177 (0 -1416 0 ) (128 -1416 0 ) (128 -1416 128 ) (0 -1416 128 ) 
4 176 178 (128 -1672 40 ) (128 -1672 128 ) (128 -1664 128 ) (128 -1664 40 ) 
4 176 179 (128 -1664 0 ) (128 -1672 0 ) (128 -1672 32 ) (128 -1664 32 ) 
4 176 177 (128 -1416 128 ) (128 -1416 0 ) (128 -1664 0 ) (128 -1664 128 ) 
4 177 343 (0 -1416 0 ) (0 -1664 0 ) (0 -1664 128 ) (0 -1416 128 ) 
4 177 178 (128 -1664 40 ) (128 -1664 128 ) (0 -1664 128 ) (0 -1664 40 ) 
4 177 179 (0 -1664 0 ) (128 -1664 0 ) (128 -1664 32 ) (0 -1664 32 ) 
4 178 344 (0 -1672 40 ) (0 -1672 128 ) (0 -1664 128 ) (0 -1664 40 ) 
4 178 182 (0 -1672 128 ) (0 -1672 40 ) (60 -1672 40 ) (60 -1672 128 ) 
4 178 180 (64 -1672 40 ) (128 -1672 40 ) (128 -1672 128 ) (64 -1672 128 ) 
4 179 345 (0 -1664 0 ) (0 -1672 0 ) (0 -1672 32 ) (0 -1664 32 ) 
4 179 182 (0 -1672 32 ) (0 -1672 0 ) (60 -1672 0 ) (60 -1672 32 ) 
4 179 180 (64 -1672 0 ) (128 -1672 0 ) (128 -1672 32 ) (64 -1672 32 ) 
4 180 183 (64 -1680 0 ) (128 -1680 0 ) (128 -1680 128 ) (64 -1680 128 ) 
4 180 181 (64 -1680 0 ) (64 -1680 128 ) (64 -1676 128 ) (64 -1676 0 ) 
4 181 183 (60 -1680 0 ) (64 -1680 0 ) (64 -1680 128 ) (60 -1680 128 ) 
4 181 182 (60 -1680 0 ) (60 -1680 128 ) (60 -1676 128 ) (60 -1676 0 ) 
4 182 349 (0 -1676 0 ) (0 -1680 0 ) (0 -1680 128 ) (0 -1676 128 ) 
4 182 183 (0 -1680 0 ) (60 -1680 0 ) (60 -1680 128 ) (0 -1680 128 ) 
4 183 350 (0 -2048 0 ) (0 -2048 992 ) (0 -1680 992 ) (0 -1680 0 ) 
4 183 232 (0 -2048 992 ) (0 -2048 0 ) (448 -2048 0 ) (448 -2048 992 ) 
4 183 188 (256 -2048 0 ) (0 -2048 0 ) (0 -1680 0 ) (256 -1680 0 ) 
4 183 185 (448 -2048 0 ) (256 -2048 0 ) (256 -1680 0 ) (448 -1680 0 ) 
4 184 191 (268 -1224 -16 ) (268 -1188 -16 ) (324 -1188 -16 ) (324 -1224 -16 ) 
4 184 190 (268 -1188 -16 ) (268 -1184 -16 ) (324 -1184 -16 ) (324 -1188 -16 ) 
4 184 193 (324 -1248 -16 ) (268 -1248 -16 ) (268 -1224 -16 ) (324 -1224 -16 ) 
4 184 189 (328 -1248 -16 ) (324 -1248 -16 ) (324 -1184 -16 ) (328 -1184 -16 ) 
4 184 194 (268 -1248 -16 ) (264 -1248 -16 ) (264 -1184 -16 ) (268 -1184 -16 ) 
4 185 232 (256 -2048 -16 ) (448 -2048 -16 ) (448 -2048 0 ) (256 -2048 0 ) 
4 185 188 (256 -1680 -16 ) (256 -2048 -16 ) (256 -2048 0 ) (256 -1680 0 ) 
4 186 351 (0 -1408 0 ) (0 -1024 0 ) (0 -1024 -1 ) (0 -1408 -1 ) 
4 186 187 (256 -1408 -1 ) (0 -1408 -1 ) (0 -1024 -1 ) (256 -1024 -1 ) 
4 187 352 (0 -1024 -1 ) (0 -1024 -6 ) (0 -1408 -6 ) (0 -1408 -1 ) 
4 188 353 (0 -2048 -16 ) (0 -2048 0 ) (0 -1680 0 ) (0 -1680 -16 ) 
4 188 232 (0 -2048 0 ) (0 -2048 -16 ) (256 -2048 -16 ) (256 -2048 0 ) 
4 189 191 (324 -1224 -18 ) (324 -1224 -16 ) (324 -1188 -16 ) (324 -1188 -18 ) 
4 189 192 (324 -1188 -128 ) (324 -1224 -128 ) (324 -1224 -22 ) (324 -1188 -22 ) 
4 189 190 (324 -1184 -16 ) (324 -1184 -128 ) (324 -1188 -128 ) (324 -1188 -16 ) 
4 189 193 (324 -1224 -128 ) (324 -1248 -128 ) (324 -1248 -16 ) (324 -1224 -16 ) 
4 190 191 (268 -1188 -16 ) (268 -1188 -18 ) (324 -1188 -18 ) (324 -1188 -16 ) 
4 190 192 (268 -1188 -22 ) (268 -1188 -128 ) (324 -1188 -128 ) (324 -1188 -22 ) 
4 190 194 (268 -1184 -16 ) (268 -1184 -128 ) (268 -1188 -128 ) (268 -1188 -16 ) 
4 191 193 (268 -1224 -16 ) (268 -1224 -18 ) (324 -1224 -18 ) (324 -1224 -16 ) 
4 191 194 (268 -1224 -18 ) (268 -1224 -16 ) (268 -1188 -16 ) (268 -1188 -18 ) 
4 192 194 (268 -1188 -128 ) (268 -1224 -128 ) (268 -1224 -22 ) (268 -1188 -22 ) 
4 192 193 (268 -1224 -22 ) (268 -1224 -128 ) (324 -1224 -128 ) (324 -1224 -22 ) 
4 193 194 (268 -1224 -128 ) (268 -1248 -128 ) (268 -1248 -16 ) (268 -1224 -16 ) 
4 195 231 (2048 -2048 -756 ) (2048 -2048 -816 ) (2048 -2544 -816 ) (2048 -2544 -756 ) 
4 195 226 (2048 -2048 -740 ) (2048 -2048 -756 ) (2048 -2544 -756 ) (2048 -2544 -740 ) 
4 195 196 (2048 -2048 -480 ) (2048 -2048 -740 ) (2048 -2544 -740 ) (2048 -2544 -480 ) 
4 196 226 (1924 -2544 -740 ) (1924 -2048 -740 ) (2048 -2048 -740 ) (2048 -2544 -740 ) 
4 196 202 (1924 -2336 -740 ) (1924 -2544 -740 ) (1924 -2544 -580 ) (1924 -2336 -580 ) 
4 196 200 (1924 -2228 -740 ) (1924 -2284 -740 ) (1924 -2284 -628 ) (1924 -2228 -628 ) 
4 196 199 (1924 -2544 -580 ) (1924 -2544 -480 ) (1924 -2304 -480 ) (1924 -2304 -580 ) 
4 196 198 (1924 -2304 -480 ) (1924 -2240 -480 ) (1924 -2240 -513 ) (1924 -2304 -513 ) 
4 196 197 (1924 -2240 -480 ) (1924 -2048 -480 ) (1924 -2048 -580 ) (1924 -2240 -580 ) 
4 197 203 (1908 -2048 -480 ) (1908 -2048 -513 ) (1908 -2240 -513 ) (1908 -2240 -480 ) 
4 197 198 (1924 -2240 -513 ) (1924 -2240 -480 ) (1908 -2240 -480 ) (1908 -2240 -513 ) 
4 198 203 (1908 -2304 -513 ) (1908 -2304 -480 ) (1908 -2240 -480 ) (1908 -2240 -513 ) 
4 198 199 (1924 -2304 -513 ) (1924 -2304 -480 ) (1908 -2304 -480 ) (1908 -2304 -513 ) 
4 199 205 (1908 -2336 -580 ) (1908 -2544 -580 ) (1908 -2544 -513 ) (1908 -2336 -513 ) 
4 199 203 (1908 -2544 -513 ) (1908 -2544 -480 ) (1908 -2304 -480 ) (1908 -2304 -513 ) 
4 199 202 (1908 -2544 -580 ) (1908 -2336 -580 ) (1924 -2336 -580 ) (1924 -2544 -580 ) 
4 201 207 (1908 -2228 -740 ) (1908 -2284 -740 ) (1908 -2284 -628 ) (1908 -2228 -628 ) 
4 202 228 (1908 -2544 -740 ) (1908 -2336 -740 ) (1924 -2336 -740 ) (1924 -2544 -740 ) 
4 202 216 (1908 -2352 -740 ) (1908 -2544 -740 ) (1908 -2544 -580 ) (1908 -2352 -580 ) 
4 203 224 (1460 -2544 -480 ) (1460 -2336 -480 ) (1460 -2336 -513 ) (1460 -2544 -513 ) 
4 203 223 (1460 -2336 -480 ) (1460 -2264 -480 ) (1460 -2264 -513 ) (1460 -2336 -513 ) 
4 203 221 (1460 -2264 -480 ) (1460 -2216 -480 ) (1460 -2216 -513 ) (1460 -2264 -513 ) 
4 203 220 (1460 -2216 -480 ) (1460 -2104 -480 ) (1460 -2104 -513 ) (1460 -2216 -513 ) 
4 203 218 (1460 -2104 -480 ) (1460 -2056 -480 ) (1460 -2056 -513 ) (1460 -2104 -513 ) 
4 203 217 (1460 -2056 -480 ) (1460 -2048 -480 ) (1460 -2048 -513 ) (1460 -2056 -513 ) 
4 203 206 (1460 -2544 -513 ) (1460 -2336 -513 ) (1844 -2336 -513 ) (1844 -2544 -513 ) 
4 203 205 (1908 -2336 -513 ) (1908 -2544 -513 ) (1844 -2544 -513 ) (1844 -2336 -513 ) 
4 204 207 (1908 -2240 -580 ) (1908 -2304 -580 ) (1844 -2304 -580 ) (1844 -2240 -580 ) 
4 205 216 (1908 -2352 -580 ) (1908 -2544 -580 ) (1844 -2544 -580 ) (1844 -2352 -580 ) 
4 205 206 (1844 -2336 -580 ) (1844 -2544 -580 ) (1844 -2544 -513 ) (1844 -2336 -513 ) 
4 206 224 (1460 -2544 -513 ) (1460 -2336 -513 ) (1460 -2336 -580 ) (1460 -2544 -580 ) 
4 206 216 (1460 -2544 -580 ) (1460 -2352 -580 ) (1844 -2352 -580 ) (1844 -2544 -580 ) 
4 207 215 (1812 -2176 -740 ) (1812 -2224.984619 -740 ) (1812 -2224.990234 -738 ) (1812 -2176 -738 ) 
4 207 213 (1812 -2224.984619 -740 ) (1812 -2336 -740 ) (1812 -2336 -738 ) (1812 -2224.990234 -738 ) 
4 207 208 (1812 -2336 -738 ) (1812 -2336 -580 ) (1812 -2176 -580 ) (1812 -2176 -738 ) 
4 208 222 (1460 -2216 -620 ) (1460 -2216 -716 ) (1460 -2264 -716 ) (1460 -2264 -620 ) 
4 208 219 (1460 -2056 -620 ) (1460 -2056 -716 ) (1460 -2104 -716 ) (1460 -2104 -620 ) 
4 208 215 (1812 -2139.539307 -738 ) (1812 -2224.990234 -738 ) (1777.339844 -2245 -738 ) (1740.332275 -2180.914307 -738 ) 
4 208 214 (1689 -2296 -738 ) (1619.713745 -2336 -738 ) (1471.699707 -2336 -738 ) (1652 -2231.909912 -738 ) 
3 208 213 (1812 -2224.990234 -738 ) (1812 -2336 -738 ) (1619.713745 -2336 -738 ) 
6 208 212 (1564.456299 -2282.450195 -738 ) (1471.699707 -2336 -738 ) (1460 -2336 -738 ) (1460 -2236.770264 -738 ) (1494.810059 -2154.729980 -738 ) (1599.750122 -2199.270020 -738 ) 
4 208 211 (1501.060059 -2140 -738 ) (1540.096069 -2048 -738 ) (1663.934692 -2048 -738 ) (1606 -2184.540039 -738 ) 
4 208 210 (1812 -2048 -738 ) (1812 -2139.539307 -738 ) (1564.456299 -2282.450195 -738 ) (1663.934692 -2048 -738 ) 
3 208 209 (1460 -2236.770264 -738 ) (1460 -2048 -738 ) (1540.096069 -2048 -738 ) 
4 209 212 (1494.810303 -2154.729980 -738 ) (1460 -2236.771240 -738 ) (1460 -2236.771240 -740 ) (1494.810303 -2154.729980 -740 ) 
4 209 211 (1540.096191 -2048 -738 ) (1501.060303 -2140 -738 ) (1501.060303 -2140 -740 ) (1540.096191 -2048 -740 ) 
4 210 215 (1812 -2139.541016 -740 ) (1812 -2139.541016 -738 ) (1740.333008 -2180.915527 -738 ) (1740.328613 -2180.917969 -740 ) 
4 210 214 (1652 -2231.910889 -738 ) (1564.455444 -2282.452148 -738 ) (1564.455444 -2282.452148 -740 ) (1652 -2231.910889 -740 ) 
4 210 212 (1564.458008 -2282.451172 -740 ) (1564.458008 -2282.451172 -738 ) (1599.751953 -2199.270752 -738 ) (1599.751953 -2199.270752 -740 ) 
4 210 211 (1606.001831 -2184.541016 -738 ) (1663.936768 -2048 -738 ) (1663.936768 -2048 -740 ) (1606.001831 -2184.541016 -740 ) 
4 212 214 (1564.455444 -2282.452148 -738 ) (1471.702393 -2336 -738 ) (1471.702393 -2336 -740 ) (1564.455444 -2282.452148 -740 ) 
4 213 215 (1777.339111 -2244.998779 -738 ) (1812 -2224.988281 -738 ) (1812 -2224.982422 -740 ) (1777.332153 -2244.996826 -740 ) 
4 213 214 (1619.700928 -2336 -740 ) (1619.710938 -2336 -738 ) (1689 -2295.998779 -738 ) (1688.996704 -2295.994385 -740 ) 
4 216 229 (1460 -2544 -740 ) (1460 -2352 -740 ) (1908 -2352 -740 ) (1908 -2544 -740 ) 
4 216 224 (1460 -2352 -740 ) (1460 -2544 -740 ) (1460 -2544 -580 ) (1460 -2352 -580 ) 
4 217 225 (1444 -2048 -480 ) (1444 -2048 -580 ) (1444 -2056 -580 ) (1444 -2056 -480 ) 
4 217 218 (1444 -2056 -480 ) (1444 -2056 -580 ) (1460 -2056 -580 ) (1460 -2056 -480 ) 
4 218 225 (1444 -2104 -580 ) (1444 -2104 -480 ) (1444 -2056 -480 ) (1444 -2056 -580 ) 
4 218 220 (1444 -2104 -480 ) (1444 -2104 -580 ) (1460 -2104 -580 ) (1460 -2104 -480 ) 
4 220 225 (1444 -2216 -580 ) (1444 -2216 -480 ) (1444 -2104 -480 ) (1444 -2104 -580 ) 
4 220 221 (1444 -2216 -480 ) (1444 -2216 -580 ) (1460 -2216 -580 ) (1460 -2216 -480 ) 
4 221 225 (1444 -2264 -580 ) (1444 -2264 -480 ) (1444 -2216 -480 ) (1444 -2216 -580 ) 
4 221 223 (1444 -2264 -480 ) (1444 -2264 -580 ) (1460 -2264 -580 ) (1460 -2264 -480 ) 
4 223 225 (1444 -2336 -580 ) (1444 -2336 -480 ) (1444 -2264 -480 ) (1444 -2264 -580 ) 
4 223 224 (1460 -2336 -580 ) (1460 -2336 -480 ) (1444 -2336 -480 ) (1444 -2336 -580 ) 
4 224 230 (1444 -2544 -740 ) (1444 -2336 -740 ) (1460 -2336 -740 ) (1460 -2544 -740 ) 
4 224 225 (1444 -2336 -740 ) (1444 -2544 -740 ) (1444 -2544 -480 ) (1444 -2336 -480 ) 
4 225 230 (1248 -2544 -740 ) (1248 -2048 -740 ) (1444 -2048 -740 ) (1444 -2544 -740 ) 
4 226 231 (1924 -2048 -756 ) (2048 -2048 -756 ) (2048 -2544 -756 ) (1924 -2544 -756 ) 
4 226 227 (1924 -2048 -756 ) (1924 -2228 -756 ) (1924 -2228 -740 ) (1924 -2048 -740 ) 
4 226 228 (1924 -2284 -756 ) (1924 -2544 -756 ) (1924 -2544 -740 ) (1924 -2284 -740 ) 
4 227 231 (1908 -2048 -756 ) (1924 -2048 -756 ) (1924 -2228 -756 ) (1908 -2228 -756 ) 
4 228 231 (1924 -2284 -756 ) (1924 -2544 -756 ) (1908 -2544 -756 ) (1908 -2284 -756 ) 
4 228 229 (1908 -2336 -756 ) (1908 -2544 -756 ) (1908 -2544 -740 ) (1908 -2336 -740 ) 
4 229 231 (1908 -2336 -756 ) (1908 -2544 -756 ) (1460 -2544 -756 ) (1460 -2336 -756 ) 
4 229 230 (1460 -2336 -756 ) (1460 -2544 -756 ) (1460 -2544 -740 ) (1460 -2336 -740 ) 
4 230 231 (1248 -2048 -756 ) (1460 -2048 -756 ) (1460 -2544 -756 ) (1248 -2544 -756 ) 
4 232 383 (0 -2112 -16 ) (0 -2112 992 ) (0 -2048 992 ) (0 -2048 -16 ) 
4 233 235 (-1024 1024 48 ) (-1024 1024 560 ) (-1024 1920 560 ) (-1024 1920 48 ) 
4 233 234 (-1024 1024 48 ) (-1024 1904 48 ) (-896 1904 48 ) (-896 1024 48 ) 
4 234 242 (-1024 1024 0 ) (-1024 1024 -80 ) (-968 1024 -80 ) (-968 1024 0 ) 
4 234 238 (-968 1024 48 ) (-1024 1024 48 ) (-1024 1024 0 ) (-968 1024 0 ) 
4 234 236 (-1024 1024 -80 ) (-1024 1024 48 ) (-1024 1904 48 ) (-1024 1904 -80 ) 
4 235 243 (-1400 1024 384 ) (-1400 1024 352 ) (-1336 1024 352 ) (-1336 1024 384 ) 
4 235 236 (-1024 1024 48 ) (-1824 1024 48 ) (-1824 1904 48 ) (-1024 1904 48 ) 
4 236 245 (-1624 1024 48 ) (-1752 1024 48 ) (-1752 1024 -80 ) (-1624 1024 -80 ) 
4 236 244 (-1024 1024 -80 ) (-1024 1024 48 ) (-1096 1024 48 ) (-1096 1024 -80 ) 
4 237 259 (-272 0 128 ) (-384 0 128 ) (-384 0 0 ) (-272 0 0 ) 
4 237 258 (-256 0 128 ) (-272 0 128 ) (-272 0 0 ) (-256 0 0 ) 
4 237 257 (0 0 0 ) (0 0 128 ) (-256 0 128 ) (-256 0 0 ) 
4 238 246 (-1024 1016 0 ) (-1024 768 0 ) (-1024 768 48 ) (-1024 1016 48 ) 
4 238 244 (-1024 1024 48 ) (-1024 1024 0 ) (-1024 1016 0 ) (-1024 1016 48 ) 
4 238 242 (-1024 768 0 ) (-1024 1024 0 ) (-968 1024 0 ) (-968 768 0 ) 
4 239 240 (-736 128 32 ) (-736 128 0 ) (-736 0 0 ) (-736 0 32 ) 
4 240 241 (-738 128 32 ) (-738 128 0 ) (-738 0 0 ) (-738 0 32 ) 
4 241 297 (-960 0 128 ) (-1024 0 128 ) (-1024 0 0 ) (-960 0 0 ) 
4 241 248 (-1024 128 0 ) (-1024 0 0 ) (-1024 0 128 ) (-1024 128 128 ) 
4 242 246 (-1024 1016 -80 ) (-1024 768 -80 ) (-1024 768 0 ) (-1024 1016 0 ) 
4 242 244 (-1024 1024 0 ) (-1024 1024 -80 ) (-1024 1016 -80 ) (-1024 1016 0 ) 
4 244 246 (-1096 1016 -80 ) (-1024 1016 -80 ) (-1024 1016 48 ) (-1096 1016 48 ) 
4 245 247 (-1752 1016 -80 ) (-1624 1016 -80 ) (-1624 1016 48 ) (-1752 1016 48 ) 
4 248 307 (-1024 0 0 ) (-1024 0 128 ) (-1088 0 128 ) (-1088 0 0 ) 
4 248 249 (-1310 128 0 ) (-1310 0 0 ) (-1310 0 32 ) (-1310 128 32 ) 
4 249 250 (-1312 128 0 ) (-1312 0 0 ) (-1312 0 32 ) (-1312 128 32 ) 
4 251 257 (-128 -768 128 ) (-128 0 128 ) (0 0 128 ) (0 -768 128 ) 
3 251 253 (-128 -768 319.993927 ) (-128 -768 384 ) (-128 -639.987854 384 ) 
5 251 252 (-128 0 384 ) (-128 0 128 ) (-128 -768 128 ) (-128 -768 319.993927 ) (-128 -639.987854 384 ) 
4 252 338 (-256 -1024 191.991959 ) (-256 -1024 128 ) (-128 -1024 128 ) (-128 -1024 191.993942 ) 
4 252 257 (-128 -1024 128 ) (-256 -1024 128 ) (-256 0 128 ) (-128 0 128 ) 
5 252 254 (-256 0 128 ) (-256 -768 128 ) (-256 -768 319.991974 ) (-256 -639.983948 384 ) (-256 0 384 ) 
4 252 253 (-128 -639.988220 384 ) (-256 -639.984192 384 ) (-256 -768 319.992096 ) (-128 -768 319.994141 ) 
3 253 254 (-256 -768 384 ) (-256 -639.983948 384 ) (-256 -768 319.991974 ) 
4 254 262 (-512 -768 128 ) (-512 0 128 ) (-480 0 128 ) (-480 -768 128 ) 
4 254 260 (-480 0 128 ) (-384 0 128 ) (-384 -768 128 ) (-480 -768 128 ) 
4 254 259 (-384 0 128 ) (-272 0 128 ) (-272 -768 128 ) (-384 -768 128 ) 
4 254 258 (-272 0 128 ) (-256 0 128 ) (-256 -768 128 ) (-272 -768 128 ) 
4 255 289 (-760 -256 128 ) (-760 -64 128 ) (-632 -64 128 ) (-632 -256 128 ) 
4 256 302 (-1024 -256 176 ) (-1024 -64 176 ) (-1024 -64 128 ) (-1024 -256 128 ) 
4 256 297 (-1024 -256 128 ) (-1024 -64 128 ) (-960 -64 128 ) (-960 -256 128 ) 
4 257 338 (-128 -1024 128 ) (-256 -1024 128 ) (-256 -1024 0 ) (-128 -1024 0 ) 
4 257 337 (0 -1024 0 ) (0 -1024 128 ) (-128 -1024 128 ) (-128 -1024 0 ) 
4 257 287 (0 -1024 0 ) (-256 -1024 0 ) (-256 -768 0 ) (0 -768 0 ) 
4 257 284 (-256 -768 0 ) (-256 -672 0 ) (-128 -672 0 ) (-128 -768 0 ) 
4 257 283 (-256 -672 0 ) (-256 -640 0 ) (-128 -640 0 ) (-128 -672 0 ) 
4 257 282 (-256 -640 0 ) (-256 -544 0 ) (-128 -544 0 ) (-128 -640 0 ) 
4 257 281 (-256 -544 0 ) (-256 -512 0 ) (-128 -512 0 ) (-128 -544 0 ) 
4 257 280 (-256 -512 0 ) (-256 -416 0 ) (-128 -416 0 ) (-128 -512 0 ) 
4 257 279 (-256 -416 0 ) (-256 -384 0 ) (-128 -384 0 ) (-128 -416 0 ) 
4 257 278 (-256 -384 0 ) (-256 -288 0 ) (-128 -288 0 ) (-128 -384 0 ) 
4 257 277 (-256 -288 0 ) (-256 -256 0 ) (-128 -256 0 ) (-128 -288 0 ) 
4 257 276 (-256 -256 0 ) (-256 -160 0 ) (-128 -160 0 ) (-128 -256 0 ) 
4 257 275 (-256 -160 0 ) (-256 -128 0 ) (-128 -128 0 ) (-128 -160 0 ) 
4 257 274 (-256 -128 0 ) (-256 -32 0 ) (-128 -32 0 ) (-128 -128 0 ) 
4 257 273 (-256 -32 0 ) (-256 0 0 ) (-128 0 0 ) (-128 -32 0 ) 
4 257 272 (0 -416 0 ) (0 -512 0 ) (-128 -512 0 ) (-128 -416 0 ) 
4 257 271 (0 -384 0 ) (0 -416 0 ) (-128 -416 0 ) (-128 -384 0 ) 
4 257 270 (0 -288 0 ) (0 -384 0 ) (-128 -384 0 ) (-128 -288 0 ) 
4 257 269 (0 -256 0 ) (0 -288 0 ) (-128 -288 0 ) (-128 -256 0 ) 
4 257 268 (0 -160 0 ) (0 -256 0 ) (-128 -256 0 ) (-128 -160 0 ) 
4 257 267 (0 -128 0 ) (0 -160 0 ) (-128 -160 0 ) (-128 -128 0 ) 
4 257 266 (0 -32 0 ) (0 -128 0 ) (-128 -128 0 ) (-128 -32 0 ) 
4 257 265 (-128 0 0 ) (0 0 0 ) (0 -32 0 ) (-128 -32 0 ) 
4 257 258 (-256 0 0 ) (-256 -768 0 ) (-256 -768 128 ) (-256 0 128 ) 
4 258 284 (-272 -768 0 ) (-272 -672 0 ) (-256 -672 0 ) (-256 -768 0 ) 
4 258 283 (-272 -672 0 ) (-272 -640 0 ) (-256 -640 0 ) (-256 -672 0 ) 
4 258 282 (-272 -640 0 ) (-272 -544 0 ) (-256 -544 0 ) (-256 -640 0 ) 
4 258 281 (-272 -544 0 ) (-272 -512 0 ) (-256 -512 0 ) (-256 -544 0 ) 
4 258 280 (-272 -512 0 ) (-272 -416 0 ) (-256 -416 0 ) (-256 -512 0 ) 
4 258 279 (-272 -416 0 ) (-272 -384 0 ) (-256 -384 0 ) (-256 -416 0 ) 
4 258 278 (-272 -384 0 ) (-272 -288 0 ) (-256 -288 0 ) (-256 -384 0 ) 
4 258 277 (-272 -288 0 ) (-272 -256 0 ) (-256 -256 0 ) (-256 -288 0 ) 
4 258 276 (-272 -256 0 ) (-272 -160 0 ) (-256 -160 0 ) (-256 -256 0 ) 
4 258 275 (-272 -160 0 ) (-272 -128 0 ) (-256 -128 0 ) (-256 -160 0 ) 
4 258 274 (-272 -128 0 ) (-272 -32 0 ) (-256 -32 0 ) (-256 -128 0 ) 
4 258 273 (-272 -32 0 ) (-272 0 0 ) (-256 0 0 ) (-256 -32 0 ) 
4 258 259 (-272 0 0 ) (-272 -768 0 ) (-272 -768 128 ) (-272 0 128 ) 
4 259 284 (-384 -768 0 ) (-384 -672 0 ) (-272 -672 0 ) (-272 -768 0 ) 
4 259 283 (-384 -672 0 ) (-384 -640 0 ) (-272 -640 0 ) (-272 -672 0 ) 
4 259 282 (-384 -640 0 ) (-384 -544 0 ) (-272 -544 0 ) (-272 -640 0 ) 
4 259 281 (-384 -544 0 ) (-384 -512 0 ) (-272 -512 0 ) (-272 -544 0 ) 
4 259 280 (-384 -512 0 ) (-384 -416 0 ) (-272 -416 0 ) (-272 -512 0 ) 
4 259 279 (-384 -416 0 ) (-384 -384 0 ) (-272 -384 0 ) (-272 -416 0 ) 
4 259 278 (-384 -384 0 ) (-384 -288 0 ) (-272 -288 0 ) (-272 -384 0 ) 
4 259 277 (-384 -288 0 ) (-384 -256 0 ) (-272 -256 0 ) (-272 -288 0 ) 
4 259 276 (-384 -256 0 ) (-384 -160 0 ) (-272 -160 0 ) (-272 -256 0 ) 
4 259 275 (-384 -160 0 ) (-384 -128 0 ) (-272 -128 0 ) (-272 -160 0 ) 
4 259 274 (-384 -128 0 ) (-384 -32 0 ) (-272 -32 0 ) (-272 -128 0 ) 
4 259 273 (-384 -32 0 ) (-384 0 0 ) (-272 0 0 ) (-272 -32 0 ) 
4 259 260 (-384 0 0 ) (-384 -768 0 ) (-384 -768 128 ) (-384 0 128 ) 
4 260 284 (-384 -672 0 ) (-384 -768 0 ) (-480 -768 0 ) (-480 -672 0 ) 
4 260 283 (-384 -640 0 ) (-384 -672 0 ) (-480 -672 0 ) (-480 -640 0 ) 
4 260 282 (-384 -544 0 ) (-384 -640 0 ) (-480 -640 0 ) (-480 -544 0 ) 
4 260 281 (-384 -512 0 ) (-384 -544 0 ) (-480 -544 0 ) (-480 -512 0 ) 
4 260 280 (-384 -416 0 ) (-384 -512 0 ) (-480 -512 0 ) (-480 -416 0 ) 
4 260 279 (-384 -384 0 ) (-384 -416 0 ) (-480 -416 0 ) (-480 -384 0 ) 
4 260 278 (-384 -288 0 ) (-384 -384 0 ) (-480 -384 0 ) (-480 -288 0 ) 
4 260 277 (-384 -256 0 ) (-384 -288 0 ) (-480 -288 0 ) (-480 -256 0 ) 
4 260 276 (-384 -160 0 ) (-384 -256 0 ) (-480 -256 0 ) (-480 -160 0 ) 
4 260 275 (-384 -128 0 ) (-384 -160 0 ) (-480 -160 0 ) (-480 -128 0 ) 
4 260 274 (-384 -32 0 ) (-384 -128 0 ) (-480 -128 0 ) (-480 -32 0 ) 
4 260 273 (-480 0 0 ) (-384 0 0 ) (-384 -32 0 ) (-480 -32 0 ) 
4 260 262 (-480 0 0 ) (-480 -768 0 ) (-480 -768 128 ) (-480 0 128 ) 
4 260 261 (-480 -896 128 ) (-480 -896 0 ) (-384 -800 0 ) (-384 -800 128 ) 
4 261 264 (-480 -896 0 ) (-480 -992 0 ) (-480 -992 128 ) (-480 -896 128 ) 
4 262 289 (-512 -288 128 ) (-512 -32 128 ) (-512 -32 0 ) (-512 -288 0 ) 
4 262 284 (-512 -768 0 ) (-512 -672 0 ) (-480 -672 0 ) (-480 -768 0 ) 
4 262 283 (-512 -672 0 ) (-512 -640 0 ) (-480 -640 0 ) (-480 -672 0 ) 
4 262 282 (-512 -640 0 ) (-512 -544 0 ) (-480 -544 0 ) (-480 -640 0 ) 
4 262 281 (-512 -544 0 ) (-512 -512 0 ) (-480 -512 0 ) (-480 -544 0 ) 
4 262 280 (-512 -512 0 ) (-512 -416 0 ) (-480 -416 0 ) (-480 -512 0 ) 
4 262 279 (-512 -416 0 ) (-512 -384 0 ) (-480 -384 0 ) (-480 -416 0 ) 
4 262 278 (-512 -384 0 ) (-512 -288 0 ) (-480 -288 0 ) (-480 -384 0 ) 
4 262 277 (-512 -288 0 ) (-512 -256 0 ) (-480 -256 0 ) (-480 -288 0 ) 
4 262 276 (-512 -256 0 ) (-512 -160 0 ) (-480 -160 0 ) (-480 -256 0 ) 
4 262 275 (-512 -160 0 ) (-512 -128 0 ) (-480 -128 0 ) (-480 -160 0 ) 
4 262 274 (-512 -128 0 ) (-512 -32 0 ) (-480 -32 0 ) (-480 -128 0 ) 
4 262 273 (-512 -32 0 ) (-512 0 0 ) (-480 0 0 ) (-480 -32 0 ) 
4 263 293 (-512 -928 128 ) (-512 -896 128 ) (-512 -896 0 ) (-512 -928 0 ) 
4 263 264 (-512 -928 128 ) (-512 -928 0 ) (-480 -896 0 ) (-480 -896 128 ) 
4 264 294 (-512 -992 128 ) (-512 -928 128 ) (-512 -928 0 ) (-512 -992 0 ) 
4 265 285 (-128 -32 -1 ) (-128 0 -1 ) (0 0 -1 ) (0 -32 -1 ) 
4 265 273 (-128 0 -1 ) (-128 -32 -1 ) (-128 -32 0 ) (-128 0 0 ) 
4 265 266 (-128 -32 0 ) (-128 -32 -1 ) (0 -32 -1 ) (0 -32 0 ) 
4 266 285 (-128 -128 -1 ) (-128 -32 -1 ) (0 -32 -1 ) (0 -128 -1 ) 
4 266 274 (-128 -32 -1 ) (-128 -128 -1 ) (-128 -128 0 ) (-128 -32 0 ) 
4 266 267 (-128 -128 0 ) (-128 -128 -1 ) (0 -128 -1 ) (0 -128 0 ) 
4 267 285 (-128 -160 -1 ) (-128 -128 -1 ) (0 -128 -1 ) (0 -160 -1 ) 
4 267 275 (-128 -128 -1 ) (-128 -160 -1 ) (-128 -160 0 ) (-128 -128 0 ) 
4 267 268 (-128 -160 0 ) (-128 -160 -1 ) (0 -160 -1 ) (0 -160 0 ) 
4 268 285 (-128 -256 -1 ) (-128 -160 -1 ) (0 -160 -1 ) (0 -256 -1 ) 
4 268 276 (-128 -160 -1 ) (-128 -256 -1 ) (-128 -256 0 ) (-128 -160 0 ) 
4 268 269 (-128 -256 0 ) (-128 -256 -1 ) (0 -256 -1 ) (0 -256 0 ) 
4 269 285 (-128 -288 -1 ) (-128 -256 -1 ) (0 -256 -1 ) (0 -288 -1 ) 
4 269 277 (-128 -256 -1 ) (-128 -288 -1 ) (-128 -288 0 ) (-128 -256 0 ) 
4 269 270 (-128 -288 0 ) (-128 -288 -1 ) (0 -288 -1 ) (0 -288 0 ) 
4 270 285 (-128 -384 -1 ) (-128 -288 -1 ) (0 -288 -1 ) (0 -384 -1 ) 
4 270 278 (-128 -288 -1 ) (-128 -384 -1 ) (-128 -384 0 ) (-128 -288 0 ) 
4 270 271 (-128 -384 0 ) (-128 -384 -1 ) (0 -384 -1 ) (0 -384 0 ) 
4 271 285 (-128 -416 -1 ) (-128 -384 -1 ) (0 -384 -1 ) (0 -416 -1 ) 
4 271 279 (-128 -384 -1 ) (-128 -416 -1 ) (-128 -416 0 ) (-128 -384 0 ) 
4 271 272 (-128 -416 0 ) (-128 -416 -1 ) (0 -416 -1 ) (0 -416 0 ) 
4 272 285 (-128 -512 -1 ) (-128 -416 -1 ) (0 -416 -1 ) (0 -512 -1 ) 
4 272 280 (-128 -416 -1 ) (-128 -512 -1 ) (-128 -512 0 ) (-128 -416 0 ) 
4 273 286 (-512 -32 -1 ) (-512 0 -1 ) (-128 0 -1 ) (-128 -32 -1 ) 
4 273 274 (-512 -32 -1 ) (-128 -32 -1 ) (-128 -32 0 ) (-512 -32 0 ) 
4 274 286 (-512 -128 -1 ) (-512 -32 -1 ) (-128 -32 -1 ) (-128 -128 -1 ) 
4 274 275 (-512 -128 -1 ) (-128 -128 -1 ) (-128 -128 0 ) (-512 -128 0 ) 
4 275 286 (-512 -160 -1 ) (-512 -128 -1 ) (-128 -128 -1 ) (-128 -160 -1 ) 
4 275 276 (-512 -160 -1 ) (-128 -160 -1 ) (-128 -160 0 ) (-512 -160 0 ) 
4 276 286 (-512 -256 -1 ) (-512 -160 -1 ) (-128 -160 -1 ) (-128 -256 -1 ) 
4 276 277 (-512 -256 -1 ) (-128 -256 -1 ) (-128 -256 0 ) (-512 -256 0 ) 
4 277 286 (-512 -288 -1 ) (-512 -256 -1 ) (-128 -256 -1 ) (-128 -288 -1 ) 
4 277 278 (-512 -288 -1 ) (-128 -288 -1 ) (-128 -288 0 ) (-512 -288 0 ) 
4 278 286 (-512 -384 -1 ) (-512 -288 -1 ) (-128 -288 -1 ) (-128 -384 -1 ) 
4 278 279 (-512 -384 -1 ) (-128 -384 -1 ) (-128 -384 0 ) (-512 -384 0 ) 
4 279 286 (-512 -416 -1 ) (-512 -384 -1 ) (-128 -384 -1 ) (-128 -416 -1 ) 
4 279 280 (-512 -416 -1 ) (-128 -416 -1 ) (-128 -416 0 ) (-512 -416 0 ) 
4 280 286 (-512 -512 -1 ) (-512 -416 -1 ) (-128 -416 -1 ) (-128 -512 -1 ) 
4 280 281 (-512 -512 -1 ) (-128 -512 -1 ) (-128 -512 0 ) (-512 -512 0 ) 
4 281 286 (-512 -544 -1 ) (-512 -512 -1 ) (-128 -512 -1 ) (-128 -544 -1 ) 
4 281 282 (-512 -544 -1 ) (-128 -544 -1 ) (-128 -544 0 ) (-512 -544 0 ) 
4 282 286 (-512 -640 -1 ) (-512 -544 -1 ) (-128 -544 -1 ) (-128 -640 -1 ) 
4 282 283 (-512 -640 -1 ) (-128 -640 -1 ) (-128 -640 0 ) (-512 -640 0 ) 
4 283 286 (-512 -672 -1 ) (-512 -640 -1 ) (-128 -640 -1 ) (-128 -672 -1 ) 
4 283 284 (-512 -672 -1 ) (-128 -672 -1 ) (-128 -672 0 ) (-512 -672 0 ) 
4 284 287 (-128 -768 0 ) (-256 -768 0 ) (-256 -768 -1 ) (-128 -768 -1 ) 
4 284 286 (-128 -768 -1 ) (-512 -768 -1 ) (-512 -672 -1 ) (-128 -672 -1 ) 
4 285 286 (-128 -512 -6 ) (-128 -512 -1 ) (-128 0 -1 ) (-128 0 -6 ) 
4 286 288 (-128 -768 -1 ) (-256 -768 -1 ) (-256 -768 -6 ) (-128 -768 -6 ) 
4 287 351 (0 -1024 -1 ) (0 -1024 0 ) (-256 -1024 0 ) (-256 -1024 -1 ) 
4 287 288 (-256 -1024 -1 ) (-256 -768 -1 ) (0 -768 -1 ) (0 -1024 -1 ) 
4 288 352 (0 -1024 -6 ) (0 -1024 -1 ) (-256 -1024 -1 ) (-256 -1024 -6 ) 
4 289 296 (-896 -32 0 ) (-896 -288 0 ) (-896 -288 128 ) (-896 -32 128 ) 
4 289 290 (-896 -288 128 ) (-896 -288 0 ) (-832 -288 0 ) (-832 -288 128 ) 
4 290 291 (-896 -416 16 ) (-896 -416 0 ) (-832 -416 0 ) (-832 -416 16 ) 
4 291 292 (-896 -420 16 ) (-896 -420 0 ) (-832 -420 0 ) (-832 -420 16 ) 
4 293 295 (-640 -896 0 ) (-640 -992 0 ) (-640 -992 128 ) (-640 -896 128 ) 
4 293 294 (-576 -992 128 ) (-576 -992 0 ) (-512 -928 0 ) (-512 -928 128 ) 
4 296 297 (-960 -32 0 ) (-960 -288 0 ) (-960 -288 128 ) (-960 -32 128 ) 
4 297 307 (-1024 -288 128 ) (-1024 0 128 ) (-1024 0 0 ) (-1024 -288 0 ) 
4 298 299 (-1004 -744 16 ) (-1004 -744 0 ) (-1004 -808 0 ) (-1004 -808 16 ) 
4 299 300 (-1008 -744 16 ) (-1008 -744 0 ) (-1008 -808 0 ) (-1008 -808 16 ) 
4 300 301 (-1020 -748 0 ) (-1020 -804 0 ) (-1020 -804 112 ) (-1020 -748 112 ) 
4 301 312 (-1024 -748 112 ) (-1024 -748 0 ) (-1024 -804 0 ) (-1024 -804 112 ) 
4 302 307 (-1024 -64 128 ) (-1024 -256 128 ) (-1088 -256 128 ) (-1088 -64 128 ) 
4 303 308 (-1280 -64 128 ) (-1280 -256 128 ) (-1408 -256 128 ) (-1408 -64 128 ) 
4 304 355 (-1400 -1024 256 ) (-1400 -1024 128 ) (-1080 -1024 128 ) (-1080 -1024 256 ) 
4 304 331 (-1400 -996 128 ) (-1400 -940 128 ) (-1080 -940 128 ) (-1080 -996 128 ) 
4 304 330 (-1400 -940 128 ) (-1400 -936 128 ) (-1080 -936 128 ) (-1080 -940 128 ) 
4 304 334 (-1080 -1024 128 ) (-1400 -1024 128 ) (-1400 -996 128 ) (-1080 -996 128 ) 
4 304 327 (-1400 -936 128 ) (-1400 -880 128 ) (-1080 -880 128 ) (-1080 -936 128 ) 
4 304 326 (-1400 -880 128 ) (-1400 -808 128 ) (-1080 -808 128 ) (-1080 -880 128 ) 
4 304 315 (-1400 -792 128 ) (-1400 -736 128 ) (-1080 -736 128 ) (-1080 -792 128 ) 
4 304 314 (-1400 -736 128 ) (-1400 -664 128 ) (-1080 -664 128 ) (-1080 -736 128 ) 
4 304 320 (-1400 -808 128 ) (-1400 -792 128 ) (-1080 -792 128 ) (-1080 -808 128 ) 
4 305 356 (-1408 -1024 256 ) (-1400 -1024 256 ) (-1400 -1024 952 ) (-1408 -1024 952 ) 
4 305 357 (-1728 -1024 952 ) (-1728 -1024 256 ) (-1408 -1024 256 ) (-1408 -1024 952 ) 
4 305 306 (-1728 -1024 256 ) (-1728 -664 256 ) (-1408 -664 256 ) (-1408 -1024 256 ) 
4 306 357 (-1728 -1024 256 ) (-1728 -1024 128 ) (-1408 -1024 128 ) (-1408 -1024 256 ) 
4 306 335 (-1412 -1024 128 ) (-1728 -1024 128 ) (-1728 -808 128 ) (-1412 -808 128 ) 
4 306 333 (-1412 -996 128 ) (-1412 -940 128 ) (-1408 -940 128 ) (-1408 -996 128 ) 
4 306 330 (-1412 -940 128 ) (-1412 -936 128 ) (-1408 -936 128 ) (-1408 -940 128 ) 
4 306 334 (-1408 -1024 128 ) (-1412 -1024 128 ) (-1412 -996 128 ) (-1408 -996 128 ) 
4 306 329 (-1412 -936 128 ) (-1412 -880 128 ) (-1408 -880 128 ) (-1408 -936 128 ) 
4 306 326 (-1412 -880 128 ) (-1412 -808 128 ) (-1408 -808 128 ) (-1408 -880 128 ) 
4 306 317 (-1412 -736 128 ) (-1408 -736 128 ) (-1408 -792 128 ) (-1412 -792 128 ) 
4 306 318 (-1728 -792 128 ) (-1728 -736 128 ) (-1412 -736 128 ) (-1412 -792 128 ) 
4 306 314 (-1728 -736 128 ) (-1728 -664 128 ) (-1408 -664 128 ) (-1408 -736 128 ) 
4 306 320 (-1728 -808 128 ) (-1728 -792 128 ) (-1408 -792 128 ) (-1408 -808 128 ) 
4 307 308 (-1088 -32 0 ) (-1088 -288 0 ) (-1088 -288 128 ) (-1088 -32 128 ) 
4 308 309 (-1216 -288 0 ) (-1152 -288 0 ) (-1152 -288 128 ) (-1216 -288 128 ) 
4 309 310 (-1216 -416 16 ) (-1216 -416 0 ) (-1152 -416 0 ) (-1152 -416 16 ) 
4 310 311 (-1216 -420 16 ) (-1216 -420 0 ) (-1152 -420 0 ) (-1152 -420 16 ) 
4 312 313 (-1036 -748 0 ) (-1036 -804 0 ) (-1036 -804 112 ) (-1036 -748 112 ) 
4 313 315 (-1080 -792 8 ) (-1080 -792 128 ) (-1080 -744 128 ) (-1080 -744 8 ) 
4 313 319 (-1080 -744 0 ) (-1080 -792 0 ) (-1080 -792 8 ) (-1080 -744 8 ) 
4 313 320 (-1080 -792 0 ) (-1080 -808 0 ) (-1080 -808 128 ) (-1080 -792 128 ) 
4 314 317 (-1412 -736 8 ) (-1408 -736 8 ) (-1408 -736 128 ) (-1412 -736 128 ) 
4 314 316 (-1408 -736 8 ) (-1404 -736 8 ) (-1404 -736 128 ) (-1408 -736 128 ) 
4 314 315 (-1404 -736 8 ) (-1080 -736 8 ) (-1080 -736 128 ) (-1404 -736 128 ) 
4 314 318 (-1728 -736 128 ) (-1728 -736 8 ) (-1412 -736 8 ) (-1412 -736 128 ) 
4 314 319 (-1728 -736 8 ) (-1728 -736 0 ) (-1080 -736 0 ) (-1080 -736 8 ) 
4 315 316 (-1404 -736 128 ) (-1404 -736 8 ) (-1404 -792 8 ) (-1404 -792 128 ) 
4 315 320 (-1404 -792 8 ) (-1080 -792 8 ) (-1080 -792 128 ) (-1404 -792 128 ) 
4 315 319 (-1080 -792 8 ) (-1404 -792 8 ) (-1404 -736 8 ) (-1080 -736 8 ) 
4 316 319 (-1404 -792 8 ) (-1408 -792 8 ) (-1408 -736 8 ) (-1404 -736 8 ) 
4 316 320 (-1408 -792 8 ) (-1404 -792 8 ) (-1404 -792 128 ) (-1408 -792 128 ) 
4 316 317 (-1408 -736 128 ) (-1408 -736 8 ) (-1408 -792 8 ) (-1408 -792 128 ) 
4 317 319 (-1408 -792 8 ) (-1412 -792 8 ) (-1412 -736 8 ) (-1408 -736 8 ) 
4 317 320 (-1412 -792 8 ) (-1408 -792 8 ) (-1408 -792 128 ) (-1412 -792 128 ) 
4 317 318 (-1412 -736 128 ) (-1412 -736 8 ) (-1412 -792 8 ) (-1412 -792 128 ) 
4 318 319 (-1412 -792 8 ) (-1728 -792 8 ) (-1728 -736 8 ) (-1412 -736 8 ) 
4 318 320 (-1728 -792 128 ) (-1728 -792 8 ) (-1412 -792 8 ) (-1412 -792 128 ) 
4 319 320 (-1728 -792 8 ) (-1728 -792 0 ) (-1080 -792 0 ) (-1080 -792 8 ) 
4 320 336 (-1728 -808 0 ) (-1080 -808 0 ) (-1080 -808 20 ) (-1728 -808 20 ) 
4 320 335 (-1412 -808 128 ) (-1728 -808 128 ) (-1728 -808 20 ) (-1412 -808 20 ) 
4 320 326 (-1080 -808 20 ) (-1080 -808 128 ) (-1412 -808 128 ) (-1412 -808 20 ) 
4 321 322 (-2000 -744 16 ) (-2000 -744 0 ) (-2000 -808 0 ) (-2000 -808 16 ) 
4 322 323 (-2004 -744 16 ) (-2004 -744 0 ) (-2004 -808 0 ) (-2004 -808 16 ) 
4 323 324 (-2016 -748 0 ) (-2016 -804 0 ) (-2016 -804 112 ) (-2016 -748 112 ) 
4 324 325 (-2032 -748 0 ) (-2032 -804 0 ) (-2032 -804 112 ) (-2032 -748 112 ) 
4 325 362 (-2048 -808 128 ) (-2048 -744 128 ) (-2048 -744 0 ) (-2048 -808 0 ) 
4 326 336 (-1412 -880 20 ) (-1412 -808 20 ) (-1080 -808 20 ) (-1080 -880 20 ) 
4 326 335 (-1412 -808 128 ) (-1412 -808 20 ) (-1412 -880 20 ) (-1412 -880 128 ) 
4 326 329 (-1412 -880 128 ) (-1412 -880 20 ) (-1408 -880 20 ) (-1408 -880 128 ) 
4 326 328 (-1408 -880 20 ) (-1404 -880 20 ) (-1404 -880 128 ) (-1408 -880 128 ) 
4 326 327 (-1404 -880 20 ) (-1080 -880 20 ) (-1080 -880 128 ) (-1404 -880 128 ) 
4 327 336 (-1404 -880 20 ) (-1080 -880 20 ) (-1080 -936 20 ) (-1404 -936 20 ) 
4 327 330 (-1404 -936 20 ) (-1080 -936 20 ) (-1080 -936 128 ) (-1404 -936 128 ) 
4 327 328 (-1404 -880 128 ) (-1404 -880 20 ) (-1404 -936 20 ) (-1404 -936 128 ) 
4 328 336 (-1408 -880 20 ) (-1404 -880 20 ) (-1404 -936 20 ) (-1408 -936 20 ) 
4 328 330 (-1408 -936 20 ) (-1404 -936 20 ) (-1404 -936 128 ) (-1408 -936 128 ) 
4 328 329 (-1408 -880 128 ) (-1408 -880 20 ) (-1408 -936 20 ) (-1408 -936 128 ) 
4 329 336 (-1412 -936 20 ) (-1412 -880 20 ) (-1408 -880 20 ) (-1408 -936 20 ) 
4 329 335 (-1412 -880 20 ) (-1412 -936 20 ) (-1412 -936 128 ) (-1412 -880 128 ) 
4 329 330 (-1412 -936 128 ) (-1412 -936 20 ) (-1408 -936 20 ) (-1408 -936 128 ) 
4 330 336 (-1412 -940 20 ) (-1412 -936 20 ) (-1080 -936 20 ) (-1080 -940 20 ) 
4 330 335 (-1412 -936 20 ) (-1412 -940 20 ) (-1412 -940 128 ) (-1412 -936 128 ) 
4 330 333 (-1412 -940 128 ) (-1412 -940 20 ) (-1408 -940 20 ) (-1408 -940 128 ) 
4 330 332 (-1408 -940 20 ) (-1404 -940 20 ) (-1404 -940 128 ) (-1408 -940 128 ) 
4 330 331 (-1404 -940 20 ) (-1080 -940 20 ) (-1080 -940 128 ) (-1404 -940 128 ) 
4 331 336 (-1404 -940 20 ) (-1080 -940 20 ) (-1080 -996 20 ) (-1404 -996 20 ) 
4 331 332 (-1404 -940 128 ) (-1404 -940 20 ) (-1404 -996 20 ) (-1404 -996 128 ) 
4 331 334 (-1404 -996 20 ) (-1080 -996 20 ) (-1080 -996 128 ) (-1404 -996 128 ) 
4 332 336 (-1408 -940 20 ) (-1404 -940 20 ) (-1404 -996 20 ) (-1408 -996 20 ) 
4 332 334 (-1408 -996 20 ) (-1404 -996 20 ) (-1404 -996 128 ) (-1408 -996 128 ) 
4 332 333 (-1408 -940 128 ) (-1408 -940 20 ) (-1408 -996 20 ) (-1408 -996 128 ) 
4 333 336 (-1412 -996 20 ) (-1412 -940 20 ) (-1408 -940 20 ) (-1408 -996 20 ) 
4 333 335 (-1412 -940 20 ) (-1412 -996 20 ) (-1412 -996 128 ) (-1412 -940 128 ) 
4 333 334 (-1412 -996 128 ) (-1412 -996 20 ) (-1408 -996 20 ) (-1408 -996 128 ) 
4 334 358 (-1400 -1024 128 ) (-1412 -1024 128 ) (-1412 -1024 20 ) (-1400 -1024 20 ) 
4 334 355 (-1080 -1024 128 ) (-1400 -1024 128 ) (-1400 -1024 20 ) (-1080 -1024 20 ) 
4 334 336 (-1080 -1024 20 ) (-1412 -1024 20 ) (-1412 -996 20 ) (-1080 -996 20 ) 
4 334 335 (-1412 -996 20 ) (-1412 -1024 20 ) (-1412 -1024 128 ) (-1412 -996 128 ) 
4 335 358 (-1412 -1024 128 ) (-1728 -1024 128 ) (-1728 -1024 20 ) (-1412 -1024 20 ) 
4 335 336 (-1412 -1024 20 ) (-1728 -1024 20 ) (-1728 -808 20 ) (-1412 -808 20 ) 
4 336 358 (-1400 -1024 20 ) (-1728 -1024 20 ) (-1728 -1024 0 ) (-1400 -1024 0 ) 
4 336 355 (-1080 -1024 20 ) (-1400 -1024 20 ) (-1400 -1024 0 ) (-1080 -1024 0 ) 
4 337 351 (-128 -1024 0 ) (0 -1024 0 ) (0 -1152 0 ) (-128 -1152 0 ) 
4 337 341 (-128 -1152 0 ) (0 -1152 0 ) (0 -1152 128 ) (-128 -1152 128 ) 
4 337 338 (-128 -1024 0 ) (-128 -1152 0 ) (-128 -1152 128 ) (-128 -1024 128 ) 
4 338 351 (-256 -1024 0 ) (-128 -1024 0 ) (-128 -1152 0 ) (-256 -1152 0 ) 
4 338 342 (-256 -1152 0 ) (-128 -1152 0 ) (-128 -1152 127.994011 ) (-256 -1152 127.991943 ) 
4 339 342 (-384 -1152 0 ) (-272 -1152 0 ) (-272 -1152 128 ) (-384 -1152 128 ) 
4 340 346 (-128 -1672 128 ) (-256 -1672 128 ) (-256 -1416 128 ) (-128 -1416 128 ) 
4 340 344 (0 -1672 128 ) (-128 -1672 128 ) (-128 -1664 128 ) (0 -1664 128 ) 
4 340 343 (-128 -1664 128 ) (-128 -1416 128 ) (0 -1416 128 ) (0 -1664 128 ) 
4 341 351 (-128 -1152 0 ) (0 -1152 0 ) (0 -1408 0 ) (-128 -1408 0 ) 
4 341 343 (-128 -1416 0 ) (0 -1416 0 ) (0 -1416 128 ) (-128 -1416 128 ) 
4 341 342 (-128 -1408 128 ) (-128 -1152 128 ) (-128 -1152 0 ) (-128 -1408 0 ) 
4 342 351 (-256 -1152 0 ) (-128 -1152 0 ) (-128 -1408 0 ) (-256 -1408 0 ) 
4 343 346 (-128 -1416 128 ) (-128 -1416 0 ) (-128 -1664 0 ) (-128 -1664 128 ) 
4 343 344 (-128 -1664 128 ) (-128 -1664 40 ) (0 -1664 40 ) (0 -1664 128 ) 
4 343 345 (-128 -1664 32 ) (-128 -1664 0 ) (0 -1664 0 ) (0 -1664 32 ) 
4 344 348 (-60 -1672 128 ) (-128 -1672 128 ) (-128 -1672 40 ) (-60 -1672 40 ) 
4 344 347 (-4 -1672 128 ) (-56 -1672 128 ) (-56 -1672 40 ) (-4 -1672 40 ) 
4 344 346 (-128 -1672 40 ) (-128 -1672 128 ) (-128 -1664 128 ) (-128 -1664 40 ) 
4 345 348 (-128 -1672 0 ) (-60 -1672 0 ) (-60 -1672 32 ) (-128 -1672 32 ) 
4 345 347 (-56 -1672 0 ) (-4 -1672 0 ) (-4 -1672 32 ) (-56 -1672 32 ) 
4 345 346 (-128 -1664 0 ) (-128 -1672 0 ) (-128 -1672 32 ) (-128 -1664 32 ) 
4 347 349 (-56 -1676 0 ) (-4 -1676 0 ) (-4 -1676 128 ) (-56 -1676 128 ) 
4 348 349 (-128 -1676 128 ) (-128 -1676 0 ) (-60 -1676 0 ) (-60 -1676 128 ) 
4 349 350 (-128 -1680 0 ) (0 -1680 0 ) (0 -1680 128 ) (-128 -1680 128 ) 
4 350 383 (0 -2048 0 ) (0 -2048 992 ) (-448 -2048 992 ) (-448 -2048 0 ) 
4 350 354 (-256 -2048 0 ) (-448 -2048 0 ) (-448 -1680 0 ) (-256 -1680 0 ) 
4 350 353 (0 -2048 0 ) (-256 -2048 0 ) (-256 -1680 0 ) (0 -1680 0 ) 
4 351 352 (0 -1408 -1 ) (-256 -1408 -1 ) (-256 -1024 -1 ) (0 -1024 -1 ) 
4 353 383 (0 -2048 -16 ) (0 -2048 0 ) (-256 -2048 0 ) (-256 -2048 -16 ) 
4 353 354 (-256 -1680 -16 ) (-256 -2048 -16 ) (-256 -2048 0 ) (-256 -1680 0 ) 
4 354 383 (-256 -2048 0 ) (-448 -2048 0 ) (-448 -2048 -16 ) (-256 -2048 -16 ) 
4 355 358 (-1400 -1024 128 ) (-1400 -1024 0 ) (-1400 -1128 0 ) (-1400 -1128 128 ) 
4 356 357 (-1408 -1128 256 ) (-1408 -1128 952 ) (-1408 -1024 952 ) (-1408 -1024 256 ) 
4 357 358 (-1728 -1128 128 ) (-1728 -1024 128 ) (-1408 -1024 128 ) (-1408 -1128 128 ) 
4 359 379 (-2396 -1024 256 ) (-2396 -1024 128 ) (-2076 -1024 128 ) (-2076 -1024 256 ) 
4 359 373 (-2396 -996 128 ) (-2396 -940 128 ) (-2076 -940 128 ) (-2076 -996 128 ) 
4 359 372 (-2396 -940 128 ) (-2396 -936 128 ) (-2076 -936 128 ) (-2076 -940 128 ) 
4 359 376 (-2076 -1024 128 ) (-2396 -1024 128 ) (-2396 -996 128 ) (-2076 -996 128 ) 
4 359 369 (-2396 -936 128 ) (-2396 -880 128 ) (-2076 -880 128 ) (-2076 -936 128 ) 
4 359 368 (-2396 -880 128 ) (-2396 -792 128 ) (-2076 -792 128 ) (-2076 -880 128 ) 
4 359 364 (-2396 -792 128 ) (-2396 -736 128 ) (-2076 -736 128 ) (-2076 -792 128 ) 
4 359 363 (-2396 -736 128 ) (-2396 -664 128 ) (-2076 -664 128 ) (-2076 -736 128 ) 
4 360 380 (-2396 -1024 256 ) (-2396 -1024 952 ) (-2404 -1024 952 ) (-2404 -1024 256 ) 
4 360 361 (-2404 -1024 952 ) (-2404 -664 952 ) (-2404 -664 256 ) (-2404 -1024 256 ) 
4 361 381 (-2724 -1024 128 ) (-2404 -1024 128 ) (-2404 -1024 952 ) (-2724 -1024 952 ) 
4 361 378 (-2408 -1024 128 ) (-2724 -1024 128 ) (-2724 -664 128 ) (-2408 -664 128 ) 
4 361 375 (-2408 -996 128 ) (-2408 -940 128 ) (-2404 -940 128 ) (-2404 -996 128 ) 
4 361 372 (-2408 -940 128 ) (-2408 -936 128 ) (-2404 -936 128 ) (-2404 -940 128 ) 
4 361 376 (-2404 -1024 128 ) (-2408 -1024 128 ) (-2408 -996 128 ) (-2404 -996 128 ) 
4 361 371 (-2408 -936 128 ) (-2408 -880 128 ) (-2404 -880 128 ) (-2404 -936 128 ) 
4 361 368 (-2408 -880 128 ) (-2408 -792 128 ) (-2404 -792 128 ) (-2404 -880 128 ) 
4 361 366 (-2408 -792 128 ) (-2408 -736 128 ) (-2404 -736 128 ) (-2404 -792 128 ) 
4 361 363 (-2408 -736 128 ) (-2408 -664 128 ) (-2404 -664 128 ) (-2404 -736 128 ) 
4 362 368 (-2076 -808 20 ) (-2076 -808 128 ) (-2076 -792 128 ) (-2076 -792 20 ) 
4 362 377 (-2076 -792 0 ) (-2076 -808 0 ) (-2076 -808 20 ) (-2076 -792 20 ) 
4 362 364 (-2076 -792 8 ) (-2076 -792 128 ) (-2076 -744 128 ) (-2076 -744 8 ) 
4 362 367 (-2076 -744 0 ) (-2076 -792 0 ) (-2076 -792 8 ) (-2076 -744 8 ) 
4 363 378 (-2408 -664 128 ) (-2408 -664 0 ) (-2408 -736 0 ) (-2408 -736 128 ) 
4 363 366 (-2408 -736 128 ) (-2408 -736 8 ) (-2404 -736 8 ) (-2404 -736 128 ) 
4 363 365 (-2404 -736 8 ) (-2400 -736 8 ) (-2400 -736 128 ) (-2404 -736 128 ) 
4 363 364 (-2400 -736 8 ) (-2076 -736 8 ) (-2076 -736 128 ) (-2400 -736 128 ) 
4 363 367 (-2408 -736 8 ) (-2408 -736 0 ) (-2076 -736 0 ) (-2076 -736 8 ) 
4 364 368 (-2076 -792 20 ) (-2076 -792 128 ) (-2400 -792 128 ) (-2400 -792 20 ) 
4 364 377 (-2400 -792 8 ) (-2076 -792 8 ) (-2076 -792 20 ) (-2400 -792 20 ) 
4 364 365 (-2400 -736 128 ) (-2400 -736 8 ) (-2400 -792 8 ) (-2400 -792 128 ) 
4 364 367 (-2076 -792 8 ) (-2400 -792 8 ) (-2400 -736 8 ) (-2076 -736 8 ) 
4 365 368 (-2400 -792 20 ) (-2400 -792 128 ) (-2404 -792 128 ) (-2404 -792 20 ) 
4 365 377 (-2404 -792 8 ) (-2400 -792 8 ) (-2400 -792 20 ) (-2404 -792 20 ) 
4 365 367 (-2400 -792 8 ) (-2404 -792 8 ) (-2404 -736 8 ) (-2400 -736 8 ) 
4 365 366 (-2404 -736 128 ) (-2404 -736 8 ) (-2404 -792 8 ) (-2404 -792 128 ) 
4 366 378 (-2408 -792 8 ) (-2408 -792 128 ) (-2408 -736 128 ) (-2408 -736 8 ) 
4 366 368 (-2408 -792 128 ) (-2408 -792 20 ) (-2404 -792 20 ) (-2404 -792 128 ) 
4 366 377 (-2408 -792 20 ) (-2408 -792 8 ) (-2404 -792 8 ) (-2404 -792 20 ) 
4 366 367 (-2404 -792 8 ) (-2408 -792 8 ) (-2408 -736 8 ) (-2404 -736 8 ) 
4 367 378 (-2408 -736 0 ) (-2408 -792 0 ) (-2408 -792 8 ) (-2408 -736 8 ) 
4 367 377 (-2408 -792 8 ) (-2408 -792 0 ) (-2076 -792 0 ) (-2076 -792 8 ) 
4 368 378 (-2408 -880 128 ) (-2408 -792 128 ) (-2408 -792 20 ) (-2408 -880 20 ) 
4 368 371 (-2408 -880 128 ) (-2408 -880 20 ) (-2404 -880 20 ) (-2404 -880 128 ) 
4 368 370 (-2404 -880 20 ) (-2400 -880 20 ) (-2400 -880 128 ) (-2404 -880 128 ) 
4 368 369 (-2400 -880 20 ) (-2076 -880 20 ) (-2076 -880 128 ) (-2400 -880 128 ) 
4 368 377 (-2408 -880 20 ) (-2408 -792 20 ) (-2076 -792 20 ) (-2076 -880 20 ) 
4 369 372 (-2400 -936 20 ) (-2076 -936 20 ) (-2076 -936 128 ) (-2400 -936 128 ) 
4 369 370 (-2400 -880 128 ) (-2400 -880 20 ) (-2400 -936 20 ) (-2400 -936 128 ) 
4 369 377 (-2400 -880 20 ) (-2076 -880 20 ) (-2076 -936 20 ) (-2400 -936 20 ) 
4 370 372 (-2404 -936 20 ) (-2400 -936 20 ) (-2400 -936 128 ) (-2404 -936 128 ) 
4 370 377 (-2404 -880 20 ) (-2400 -880 20 ) (-2400 -936 20 ) (-2404 -936 20 ) 
4 370 371 (-2404 -880 128 ) (-2404 -880 20 ) (-2404 -936 20 ) (-2404 -936 128 ) 
4 371 378 (-2408 -936 128 ) (-2408 -880 128 ) (-2408 -880 20 ) (-2408 -936 20 ) 
4 371 372 (-2408 -936 128 ) (-2408 -936 20 ) (-2404 -936 20 ) (-2404 -936 128 ) 
4 371 377 (-2408 -936 20 ) (-2408 -880 20 ) (-2404 -880 20 ) (-2404 -936 20 ) 
4 372 378 (-2408 -940 128 ) (-2408 -936 128 ) (-2408 -936 20 ) (-2408 -940 20 ) 
4 372 375 (-2408 -940 128 ) (-2408 -940 20 ) (-2404 -940 20 ) (-2404 -940 128 ) 
4 372 374 (-2404 -940 20 ) (-2400 -940 20 ) (-2400 -940 128 ) (-2404 -940 128 ) 
4 372 373 (-2400 -940 20 ) (-2076 -940 20 ) (-2076 -940 128 ) (-2400 -940 128 ) 
4 372 377 (-2408 -940 20 ) (-2408 -936 20 ) (-2076 -936 20 ) (-2076 -940 20 ) 
4 373 374 (-2400 -940 128 ) (-2400 -940 20 ) (-2400 -996 20 ) (-2400 -996 128 ) 
4 373 377 (-2400 -940 20 ) (-2076 -940 20 ) (-2076 -996 20 ) (-2400 -996 20 ) 
4 373 376 (-2400 -996 20 ) (-2076 -996 20 ) (-2076 -996 128 ) (-2400 -996 128 ) 
4 374 376 (-2404 -996 20 ) (-2400 -996 20 ) (-2400 -996 128 ) (-2404 -996 128 ) 
4 374 377 (-2404 -940 20 ) (-2400 -940 20 ) (-2400 -996 20 ) (-2404 -996 20 ) 
4 374 375 (-2404 -940 128 ) (-2404 -940 20 ) (-2404 -996 20 ) (-2404 -996 128 ) 
4 375 378 (-2408 -996 128 ) (-2408 -940 128 ) (-2408 -940 20 ) (-2408 -996 20 ) 
4 375 376 (-2408 -996 128 ) (-2408 -996 20 ) (-2404 -996 20 ) (-2404 -996 128 ) 
4 375 377 (-2408 -996 20 ) (-2408 -940 20 ) (-2404 -940 20 ) (-2404 -996 20 ) 
4 376 382 (-2396 -1024 128 ) (-2408 -1024 128 ) (-2408 -1024 20 ) (-2396 -1024 20 ) 
4 376 379 (-2076 -1024 128 ) (-2396 -1024 128 ) (-2396 -1024 20 ) (-2076 -1024 20 ) 
4 376 378 (-2408 -1024 20 ) (-2408 -1024 128 ) (-2408 -996 128 ) (-2408 -996 20 ) 
4 376 377 (-2408 -1024 20 ) (-2408 -996 20 ) (-2076 -996 20 ) (-2076 -1024 20 ) 
4 377 382 (-2408 -1024 20 ) (-2408 -1024 0 ) (-2396 -1024 0 ) (-2396 -1024 20 ) 
4 377 379 (-2396 -1024 0 ) (-2076 -1024 0 ) (-2076 -1024 20 ) (-2396 -1024 20 ) 
4 377 378 (-2408 -792 0 ) (-2408 -1024 0 ) (-2408 -1024 20 ) (-2408 -792 20 ) 
4 378 382 (-2408 -1024 128 ) (-2724 -1024 128 ) (-2724 -1024 0 ) (-2408 -1024 0 ) 
4 379 382 (-2396 -1024 128 ) (-2396 -1024 0 ) (-2396 -1128 0 ) (-2396 -1128 128 ) 
4 380 381 (-2404 -1128 256 ) (-2404 -1128 952 ) (-2404 -1024 952 ) (-2404 -1024 256 ) 
4 381 382 (-2724 -1128 128 ) (-2724 -1024 128 ) (-2404 -1024 128 ) (-2404 -1128 128 ) 
