PRT1
183
515
4 0 42 (635 1 -491 ) (635 187 -491 ) (701.522705 187 -491 ) (701.522766 1 -491 ) 
4 0 2 (635 187 -491 ) (635 1 -491 ) (635 1 -431.499939 ) (635 187 -431.499756 ) 
4 1 10 (632 1 -430.731018 ) (632 1 -430 ) (632 187 -430 ) (632 187 -430.731018 ) 
4 1 2 (632 187 -430.730469 ) (635 187 -430.003906 ) (635 1 -430.003784 ) (632 1 -430.730774 ) 
4 2 43 (632 1 -491 ) (632 187 -491 ) (635 187 -491 ) (635 1 -491 ) 
4 2 10 (632 187 -491 ) (632 1 -491 ) (632 1 -430.731018 ) (632 187 -430.731018 ) 
4 3 7 (515 640 -231 ) (515 640 -350 ) (515 506 -350 ) (515 506 -231 ) 
4 3 5 (515 508.992615 -350 ) (515 510.948090 -350 ) (632 510.948059 -350 ) (632 508.992615 -350 ) 
4 3 4 (515 193 -350 ) (515 508.992615 -350 ) (632 508.992615 -350 ) (632 193 -350 ) 
4 4 40 (632 228.231110 -491 ) (632 193 -491 ) (515 193 -491 ) (515 228.231079 -491 ) 
3 4 8 (515 506 -350 ) (515 508.992615 -350 ) (515 506 -351.502899 ) 
4 4 6 (632 193 -491 ) (632 193 -376.591980 ) (515 193 -376.592010 ) (515 193 -491 ) 
4 4 5 (515 505.036743 -351.987671 ) (515 508.994568 -350 ) (632 508.994568 -350 ) (632 505.036682 -351.987671 ) 
3 5 8 (515 505.030670 -351.989716 ) (515 508.992615 -350 ) (515 510.948090 -350 ) 
4 6 40 (632 193 -491 ) (632 190 -491 ) (515 190 -491 ) (515 193 -491 ) 
4 6 9 (515 190 -491 ) (632 190 -491 ) (632 190 -377 ) (515 190 -377 ) 
4 7 22 (512 506 -350 ) (512 506 -345 ) (512 640 -345 ) (512 640 -350 ) 
4 7 18 (512 506 -345 ) (512 506 -336.387024 ) (512 640 -336.387024 ) (512 640 -345 ) 
4 7 14 (512 506 -336.387024 ) (512 506 -259 ) (512 640 -259 ) (512 640 -336.387024 ) 
4 7 8 (515 506 -350 ) (512 506 -350 ) (512 510.948029 -350 ) (515 510.947998 -350 ) 
3 8 22 (512 506 -351.663757 ) (512 506 -350 ) (512 510.948029 -350 ) 
4 9 41 (515 187 -491 ) (515 190 -491 ) (632 190 -491 ) (632 187 -491 ) 
4 9 11 (515 190 -388 ) (515 190 -491 ) (515 187 -491 ) (515 187 -388 ) 
4 9 10 (632 187 -491 ) (632 187 -377 ) (515 187 -377 ) (515 187 -491 ) 
4 10 44 (515 1 -491 ) (515 187 -491 ) (632 187 -491 ) (632 1 -491 ) 
5 10 11 (515 187 -491 ) (515 1 -491 ) (515 1 -389 ) (515 4.132200 -388 ) (515 187 -388 ) 
4 11 44 (512 1 -491 ) (512 187 -491 ) (515 187 -491 ) (515 1 -491 ) 
4 11 41 (512 187 -491 ) (512 190 -491 ) (515 190 -491 ) (515 187 -491 ) 
4 11 37 (512 190 -491 ) (512 1 -491 ) (512 1 -388 ) (512 190 -388 ) 
4 13 100 (0 0 1536.500000 ) (0 0 -64 ) (510.333008 0 -64 ) (510.333008 0 1536.500000 ) 
4 13 53 (0 0 -64 ) (0 0 1536.500000 ) (0 190 1536.500000 ) (0 190 -64 ) 
4 13 52 (0 190 1536.500000 ) (0 256 1536.500000 ) (0 256 -64 ) (0 190 -64 ) 
4 13 50 (0 256 1536.500000 ) (0 894.080017 1536.500000 ) (0 894.080017 -64 ) (0 256 -64 ) 
4 13 39 (0 0 -64 ) (0 1 -64 ) (510 1 -64 ) (510 0 -64 ) 
4 13 38 (0 1 -64 ) (0 190 -64 ) (510.333008 190 -64 ) (510.333008 1 -64 ) 
4 13 36 (0 190 -64 ) (0 256 -64 ) (510.333008 256 -64 ) (510.333008 190 -64 ) 
4 13 17 (0 256 -64 ) (0 286 -64 ) (510.333008 286 -64 ) (510.333008 256 -64 ) 
4 13 16 (0 286 -64 ) (0 506 -64 ) (510.333008 506 -64 ) (510.333008 286 -64 ) 
4 13 15 (0 506 -64 ) (0 894.080017 -64 ) (510.333008 894.080017 -64 ) (510.333008 506 -64 ) 
4 14 18 (512 642 -336.387024 ) (512 506 -336.387024 ) (510.333008 506 -336.387024 ) (510.333008 642 -336.387024 ) 
4 14 15 (510.333008 642 -336.387024 ) (510.333008 506 -336.387024 ) (510.333008 506 -259 ) (510.333008 642 -259 ) 
4 15 51 (0 894.080017 -318 ) (0 894.080017 -336.387024 ) (0 506 -336.387024 ) (0 506 -318 ) 
4 15 50 (0 506 -64 ) (0 894.080017 -64 ) (0 894.080017 -318 ) (0 506 -318 ) 
3 15 34 (128 543 -336.387024 ) (152.137939 553.344849 -336.387024 ) (163 528 -336.387024 ) 
4 15 32 (183.571442 506 -336.387024 ) (172.428574 506 -336.387024 ) (152.137939 553.344849 -336.387024 ) (215.500015 580.500000 -336.387024 ) 
3 15 29 (83.571434 506 -336.387024 ) (41.666656 506 -336.387024 ) (93 528 -336.387024 ) 
4 15 28 (364 644.142883 -336.387024 ) (364 506 -336.387024 ) (183.571442 506 -336.387024 ) (215.500015 580.500000 -336.387024 ) 
5 15 27 (0 506 -336.387024 ) (0 894.080017 -336.387024 ) (364 894.080017 -336.387024 ) (364 644.142883 -336.387024 ) (41.666656 506 -336.387024 ) 
4 15 19 (364 894.080017 -336.387024 ) (510.333008 894.080017 -336.387024 ) (510.333008 506 -336.387024 ) (364 506 -336.387024 ) 
4 15 16 (0 506 -336.387024 ) (510.333008 506 -336.387024 ) (510.333008 506 -64 ) (0 506 -64 ) 
4 16 51 (0 506 -318 ) (0 506 -336.387024 ) (0 286 -336.387024 ) (0 286 -318 ) 
4 16 50 (0 286 -64 ) (0 506 -64 ) (0 506 -318 ) (0 286 -318 ) 
3 16 33 (163 458 -336.387024 ) (152.137939 432.655151 -336.387024 ) (128 443 -336.387024 ) 
3 16 32 (172.428558 506 -336.387024 ) (183.571442 506 -336.387024 ) (178 493 -336.387024 ) 
3 16 31 (67.655167 468.862061 -336.387024 ) (78 493 -336.387024 ) (93 458 -336.387024 ) 
5 16 30 (0 286 -336.387024 ) (0 311 -336.387024 ) (67.655167 468.862061 -336.387024 ) (152.137939 432.655151 -336.387024 ) (89.285736 286 -336.387024 ) 
4 16 29 (0 311 -336.387024 ) (0 488.142853 -336.387024 ) (41.666653 506 -336.387024 ) (83.571434 506 -336.387024 ) 
4 16 28 (183.571442 506 -336.387024 ) (364 506 -336.387024 ) (364 286 -336.387024 ) (89.285736 286 -336.387024 ) 
3 16 27 (0 488.142853 -336.387024 ) (0 506 -336.387024 ) (41.666653 506 -336.387024 ) 
4 16 26 (364 506 -336.387024 ) (510.333008 506 -336.387024 ) (510.333008 286 -336.387024 ) (364 286 -336.387024 ) 
4 16 17 (510.333008 286 -318 ) (510.333008 286 -64 ) (0 286 -64 ) (0 286 -318 ) 
4 17 50 (0 256 -64 ) (0 286 -64 ) (0 286 -318 ) (0 256 -318 ) 
4 17 36 (510.333008 256 -64 ) (0 256 -64 ) (0 256 -318 ) (510.333008 256 -318 ) 
4 18 22 (512 506 -345 ) (510.333008 506 -345 ) (510.333008 642 -345 ) (512 642 -345 ) 
4 18 19 (510.333008 642 -345 ) (510.333008 506 -345 ) (510.333008 506 -336.387024 ) (510.333008 642 -336.387024 ) 
4 19 28 (364 506 -345 ) (364 506 -336.387024 ) (364 644.142883 -336.387024 ) (364 644.142883 -345 ) 
4 19 27 (364 644.142883 -336.387024 ) (364 894.080017 -336.387024 ) (364 894.080017 -345 ) (364 644.142883 -345 ) 
4 19 26 (364 506 -336.387024 ) (364 506 -345 ) (510.333008 506 -345 ) (510.333008 506 -336.387024 ) 
4 19 25 (510 506 -345 ) (364 506 -345 ) (364 753 -345 ) (510 753 -345 ) 
4 19 23 (510.333008 506 -345 ) (510 506 -345 ) (510 761 -345 ) (510.333008 761 -345 ) 
4 19 20 (370 894.080017 -345 ) (510.333008 894.080017 -345 ) (510.333008 761 -345 ) (370 761 -345 ) 
4 20 23 (510.333008 761 -345 ) (510 761 -345 ) (510 761 -352 ) (510.333008 761 -352 ) 
4 20 21 (510.333008 761 -352 ) (370 761 -352 ) (370 894.080017 -352 ) (510.333008 894.080017 -352 ) 
4 21 24 (510.333008 761 -352 ) (510 761 -352 ) (510 761 -352.639008 ) (510.333008 761 -352.639008 ) 
4 22 23 (510.333008 642 -352 ) (510.333008 506 -352 ) (510.333008 506 -345 ) (510.333008 642 -345 ) 
4 23 26 (510.333008 506 -345 ) (510 506 -345 ) (510 506 -352 ) (510.333008 506 -352 ) 
4 23 25 (510 753 -352 ) (510 506 -352 ) (510 506 -345 ) (510 753 -345 ) 
4 23 24 (510.333008 506 -352 ) (510 506 -352 ) (510 761 -352 ) (510.333008 761 -352 ) 
4 24 26 (510.333008 506 -352 ) (510 506 -352 ) (510 506 -352.639008 ) (510.333008 506 -352.639008 ) 
4 24 25 (510 753 -352.639008 ) (510 506 -352.639008 ) (510 506 -352 ) (510 753 -352 ) 
4 25 35 (364 506 -352.639008 ) (364 506 -352.387024 ) (364 753 -352.387024 ) (364 753 -352.639008 ) 
4 25 28 (364 506 -352.387024 ) (364 506 -345 ) (364 644.142883 -345 ) (364 644.142822 -352.387024 ) 
4 25 27 (364 644.142883 -345 ) (364 753 -345 ) (364 753 -352.387024 ) (364 644.142822 -352.387024 ) 
4 25 26 (364 506 -345 ) (364 506 -352.639008 ) (510 506 -352.639008 ) (510 506 -345 ) 
4 26 35 (364 286 -352.639008 ) (364 286 -352.387024 ) (364 506 -352.387024 ) (364 506 -352.639008 ) 
4 26 28 (364 286 -352.387024 ) (364 286 -336.387024 ) (364 506 -336.387024 ) (364 506 -352.387024 ) 
4 27 59 (0 874 -352.387024 ) (0 488.142883 -352.387024 ) (0 488.142883 -336.639008 ) (0 874 -336.639008 ) 
4 27 55 (0 894.080017 -352.387024 ) (0 874 -352.387024 ) (0 874 -336.639008 ) (0 894.080017 -336.639008 ) 
4 27 51 (0 488.142883 -336.639008 ) (0 488.142883 -336.387024 ) (0 894.080017 -336.387024 ) (0 894.080017 -336.639008 ) 
4 27 35 (364 894.080017 -352.387024 ) (364 644.142883 -352.387024 ) (0 488.142883 -352.387024 ) (0 894.080017 -352.387024 ) 
4 27 34 (127.997871 543 -352.387024 ) (152.137268 553.346375 -352.387024 ) (152.137283 553.346375 -336.387024 ) (127.997879 543 -336.387024 ) 
4 27 32 (152.137268 553.346375 -352.387024 ) (215.500916 580.502197 -352.387024 ) (215.500946 580.502197 -336.387024 ) (152.137283 553.346375 -336.387024 ) 
4 27 29 (0 488.144775 -352.387024 ) (93 528.002258 -352.387024 ) (93 528.002258 -336.387024 ) (0 488.144775 -336.387024 ) 
4 27 28 (215.500916 580.502197 -352.387024 ) (364 644.144531 -352.387024 ) (364 644.144531 -336.387024 ) (215.500946 580.502197 -336.387024 ) 
4 28 35 (364 644.142883 -352.387024 ) (364 286 -352.387024 ) (89.285736 286 -352.387024 ) (215.500015 580.500061 -352.387024 ) 
4 28 33 (162.998306 458 -352.387024 ) (152.136749 432.655640 -352.387024 ) (152.136749 432.655640 -336.387024 ) (162.998306 458 -336.387024 ) 
4 28 32 (215.501953 580.507813 -336.387024 ) (215.501953 580.507813 -352.387024 ) (178 493.001587 -352.387024 ) (178 493.001587 -336.387024 ) 
4 28 30 (152.136749 432.655640 -352.387024 ) (89.284340 286 -352.387024 ) (89.284340 286 -336.387024 ) (152.136749 432.655640 -336.387024 ) 
4 29 59 (0 488.142883 -352.387024 ) (0 311 -352.387024 ) (0 311 -336.639008 ) (0 488.142883 -336.639008 ) 
4 29 51 (0 311 -336.639008 ) (0 311 -336.387024 ) (0 488.142883 -336.387024 ) (0 488.142883 -336.639008 ) 
3 29 35 (0 311 -352.387024 ) (0 488.142883 -352.387024 ) (93 528 -352.387024 ) 
4 29 31 (67.655045 468.862061 -352.387024 ) (78 493 -352.387024 ) (78 493 -336.387024 ) (67.655045 468.862091 -336.387024 ) 
4 29 30 (0 311.001160 -352.387024 ) (67.655045 468.862061 -352.387024 ) (67.655045 468.862091 -336.387024 ) (0 311.001160 -336.387024 ) 
4 30 59 (0 311 -352.387024 ) (0 286 -352.387024 ) (0 286 -336.639008 ) (0 311 -336.639008 ) 
4 30 51 (0 286 -336.639008 ) (0 286 -336.387024 ) (0 311 -336.387024 ) (0 311 -336.639008 ) 
5 30 35 (89.285736 286 -352.387024 ) (0 286 -352.387024 ) (0 311 -352.387024 ) (67.655151 468.862061 -352.387024 ) (152.137924 432.655151 -352.387024 ) 
4 30 33 (152.137222 432.654480 -336.387024 ) (152.137222 432.654480 -352.387024 ) (128 443 -352.387024 ) (128 443 -336.387024 ) 
4 30 31 (93 458 -352.387024 ) (67.658195 468.860352 -352.387024 ) (67.658195 468.860352 -336.387024 ) (93 458 -336.387024 ) 
3 31 35 (67.655151 468.862061 -352.387024 ) (78 493 -352.387024 ) (93 458 -352.387024 ) 
3 32 35 (152.137909 553.344849 -352.387024 ) (215.500015 580.500061 -352.387024 ) (178 493 -352.387024 ) 
4 32 34 (152.136078 553.344055 -336.387024 ) (152.136078 553.344055 -352.387024 ) (162.997406 528.001160 -352.387024 ) (162.997406 528.001160 -336.387024 ) 
3 33 35 (163 458 -352.387024 ) (152.137924 432.655151 -352.387024 ) (128 443 -352.387024 ) 
3 34 35 (128 543 -352.387024 ) (152.137909 553.344849 -352.387024 ) (163 528 -352.387024 ) 
4 35 59 (0 286 -352.639008 ) (0 286 -352.387024 ) (0 874 -352.387024 ) (0 874 -352.639008 ) 
4 35 55 (0 874 -352.387024 ) (0 894.080017 -352.387024 ) (0 894.080017 -352.639008 ) (0 874 -352.639008 ) 
4 36 76 (0 256 -352.639008 ) (0 256 -491 ) (0 190 -491 ) (0 190 -352.639008 ) 
4 36 66 (0 256 -336.639008 ) (0 256 -352.639008 ) (0 190 -352.639008 ) (0 190 -336.639008 ) 
4 36 52 (0 190 -64 ) (0 256 -64 ) (0 256 -336.639008 ) (0 190 -336.639008 ) 
4 36 49 (0 190 -491 ) (0 256 -491 ) (26 256 -491 ) (26 190 -491 ) 
4 36 48 (26 256 -491 ) (510 256 -491 ) (510 190 -491 ) (26 190 -491 ) 
4 36 46 (510.333008 229 -491 ) (510.333008 190 -491 ) (510 190 -491 ) (510 229 -491 ) 
4 36 45 (510 256 -491 ) (510.333008 256 -491 ) (510.333008 229 -491 ) (510 229 -491 ) 
4 36 38 (0 190 -491 ) (510.333008 190 -491 ) (510.333008 190 -64 ) (0 190 -64 ) 
4 37 47 (510.333008 190 -491 ) (512 190 -491 ) (512 1 -491 ) (510.333008 1 -491 ) 
4 37 38 (510.333008 190 -388 ) (510.333008 190 -491 ) (510.333008 1 -491 ) (510.333008 1 -388 ) 
4 38 77 (0 190 -352.639008 ) (0 190 -491 ) (0 1 -491 ) (0 1 -352.639008 ) 
4 38 75 (0 190 -336.639008 ) (0 190 -352.639008 ) (0 1 -352.639008 ) (0 1 -336.639008 ) 
4 38 53 (0 1 -64 ) (0 190 -64 ) (0 190 -336.639008 ) (0 1 -336.639008 ) 
4 38 49 (0 1 -491 ) (0 190 -491 ) (26 190 -491 ) (26 1 -491 ) 
4 38 48 (26 190 -491 ) (510 190 -491 ) (510 1 -491 ) (26 1 -491 ) 
4 38 47 (510 190 -491 ) (510.333008 190 -491 ) (510.333008 1 -491 ) (510 1 -491 ) 
4 38 39 (0 1 -491 ) (510 1 -491 ) (510 1 -64 ) (0 1 -64 ) 
4 39 101 (0 0 -64 ) (0 0 -491 ) (510 0 -491 ) (510 0 -64 ) 
4 39 77 (0 0 -491 ) (0 0 -352.639008 ) (0 1 -352.639008 ) (0 1 -491 ) 
4 39 75 (0 0 -352.639008 ) (0 0 -336.639008 ) (0 1 -336.639008 ) (0 1 -352.639008 ) 
4 39 53 (0 0 -336.639008 ) (0 0 -64 ) (0 1 -64 ) (0 1 -336.639008 ) 
4 39 49 (26 0 -491 ) (0 0 -491 ) (0 1 -491 ) (26 1 -491 ) 
4 39 48 (510 0 -491 ) (26 0 -491 ) (26 1 -491 ) (510 1 -491 ) 
4 40 41 (632 190 -508 ) (632 190 -491 ) (515 190 -491 ) (515 190 -508 ) 
4 41 47 (512 187 -508 ) (512 187 -491 ) (512 190 -491 ) (512 190 -508 ) 
4 41 44 (512 187 -491 ) (512 187 -508 ) (632 187 -508 ) (632 187 -491 ) 
4 42 43 (635 187 -491 ) (635 187 -508 ) (635 1 -508 ) (635 1 -491 ) 
4 43 44 (632 187 -491 ) (632 187 -508 ) (632 1 -508 ) (632 1 -491 ) 
4 44 47 (512 1 -508 ) (512 1 -491 ) (512 187 -491 ) (512 187 -508 ) 
4 45 48 (510 256 -491 ) (510 256 -509.500000 ) (510 229 -509.500000 ) (510 229 -491 ) 
4 45 46 (510 229 -491 ) (510 229 -509.500000 ) (510.333008 229 -509.500000 ) (510.333008 229 -491 ) 
4 46 48 (510 229 -509.500000 ) (510 190 -509.500000 ) (510 190 -491 ) (510 229 -491 ) 
4 46 47 (510 190 -491 ) (510 190 -509.500000 ) (510.333008 190 -509.500000 ) (510.333008 190 -491 ) 
4 47 48 (510 190 -509.500000 ) (510 1 -509.500000 ) (510 1 -491 ) (510 190 -491 ) 
4 48 134 (510 0 -491 ) (26 0 -491 ) (26 0 -509.500000 ) (510 0 -509.500000 ) 
4 48 49 (26 256 -491 ) (26 256 -509.500000 ) (26 0 -509.500000 ) (26 0 -491 ) 
4 49 135 (26 0 -491 ) (0 0 -491 ) (0 0 -509.500000 ) (26 0 -509.500000 ) 
4 49 93 (0 0 -509.500000 ) (0 0 -491 ) (0 189 -491 ) (0 189 -509.500000 ) 
4 49 89 (0 189 -491 ) (0 256 -491 ) (0 256 -509.500000 ) (0 189 -509.500000 ) 
4 50 52 (0 256 -318 ) (0 256 1536.500000 ) (-510.333008 256 1536.500000 ) (-510.333008 256 -318 ) 
4 50 51 (-510.333008 286 -318 ) (-510.333008 894.080017 -318 ) (0 894.080017 -318 ) (0 286 -318 ) 
4 51 71 (-477 743 -336.639008 ) (-477 733 -336.639008 ) (-509.888031 733 -336.639008 ) (-509.888031 743 -336.639008 ) 
4 51 70 (-477 863 -336.639008 ) (-477 743 -336.639008 ) (-509.888031 743 -336.639008 ) (-509.888031 863 -336.639008 ) 
4 51 72 (-477 733 -336.639008 ) (-477 286 -336.639008 ) (-509.888031 286 -336.639008 ) (-509.888031 733 -336.639008 ) 
4 51 73 (-509.888031 286 -336.639008 ) (-510.333008 286 -336.639008 ) (-510.333008 863 -336.639008 ) (-509.888031 863 -336.639008 ) 
4 51 68 (-477 874 -336.639008 ) (-477 863 -336.639008 ) (-509.888031 863 -336.639008 ) (-509.888031 874 -336.639008 ) 
4 51 67 (-509.888031 894.080017 -336.639008 ) (-477 894.080017 -336.639008 ) (-477 874 -336.639008 ) (-509.888031 874 -336.639008 ) 
4 51 69 (-510.333008 894.080017 -336.639008 ) (-509.888031 894.080017 -336.639008 ) (-509.888031 863 -336.639008 ) (-510.333008 863 -336.639008 ) 
3 51 65 (-355.344177 671.862427 -336.639008 ) (-345 696 -336.639008 ) (-330 661 -336.639008 ) 
3 51 64 (-260 661 -336.639008 ) (-270.862610 635.653809 -336.639008 ) (-295.008209 646.002563 -336.639008 ) 
3 51 63 (-330 731 -336.639008 ) (-319.138977 756.345276 -336.639008 ) (-295 746 -336.639008 ) 
3 51 62 (-319.138977 756.345276 -336.639008 ) (-295.002045 812.667419 -336.639008 ) (-259.998749 731 -336.639008 ) 
4 51 61 (-295.002045 812.667419 -336.639008 ) (-268.717896 874 -336.639008 ) (-168.714264 874 -336.639008 ) (-244.998871 696.002502 -336.639008 ) 
5 51 60 (-420.714203 286 -336.639008 ) (-477 286 -336.639008 ) (-477 387.985443 -336.639008 ) (-355.344177 671.862427 -336.639008 ) (-270.862610 635.653809 -336.639008 ) 
4 51 59 (0 874 -336.639008 ) (0 286 -336.639008 ) (-420.714203 286 -336.639008 ) (-168.714264 874 -336.639008 ) 
4 51 57 (-477 733 -336.639008 ) (-477 874 -336.639008 ) (-471.888031 874 -336.639008 ) (-471.888031 733 -336.639008 ) 
4 51 58 (-477 387.985443 -336.639008 ) (-477 733 -336.639008 ) (-471.888031 733 -336.639008 ) (-471.888031 399.913910 -336.639008 ) 
3 51 56 (-471.888031 874 -336.639008 ) (-268.717896 874 -336.639008 ) (-471.888031 399.913910 -336.639008 ) 
4 51 55 (-477 894.080017 -336.639008 ) (0 894.080017 -336.639008 ) (0 874 -336.639008 ) (-477 874 -336.639008 ) 
4 52 74 (-510.333008 256 -336.639008 ) (-477 256 -336.639008 ) (-477 190 -336.639008 ) (-510.333008 190 -336.639008 ) 
4 52 66 (-477 256 -336.639008 ) (0 256 -336.639008 ) (0 190 -336.639008 ) (-477 190 -336.639008 ) 
4 52 53 (-510.333008 190 -336.639008 ) (0 190 -336.639008 ) (0 190 1536.500000 ) (-510.333008 190 1536.500000 ) 
4 53 154 (-364 0 1536.500000 ) (-510.333008 0 1536.500000 ) (-510.333008 0 -336.639008 ) (-364 0 -336.639008 ) 
4 53 141 (0 0 -336.639008 ) (0 0 1536.500000 ) (-364 0 1536.500000 ) (-364 0 -336.639008 ) 
4 53 75 (-510.333008 190 -336.639008 ) (0 190 -336.639008 ) (0 0 -336.639008 ) (-510.333008 0 -336.639008 ) 
4 53 54 (-510.333008 86 -207 ) (-510.333008 86 -192 ) (-510.333008 100 -192 ) (-510.333008 100 -207 ) 
4 54 80 (-512 98 -205 ) (-512 88 -205 ) (-512 88 -194 ) (-512 98 -194 ) 
4 55 67 (-477 894.080017 -352.639008 ) (-477 874 -352.639008 ) (-477 874 -336.639008 ) (-477 894.080017 -336.639008 ) 
4 55 61 (-268.717896 874 -352.639008 ) (-168.714264 874 -352.639008 ) (-168.714279 874 -336.639008 ) (-268.717865 874 -336.639008 ) 
4 55 59 (-168.714264 874 -352.639008 ) (0 874 -352.639008 ) (0 874 -336.639008 ) (-168.714279 874 -336.639008 ) 
4 55 57 (-477 874 -336.639008 ) (-477 874 -342 ) (-471.888031 874 -342 ) (-471.888031 874 -336.639008 ) 
4 55 56 (-471.888031 874 -352.639008 ) (-268.717896 874 -352.639008 ) (-268.717865 874 -336.639008 ) (-471.888031 874 -336.639008 ) 
4 56 65 (-355.344116 671.862427 -352.639008 ) (-345 696 -352.639008 ) (-345 696 -336.639008 ) (-355.344116 671.862427 -336.639008 ) 
4 56 63 (-330 731.002380 -352.639008 ) (-319.138885 756.345276 -352.639008 ) (-319.138885 756.345276 -336.639008 ) (-330 731 -336.639008 ) 
4 56 62 (-319.138885 756.345276 -352.639008 ) (-295.001984 812.667297 -352.639008 ) (-295.001984 812.667297 -336.639008 ) (-319.138885 756.345276 -336.639008 ) 
4 56 61 (-295.001984 812.667297 -352.639008 ) (-268.717773 874 -352.639008 ) (-268.717773 874 -336.639008 ) (-295.001984 812.667297 -336.639008 ) 
4 56 60 (-471.888031 399.913879 -352.639008 ) (-355.344116 671.862427 -352.639008 ) (-355.344116 671.862427 -336.639008 ) (-471.888031 399.913879 -336.639008 ) 
4 56 57 (-471.888031 874 -336.639008 ) (-471.888031 874 -342 ) (-471.888031 733 -342 ) (-471.888031 733 -336.639008 ) 
4 56 58 (-471.888031 733 -352.639008 ) (-471.888031 399.914063 -352.639008 ) (-471.888031 399.914063 -336.639008 ) (-471.888031 733 -336.639008 ) 
4 57 71 (-477 733 -342 ) (-477 733 -336.639008 ) (-477 743 -336.639008 ) (-477 743 -342 ) 
4 57 70 (-477 743 -336.639008 ) (-477 863 -336.639008 ) (-477 863 -342 ) (-477 743 -342 ) 
4 57 68 (-477 863 -336.639008 ) (-477 874 -336.639008 ) (-477 874 -342 ) (-477 863 -342 ) 
4 57 58 (-477 733 -336.639008 ) (-477 733 -342 ) (-471.888031 733 -342 ) (-471.888031 733 -336.639008 ) 
4 58 72 (-477 733 -352.639008 ) (-477 387.985443 -352.639008 ) (-477 387.985443 -336.639008 ) (-477 733 -336.639008 ) 
4 58 60 (-477 387.985382 -336.639008 ) (-477 387.985382 -352.639008 ) (-471.888031 399.913879 -352.639008 ) (-471.888031 399.913879 -336.639008 ) 
4 59 64 (-260 661 -352.639008 ) (-270.862274 635.653687 -352.639008 ) (-270.862305 635.653687 -336.639008 ) (-260 661 -336.639008 ) 
4 59 61 (-168.713867 874 -336.639008 ) (-168.713867 874 -352.639008 ) (-244.998688 696.002075 -352.639008 ) (-244.998703 696.002075 -336.639008 ) 
4 59 60 (-270.862274 635.653687 -352.639008 ) (-420.713867 286 -352.639008 ) (-420.713867 286 -336.639008 ) (-270.862305 635.653687 -336.639008 ) 
4 60 72 (-477 387.985443 -352.639008 ) (-477 286 -352.639008 ) (-477 286 -336.639008 ) (-477 387.985443 -336.639008 ) 
4 60 65 (-329.998718 660.997375 -352.639008 ) (-355.346222 671.861145 -352.639008 ) (-355.346222 671.861145 -336.639008 ) (-329.998718 660.997375 -336.639008 ) 
4 60 64 (-270.863281 635.652344 -336.639008 ) (-270.863281 635.652344 -352.639008 ) (-295.010406 646.001648 -352.639008 ) (-295.010406 646.001648 -336.639008 ) 
4 61 62 (-295.001678 812.668457 -336.639008 ) (-295.001678 812.668457 -352.639008 ) (-259.997284 730.998840 -352.639008 ) (-259.997284 730.998840 -336.639008 ) 
4 62 63 (-319.139496 756.346191 -336.639008 ) (-319.139496 756.346191 -352.639008 ) (-295 746 -352.639008 ) (-295 746 -336.639008 ) 
4 66 76 (0 256 -352.639008 ) (0 190 -352.639008 ) (-477 190 -352.639008 ) (-477 256 -352.639008 ) 
4 66 75 (-477 190 -352.639008 ) (0 190 -352.639008 ) (0 190 -336.639008 ) (-477 190 -336.639008 ) 
4 66 74 (-477 256 -352.639008 ) (-477 190 -352.639008 ) (-477 190 -336.639008 ) (-477 256 -336.639008 ) 
4 67 68 (-509.888031 874 -336.639008 ) (-509.888031 874 -342 ) (-477 874 -342 ) (-477 874 -336.639008 ) 
4 67 69 (-509.888031 894.080017 -336.639008 ) (-509.888031 894.080017 -352.639008 ) (-509.888031 874 -352.639008 ) (-509.888031 874 -336.639008 ) 
4 68 70 (-477 863 -342 ) (-477 863 -336.639008 ) (-509.888031 863 -336.639008 ) (-509.888031 863 -342 ) 
4 68 69 (-509.888031 863 -342 ) (-509.888031 863 -336.639008 ) (-509.888031 874 -336.639008 ) (-509.888031 874 -342 ) 
4 69 73 (-510.333008 863 -336.639008 ) (-510.333008 863 -352.639008 ) (-509.888031 863 -352.639008 ) (-509.888031 863 -336.639008 ) 
4 70 71 (-509.888031 743 -336.639008 ) (-509.888031 743 -342 ) (-477 743 -342 ) (-477 743 -336.639008 ) 
4 70 73 (-509.888031 863 -336.639008 ) (-509.888031 863 -352.639008 ) (-509.888031 743 -352.639008 ) (-509.888031 743 -336.639008 ) 
4 71 73 (-509.888031 733 -342 ) (-509.888031 733 -336.639008 ) (-509.888031 743 -336.639008 ) (-509.888031 743 -342 ) 
4 71 72 (-509.888031 733 -336.639008 ) (-509.888031 733 -342 ) (-477 733 -342 ) (-477 733 -336.639008 ) 
4 72 73 (-509.888031 733 -352.639008 ) (-509.888031 286 -352.639008 ) (-509.888031 286 -336.639008 ) (-509.888031 733 -336.639008 ) 
4 74 76 (-510.333008 256 -352.639008 ) (-477 256 -352.639008 ) (-477 190 -352.639008 ) (-510.333008 190 -352.639008 ) 
4 74 75 (-510.333008 190 -352.639008 ) (-477 190 -352.639008 ) (-477 190 -336.639008 ) (-510.333008 190 -336.639008 ) 
4 75 154 (-364 0 -336.639008 ) (-510.333008 0 -336.639008 ) (-510.333008 0 -352.639008 ) (-364 0 -352.639008 ) 
4 75 144 (0 0 -352.639008 ) (0 0 -336.639008 ) (-364 0 -336.639008 ) (-364 0 -352.639008 ) 
4 75 77 (0 0 -352.639008 ) (-510.333008 0 -352.639008 ) (-510.333008 190 -352.639008 ) (0 190 -352.639008 ) 
4 76 90 (-510 190 -491 ) (-510.333008 190 -491 ) (-510.333008 256 -491 ) (-510 256 -491 ) 
4 76 89 (0 256 -491 ) (0 190 -491 ) (-510 190 -491 ) (-510 256 -491 ) 
4 76 77 (0 190 -352.639008 ) (-510.333008 190 -352.639008 ) (-510.333008 190 -491 ) (0 190 -491 ) 
4 77 154 (-364 0 -352.639008 ) (-510.333008 0 -352.639008 ) (-510.333008 0 -491 ) (-364 0 -491 ) 
4 77 153 (0 0 -491 ) (0 0 -352.639008 ) (-364 0 -352.639008 ) (-364 0 -491 ) 
4 77 94 (-510 0 -491 ) (-510.333008 0 -491 ) (-510.333008 189 -491 ) (-510 189 -491 ) 
4 77 93 (0 189 -491 ) (0 0 -491 ) (-510 0 -491 ) (-510 189 -491 ) 
4 77 91 (-510 189 -491 ) (-510.333008 189 -491 ) (-510.333008 190 -491 ) (-510 190 -491 ) 
4 77 89 (0 190 -491 ) (0 189 -491 ) (-510 189 -491 ) (-510 190 -491 ) 
4 77 78 (-510.333008 190 -388 ) (-510.333008 190 -491 ) (-510.333008 0 -491 ) (-510.333008 0 -388 ) 
4 78 94 (-510.333008 0 -491 ) (-512 0 -491 ) (-512 189 -491 ) (-510.333008 189 -491 ) 
4 78 91 (-512 189 -491 ) (-512 190 -491 ) (-510.333008 190 -491 ) (-510.333008 189 -491 ) 
4 78 82 (-512 86 -491 ) (-512 0 -491 ) (-512 0 -388 ) (-512 86 -388 ) 
4 78 81 (-512 100 -491 ) (-512 86 -491 ) (-512 86 -388 ) (-512 100 -388 ) 
4 78 79 (-512 190 -491 ) (-512 100 -491 ) (-512 100 -388 ) (-512 190 -388 ) 
4 79 95 (-512 189 -491 ) (-512 100 -491 ) (-513 100 -491 ) (-513 189 -491 ) 
4 79 92 (-512 190 -491 ) (-512 189 -491 ) (-513 189 -491 ) (-513 190 -491 ) 
4 79 85 (-513 189 -491 ) (-513 100 -491 ) (-513 100 -418 ) (-513 189 -418 ) 
4 79 84 (-513 100 -418 ) (-513 100 -388 ) (-513 189 -388 ) (-513 189 -418 ) 
4 79 81 (-513 100 -388 ) (-513 100 -491 ) (-512 100 -491 ) (-512 100 -388 ) 
4 80 83 (-513 88 -194 ) (-513 98 -194 ) (-513 98 -205 ) (-513 88 -205 ) 
4 81 95 (-512 100 -491 ) (-512 86 -491 ) (-513 86 -491 ) (-513 100 -491 ) 
4 81 85 (-513 100 -491 ) (-513 86 -491 ) (-513 86 -418 ) (-513 100 -418 ) 
4 81 84 (-513 86 -418 ) (-513 86 -388 ) (-513 100 -388 ) (-513 100 -418 ) 
4 81 82 (-513 86 -388 ) (-513 86 -491 ) (-512 86 -491 ) (-512 86 -388 ) 
4 82 97 (-512 1 -491 ) (-512 0 -491 ) (-513 0 -491 ) (-513 1 -491 ) 
4 82 95 (-512 86 -491 ) (-512 1 -491 ) (-513 1 -491 ) (-513 86 -491 ) 
4 82 88 (-513 1 -491 ) (-513 0 -491 ) (-513 0 -388 ) (-513 1 -388 ) 
4 82 85 (-513 86 -491 ) (-513 1 -491 ) (-513 1 -418 ) (-513 86 -418 ) 
4 82 84 (-513 1 -418 ) (-513 1 -388 ) (-513 86 -388 ) (-513 86 -418 ) 
4 84 88 (-513 1 -418 ) (-513 1 -385 ) (-701 1 -385 ) (-701 1 -418 ) 
4 84 85 (-513 1 -418 ) (-702.968994 1 -418 ) (-702.968994 189 -418 ) (-513 189 -418 ) 
4 85 95 (-513 189 -491 ) (-513 1 -491 ) (-704 1 -491 ) (-704 189 -491 ) 
4 85 88 (-701 1 -491 ) (-513 1 -491 ) (-513 1 -418 ) (-701 1 -418 ) 
4 85 86 (-704 1 -491 ) (-704 1 -418 ) (-704 189 -418 ) (-704 189 -491 ) 
4 86 96 (-704 1 -491 ) (-706 1 -491 ) (-706 189 -491 ) (-704 189 -491 ) 
4 86 87 (-706 1 -491 ) (-706 1 -420 ) (-706 189 -420 ) (-706 189 -491 ) 
4 87 98 (-706 1 -491 ) (-890 1 -491 ) (-890 189 -491 ) (-706 189 -491 ) 
4 88 170 (-701 0 -491 ) (-513 0 -491 ) (-513 0 -385 ) (-701 0 -385 ) 
4 88 97 (-513 1 -491 ) (-513 0 -491 ) (-701 0 -491 ) (-701 1 -491 ) 
4 89 93 (0 189 -509.500000 ) (0 189 -491 ) (-510 189 -491 ) (-510 189 -509.500000 ) 
4 89 91 (-510 190 -509.500000 ) (-510 189 -509.500000 ) (-510 189 -491 ) (-510 190 -491 ) 
4 89 90 (-510 256 -491 ) (-510 256 -509.500000 ) (-510 190 -509.500000 ) (-510 190 -491 ) 
4 90 91 (-510 190 -509.500000 ) (-510 190 -491 ) (-510.333008 190 -491 ) (-510.333008 190 -509.500000 ) 
4 91 94 (-510 189 -491 ) (-512 189 -491 ) (-512 189 -509.500000 ) (-510 189 -509.500000 ) 
4 91 92 (-512 189 -509.500000 ) (-512 189 -491 ) (-512 190 -491 ) (-512 190 -509.500000 ) 
4 92 95 (-512 189 -491 ) (-513.031006 189 -491 ) (-513.031006 189 -510 ) (-512 189 -510 ) 
4 93 177 (0 0 -509.500000 ) (0 0 -491 ) (-510 0 -491 ) (-510 0 -509.500000 ) 
4 93 94 (-510 189 -491 ) (-510 189 -509.500000 ) (-510 0 -509.500000 ) (-510 0 -491 ) 
4 94 178 (-510 0 -509.500000 ) (-510 0 -491 ) (-510.333008 0 -491 ) (-510.333008 0 -509.500000 ) 
4 94 97 (-512 1 -509.500000 ) (-512 0 -509.500000 ) (-512 0 -491 ) (-512 1 -491 ) 
4 94 95 (-512 189 -491 ) (-512 189 -509.500000 ) (-512 1 -509.500000 ) (-512 1 -491 ) 
4 95 97 (-701 1 -510 ) (-512 1 -510 ) (-512 1 -491 ) (-701 1 -491 ) 
4 95 96 (-704 189 -491 ) (-704 189 -510 ) (-704 1 -510 ) (-704 1 -491 ) 
4 96 98 (-706 189 -491 ) (-706 189 -510 ) (-706 1 -510 ) (-706 1 -491 ) 
4 97 182 (-515 0 -491 ) (-701 0 -491 ) (-701 0 -510 ) (-515 0 -510 ) 
4 97 181 (-512 0 -510 ) (-512 0 -509.500000 ) (-515 0 -509.500000 ) (-515 0 -510 ) 
4 97 180 (-513 0 -491 ) (-515 0 -491 ) (-515 0 -509.500000 ) (-513 0 -509.500000 ) 
4 98 99 (-716.490784 1 -513 ) (-890 1 -513 ) (-890 189 -513 ) (-716.490784 189 -513 ) 
4 100 142 (0 -64 -64 ) (0 -94 -64 ) (0 -94 1536.500000 ) (0 -64 1536.500000 ) 
4 100 141 (0 0 1536.500000 ) (0 0 -64 ) (0 -64 -64 ) (0 -64 1536.500000 ) 
4 100 143 (0 -94 -64 ) (0 -702.080017 -64 ) (0 -702.080017 1536.500000 ) (0 -94 1536.500000 ) 
4 100 116 (0 -702.080017 -64 ) (0 -94 -64 ) (510.333008 -94 -64 ) (510.333008 -702.080017 -64 ) 
4 100 115 (0 -94 -64 ) (0 -64 -64 ) (26 -64 -64 ) (26 -94 -64 ) 
4 100 113 (26 -64 -64 ) (116 -64 -64 ) (116 -94 -64 ) (26 -94 -64 ) 
4 100 112 (116 -64 -64 ) (510.333008 -64 -64 ) (510.333008 -94 -64 ) (116 -94 -64 ) 
4 100 102 (0 -64 -64 ) (0 -38 -64 ) (510 -38 -64 ) (510 -64 -64 ) 
4 100 101 (0 -38 -64 ) (0 0 -64 ) (510 0 -64 ) (510 -38 -64 ) 
4 101 153 (0 0 -352.639008 ) (0 0 -491 ) (0 -38 -491 ) (0 -38 -352.639008 ) 
4 101 144 (0 0 -336.747986 ) (0 0 -352.639008 ) (0 -38 -352.639008 ) (0 -38 -336.747986 ) 
4 101 141 (0 0 -64 ) (0 0 -336.747986 ) (0 -38 -336.747986 ) (0 -38 -64 ) 
4 101 135 (0 -38 -491 ) (0 0 -491 ) (26 0 -491 ) (26 -38 -491 ) 
4 101 134 (26 0 -491 ) (510 0 -491 ) (510 -38 -491 ) (26 -38 -491 ) 
4 101 109 (262 -38 -353 ) (180 -38 -353 ) (180 -38 -368.497009 ) (262 -38 -368.497009 ) 
4 101 107 (180 -38 -372.221924 ) (180 -38 -377.948395 ) (262 -38 -377.948395 ) (262 -38 -372.221954 ) 
4 101 106 (180 -38 -377.948395 ) (180 -38 -383 ) (262 -38 -383 ) (262 -38 -377.948395 ) 
4 101 105 (510 -38 -383 ) (510 -38 -353 ) (262 -38 -353 ) (262 -38 -383 ) 
4 101 103 (180 -38 -353 ) (0 -38 -353 ) (0 -38 -383 ) (180 -38 -383 ) 
4 101 102 (510 -38 -353 ) (510 -38 -64 ) (0 -38 -64 ) (0 -38 -353 ) 
4 101 111 (0 -38 -491 ) (510 -38 -491 ) (510 -38 -383 ) (0 -38 -383 ) 
4 102 153 (0 -64 -353 ) (0 -64 -352.639008 ) (0 -38 -352.639008 ) (0 -38 -353 ) 
4 102 144 (0 -64 -352.639008 ) (0 -64 -336.747986 ) (0 -38 -336.747986 ) (0 -38 -352.639008 ) 
4 102 141 (0 -64 -336.747986 ) (0 -64 -64 ) (0 -38 -64 ) (0 -38 -336.747986 ) 
4 102 115 (26 -64 -64 ) (0 -64 -64 ) (0 -64 -319.979004 ) (26 -64 -319.979004 ) 
4 102 113 (116 -64 -64 ) (26 -64 -64 ) (26 -64 -319.979004 ) (116 -64 -319.979004 ) 
4 102 112 (510 -64 -319.979004 ) (510 -64 -64 ) (116 -64 -64 ) (116 -64 -319.979004 ) 
4 102 110 (274.636566 -46.855957 -353 ) (280.352448 -60.164093 -353 ) (157.559845 -60.164093 -353 ) (166.429657 -46.855957 -353 ) 
6 102 109 (180 -38 -353 ) (262 -38 -353 ) (272.948395 -42.925434 -353 ) (274.636566 -46.855957 -353 ) (166.429657 -46.855957 -353 ) (168.499451 -43.750477 -353 ) 
3 102 108 (272.948395 -42.925434 -353 ) (319.793518 -64 -353 ) (282 -64 -353 ) 
4 102 105 (262 -38 -353 ) (510 -38 -353 ) (510 -64 -353 ) (319.793518 -64 -353 ) 
3 102 104 (155.003235 -64 -353 ) (128.001862 -64 -353 ) (168.499451 -43.750477 -353 ) 
4 102 103 (0 -38 -353 ) (180 -38 -353 ) (128.001862 -64 -353 ) (0 -64 -353 ) 
4 103 153 (0 -64 -383 ) (0 -64 -353 ) (0 -38 -353 ) (0 -38 -383 ) 
4 103 109 (180 -38 -368.497009 ) (180 -38 -353 ) (168.499466 -43.750473 -353 ) (168.498550 -43.750973 -358.433411 ) 
4 103 107 (180 -38 -377.948395 ) (180 -38 -372.221954 ) (168.495453 -43.752655 -376.696045 ) (168.495041 -43.752880 -379.159271 ) 
4 103 106 (168.494385 -43.753235 -383 ) (180 -38 -383 ) (180 -38 -377.948395 ) (168.495041 -43.752880 -379.159271 ) 
4 103 104 (128.003906 -64 -383 ) (168.494385 -43.753235 -383 ) (168.499466 -43.750473 -353 ) (128.001846 -64 -353 ) 
4 103 111 (0 -38 -383 ) (180 -38 -383 ) (128.001862 -64 -383 ) (0 -64 -383 ) 
3 104 110 (168.378891 -43.926723 -358.125854 ) (166.427109 -46.855961 -353 ) (157.557281 -60.164093 -353 ) 
3 104 109 (168.496902 -43.749599 -358.435791 ) (168.497772 -43.749161 -353 ) (166.427109 -46.855961 -353 ) 
3 104 107 (165.598190 -48.094849 -380.073181 ) (168.493561 -43.751270 -379.158936 ) (168.493958 -43.751072 -376.694855 ) 
3 104 106 (156.329269 -62 -383 ) (168.492935 -43.751579 -383 ) (168.493561 -43.751270 -379.158936 ) 
3 104 111 (155 -64 -383 ) (128.001862 -64 -383 ) (168.494629 -43.752895 -383 ) 
4 105 109 (272.948364 -42.925365 -353 ) (262 -38 -353 ) (262 -38 -368.497009 ) (272.948456 -42.925556 -359.877777 ) 
6 105 108 (315.346375 -62 -383 ) (319.792175 -64 -383 ) (319.794159 -64 -353 ) (272.948364 -42.925365 -353 ) (272.948639 -42.926010 -376.053131 ) (284.438019 -48.094902 -380.073212 ) 
3 105 107 (262 -38 -372.221924 ) (261.998871 -38 -377.948395 ) (284.438019 -48.094902 -380.073212 ) 
3 105 106 (261.998657 -38 -383 ) (315.346375 -62 -383 ) (261.998871 -38 -377.948395 ) 
4 105 111 (262 -38 -383 ) (510 -38 -383 ) (510 -64 -383 ) (319.793518 -64 -383 ) 
4 106 108 (315.351563 -62.001953 -383 ) (284.436829 -48.094135 -380.072601 ) (275.168365 -48.094143 -380.072601 ) (281.141785 -62.001881 -383 ) 
5 106 107 (284.436829 -48.094135 -380.072601 ) (262 -38 -377.947937 ) (179.998535 -38 -377.947998 ) (168.504028 -43.748188 -379.157928 ) (165.607315 -48.094223 -380.072693 ) 
5 106 111 (180 -38 -383 ) (262 -38 -383 ) (315.347717 -62 -383 ) (156.333038 -62 -383 ) (168.494629 -43.752895 -383 ) 
3 107 108 (275.169037 -48.095711 -380.072266 ) (284.437500 -48.095711 -380.072266 ) (272.949219 -42.927402 -376.052643 ) 
3 108 110 (280.354797 -60.164093 -353 ) (274.638916 -46.855965 -353 ) (273.380829 -43.926750 -358.125824 ) 
3 108 109 (272.949219 -42.921875 -353 ) (272.949219 -42.921875 -359.884247 ) (274.638916 -46.855965 -353 ) 
4 108 111 (315.347717 -62 -383 ) (319.793518 -64 -383 ) (282 -64 -383 ) (281.140991 -62 -383 ) 
4 109 110 (166.433594 -46.857422 -353 ) (168.385422 -43.928749 -358.125183 ) (273.379303 -43.926899 -358.125793 ) (274.637421 -46.856094 -353 ) 
4 111 153 (0 -38 -491 ) (0 -64 -491 ) (0 -64 -383 ) (0 -38 -383 ) 
4 111 135 (0 -64 -491 ) (0 -38 -491 ) (26 -38 -491 ) (26 -64 -491 ) 
4 111 134 (26 -38 -491 ) (510 -38 -491 ) (510 -64 -491 ) (26 -64 -491 ) 
4 112 116 (510.333008 -94 -64 ) (116 -94 -64 ) (116 -94 -319.979004 ) (510.333008 -94 -319.979004 ) 
4 112 113 (116 -64 -64 ) (116 -64 -319.979004 ) (116 -94 -319.979004 ) (116 -94 -64 ) 
4 113 116 (116 -94 -319.979004 ) (116 -94 -64 ) (26 -94 -64 ) (26 -94 -319.979004 ) 
4 113 115 (26 -64 -64 ) (26 -64 -319.979004 ) (26 -94 -319.979004 ) (26 -94 -64 ) 
4 113 114 (26 -84 -319.979004 ) (26 -76 -319.979004 ) (116 -76 -319.979004 ) (116 -84 -319.979004 ) 
4 114 133 (116 -76 -352.639008 ) (116 -84 -352.639008 ) (26 -84 -352.639008 ) (26 -76 -352.639008 ) 
4 115 142 (0 -94 -64 ) (0 -64 -64 ) (0 -64 -319.979004 ) (0 -94 -319.979004 ) 
4 115 116 (26 -94 -319.979004 ) (26 -94 -64 ) (0 -94 -64 ) (0 -94 -319.979004 ) 
4 116 147 (0 -306.703491 -337 ) (0 -702 -337 ) (0 -702 -336.747986 ) (0 -306.703461 -336.747986 ) 
4 116 146 (0 -94 -336.747986 ) (0 -94 -337 ) (0 -306.703491 -337 ) (0 -306.703461 -336.747986 ) 
4 116 143 (0 -702 -64 ) (0 -94 -64 ) (0 -94 -336.747986 ) (0 -702 -336.747986 ) 
3 116 132 (330.001007 -539.843506 -337 ) (319.139069 -565.189331 -337 ) (294.998688 -554.843445 -337 ) 
3 116 131 (260 -469.843964 -337 ) (270.862610 -444.497894 -337 ) (295.003113 -454.844452 -337 ) 
3 116 130 (355.344147 -480.706421 -337 ) (345 -504.844025 -337 ) (330 -469.843903 -337 ) 
3 116 129 (260.001404 -539.844604 -337 ) (234.655151 -528.981934 -337 ) (245 -504.843964 -337 ) 
5 116 128 (421.075958 -94 -337 ) (478.112000 -94 -337 ) (478.112000 -194.233185 -337 ) (355.344147 -480.706421 -337 ) (270.862610 -444.497894 -337 ) 
4 116 127 (319.139069 -565.189331 -337 ) (260.508972 -702 -337 ) (160.504578 -702 -337 ) (234.655151 -528.981934 -337 ) 
4 116 126 (0 -702 -337 ) (0 -94 -337 ) (421.075958 -94 -337 ) (160.504578 -702 -337 ) 
4 116 123 (472.887024 -659 -337 ) (472.887024 -518 -337 ) (478 -518 -337 ) (478 -659 -337 ) 
4 116 122 (472.887024 -518 -337 ) (472.887024 -206.425415 -337 ) (478 -194.494537 -337 ) (478 -518 -337 ) 
4 116 124 (478 -702 -337 ) (472.887024 -702 -337 ) (472.887024 -659 -337 ) (478 -659 -337 ) 
4 116 121 (478.112000 -194.233185 -337 ) (478.112000 -702 -337 ) (478 -702 -337 ) (478 -194.494537 -337 ) 
3 116 125 (472.887024 -702 -337 ) (260.508972 -702 -337 ) (472.887024 -206.425415 -337 ) 
4 116 117 (478.112000 -94 -337 ) (510.333008 -94 -337 ) (510.333008 -702 -337 ) (478.112000 -702 -337 ) 
4 117 128 (478.112000 -194.233185 -337 ) (478.112000 -94 -337 ) (478.112000 -94 -340 ) (478.112000 -194.233185 -340 ) 
4 117 121 (478.112000 -702 -337 ) (478.112000 -194.233185 -337 ) (478.112000 -194.233185 -340 ) (478.112000 -702 -340 ) 
4 117 119 (510.333008 -529 -340 ) (510.333008 -649 -340 ) (478.112000 -649 -340 ) (478.112000 -529 -340 ) 
4 117 120 (510.333008 -659 -340 ) (510.333008 -702 -340 ) (478.112000 -702 -340 ) (478.112000 -659 -340 ) 
4 117 118 (510.333008 -94 -340 ) (510.333008 -518 -340 ) (478.112000 -518 -340 ) (478.112000 -94 -340 ) 
4 118 128 (478.112000 -94 -340 ) (478.112000 -94 -352.639008 ) (478.112000 -194.233185 -352.639008 ) (478.112000 -194.233185 -340 ) 
4 118 121 (478.112000 -194.233185 -352.639008 ) (478.112000 -518 -352.639008 ) (478.112000 -518 -340 ) (478.112000 -194.233185 -340 ) 
4 119 121 (478.112000 -529 -352.639008 ) (478.112000 -649 -352.639008 ) (478.112000 -649 -340 ) (478.112000 -529 -340 ) 
4 120 121 (478.112000 -659 -352.639008 ) (478.112000 -702 -352.639008 ) (478.112000 -702 -340 ) (478.112000 -659 -340 ) 
4 121 128 (478.112000 -194.238632 -337 ) (478.112000 -194.238632 -352.639008 ) (478 -194.499985 -352.639008 ) (478 -194.499985 -337 ) 
4 121 123 (478 -659 -340 ) (478 -659 -337 ) (478 -518 -337 ) (478 -518 -340 ) 
4 121 122 (478 -194.492188 -337 ) (478 -194.492188 -352.639008 ) (478 -518 -352.639008 ) (478 -518 -337 ) 
4 121 124 (478 -659 -352.639008 ) (478 -702 -352.639008 ) (478 -702 -337 ) (478 -659 -337 ) 
4 122 128 (478 -194.499985 -352.639008 ) (472.887024 -206.430847 -352.639008 ) (472.887024 -206.430847 -337 ) (478 -194.499985 -337 ) 
4 122 123 (472.887024 -518 -337 ) (472.887024 -518 -340 ) (478 -518 -340 ) (478 -518 -337 ) 
4 122 125 (472.887024 -206.421875 -337 ) (472.887024 -206.421875 -352.639008 ) (472.887024 -518 -352.639008 ) (472.887024 -518 -337 ) 
4 123 125 (472.887024 -659 -340 ) (472.887024 -659 -337 ) (472.887024 -518 -337 ) (472.887024 -518 -340 ) 
4 123 124 (472.887024 -659 -337 ) (472.887024 -659 -340 ) (478 -659 -340 ) (478 -659 -337 ) 
4 124 125 (472.887024 -659 -352.639008 ) (472.887024 -702 -352.639008 ) (472.887024 -702 -337 ) (472.887024 -659 -337 ) 
4 125 132 (330.002258 -539.845154 -352.639008 ) (319.140686 -565.190063 -352.639008 ) (319.140686 -565.190002 -337 ) (330.003387 -539.842468 -337 ) 
4 125 130 (355.345856 -480.707184 -352.639008 ) (345.001007 -504.846344 -352.639008 ) (345.001007 -504.846283 -337 ) (355.345825 -480.707153 -337 ) 
4 125 128 (472.887024 -206.430847 -352.639008 ) (355.345856 -480.707184 -352.639008 ) (355.345825 -480.707153 -337 ) (472.887024 -206.430847 -337 ) 
4 125 127 (319.140686 -565.190063 -352.639008 ) (260.510742 -702 -352.639008 ) (260.510742 -702 -337 ) (319.140686 -565.190002 -337 ) 
4 126 147 (0 -702 -337 ) (0 -306.703461 -337 ) (0 -306.703491 -352.639008 ) (0 -702 -352.639008 ) 
4 126 146 (0 -306.703461 -337 ) (0 -94 -337 ) (0 -94 -352.639008 ) (0 -306.703491 -352.639008 ) 
4 126 131 (260 -469.844299 -352.639008 ) (270.862000 -444.497650 -352.639008 ) (270.862000 -444.497650 -337 ) (260 -469.844269 -337 ) 
4 126 129 (234.654572 -528.981689 -352.639008 ) (245 -504.843201 -352.639008 ) (245 -504.843201 -337 ) (234.654587 -528.981689 -337 ) 
4 126 128 (270.862000 -444.497650 -352.639008 ) (421.075256 -94 -352.639008 ) (421.075256 -94 -337 ) (270.862000 -444.497650 -337 ) 
4 126 127 (160.503906 -702 -337 ) (160.503906 -702 -352.639008 ) (234.654572 -528.981689 -352.639008 ) (234.654587 -528.981689 -337 ) 
4 127 132 (319.137909 -565.189270 -337 ) (319.137909 -565.189270 -352.639008 ) (295 -554.844788 -352.639008 ) (294.998108 -554.843750 -337 ) 
4 127 129 (260.001709 -539.845398 -352.639008 ) (234.652344 -528.981445 -352.639008 ) (234.652344 -528.981445 -337 ) (260.001740 -539.845398 -337 ) 
4 128 131 (270.861328 -444.497070 -337 ) (270.861328 -444.497070 -352.639008 ) (295.003265 -454.844360 -352.639008 ) (295.003265 -454.844360 -337 ) 
4 128 130 (330 -469.843964 -352.639008 ) (355.343994 -480.706543 -352.639008 ) (355.343994 -480.706543 -337 ) (330 -469.843964 -337 ) 
4 133 138 (116 -76 -491 ) (116 -84 -491 ) (26 -84 -491 ) (26 -76 -491 ) 
4 134 135 (26 -64 -509.500000 ) (26 -64 -491 ) (26 0 -491 ) (26 0 -509.500000 ) 
4 135 177 (0 0 -491 ) (0 0 -509.500000 ) (0 -64 -509.500000 ) (0 -64 -491 ) 
4 136 140 (26 -66 -1044 ) (26 -76 -1044 ) (26 -76 -512 ) (26 -66 -512 ) 
4 136 137 (116 -76 -1044 ) (140 -76 -1044 ) (140 -76 -512 ) (116 -76 -512 ) 
4 136 138 (26 -76 -512 ) (26 -76 -1044 ) (116 -76 -1044 ) (116 -76 -512 ) 
4 137 139 (116 -84 -1044 ) (140 -84 -1044 ) (140 -84 -512 ) (116 -84 -512 ) 
4 137 138 (116 -76 -512 ) (116 -76 -1044 ) (116 -84 -1044 ) (116 -84 -512 ) 
4 138 140 (26 -76 -1044 ) (26 -84 -1044 ) (26 -84 -512 ) (26 -76 -512 ) 
4 138 139 (26 -84 -512 ) (26 -84 -1044 ) (116 -84 -1044 ) (116 -84 -512 ) 
4 139 140 (26 -84 -1044 ) (26 -92 -1044 ) (26 -92 -512 ) (26 -84 -512 ) 
4 141 154 (-364 -64 1536.500000 ) (-364 0 1536.500000 ) (-364 0 -336.747986 ) (-364 -64 -336.747986 ) 
4 141 144 (-364 -64 -336.747986 ) (-364 0 -336.747986 ) (0 0 -336.747986 ) (0 -64 -336.747986 ) 
4 141 142 (-364 -64 1536.500000 ) (-364 -64 -319.979004 ) (0 -64 -319.979004 ) (0 -64 1536.500000 ) 
4 142 156 (-364 -64 -254 ) (-364 -64 -319.979004 ) (-364 -94 -319.979004 ) (-364 -94 -254 ) 
4 142 155 (-364 -94 1536.500000 ) (-364 -64 1536.500000 ) (-364 -64 -254 ) (-364 -94 -254 ) 
4 142 143 (-364 -94 1536.500000 ) (-364 -94 -319.979004 ) (0 -94 -319.979004 ) (0 -94 1536.500000 ) 
4 143 166 (-364 -702 -336.747986 ) (-364 -702 -254 ) (-364 -569 -254 ) (-364 -569 -336.747986 ) 
4 143 165 (-364 -569 -254 ) (-364 -561 -254 ) (-364 -561 -336.747986 ) (-364 -569 -336.747986 ) 
4 143 164 (-364 -561 -254 ) (-364 -444 -254 ) (-364 -444 -336.747986 ) (-364 -561 -336.747986 ) 
4 143 159 (-364 -94 -319.979004 ) (-364 -94 -336.747986 ) (-364 -444 -336.747986 ) (-364 -444 -319.979004 ) 
4 143 157 (-364 -444 -254 ) (-364 -321 -254 ) (-364 -321 -319.979004 ) (-364 -444 -319.979004 ) 
4 143 156 (-364 -321 -254 ) (-364 -94 -254 ) (-364 -94 -319.979004 ) (-364 -321 -319.979004 ) 
4 143 155 (-364 -702 -254 ) (-364 -702 1536.500000 ) (-364 -94 1536.500000 ) (-364 -94 -254 ) 
3 143 152 (-163 -266.843994 -336.747986 ) (-152.137405 -241.497925 -336.747986 ) (-127.996857 -251.844482 -336.747986 ) 
3 143 151 (-93 -266.844177 -336.747986 ) (-67.655899 -277.706421 -336.747986 ) (-78 -301.843628 -336.747986 ) 
3 143 150 (-188.344818 -325.981903 -336.747986 ) (-178 -301.844696 -336.747986 ) (-163 -336.843964 -336.747986 ) 
3 143 149 (-215.498550 -389.340607 -336.747986 ) (-188.344818 -325.981903 -336.747986 ) (-128 -351.843933 -336.747986 ) 
3 143 148 (-67.655899 -277.706421 -336.747986 ) (-11.331680 -301.846771 -336.747986 ) (-93 -336.845215 -336.747986 ) 
5 143 147 (0 -702 -336.747986 ) (-349.495453 -702 -336.747986 ) (-215.498550 -389.340607 -336.747986 ) (-11.331680 -301.846771 -336.747986 ) (0 -306.703491 -336.747986 ) 
4 143 146 (-152.137405 -241.497925 -336.747986 ) (-88.924011 -94 -336.747986 ) (0 -94 -336.747986 ) (0 -306.703491 -336.747986 ) 
4 143 145 (-349.495453 -702 -336.747986 ) (-364 -702 -336.747986 ) (-364 -94 -336.747986 ) (-88.924011 -94 -336.747986 ) 
4 144 154 (-364 -64 -336.747986 ) (-364 0 -336.747986 ) (-364 0 -352.639008 ) (-364 -64 -352.639008 ) 
4 144 153 (-364 -64 -352.639008 ) (-364 0 -352.639008 ) (0 0 -352.639008 ) (0 -64 -352.639008 ) 
4 145 166 (-364 -702 -345 ) (-364 -702 -336.747986 ) (-364 -569 -336.747986 ) (-364 -569 -345 ) 
4 145 165 (-364 -569 -336.747986 ) (-364 -561 -336.747986 ) (-364 -561 -345 ) (-364 -569 -345 ) 
4 145 164 (-364 -561 -336.747986 ) (-364 -444 -336.747986 ) (-364 -444 -352.639008 ) (-364 -561 -352.639008 ) 
4 145 159 (-364 -444 -336.747986 ) (-364 -94 -336.747986 ) (-364 -94 -352.639008 ) (-364 -444 -352.639008 ) 
4 145 152 (-163 -266.844330 -352.639008 ) (-152.137924 -241.497650 -352.639008 ) (-152.138046 -241.497604 -336.747986 ) (-163 -266.844421 -336.747986 ) 
4 145 150 (-188.345291 -325.981720 -352.639008 ) (-178 -301.844025 -352.639008 ) (-178 -301.843811 -336.747986 ) (-188.345490 -325.981628 -336.747986 ) 
4 145 149 (-215.499817 -389.342438 -352.639008 ) (-188.345291 -325.981720 -352.639008 ) (-188.345490 -325.981628 -336.747986 ) (-215.499527 -389.341064 -336.747986 ) 
4 145 147 (-349.495575 -702 -352.639008 ) (-215.499817 -389.342438 -352.639008 ) (-215.499527 -389.341064 -336.747986 ) (-349.496216 -702 -336.747986 ) 
4 145 146 (-152.137924 -241.497650 -352.639008 ) (-88.924797 -94 -352.639008 ) (-88.924797 -94 -336.747986 ) (-152.138046 -241.497604 -336.747986 ) 
4 146 152 (-152.138657 -241.498047 -336.747986 ) (-152.138657 -241.498047 -352.639008 ) (-127.997620 -251.844803 -352.639008 ) (-127.997589 -251.844803 -336.747986 ) 
4 146 151 (-93 -266.844971 -352.639008 ) (-67.656143 -277.706970 -352.639008 ) (-67.656113 -277.706909 -336.747986 ) (-93 -266.844910 -336.747986 ) 
4 146 148 (-67.656143 -277.706970 -352.639008 ) (-11.331024 -301.847748 -352.639008 ) (-11.332390 -301.847046 -336.747986 ) (-67.656113 -277.706909 -336.747986 ) 
4 146 147 (-11.331024 -301.847748 -352.639008 ) (0 -306.704193 -352.639008 ) (0 -306.704071 -336.747986 ) (-11.332390 -301.847046 -336.747986 ) 
4 147 149 (-128 -351.844238 -352.639008 ) (-215.499664 -389.341461 -352.639008 ) (-215.498993 -389.339905 -336.747986 ) (-128 -351.843597 -336.747986 ) 
4 147 148 (-11.331926 -301.846466 -336.747986 ) (-11.330447 -301.847107 -352.639008 ) (-93 -336.846008 -352.639008 ) (-93 -336.844482 -336.747986 ) 
4 148 151 (-67.657539 -277.706512 -336.747986 ) (-67.657539 -277.706512 -352.639008 ) (-78 -301.842133 -352.639008 ) (-78 -301.842133 -336.747986 ) 
4 149 150 (-163 -336.842499 -352.639008 ) (-188.346085 -325.979889 -352.639008 ) (-188.346085 -325.979889 -336.747986 ) (-163 -336.842499 -336.747986 ) 
4 153 177 (-364 0 -491 ) (0 0 -491 ) (0 -64 -491 ) (-364 -64 -491 ) 
4 153 154 (-364 0 -491 ) (-364 -64 -491 ) (-364 -64 -352.639008 ) (-364 0 -352.639008 ) 
4 154 179 (-510 -46 -491 ) (-510 -64 -491 ) (-510.333008 -64 -491 ) (-510.333008 -46 -491 ) 
4 154 178 (-510.333008 0 -491 ) (-510 0 -491 ) (-510 -46 -491 ) (-510.333008 -46 -491 ) 
4 154 177 (-510 0 -491 ) (-364 0 -491 ) (-364 -64 -491 ) (-510 -64 -491 ) 
4 154 156 (-364 -64 -319.979004 ) (-364 -64 -254 ) (-510.333008 -64 -254 ) (-510.333008 -64 -319.979004 ) 
4 154 155 (-364 -64 -254 ) (-364 -64 1536.500000 ) (-510.333008 -64 1536.500000 ) (-510.333008 -64 -254 ) 
4 155 168 (-510 -702 -254 ) (-510.333008 -702 -254 ) (-510.333008 -445 -254 ) (-510 -445 -254 ) 
4 155 166 (-364 -569 -254 ) (-364 -702 -254 ) (-370 -702 -254 ) (-370 -569 -254 ) 
4 155 167 (-370 -702 -254 ) (-510 -702 -254 ) (-510 -569 -254 ) (-370 -569 -254 ) 
4 155 165 (-364 -561 -254 ) (-364 -569 -254 ) (-510 -569 -254 ) (-510 -561 -254 ) 
4 155 164 (-364 -444 -254 ) (-364 -561 -254 ) (-510 -561 -254 ) (-510 -444 -254 ) 
4 155 157 (-364 -321 -254 ) (-364 -444 -254 ) (-510.333008 -444 -254 ) (-510.333008 -321 -254 ) 
4 155 156 (-510.333008 -64 -254 ) (-364 -64 -254 ) (-364 -321 -254 ) (-510.333008 -321 -254 ) 
4 156 160 (-510 -321 -319.979004 ) (-510.333008 -321 -319.979004 ) (-510.333008 -94 -319.979004 ) (-510 -94 -319.979004 ) 
4 156 159 (-364 -94 -319.979004 ) (-364 -321 -319.979004 ) (-510 -321 -319.979004 ) (-510 -94 -319.979004 ) 
4 156 157 (-510.333008 -321 -319.979004 ) (-364 -321 -319.979004 ) (-364 -321 -254 ) (-510.333008 -321 -254 ) 
4 157 164 (-364 -444 -319.979004 ) (-364 -444 -254 ) (-510 -444 -254 ) (-510 -444 -319.979004 ) 
4 157 161 (-510 -444 -319.979004 ) (-510.333008 -444 -319.979004 ) (-510.333008 -321 -319.979004 ) (-510 -321 -319.979004 ) 
4 157 159 (-364 -444 -319.979004 ) (-510 -444 -319.979004 ) (-510 -321 -319.979004 ) (-364 -321 -319.979004 ) 
4 157 158 (-510.333008 -321 -259 ) (-510.333008 -321 -319.979004 ) (-510.333008 -444 -319.979004 ) (-510.333008 -444 -259 ) 
4 158 171 (-512 -444 -319.979004 ) (-512 -444 -259 ) (-512 -321 -259 ) (-512 -321 -319.979004 ) 
4 158 161 (-510.333008 -444 -319.979004 ) (-512 -444 -319.979004 ) (-512 -321 -319.979004 ) (-510.333008 -321 -319.979004 ) 
4 159 164 (-364 -444 -352.639008 ) (-364 -444 -319.979004 ) (-510 -444 -319.979004 ) (-510 -444 -352.639008 ) 
4 159 162 (-510 -321 -352.639008 ) (-510 -321.719727 -352.639008 ) (-510 -326.980896 -350 ) (-510 -321 -350 ) 
4 159 161 (-510 -444 -350 ) (-510 -444 -319.979004 ) (-510 -321 -319.979004 ) (-510 -321 -350 ) 
4 159 160 (-510 -94 -319.979004 ) (-510 -94 -352.639008 ) (-510 -321 -352.639008 ) (-510 -321 -319.979004 ) 
4 160 162 (-510 -321 -352.639008 ) (-510 -321 -350 ) (-510.333008 -321 -350 ) (-510.333008 -321 -352.639008 ) 
4 160 161 (-510 -321 -350 ) (-510 -321 -319.979004 ) (-510.333008 -321 -319.979004 ) (-510.333008 -321 -350 ) 
4 161 171 (-512 -444 -350 ) (-512 -444 -319.979004 ) (-512 -321 -319.979004 ) (-512 -321 -350 ) 
4 161 163 (-512 -321 -350 ) (-511 -321 -350 ) (-511 -326.980927 -350 ) (-512 -326.980896 -350 ) 
4 161 162 (-511 -321 -350 ) (-510 -321 -350 ) (-510 -326.980927 -350 ) (-511 -326.980896 -350 ) 
4 162 163 (-511 -326.980896 -350 ) (-511 -321 -350 ) (-511 -321 -352.639008 ) (-511 -321.719727 -352.639008 ) 
3 163 172 (-512 -326.980896 -350 ) (-512 -321 -350 ) (-512 -321 -353 ) 
4 164 169 (-510 -448 -352.639008 ) (-510 -561 -352.639008 ) (-510 -561 -257 ) (-510 -448 -257 ) 
4 164 168 (-510 -561 -257 ) (-510 -561 -254 ) (-510 -445 -254 ) (-510 -445 -257 ) 
4 164 165 (-510 -561 -254 ) (-510 -561 -345 ) (-364 -561 -345 ) (-364 -561 -254 ) 
4 165 169 (-510 -569 -345 ) (-510 -569 -257 ) (-510 -561 -257 ) (-510 -561 -345 ) 
4 165 168 (-510 -569 -257 ) (-510 -569 -254 ) (-510 -561 -254 ) (-510 -561 -257 ) 
4 165 166 (-370 -569 -345 ) (-364 -569 -345 ) (-364 -569 -254 ) (-370 -569 -254 ) 
4 165 167 (-510 -569 -254 ) (-510 -569 -345 ) (-370 -569 -345 ) (-370 -569 -254 ) 
4 166 167 (-370 -569 -254 ) (-370 -569 -345 ) (-370 -702 -345 ) (-370 -702 -254 ) 
4 167 169 (-510 -569 -352.639008 ) (-510 -702 -352.639008 ) (-510 -702 -257 ) (-510 -569 -257 ) 
4 167 168 (-510 -702 -257 ) (-510 -702 -254 ) (-510 -569 -254 ) (-510 -569 -257 ) 
4 168 169 (-510 -448 -257 ) (-510 -702 -257 ) (-510.333008 -702 -257 ) (-510.333008 -448 -257 ) 
4 170 182 (-701 -2 -491 ) (-701 0 -491 ) (-515 0 -491 ) (-515 -2 -491 ) 
4 170 180 (-515 0 -491 ) (-513 0 -491 ) (-513 -2 -491 ) (-515 -2 -491 ) 
4 170 176 (-701 -2 -385 ) (-701 -2 -491 ) (-515 -2 -491 ) (-515 -2 -385 ) 
4 171 173 (-513 -444 -350 ) (-513 -444 -257 ) (-513 -321 -257 ) (-513 -321 -350 ) 
4 171 172 (-513 -326.980896 -350 ) (-513 -321 -350 ) (-512 -321 -350 ) (-512 -326.980927 -350 ) 
3 172 174 (-513 -326.980896 -350 ) (-513 -321 -350 ) (-513 -321 -353 ) 
4 173 175 (-515 -444 -350 ) (-515 -444 -257 ) (-515 -321 -257 ) (-515 -321 -350 ) 
4 173 174 (-515 -326.980896 -350 ) (-515 -321 -350 ) (-513 -321 -350 ) (-513 -326.980927 -350 ) 
3 174 176 (-515 -326.980896 -350 ) (-515 -321 -350 ) (-515 -321 -353 ) 
4 175 176 (-701 -2 -350 ) (-515 -2 -350 ) (-515 -327.001160 -350 ) (-701 -327.001160 -350 ) 
4 176 182 (-701 -43.072540 -491 ) (-701 -2 -491 ) (-515 -2 -491 ) (-515 -43.072552 -491 ) 
4 177 179 (-510 -46 -509.500000 ) (-510 -64 -509.500000 ) (-510 -64 -491 ) (-510 -46 -491 ) 
4 177 178 (-510 0 -509.500000 ) (-510 -46 -509.500000 ) (-510 -46 -491 ) (-510 0 -491 ) 
4 178 179 (-510.333008 -46 -509.500000 ) (-510 -46 -509.500000 ) (-510 -46 -491 ) (-510.333008 -46 -491 ) 
4 180 182 (-515 -2 -491 ) (-515 0 -491 ) (-515 0 -509.500000 ) (-515 -2 -509.500000 ) 
4 180 181 (-515 -2 -509.500000 ) (-515 0 -509.500000 ) (-513 0 -509.500000 ) (-513 -2 -509.500000 ) 
4 181 182 (-515 -2 -510 ) (-515 -2 -509.500000 ) (-515 0 -509.500000 ) (-515 0 -510 ) 
