


CustomMaterialManager: Cached KeyValues materials/models/weapons/v_models/knife_butterfly/knife_butterfly.vmt.
CustomMaterialManager: Cached KeyValues materials/models/weapons/v_models/knife_bayonet/knife_bayonet.vmt.
CustomMaterialManager: Cached KeyValues materials/models/weapons/v_models/knife_ct/knife_ct.vmt.
CustomMaterialManager: Cached KeyValues materials/models/weapons/v_models/knife_flip/knife_flip.vmt.
CustomMaterialManager: Cached KeyValues materials/models/weapons/v_models/knife_gut/knife_gut.vmt.
CustomMaterialManager: Cached KeyValues materials/models/weapons/v_models/knife_karam/karam.vmt.
CustomMaterialManager: Cached KeyValues materials/models/weapons/v_models/knife_m9_bay/knife_m9_bay.vmt.
CustomMaterialManager: Cached KeyValues materials/models/weapons/v_models/knife_t/knife_t.vmt.
CustomMaterialManager: Cached KeyValues materials/models/weapons/v_models/knife_tactical/knife_tactical.vmt.
CustomMaterialManager: Cached KeyValues materials/models/weapons/v_models/mach_m249para/m249.vmt.
CustomMaterialManager: Cached KeyValues materials/models/weapons/v_models/mach_negev/mach_negev.vmt.
CustomMaterialManager: Cached KeyValues materials/models/weapons/v_models/pist_223/pist_223.vmt.
CustomMaterialManager: Cached KeyValues materials/models/weapons/v_models/pist_cz_75/pist_cz_75.vmt.
CustomMaterialManager: Cached KeyValues materials/models/weapons/v_models/pist_deagle/pist_deagle.vmt.
CustomMaterialManager: Cached KeyValues materials/models/weapons/v_models/pist_elite/m9a1.vmt.
CustomMaterialManager: Cached KeyValues materials/models/weapons/v_models/pist_fiveseven/fiveseven.vmt.
CustomMaterialManager: Cached KeyValues materials/models/weapons/v_models/pist_glock18/pist_glock18.vmt.
CustomMaterialManager: Cached KeyValues materials/models/weapons/v_models/pist_hkp2000/pist_hkp2000.vmt.
CustomMaterialManager: Cached KeyValues materials/models/weapons/v_models/pist_p250/p250.vmt.
CustomMaterialManager: Cached KeyValues materials/models/weapons/v_models/pist_tec9/pist_tec9.vmt.
CustomMaterialManager: Cached KeyValues materials/models/weapons/v_models/rif_ak47/ak47.vmt.
CustomMaterialManager: Cached KeyValues materials/models/weapons/v_models/rif_aug/rif_aug.vmt.
CustomMaterialManager: Cached KeyValues materials/models/weapons/v_models/rif_famas/rif_famas.vmt.
CustomMaterialManager: Cached KeyValues materials/models/weapons/v_models/rif_galilar/rif_galilar.vmt.
CustomMaterialManager: Cached KeyValues materials/models/weapons/v_models/rif_m4a1/rif_m4a1.vmt.
CustomMaterialManager: Cached KeyValues materials/models/weapons/v_models/rif_m4a1_s/rif_m4a1_s.vmt.
CustomMaterialManager: Cached KeyValues materials/models/weapons/v_models/rif_sg556/rif_sg556.vmt.
CustomMaterialManager: Cached KeyValues materials/models/weapons/v_models/shot_mag7/shot_mag7.vmt.
CustomMaterialManager: Cached KeyValues materials/models/weapons/v_models/shot_nova/shot_nova.vmt.
CustomMaterialManager: Cached KeyValues materials/models/weapons/v_models/shot_sawedoff/shot_sawedoff_01.vmt.
CustomMaterialManager: Cached KeyValues materials/models/weapons/v_models/shot_xm1014/shot_xm1014.vmt.
CustomMaterialManager: Cached KeyValues materials/models/weapons/v_models/smg_bizon/bizon.vmt.
CustomMaterialManager: Cached KeyValues materials/models/weapons/v_models/smg_mac10/smg_mac10_1.vmt.
CustomMaterialManager: Cached KeyValues materials/models/weapons/v_models/smg_mp7/smg_mp7.vmt.
CustomMaterialManager: Cached KeyValues materials/models/weapons/v_models/smg_mp9/smg_mp9.vmt.
CustomMaterialManager: Cached KeyValues materials/models/weapons/v_models/smg_p90/smg_p90.vmt.
CustomMaterialManager: Cached KeyValues materials/models/weapons/v_models/smg_ump45/smg_ump45.vmt.
CustomMaterialManager: Cached KeyValues materials/models/weapons/v_models/snip_awp/awp.vmt.
CustomMaterialManager: Cached KeyValues materials/models/weapons/v_models/snip_g3sg1/snip_g3sg1.vmt.
CustomMaterialManager: Cached KeyValues materials/models/weapons/v_models/snip_scar20/snip_scar20.vmt.
CustomMaterialManager: Cached KeyValues materials/models/weapons/v_models/snip_ssg08/snip_ssg08.vmt.
CustomMaterialManager: Cached KeyValues materials/models/weapons/v_models/snip_ssg08/snip_ssg08_scope.vmt.
CustomMaterialManager: Cached KeyValues materials/models/weapons/v_models/knife_falchion_advanced/knife_falchion_advanced.vmt.
CustomMaterialManager: Cached KeyValues materials/models/weapons/v_models/knife_push/knife_push.vmt.
materialPath: C:\Program Files (x86)\Steam\steamapps\common\Counter-Strike Global Offensive\csgo\materials
Loading c:\users\viper\documents\github\vipersgitmapsrc\source_sdk_maps\cstrike_go\mapsrc\killhouse.vmf
Map revision 16
Material not found!: MITRICHONE/MP_KILLHOUSE/DE_CACHE_TELA_02
fixing up env_cubemap materials on brush sides...
0...1...2...3...4...5...6...7...8...9...100...1...2...3...4...5...6...7...8...9...10Processing areas...done (0)
Building Faces...done (0)
Chop Details...done (0)
Find Visible Detail Sides...
Merged 314 detail faces...done (0)
Merging details...done (0)
FixTjuncs...
PruneNodes...
WriteBSP...
done (0)
writing c:\users\viper\documents\github\vipersgitmapsrc\source_sdk_maps\cstrike_go\mapsrc\killhouse.prt...Building visibility clusters...
done (0)
Finding displacement neighbors...
Finding lightmap sample positions...
Displacement Alpha : 0...1...2...3...4...5...6...7...8...9...10
Building Physics collision data...
done (1) (600445 bytes)
Placing detail props : 0...1...2...3...4...5...6...7...8...9...10
Compacting texture/material tables...
Reduced 527 texinfos to 328
Reduced 68 texdatas to 64 (1648 bytes to 1518)
Writing c:\users\viper\documents\github\vipersgitmapsrc\source_sdk_maps\cstrike_go\mapsrc\killhouse.bsp
2 seconds elapsed



4 threads
reading c:\users\viper\documents\github\vipersgitmapsrc\source_sdk_maps\cstrike_go\mapsrc\killhouse.bsp
reading c:\users\viper\documents\github\vipersgitmapsrc\source_sdk_maps\cstrike_go\mapsrc\killhouse.prt
2498 portalclusters
8717 numportals
0...1...2...3...4...5...6...7...8...9...10Optimized: 44396 visible clusters (0.00%)
Total clusters visible: 5879440
Average clusters visible: 2353
Building PAS...
Average clusters audible: 2498
visdatasize:1573128  compressed from 1598720
writing c:\users\viper\documents\github\vipersgitmapsrc\source_sdk_maps\cstrike_go\mapsrc\killhouse.bsp
3 seconds elapsed



[Reading texlights from 'lights.rad']
[2 texlights parsed from 'lights.rad']

Loading c:\users\viper\documents\github\vipersgitmapsrc\source_sdk_maps\cstrike_go\mapsrc\killhouse.bsp
10501 faces
457938 square feet [65943196.00 square inches]
0 Displacements
0 Square Feet [0.00 Square Inches]
10501 patches before subdivision
50209 patches after subdivision
20 direct lights
0...1...2...3...4...5...6...7...8...9...100...1...2...3...4...5...6...7...8...9...10transfers 36375268, max 2955
transfer lists: 277.5 megs
0...1...2...3...4...5...6...7...8...9...10	Bounce #1 added RGB(160791, 114643, 58064)
0...1...2...3...4...5...6...7...8...9...10	Bounce #2 added RGB(35602, 23226, 9975)
Build Patch/Sample Hash Table(s).....Done<0.0147 sec>
0...1...2...3...4...5...6...7...8...9...10FinalLightFace Done
0 of 0 (0% of) surface lights went in leaf ambient cubes.
0...1...2...3...4...5...6...7...8...9...10Writing leaf ambient...done
Ready to Finish

Object names       Objects/Maxobjs  Memory / Maxmem  Fullness 
------------       ---------------  ---------------  -------- 
models                  51/1024         2448/49152    ( 5.0%) 
brushes               1598/8192        19176/98304    (19.5%) 
brushsides           14592/65536      116736/524288   (22.3%) 
planes                7200/65536      144000/1310720  (11.0%) 
vertexes             16168/65536      194016/786432   (24.7%) 
nodes                 5001/65536      160032/2097152  ( 7.6%) 
texinfos               328/12288       23616/884736   ( 2.7%) 
texdata                 64/2048         2048/65536    ( 3.1%) 
dispinfos                0/0               0/0        ( 0.0%) 
disp_verts               0/0               0/0        ( 0.0%) 
disp_tris                0/0               0/0        ( 0.0%) 
disp_multiblend          0/0               0/0        ( 0.0%) 
disp_lmsamples           0/0               0/0        ( 0.0%) 
faces                10501/65536      588056/3670016  (16.0%) 
hdr faces                0/65536           0/3670016  ( 0.0%) 
origfaces             6079/65536      340424/3670016  ( 9.3%) 
facebrushes            822/0            1644/0        ( 0.0%) 
facebrushlists       10501/0           42004/0        ( 0.0%) 
leaves                5053/65536      161696/2097152  ( 7.7%) 
leaffaces            13984/65536       27968/131072   (21.3%) 
leafbrushes           6607/65536       13214/131072   (10.1%) 
areas                    2/1024           16/8192     ( 0.2%) 
surfedges            79148/512000     316592/2048000  (15.5%) 
edges                44548/256000     178192/1024000  (17.4%) 
LDR worldlights         20/8192         2000/819200   ( 0.2%) 
HDR worldlights          0/8192            0/819200   ( 0.0%) 
leafwaterdata            0/32768           0/393216   ( 0.0%) 
waterstrips           1125/32768       11250/327680   ( 3.4%) 
waterverts               0/65536           0/786432   ( 0.0%) 
waterindices         26076/65536       52152/131072   (39.8%) 
cubemapsamples           0/1024            0/16384    ( 0.0%) 
overlays                76/1024        26752/360448   ( 7.4%) 
LDR lightdata         [variable]     3223039/0        ( 0.0%) 
HDR lightdata         [variable]           0/0        ( 0.0%) 
visdata               [variable]     1573128/16777216 ( 9.4%) 
entdata               [variable]       65427/393216   (16.6%) 
LDR ambient table     5053/65536       20212/262144   ( 7.7%) 
HDR ambient table     5053/65536       20212/262144   ( 7.7%) 
LDR leaf ambient     18396/65536      515088/1835008  (28.1%) 
HDR leaf ambient      5053/65536      141484/1835008  ( 7.7%) 
occluders                0/0               0/0        ( 0.0%) 
occluder polygons        0/0               0/0        ( 0.0%) 
occluder vert ind        0/0               0/0        ( 0.0%) 
detail props          [variable]           1/12       ( 8.3%) 
static props          [variable]           1/10904    ( 0.0%) 
pakfile               [variable]      149403/0        ( 0.0%) 
physics               [variable]      600445/4194304  (14.3%) 
physics terrain       [variable]           2/1048576  ( 0.0%) 

Level flags = 4

Total triangle count: 33818
Writing c:\users\viper\documents\github\vipersgitmapsrc\source_sdk_maps\cstrike_go\mapsrc\killhouse.bsp
1 minute, 7 seconds elapsed



CustomMaterialManager: Cached KeyValues materials/models/weapons/v_models/knife_butterfly/knife_butterfly.vmt.
CustomMaterialManager: Cached KeyValues materials/models/weapons/v_models/knife_bayonet/knife_bayonet.vmt.
CustomMaterialManager: Cached KeyValues materials/models/weapons/v_models/knife_ct/knife_ct.vmt.
CustomMaterialManager: Cached KeyValues materials/models/weapons/v_models/knife_flip/knife_flip.vmt.
CustomMaterialManager: Cached KeyValues materials/models/weapons/v_models/knife_gut/knife_gut.vmt.
CustomMaterialManager: Cached KeyValues materials/models/weapons/v_models/knife_karam/karam.vmt.
CustomMaterialManager: Cached KeyValues materials/models/weapons/v_models/knife_m9_bay/knife_m9_bay.vmt.
CustomMaterialManager: Cached KeyValues materials/models/weapons/v_models/knife_t/knife_t.vmt.
CustomMaterialManager: Cached KeyValues materials/models/weapons/v_models/knife_tactical/knife_tactical.vmt.
CustomMaterialManager: Cached KeyValues materials/models/weapons/v_models/mach_m249para/m249.vmt.
CustomMaterialManager: Cached KeyValues materials/models/weapons/v_models/mach_negev/mach_negev.vmt.
CustomMaterialManager: Cached KeyValues materials/models/weapons/v_models/pist_223/pist_223.vmt.
CustomMaterialManager: Cached KeyValues materials/models/weapons/v_models/pist_cz_75/pist_cz_75.vmt.
CustomMaterialManager: Cached KeyValues materials/models/weapons/v_models/pist_deagle/pist_deagle.vmt.
CustomMaterialManager: Cached KeyValues materials/models/weapons/v_models/pist_elite/m9a1.vmt.
CustomMaterialManager: Cached KeyValues materials/models/weapons/v_models/pist_fiveseven/fiveseven.vmt.
CustomMaterialManager: Cached KeyValues materials/models/weapons/v_models/pist_glock18/pist_glock18.vmt.
CustomMaterialManager: Cached KeyValues materials/models/weapons/v_models/pist_hkp2000/pist_hkp2000.vmt.
CustomMaterialManager: Cached KeyValues materials/models/weapons/v_models/pist_p250/p250.vmt.
CustomMaterialManager: Cached KeyValues materials/models/weapons/v_models/pist_tec9/pist_tec9.vmt.
CustomMaterialManager: Cached KeyValues materials/models/weapons/v_models/rif_ak47/ak47.vmt.
CustomMaterialManager: Cached KeyValues materials/models/weapons/v_models/rif_aug/rif_aug.vmt.
CustomMaterialManager: Cached KeyValues materials/models/weapons/v_models/rif_famas/rif_famas.vmt.
CustomMaterialManager: Cached KeyValues materials/models/weapons/v_models/rif_galilar/rif_galilar.vmt.
CustomMaterialManager: Cached KeyValues materials/models/weapons/v_models/rif_m4a1/rif_m4a1.vmt.
CustomMaterialManager: Cached KeyValues materials/models/weapons/v_models/rif_m4a1_s/rif_m4a1_s.vmt.
CustomMaterialManager: Cached KeyValues materials/models/weapons/v_models/rif_sg556/rif_sg556.vmt.
CustomMaterialManager: Cached KeyValues materials/models/weapons/v_models/shot_mag7/shot_mag7.vmt.
CustomMaterialManager: Cached KeyValues materials/models/weapons/v_models/shot_nova/shot_nova.vmt.
CustomMaterialManager: Cached KeyValues materials/models/weapons/v_models/shot_sawedoff/shot_sawedoff_01.vmt.
CustomMaterialManager: Cached KeyValues materials/models/weapons/v_models/shot_xm1014/shot_xm1014.vmt.
CustomMaterialManager: Cached KeyValues materials/models/weapons/v_models/smg_bizon/bizon.vmt.
CustomMaterialManager: Cached KeyValues materials/models/weapons/v_models/smg_mac10/smg_mac10_1.vmt.
CustomMaterialManager: Cached KeyValues materials/models/weapons/v_models/smg_mp7/smg_mp7.vmt.
CustomMaterialManager: Cached KeyValues materials/models/weapons/v_models/smg_mp9/smg_mp9.vmt.
CustomMaterialManager: Cached KeyValues materials/models/weapons/v_models/smg_p90/smg_p90.vmt.
CustomMaterialManager: Cached KeyValues materials/models/weapons/v_models/smg_ump45/smg_ump45.vmt.
CustomMaterialManager: Cached KeyValues materials/models/weapons/v_models/snip_awp/awp.vmt.
CustomMaterialManager: Cached KeyValues materials/models/weapons/v_models/snip_g3sg1/snip_g3sg1.vmt.
CustomMaterialManager: Cached KeyValues materials/models/weapons/v_models/snip_scar20/snip_scar20.vmt.
CustomMaterialManager: Cached KeyValues materials/models/weapons/v_models/snip_ssg08/snip_ssg08.vmt.
CustomMaterialManager: Cached KeyValues materials/models/weapons/v_models/snip_ssg08/snip_ssg08_scope.vmt.
CustomMaterialManager: Cached KeyValues materials/models/weapons/v_models/knife_falchion_advanced/knife_falchion_advanced.vmt.
CustomMaterialManager: Cached KeyValues materials/models/weapons/v_models/knife_push/knife_push.vmt.
materialPath: C:\Program Files (x86)\Steam\steamapps\common\Counter-Strike Global Offensive\csgo\materials
Loading c:\users\viper\documents\github\vipersgitmapsrc\source_sdk_maps\cstrike_go\mapsrc\killhouse.vmf
Map revision 16
Material not found!: MITRICHONE/MP_KILLHOUSE/DE_CACHE_TELA_02
fixing up env_cubemap materials on brush sides...
0...1...2...3...4...5...6...7...8...9...100...1...2...3...4...5...6...7...8...9...10Processing areas...done (0)
Building Faces...done (0)
Chop Details...done (0)
Find Visible Detail Sides...
Merged 314 detail faces...done (0)
Merging details...done (0)
FixTjuncs...
PruneNodes...
WriteBSP...
done (1)
writing c:\users\viper\documents\github\vipersgitmapsrc\source_sdk_maps\cstrike_go\mapsrc\killhouse.prt...Building visibility clusters...
done (0)
Finding displacement neighbors...
Finding lightmap sample positions...
Displacement Alpha : 0...1...2...3...4...5...6...7...8...9...10
Building Physics collision data...
done (0) (600445 bytes)
Placing detail props : 0...1...2...3...4...5...6...7...8...9...10
Compacting texture/material tables...
Reduced 527 texinfos to 328
Reduced 68 texdatas to 64 (1648 bytes to 1518)
Writing c:\users\viper\documents\github\vipersgitmapsrc\source_sdk_maps\cstrike_go\mapsrc\killhouse.bsp
2 seconds elapsed



4 threads
reading c:\users\viper\documents\github\vipersgitmapsrc\source_sdk_maps\cstrike_go\mapsrc\killhouse.bsp
reading c:\users\viper\documents\github\vipersgitmapsrc\source_sdk_maps\cstrike_go\mapsrc\killhouse.prt
2498 portalclusters
8717 numportals
0...1...2...3...4...5...6...7...8...9...100...1...2


CustomMaterialManager: Cached KeyValues materials/models/weapons/v_models/knife_butterfly/knife_butterfly.vmt.
CustomMaterialManager: Cached KeyValues materials/models/weapons/v_models/knife_bayonet/knife_bayonet.vmt.
CustomMaterialManager: Cached KeyValues materials/models/weapons/v_models/knife_ct/knife_ct.vmt.
CustomMaterialManager: Cached KeyValues materials/models/weapons/v_models/knife_flip/knife_flip.vmt.
CustomMaterialManager: Cached KeyValues materials/models/weapons/v_models/knife_gut/knife_gut.vmt.
CustomMaterialManager: Cached KeyValues materials/models/weapons/v_models/knife_karam/karam.vmt.
CustomMaterialManager: Cached KeyValues materials/models/weapons/v_models/knife_m9_bay/knife_m9_bay.vmt.
CustomMaterialManager: Cached KeyValues materials/models/weapons/v_models/knife_t/knife_t.vmt.
CustomMaterialManager: Cached KeyValues materials/models/weapons/v_models/knife_tactical/knife_tactical.vmt.
CustomMaterialManager: Cached KeyValues materials/models/weapons/v_models/mach_m249para/m249.vmt.
CustomMaterialManager: Cached KeyValues materials/models/weapons/v_models/mach_negev/mach_negev.vmt.
CustomMaterialManager: Cached KeyValues materials/models/weapons/v_models/pist_223/pist_223.vmt.
CustomMaterialManager: Cached KeyValues materials/models/weapons/v_models/pist_cz_75/pist_cz_75.vmt.
CustomMaterialManager: Cached KeyValues materials/models/weapons/v_models/pist_deagle/pist_deagle.vmt.
CustomMaterialManager: Cached KeyValues materials/models/weapons/v_models/pist_elite/m9a1.vmt.
CustomMaterialManager: Cached KeyValues materials/models/weapons/v_models/pist_fiveseven/fiveseven.vmt.
CustomMaterialManager: Cached KeyValues materials/models/weapons/v_models/pist_glock18/pist_glock18.vmt.
CustomMaterialManager: Cached KeyValues materials/models/weapons/v_models/pist_hkp2000/pist_hkp2000.vmt.
CustomMaterialManager: Cached KeyValues materials/models/weapons/v_models/pist_p250/p250.vmt.
CustomMaterialManager: Cached KeyValues materials/models/weapons/v_models/pist_tec9/pist_tec9.vmt.
CustomMaterialManager: Cached KeyValues materials/models/weapons/v_models/rif_ak47/ak47.vmt.
CustomMaterialManager: Cached KeyValues materials/models/weapons/v_models/rif_aug/rif_aug.vmt.
CustomMaterialManager: Cached KeyValues materials/models/weapons/v_models/rif_famas/rif_famas.vmt.
CustomMaterialManager: Cached KeyValues materials/models/weapons/v_models/rif_galilar/rif_galilar.vmt.
CustomMaterialManager: Cached KeyValues materials/models/weapons/v_models/rif_m4a1/rif_m4a1.vmt.
CustomMaterialManager: Cached KeyValues materials/models/weapons/v_models/rif_m4a1_s/rif_m4a1_s.vmt.
CustomMaterialManager: Cached KeyValues materials/models/weapons/v_models/rif_sg556/rif_sg556.vmt.
CustomMaterialManager: Cached KeyValues materials/models/weapons/v_models/shot_mag7/shot_mag7.vmt.
CustomMaterialManager: Cached KeyValues materials/models/weapons/v_models/shot_nova/shot_nova.vmt.
CustomMaterialManager: Cached KeyValues materials/models/weapons/v_models/shot_sawedoff/shot_sawedoff_01.vmt.
CustomMaterialManager: Cached KeyValues materials/models/weapons/v_models/shot_xm1014/shot_xm1014.vmt.
CustomMaterialManager: Cached KeyValues materials/models/weapons/v_models/smg_bizon/bizon.vmt.
CustomMaterialManager: Cached KeyValues materials/models/weapons/v_models/smg_mac10/smg_mac10_1.vmt.
CustomMaterialManager: Cached KeyValues materials/models/weapons/v_models/smg_mp7/smg_mp7.vmt.
CustomMaterialManager: Cached KeyValues materials/models/weapons/v_models/smg_mp9/smg_mp9.vmt.
CustomMaterialManager: Cached KeyValues materials/models/weapons/v_models/smg_p90/smg_p90.vmt.
CustomMaterialManager: Cached KeyValues materials/models/weapons/v_models/smg_ump45/smg_ump45.vmt.
CustomMaterialManager: Cached KeyValues materials/models/weapons/v_models/snip_awp/awp.vmt.
CustomMaterialManager: Cached KeyValues materials/models/weapons/v_models/snip_g3sg1/snip_g3sg1.vmt.
CustomMaterialManager: Cached KeyValues materials/models/weapons/v_models/snip_scar20/snip_scar20.vmt.
CustomMaterialManager: Cached KeyValues materials/models/weapons/v_models/snip_ssg08/snip_ssg08.vmt.
CustomMaterialManager: Cached KeyValues materials/models/weapons/v_models/snip_ssg08/snip_ssg08_scope.vmt.
CustomMaterialManager: Cached KeyValues materials/models/weapons/v_models/knife_falchion_advanced/knife_falchion_advanced.vmt.
CustomMaterialManager: Cached KeyValues materials/models/weapons/v_models/knife_push/knife_push.vmt.
materialPath: C:\Program Files (x86)\Steam\steamapps\common\Counter-Strike Global Offensive\csgo\materials
Loading c:\users\viper\documents\github\vipersgitmapsrc\source_sdk_maps\cstrike_go\mapsrc\killhouse.vmf
Map revision 17
Material not found!: MITRICHONE/MP_KILLHOUSE/DE_CACHE_TELA_02
fixing up env_cubemap materials on brush sides...
0...1...2...3...4...5...6...7...8...9...100...1...2...3...4...5...6...7...8...9...10Processing areas...done (0)
Building Faces...done (0)
Chop Details...done (0)
Find Visible Detail Sides...
Merged 314 detail faces...done (0)
Merging details...done (0)
FixTjuncs...
PruneNodes...
WriteBSP...
done (0)
writing c:\users\viper\documents\github\vipersgitmapsrc\source_sdk_maps\cstrike_go\mapsrc\killhouse.prt...Building visibility clusters...
done (0)
Finding displacement neighbors...
Finding lightmap sample positions...
Displacement Alpha : 0...1...2...3...4...5...6...7...8...9...10
Building Physics collision data...
done (1) (600445 bytes)
Placing detail props : 0...1...2...3...4...5...6...7...8...9...10
Compacting texture/material tables...
Reduced 666 texinfos to 392
Reduced 91 texdatas to 81 (2792 bytes to 2524)
Writing c:\users\viper\documents\github\vipersgitmapsrc\source_sdk_maps\cstrike_go\mapsrc\killhouse.bsp
2 seconds elapsed



4 threads
reading c:\users\viper\documents\github\vipersgitmapsrc\source_sdk_maps\cstrike_go\mapsrc\killhouse.bsp
reading c:\users\viper\documents\github\vipersgitmapsrc\source_sdk_maps\cstrike_go\mapsrc\killhouse.prt
2498 portalclusters
8717 numportals
0...1...2...3...4...5...6...7...8...9...10Optimized: 44396 visible clusters (0.00%)
Total clusters visible: 5879440
Average clusters visible: 2353
Building PAS...
Average clusters audible: 2498
visdatasize:1573128  compressed from 1598720
writing c:\users\viper\documents\github\vipersgitmapsrc\source_sdk_maps\cstrike_go\mapsrc\killhouse.bsp
3 seconds elapsed



[Reading texlights from 'lights.rad']
[2 texlights parsed from 'lights.rad']

Loading c:\users\viper\documents\github\vipersgitmapsrc\source_sdk_maps\cstrike_go\mapsrc\killhouse.bsp
10500 faces
457938 square feet [65943196.00 square inches]
0 Displacements
0 Square Feet [0.00 Square Inches]
10500 patches before subdivision
50200 patches after subdivision
20 direct lights
0...1...2...3...4...5...6...7...8...9...100...1...2...3...4...5...6...7...8...9...10transfers 36370407, max 2955
transfer lists: 277.5 megs
0...1...2...3...4...5...6...7...8...9...10	Bounce #1 added RGB(160763, 114623, 58054)
0...1...2...3...4...5...6...7...8...9...10	Bounce #2 added RGB(35600, 23223, 9974)
Build Patch/Sample Hash Table(s).....Done<0.0105 sec>
0...1...2...3...4...5...6...7...8...9...10FinalLightFace Done
0 of 0 (0% of) surface lights went in leaf ambient cubes.
0...1...2...3...4...5...6...7...8...9...10Writing leaf ambient...done
Ready to Finish

Object names       Objects/Maxobjs  Memory / Maxmem  Fullness 
------------       ---------------  ---------------  -------- 
models                  51/1024         2448/49152    ( 5.0%) 
brushes               1598/8192        19176/98304    (19.5%) 
brushsides           14592/65536      116736/524288   (22.3%) 
planes                7200/65536      144000/1310720  (11.0%) 
vertexes             16166/65536      193992/786432   (24.7%) 
nodes                 5001/65536      160032/2097152  ( 7.6%) 
texinfos               392/12288       28224/884736   ( 3.2%) 
texdata                 81/2048         2592/65536    ( 4.0%) 
dispinfos                0/0               0/0        ( 0.0%) 
disp_verts               0/0               0/0        ( 0.0%) 
disp_tris                0/0               0/0        ( 0.0%) 
disp_multiblend          0/0               0/0        ( 0.0%) 
disp_lmsamples           0/0               0/0        ( 0.0%) 
faces                10500/65536      588000/3670016  (16.0%) 
hdr faces                0/65536           0/3670016  ( 0.0%) 
origfaces             6087/65536      340872/3670016  ( 9.3%) 
facebrushes            788/0            1576/0        ( 0.0%) 
facebrushlists       10500/0           42000/0        ( 0.0%) 
leaves                5053/65536      161696/2097152  ( 7.7%) 
leaffaces            13985/65536       27970/131072   (21.3%) 
leafbrushes           6607/65536       13214/131072   (10.1%) 
areas                    2/1024           16/8192     ( 0.2%) 
surfedges            79172/512000     316688/2048000  (15.5%) 
edges                44548/256000     178192/1024000  (17.4%) 
LDR worldlights         20/8192         2000/819200   ( 0.2%) 
HDR worldlights          0/8192            0/819200   ( 0.0%) 
leafwaterdata            0/32768           0/393216   ( 0.0%) 
waterstrips           1123/32768       11230/327680   ( 3.4%) 
waterverts               0/65536           0/786432   ( 0.0%) 
waterindices         26064/65536       52128/131072   (39.8%) 
cubemapsamples           5/1024           80/16384    ( 0.5%) 
overlays                76/1024        26752/360448   ( 7.4%) 
LDR lightdata         [variable]     3222916/0        ( 0.0%) 
HDR lightdata         [variable]           0/0        ( 0.0%) 
visdata               [variable]     1573128/16777216 ( 9.4%) 
entdata               [variable]       65427/393216   (16.6%) 
LDR ambient table     5053/65536       20212/262144   ( 7.7%) 
HDR ambient table     5053/65536       20212/262144   ( 7.7%) 
LDR leaf ambient     18397/65536      515116/1835008  (28.1%) 
HDR leaf ambient      5053/65536      141484/1835008  ( 7.7%) 
occluders                0/0               0/0        ( 0.0%) 
occluder polygons        0/0               0/0        ( 0.0%) 
occluder vert ind        0/0               0/0        ( 0.0%) 
detail props          [variable]           1/12       ( 8.3%) 
static props          [variable]           1/10904    ( 0.0%) 
pakfile               [variable]      454556/0        ( 0.0%) 
physics               [variable]      600445/4194304  (14.3%) 
physics terrain       [variable]           2/1048576  ( 0.0%) 

Level flags = 4

Total triangle count: 33812
Writing c:\users\viper\documents\github\vipersgitmapsrc\source_sdk_maps\cstrike_go\mapsrc\killhouse.bsp
51 seconds elapsed



CustomMaterialManager: Cached KeyValues materials/models/weapons/v_models/knife_butterfly/knife_butterfly.vmt.
CustomMaterialManager: Cached KeyValues materials/models/weapons/v_models/knife_bayonet/knife_bayonet.vmt.
CustomMaterialManager: Cached KeyValues materials/models/weapons/v_models/knife_ct/knife_ct.vmt.
CustomMaterialManager: Cached KeyValues materials/models/weapons/v_models/knife_flip/knife_flip.vmt.
CustomMaterialManager: Cached KeyValues materials/models/weapons/v_models/knife_gut/knife_gut.vmt.
CustomMaterialManager: Cached KeyValues materials/models/weapons/v_models/knife_karam/karam.vmt.
CustomMaterialManager: Cached KeyValues materials/models/weapons/v_models/knife_m9_bay/knife_m9_bay.vmt.
CustomMaterialManager: Cached KeyValues materials/models/weapons/v_models/knife_t/knife_t.vmt.
CustomMaterialManager: Cached KeyValues materials/models/weapons/v_models/knife_tactical/knife_tactical.vmt.
CustomMaterialManager: Cached KeyValues materials/models/weapons/v_models/mach_m249para/m249.vmt.
CustomMaterialManager: Cached KeyValues materials/models/weapons/v_models/mach_negev/mach_negev.vmt.
CustomMaterialManager: Cached KeyValues materials/models/weapons/v_models/pist_223/pist_223.vmt.
CustomMaterialManager: Cached KeyValues materials/models/weapons/v_models/pist_cz_75/pist_cz_75.vmt.
CustomMaterialManager: Cached KeyValues materials/models/weapons/v_models/pist_deagle/pist_deagle.vmt.
CustomMaterialManager: Cached KeyValues materials/models/weapons/v_models/pist_elite/m9a1.vmt.
CustomMaterialManager: Cached KeyValues materials/models/weapons/v_models/pist_fiveseven/fiveseven.vmt.
CustomMaterialManager: Cached KeyValues materials/models/weapons/v_models/pist_glock18/pist_glock18.vmt.
CustomMaterialManager: Cached KeyValues materials/models/weapons/v_models/pist_hkp2000/pist_hkp2000.vmt.
CustomMaterialManager: Cached KeyValues materials/models/weapons/v_models/pist_p250/p250.vmt.
CustomMaterialManager: Cached KeyValues materials/models/weapons/v_models/pist_tec9/pist_tec9.vmt.
CustomMaterialManager: Cached KeyValues materials/models/weapons/v_models/rif_ak47/ak47.vmt.
CustomMaterialManager: Cached KeyValues materials/models/weapons/v_models/rif_aug/rif_aug.vmt.
CustomMaterialManager: Cached KeyValues materials/models/weapons/v_models/rif_famas/rif_famas.vmt.
CustomMaterialManager: Cached KeyValues materials/models/weapons/v_models/rif_galilar/rif_galilar.vmt.
CustomMaterialManager: Cached KeyValues materials/models/weapons/v_models/rif_m4a1/rif_m4a1.vmt.
CustomMaterialManager: Cached KeyValues materials/models/weapons/v_models/rif_m4a1_s/rif_m4a1_s.vmt.
CustomMaterialManager: Cached KeyValues materials/models/weapons/v_models/rif_sg556/rif_sg556.vmt.
CustomMaterialManager: Cached KeyValues materials/models/weapons/v_models/shot_mag7/shot_mag7.vmt.
CustomMaterialManager: Cached KeyValues materials/models/weapons/v_models/shot_nova/shot_nova.vmt.
CustomMaterialManager: Cached KeyValues materials/models/weapons/v_models/shot_sawedoff/shot_sawedoff_01.vmt.
CustomMaterialManager: Cached KeyValues materials/models/weapons/v_models/shot_xm1014/shot_xm1014.vmt.
CustomMaterialManager: Cached KeyValues materials/models/weapons/v_models/smg_bizon/bizon.vmt.
CustomMaterialManager: Cached KeyValues materials/models/weapons/v_models/smg_mac10/smg_mac10_1.vmt.
CustomMaterialManager: Cached KeyValues materials/models/weapons/v_models/smg_mp7/smg_mp7.vmt.
CustomMaterialManager: Cached KeyValues materials/models/weapons/v_models/smg_mp9/smg_mp9.vmt.
CustomMaterialManager: Cached KeyValues materials/models/weapons/v_models/smg_p90/smg_p90.vmt.
CustomMaterialManager: Cached KeyValues materials/models/weapons/v_models/smg_ump45/smg_ump45.vmt.
CustomMaterialManager: Cached KeyValues materials/models/weapons/v_models/snip_awp/awp.vmt.
CustomMaterialManager: Cached KeyValues materials/models/weapons/v_models/snip_g3sg1/snip_g3sg1.vmt.
CustomMaterialManager: Cached KeyValues materials/models/weapons/v_models/snip_scar20/snip_scar20.vmt.
CustomMaterialManager: Cached KeyValues materials/models/weapons/v_models/snip_ssg08/snip_ssg08.vmt.
CustomMaterialManager: Cached KeyValues materials/models/weapons/v_models/snip_ssg08/snip_ssg08_scope.vmt.
CustomMaterialManager: Cached KeyValues materials/models/weapons/v_models/knife_falchion_advanced/knife_falchion_advanced.vmt.
CustomMaterialManager: Cached KeyValues materials/models/weapons/v_models/knife_push/knife_push.vmt.
materialPath: C:\Program Files (x86)\Steam\steamapps\common\Counter-Strike Global Offensive\csgo\materials
Loading c:\users\viper\documents\github\vipersgitmapsrc\source_sdk_maps\cstrike_go\mapsrc\killhouse.vmf
Map revision 17
Material not found!: MITRICHONE/MP_KILLHOUSE/DE_CACHE_TELA_02
fixing up env_cubemap materials on brush sides...
0...1...2...3...4...5...6...7...8...9...100...1...2...3...4...5...6...7...8...9...10Processing areas...done (0)
Building Faces...done (0)
Chop Details...done (0)
Find Visible Detail Sides...
Merged 314 detail faces...done (0)
Merging details...done (0)
FixTjuncs...
PruneNodes...
WriteBSP...
done (0)
writing c:\users\viper\documents\github\vipersgitmapsrc\source_sdk_maps\cstrike_go\mapsrc\killhouse.prt...Building visibility clusters...
done (0)
Finding displacement neighbors...
Finding lightmap sample positions...
Displacement Alpha : 0...1...2...3...4...5...6...7...8...9...10
Building Physics collision data...
done (1) (600445 bytes)
Placing detail props : 0...1...2...3...4...5...6...7...8...9...10
Compacting texture/material tables...
Reduced 666 texinfos to 392
Reduced 91 texdatas to 81 (2792 bytes to 2524)
Writing c:\users\viper\documents\github\vipersgitmapsrc\source_sdk_maps\cstrike_go\mapsrc\killhouse.bsp
2 seconds elapsed



4 threads
reading c:\users\viper\documents\github\vipersgitmapsrc\source_sdk_maps\cstrike_go\mapsrc\killhouse.bsp
reading c:\users\viper\documents\github\vipersgitmapsrc\source_sdk_maps\cstrike_go\mapsrc\killhouse.prt
2498 portalclusters
8717 numportals
0...1...2...3...4...5...6...7...8...9...10Optimized: 44396 visible clusters (0.00%)
Total clusters visible: 5879440
Average clusters visible: 2353
Building PAS...
Average clusters audible: 2498
visdatasize:1573128  compressed from 1598720
writing c:\users\viper\documents\github\vipersgitmapsrc\source_sdk_maps\cstrike_go\mapsrc\killhouse.bsp
2 seconds elapsed



[Reading texlights from 'lights.rad']
[2 texlights parsed from 'lights.rad']

Loading c:\users\viper\documents\github\vipersgitmapsrc\source_sdk_maps\cstrike_go\mapsrc\killhouse.bsp
10500 faces
457938 square feet [65943196.00 square inches]
0 Displacements
0 Square Feet [0.00 Square Inches]
10500 patches before subdivision
50200 patches after subdivision
20 direct lights
0...1...2...3...4...5...6...7...8...9...100...1...2...3...4...5...6...7...8...9...10transfers 36370407, max 2955
transfer lists: 277.5 megs
0...1...2...3...4...5...6...7...8...9...10	Bounce #1 added RGB(160763, 114623, 58054)
0...1...2...3...4...5...6...7...8...9...10	Bounce #2 added RGB(35600, 23223, 9974)
Build Patch/Sample Hash Table(s).....Done<0.0180 sec>
0...1...2...3...4...5...6...7...8...9...10FinalLightFace Done
0 of 0 (0% of) surface lights went in leaf ambient cubes.
0...1...2...3...4...5...6...7...8...9...10Writing leaf ambient...done
Ready to Finish

Object names       Objects/Maxobjs  Memory / Maxmem  Fullness 
------------       ---------------  ---------------  -------- 
models                  51/1024         2448/49152    ( 5.0%) 
brushes               1598/8192        19176/98304    (19.5%) 
brushsides           14592/65536      116736/524288   (22.3%) 
planes                7200/65536      144000/1310720  (11.0%) 
vertexes             16166/65536      193992/786432   (24.7%) 
nodes                 5001/65536      160032/2097152  ( 7.6%) 
texinfos               392/12288       28224/884736   ( 3.2%) 
texdata                 81/2048         2592/65536    ( 4.0%) 
dispinfos                0/0               0/0        ( 0.0%) 
disp_verts               0/0               0/0        ( 0.0%) 
disp_tris                0/0               0/0        ( 0.0%) 
disp_multiblend          0/0               0/0        ( 0.0%) 
disp_lmsamples           0/0               0/0        ( 0.0%) 
faces                10500/65536      588000/3670016  (16.0%) 
hdr faces                0/65536           0/3670016  ( 0.0%) 
origfaces             6087/65536      340872/3670016  ( 9.3%) 
facebrushes            788/0            1576/0        ( 0.0%) 
facebrushlists       10500/0           42000/0        ( 0.0%) 
leaves                5053/65536      161696/2097152  ( 7.7%) 
leaffaces            13985/65536       27970/131072   (21.3%) 
leafbrushes           6607/65536       13214/131072   (10.1%) 
areas                    2/1024           16/8192     ( 0.2%) 
surfedges            79172/512000     316688/2048000  (15.5%) 
edges                44548/256000     178192/1024000  (17.4%) 
LDR worldlights         20/8192         2000/819200   ( 0.2%) 
HDR worldlights          0/8192            0/819200   ( 0.0%) 
leafwaterdata            0/32768           0/393216   ( 0.0%) 
waterstrips           1123/32768       11230/327680   ( 3.4%) 
waterverts               0/65536           0/786432   ( 0.0%) 
waterindices         26064/65536       52128/131072   (39.8%) 
cubemapsamples           5/1024           80/16384    ( 0.5%) 
overlays                76/1024        26752/360448   ( 7.4%) 
LDR lightdata         [variable]     3222916/0        ( 0.0%) 
HDR lightdata         [variable]           0/0        ( 0.0%) 
visdata               [variable]     1573128/16777216 ( 9.4%) 
entdata               [variable]       65427/393216   (16.6%) 
LDR ambient table     5053/65536       20212/262144   ( 7.7%) 
HDR ambient table     5053/65536       20212/262144   ( 7.7%) 
LDR leaf ambient     18397/65536      515116/1835008  (28.1%) 
HDR leaf ambient      5053/65536      141484/1835008  ( 7.7%) 
occluders                0/0               0/0        ( 0.0%) 
occluder polygons        0/0               0/0        ( 0.0%) 
occluder vert ind        0/0               0/0        ( 0.0%) 
detail props          [variable]           1/12       ( 8.3%) 
static props          [variable]           1/10904    ( 0.0%) 
pakfile               [variable]      454556/0        ( 0.0%) 
physics               [variable]      600445/4194304  (14.3%) 
physics terrain       [variable]           2/1048576  ( 0.0%) 

Level flags = 4

Total triangle count: 33812
Writing c:\users\viper\documents\github\vipersgitmapsrc\source_sdk_maps\cstrike_go\mapsrc\killhouse.bsp
51 seconds elapsed



CustomMaterialManager: Cached KeyValues materials/models/weapons/v_models/knife_butterfly/knife_butterfly.vmt.
CustomMaterialManager: Cached KeyValues materials/models/weapons/v_models/knife_bayonet/knife_bayonet.vmt.
CustomMaterialManager: Cached KeyValues materials/models/weapons/v_models/knife_ct/knife_ct.vmt.
CustomMaterialManager: Cached KeyValues materials/models/weapons/v_models/knife_flip/knife_flip.vmt.
CustomMaterialManager: Cached KeyValues materials/models/weapons/v_models/knife_gut/knife_gut.vmt.
CustomMaterialManager: Cached KeyValues materials/models/weapons/v_models/knife_karam/karam.vmt.
CustomMaterialManager: Cached KeyValues materials/models/weapons/v_models/knife_m9_bay/knife_m9_bay.vmt.
CustomMaterialManager: Cached KeyValues materials/models/weapons/v_models/knife_t/knife_t.vmt.
CustomMaterialManager: Cached KeyValues materials/models/weapons/v_models/knife_tactical/knife_tactical.vmt.
CustomMaterialManager: Cached KeyValues materials/models/weapons/v_models/mach_m249para/m249.vmt.
CustomMaterialManager: Cached KeyValues materials/models/weapons/v_models/mach_negev/mach_negev.vmt.
CustomMaterialManager: Cached KeyValues materials/models/weapons/v_models/pist_223/pist_223.vmt.
CustomMaterialManager: Cached KeyValues materials/models/weapons/v_models/pist_cz_75/pist_cz_75.vmt.
CustomMaterialManager: Cached KeyValues materials/models/weapons/v_models/pist_deagle/pist_deagle.vmt.
CustomMaterialManager: Cached KeyValues materials/models/weapons/v_models/pist_elite/m9a1.vmt.
CustomMaterialManager: Cached KeyValues materials/models/weapons/v_models/pist_fiveseven/fiveseven.vmt.
CustomMaterialManager: Cached KeyValues materials/models/weapons/v_models/pist_glock18/pist_glock18.vmt.
CustomMaterialManager: Cached KeyValues materials/models/weapons/v_models/pist_hkp2000/pist_hkp2000.vmt.
CustomMaterialManager: Cached KeyValues materials/models/weapons/v_models/pist_p250/p250.vmt.
CustomMaterialManager: Cached KeyValues materials/models/weapons/v_models/pist_tec9/pist_tec9.vmt.
CustomMaterialManager: Cached KeyValues materials/models/weapons/v_models/rif_ak47/ak47.vmt.
CustomMaterialManager: Cached KeyValues materials/models/weapons/v_models/rif_aug/rif_aug.vmt.
CustomMaterialManager: Cached KeyValues materials/models/weapons/v_models/rif_famas/rif_famas.vmt.
CustomMaterialManager: Cached KeyValues materials/models/weapons/v_models/rif_galilar/rif_galilar.vmt.
CustomMaterialManager: Cached KeyValues materials/models/weapons/v_models/rif_m4a1/rif_m4a1.vmt.
CustomMaterialManager: Cached KeyValues materials/models/weapons/v_models/rif_m4a1_s/rif_m4a1_s.vmt.
CustomMaterialManager: Cached KeyValues materials/models/weapons/v_models/rif_sg556/rif_sg556.vmt.
CustomMaterialManager: Cached KeyValues materials/models/weapons/v_models/shot_mag7/shot_mag7.vmt.
CustomMaterialManager: Cached KeyValues materials/models/weapons/v_models/shot_nova/shot_nova.vmt.
CustomMaterialManager: Cached KeyValues materials/models/weapons/v_models/shot_sawedoff/shot_sawedoff_01.vmt.
CustomMaterialManager: Cached KeyValues materials/models/weapons/v_models/shot_xm1014/shot_xm1014.vmt.
CustomMaterialManager: Cached KeyValues materials/models/weapons/v_models/smg_bizon/bizon.vmt.
CustomMaterialManager: Cached KeyValues materials/models/weapons/v_models/smg_mac10/smg_mac10_1.vmt.
CustomMaterialManager: Cached KeyValues materials/models/weapons/v_models/smg_mp7/smg_mp7.vmt.
CustomMaterialManager: Cached KeyValues materials/models/weapons/v_models/smg_mp9/smg_mp9.vmt.
CustomMaterialManager: Cached KeyValues materials/models/weapons/v_models/smg_p90/smg_p90.vmt.
CustomMaterialManager: Cached KeyValues materials/models/weapons/v_models/smg_ump45/smg_ump45.vmt.
CustomMaterialManager: Cached KeyValues materials/models/weapons/v_models/snip_awp/awp.vmt.
CustomMaterialManager: Cached KeyValues materials/models/weapons/v_models/snip_g3sg1/snip_g3sg1.vmt.
CustomMaterialManager: Cached KeyValues materials/models/weapons/v_models/snip_scar20/snip_scar20.vmt.
CustomMaterialManager: Cached KeyValues materials/models/weapons/v_models/snip_ssg08/snip_ssg08.vmt.
CustomMaterialManager: Cached KeyValues materials/models/weapons/v_models/snip_ssg08/snip_ssg08_scope.vmt.
CustomMaterialManager: Cached KeyValues materials/models/weapons/v_models/knife_falchion_advanced/knife_falchion_advanced.vmt.
CustomMaterialManager: Cached KeyValues materials/models/weapons/v_models/knife_push/knife_push.vmt.
materialPath: C:\Program Files (x86)\Steam\steamapps\common\Counter-Strike Global Offensive\csgo\materials
Loading c:\users\viper\documents\github\vipersgitmapsrc\source_sdk_maps\cstrike_go\mapsrc\killhouse.vmf
Map revision 18
Material not found!: MITRICHONE/MP_KILLHOUSE/DE_CACHE_TELA_02
fixing up env_cubemap materials on brush sides...
0...1...2...3...4...5...6...7...8...9...100...1...2...3...4...5...6...7...8...9...10Processing areas...done (0)
Building Faces...done (0)
Chop Details...done (0)
Find Visible Detail Sides...
Merged 314 detail faces...done (0)
Merging details...done (0)
FixTjuncs...
PruneNodes...
WriteBSP...
done (1)
writing c:\users\viper\documents\github\vipersgitmapsrc\source_sdk_maps\cstrike_go\mapsrc\killhouse.prt...Building visibility clusters...
done (0)
Finding displacement neighbors...
Finding lightmap sample positions...
Displacement Alpha : 0...1...2...3...4...5...6...7...8...9...10
Building Physics collision data...
done (0) (600445 bytes)
Placing detail props : 0...1...2...3...4...5...6...7...8...9...10
Compacting texture/material tables...
Reduced 666 texinfos to 392
Reduced 91 texdatas to 81 (2792 bytes to 2524)
Writing c:\users\viper\documents\github\vipersgitmapsrc\source_sdk_maps\cstrike_go\mapsrc\killhouse.bsp
2 seconds elapsed



4 threads
reading c:\users\viper\documents\github\vipersgitmapsrc\source_sdk_maps\cstrike_go\mapsrc\killhouse.bsp
reading c:\users\viper\documents\github\vipersgitmapsrc\source_sdk_maps\cstrike_go\mapsrc\killhouse.prt
2498 portalclusters
8717 numportals
0...1...2...3...4...5...6...7...8...9...10Optimized: 44396 visible clusters (0.00%)
Total clusters visible: 5879440
Average clusters visible: 2353
Building PAS...
Average clusters audible: 2498
visdatasize:1573128  compressed from 1598720
writing c:\users\viper\documents\github\vipersgitmapsrc\source_sdk_maps\cstrike_go\mapsrc\killhouse.bsp
3 seconds elapsed



[Reading texlights from 'lights.rad']
[2 texlights parsed from 'lights.rad']

Loading c:\users\viper\documents\github\vipersgitmapsrc\source_sdk_maps\cstrike_go\mapsrc\killhouse.bsp
10500 faces
457938 square feet [65943196.00 square inches]
0 Displacements
0 Square Feet [0.00 Square Inches]
10500 patches before subdivision
50200 patches after subdivision
20 direct lights
0...1...2...3...4...5...6...7...8...9...100...1...2...3...4...5...6...7...8...9...10transfers 36370407, max 2955
transfer lists: 277.5 megs
0...1...2...3...4...5...6...7...8...9...10	Bounce #1 added RGB(160763, 114623, 58054)
0...1...2...3...4...5...6...7...8...9...10	Bounce #2 added RGB(35600, 23223, 9974)
Build Patch/Sample Hash Table(s).....Done<0.0184 sec>
0...1...2...3...4...5...6...7...8...9...10FinalLightFace Done
0 of 0 (0% of) surface lights went in leaf ambient cubes.
0...1...2...3...4...5...6...7...8...9...10Writing leaf ambient...done
Ready to Finish

Object names       Objects/Maxobjs  Memory / Maxmem  Fullness 
------------       ---------------  ---------------  -------- 
models                  51/1024         2448/49152    ( 5.0%) 
brushes               1598/8192        19176/98304    (19.5%) 
brushsides           14592/65536      116736/524288   (22.3%) 
planes                7200/65536      144000/1310720  (11.0%) 
vertexes             16166/65536      193992/786432   (24.7%) 
nodes                 5001/65536      160032/2097152  ( 7.6%) 
texinfos               392/12288       28224/884736   ( 3.2%) 
texdata                 81/2048         2592/65536    ( 4.0%) 
dispinfos                0/0               0/0        ( 0.0%) 
disp_verts               0/0               0/0        ( 0.0%) 
disp_tris                0/0               0/0        ( 0.0%) 
disp_multiblend          0/0               0/0        ( 0.0%) 
disp_lmsamples           0/0               0/0        ( 0.0%) 
faces                10500/65536      588000/3670016  (16.0%) 
hdr faces                0/65536           0/3670016  ( 0.0%) 
origfaces             6087/65536      340872/3670016  ( 9.3%) 
facebrushes            788/0            1576/0        ( 0.0%) 
facebrushlists       10500/0           42000/0        ( 0.0%) 
leaves                5053/65536      161696/2097152  ( 7.7%) 
leaffaces            13985/65536       27970/131072   (21.3%) 
leafbrushes           6607/65536       13214/131072   (10.1%) 
areas                    2/1024           16/8192     ( 0.2%) 
surfedges            79172/512000     316688/2048000  (15.5%) 
edges                44548/256000     178192/1024000  (17.4%) 
LDR worldlights         20/8192         2000/819200   ( 0.2%) 
HDR worldlights          0/8192            0/819200   ( 0.0%) 
leafwaterdata            0/32768           0/393216   ( 0.0%) 
waterstrips           1123/32768       11230/327680   ( 3.4%) 
waterverts               0/65536           0/786432   ( 0.0%) 
waterindices         26064/65536       52128/131072   (39.8%) 
cubemapsamples           5/1024           80/16384    ( 0.5%) 
overlays                76/1024        26752/360448   ( 7.4%) 
LDR lightdata         [variable]     3222916/0        ( 0.0%) 
HDR lightdata         [variable]           0/0        ( 0.0%) 
visdata               [variable]     1573128/16777216 ( 9.4%) 
entdata               [variable]       65365/393216   (16.6%) 
LDR ambient table     5053/65536       20212/262144   ( 7.7%) 
HDR ambient table     5053/65536       20212/262144   ( 7.7%) 
LDR leaf ambient     18397/65536      515116/1835008  (28.1%) 
HDR leaf ambient      5053/65536      141484/1835008  ( 7.7%) 
occluders                0/0               0/0        ( 0.0%) 
occluder polygons        0/0               0/0        ( 0.0%) 
occluder vert ind        0/0               0/0        ( 0.0%) 
detail props          [variable]           1/12       ( 8.3%) 
static props          [variable]           1/10904    ( 0.0%) 
pakfile               [variable]      454556/0        ( 0.0%) 
physics               [variable]      600445/4194304  (14.3%) 
physics terrain       [variable]           2/1048576  ( 0.0%) 

Level flags = 4

Total triangle count: 33812
Writing c:\users\viper\documents\github\vipersgitmapsrc\source_sdk_maps\cstrike_go\mapsrc\killhouse.bsp
51 seconds elapsed
