


materialPath: C:\Program Files (x86)\Steam\steamapps\sourcemods\mod_episodic\materials
Loading c:\users\viper\documents\github\vipersgitmapsrc\source_sdk_maps\smi\mapsrc\gmz_construct_build_2.vmf
Error! Variable "$surfaceprop" is multiply defined in material "gm_construct/grass-sand"!
Error! Variable "$surfaceprop" is multiply defined in material "gm_construct/grass-sand"!
material "maps/gm_construct/gm_construct/grass-sand_13_wvt_patch" not found.
Material not found!: MAPS/GM_CONSTRUCT/GM_CONSTRUCT/GRASS-SAND_13_WVT_PATCH
ConVarRef mat_reduceparticles doesn't point to an existing ConVar
Patching WVT material: maps/gmz_construct_build_2/nature/blenddirtmud003a_wvt_patch
Patching WVT material: maps/gmz_construct_build_2/gm_construct/grass-sand_wvt_patch
fixing up env_cubemap materials on brush sides...
0...1...2...3...4...5...6...7...8...9...100...1...2...3...4...5...6...7...8...9...10Processing areas...done (0)
Building Faces...done (0)
Chop Details...done (0)
Find Visible Detail Sides...
Merged 490 detail faces...done (0)
Merging details...done (0)
FixTjuncs...
PruneNodes...
WriteBSP...
done (1)
writing c:\users\viper\documents\github\vipersgitmapsrc\source_sdk_maps\smi\mapsrc\gmz_construct_build_2.prt...Building visibility clusters...
done (0)
Creating default LDR cubemaps for env_cubemap using skybox materials:
   skybox/sky_ep02_05*.vmt
 ! Run buildcubemaps in the engine to get the correct cube maps.
Creating default HDR cubemaps for env_cubemap using skybox materials:
   skybox/sky_ep02_05*.vmt
 ! Run buildcubemaps in the engine to get the correct cube maps.
Finding displacement neighbors...
Finding lightmap sample positions...
Displacement Alpha : 0...1...2...3...4...5...6...7...8...9...10
Building Physics collision data...
WARNING: Map using power 4 displacements, terrain physics cannot be compressed, map will need additional memory and CPU.
done (1) (2344038 bytes)
Error! prop_static using model "models/props_lab/monitor02.mdl", which must be used on a dynamic entity (i.e. prop_physics). Deleted.
Error loading studio model "models/props_lab/monitor02.mdl"!
Error! prop_static using model "models/props_c17/hospital_shelf01.mdl", which must be used on a dynamic entity (i.e. prop_physics). Deleted.
Error loading studio model "models/props_c17/hospital_shelf01.mdl"!
Placing detail props : 0...1...2...3...4...5...6...7...8...9...10
Compacting texture/material tables...
Reduced 4436 texinfos to 2383
Reduced 467 texdatas to 373 (27583 bytes to 23405)
Writing c:\users\viper\documents\github\vipersgitmapsrc\source_sdk_maps\smi\mapsrc\gmz_construct_build_2.bsp
6 seconds elapsed



4 threads
reading c:\users\viper\documents\github\vipersgitmapsrc\source_sdk_maps\smi\mapsrc\gmz_construct_build_2.bsp
reading c:\users\viper\documents\github\vipersgitmapsrc\source_sdk_maps\smi\mapsrc\gmz_construct_build_2.prt
1514 portalclusters
4120 numportals
0...1...2...3...4...5...6...7...8...9...100...1...2...3...4...5...6...7...8...9...10Optimized: 5080 visible clusters (0.77%)
Total clusters visible: 663746
Average clusters visible: 438
Building PAS...
Average clusters audible: 1068
visdatasize:453364  compressed from 581376
writing c:\users\viper\documents\github\vipersgitmapsrc\source_sdk_maps\smi\mapsrc\gmz_construct_build_2.bsp
3 minutes, 56 seconds elapsed



[Reading texlights from 'lights.rad']
[48 texlights parsed from 'lights.rad']

Loading c:\users\viper\documents\github\vipersgitmapsrc\source_sdk_maps\smi\mapsrc\gmz_construct_build_2.bsp
13237 faces
5 degenerate faces
10210386 square feet [1470295552.00 square inches]
89 Displacements
433326 Square Feet [62398972.00 Square Inches]
13232 patches before subdivision
288858 patches after subdivision
light has _fifty_percent_distance of 130.000000 but _zero_percent_distance of 0.000000
light has _fifty_percent_distance of 260.000000 but _zero_percent_distance of 0.000000
light has _fifty_percent_distance of 120.000000 but _zero_percent_distance of 0.000000
light has _fifty_percent_distance of 120.000000 but _zero_percent_distance of 0.000000
65 direct lights
0
WARNING: Too many light styles on a face at (841.722473, -1164.899902, 15.000000)

WARNING: Too many light styles on a face at (846.498169, -1148.001709, 15.000000)

WARNING: Too many light styles on a face at (1823.000000, 5217.000000, 168.000000)

WARNING: Too many light styles on a face at (1796.000000, -1284.000000, -9.000000)

WARNING: Too many light styles on a face at (1796.000000, -1161.000000, -12.000001)

WARNING: Too many light styles on a face at (-3962.000000, -1756.000000, -111.000000)
..
WARNING: Too many light styles on a face at (680.000000, -1000.000000, 111.000000)

WARNING: Too many light styles on a face at (847.493408, -1169.000000, 8.002345)

WARNING: Too many light styles on a face at (826.500000, -1169.000000, 8.000000)

WARNING: Too many light styles on a face at (846.495605, -1169.000000, 17.998045)
.1
WARNING: Too many light styles on a face at (-4049.000000, -1749.500000, -79.000000)

WARNING: Too many light styles on a face at (-3887.000000, -1657.500000, -79.000000)
.
WARNING: Too many light styles on a face at (830.000000, -1165.462524, 7.986484)

WARNING: Too many light styles on a face at (878.981506, -1145.000000, -10.167355)

WARNING: Too many light styles on a face at (854.146423, -1145.000000, 16.729593)

WARNING: Too many light styles on a face at (846.480103, -1145.000000, 7.795740)

WARNING: Too many light styles on a face at (846.513245, -1145.000000, 18.019802)

WARNING: Too many light styles on a face at (1002.385132, -1145.000000, -90.094002)

WARNING: Too many light styles on a face at (1042.457031, -1145.000000, -111.058594)

WARNING: Too many light styles on a face at (-3846.000000, -1613.000000, -109.000000)

WARNING: Too many light styles on a face at (-3864.000000, -1657.000000, -109.000000)

WARNING: Too many light styles on a face at (-3848.000000, -1745.000000, -109.000000)

WARNING: Too many light styles on a face at (-3930.000000, -1743.000000, -109.000000)

WARNING: Too many light styles on a face at (-3866.000000, -1789.000000, -109.000000)

WARNING: Too many light styles on a face at (1527.000000, 856.000000, 8.000000)
..2.
WARNING: Too many light styles on a face at (796.000000, -1238.500000, -93.875000)

WARNING: Too many light styles on a face at (796.000000, -1238.500000, -121.500000)
..3.
WARNING: Too many light styles on a face at (885.000000, -1142.000244, -11.793243)

WARNING: Too many light styles on a face at (854.000000, -1142.000000, 6.237094)

WARNING: Too many light styles on a face at (851.000000, -1165.500000, 8.000000)

WARNING: Too many light styles on a face at (851.000000, -1160.000000, 18.000000)

WARNING: Too many light styles on a face at (846.500000, -1142.000000, 21.000000)

WARNING: Too many light styles on a face at (831.236938, -1168.900146, 17.999548)

WARNING: Too many light styles on a face at (851.526367, -1142.000000, 19.993347)
.
WARNING: Too many light styles on a face at (807.000000, -1302.500000, -28.000002)

WARNING: Too many light styles on a face at (893.000000, -1128.770020, -104.000000)
.4
WARNING: Too many light styles on a face at (1791.000000, -1294.000000, -134.000015)

WARNING: Too many light styles on a face at (1791.000000, -1294.000000, -10.000000)

WARNING: Too many light styles on a face at (1791.000000, -1158.000000, -134.000015)

WARNING: Too many light styles on a face at (1791.000000, -1158.000000, -10.000000)

WARNING: Too many light styles on a face at (1791.000000, -1170.000122, -2.000000)

WARNING: Too many light styles on a face at (1791.000000, -1294.000000, -2.000000)

WARNING: Too many light styles on a face at (1029.759888, 6463.000000, 175.999985)

WARNING: Too many light styles on a face at (1687.222534, 6391.362305, 183.999969)

WARNING: Too many light styles on a face at (1770.500000, 5217.000000, 152.000000)

WARNING: Too many light styles on a face at (1653.000000, 5592.000000, 168.000000)

WARNING: Too many light styles on a face at (1659.000000, 5217.000000, 152.000000)
..
WARNING: Too many light styles on a face at (1679.000000, 2784.000000, 85.000000)

WARNING: Too many light styles on a face at (1679.000000, 2784.000000, 81.250000)

WARNING: Too many light styles on a face at (1679.000000, 3043.000000, 76.750000)

WARNING: Too many light styles on a face at (1679.000000, 2784.000000, 76.750000)
.5.
WARNING: Too many light styles on a face at (1538.663818, 1819.397705, -31.000000)

WARNING: Too many light styles on a face at (1234.544312, 1110.849976, -143.000015)

WARNING: Too many light styles on a face at (1168.000000, 1096.000000, -143.000000)

WARNING: Too many light styles on a face at (1176.625366, 1402.639526, -66.869148)

WARNING: Too many light styles on a face at (1168.000000, 1008.000000, -143.000000)

WARNING: Too many light styles on a face at (1239.421265, 906.999756, -143.000015)

WARNING: Too many light styles on a face at (1762.000000, 682.000000, -143.000000)

WARNING: Too many light styles on a face at (1714.000000, 689.000000, -143.000000)

WARNING: Too many light styles on a face at (1202.000000, 350.000000, -143.000000)

WARNING: Too many light styles on a face at (1714.000000, 714.000000, -143.000000)

WARNING: Too many light styles on a face at (1170.000000, 474.000000, -143.000000)

WARNING: Too many light styles on a face at (1282.000000, 6.000000, -143.000000)

WARNING: Too many light styles on a face at (1170.000000, 598.000000, -143.000000)

WARNING: Too many light styles on a face at (1358.000000, 226.000000, -143.000000)

WARNING: Too many light styles on a face at (1290.000000, 666.000000, -143.000000)

WARNING: Too many light styles on a face at (1294.000000, 350.000000, -143.000000)

WARNING: Too many light styles on a face at (1294.000000, 474.000000, -143.000000)

WARNING: Too many light styles on a face at (1294.000000, 566.000000, -143.000000)

WARNING: Too many light styles on a face at (1294.000000, 846.000000, -143.000000)

WARNING: Too many light styles on a face at (1418.000000, 846.000000, -143.000000)

WARNING: Too many light styles on a face at (1466.000000, 722.000000, -143.000000)

WARNING: Too many light styles on a face at (1542.000000, 722.000000, -143.000000)

WARNING: Too many light styles on a face at (1658.000000, 842.000000, -143.000000)

WARNING: Too many light styles on a face at (1666.000000, 722.000000, -143.000000)

WARNING: Too many light styles on a face at (1666.000000, 750.000000, -143.000000)

WARNING: Too many light styles on a face at (1340.540039, 849.059998, -142.000000)

WARNING: Too many light styles on a face at (1464.540039, 849.059998, -142.000000)

WARNING: Too many light styles on a face at (1227.080078, 884.119995, -142.000000)
.
WARNING: Too many light styles on a face at (1106.000000, 57.999992, -143.000000)

WARNING: Too many light styles on a face at (1090.000000, 134.000000, -142.000000)

WARNING: Too many light styles on a face at (1106.000000, -2.000000, -143.000000)

WARNING: Too many light styles on a face at (1246.000000, -126.000008, -143.000000)

WARNING: Too many light styles on a face at (1342.000000, -50.000004, -143.000000)
.
WARNING: Too many light styles on a face at (1791.000000, -1145.079956, 46.729919)

WARNING: Too many light styles on a face at (1543.129395, -1058.000000, -143.000000)

WARNING: Too many light styles on a face at (1667.129639, -1058.000000, -143.000000)

WARNING: Too many light styles on a face at (1419.129395, -1058.000000, -143.000000)

WARNING: Too many light styles on a face at (1295.129150, -1058.000000, -143.000000)

WARNING: Too many light styles on a face at (1186.000000, -1058.000000, -143.000000)

WARNING: Too many light styles on a face at (1110.000000, -1058.000000, -143.000000)

WARNING: Too many light styles on a face at (1646.000000, -1146.000000, -143.000000)

WARNING: Too many light styles on a face at (1770.000000, -1146.000000, -143.000000)

WARNING: Too many light styles on a face at (1522.000000, -1146.000000, -143.000000)

WARNING: Too many light styles on a face at (1398.000000, -1146.000000, -143.000000)

WARNING: Too many light styles on a face at (1274.000000, -1146.000000, -143.000000)

WARNING: Too many light styles on a face at (1150.000000, -1146.000000, -143.000000)

WARNING: Too many light styles on a face at (1026.000000, -1146.000000, -143.000000)

WARNING: Too many light styles on a face at (1157.839966, -1057.000000, 46.660004)

WARNING: Too many light styles on a face at (1526.920044, -1057.000000, 46.660004)

WARNING: Too many light styles on a face at (1160.000000, -1064.000000, 47.000000)

WARNING: Too many light styles on a face at (1528.000000, -1064.000000, 47.000000)

WARNING: Too many light styles on a face at (1030.474854, -1145.000000, -138.916702)

WARNING: Too many light styles on a face at (1032.543335, -1095.999878, -133.929916)

WARNING: Too many light styles on a face at (1791.000000, -1801.619995, 46.660004)

WARNING: Too many light styles on a face at (1791.000000, -1305.620117, 46.660004)

WARNING: Too many light styles on a face at (1791.000000, -1808.500000, -17.270081)
6
WARNING: Too many light styles on a face at (1791.000000, -1655.079956, -141.000000)

WARNING: Too many light styles on a face at (1791.000000, -1801.079956, -17.270081)

WARNING: Too many light styles on a face at (1791.000000, -1684.579956, -17.270081)

WARNING: Too many light styles on a face at (1791.000000, -1157.079956, 46.729919)

WARNING: Too many light styles on a face at (1791.000000, -1289.119995, 46.660004)

WARNING: Too many light styles on a face at (1791.000000, -1667.579956, -17.270081)

WARNING: Too many light styles on a face at (1804.000000, -1164.000000, -9.000000)

WARNING: Too many light styles on a face at (1794.000000, -1162.000000, -143.000000)

WARNING: Too many light styles on a face at (1802.000000, -1162.000000, -143.000000)

WARNING: Too many light styles on a face at (1803.445313, -1161.000000, -10.009998)

WARNING: Too many light styles on a face at (1516.500000, -1160.000000, 47.000000)

WARNING: Too many light styles on a face at (1516.500000, -1656.000122, 47.000000)

WARNING: Too many light styles on a face at (1032.000000, -1160.000000, 47.000000)

WARNING: Too many light styles on a face at (1032.000000, -1656.000122, 47.000000)

WARNING: Too many light styles on a face at (1519.500000, -1650.000488, -143.000000)

WARNING: Too many light styles on a face at (1519.500000, -1774.000610, -143.000000)

WARNING: Too many light styles on a face at (1519.500000, -1526.000366, -143.000000)

WARNING: Too many light styles on a face at (1519.500000, -1402.000244, -143.000000)

WARNING: Too many light styles on a face at (1519.500000, -1278.000122, -143.000000)

WARNING: Too many light styles on a face at (1519.500000, -1154.000000, -143.000000)

WARNING: Too many light styles on a face at (1643.500000, -1650.000488, -143.000000)

WARNING: Too many light styles on a face at (1643.500000, -1774.000610, -143.000000)

WARNING: Too many light styles on a face at (1643.500000, -1526.000366, -143.000000)

WARNING: Too many light styles on a face at (1643.500000, -1402.000244, -143.000000)

WARNING: Too many light styles on a face at (1643.500000, -1278.000122, -143.000000)

WARNING: Too many light styles on a face at (1643.500000, -1154.000000, -143.000000)

WARNING: Too many light styles on a face at (1643.500000, -1808.500000, -143.000000)

WARNING: Too many light styles on a face at (1519.500000, -1808.500000, -143.000000)

WARNING: Too many light styles on a face at (1703.500000, -1526.000366, -143.000000)

WARNING: Too many light styles on a face at (1703.500000, -1650.000488, -143.000000)

WARNING: Too many light styles on a face at (1703.500000, -1402.000244, -143.000000)

WARNING: Too many light styles on a face at (1703.500000, -1278.000122, -143.000000)

WARNING: Too many light styles on a face at (1703.500000, -1154.000000, -143.000000)

WARNING: Too many light styles on a face at (1514.500000, -1650.000488, -143.000000)

WARNING: Too many light styles on a face at (1514.500000, -1774.000610, -143.000000)

WARNING: Too many light styles on a face at (1514.500000, -1526.000366, -143.000000)

WARNING: Too many light styles on a face at (1514.500000, -1402.000244, -143.000000)

WARNING: Too many light styles on a face at (1514.500000, -1278.000122, -143.000000)

WARNING: Too many light styles on a face at (1514.500000, -1154.000000, -143.000000)

WARNING: Too many light styles on a face at (1026.000000, -1898.000732, -143.000000)

WARNING: Too many light styles on a face at (1026.000000, -2022.000854, -143.000000)

WARNING: Too many light styles on a face at (1026.000000, -1774.000610, -143.000000)

WARNING: Too many light styles on a face at (1026.000000, -1650.000488, -143.000000)

WARNING: Too many light styles on a face at (1026.000000, -1526.000366, -143.000000)

WARNING: Too many light styles on a face at (1026.000000, -1402.000244, -143.000000)

WARNING: Too many light styles on a face at (1026.000000, -1278.000122, -143.000000)

WARNING: Too many light styles on a face at (1026.000000, -1154.000000, -143.000000)

WARNING: Too many light styles on a face at (1150.000000, -1898.000732, -143.000000)

WARNING: Too many light styles on a face at (1150.000000, -1774.000610, -143.000000)

WARNING: Too many light styles on a face at (1150.000000, -1650.000488, -143.000000)

WARNING: Too many light styles on a face at (1150.000000, -1526.000366, -143.000000)

WARNING: Too many light styles on a face at (1150.000000, -1402.000244, -143.000000)

WARNING: Too many light styles on a face at (1150.000000, -1278.000122, -143.000000)

WARNING: Too many light styles on a face at (1150.000000, -1154.000000, -143.000000)

WARNING: Too many light styles on a face at (1274.000000, -1898.000732, -143.000000)

WARNING: Too many light styles on a face at (1274.000000, -1774.000610, -143.000000)

WARNING: Too many light styles on a face at (1274.000000, -1650.000488, -143.000000)

WARNING: Too many light styles on a face at (1274.000000, -1526.000366, -143.000000)

WARNING: Too many light styles on a face at (1274.000000, -1402.000244, -143.000000)

WARNING: Too many light styles on a face at (1274.000000, -1278.000122, -143.000000)

WARNING: Too many light styles on a face at (1274.000000, -1154.000000, -143.000000)

WARNING: Too many light styles on a face at (1398.000000, -1774.000610, -143.000000)

WARNING: Too many light styles on a face at (1398.000000, -1650.000488, -143.000000)

WARNING: Too many light styles on a face at (1398.000000, -1526.000366, -143.000000)

WARNING: Too many light styles on a face at (1398.000000, -1402.000244, -143.000000)

WARNING: Too many light styles on a face at (1398.000000, -1278.000122, -143.000000)

WARNING: Too many light styles on a face at (1398.000000, -1154.000000, -143.000000)

WARNING: Too many light styles on a face at (1707.500000, -1662.000000, -137.000000)

WARNING: Too many light styles on a face at (1784.000000, -1691.500000, -137.000000)

WARNING: Too many light styles on a face at (1784.000000, -1662.000000, -137.000000)

WARNING: Too many light styles on a face at (1775.000000, -1683.500000, -122.098389)

WARNING: Too many light styles on a face at (1784.000000, -1674.500000, -121.000000)

WARNING: Too many light styles on a face at (1519.500000, -1808.000000, 40.000000)

WARNING: Too many light styles on a face at (1516.000000, -1808.000000, 40.000000)
.
WARNING: Too many light styles on a face at (968.000000, -1400.000000, 47.000000)

WARNING: Too many light styles on a face at (968.000000, -1896.000122, 47.000000)

WARNING: Too many light styles on a face at (1023.000000, -1128.000000, 47.000000)

WARNING: Too many light styles on a face at (983.619324, -1145.000000, -107.723671)

WARNING: Too many light styles on a face at (968.543396, -1139.999878, -92.495888)

WARNING: Too many light styles on a face at (979.000000, -1890.000732, -143.000000)

WARNING: Too many light styles on a face at (979.000000, -2014.000854, -143.000000)

WARNING: Too many light styles on a face at (979.000000, -1766.000610, -143.000000)

WARNING: Too many light styles on a face at (979.000000, -1642.000488, -143.000000)

WARNING: Too many light styles on a face at (994.000000, -1118.000000, -143.000000)

WARNING: Too many light styles on a face at (979.000000, -1518.000366, -143.000000)

WARNING: Too many light styles on a face at (979.000000, -1394.000244, -143.000000)

WARNING: Too many light styles on a face at (979.000000, -1270.000122, -143.000000)

WARNING: Too many light styles on a face at (979.000000, -1146.000000, -143.000000)

WARNING: Too many light styles on a face at (968.000000, -1152.000000, -104.000008)

WARNING: Too many light styles on a face at (962.000000, -1895.500732, -143.000000)

WARNING: Too many light styles on a face at (962.000000, -2019.500854, -143.000000)

WARNING: Too many light styles on a face at (962.000000, -1771.500610, -143.000000)

WARNING: Too many light styles on a face at (962.000000, -1647.500488, -143.000000)

WARNING: Too many light styles on a face at (962.000000, -1523.500366, -143.000000)

WARNING: Too many light styles on a face at (962.000000, -1399.500244, -143.000000)

WARNING: Too many light styles on a face at (962.000000, -1275.500122, -143.000000)

WARNING: Too many light styles on a face at (962.000000, -1151.500000, -143.000000)

WARNING: Too many light styles on a face at (848.273010, -1064.000000, -15.000000)

WARNING: Too many light styles on a face at (834.000000, -1384.000000, 8.000000)

WARNING: Too many light styles on a face at (849.000000, -1082.159912, -33.356789)

WARNING: Too many light styles on a face at (849.000000, -1148.000000, -17.270081)

WARNING: Too many light styles on a face at (859.092834, -1145.000000, -36.172512)

WARNING: Too many light styles on a face at (854.767578, -1145.000000, -26.018253)

WARNING: Too many light styles on a face at (936.000000, -1080.000000, -143.000000)

WARNING: Too many light styles on a face at (952.500000, -1151.500000, -143.000000)

WARNING: Too many light styles on a face at (856.000000, -1148.000000, -143.000000)

WARNING: Too many light styles on a face at (952.500000, -1152.000000, -104.000000)

WARNING: Too many light styles on a face at (856.000000, -1160.000000, -143.000000)

WARNING: Too many light styles on a face at (840.000000, -1176.000000, -143.000000)

WARNING: Too many light styles on a face at (832.500000, -1169.000000, -29.270081)

WARNING: Too many light styles on a face at (839.419983, -1169.000000, -17.270081)

WARNING: Too many light styles on a face at (849.000000, -1161.079956, -17.270081)

WARNING: Too many light styles on a face at (856.816406, -1127.999878, -20.163126)

WARNING: Too many light styles on a face at (834.000000, -1384.000000, -20.000000)

WARNING: Too many light styles on a face at (933.840027, -1391.000000, -42.540161)

WARNING: Too many light styles on a face at (832.500000, -1176.000000, -25.000000)

WARNING: Too many light styles on a face at (709.000000, -1144.000000, 103.000000)

WARNING: Too many light styles on a face at (714.000000, -1029.000000, 103.000000)
.
WARNING: Too many light styles on a face at (721.000000, -1258.160034, 101.459839)

WARNING: Too many light styles on a face at (728.000000, -1224.000000, -143.000000)

WARNING: Too many light styles on a face at (789.540894, -1328.576050, -143.000000)

WARNING: Too many light styles on a face at (746.068604, -1194.562744, -143.000000)

WARNING: Too many light styles on a face at (728.000000, -1176.000000, -143.000000)

WARNING: Too many light styles on a face at (795.500000, -1176.000000, -143.000000)

WARNING: Too many light styles on a face at (794.420044, -1169.000000, -29.270081)

WARNING: Too many light styles on a face at (795.500000, -1176.000000, -25.000000)

WARNING: Too many light styles on a face at (794.419983, -1169.000000, -95.145081)

WARNING: Too many light styles on a face at (721.000000, -1306.160034, -26.540161)

WARNING: Too many light styles on a face at (722.000000, -1169.000000, -17.270081)

WARNING: Too many light styles on a face at (728.919983, -1169.000000, -29.270081)

WARNING: Too many light styles on a face at (726.919983, -1169.000000, -95.145081)

WARNING: Too many light styles on a face at (730.000000, -1176.000000, -25.000000)

WARNING: Too many light styles on a face at (747.474670, -1297.524536, -138.350266)

WARNING: Too many light styles on a face at (754.265564, -1291.427002, -141.769577)

WARNING: Too many light styles on a face at (731.347168, -1236.812988, -138.000000)

WARNING: Too many light styles on a face at (737.060059, -1256.500977, -141.000000)

WARNING: Too many light styles on a face at (984.000000, -2056.000000, 47.000000)

WARNING: Too many light styles on a face at (962.000000, -2050.000000, -143.000000)
.7...
WARNING: Too many light styles on a face at (-2920.000000, -1425.000000, -88.000000)

WARNING: Too many light styles on a face at (-3916.500000, -1648.000000, -143.000000)

WARNING: Too many light styles on a face at (-3792.000000, -1693.500000, -143.000000)

WARNING: Too many light styles on a face at (-3888.000000, -1336.000000, -143.000000)

WARNING: Too many light styles on a face at (-4087.500000, -1648.000000, -143.000000)

WARNING: Too many light styles on a face at (-4069.104980, -1808.000000, -143.000000)
8
WARNING: Too many light styles on a face at (-3234.500000, -1528.000000, -99.000000)

WARNING: Too many light styles on a face at (-3246.500000, -1528.000000, -99.000000)

WARNING: Too many light styles on a face at (-4073.209961, -2040.000000, -60.000000)
...
WARNING: Too many light styles on a face at (-4112.000000, -1872.000000, -143.000000)

WARNING: Too many light styles on a face at (-4208.000000, -1744.000000, -143.000000)

WARNING: Too many light styles on a face at (-4173.000000, -1674.000122, -33.718651)

WARNING: Too many light styles on a face at (-4173.000000, -1793.000000, -142.718994)

WARNING: Too many light styles on a face at (-4175.000000, -1978.000000, -56.000015)
9.
WARNING: Too many light styles on a face at (-1836.749390, 1915.116943, -33.592102)
.
WARNING: Too many light styles on a face at (1462.660034, 877.000122, -40.666653)

WARNING: Too many light styles on a face at (796.000000, -1238.500000, -88.000000)
.100...1...2...3...4...5...6...7...8...9...10transfers 81422505, max 2680
transfer lists: 621.2 megs
0...1...2...3...4...5...6...7...8...9...10	Bounce #1 added RGB(394489, 352018, 274609)
0...1...2...3...4...5...6...7...8...9...10	Bounce #2 added RGB(93033, 77886, 56400)
0...1...2...3...4...5...6...7...8...9...10	Bounce #3 added RGB(26869, 21896, 15258)
0...1...2...3...4...5...6...7...8...9...10	Bounce #4 added RGB(8083, 6636, 4832)
0...1...2...3...4...5...6...7...8...9...10	Bounce #5 added RGB(2757, 2328, 1778)
0...1...2...3...4...5...6...7...8...9...10	Bounce #6 added RGB(973, 861, 708)
0...1...2...3...4...5...6...7...8...9...10	Bounce #7 added RGB(373, 347, 302)
0...1...2...3...4...5...6...7...8...9...10	Bounce #8 added RGB(148, 145, 133)
0...1...2...3...4...5...6...7...8...9...10	Bounce #9 added RGB(61, 63, 60)
0...1...2...3...4...5...6...7...8...9...10	Bounce #10 added RGB(26, 28, 28)
0...1...2...3...4...5...6...7...8...9...10	Bounce #11 added RGB(11, 13, 13)
0...1...2...3...4...5...6...7...8...9...10	Bounce #12 added RGB(5, 6, 6)
0...1...2...3...4...5...6...7...8...9...10	Bounce #13 added RGB(2, 3, 3)
0...1...2...3...4...5...6...7...8...9...10	Bounce #14 added RGB(1, 1, 1)
0...1...2...3...4...5...6...7...8...9...10	Bounce #15 added RGB(0, 1, 1)
Build Patch/Sample Hash Table(s).....Done<0.1393 sec>
0...1...2...3...4...5...6...7...8...9...10FinalLightFace Done
Computing detail prop lighting : 0...1...2...3...4...5...6...7...8...9...10
0 of 0 (0% of) surface lights went in leaf ambient cubes.
0...1...2...3...4...5...6...7...8...9...10Writing leaf ambient...done
Ready to Finish

Object names       Objects/Maxobjs  Memory / Maxmem  Fullness 
------------       ---------------  ---------------  -------- 
models                 136/1024         6528/49152    (13.3%) 
brushes               2809/8192        33708/98304    (34.3%) 
brushsides           18310/65536      146480/524288   (27.9%) 
planes                7866/65536      157320/1310720  (12.0%) 
vertexes             21330/65536      255960/786432   (32.5%) 
nodes                 4277/65536      136864/2097152  ( 6.5%) 
texinfos              2383/12288      171576/884736   (19.4%) 
texdata                373/2048        11936/65536    (18.2%) 
dispinfos               89/0           15664/0        ( 0.0%) 
disp_verts            7401/0          148020/0        ( 0.0%) 
disp_tris            11776/0           23552/0        ( 0.0%) 
disp_lmsamples      273649/0          273649/0        ( 0.0%) 
faces                13237/65536      741272/3670016  (20.2%) 
hdr faces                0/65536           0/3670016  ( 0.0%) 
origfaces             7922/65536      443632/3670016  (12.1%) 
leaves                4414/65536      141248/2097152  ( 6.7%) 
leaffaces            15492/65536       30984/131072   (23.6%) 
leafbrushes           5497/65536       10994/131072   ( 8.4%) 
areas                    9/256            72/2048     ( 3.5%) 
surfedges            97793/512000     391172/2048000  (19.1%) 
edges                58488/256000     233952/1024000  (22.8%) 
LDR worldlights         65/8192         5720/720896   ( 0.8%) 
HDR worldlights          0/8192            0/720896   ( 0.0%) 
leafwaterdata            1/32768          12/393216   ( 0.0%) 
waterstrips           1610/32768       16100/327680   ( 4.9%) 
waterverts               0/65536           0/786432   ( 0.0%) 
waterindices         31497/65536       62994/131072   (48.1%) 
cubemapsamples          27/1024          432/16384    ( 2.6%) 
overlays                 0/512             0/180224   ( 0.0%) 
LDR lightdata         [variable]    31816252/0        ( 0.0%) 
HDR lightdata         [variable]           0/0        ( 0.0%) 
visdata               [variable]      453364/16777216 ( 2.7%) 
entdata               [variable]      629631/393216   (160.1%) VERY FULL!
LDR ambient table     4414/65536       17656/262144   ( 6.7%) 
HDR ambient table     4414/65536       17656/262144   ( 6.7%) 
LDR leaf ambient     12180/65536      341040/1835008  (18.6%) 
HDR leaf ambient      4414/65536      123592/1835008  ( 6.7%) 
occluders                0/0               0/0        ( 0.0%) 
occluder polygons        0/0               0/0        ( 0.0%) 
occluder vert ind        0/0               0/0        ( 0.0%) 
detail props          [variable]           1/84692    ( 0.0%) 
dtl prp lght          [variable]           1/26369    ( 0.0%) 
HDR dtl prp lght      [variable]           1/4        (25.0%) 
static props          [variable]           1/19756    ( 0.0%) 
pakfile               [variable]     3092310/0        ( 0.0%) 
physics               [variable]     2344038/4194304  (55.9%) 
physics terrain       [variable]           0/1048576  ( 0.0%) 

Level flags = 0

Total triangle count: 39562
Writing c:\users\viper\documents\github\vipersgitmapsrc\source_sdk_maps\smi\mapsrc\gmz_construct_build_2.bsp
7 minutes, 3 seconds elapsed



[Reading texlights from 'lights.rad']
[48 texlights parsed from 'lights.rad']

Loading c:\users\viper\documents\github\vipersgitmapsrc\source_sdk_maps\smi\mapsrc\gmz_construct_build_2.bsp
13237 faces
5 degenerate faces
10210386 square feet [1470295552.00 square inches]
89 Displacements
433326 Square Feet [62398972.00 Square Inches]
13232 patches before subdivision
288858 patches after subdivision
light has _fifty_percent_distance of 130.000000 but _zero_percent_distance of 0.000000
light has _fifty_percent_distance of 260.000000 but _zero_percent_distance of 0.000000
light has _fifty_percent_distance of 120.000000 but _zero_percent_distance of 0.000000
light has _fifty_percent_distance of 120.000000 but _zero_percent_distance of 0.000000
65 direct lights
0
WARNING: Too many light styles on a face at (841.722473, -1164.899902, 15.000000)

WARNING: Too many light styles on a face at (846.498169, -1148.001709, 15.000000)

WARNING: Too many light styles on a face at (1823.000000, 5217.000000, 168.000000)

WARNING: Too many light styles on a face at (1796.000000, -1284.000000, -9.000000)

WARNING: Too many light styles on a face at (1796.000000, -1161.000000, -12.000001)

WARNING: Too many light styles on a face at (-3962.000000, -1756.000000, -111.000000)
..
WARNING: Too many light styles on a face at (680.000000, -1000.000000, 111.000000)

WARNING: Too many light styles on a face at (847.493408, -1169.000000, 8.002345)

WARNING: Too many light styles on a face at (826.500000, -1169.000000, 8.000000)

WARNING: Too many light styles on a face at (846.495605, -1169.000000, 17.998045)
.1
WARNING: Too many light styles on a face at (-4049.000000, -1749.500000, -79.000000)

WARNING: Too many light styles on a face at (-3887.000000, -1657.500000, -79.000000)
.
WARNING: Too many light styles on a face at (830.000000, -1165.462524, 7.986484)

WARNING: Too many light styles on a face at (878.981506, -1145.000000, -10.167355)

WARNING: Too many light styles on a face at (854.146423, -1145.000000, 16.729593)

WARNING: Too many light styles on a face at (846.480103, -1145.000000, 7.795740)

WARNING: Too many light styles on a face at (846.513245, -1145.000000, 18.019802)

WARNING: Too many light styles on a face at (1002.385132, -1145.000000, -90.094002)

WARNING: Too many light styles on a face at (1042.457031, -1145.000000, -111.058594)

WARNING: Too many light styles on a face at (-3846.000000, -1613.000000, -109.000000)

WARNING: Too many light styles on a face at (-3930.000000, -1743.000000, -109.000000)

WARNING: Too many light styles on a face at (-3864.000000, -1657.000000, -109.000000)

WARNING: Too many light styles on a face at (-3848.000000, -1745.000000, -109.000000)

WARNING: Too many light styles on a face at (-3866.000000, -1789.000000, -109.000000)

WARNING: Too many light styles on a face at (1527.000000, 856.000000, 8.000000)
..2.
WARNING: Too many light styles on a face at (796.000000, -1238.500000, -93.875000)

WARNING: Too many light styles on a face at (796.000000, -1238.500000, -121.500000)
..3.
WARNING: Too many light styles on a face at (885.000000, -1142.000244, -11.793243)

WARNING: Too many light styles on a face at (854.000000, -1142.000000, 6.237094)

WARNING: Too many light styles on a face at (851.000000, -1165.500000, 8.000000)

WARNING: Too many light styles on a face at (851.000000, -1160.000000, 18.000000)

WARNING: Too many light styles on a face at (846.500000, -1142.000000, 21.000000)

WARNING: Too many light styles on a face at (831.236938, -1168.900146, 17.999548)

WARNING: Too many light styles on a face at (851.526367, -1142.000000, 19.993347)
.
WARNING: Too many light styles on a face at (807.000000, -1302.500000, -28.000002)

WARNING: Too many light styles on a face at (893.000000, -1128.770020, -104.000000)
.4
WARNING: Too many light styles on a face at (1791.000000, -1294.000000, -134.000015)

WARNING: Too many light styles on a face at (1791.000000, -1294.000000, -10.000000)

WARNING: Too many light styles on a face at (1791.000000, -1158.000000, -134.000015)

WARNING: Too many light styles on a face at (1791.000000, -1158.000000, -10.000000)

WARNING: Too many light styles on a face at (1791.000000, -1170.000122, -2.000000)

WARNING: Too many light styles on a face at (1791.000000, -1294.000000, -2.000000)

WARNING: Too many light styles on a face at (1029.759888, 6463.000000, 175.999985)

WARNING: Too many light styles on a face at (1687.222534, 6391.362305, 183.999969)

WARNING: Too many light styles on a face at (1770.500000, 5217.000000, 152.000000)

WARNING: Too many light styles on a face at (1653.000000, 5592.000000, 168.000000)

WARNING: Too many light styles on a face at (1659.000000, 5217.000000, 152.000000)
..
WARNING: Too many light styles on a face at (1679.000000, 2784.000000, 85.000000)

WARNING: Too many light styles on a face at (1679.000000, 2784.000000, 81.250000)

WARNING: Too many light styles on a face at (1679.000000, 3043.000000, 76.750000)

WARNING: Too many light styles on a face at (1679.000000, 2784.000000, 76.750000)
.5.
WARNING: Too many light styles on a face at (1538.663818, 1819.397705, -31.000000)

WARNING: Too many light styles on a face at (1234.544312, 1110.849976, -143.000015)

WARNING: Too many light styles on a face at (1168.000000, 1096.000000, -143.000000)

WARNING: Too many light styles on a face at (1176.625366, 1402.639526, -66.869148)

WARNING: Too many light styles on a face at (1168.000000, 1008.000000, -143.000000)

WARNING: Too many light styles on a face at (1239.421265, 906.999756, -143.000015)

WARNING: Too many light styles on a face at (1762.000000, 682.000000, -143.000000)

WARNING: Too many light styles on a face at (1714.000000, 689.000000, -143.000000)

WARNING: Too many light styles on a face at (1714.000000, 714.000000, -143.000000)

WARNING: Too many light styles on a face at (1202.000000, 350.000000, -143.000000)

WARNING: Too many light styles on a face at (1170.000000, 474.000000, -143.000000)

WARNING: Too many light styles on a face at (1282.000000, 6.000000, -143.000000)

WARNING: Too many light styles on a face at (1170.000000, 598.000000, -143.000000)

WARNING: Too many light styles on a face at (1290.000000, 666.000000, -143.000000)

WARNING: Too many light styles on a face at (1358.000000, 226.000000, -143.000000)

WARNING: Too many light styles on a face at (1294.000000, 350.000000, -143.000000)

WARNING: Too many light styles on a face at (1294.000000, 474.000000, -143.000000)

WARNING: Too many light styles on a face at (1294.000000, 566.000000, -143.000000)

WARNING: Too many light styles on a face at (1294.000000, 846.000000, -143.000000)

WARNING: Too many light styles on a face at (1466.000000, 722.000000, -143.000000)

WARNING: Too many light styles on a face at (1418.000000, 846.000000, -143.000000)

WARNING: Too many light styles on a face at (1542.000000, 722.000000, -143.000000)

WARNING: Too many light styles on a face at (1658.000000, 842.000000, -143.000000)

WARNING: Too many light styles on a face at (1666.000000, 722.000000, -143.000000)

WARNING: Too many light styles on a face at (1666.000000, 750.000000, -143.000000)

WARNING: Too many light styles on a face at (1340.540039, 849.059998, -142.000000)

WARNING: Too many light styles on a face at (1464.540039, 849.059998, -142.000000)

WARNING: Too many light styles on a face at (1227.080078, 884.119995, -142.000000)
.
WARNING: Too many light styles on a face at (1106.000000, 57.999992, -143.000000)

WARNING: Too many light styles on a face at (1090.000000, 134.000000, -142.000000)

WARNING: Too many light styles on a face at (1106.000000, -2.000000, -143.000000)

WARNING: Too many light styles on a face at (1246.000000, -126.000008, -143.000000)

WARNING: Too many light styles on a face at (1342.000000, -50.000004, -143.000000)
.
WARNING: Too many light styles on a face at (1791.000000, -1145.079956, 46.729919)

WARNING: Too many light styles on a face at (1543.129395, -1058.000000, -143.000000)

WARNING: Too many light styles on a face at (1667.129639, -1058.000000, -143.000000)

WARNING: Too many light styles on a face at (1419.129395, -1058.000000, -143.000000)

WARNING: Too many light styles on a face at (1295.129150, -1058.000000, -143.000000)

WARNING: Too many light styles on a face at (1646.000000, -1146.000000, -143.000000)

WARNING: Too many light styles on a face at (1186.000000, -1058.000000, -143.000000)

WARNING: Too many light styles on a face at (1770.000000, -1146.000000, -143.000000)

WARNING: Too many light styles on a face at (1110.000000, -1058.000000, -143.000000)

WARNING: Too many light styles on a face at (1522.000000, -1146.000000, -143.000000)

WARNING: Too many light styles on a face at (1398.000000, -1146.000000, -143.000000)

WARNING: Too many light styles on a face at (1274.000000, -1146.000000, -143.000000)

WARNING: Too many light styles on a face at (1150.000000, -1146.000000, -143.000000)

WARNING: Too many light styles on a face at (1026.000000, -1146.000000, -143.000000)

WARNING: Too many light styles on a face at (1157.839966, -1057.000000, 46.660004)

WARNING: Too many light styles on a face at (1526.920044, -1057.000000, 46.660004)

WARNING: Too many light styles on a face at (1160.000000, -1064.000000, 47.000000)

WARNING: Too many light styles on a face at (1528.000000, -1064.000000, 47.000000)

WARNING: Too many light styles on a face at (1030.474854, -1145.000000, -138.916702)

WARNING: Too many light styles on a face at (1032.543335, -1095.999878, -133.929916)

WARNING: Too many light styles on a face at (1791.000000, -1801.619995, 46.660004)

WARNING: Too many light styles on a face at (1791.000000, -1305.620117, 46.660004)

WARNING: Too many light styles on a face at (1791.000000, -1808.500000, -17.270081)
6
WARNING: Too many light styles on a face at (1791.000000, -1655.079956, -141.000000)

WARNING: Too many light styles on a face at (1791.000000, -1801.079956, -17.270081)

WARNING: Too many light styles on a face at (1791.000000, -1684.579956, -17.270081)

WARNING: Too many light styles on a face at (1791.000000, -1157.079956, 46.729919)

WARNING: Too many light styles on a face at (1791.000000, -1289.119995, 46.660004)

WARNING: Too many light styles on a face at (1791.000000, -1667.579956, -17.270081)

WARNING: Too many light styles on a face at (1804.000000, -1164.000000, -9.000000)

WARNING: Too many light styles on a face at (1794.000000, -1162.000000, -143.000000)

WARNING: Too many light styles on a face at (1802.000000, -1162.000000, -143.000000)

WARNING: Too many light styles on a face at (1516.500000, -1160.000000, 47.000000)

WARNING: Too many light styles on a face at (1803.445313, -1161.000000, -10.009998)

WARNING: Too many light styles on a face at (1516.500000, -1656.000122, 47.000000)

WARNING: Too many light styles on a face at (1032.000000, -1160.000000, 47.000000)

WARNING: Too many light styles on a face at (1032.000000, -1656.000122, 47.000000)

WARNING: Too many light styles on a face at (1519.500000, -1650.000488, -143.000000)

WARNING: Too many light styles on a face at (1519.500000, -1774.000610, -143.000000)

WARNING: Too many light styles on a face at (1519.500000, -1526.000366, -143.000000)

WARNING: Too many light styles on a face at (1519.500000, -1402.000244, -143.000000)

WARNING: Too many light styles on a face at (1519.500000, -1278.000122, -143.000000)

WARNING: Too many light styles on a face at (1519.500000, -1154.000000, -143.000000)

WARNING: Too many light styles on a face at (1643.500000, -1650.000488, -143.000000)

WARNING: Too many light styles on a face at (1643.500000, -1774.000610, -143.000000)

WARNING: Too many light styles on a face at (1643.500000, -1526.000366, -143.000000)

WARNING: Too many light styles on a face at (1643.500000, -1402.000244, -143.000000)

WARNING: Too many light styles on a face at (1643.500000, -1278.000122, -143.000000)

WARNING: Too many light styles on a face at (1643.500000, -1154.000000, -143.000000)

WARNING: Too many light styles on a face at (1643.500000, -1808.500000, -143.000000)

WARNING: Too many light styles on a face at (1519.500000, -1808.500000, -143.000000)

WARNING: Too many light styles on a face at (1703.500000, -1526.000366, -143.000000)

WARNING: Too many light styles on a face at (1703.500000, -1650.000488, -143.000000)

WARNING: Too many light styles on a face at (1703.500000, -1402.000244, -143.000000)

WARNING: Too many light styles on a face at (1703.500000, -1278.000122, -143.000000)

WARNING: Too many light styles on a face at (1703.500000, -1154.000000, -143.000000)

WARNING: Too many light styles on a face at (1514.500000, -1650.000488, -143.000000)

WARNING: Too many light styles on a face at (1514.500000, -1774.000610, -143.000000)

WARNING: Too many light styles on a face at (1514.500000, -1526.000366, -143.000000)

WARNING: Too many light styles on a face at (1514.500000, -1402.000244, -143.000000)

WARNING: Too many light styles on a face at (1514.500000, -1278.000122, -143.000000)

WARNING: Too many light styles on a face at (1514.500000, -1154.000000, -143.000000)

WARNING: Too many light styles on a face at (1026.000000, -1898.000732, -143.000000)

WARNING: Too many light styles on a face at (1026.000000, -2022.000854, -143.000000)

WARNING: Too many light styles on a face at (1026.000000, -1774.000610, -143.000000)

WARNING: Too many light styles on a face at (1026.000000, -1650.000488, -143.000000)

WARNING: Too many light styles on a face at (1026.000000, -1526.000366, -143.000000)

WARNING: Too many light styles on a face at (1026.000000, -1402.000244, -143.000000)

WARNING: Too many light styles on a face at (1026.000000, -1278.000122, -143.000000)

WARNING: Too many light styles on a face at (1026.000000, -1154.000000, -143.000000)

WARNING: Too many light styles on a face at (1150.000000, -1898.000732, -143.000000)

WARNING: Too many light styles on a face at (1150.000000, -1774.000610, -143.000000)

WARNING: Too many light styles on a face at (1150.000000, -1650.000488, -143.000000)

WARNING: Too many light styles on a face at (1150.000000, -1526.000366, -143.000000)

WARNING: Too many light styles on a face at (1150.000000, -1402.000244, -143.000000)

WARNING: Too many light styles on a face at (1150.000000, -1278.000122, -143.000000)

WARNING: Too many light styles on a face at (1150.000000, -1154.000000, -143.000000)

WARNING: Too many light styles on a face at (1274.000000, -1898.000732, -143.000000)

WARNING: Too many light styles on a face at (1274.000000, -1774.000610, -143.000000)

WARNING: Too many light styles on a face at (1274.000000, -1650.000488, -143.000000)

WARNING: Too many light styles on a face at (1274.000000, -1526.000366, -143.000000)

WARNING: Too many light styles on a face at (1274.000000, -1402.000244, -143.000000)

WARNING: Too many light styles on a face at (1274.000000, -1278.000122, -143.000000)

WARNING: Too many light styles on a face at (1274.000000, -1154.000000, -143.000000)

WARNING: Too many light styles on a face at (1398.000000, -1774.000610, -143.000000)

WARNING: Too many light styles on a face at (1398.000000, -1650.000488, -143.000000)

WARNING: Too many light styles on a face at (1398.000000, -1526.000366, -143.000000)

WARNING: Too many light styles on a face at (1398.000000, -1402.000244, -143.000000)

WARNING: Too many light styles on a face at (1398.000000, -1278.000122, -143.000000)

WARNING: Too many light styles on a face at (1398.000000, -1154.000000, -143.000000)

WARNING: Too many light styles on a face at (1707.500000, -1662.000000, -137.000000)

WARNING: Too many light styles on a face at (1784.000000, -1691.500000, -137.000000)

WARNING: Too many light styles on a face at (1784.000000, -1662.000000, -137.000000)

WARNING: Too many light styles on a face at (1775.000000, -1683.500000, -122.098389)

WARNING: Too many light styles on a face at (1784.000000, -1674.500000, -121.000000)

WARNING: Too many light styles on a face at (1519.500000, -1808.000000, 40.000000)

WARNING: Too many light styles on a face at (1516.000000, -1808.000000, 40.000000)
.
WARNING: Too many light styles on a face at (968.000000, -1400.000000, 47.000000)

WARNING: Too many light styles on a face at (968.000000, -1896.000122, 47.000000)

WARNING: Too many light styles on a face at (1023.000000, -1128.000000, 47.000000)

WARNING: Too many light styles on a face at (983.619324, -1145.000000, -107.723671)

WARNING: Too many light styles on a face at (968.543396, -1139.999878, -92.495888)

WARNING: Too many light styles on a face at (979.000000, -1890.000732, -143.000000)

WARNING: Too many light styles on a face at (979.000000, -2014.000854, -143.000000)

WARNING: Too many light styles on a face at (979.000000, -1766.000610, -143.000000)

WARNING: Too many light styles on a face at (994.000000, -1118.000000, -143.000000)

WARNING: Too many light styles on a face at (979.000000, -1642.000488, -143.000000)

WARNING: Too many light styles on a face at (979.000000, -1518.000366, -143.000000)

WARNING: Too many light styles on a face at (979.000000, -1394.000244, -143.000000)

WARNING: Too many light styles on a face at (979.000000, -1270.000122, -143.000000)

WARNING: Too many light styles on a face at (979.000000, -1146.000000, -143.000000)

WARNING: Too many light styles on a face at (968.000000, -1152.000000, -104.000008)

WARNING: Too many light styles on a face at (962.000000, -1895.500732, -143.000000)

WARNING: Too many light styles on a face at (962.000000, -2019.500854, -143.000000)

WARNING: Too many light styles on a face at (962.000000, -1771.500610, -143.000000)

WARNING: Too many light styles on a face at (962.000000, -1647.500488, -143.000000)

WARNING: Too many light styles on a face at (962.000000, -1523.500366, -143.000000)

WARNING: Too many light styles on a face at (962.000000, -1399.500244, -143.000000)

WARNING: Too many light styles on a face at (962.000000, -1275.500122, -143.000000)

WARNING: Too many light styles on a face at (962.000000, -1151.500000, -143.000000)

WARNING: Too many light styles on a face at (848.273010, -1064.000000, -15.000000)

WARNING: Too many light styles on a face at (834.000000, -1384.000000, 8.000000)

WARNING: Too many light styles on a face at (849.000000, -1082.159912, -33.356789)

WARNING: Too many light styles on a face at (849.000000, -1148.000000, -17.270081)

WARNING: Too many light styles on a face at (859.092834, -1145.000000, -36.172512)

WARNING: Too many light styles on a face at (854.767578, -1145.000000, -26.018253)

WARNING: Too many light styles on a face at (936.000000, -1080.000000, -143.000000)

WARNING: Too many light styles on a face at (952.500000, -1152.000000, -104.000000)

WARNING: Too many light styles on a face at (952.500000, -1151.500000, -143.000000)

WARNING: Too many light styles on a face at (856.000000, -1148.000000, -143.000000)

WARNING: Too many light styles on a face at (856.816406, -1127.999878, -20.163126)

WARNING: Too many light styles on a face at (856.000000, -1160.000000, -143.000000)

WARNING: Too many light styles on a face at (840.000000, -1176.000000, -143.000000)

WARNING: Too many light styles on a face at (832.500000, -1169.000000, -29.270081)

WARNING: Too many light styles on a face at (839.419983, -1169.000000, -17.270081)

WARNING: Too many light styles on a face at (849.000000, -1161.079956, -17.270081)

WARNING: Too many light styles on a face at (834.000000, -1384.000000, -20.000000)

WARNING: Too many light styles on a face at (832.500000, -1176.000000, -25.000000)

WARNING: Too many light styles on a face at (933.840027, -1391.000000, -42.540161)

WARNING: Too many light styles on a face at (709.000000, -1144.000000, 103.000000)

WARNING: Too many light styles on a face at (714.000000, -1029.000000, 103.000000)
.
WARNING: Too many light styles on a face at (721.000000, -1258.160034, 101.459839)

WARNING: Too many light styles on a face at (728.000000, -1224.000000, -143.000000)

WARNING: Too many light styles on a face at (789.540894, -1328.576050, -143.000000)

WARNING: Too many light styles on a face at (746.068604, -1194.562744, -143.000000)

WARNING: Too many light styles on a face at (728.000000, -1176.000000, -143.000000)

WARNING: Too many light styles on a face at (795.500000, -1176.000000, -143.000000)

WARNING: Too many light styles on a face at (794.420044, -1169.000000, -29.270081)

WARNING: Too many light styles on a face at (795.500000, -1176.000000, -25.000000)

WARNING: Too many light styles on a face at (794.419983, -1169.000000, -95.145081)

WARNING: Too many light styles on a face at (722.000000, -1169.000000, -17.270081)

WARNING: Too many light styles on a face at (721.000000, -1306.160034, -26.540161)

WARNING: Too many light styles on a face at (728.919983, -1169.000000, -29.270081)

WARNING: Too many light styles on a face at (726.919983, -1169.000000, -95.145081)

WARNING: Too many light styles on a face at (730.000000, -1176.000000, -25.000000)

WARNING: Too many light styles on a face at (754.265564, -1291.427002, -141.769577)

WARNING: Too many light styles on a face at (731.347168, -1236.812988, -138.000000)

WARNING: Too many light styles on a face at (747.474670, -1297.524536, -138.350266)

WARNING: Too many light styles on a face at (737.060059, -1256.500977, -141.000000)

WARNING: Too many light styles on a face at (984.000000, -2056.000000, 47.000000)

WARNING: Too many light styles on a face at (962.000000, -2050.000000, -143.000000)
.7...
WARNING: Too many light styles on a face at (-2920.000000, -1425.000000, -88.000000)

WARNING: Too many light styles on a face at (-3916.500000, -1648.000000, -143.000000)

WARNING: Too many light styles on a face at (-3792.000000, -1693.500000, -143.000000)

WARNING: Too many light styles on a face at (-3888.000000, -1336.000000, -143.000000)

WARNING: Too many light styles on a face at (-4087.500000, -1648.000000, -143.000000)

WARNING: Too many light styles on a face at (-4069.104980, -1808.000000, -143.000000)
8
WARNING: Too many light styles on a face at (-3234.500000, -1528.000000, -99.000000)

WARNING: Too many light styles on a face at (-3246.500000, -1528.000000, -99.000000)

WARNING: Too many light styles on a face at (-4073.209961, -2040.000000, -60.000000)
...
WARNING: Too many light styles on a face at (-4112.000000, -1872.000000, -143.000000)

WARNING: Too many light styles on a face at (-4208.000000, -1744.000000, -143.000000)

WARNING: Too many light styles on a face at (-4173.000000, -1674.000122, -33.718651)

WARNING: Too many light styles on a face at (-4173.000000, -1793.000000, -142.718994)

WARNING: Too many light styles on a face at (-4175.000000, -1978.000000, -56.000015)
9.
WARNING: Too many light styles on a face at (-1836.749390, 1915.116943, -33.592102)
.
WARNING: Too many light styles on a face at (1462.660034, 877.000122, -40.666653)

WARNING: Too many light styles on a face at (796.000000, -1238.500000, -88.000000)
.100...1...2...3...